<?xml version="1.0" encoding="UTF-8"?>
<testsuites name="Run all test cases" time="2776.893" tests="71" failures="16" errors="1">
   <testsuite name="Run all test cases" tests="71" failures="16" errors="1" time="2776.893" skipped="0" timestamp="2021-05-28 21:36:59" hostname="tanth - DESKTOP-0HE72I0" id="Test Suites/Run all test cases">
      <properties>
         <property name="deviceName" value=""/>
         <property name="devicePlatform" value=""/>
         <property name="logFolder" value="C:\\Users\\tanth\\git\\katalon\\Reports\\20210528_213632\\Run all test cases\\20210528_213632"/>
         <property name="logFiles" value="C:\\Users\\tanth\\git\\katalon\\Reports\\20210528_213632\\Run all test cases\\20210528_213632\\execution0.log"/>
         <property name="attachments" value="C:\\Users\\tanth\\git\\katalon\\Reports\\20210528_213632\\Run all test cases\\20210528_213632\\1622212931534.png, C:\\Users\\tanth\\git\\katalon\\Reports\\20210528_213632\\Run all test cases\\20210528_213632\\1622213371979.png, C:\\Users\\tanth\\git\\katalon\\Reports\\20210528_213632\\Run all test cases\\20210528_213632\\1622214231540.png, C:\\Users\\tanth\\git\\katalon\\Reports\\20210528_213632\\Run all test cases\\20210528_213632\\1622214231763.png, C:\\Users\\tanth\\git\\katalon\\Reports\\20210528_213632\\Run all test cases\\20210528_213632\\1622214347008.png, C:\\Users\\tanth\\git\\katalon\\Reports\\20210528_213632\\Run all test cases\\20210528_213632\\1622214467541.png, C:\\Users\\tanth\\git\\katalon\\Reports\\20210528_213632\\Run all test cases\\20210528_213632\\1622214658399.png, C:\\Users\\tanth\\git\\katalon\\Reports\\20210528_213632\\Run all test cases\\20210528_213632\\1622214796456.png, C:\\Users\\tanth\\git\\katalon\\Reports\\20210528_213632\\Run all test cases\\20210528_213632\\1622214908081.png, C:\\Users\\tanth\\git\\katalon\\Reports\\20210528_213632\\Run all test cases\\20210528_213632\\1622214955121.png, C:\\Users\\tanth\\git\\katalon\\Reports\\20210528_213632\\Run all test cases\\20210528_213632\\1622215002337.png, C:\\Users\\tanth\\git\\katalon\\Reports\\20210528_213632\\Run all test cases\\20210528_213632\\1622215052312.png, C:\\Users\\tanth\\git\\katalon\\Reports\\20210528_213632\\Run all test cases\\20210528_213632\\1622215098992.png, C:\\Users\\tanth\\git\\katalon\\Reports\\20210528_213632\\Run all test cases\\20210528_213632\\1622215146597.png, C:\\Users\\tanth\\git\\katalon\\Reports\\20210528_213632\\Run all test cases\\20210528_213632\\1622215194213.png, C:\\Users\\tanth\\git\\katalon\\Reports\\20210528_213632\\Run all test cases\\20210528_213632\\1622215283384.png, C:\\Users\\tanth\\git\\katalon\\Reports\\20210528_213632\\Run all test cases\\20210528_213632\\1622215337995.png"/>
         <property name="hostName" value="tanth - DESKTOP-0HE72I0"/>
         <property name="os" value="Windows 10 64bit"/>
         <property name="katalonVersion" value="8.0.0.208"/>
         <property name="browser" value="Chrome 90.0.4430.212"/>
         <property name="hostAddress" value="192.168.243.2"/>
         <property name="sessionId" value="1464ccafa5ab8b63e3f87428346ebcc2"/>
         <property name="seleniumVersion" value="3.141.59"/>
         <property name="proxyInformation" value="ProxyInformation { proxyOption=NO_PROXY, proxyServerType=HTTP, username=, password=********, proxyServerAddress=, proxyServerPort=0, executionList=&quot;&quot;, isApplyToDesiredCapabilities=true }"/>
         <property name="platform" value="Windows 10"/>
      </properties>
      <testcase name="Test Cases/Chat" time="139.148" classname="Test Cases/Chat" status="PASSED">
         <system-out><![CDATA[2021-05-28 21:37:02 - [TEST_CASE][PASSED] - Test Cases/Chat: Test Cases/Chat

2021-05-28 21:37:04 - [TEST_STEP][PASSED] - openBrowser(""): Browser is opened with url: ''

2021-05-28 21:37:05 - [MESSAGE][INFO] - Starting 'Chrome' driver

2021-05-28 21:37:06 - [MESSAGE][INFO] - Action delay is set to 0 milliseconds

2021-05-28 21:37:10 - [MESSAGE][PASSED] - Browser is opened with url: ''

2021-05-28 21:37:10 - [TEST_STEP][PASSED] - navigateToUrl("https://cdnc-group2.herokuapp.com/"): Navigate to 'https://cdnc-group2.herokuapp.com/' successfully

2021-05-28 21:37:15 - [MESSAGE][PASSED] - Navigate to 'https://cdnc-group2.herokuapp.com/' successfully

2021-05-28 21:37:15 - [TEST_STEP][PASSED] - setText(findTestObject("Object Repository/Chat_Mattermose_OR/Page_Mattermost/input_All team communication in one place, _dcc84b"), "ngoctin040999@gmail.com"): Text 'ngoctin040999@gmail.com' is set on object 'Object Repository/Chat_Mattermose_OR/Page_Mattermost/input_All team communication in one place, _dcc84b'

2021-05-28 21:37:21 - [MESSAGE][PASSED] - Text 'ngoctin040999@gmail.com' is set on object 'Object Repository/Chat_Mattermose_OR/Page_Mattermost/input_All team communication in one place, _dcc84b'

2021-05-28 21:37:21 - [TEST_STEP][PASSED] - setEncryptedText(findTestObject("Object Repository/Chat_Mattermose_OR/Page_Mattermost/input_All team communication in one place, _a3edc6"), "S8w1SJvl7D1hts9IdMV+NQ=="): Text ****** has been set on object 'Object Repository/Chat_Mattermose_OR/Page_Mattermost/input_All team communication in one place, _a3edc6'

2021-05-28 21:37:22 - [MESSAGE][PASSED] - Text ****** has been set on object 'Object Repository/Chat_Mattermose_OR/Page_Mattermost/input_All team communication in one place, _a3edc6'

2021-05-28 21:37:22 - [TEST_STEP][PASSED] - sendKeys(findTestObject("Object Repository/Chat_Mattermose_OR/Page_Mattermost/input_All team communication in one place, _a3edc6"), Keys.chord(ENTER)): Keys 'ENTER + ' sent to object: 'Object Repository/Chat_Mattermose_OR/Page_Mattermost/input_All team communication in one place, _a3edc6'

2021-05-28 21:37:22 - [MESSAGE][PASSED] - Keys 'ENTER + ' sent to object: 'Object Repository/Chat_Mattermose_OR/Page_Mattermost/input_All team communication in one place, _a3edc6'

2021-05-28 21:37:22 - [TEST_STEP][PASSED] - click(findTestObject("Object Repository/Chat_Mattermose_OR/Page_Town Square - TOKEN Mattermost/span_Test 77777")): Object: 'Object Repository/Chat_Mattermose_OR/Page_Town Square - TOKEN Mattermost/span_Test 77777' is clicked on

2021-05-28 21:37:54 - [MESSAGE][INFO] - Unable to find the element located by 'By.xpath: //a[@id='sidebarItem_test-77777']/span[2]/span'. Please recheck the objects properties to make sure the desired element is located. 

2021-05-28 21:37:54 - [MESSAGE][WARNING] - [SELF-HEALING] Failed to find element with id 'Object Repository/Chat_Mattermose_OR/Page_Town Square - TOKEN Mattermost/span_Test 77777'. Try using Self-healing.

2021-05-28 21:37:55 - [MESSAGE][WARNING] - [SELF-HEALING] The current locator of test object 'Object Repository/Chat_Mattermose_OR/Page_Town Square - TOKEN Mattermost/span_Test 77777' was broken. Propose an alternative one: '(.//*[normalize-space(text()) and normalize-space(.)='Test 111223'])[1]/preceding::span[2]'.

2021-05-28 21:37:55 - [MESSAGE][PASSED] - Object: 'Object Repository/Chat_Mattermose_OR/Page_Town Square - TOKEN Mattermost/span_Test 77777' is clicked on

2021-05-28 21:37:55 - [TEST_STEP][PASSED] - data = chatMessagePackage.ChatMessageDataTest.findChatTestMessage("DataTest\ChatMessageDataTest.csv"): chatMessagePackage.ChatMessageDataTest.findChatTestMessage is PASSED

2021-05-28 21:37:55 - [MESSAGE][PASSED] - chatMessagePackage.ChatMessageDataTest.findChatTestMessage is PASSED

2021-05-28 21:37:55 - [TEST_STEP][PASSED] - for ([rowNum = 0, rowNum < data.size(), (rowNum++)]): Keys 'ENTER + ' sent to object: 'Object Repository/Chat_Mattermose_OR/Page_Test 77777 - TOKEN Mattermost/textarea_1'

2021-05-28 21:37:55 - [TEST_STEP][PASSED] - setText(findTestObject("Object Repository/Chat_Mattermose_OR/Page_Test 77777 - TOKEN Mattermost/textarea_1"), data.get(rowNum)): Text 'Message' is set on object 'Object Repository/Chat_Mattermose_OR/Page_Test 77777 - TOKEN Mattermost/textarea_1'

2021-05-28 21:37:58 - [MESSAGE][PASSED] - Text 'Message' is set on object 'Object Repository/Chat_Mattermose_OR/Page_Test 77777 - TOKEN Mattermost/textarea_1'

2021-05-28 21:37:58 - [TEST_STEP][PASSED] - sendKeys(findTestObject("Object Repository/Chat_Mattermose_OR/Page_Test 77777 - TOKEN Mattermost/textarea_1"), Keys.chord(ENTER)): Keys 'ENTER + ' sent to object: 'Object Repository/Chat_Mattermose_OR/Page_Test 77777 - TOKEN Mattermost/textarea_1'

2021-05-28 21:37:59 - [MESSAGE][PASSED] - Keys 'ENTER + ' sent to object: 'Object Repository/Chat_Mattermose_OR/Page_Test 77777 - TOKEN Mattermost/textarea_1'

2021-05-28 21:37:59 - [TEST_STEP][PASSED] - setText(findTestObject("Object Repository/Chat_Mattermose_OR/Page_Test 77777 - TOKEN Mattermost/textarea_1"), data.get(rowNum)): Text 'Test message 1' is set on object 'Object Repository/Chat_Mattermose_OR/Page_Test 77777 - TOKEN Mattermost/textarea_1'

2021-05-28 21:38:00 - [MESSAGE][PASSED] - Text 'Test message 1' is set on object 'Object Repository/Chat_Mattermose_OR/Page_Test 77777 - TOKEN Mattermost/textarea_1'

2021-05-28 21:38:00 - [TEST_STEP][PASSED] - sendKeys(findTestObject("Object Repository/Chat_Mattermose_OR/Page_Test 77777 - TOKEN Mattermost/textarea_1"), Keys.chord(ENTER)): Keys 'ENTER + ' sent to object: 'Object Repository/Chat_Mattermose_OR/Page_Test 77777 - TOKEN Mattermost/textarea_1'

2021-05-28 21:38:01 - [MESSAGE][PASSED] - Keys 'ENTER + ' sent to object: 'Object Repository/Chat_Mattermose_OR/Page_Test 77777 - TOKEN Mattermost/textarea_1'

2021-05-28 21:38:01 - [TEST_STEP][PASSED] - setText(findTestObject("Object Repository/Chat_Mattermose_OR/Page_Test 77777 - TOKEN Mattermost/textarea_1"), data.get(rowNum)): Text 'Test message 2' is set on object 'Object Repository/Chat_Mattermose_OR/Page_Test 77777 - TOKEN Mattermost/textarea_1'

2021-05-28 21:38:03 - [MESSAGE][PASSED] - Text 'Test message 2' is set on object 'Object Repository/Chat_Mattermose_OR/Page_Test 77777 - TOKEN Mattermost/textarea_1'

2021-05-28 21:38:03 - [TEST_STEP][PASSED] - sendKeys(findTestObject("Object Repository/Chat_Mattermose_OR/Page_Test 77777 - TOKEN Mattermost/textarea_1"), Keys.chord(ENTER)): Keys 'ENTER + ' sent to object: 'Object Repository/Chat_Mattermose_OR/Page_Test 77777 - TOKEN Mattermost/textarea_1'

2021-05-28 21:38:04 - [MESSAGE][PASSED] - Keys 'ENTER + ' sent to object: 'Object Repository/Chat_Mattermose_OR/Page_Test 77777 - TOKEN Mattermost/textarea_1'

2021-05-28 21:38:04 - [TEST_STEP][PASSED] - setText(findTestObject("Object Repository/Chat_Mattermose_OR/Page_Test 77777 - TOKEN Mattermost/textarea_1"), data.get(rowNum)): Text 'Test message 3' is set on object 'Object Repository/Chat_Mattermose_OR/Page_Test 77777 - TOKEN Mattermost/textarea_1'

2021-05-28 21:38:06 - [MESSAGE][PASSED] - Text 'Test message 3' is set on object 'Object Repository/Chat_Mattermose_OR/Page_Test 77777 - TOKEN Mattermost/textarea_1'

2021-05-28 21:38:06 - [TEST_STEP][PASSED] - sendKeys(findTestObject("Object Repository/Chat_Mattermose_OR/Page_Test 77777 - TOKEN Mattermost/textarea_1"), Keys.chord(ENTER)): Keys 'ENTER + ' sent to object: 'Object Repository/Chat_Mattermose_OR/Page_Test 77777 - TOKEN Mattermost/textarea_1'

2021-05-28 21:38:07 - [MESSAGE][PASSED] - Keys 'ENTER + ' sent to object: 'Object Repository/Chat_Mattermose_OR/Page_Test 77777 - TOKEN Mattermost/textarea_1'

2021-05-28 21:38:07 - [TEST_STEP][PASSED] - setText(findTestObject("Object Repository/Chat_Mattermose_OR/Page_Test 77777 - TOKEN Mattermost/textarea_1"), data.get(rowNum)): Text 'Test message 4' is set on object 'Object Repository/Chat_Mattermose_OR/Page_Test 77777 - TOKEN Mattermost/textarea_1'

2021-05-28 21:38:08 - [MESSAGE][PASSED] - Text 'Test message 4' is set on object 'Object Repository/Chat_Mattermose_OR/Page_Test 77777 - TOKEN Mattermost/textarea_1'

2021-05-28 21:38:08 - [TEST_STEP][PASSED] - sendKeys(findTestObject("Object Repository/Chat_Mattermose_OR/Page_Test 77777 - TOKEN Mattermost/textarea_1"), Keys.chord(ENTER)): Keys 'ENTER + ' sent to object: 'Object Repository/Chat_Mattermose_OR/Page_Test 77777 - TOKEN Mattermost/textarea_1'

2021-05-28 21:38:09 - [MESSAGE][PASSED] - Keys 'ENTER + ' sent to object: 'Object Repository/Chat_Mattermose_OR/Page_Test 77777 - TOKEN Mattermost/textarea_1'

2021-05-28 21:38:09 - [TEST_STEP][PASSED] - setText(findTestObject("Object Repository/Chat_Mattermose_OR/Page_Test 77777 - TOKEN Mattermost/textarea_1"), data.get(rowNum)): Text 'Test message 5' is set on object 'Object Repository/Chat_Mattermose_OR/Page_Test 77777 - TOKEN Mattermost/textarea_1'

2021-05-28 21:38:11 - [MESSAGE][PASSED] - Text 'Test message 5' is set on object 'Object Repository/Chat_Mattermose_OR/Page_Test 77777 - TOKEN Mattermost/textarea_1'

2021-05-28 21:38:11 - [TEST_STEP][PASSED] - sendKeys(findTestObject("Object Repository/Chat_Mattermose_OR/Page_Test 77777 - TOKEN Mattermost/textarea_1"), Keys.chord(ENTER)): Keys 'ENTER + ' sent to object: 'Object Repository/Chat_Mattermose_OR/Page_Test 77777 - TOKEN Mattermost/textarea_1'

2021-05-28 21:38:11 - [MESSAGE][PASSED] - Keys 'ENTER + ' sent to object: 'Object Repository/Chat_Mattermose_OR/Page_Test 77777 - TOKEN Mattermost/textarea_1'

2021-05-28 21:38:11 - [TEST_STEP][PASSED] - setText(findTestObject("Object Repository/Chat_Mattermose_OR/Page_Test 77777 - TOKEN Mattermost/textarea_1"), data.get(rowNum)): Text 'Test message 6' is set on object 'Object Repository/Chat_Mattermose_OR/Page_Test 77777 - TOKEN Mattermost/textarea_1'

2021-05-28 21:38:13 - [MESSAGE][PASSED] - Text 'Test message 6' is set on object 'Object Repository/Chat_Mattermose_OR/Page_Test 77777 - TOKEN Mattermost/textarea_1'

2021-05-28 21:38:13 - [TEST_STEP][PASSED] - sendKeys(findTestObject("Object Repository/Chat_Mattermose_OR/Page_Test 77777 - TOKEN Mattermost/textarea_1"), Keys.chord(ENTER)): Keys 'ENTER + ' sent to object: 'Object Repository/Chat_Mattermose_OR/Page_Test 77777 - TOKEN Mattermost/textarea_1'

2021-05-28 21:38:13 - [MESSAGE][PASSED] - Keys 'ENTER + ' sent to object: 'Object Repository/Chat_Mattermose_OR/Page_Test 77777 - TOKEN Mattermost/textarea_1'

2021-05-28 21:38:13 - [TEST_STEP][PASSED] - setText(findTestObject("Object Repository/Chat_Mattermose_OR/Page_Test 77777 - TOKEN Mattermost/textarea_1"), data.get(rowNum)): Text 'Test message 7' is set on object 'Object Repository/Chat_Mattermose_OR/Page_Test 77777 - TOKEN Mattermost/textarea_1'

2021-05-28 21:38:15 - [MESSAGE][PASSED] - Text 'Test message 7' is set on object 'Object Repository/Chat_Mattermose_OR/Page_Test 77777 - TOKEN Mattermost/textarea_1'

2021-05-28 21:38:15 - [TEST_STEP][PASSED] - sendKeys(findTestObject("Object Repository/Chat_Mattermose_OR/Page_Test 77777 - TOKEN Mattermost/textarea_1"), Keys.chord(ENTER)): Keys 'ENTER + ' sent to object: 'Object Repository/Chat_Mattermose_OR/Page_Test 77777 - TOKEN Mattermost/textarea_1'

2021-05-28 21:38:15 - [MESSAGE][PASSED] - Keys 'ENTER + ' sent to object: 'Object Repository/Chat_Mattermose_OR/Page_Test 77777 - TOKEN Mattermost/textarea_1'

2021-05-28 21:38:15 - [TEST_STEP][PASSED] - setText(findTestObject("Object Repository/Chat_Mattermose_OR/Page_Test 77777 - TOKEN Mattermost/textarea_1"), data.get(rowNum)): Text 'Test message 8' is set on object 'Object Repository/Chat_Mattermose_OR/Page_Test 77777 - TOKEN Mattermost/textarea_1'

2021-05-28 21:38:17 - [MESSAGE][PASSED] - Text 'Test message 8' is set on object 'Object Repository/Chat_Mattermose_OR/Page_Test 77777 - TOKEN Mattermost/textarea_1'

2021-05-28 21:38:17 - [TEST_STEP][PASSED] - sendKeys(findTestObject("Object Repository/Chat_Mattermose_OR/Page_Test 77777 - TOKEN Mattermost/textarea_1"), Keys.chord(ENTER)): Keys 'ENTER + ' sent to object: 'Object Repository/Chat_Mattermose_OR/Page_Test 77777 - TOKEN Mattermost/textarea_1'

2021-05-28 21:38:17 - [MESSAGE][PASSED] - Keys 'ENTER + ' sent to object: 'Object Repository/Chat_Mattermose_OR/Page_Test 77777 - TOKEN Mattermost/textarea_1'

2021-05-28 21:38:17 - [TEST_STEP][PASSED] - setText(findTestObject("Object Repository/Chat_Mattermose_OR/Page_Test 77777 - TOKEN Mattermost/textarea_1"), data.get(rowNum)): Text 'Test message 9' is set on object 'Object Repository/Chat_Mattermose_OR/Page_Test 77777 - TOKEN Mattermost/textarea_1'

2021-05-28 21:38:19 - [MESSAGE][PASSED] - Text 'Test message 9' is set on object 'Object Repository/Chat_Mattermose_OR/Page_Test 77777 - TOKEN Mattermost/textarea_1'

2021-05-28 21:38:19 - [TEST_STEP][PASSED] - sendKeys(findTestObject("Object Repository/Chat_Mattermose_OR/Page_Test 77777 - TOKEN Mattermost/textarea_1"), Keys.chord(ENTER)): Keys 'ENTER + ' sent to object: 'Object Repository/Chat_Mattermose_OR/Page_Test 77777 - TOKEN Mattermost/textarea_1'

2021-05-28 21:38:19 - [MESSAGE][PASSED] - Keys 'ENTER + ' sent to object: 'Object Repository/Chat_Mattermose_OR/Page_Test 77777 - TOKEN Mattermost/textarea_1'

2021-05-28 21:38:19 - [TEST_STEP][PASSED] - setText(findTestObject("Object Repository/Chat_Mattermose_OR/Page_Test 77777 - TOKEN Mattermost/textarea_1"), data.get(rowNum)): Text 'Test message 10' is set on object 'Object Repository/Chat_Mattermose_OR/Page_Test 77777 - TOKEN Mattermost/textarea_1'

2021-05-28 21:38:21 - [MESSAGE][PASSED] - Text 'Test message 10' is set on object 'Object Repository/Chat_Mattermose_OR/Page_Test 77777 - TOKEN Mattermost/textarea_1'

2021-05-28 21:38:21 - [TEST_STEP][PASSED] - sendKeys(findTestObject("Object Repository/Chat_Mattermose_OR/Page_Test 77777 - TOKEN Mattermost/textarea_1"), Keys.chord(ENTER)): Keys 'ENTER + ' sent to object: 'Object Repository/Chat_Mattermose_OR/Page_Test 77777 - TOKEN Mattermost/textarea_1'

2021-05-28 21:38:21 - [MESSAGE][PASSED] - Keys 'ENTER + ' sent to object: 'Object Repository/Chat_Mattermose_OR/Page_Test 77777 - TOKEN Mattermost/textarea_1'

2021-05-28 21:38:21 - [TEST_STEP][PASSED] - setText(findTestObject("Object Repository/Chat_Mattermose_OR/Page_Test 77777 - TOKEN Mattermost/textarea_1"), data.get(rowNum)): Text 'Test message 11' is set on object 'Object Repository/Chat_Mattermose_OR/Page_Test 77777 - TOKEN Mattermost/textarea_1'

2021-05-28 21:38:23 - [MESSAGE][PASSED] - Text 'Test message 11' is set on object 'Object Repository/Chat_Mattermose_OR/Page_Test 77777 - TOKEN Mattermost/textarea_1'

2021-05-28 21:38:23 - [TEST_STEP][PASSED] - sendKeys(findTestObject("Object Repository/Chat_Mattermose_OR/Page_Test 77777 - TOKEN Mattermost/textarea_1"), Keys.chord(ENTER)): Keys 'ENTER + ' sent to object: 'Object Repository/Chat_Mattermose_OR/Page_Test 77777 - TOKEN Mattermost/textarea_1'

2021-05-28 21:38:24 - [MESSAGE][PASSED] - Keys 'ENTER + ' sent to object: 'Object Repository/Chat_Mattermose_OR/Page_Test 77777 - TOKEN Mattermost/textarea_1'

2021-05-28 21:38:24 - [TEST_STEP][PASSED] - setText(findTestObject("Object Repository/Chat_Mattermose_OR/Page_Test 77777 - TOKEN Mattermost/textarea_1"), data.get(rowNum)): Text 'Test message 12' is set on object 'Object Repository/Chat_Mattermose_OR/Page_Test 77777 - TOKEN Mattermost/textarea_1'

2021-05-28 21:38:25 - [MESSAGE][PASSED] - Text 'Test message 12' is set on object 'Object Repository/Chat_Mattermose_OR/Page_Test 77777 - TOKEN Mattermost/textarea_1'

2021-05-28 21:38:25 - [TEST_STEP][PASSED] - sendKeys(findTestObject("Object Repository/Chat_Mattermose_OR/Page_Test 77777 - TOKEN Mattermost/textarea_1"), Keys.chord(ENTER)): Keys 'ENTER + ' sent to object: 'Object Repository/Chat_Mattermose_OR/Page_Test 77777 - TOKEN Mattermost/textarea_1'

2021-05-28 21:38:26 - [MESSAGE][PASSED] - Keys 'ENTER + ' sent to object: 'Object Repository/Chat_Mattermose_OR/Page_Test 77777 - TOKEN Mattermost/textarea_1'

2021-05-28 21:38:26 - [TEST_STEP][PASSED] - setText(findTestObject("Object Repository/Chat_Mattermose_OR/Page_Test 77777 - TOKEN Mattermost/textarea_1"), data.get(rowNum)): Text 'Test message 13' is set on object 'Object Repository/Chat_Mattermose_OR/Page_Test 77777 - TOKEN Mattermost/textarea_1'

2021-05-28 21:38:27 - [MESSAGE][PASSED] - Text 'Test message 13' is set on object 'Object Repository/Chat_Mattermose_OR/Page_Test 77777 - TOKEN Mattermost/textarea_1'

2021-05-28 21:38:27 - [TEST_STEP][PASSED] - sendKeys(findTestObject("Object Repository/Chat_Mattermose_OR/Page_Test 77777 - TOKEN Mattermost/textarea_1"), Keys.chord(ENTER)): Keys 'ENTER + ' sent to object: 'Object Repository/Chat_Mattermose_OR/Page_Test 77777 - TOKEN Mattermost/textarea_1'

2021-05-28 21:38:28 - [MESSAGE][PASSED] - Keys 'ENTER + ' sent to object: 'Object Repository/Chat_Mattermose_OR/Page_Test 77777 - TOKEN Mattermost/textarea_1'

2021-05-28 21:38:28 - [TEST_STEP][PASSED] - setText(findTestObject("Object Repository/Chat_Mattermose_OR/Page_Test 77777 - TOKEN Mattermost/textarea_1"), data.get(rowNum)): Text 'Test message 14' is set on object 'Object Repository/Chat_Mattermose_OR/Page_Test 77777 - TOKEN Mattermost/textarea_1'

2021-05-28 21:38:29 - [MESSAGE][PASSED] - Text 'Test message 14' is set on object 'Object Repository/Chat_Mattermose_OR/Page_Test 77777 - TOKEN Mattermost/textarea_1'

2021-05-28 21:38:29 - [TEST_STEP][PASSED] - sendKeys(findTestObject("Object Repository/Chat_Mattermose_OR/Page_Test 77777 - TOKEN Mattermost/textarea_1"), Keys.chord(ENTER)): Keys 'ENTER + ' sent to object: 'Object Repository/Chat_Mattermose_OR/Page_Test 77777 - TOKEN Mattermost/textarea_1'

2021-05-28 21:38:30 - [MESSAGE][PASSED] - Keys 'ENTER + ' sent to object: 'Object Repository/Chat_Mattermose_OR/Page_Test 77777 - TOKEN Mattermost/textarea_1'

2021-05-28 21:38:30 - [TEST_STEP][PASSED] - setText(findTestObject("Object Repository/Chat_Mattermose_OR/Page_Test 77777 - TOKEN Mattermost/textarea_1"), data.get(rowNum)): Text 'Test message 15' is set on object 'Object Repository/Chat_Mattermose_OR/Page_Test 77777 - TOKEN Mattermost/textarea_1'

2021-05-28 21:38:31 - [MESSAGE][PASSED] - Text 'Test message 15' is set on object 'Object Repository/Chat_Mattermose_OR/Page_Test 77777 - TOKEN Mattermost/textarea_1'

2021-05-28 21:38:31 - [TEST_STEP][PASSED] - sendKeys(findTestObject("Object Repository/Chat_Mattermose_OR/Page_Test 77777 - TOKEN Mattermost/textarea_1"), Keys.chord(ENTER)): Keys 'ENTER + ' sent to object: 'Object Repository/Chat_Mattermose_OR/Page_Test 77777 - TOKEN Mattermost/textarea_1'

2021-05-28 21:38:32 - [MESSAGE][PASSED] - Keys 'ENTER + ' sent to object: 'Object Repository/Chat_Mattermose_OR/Page_Test 77777 - TOKEN Mattermost/textarea_1'

2021-05-28 21:38:32 - [TEST_STEP][PASSED] - setText(findTestObject("Object Repository/Chat_Mattermose_OR/Page_Test 77777 - TOKEN Mattermost/textarea_1"), data.get(rowNum)): Text 'Test message 16' is set on object 'Object Repository/Chat_Mattermose_OR/Page_Test 77777 - TOKEN Mattermost/textarea_1'

2021-05-28 21:38:34 - [MESSAGE][PASSED] - Text 'Test message 16' is set on object 'Object Repository/Chat_Mattermose_OR/Page_Test 77777 - TOKEN Mattermost/textarea_1'

2021-05-28 21:38:34 - [TEST_STEP][PASSED] - sendKeys(findTestObject("Object Repository/Chat_Mattermose_OR/Page_Test 77777 - TOKEN Mattermost/textarea_1"), Keys.chord(ENTER)): Keys 'ENTER + ' sent to object: 'Object Repository/Chat_Mattermose_OR/Page_Test 77777 - TOKEN Mattermost/textarea_1'

2021-05-28 21:38:35 - [MESSAGE][PASSED] - Keys 'ENTER + ' sent to object: 'Object Repository/Chat_Mattermose_OR/Page_Test 77777 - TOKEN Mattermost/textarea_1'

2021-05-28 21:38:35 - [TEST_STEP][PASSED] - setText(findTestObject("Object Repository/Chat_Mattermose_OR/Page_Test 77777 - TOKEN Mattermost/textarea_1"), data.get(rowNum)): Text 'Test message 17' is set on object 'Object Repository/Chat_Mattermose_OR/Page_Test 77777 - TOKEN Mattermost/textarea_1'

2021-05-28 21:38:36 - [MESSAGE][PASSED] - Text 'Test message 17' is set on object 'Object Repository/Chat_Mattermose_OR/Page_Test 77777 - TOKEN Mattermost/textarea_1'

2021-05-28 21:38:36 - [TEST_STEP][PASSED] - sendKeys(findTestObject("Object Repository/Chat_Mattermose_OR/Page_Test 77777 - TOKEN Mattermost/textarea_1"), Keys.chord(ENTER)): Keys 'ENTER + ' sent to object: 'Object Repository/Chat_Mattermose_OR/Page_Test 77777 - TOKEN Mattermost/textarea_1'

2021-05-28 21:38:37 - [MESSAGE][PASSED] - Keys 'ENTER + ' sent to object: 'Object Repository/Chat_Mattermose_OR/Page_Test 77777 - TOKEN Mattermost/textarea_1'

2021-05-28 21:38:37 - [TEST_STEP][PASSED] - setText(findTestObject("Object Repository/Chat_Mattermose_OR/Page_Test 77777 - TOKEN Mattermost/textarea_1"), data.get(rowNum)): Text 'Test message 18' is set on object 'Object Repository/Chat_Mattermose_OR/Page_Test 77777 - TOKEN Mattermost/textarea_1'

2021-05-28 21:38:39 - [MESSAGE][PASSED] - Text 'Test message 18' is set on object 'Object Repository/Chat_Mattermose_OR/Page_Test 77777 - TOKEN Mattermost/textarea_1'

2021-05-28 21:38:39 - [TEST_STEP][PASSED] - sendKeys(findTestObject("Object Repository/Chat_Mattermose_OR/Page_Test 77777 - TOKEN Mattermost/textarea_1"), Keys.chord(ENTER)): Keys 'ENTER + ' sent to object: 'Object Repository/Chat_Mattermose_OR/Page_Test 77777 - TOKEN Mattermost/textarea_1'

2021-05-28 21:38:39 - [MESSAGE][PASSED] - Keys 'ENTER + ' sent to object: 'Object Repository/Chat_Mattermose_OR/Page_Test 77777 - TOKEN Mattermost/textarea_1'

2021-05-28 21:38:39 - [TEST_STEP][PASSED] - setText(findTestObject("Object Repository/Chat_Mattermose_OR/Page_Test 77777 - TOKEN Mattermost/textarea_1"), data.get(rowNum)): Text 'Test message 19' is set on object 'Object Repository/Chat_Mattermose_OR/Page_Test 77777 - TOKEN Mattermost/textarea_1'

2021-05-28 21:38:42 - [MESSAGE][PASSED] - Text 'Test message 19' is set on object 'Object Repository/Chat_Mattermose_OR/Page_Test 77777 - TOKEN Mattermost/textarea_1'

2021-05-28 21:38:42 - [TEST_STEP][PASSED] - sendKeys(findTestObject("Object Repository/Chat_Mattermose_OR/Page_Test 77777 - TOKEN Mattermost/textarea_1"), Keys.chord(ENTER)): Keys 'ENTER + ' sent to object: 'Object Repository/Chat_Mattermose_OR/Page_Test 77777 - TOKEN Mattermost/textarea_1'

2021-05-28 21:38:43 - [MESSAGE][PASSED] - Keys 'ENTER + ' sent to object: 'Object Repository/Chat_Mattermose_OR/Page_Test 77777 - TOKEN Mattermost/textarea_1'

2021-05-28 21:38:43 - [TEST_STEP][PASSED] - setText(findTestObject("Object Repository/Chat_Mattermose_OR/Page_Test 77777 - TOKEN Mattermost/textarea_1"), data.get(rowNum)): Text 'Test message 20' is set on object 'Object Repository/Chat_Mattermose_OR/Page_Test 77777 - TOKEN Mattermost/textarea_1'

2021-05-28 21:38:46 - [MESSAGE][PASSED] - Text 'Test message 20' is set on object 'Object Repository/Chat_Mattermose_OR/Page_Test 77777 - TOKEN Mattermost/textarea_1'

2021-05-28 21:38:46 - [TEST_STEP][PASSED] - sendKeys(findTestObject("Object Repository/Chat_Mattermose_OR/Page_Test 77777 - TOKEN Mattermost/textarea_1"), Keys.chord(ENTER)): Keys 'ENTER + ' sent to object: 'Object Repository/Chat_Mattermose_OR/Page_Test 77777 - TOKEN Mattermost/textarea_1'

2021-05-28 21:38:46 - [MESSAGE][PASSED] - Keys 'ENTER + ' sent to object: 'Object Repository/Chat_Mattermose_OR/Page_Test 77777 - TOKEN Mattermost/textarea_1'

2021-05-28 21:38:46 - [TEST_STEP][PASSED] - setText(findTestObject("Object Repository/Chat_Mattermose_OR/Page_Test 77777 - TOKEN Mattermost/textarea_1"), data.get(rowNum)): Text 'Test message 21' is set on object 'Object Repository/Chat_Mattermose_OR/Page_Test 77777 - TOKEN Mattermost/textarea_1'

2021-05-28 21:38:48 - [MESSAGE][PASSED] - Text 'Test message 21' is set on object 'Object Repository/Chat_Mattermose_OR/Page_Test 77777 - TOKEN Mattermost/textarea_1'

2021-05-28 21:38:48 - [TEST_STEP][PASSED] - sendKeys(findTestObject("Object Repository/Chat_Mattermose_OR/Page_Test 77777 - TOKEN Mattermost/textarea_1"), Keys.chord(ENTER)): Keys 'ENTER + ' sent to object: 'Object Repository/Chat_Mattermose_OR/Page_Test 77777 - TOKEN Mattermost/textarea_1'

2021-05-28 21:38:49 - [MESSAGE][PASSED] - Keys 'ENTER + ' sent to object: 'Object Repository/Chat_Mattermose_OR/Page_Test 77777 - TOKEN Mattermost/textarea_1'

2021-05-28 21:38:49 - [TEST_STEP][PASSED] - setText(findTestObject("Object Repository/Chat_Mattermose_OR/Page_Test 77777 - TOKEN Mattermost/textarea_1"), data.get(rowNum)): Text 'Test message 22' is set on object 'Object Repository/Chat_Mattermose_OR/Page_Test 77777 - TOKEN Mattermost/textarea_1'

2021-05-28 21:38:51 - [MESSAGE][PASSED] - Text 'Test message 22' is set on object 'Object Repository/Chat_Mattermose_OR/Page_Test 77777 - TOKEN Mattermost/textarea_1'

2021-05-28 21:38:51 - [TEST_STEP][PASSED] - sendKeys(findTestObject("Object Repository/Chat_Mattermose_OR/Page_Test 77777 - TOKEN Mattermost/textarea_1"), Keys.chord(ENTER)): Keys 'ENTER + ' sent to object: 'Object Repository/Chat_Mattermose_OR/Page_Test 77777 - TOKEN Mattermost/textarea_1'

2021-05-28 21:38:52 - [MESSAGE][PASSED] - Keys 'ENTER + ' sent to object: 'Object Repository/Chat_Mattermose_OR/Page_Test 77777 - TOKEN Mattermost/textarea_1'

2021-05-28 21:38:52 - [TEST_STEP][PASSED] - setText(findTestObject("Object Repository/Chat_Mattermose_OR/Page_Test 77777 - TOKEN Mattermost/textarea_1"), data.get(rowNum)): Text 'Test message 23' is set on object 'Object Repository/Chat_Mattermose_OR/Page_Test 77777 - TOKEN Mattermost/textarea_1'

2021-05-28 21:38:53 - [MESSAGE][PASSED] - Text 'Test message 23' is set on object 'Object Repository/Chat_Mattermose_OR/Page_Test 77777 - TOKEN Mattermost/textarea_1'

2021-05-28 21:38:53 - [TEST_STEP][PASSED] - sendKeys(findTestObject("Object Repository/Chat_Mattermose_OR/Page_Test 77777 - TOKEN Mattermost/textarea_1"), Keys.chord(ENTER)): Keys 'ENTER + ' sent to object: 'Object Repository/Chat_Mattermose_OR/Page_Test 77777 - TOKEN Mattermost/textarea_1'

2021-05-28 21:38:54 - [MESSAGE][PASSED] - Keys 'ENTER + ' sent to object: 'Object Repository/Chat_Mattermose_OR/Page_Test 77777 - TOKEN Mattermost/textarea_1'

2021-05-28 21:38:54 - [TEST_STEP][PASSED] - setText(findTestObject("Object Repository/Chat_Mattermose_OR/Page_Test 77777 - TOKEN Mattermost/textarea_1"), data.get(rowNum)): Text 'Test message 24' is set on object 'Object Repository/Chat_Mattermose_OR/Page_Test 77777 - TOKEN Mattermost/textarea_1'

2021-05-28 21:38:57 - [MESSAGE][PASSED] - Text 'Test message 24' is set on object 'Object Repository/Chat_Mattermose_OR/Page_Test 77777 - TOKEN Mattermost/textarea_1'

2021-05-28 21:38:57 - [TEST_STEP][PASSED] - sendKeys(findTestObject("Object Repository/Chat_Mattermose_OR/Page_Test 77777 - TOKEN Mattermost/textarea_1"), Keys.chord(ENTER)): Keys 'ENTER + ' sent to object: 'Object Repository/Chat_Mattermose_OR/Page_Test 77777 - TOKEN Mattermost/textarea_1'

2021-05-28 21:38:57 - [MESSAGE][PASSED] - Keys 'ENTER + ' sent to object: 'Object Repository/Chat_Mattermose_OR/Page_Test 77777 - TOKEN Mattermost/textarea_1'

2021-05-28 21:38:57 - [TEST_STEP][PASSED] - setText(findTestObject("Object Repository/Chat_Mattermose_OR/Page_Test 77777 - TOKEN Mattermost/textarea_1"), data.get(rowNum)): Text 'Test message 25' is set on object 'Object Repository/Chat_Mattermose_OR/Page_Test 77777 - TOKEN Mattermost/textarea_1'

2021-05-28 21:38:59 - [MESSAGE][PASSED] - Text 'Test message 25' is set on object 'Object Repository/Chat_Mattermose_OR/Page_Test 77777 - TOKEN Mattermost/textarea_1'

2021-05-28 21:38:59 - [TEST_STEP][PASSED] - sendKeys(findTestObject("Object Repository/Chat_Mattermose_OR/Page_Test 77777 - TOKEN Mattermost/textarea_1"), Keys.chord(ENTER)): Keys 'ENTER + ' sent to object: 'Object Repository/Chat_Mattermose_OR/Page_Test 77777 - TOKEN Mattermost/textarea_1'

2021-05-28 21:39:00 - [MESSAGE][PASSED] - Keys 'ENTER + ' sent to object: 'Object Repository/Chat_Mattermose_OR/Page_Test 77777 - TOKEN Mattermost/textarea_1'

2021-05-28 21:39:00 - [TEST_STEP][PASSED] - setText(findTestObject("Object Repository/Chat_Mattermose_OR/Page_Test 77777 - TOKEN Mattermost/textarea_1"), data.get(rowNum)): Text 'Test message 26' is set on object 'Object Repository/Chat_Mattermose_OR/Page_Test 77777 - TOKEN Mattermost/textarea_1'

2021-05-28 21:39:02 - [MESSAGE][PASSED] - Text 'Test message 26' is set on object 'Object Repository/Chat_Mattermose_OR/Page_Test 77777 - TOKEN Mattermost/textarea_1'

2021-05-28 21:39:02 - [TEST_STEP][PASSED] - sendKeys(findTestObject("Object Repository/Chat_Mattermose_OR/Page_Test 77777 - TOKEN Mattermost/textarea_1"), Keys.chord(ENTER)): Keys 'ENTER + ' sent to object: 'Object Repository/Chat_Mattermose_OR/Page_Test 77777 - TOKEN Mattermost/textarea_1'

2021-05-28 21:39:03 - [MESSAGE][PASSED] - Keys 'ENTER + ' sent to object: 'Object Repository/Chat_Mattermose_OR/Page_Test 77777 - TOKEN Mattermost/textarea_1'

2021-05-28 21:39:03 - [TEST_STEP][PASSED] - setText(findTestObject("Object Repository/Chat_Mattermose_OR/Page_Test 77777 - TOKEN Mattermost/textarea_1"), data.get(rowNum)): Text 'Test message 27' is set on object 'Object Repository/Chat_Mattermose_OR/Page_Test 77777 - TOKEN Mattermost/textarea_1'

2021-05-28 21:39:04 - [MESSAGE][PASSED] - Text 'Test message 27' is set on object 'Object Repository/Chat_Mattermose_OR/Page_Test 77777 - TOKEN Mattermost/textarea_1'

2021-05-28 21:39:04 - [TEST_STEP][PASSED] - sendKeys(findTestObject("Object Repository/Chat_Mattermose_OR/Page_Test 77777 - TOKEN Mattermost/textarea_1"), Keys.chord(ENTER)): Keys 'ENTER + ' sent to object: 'Object Repository/Chat_Mattermose_OR/Page_Test 77777 - TOKEN Mattermost/textarea_1'

2021-05-28 21:39:05 - [MESSAGE][PASSED] - Keys 'ENTER + ' sent to object: 'Object Repository/Chat_Mattermose_OR/Page_Test 77777 - TOKEN Mattermost/textarea_1'

2021-05-28 21:39:05 - [TEST_STEP][PASSED] - setText(findTestObject("Object Repository/Chat_Mattermose_OR/Page_Test 77777 - TOKEN Mattermost/textarea_1"), data.get(rowNum)): Text 'Test message 28' is set on object 'Object Repository/Chat_Mattermose_OR/Page_Test 77777 - TOKEN Mattermost/textarea_1'

2021-05-28 21:39:07 - [MESSAGE][PASSED] - Text 'Test message 28' is set on object 'Object Repository/Chat_Mattermose_OR/Page_Test 77777 - TOKEN Mattermost/textarea_1'

2021-05-28 21:39:07 - [TEST_STEP][PASSED] - sendKeys(findTestObject("Object Repository/Chat_Mattermose_OR/Page_Test 77777 - TOKEN Mattermost/textarea_1"), Keys.chord(ENTER)): Keys 'ENTER + ' sent to object: 'Object Repository/Chat_Mattermose_OR/Page_Test 77777 - TOKEN Mattermost/textarea_1'

2021-05-28 21:39:07 - [MESSAGE][PASSED] - Keys 'ENTER + ' sent to object: 'Object Repository/Chat_Mattermose_OR/Page_Test 77777 - TOKEN Mattermost/textarea_1'

2021-05-28 21:39:07 - [TEST_STEP][PASSED] - setText(findTestObject("Object Repository/Chat_Mattermose_OR/Page_Test 77777 - TOKEN Mattermost/textarea_1"), data.get(rowNum)): Text 'Test message 29' is set on object 'Object Repository/Chat_Mattermose_OR/Page_Test 77777 - TOKEN Mattermost/textarea_1'

2021-05-28 21:39:09 - [MESSAGE][PASSED] - Text 'Test message 29' is set on object 'Object Repository/Chat_Mattermose_OR/Page_Test 77777 - TOKEN Mattermost/textarea_1'

2021-05-28 21:39:09 - [TEST_STEP][PASSED] - sendKeys(findTestObject("Object Repository/Chat_Mattermose_OR/Page_Test 77777 - TOKEN Mattermost/textarea_1"), Keys.chord(ENTER)): Keys 'ENTER + ' sent to object: 'Object Repository/Chat_Mattermose_OR/Page_Test 77777 - TOKEN Mattermost/textarea_1'

2021-05-28 21:39:10 - [MESSAGE][PASSED] - Keys 'ENTER + ' sent to object: 'Object Repository/Chat_Mattermose_OR/Page_Test 77777 - TOKEN Mattermost/textarea_1'

2021-05-28 21:39:10 - [TEST_STEP][PASSED] - setText(findTestObject("Object Repository/Chat_Mattermose_OR/Page_Test 77777 - TOKEN Mattermost/textarea_1"), data.get(rowNum)): Text 'Test message 30' is set on object 'Object Repository/Chat_Mattermose_OR/Page_Test 77777 - TOKEN Mattermost/textarea_1'

2021-05-28 21:39:12 - [MESSAGE][PASSED] - Text 'Test message 30' is set on object 'Object Repository/Chat_Mattermose_OR/Page_Test 77777 - TOKEN Mattermost/textarea_1'

2021-05-28 21:39:12 - [TEST_STEP][PASSED] - sendKeys(findTestObject("Object Repository/Chat_Mattermose_OR/Page_Test 77777 - TOKEN Mattermost/textarea_1"), Keys.chord(ENTER)): Keys 'ENTER + ' sent to object: 'Object Repository/Chat_Mattermose_OR/Page_Test 77777 - TOKEN Mattermost/textarea_1'

2021-05-28 21:39:12 - [MESSAGE][PASSED] - Keys 'ENTER + ' sent to object: 'Object Repository/Chat_Mattermose_OR/Page_Test 77777 - TOKEN Mattermost/textarea_1'

2021-05-28 21:39:12 - [TEST_STEP][PASSED] - setText(findTestObject("Object Repository/Chat_Mattermose_OR/Page_Test 77777 - TOKEN Mattermost/textarea_1"), data.get(rowNum)): Text 'Test message 31' is set on object 'Object Repository/Chat_Mattermose_OR/Page_Test 77777 - TOKEN Mattermost/textarea_1'

2021-05-28 21:39:14 - [MESSAGE][PASSED] - Text 'Test message 31' is set on object 'Object Repository/Chat_Mattermose_OR/Page_Test 77777 - TOKEN Mattermost/textarea_1'

2021-05-28 21:39:14 - [TEST_STEP][PASSED] - sendKeys(findTestObject("Object Repository/Chat_Mattermose_OR/Page_Test 77777 - TOKEN Mattermost/textarea_1"), Keys.chord(ENTER)): Keys 'ENTER + ' sent to object: 'Object Repository/Chat_Mattermose_OR/Page_Test 77777 - TOKEN Mattermost/textarea_1'

2021-05-28 21:39:15 - [MESSAGE][PASSED] - Keys 'ENTER + ' sent to object: 'Object Repository/Chat_Mattermose_OR/Page_Test 77777 - TOKEN Mattermost/textarea_1'

2021-05-28 21:39:15 - [TEST_STEP][PASSED] - setText(findTestObject("Object Repository/Chat_Mattermose_OR/Page_Test 77777 - TOKEN Mattermost/textarea_1"), data.get(rowNum)): Text 'Test message 32' is set on object 'Object Repository/Chat_Mattermose_OR/Page_Test 77777 - TOKEN Mattermost/textarea_1'

2021-05-28 21:39:17 - [MESSAGE][PASSED] - Text 'Test message 32' is set on object 'Object Repository/Chat_Mattermose_OR/Page_Test 77777 - TOKEN Mattermost/textarea_1'

2021-05-28 21:39:17 - [TEST_STEP][PASSED] - sendKeys(findTestObject("Object Repository/Chat_Mattermose_OR/Page_Test 77777 - TOKEN Mattermost/textarea_1"), Keys.chord(ENTER)): Keys 'ENTER + ' sent to object: 'Object Repository/Chat_Mattermose_OR/Page_Test 77777 - TOKEN Mattermost/textarea_1'

2021-05-28 21:39:18 - [MESSAGE][PASSED] - Keys 'ENTER + ' sent to object: 'Object Repository/Chat_Mattermose_OR/Page_Test 77777 - TOKEN Mattermost/textarea_1'

2021-05-28 21:39:18 - [TEST_STEP][PASSED] - setText(findTestObject("Object Repository/Chat_Mattermose_OR/Page_Test 77777 - TOKEN Mattermost/textarea_1"), data.get(rowNum)): Text 'Test message 33' is set on object 'Object Repository/Chat_Mattermose_OR/Page_Test 77777 - TOKEN Mattermost/textarea_1'

2021-05-28 21:39:19 - [MESSAGE][PASSED] - Text 'Test message 33' is set on object 'Object Repository/Chat_Mattermose_OR/Page_Test 77777 - TOKEN Mattermost/textarea_1'

2021-05-28 21:39:19 - [TEST_STEP][PASSED] - sendKeys(findTestObject("Object Repository/Chat_Mattermose_OR/Page_Test 77777 - TOKEN Mattermost/textarea_1"), Keys.chord(ENTER)): Keys 'ENTER + ' sent to object: 'Object Repository/Chat_Mattermose_OR/Page_Test 77777 - TOKEN Mattermost/textarea_1'

2021-05-28 21:39:20 - [MESSAGE][PASSED] - Keys 'ENTER + ' sent to object: 'Object Repository/Chat_Mattermose_OR/Page_Test 77777 - TOKEN Mattermost/textarea_1'

2021-05-28 21:39:20 - [TEST_STEP][PASSED] - closeBrowser(): Browser is closed

2021-05-28 21:39:21 - [MESSAGE][PASSED] - Browser is closed]]></system-out>
         <system-err><![CDATA[]]></system-err>
      </testcase>
      <testcase name="Test Cases/Login" time="19.758" classname="Test Cases/Login" status="PASSED">
         <system-out><![CDATA[2021-05-28 21:39:22 - [TEST_CASE][PASSED] - Test Cases/Login: Test Cases/Login

2021-05-28 21:39:23 - [TEST_STEP][PASSED] - openBrowser(""): Browser is opened with url: ''

2021-05-28 21:39:23 - [MESSAGE][INFO] - Starting 'Chrome' driver

2021-05-28 21:39:23 - [MESSAGE][INFO] - Action delay is set to 0 milliseconds

2021-05-28 21:39:25 - [MESSAGE][PASSED] - Browser is opened with url: ''

2021-05-28 21:39:25 - [TEST_STEP][PASSED] - navigateToUrl("https://cdnc-group2.herokuapp.com/"): Navigate to 'https://cdnc-group2.herokuapp.com/' successfully

2021-05-28 21:39:29 - [MESSAGE][PASSED] - Navigate to 'https://cdnc-group2.herokuapp.com/' successfully

2021-05-28 21:39:29 - [TEST_STEP][PASSED] - setText(findTestObject("Login_Mattermost_OR/input_All team communication in one place, _dcc84b"), Username): Text 'ngoctin040999@gmail.com' is set on object 'Object Repository/Login_Mattermost_OR/input_All team communication in one place, _dcc84b'

2021-05-28 21:39:35 - [MESSAGE][PASSED] - Text 'ngoctin040999@gmail.com' is set on object 'Object Repository/Login_Mattermost_OR/input_All team communication in one place, _dcc84b'

2021-05-28 21:39:35 - [TEST_STEP][PASSED] - setText(findTestObject("Login_Mattermost_OR/input_All team communication in one place, _a3edc6"), Password): Text 'ngoctin1' is set on object 'Object Repository/Login_Mattermost_OR/input_All team communication in one place, _a3edc6'

2021-05-28 21:39:36 - [MESSAGE][PASSED] - Text 'ngoctin1' is set on object 'Object Repository/Login_Mattermost_OR/input_All team communication in one place, _a3edc6'

2021-05-28 21:39:36 - [TEST_STEP][PASSED] - click(findTestObject("Login_Mattermost_OR/span_Sign in")): Object: 'Object Repository/Login_Mattermost_OR/span_Sign in' is clicked on

2021-05-28 21:39:37 - [MESSAGE][PASSED] - Object: 'Object Repository/Login_Mattermost_OR/span_Sign in' is clicked on

2021-05-28 21:39:37 - [TEST_STEP][PASSED] - if (Username != "ngoctin040999@gmail.com"): null

2021-05-28 21:39:37 - [TEST_STEP][PASSED] - else: Object 'Object Repository/Login_Mattermost_OR/h1_fsdfsdf' is present

2021-05-28 21:39:37 - [TEST_STEP][PASSED] - Thread.sleep(3000): null

2021-05-28 21:39:40 - [TEST_STEP][PASSED] - verifyElementPresent(findTestObject("Object Repository/Login_Mattermost_OR/h1_fsdfsdf"), 0): Object 'Object Repository/Login_Mattermost_OR/h1_fsdfsdf' is present

2021-05-28 21:39:40 - [MESSAGE][WARNING] - Timeout '0' is invalid. Using default page load timeout: '30'

2021-05-28 21:39:40 - [MESSAGE][PASSED] - Object 'Object Repository/Login_Mattermost_OR/h1_fsdfsdf' is present

2021-05-28 21:39:40 - [TEST_STEP][PASSED] - closeBrowser(): Browser is closed

2021-05-28 21:39:41 - [MESSAGE][PASSED] - Browser is closed]]></system-out>
         <system-err><![CDATA[]]></system-err>
      </testcase>
      <testcase name="Test Cases/Login" time="17.54" classname="Test Cases/Login" status="PASSED">
         <system-out><![CDATA[2021-05-28 21:39:42 - [TEST_CASE][PASSED] - Test Cases/Login: Test Cases/Login

2021-05-28 21:39:42 - [TEST_STEP][PASSED] - openBrowser(""): Browser is opened with url: ''

2021-05-28 21:39:42 - [MESSAGE][INFO] - Starting 'Chrome' driver

2021-05-28 21:39:42 - [MESSAGE][INFO] - Action delay is set to 0 milliseconds

2021-05-28 21:39:44 - [MESSAGE][PASSED] - Browser is opened with url: ''

2021-05-28 21:39:44 - [TEST_STEP][PASSED] - navigateToUrl("https://cdnc-group2.herokuapp.com/"): Navigate to 'https://cdnc-group2.herokuapp.com/' successfully

2021-05-28 21:39:48 - [MESSAGE][PASSED] - Navigate to 'https://cdnc-group2.herokuapp.com/' successfully

2021-05-28 21:39:48 - [TEST_STEP][PASSED] - setText(findTestObject("Login_Mattermost_OR/input_All team communication in one place, _dcc84b"), Username): Text 'ngoctin040999' is set on object 'Object Repository/Login_Mattermost_OR/input_All team communication in one place, _dcc84b'

2021-05-28 21:39:54 - [MESSAGE][PASSED] - Text 'ngoctin040999' is set on object 'Object Repository/Login_Mattermost_OR/input_All team communication in one place, _dcc84b'

2021-05-28 21:39:54 - [TEST_STEP][PASSED] - setText(findTestObject("Login_Mattermost_OR/input_All team communication in one place, _a3edc6"), Password): Text 'ngoctin1' is set on object 'Object Repository/Login_Mattermost_OR/input_All team communication in one place, _a3edc6'

2021-05-28 21:39:56 - [MESSAGE][PASSED] - Text 'ngoctin1' is set on object 'Object Repository/Login_Mattermost_OR/input_All team communication in one place, _a3edc6'

2021-05-28 21:39:56 - [TEST_STEP][PASSED] - click(findTestObject("Login_Mattermost_OR/span_Sign in")): Object: 'Object Repository/Login_Mattermost_OR/span_Sign in' is clicked on

2021-05-28 21:39:56 - [MESSAGE][PASSED] - Object: 'Object Repository/Login_Mattermost_OR/span_Sign in' is clicked on

2021-05-28 21:39:56 - [TEST_STEP][PASSED] - if (Username != "ngoctin040999@gmail.com"): Object 'Object Repository/Login_Mattermost_OR/label_Enter a valid email or username andor password' is present

2021-05-28 21:39:56 - [TEST_STEP][PASSED] - verifyElementPresent(findTestObject("Object Repository/Login_Mattermost_OR/label_Enter a valid email or username andor password"), 0): Object 'Object Repository/Login_Mattermost_OR/label_Enter a valid email or username andor password' is present

2021-05-28 21:39:57 - [MESSAGE][WARNING] - Timeout '0' is invalid. Using default page load timeout: '30'

2021-05-28 21:39:58 - [MESSAGE][PASSED] - Object 'Object Repository/Login_Mattermost_OR/label_Enter a valid email or username andor password' is present

2021-05-28 21:39:58 - [TEST_STEP][PASSED] - closeBrowser(): Browser is closed

2021-05-28 21:39:59 - [MESSAGE][PASSED] - Browser is closed]]></system-out>
         <system-err><![CDATA[]]></system-err>
      </testcase>
      <testcase name="Test Cases/Login" time="17.254" classname="Test Cases/Login" status="PASSED">
         <system-out><![CDATA[2021-05-28 21:39:59 - [TEST_CASE][PASSED] - Test Cases/Login: Test Cases/Login

2021-05-28 21:39:59 - [TEST_STEP][PASSED] - openBrowser(""): Browser is opened with url: ''

2021-05-28 21:39:59 - [MESSAGE][INFO] - Starting 'Chrome' driver

2021-05-28 21:39:59 - [MESSAGE][INFO] - Action delay is set to 0 milliseconds

2021-05-28 21:40:01 - [MESSAGE][PASSED] - Browser is opened with url: ''

2021-05-28 21:40:01 - [TEST_STEP][PASSED] - navigateToUrl("https://cdnc-group2.herokuapp.com/"): Navigate to 'https://cdnc-group2.herokuapp.com/' successfully

2021-05-28 21:40:06 - [MESSAGE][PASSED] - Navigate to 'https://cdnc-group2.herokuapp.com/' successfully

2021-05-28 21:40:06 - [TEST_STEP][PASSED] - setText(findTestObject("Login_Mattermost_OR/input_All team communication in one place, _dcc84b"), Username): Text 'testing123@gmail.com' is set on object 'Object Repository/Login_Mattermost_OR/input_All team communication in one place, _dcc84b'

2021-05-28 21:40:12 - [MESSAGE][PASSED] - Text 'testing123@gmail.com' is set on object 'Object Repository/Login_Mattermost_OR/input_All team communication in one place, _dcc84b'

2021-05-28 21:40:12 - [TEST_STEP][PASSED] - setText(findTestObject("Login_Mattermost_OR/input_All team communication in one place, _a3edc6"), Password): Text 'test12' is set on object 'Object Repository/Login_Mattermost_OR/input_All team communication in one place, _a3edc6'

2021-05-28 21:40:13 - [MESSAGE][PASSED] - Text 'test12' is set on object 'Object Repository/Login_Mattermost_OR/input_All team communication in one place, _a3edc6'

2021-05-28 21:40:13 - [TEST_STEP][PASSED] - click(findTestObject("Login_Mattermost_OR/span_Sign in")): Object: 'Object Repository/Login_Mattermost_OR/span_Sign in' is clicked on

2021-05-28 21:40:13 - [MESSAGE][PASSED] - Object: 'Object Repository/Login_Mattermost_OR/span_Sign in' is clicked on

2021-05-28 21:40:13 - [TEST_STEP][PASSED] - if (Username != "ngoctin040999@gmail.com"): Object 'Object Repository/Login_Mattermost_OR/label_Enter a valid email or username andor password' is present

2021-05-28 21:40:13 - [TEST_STEP][PASSED] - verifyElementPresent(findTestObject("Object Repository/Login_Mattermost_OR/label_Enter a valid email or username andor password"), 0): Object 'Object Repository/Login_Mattermost_OR/label_Enter a valid email or username andor password' is present

2021-05-28 21:40:13 - [MESSAGE][WARNING] - Timeout '0' is invalid. Using default page load timeout: '30'

2021-05-28 21:40:15 - [MESSAGE][PASSED] - Object 'Object Repository/Login_Mattermost_OR/label_Enter a valid email or username andor password' is present

2021-05-28 21:40:15 - [TEST_STEP][PASSED] - closeBrowser(): Browser is closed

2021-05-28 21:40:16 - [MESSAGE][PASSED] - Browser is closed]]></system-out>
         <system-err><![CDATA[]]></system-err>
      </testcase>
      <testcase name="Test Cases/Login" time="15.771" classname="Test Cases/Login" status="PASSED">
         <system-out><![CDATA[2021-05-28 21:40:17 - [TEST_CASE][PASSED] - Test Cases/Login: Test Cases/Login

2021-05-28 21:40:17 - [TEST_STEP][PASSED] - openBrowser(""): Browser is opened with url: ''

2021-05-28 21:40:17 - [MESSAGE][INFO] - Starting 'Chrome' driver

2021-05-28 21:40:17 - [MESSAGE][INFO] - Action delay is set to 0 milliseconds

2021-05-28 21:40:18 - [MESSAGE][PASSED] - Browser is opened with url: ''

2021-05-28 21:40:18 - [TEST_STEP][PASSED] - navigateToUrl("https://cdnc-group2.herokuapp.com/"): Navigate to 'https://cdnc-group2.herokuapp.com/' successfully

2021-05-28 21:40:24 - [MESSAGE][PASSED] - Navigate to 'https://cdnc-group2.herokuapp.com/' successfully

2021-05-28 21:40:24 - [TEST_STEP][PASSED] - setText(findTestObject("Login_Mattermost_OR/input_All team communication in one place, _dcc84b"), Username): Text 'admin' is set on object 'Object Repository/Login_Mattermost_OR/input_All team communication in one place, _dcc84b'

2021-05-28 21:40:28 - [MESSAGE][PASSED] - Text 'admin' is set on object 'Object Repository/Login_Mattermost_OR/input_All team communication in one place, _dcc84b'

2021-05-28 21:40:28 - [TEST_STEP][PASSED] - setText(findTestObject("Login_Mattermost_OR/input_All team communication in one place, _a3edc6"), Password): Text 'admin' is set on object 'Object Repository/Login_Mattermost_OR/input_All team communication in one place, _a3edc6'

2021-05-28 21:40:29 - [MESSAGE][PASSED] - Text 'admin' is set on object 'Object Repository/Login_Mattermost_OR/input_All team communication in one place, _a3edc6'

2021-05-28 21:40:29 - [TEST_STEP][PASSED] - click(findTestObject("Login_Mattermost_OR/span_Sign in")): Object: 'Object Repository/Login_Mattermost_OR/span_Sign in' is clicked on

2021-05-28 21:40:30 - [MESSAGE][PASSED] - Object: 'Object Repository/Login_Mattermost_OR/span_Sign in' is clicked on

2021-05-28 21:40:30 - [TEST_STEP][PASSED] - if (Username != "ngoctin040999@gmail.com"): Object 'Object Repository/Login_Mattermost_OR/label_Enter a valid email or username andor password' is present

2021-05-28 21:40:30 - [TEST_STEP][PASSED] - verifyElementPresent(findTestObject("Object Repository/Login_Mattermost_OR/label_Enter a valid email or username andor password"), 0): Object 'Object Repository/Login_Mattermost_OR/label_Enter a valid email or username andor password' is present

2021-05-28 21:40:30 - [MESSAGE][WARNING] - Timeout '0' is invalid. Using default page load timeout: '30'

2021-05-28 21:40:31 - [MESSAGE][PASSED] - Object 'Object Repository/Login_Mattermost_OR/label_Enter a valid email or username andor password' is present

2021-05-28 21:40:31 - [TEST_STEP][PASSED] - closeBrowser(): Browser is closed

2021-05-28 21:40:32 - [MESSAGE][PASSED] - Browser is closed]]></system-out>
         <system-err><![CDATA[]]></system-err>
      </testcase>
      <testcase name="Test Cases/Login" time="14.044" classname="Test Cases/Login" status="PASSED">
         <system-out><![CDATA[2021-05-28 21:40:32 - [TEST_CASE][PASSED] - Test Cases/Login: Test Cases/Login

2021-05-28 21:40:32 - [TEST_STEP][PASSED] - openBrowser(""): Browser is opened with url: ''

2021-05-28 21:40:32 - [MESSAGE][INFO] - Starting 'Chrome' driver

2021-05-28 21:40:32 - [MESSAGE][INFO] - Action delay is set to 0 milliseconds

2021-05-28 21:40:34 - [MESSAGE][PASSED] - Browser is opened with url: ''

2021-05-28 21:40:34 - [TEST_STEP][PASSED] - navigateToUrl("https://cdnc-group2.herokuapp.com/"): Navigate to 'https://cdnc-group2.herokuapp.com/' successfully

2021-05-28 21:40:38 - [MESSAGE][PASSED] - Navigate to 'https://cdnc-group2.herokuapp.com/' successfully

2021-05-28 21:40:38 - [TEST_STEP][PASSED] - setText(findTestObject("Login_Mattermost_OR/input_All team communication in one place, _dcc84b"), Username): Text 'admin@outlook.com' is set on object 'Object Repository/Login_Mattermost_OR/input_All team communication in one place, _dcc84b'

2021-05-28 21:40:43 - [MESSAGE][PASSED] - Text 'admin@outlook.com' is set on object 'Object Repository/Login_Mattermost_OR/input_All team communication in one place, _dcc84b'

2021-05-28 21:40:43 - [TEST_STEP][PASSED] - setText(findTestObject("Login_Mattermost_OR/input_All team communication in one place, _a3edc6"), Password): Text '123456789' is set on object 'Object Repository/Login_Mattermost_OR/input_All team communication in one place, _a3edc6'

2021-05-28 21:40:44 - [MESSAGE][PASSED] - Text '123456789' is set on object 'Object Repository/Login_Mattermost_OR/input_All team communication in one place, _a3edc6'

2021-05-28 21:40:44 - [TEST_STEP][PASSED] - click(findTestObject("Login_Mattermost_OR/span_Sign in")): Object: 'Object Repository/Login_Mattermost_OR/span_Sign in' is clicked on

2021-05-28 21:40:45 - [MESSAGE][PASSED] - Object: 'Object Repository/Login_Mattermost_OR/span_Sign in' is clicked on

2021-05-28 21:40:45 - [TEST_STEP][PASSED] - if (Username != "ngoctin040999@gmail.com"): Object 'Object Repository/Login_Mattermost_OR/label_Enter a valid email or username andor password' is present

2021-05-28 21:40:45 - [TEST_STEP][PASSED] - verifyElementPresent(findTestObject("Object Repository/Login_Mattermost_OR/label_Enter a valid email or username andor password"), 0): Object 'Object Repository/Login_Mattermost_OR/label_Enter a valid email or username andor password' is present

2021-05-28 21:40:45 - [MESSAGE][WARNING] - Timeout '0' is invalid. Using default page load timeout: '30'

2021-05-28 21:40:46 - [MESSAGE][PASSED] - Object 'Object Repository/Login_Mattermost_OR/label_Enter a valid email or username andor password' is present

2021-05-28 21:40:46 - [TEST_STEP][PASSED] - closeBrowser(): Browser is closed

2021-05-28 21:40:46 - [MESSAGE][PASSED] - Browser is closed]]></system-out>
         <system-err><![CDATA[]]></system-err>
      </testcase>
      <testcase name="Test Cases/Login" time="13.348" classname="Test Cases/Login" status="PASSED">
         <system-out><![CDATA[2021-05-28 21:40:46 - [TEST_CASE][PASSED] - Test Cases/Login: Test Cases/Login

2021-05-28 21:40:47 - [TEST_STEP][PASSED] - openBrowser(""): Browser is opened with url: ''

2021-05-28 21:40:47 - [MESSAGE][INFO] - Starting 'Chrome' driver

2021-05-28 21:40:47 - [MESSAGE][INFO] - Action delay is set to 0 milliseconds

2021-05-28 21:40:48 - [MESSAGE][PASSED] - Browser is opened with url: ''

2021-05-28 21:40:48 - [TEST_STEP][PASSED] - navigateToUrl("https://cdnc-group2.herokuapp.com/"): Navigate to 'https://cdnc-group2.herokuapp.com/' successfully

2021-05-28 21:40:52 - [MESSAGE][PASSED] - Navigate to 'https://cdnc-group2.herokuapp.com/' successfully

2021-05-28 21:40:52 - [TEST_STEP][PASSED] - setText(findTestObject("Login_Mattermost_OR/input_All team communication in one place, _dcc84b"), Username): Text 'admin@outlook.com' is set on object 'Object Repository/Login_Mattermost_OR/input_All team communication in one place, _dcc84b'

2021-05-28 21:40:57 - [MESSAGE][PASSED] - Text 'admin@outlook.com' is set on object 'Object Repository/Login_Mattermost_OR/input_All team communication in one place, _dcc84b'

2021-05-28 21:40:57 - [TEST_STEP][PASSED] - setText(findTestObject("Login_Mattermost_OR/input_All team communication in one place, _a3edc6"), Password): Text '' is set on object 'Object Repository/Login_Mattermost_OR/input_All team communication in one place, _a3edc6'

2021-05-28 21:40:58 - [MESSAGE][PASSED] - Text '' is set on object 'Object Repository/Login_Mattermost_OR/input_All team communication in one place, _a3edc6'

2021-05-28 21:40:58 - [TEST_STEP][PASSED] - click(findTestObject("Login_Mattermost_OR/span_Sign in")): Object: 'Object Repository/Login_Mattermost_OR/span_Sign in' is clicked on

2021-05-28 21:40:58 - [MESSAGE][PASSED] - Object: 'Object Repository/Login_Mattermost_OR/span_Sign in' is clicked on

2021-05-28 21:40:58 - [TEST_STEP][PASSED] - if (Username != "ngoctin040999@gmail.com"): Object 'Object Repository/Login_Mattermost_OR/label_Enter a valid email or username andor password' is present

2021-05-28 21:40:58 - [TEST_STEP][PASSED] - verifyElementPresent(findTestObject("Object Repository/Login_Mattermost_OR/label_Enter a valid email or username andor password"), 0): Object 'Object Repository/Login_Mattermost_OR/label_Enter a valid email or username andor password' is present

2021-05-28 21:40:59 - [MESSAGE][WARNING] - Timeout '0' is invalid. Using default page load timeout: '30'

2021-05-28 21:40:59 - [MESSAGE][PASSED] - Object 'Object Repository/Login_Mattermost_OR/label_Enter a valid email or username andor password' is present

2021-05-28 21:40:59 - [TEST_STEP][PASSED] - closeBrowser(): Browser is closed

2021-05-28 21:41:00 - [MESSAGE][PASSED] - Browser is closed]]></system-out>
         <system-err><![CDATA[]]></system-err>
      </testcase>
      <testcase name="Test Cases/UpdateFullNameAccount" time="21.68" classname="Test Cases/UpdateFullNameAccount" status="PASSED">
         <system-out><![CDATA[2021-05-28 21:41:00 - [TEST_CASE][PASSED] - Test Cases/UpdateFullNameAccount: Test Cases/UpdateFullNameAccount

2021-05-28 21:41:00 - [TEST_STEP][PASSED] - openBrowser(""): Browser is opened with url: ''

2021-05-28 21:41:01 - [MESSAGE][INFO] - Starting 'Chrome' driver

2021-05-28 21:41:01 - [MESSAGE][INFO] - Action delay is set to 0 milliseconds

2021-05-28 21:41:02 - [MESSAGE][PASSED] - Browser is opened with url: ''

2021-05-28 21:41:02 - [TEST_STEP][PASSED] - navigateToUrl("https://cdnc-group2.herokuapp.com/"): Navigate to 'https://cdnc-group2.herokuapp.com/' successfully

2021-05-28 21:41:06 - [MESSAGE][PASSED] - Navigate to 'https://cdnc-group2.herokuapp.com/' successfully

2021-05-28 21:41:06 - [TEST_STEP][PASSED] - setText(findTestObject("Object Repository/Page_Mattermost/input_All team communication in one place, _dcc84b"), "ngoctin040999@gmail.com"): Text 'ngoctin040999@gmail.com' is set on object 'Object Repository/Page_Mattermost/input_All team communication in one place, _dcc84b'

2021-05-28 21:41:11 - [MESSAGE][PASSED] - Text 'ngoctin040999@gmail.com' is set on object 'Object Repository/Page_Mattermost/input_All team communication in one place, _dcc84b'

2021-05-28 21:41:11 - [TEST_STEP][PASSED] - setEncryptedText(findTestObject("Object Repository/Page_Mattermost/input_All team communication in one place, _a3edc6"), "S8w1SJvl7D1hts9IdMV+NQ=="): Text ****** has been set on object 'Object Repository/Page_Mattermost/input_All team communication in one place, _a3edc6'

2021-05-28 21:41:11 - [MESSAGE][PASSED] - Text ****** has been set on object 'Object Repository/Page_Mattermost/input_All team communication in one place, _a3edc6'

2021-05-28 21:41:11 - [TEST_STEP][PASSED] - click(findTestObject("Object Repository/Page_Mattermost/span_Sign in")): Object: 'Object Repository/Page_Mattermost/span_Sign in' is clicked on

2021-05-28 21:41:12 - [MESSAGE][PASSED] - Object: 'Object Repository/Page_Mattermost/span_Sign in' is clicked on

2021-05-28 21:41:12 - [TEST_STEP][PASSED] - click(findTestObject("Object Repository/Page_Town Square - Team Mattermost/span")): Object: 'Object Repository/Page_Town Square - Team Mattermost/span' is clicked on

2021-05-28 21:41:16 - [MESSAGE][PASSED] - Object: 'Object Repository/Page_Town Square - Team Mattermost/span' is clicked on

2021-05-28 21:41:16 - [TEST_STEP][PASSED] - click(findTestObject("Object Repository/Page_Town Square - Team Mattermost/button_Account Settings")): Object: 'Object Repository/Page_Town Square - Team Mattermost/button_Account Settings' is clicked on

2021-05-28 21:41:17 - [MESSAGE][PASSED] - Object: 'Object Repository/Page_Town Square - Team Mattermost/button_Account Settings' is clicked on

2021-05-28 21:41:17 - [TEST_STEP][PASSED] - click(findTestObject("Object Repository/Page_Town Square - Team Mattermost/button_Edit")): Object: 'Object Repository/Page_Town Square - Team Mattermost/button_Edit' is clicked on

2021-05-28 21:41:17 - [MESSAGE][PASSED] - Object: 'Object Repository/Page_Town Square - Team Mattermost/button_Edit' is clicked on

2021-05-28 21:41:17 - [TEST_STEP][PASSED] - setText(findTestObject("Object Repository/Page_Town Square - Team Mattermost/input_First Name_firstName"), "Tin"): Text 'Tin' is set on object 'Object Repository/Page_Town Square - Team Mattermost/input_First Name_firstName'

2021-05-28 21:41:18 - [MESSAGE][PASSED] - Text 'Tin' is set on object 'Object Repository/Page_Town Square - Team Mattermost/input_First Name_firstName'

2021-05-28 21:41:18 - [TEST_STEP][PASSED] - setText(findTestObject("Object Repository/Page_Town Square - Team Mattermost/input_Last Name_lastName"), "Nguyen Ngoc"): Text 'Nguyen Ngoc' is set on object 'Object Repository/Page_Town Square - Team Mattermost/input_Last Name_lastName'

2021-05-28 21:41:19 - [MESSAGE][PASSED] - Text 'Nguyen Ngoc' is set on object 'Object Repository/Page_Town Square - Team Mattermost/input_Last Name_lastName'

2021-05-28 21:41:19 - [TEST_STEP][PASSED] - click(findTestObject("Object Repository/Page_Town Square - Team Mattermost/span_Save")): Object: 'Object Repository/Page_Town Square - Team Mattermost/span_Save' is clicked on

2021-05-28 21:41:20 - [MESSAGE][PASSED] - Object: 'Object Repository/Page_Town Square - Team Mattermost/span_Save' is clicked on

2021-05-28 21:41:20 - [TEST_STEP][PASSED] - click(findTestObject("Object Repository/Page_Town Square - Team Mattermost/button_Close")): Object: 'Object Repository/Page_Town Square - Team Mattermost/button_Close' is clicked on

2021-05-28 21:41:21 - [MESSAGE][PASSED] - Object: 'Object Repository/Page_Town Square - Team Mattermost/button_Close' is clicked on

2021-05-28 21:41:21 - [TEST_STEP][PASSED] - closeBrowser(): Browser is closed

2021-05-28 21:41:21 - [MESSAGE][PASSED] - Browser is closed]]></system-out>
         <system-err><![CDATA[]]></system-err>
      </testcase>
      <testcase name="Test Cases/UpdateMemberRole" time="49.748" classname="Test Cases/UpdateMemberRole" status="FAILED">
         <failure type="FAILED" message="Test Cases/UpdateMemberRole FAILED.
Reason:
com.kms.katalon.core.exception.StepFailedException: Unable to click on object 'Object Repository/Update Member Role/button_Member'
	at com.kms.katalon.core.webui.keyword.internal.WebUIKeywordMain.stepFailed(WebUIKeywordMain.groovy:64)
	at com.kms.katalon.core.webui.keyword.internal.WebUIKeywordMain.runKeyword(WebUIKeywordMain.groovy:26)
	at com.kms.katalon.core.webui.keyword.builtin.ClickKeyword.click(ClickKeyword.groovy:75)
	at com.kms.katalon.core.webui.keyword.builtin.ClickKeyword.execute(ClickKeyword.groovy:42)
	at com.kms.katalon.core.keyword.internal.KeywordExecutor.executeKeywordForPlatform(KeywordExecutor.groovy:73)
	at com.kms.katalon.core.webui.keyword.WebUiBuiltInKeywords.click(WebUiBuiltInKeywords.groovy:619)
	at com.kms.katalon.core.webui.keyword.WebUiBuiltInKeywords$click$4.call(Unknown Source)
	at UpdateMemberRole.run(UpdateMemberRole:34)
	at com.kms.katalon.core.main.ScriptEngine.run(ScriptEngine.java:194)
	at com.kms.katalon.core.main.ScriptEngine.runScriptAsRawText(ScriptEngine.java:119)
	at com.kms.katalon.core.main.TestCaseExecutor.runScript(TestCaseExecutor.java:398)
	at com.kms.katalon.core.main.TestCaseExecutor.doExecute(TestCaseExecutor.java:389)
	at com.kms.katalon.core.main.TestCaseExecutor.processExecutionPhase(TestCaseExecutor.java:368)
	at com.kms.katalon.core.main.TestCaseExecutor.accessMainPhase(TestCaseExecutor.java:360)
	at com.kms.katalon.core.main.TestCaseExecutor.execute(TestCaseExecutor.java:255)
	at com.kms.katalon.core.main.TestSuiteExecutor.accessTestCaseMainPhase(TestSuiteExecutor.java:203)
	at com.kms.katalon.core.main.TestSuiteExecutor.accessTestSuiteMainPhase(TestSuiteExecutor.java:152)
	at com.kms.katalon.core.main.TestSuiteExecutor.execute(TestSuiteExecutor.java:95)
	at com.kms.katalon.core.main.TestCaseMain.startTestSuite(TestCaseMain.java:157)
	at com.kms.katalon.core.main.TestCaseMain$startTestSuite$0.call(Unknown Source)
	at TempTestSuite1622212592997.run(TempTestSuite1622212592997.groovy:39)
Caused by: org.openqa.selenium.ElementClickInterceptedException: element click intercepted: Element &lt;button type=&quot;button&quot; id=&quot;fileUploadButton&quot; aria-label=&quot;attachment&quot; class=&quot;style--none post-action icon icon--attachment&quot;>...&lt;/button> is not clickable at point (956, 520). Other element would receive the click: &lt;div role=&quot;dialog&quot; aria-labelledby=&quot;teamMemberModalLabel&quot; id=&quot;teamMembersModal&quot; tabindex=&quot;-1&quot; class=&quot;fade in modal&quot; style=&quot;display: block;&quot;>...&lt;/div>
  (Session info: chrome=90.0.4430.212)
Build info: version: '3.141.59', revision: 'e82be7d358', time: '2018-11-14T08:25:53'
System info: host: 'DESKTOP-0HE72I0', ip: '192.168.243.2', os.name: 'Windows 10', os.arch: 'amd64', os.version: '10.0', java.version: '1.8.0_282'
Driver info: com.kms.katalon.selenium.driver.CChromeDriver
Capabilities {acceptInsecureCerts: false, browserName: chrome, browserVersion: 90.0.4430.212, chrome: {chromedriverVersion: 90.0.4430.24 (4c6d850f087da..., userDataDir: C:\Users\tanth\AppData\Loca...}, goog:chromeOptions: {debuggerAddress: localhost:56777}, javascriptEnabled: true, networkConnectionEnabled: false, pageLoadStrategy: normal, platform: WINDOWS, platformName: WINDOWS, proxy: Proxy(), setWindowRect: true, strictFileInteractability: false, timeouts: {implicit: 0, pageLoad: 300000, script: 30000}, unhandledPromptBehavior: dismiss and notify, webauthn:extension:largeBlob: true, webauthn:virtualAuthenticators: true}
Session ID: a48313aeb1e7df4e03069b6084802c85
	at org.openqa.selenium.remote.http.W3CHttpResponseCodec.createException(W3CHttpResponseCodec.java:187)
	at org.openqa.selenium.remote.http.W3CHttpResponseCodec.decode(W3CHttpResponseCodec.java:122)
	at org.openqa.selenium.remote.http.W3CHttpResponseCodec.decode(W3CHttpResponseCodec.java:49)
	at org.openqa.selenium.remote.HttpCommandExecutor.execute(HttpCommandExecutor.java:158)
	at org.openqa.selenium.remote.service.DriverCommandExecutor.execute(DriverCommandExecutor.java:83)
	at org.openqa.selenium.remote.RemoteWebDriver.execute(RemoteWebDriver.java:552)
	at com.kms.katalon.selenium.driver.CChromeDriver.execute(CChromeDriver.java:19)
	at org.openqa.selenium.remote.RemoteWebElement.execute(RemoteWebElement.java:285)
	at org.openqa.selenium.remote.RemoteWebElement.click(RemoteWebElement.java:84)
	at org.openqa.selenium.support.events.EventFiringWebDriver$EventFiringWebElement.lambda$new$0(EventFiringWebDriver.java:404)
	at com.sun.proxy.$Proxy11.click(Unknown Source)
	at org.openqa.selenium.support.events.EventFiringWebDriver$EventFiringWebElement.click(EventFiringWebDriver.java:417)
	at com.kms.katalon.core.webui.keyword.builtin.ClickKeyword$_click_closure1.doCall(ClickKeyword.groovy:68)
	at com.kms.katalon.core.webui.keyword.builtin.ClickKeyword$_click_closure1.call(ClickKeyword.groovy)
	at com.kms.katalon.core.webui.keyword.internal.WebUIKeywordMain.runKeyword(WebUIKeywordMain.groovy:20)
	... 19 more
"/>
         <system-out><![CDATA[2021-05-28 21:41:21 - [TEST_CASE][FAILED] - Test Cases/UpdateMemberRole: Test Cases/UpdateMemberRole FAILED.
Reason:
com.kms.katalon.core.exception.StepFailedException: Unable to click on object 'Object Repository/Update Member Role/button_Member'
	at com.kms.katalon.core.webui.keyword.internal.WebUIKeywordMain.stepFailed(WebUIKeywordMain.groovy:64)
	at com.kms.katalon.core.webui.keyword.internal.WebUIKeywordMain.runKeyword(WebUIKeywordMain.groovy:26)
	at com.kms.katalon.core.webui.keyword.builtin.ClickKeyword.click(ClickKeyword.groovy:75)
	at com.kms.katalon.core.webui.keyword.builtin.ClickKeyword.execute(ClickKeyword.groovy:42)
	at com.kms.katalon.core.keyword.internal.KeywordExecutor.executeKeywordForPlatform(KeywordExecutor.groovy:73)
	at com.kms.katalon.core.webui.keyword.WebUiBuiltInKeywords.click(WebUiBuiltInKeywords.groovy:619)
	at com.kms.katalon.core.webui.keyword.WebUiBuiltInKeywords$click$4.call(Unknown Source)
	at UpdateMemberRole.run(UpdateMemberRole:34)
	at com.kms.katalon.core.main.ScriptEngine.run(ScriptEngine.java:194)
	at com.kms.katalon.core.main.ScriptEngine.runScriptAsRawText(ScriptEngine.java:119)
	at com.kms.katalon.core.main.TestCaseExecutor.runScript(TestCaseExecutor.java:398)
	at com.kms.katalon.core.main.TestCaseExecutor.doExecute(TestCaseExecutor.java:389)
	at com.kms.katalon.core.main.TestCaseExecutor.processExecutionPhase(TestCaseExecutor.java:368)
	at com.kms.katalon.core.main.TestCaseExecutor.accessMainPhase(TestCaseExecutor.java:360)
	at com.kms.katalon.core.main.TestCaseExecutor.execute(TestCaseExecutor.java:255)
	at com.kms.katalon.core.main.TestSuiteExecutor.accessTestCaseMainPhase(TestSuiteExecutor.java:203)
	at com.kms.katalon.core.main.TestSuiteExecutor.accessTestSuiteMainPhase(TestSuiteExecutor.java:152)
	at com.kms.katalon.core.main.TestSuiteExecutor.execute(TestSuiteExecutor.java:95)
	at com.kms.katalon.core.main.TestCaseMain.startTestSuite(TestCaseMain.java:157)
	at com.kms.katalon.core.main.TestCaseMain$startTestSuite$0.call(Unknown Source)
	at TempTestSuite1622212592997.run(TempTestSuite1622212592997.groovy:39)
Caused by: org.openqa.selenium.ElementClickInterceptedException: element click intercepted: Element <button type="button" id="fileUploadButton" aria-label="attachment" class="style--none post-action icon icon--attachment">...</button> is not clickable at point (956, 520). Other element would receive the click: <div role="dialog" aria-labelledby="teamMemberModalLabel" id="teamMembersModal" tabindex="-1" class="fade in modal" style="display: block;">...</div>
  (Session info: chrome=90.0.4430.212)
Build info: version: '3.141.59', revision: 'e82be7d358', time: '2018-11-14T08:25:53'
System info: host: 'DESKTOP-0HE72I0', ip: '192.168.243.2', os.name: 'Windows 10', os.arch: 'amd64', os.version: '10.0', java.version: '1.8.0_282'
Driver info: com.kms.katalon.selenium.driver.CChromeDriver
Capabilities {acceptInsecureCerts: false, browserName: chrome, browserVersion: 90.0.4430.212, chrome: {chromedriverVersion: 90.0.4430.24 (4c6d850f087da..., userDataDir: C:\Users\tanth\AppData\Loca...}, goog:chromeOptions: {debuggerAddress: localhost:56777}, javascriptEnabled: true, networkConnectionEnabled: false, pageLoadStrategy: normal, platform: WINDOWS, platformName: WINDOWS, proxy: Proxy(), setWindowRect: true, strictFileInteractability: false, timeouts: {implicit: 0, pageLoad: 300000, script: 30000}, unhandledPromptBehavior: dismiss and notify, webauthn:extension:largeBlob: true, webauthn:virtualAuthenticators: true}
Session ID: a48313aeb1e7df4e03069b6084802c85
	at org.openqa.selenium.remote.http.W3CHttpResponseCodec.createException(W3CHttpResponseCodec.java:187)
	at org.openqa.selenium.remote.http.W3CHttpResponseCodec.decode(W3CHttpResponseCodec.java:122)
	at org.openqa.selenium.remote.http.W3CHttpResponseCodec.decode(W3CHttpResponseCodec.java:49)
	at org.openqa.selenium.remote.HttpCommandExecutor.execute(HttpCommandExecutor.java:158)
	at org.openqa.selenium.remote.service.DriverCommandExecutor.execute(DriverCommandExecutor.java:83)
	at org.openqa.selenium.remote.RemoteWebDriver.execute(RemoteWebDriver.java:552)
	at com.kms.katalon.selenium.driver.CChromeDriver.execute(CChromeDriver.java:19)
	at org.openqa.selenium.remote.RemoteWebElement.execute(RemoteWebElement.java:285)
	at org.openqa.selenium.remote.RemoteWebElement.click(RemoteWebElement.java:84)
	at org.openqa.selenium.support.events.EventFiringWebDriver$EventFiringWebElement.lambda$new$0(EventFiringWebDriver.java:404)
	at com.sun.proxy.$Proxy11.click(Unknown Source)
	at org.openqa.selenium.support.events.EventFiringWebDriver$EventFiringWebElement.click(EventFiringWebDriver.java:417)
	at com.kms.katalon.core.webui.keyword.builtin.ClickKeyword$_click_closure1.doCall(ClickKeyword.groovy:68)
	at com.kms.katalon.core.webui.keyword.builtin.ClickKeyword$_click_closure1.call(ClickKeyword.groovy)
	at com.kms.katalon.core.webui.keyword.internal.WebUIKeywordMain.runKeyword(WebUIKeywordMain.groovy:20)
	... 19 more


2021-05-28 21:41:22 - [TEST_STEP][PASSED] - openBrowser("https://cdnc-group2.herokuapp.com/"): Browser is opened with url: 'https://cdnc-group2.herokuapp.com/'

2021-05-28 21:41:22 - [MESSAGE][INFO] - Starting 'Chrome' driver

2021-05-28 21:41:22 - [MESSAGE][INFO] - Action delay is set to 0 milliseconds

2021-05-28 21:41:27 - [MESSAGE][PASSED] - Browser is opened with url: 'https://cdnc-group2.herokuapp.com/'

2021-05-28 21:41:27 - [TEST_STEP][PASSED] - setText(findTestObject("Login/input_Email"), "ngoctin040999@gmail.com"): Text 'ngoctin040999@gmail.com' is set on object 'Object Repository/Login/input_Email'

2021-05-28 21:41:32 - [MESSAGE][PASSED] - Text 'ngoctin040999@gmail.com' is set on object 'Object Repository/Login/input_Email'

2021-05-28 21:41:32 - [TEST_STEP][PASSED] - setText(findTestObject("Login/input_Password"), "ngoctin1"): Text 'ngoctin1' is set on object 'Object Repository/Login/input_Password'

2021-05-28 21:41:33 - [MESSAGE][PASSED] - Text 'ngoctin1' is set on object 'Object Repository/Login/input_Password'

2021-05-28 21:41:33 - [TEST_STEP][PASSED] - click(findTestObject("Login/button_Sign in")): Object: 'Object Repository/Login/button_Sign in' is clicked on

2021-05-28 21:41:34 - [MESSAGE][PASSED] - Object: 'Object Repository/Login/button_Sign in' is clicked on

2021-05-28 21:41:34 - [TEST_STEP][PASSED] - delay(2): Delayed 2 second(s)

2021-05-28 21:41:36 - [MESSAGE][PASSED] - Delayed 2 second(s)

2021-05-28 21:41:36 - [TEST_STEP][PASSED] - click(findTestObject("UpdatePassword/button_Option")): Object: 'Object Repository/UpdatePassword/button_Option' is clicked on

2021-05-28 21:41:37 - [MESSAGE][PASSED] - Object: 'Object Repository/UpdatePassword/button_Option' is clicked on

2021-05-28 21:41:37 - [TEST_STEP][PASSED] - click(findTestObject("Update Member Role/button_Manage Members")): Object: 'Object Repository/Update Member Role/button_Manage Members' is clicked on

2021-05-28 21:41:38 - [MESSAGE][PASSED] - Object: 'Object Repository/Update Member Role/button_Manage Members' is clicked on

2021-05-28 21:41:38 - [TEST_STEP][FAILED] - click(findTestObject("Update Member Role/button_Member")): Unable to click on object 'Object Repository/Update Member Role/button_Member' (Root cause: com.kms.katalon.core.exception.StepFailedException: Unable to click on object 'Object Repository/Update Member Role/button_Member'
	at com.kms.katalon.core.webui.keyword.internal.WebUIKeywordMain.stepFailed(WebUIKeywordMain.groovy:64)
	at com.kms.katalon.core.webui.keyword.internal.WebUIKeywordMain.runKeyword(WebUIKeywordMain.groovy:26)
	at com.kms.katalon.core.webui.keyword.builtin.ClickKeyword.click(ClickKeyword.groovy:75)
	at com.kms.katalon.core.webui.keyword.builtin.ClickKeyword.execute(ClickKeyword.groovy:42)
	at com.kms.katalon.core.keyword.internal.KeywordExecutor.executeKeywordForPlatform(KeywordExecutor.groovy:73)
	at com.kms.katalon.core.webui.keyword.WebUiBuiltInKeywords.click(WebUiBuiltInKeywords.groovy:619)
	at com.kms.katalon.core.webui.keyword.WebUiBuiltInKeywords$click$4.call(Unknown Source)
	at UpdateMemberRole.run(UpdateMemberRole:34)
	at com.kms.katalon.core.main.ScriptEngine.run(ScriptEngine.java:194)
	at com.kms.katalon.core.main.ScriptEngine.runScriptAsRawText(ScriptEngine.java:119)
	at com.kms.katalon.core.main.TestCaseExecutor.runScript(TestCaseExecutor.java:398)
	at com.kms.katalon.core.main.TestCaseExecutor.doExecute(TestCaseExecutor.java:389)
	at com.kms.katalon.core.main.TestCaseExecutor.processExecutionPhase(TestCaseExecutor.java:368)
	at com.kms.katalon.core.main.TestCaseExecutor.accessMainPhase(TestCaseExecutor.java:360)
	at com.kms.katalon.core.main.TestCaseExecutor.execute(TestCaseExecutor.java:255)
	at com.kms.katalon.core.main.TestSuiteExecutor.accessTestCaseMainPhase(TestSuiteExecutor.java:203)
	at com.kms.katalon.core.main.TestSuiteExecutor.accessTestSuiteMainPhase(TestSuiteExecutor.java:152)
	at com.kms.katalon.core.main.TestSuiteExecutor.execute(TestSuiteExecutor.java:95)
	at com.kms.katalon.core.main.TestCaseMain.startTestSuite(TestCaseMain.java:157)
	at com.kms.katalon.core.main.TestCaseMain$startTestSuite$0.call(Unknown Source)
	at TempTestSuite1622212592997.run(TempTestSuite1622212592997.groovy:39)
Caused by: org.openqa.selenium.ElementClickInterceptedException: element click intercepted: Element <button type="button" id="fileUploadButton" aria-label="attachment" class="style--none post-action icon icon--attachment">...</button> is not clickable at point (956, 520). Other element would receive the click: <div role="dialog" aria-labelledby="teamMemberModalLabel" id="teamMembersModal" tabindex="-1" class="fade in modal" style="display: block;">...</div>
  (Session info: chrome=90.0.4430.212)
Build info: version: '3.141.59', revision: 'e82be7d358', time: '2018-11-14T08:25:53'
System info: host: 'DESKTOP-0HE72I0', ip: '192.168.243.2', os.name: 'Windows 10', os.arch: 'amd64', os.version: '10.0', java.version: '1.8.0_282'
Driver info: com.kms.katalon.selenium.driver.CChromeDriver
Capabilities {acceptInsecureCerts: false, browserName: chrome, browserVersion: 90.0.4430.212, chrome: {chromedriverVersion: 90.0.4430.24 (4c6d850f087da..., userDataDir: C:\Users\tanth\AppData\Loca...}, goog:chromeOptions: {debuggerAddress: localhost:56777}, javascriptEnabled: true, networkConnectionEnabled: false, pageLoadStrategy: normal, platform: WINDOWS, platformName: WINDOWS, proxy: Proxy(), setWindowRect: true, strictFileInteractability: false, timeouts: {implicit: 0, pageLoad: 300000, script: 30000}, unhandledPromptBehavior: dismiss and notify, webauthn:extension:largeBlob: true, webauthn:virtualAuthenticators: true}
Session ID: a48313aeb1e7df4e03069b6084802c85
	at org.openqa.selenium.remote.http.W3CHttpResponseCodec.createException(W3CHttpResponseCodec.java:187)
	at org.openqa.selenium.remote.http.W3CHttpResponseCodec.decode(W3CHttpResponseCodec.java:122)
	at org.openqa.selenium.remote.http.W3CHttpResponseCodec.decode(W3CHttpResponseCodec.java:49)
	at org.openqa.selenium.remote.HttpCommandExecutor.execute(HttpCommandExecutor.java:158)
	at org.openqa.selenium.remote.service.DriverCommandExecutor.execute(DriverCommandExecutor.java:83)
	at org.openqa.selenium.remote.RemoteWebDriver.execute(RemoteWebDriver.java:552)
	at com.kms.katalon.selenium.driver.CChromeDriver.execute(CChromeDriver.java:19)
	at org.openqa.selenium.remote.RemoteWebElement.execute(RemoteWebElement.java:285)
	at org.openqa.selenium.remote.RemoteWebElement.click(RemoteWebElement.java:84)
	at org.openqa.selenium.support.events.EventFiringWebDriver$EventFiringWebElement.lambda$new$0(EventFiringWebDriver.java:404)
	at com.sun.proxy.$Proxy11.click(Unknown Source)
	at org.openqa.selenium.support.events.EventFiringWebDriver$EventFiringWebElement.click(EventFiringWebDriver.java:417)
	at com.kms.katalon.core.webui.keyword.builtin.ClickKeyword$_click_closure1.doCall(ClickKeyword.groovy:68)
	at com.kms.katalon.core.webui.keyword.builtin.ClickKeyword$_click_closure1.call(ClickKeyword.groovy)
	at com.kms.katalon.core.webui.keyword.internal.WebUIKeywordMain.runKeyword(WebUIKeywordMain.groovy:20)
	at com.kms.katalon.core.webui.keyword.builtin.ClickKeyword.click(ClickKeyword.groovy:75)
	at com.kms.katalon.core.webui.keyword.builtin.ClickKeyword.execute(ClickKeyword.groovy:42)
	at com.kms.katalon.core.keyword.internal.KeywordExecutor.executeKeywordForPlatform(KeywordExecutor.groovy:73)
	at com.kms.katalon.core.webui.keyword.WebUiBuiltInKeywords.click(WebUiBuiltInKeywords.groovy:619)
	at com.kms.katalon.core.webui.keyword.WebUiBuiltInKeywords$click$4.call(Unknown Source)
	at Script1621952286864.run(Script1621952286864.groovy:34)
	... 13 more
)

2021-05-28 21:42:10 - [MESSAGE][INFO] - Unable to find the element located by 'By.xpath: //button[@id='teamMembersDropdown_test1']'. Please recheck the objects properties to make sure the desired element is located. 

2021-05-28 21:42:10 - [MESSAGE][WARNING] - [SELF-HEALING] Failed to find element with id 'Object Repository/Update Member Role/button_Member'. Try using Self-healing.

2021-05-28 21:42:10 - [MESSAGE][WARNING] - [SELF-HEALING] The current locator of test object 'Object Repository/Update Member Role/button_Member' was broken. Propose an alternative one: '(.//*[normalize-space(text()) and normalize-space(.)='@test1'])[3]/following::button[1]'.

2021-05-28 21:42:11 - [MESSAGE][FAILED] - Unable to click on object 'Object Repository/Update Member Role/button_Member' (Root cause: com.kms.katalon.core.exception.StepFailedException: Unable to click on object 'Object Repository/Update Member Role/button_Member'
	at com.kms.katalon.core.webui.keyword.internal.WebUIKeywordMain.stepFailed(WebUIKeywordMain.groovy:64)
	at com.kms.katalon.core.webui.keyword.internal.WebUIKeywordMain.runKeyword(WebUIKeywordMain.groovy:26)
	at com.kms.katalon.core.webui.keyword.builtin.ClickKeyword.click(ClickKeyword.groovy:75)
	at com.kms.katalon.core.webui.keyword.builtin.ClickKeyword.execute(ClickKeyword.groovy:42)
	at com.kms.katalon.core.keyword.internal.KeywordExecutor.executeKeywordForPlatform(KeywordExecutor.groovy:73)
	at com.kms.katalon.core.webui.keyword.WebUiBuiltInKeywords.click(WebUiBuiltInKeywords.groovy:619)
	at com.kms.katalon.core.webui.keyword.WebUiBuiltInKeywords$click$4.call(Unknown Source)
	at UpdateMemberRole.run(UpdateMemberRole:34)
	at com.kms.katalon.core.main.ScriptEngine.run(ScriptEngine.java:194)
	at com.kms.katalon.core.main.ScriptEngine.runScriptAsRawText(ScriptEngine.java:119)
	at com.kms.katalon.core.main.TestCaseExecutor.runScript(TestCaseExecutor.java:398)
	at com.kms.katalon.core.main.TestCaseExecutor.doExecute(TestCaseExecutor.java:389)
	at com.kms.katalon.core.main.TestCaseExecutor.processExecutionPhase(TestCaseExecutor.java:368)
	at com.kms.katalon.core.main.TestCaseExecutor.accessMainPhase(TestCaseExecutor.java:360)
	at com.kms.katalon.core.main.TestCaseExecutor.execute(TestCaseExecutor.java:255)
	at com.kms.katalon.core.main.TestSuiteExecutor.accessTestCaseMainPhase(TestSuiteExecutor.java:203)
	at com.kms.katalon.core.main.TestSuiteExecutor.accessTestSuiteMainPhase(TestSuiteExecutor.java:152)
	at com.kms.katalon.core.main.TestSuiteExecutor.execute(TestSuiteExecutor.java:95)
	at com.kms.katalon.core.main.TestCaseMain.startTestSuite(TestCaseMain.java:157)
	at com.kms.katalon.core.main.TestCaseMain$startTestSuite$0.call(Unknown Source)
	at TempTestSuite1622212592997.run(TempTestSuite1622212592997.groovy:39)
Caused by: org.openqa.selenium.ElementClickInterceptedException: element click intercepted: Element <button type="button" id="fileUploadButton" aria-label="attachment" class="style--none post-action icon icon--attachment">...</button> is not clickable at point (956, 520). Other element would receive the click: <div role="dialog" aria-labelledby="teamMemberModalLabel" id="teamMembersModal" tabindex="-1" class="fade in modal" style="display: block;">...</div>
  (Session info: chrome=90.0.4430.212)
Build info: version: '3.141.59', revision: 'e82be7d358', time: '2018-11-14T08:25:53'
System info: host: 'DESKTOP-0HE72I0', ip: '192.168.243.2', os.name: 'Windows 10', os.arch: 'amd64', os.version: '10.0', java.version: '1.8.0_282'
Driver info: com.kms.katalon.selenium.driver.CChromeDriver
Capabilities {acceptInsecureCerts: false, browserName: chrome, browserVersion: 90.0.4430.212, chrome: {chromedriverVersion: 90.0.4430.24 (4c6d850f087da..., userDataDir: C:\Users\tanth\AppData\Loca...}, goog:chromeOptions: {debuggerAddress: localhost:56777}, javascriptEnabled: true, networkConnectionEnabled: false, pageLoadStrategy: normal, platform: WINDOWS, platformName: WINDOWS, proxy: Proxy(), setWindowRect: true, strictFileInteractability: false, timeouts: {implicit: 0, pageLoad: 300000, script: 30000}, unhandledPromptBehavior: dismiss and notify, webauthn:extension:largeBlob: true, webauthn:virtualAuthenticators: true}
Session ID: a48313aeb1e7df4e03069b6084802c85
	at org.openqa.selenium.remote.http.W3CHttpResponseCodec.createException(W3CHttpResponseCodec.java:187)
	at org.openqa.selenium.remote.http.W3CHttpResponseCodec.decode(W3CHttpResponseCodec.java:122)
	at org.openqa.selenium.remote.http.W3CHttpResponseCodec.decode(W3CHttpResponseCodec.java:49)
	at org.openqa.selenium.remote.HttpCommandExecutor.execute(HttpCommandExecutor.java:158)
	at org.openqa.selenium.remote.service.DriverCommandExecutor.execute(DriverCommandExecutor.java:83)
	at org.openqa.selenium.remote.RemoteWebDriver.execute(RemoteWebDriver.java:552)
	at com.kms.katalon.selenium.driver.CChromeDriver.execute(CChromeDriver.java:19)
	at org.openqa.selenium.remote.RemoteWebElement.execute(RemoteWebElement.java:285)
	at org.openqa.selenium.remote.RemoteWebElement.click(RemoteWebElement.java:84)
	at org.openqa.selenium.support.events.EventFiringWebDriver$EventFiringWebElement.lambda$new$0(EventFiringWebDriver.java:404)
	at com.sun.proxy.$Proxy11.click(Unknown Source)
	at org.openqa.selenium.support.events.EventFiringWebDriver$EventFiringWebElement.click(EventFiringWebDriver.java:417)
	at com.kms.katalon.core.webui.keyword.builtin.ClickKeyword$_click_closure1.doCall(ClickKeyword.groovy:68)
	at com.kms.katalon.core.webui.keyword.builtin.ClickKeyword$_click_closure1.call(ClickKeyword.groovy)
	at com.kms.katalon.core.webui.keyword.internal.WebUIKeywordMain.runKeyword(WebUIKeywordMain.groovy:20)
	at com.kms.katalon.core.webui.keyword.builtin.ClickKeyword.click(ClickKeyword.groovy:75)
	at com.kms.katalon.core.webui.keyword.builtin.ClickKeyword.execute(ClickKeyword.groovy:42)
	at com.kms.katalon.core.keyword.internal.KeywordExecutor.executeKeywordForPlatform(KeywordExecutor.groovy:73)
	at com.kms.katalon.core.webui.keyword.WebUiBuiltInKeywords.click(WebUiBuiltInKeywords.groovy:619)
	at com.kms.katalon.core.webui.keyword.WebUiBuiltInKeywords$click$4.call(Unknown Source)
	at Script1621952286864.run(Script1621952286864.groovy:34)
	... 13 more
)
[[ATTACHMENT|C:\\Users\\tanth\\git\\katalon\\Reports\\20210528_213632\\Run all test cases\\20210528_213632\\1622212931534.png]]]]></system-out>
         <system-err><![CDATA[2021-05-28 21:41:21 - [TEST_CASE][FAILED] - Test Cases/UpdateMemberRole: Test Cases/UpdateMemberRole FAILED.
Reason:
com.kms.katalon.core.exception.StepFailedException: Unable to click on object 'Object Repository/Update Member Role/button_Member'
	at com.kms.katalon.core.webui.keyword.internal.WebUIKeywordMain.stepFailed(WebUIKeywordMain.groovy:64)
	at com.kms.katalon.core.webui.keyword.internal.WebUIKeywordMain.runKeyword(WebUIKeywordMain.groovy:26)
	at com.kms.katalon.core.webui.keyword.builtin.ClickKeyword.click(ClickKeyword.groovy:75)
	at com.kms.katalon.core.webui.keyword.builtin.ClickKeyword.execute(ClickKeyword.groovy:42)
	at com.kms.katalon.core.keyword.internal.KeywordExecutor.executeKeywordForPlatform(KeywordExecutor.groovy:73)
	at com.kms.katalon.core.webui.keyword.WebUiBuiltInKeywords.click(WebUiBuiltInKeywords.groovy:619)
	at com.kms.katalon.core.webui.keyword.WebUiBuiltInKeywords$click$4.call(Unknown Source)
	at UpdateMemberRole.run(UpdateMemberRole:34)
	at com.kms.katalon.core.main.ScriptEngine.run(ScriptEngine.java:194)
	at com.kms.katalon.core.main.ScriptEngine.runScriptAsRawText(ScriptEngine.java:119)
	at com.kms.katalon.core.main.TestCaseExecutor.runScript(TestCaseExecutor.java:398)
	at com.kms.katalon.core.main.TestCaseExecutor.doExecute(TestCaseExecutor.java:389)
	at com.kms.katalon.core.main.TestCaseExecutor.processExecutionPhase(TestCaseExecutor.java:368)
	at com.kms.katalon.core.main.TestCaseExecutor.accessMainPhase(TestCaseExecutor.java:360)
	at com.kms.katalon.core.main.TestCaseExecutor.execute(TestCaseExecutor.java:255)
	at com.kms.katalon.core.main.TestSuiteExecutor.accessTestCaseMainPhase(TestSuiteExecutor.java:203)
	at com.kms.katalon.core.main.TestSuiteExecutor.accessTestSuiteMainPhase(TestSuiteExecutor.java:152)
	at com.kms.katalon.core.main.TestSuiteExecutor.execute(TestSuiteExecutor.java:95)
	at com.kms.katalon.core.main.TestCaseMain.startTestSuite(TestCaseMain.java:157)
	at com.kms.katalon.core.main.TestCaseMain$startTestSuite$0.call(Unknown Source)
	at TempTestSuite1622212592997.run(TempTestSuite1622212592997.groovy:39)
Caused by: org.openqa.selenium.ElementClickInterceptedException: element click intercepted: Element <button type="button" id="fileUploadButton" aria-label="attachment" class="style--none post-action icon icon--attachment">...</button> is not clickable at point (956, 520). Other element would receive the click: <div role="dialog" aria-labelledby="teamMemberModalLabel" id="teamMembersModal" tabindex="-1" class="fade in modal" style="display: block;">...</div>
  (Session info: chrome=90.0.4430.212)
Build info: version: '3.141.59', revision: 'e82be7d358', time: '2018-11-14T08:25:53'
System info: host: 'DESKTOP-0HE72I0', ip: '192.168.243.2', os.name: 'Windows 10', os.arch: 'amd64', os.version: '10.0', java.version: '1.8.0_282'
Driver info: com.kms.katalon.selenium.driver.CChromeDriver
Capabilities {acceptInsecureCerts: false, browserName: chrome, browserVersion: 90.0.4430.212, chrome: {chromedriverVersion: 90.0.4430.24 (4c6d850f087da..., userDataDir: C:\Users\tanth\AppData\Loca...}, goog:chromeOptions: {debuggerAddress: localhost:56777}, javascriptEnabled: true, networkConnectionEnabled: false, pageLoadStrategy: normal, platform: WINDOWS, platformName: WINDOWS, proxy: Proxy(), setWindowRect: true, strictFileInteractability: false, timeouts: {implicit: 0, pageLoad: 300000, script: 30000}, unhandledPromptBehavior: dismiss and notify, webauthn:extension:largeBlob: true, webauthn:virtualAuthenticators: true}
Session ID: a48313aeb1e7df4e03069b6084802c85
	at org.openqa.selenium.remote.http.W3CHttpResponseCodec.createException(W3CHttpResponseCodec.java:187)
	at org.openqa.selenium.remote.http.W3CHttpResponseCodec.decode(W3CHttpResponseCodec.java:122)
	at org.openqa.selenium.remote.http.W3CHttpResponseCodec.decode(W3CHttpResponseCodec.java:49)
	at org.openqa.selenium.remote.HttpCommandExecutor.execute(HttpCommandExecutor.java:158)
	at org.openqa.selenium.remote.service.DriverCommandExecutor.execute(DriverCommandExecutor.java:83)
	at org.openqa.selenium.remote.RemoteWebDriver.execute(RemoteWebDriver.java:552)
	at com.kms.katalon.selenium.driver.CChromeDriver.execute(CChromeDriver.java:19)
	at org.openqa.selenium.remote.RemoteWebElement.execute(RemoteWebElement.java:285)
	at org.openqa.selenium.remote.RemoteWebElement.click(RemoteWebElement.java:84)
	at org.openqa.selenium.support.events.EventFiringWebDriver$EventFiringWebElement.lambda$new$0(EventFiringWebDriver.java:404)
	at com.sun.proxy.$Proxy11.click(Unknown Source)
	at org.openqa.selenium.support.events.EventFiringWebDriver$EventFiringWebElement.click(EventFiringWebDriver.java:417)
	at com.kms.katalon.core.webui.keyword.builtin.ClickKeyword$_click_closure1.doCall(ClickKeyword.groovy:68)
	at com.kms.katalon.core.webui.keyword.builtin.ClickKeyword$_click_closure1.call(ClickKeyword.groovy)
	at com.kms.katalon.core.webui.keyword.internal.WebUIKeywordMain.runKeyword(WebUIKeywordMain.groovy:20)
	... 19 more]]></system-err>
      </testcase>
      <testcase name="Test Cases/UpdateUsernameAccount" time="24.079" classname="Test Cases/UpdateUsernameAccount" status="PASSED">
         <system-out><![CDATA[2021-05-28 21:42:11 - [TEST_CASE][PASSED] - Test Cases/UpdateUsernameAccount: Test Cases/UpdateUsernameAccount

2021-05-28 21:42:12 - [TEST_STEP][PASSED] - openBrowser(""): Browser is opened with url: ''

2021-05-28 21:42:12 - [MESSAGE][WARNING] - A browser is already opened. Closing browser and opening a new one

2021-05-28 21:42:13 - [MESSAGE][INFO] - Starting 'Chrome' driver

2021-05-28 21:42:13 - [MESSAGE][INFO] - Action delay is set to 0 milliseconds

2021-05-28 21:42:15 - [MESSAGE][PASSED] - Browser is opened with url: ''

2021-05-28 21:42:15 - [TEST_STEP][PASSED] - navigateToUrl("https://cdnc-group2.herokuapp.com/"): Navigate to 'https://cdnc-group2.herokuapp.com/' successfully

2021-05-28 21:42:20 - [MESSAGE][PASSED] - Navigate to 'https://cdnc-group2.herokuapp.com/' successfully

2021-05-28 21:42:20 - [TEST_STEP][PASSED] - setText(findTestObject("Object Repository/Page_Mattermost/input_All team communication in one place, _dcc84b"), "ngoctin040999@gmail.com"): Text 'ngoctin040999@gmail.com' is set on object 'Object Repository/Page_Mattermost/input_All team communication in one place, _dcc84b'

2021-05-28 21:42:25 - [MESSAGE][PASSED] - Text 'ngoctin040999@gmail.com' is set on object 'Object Repository/Page_Mattermost/input_All team communication in one place, _dcc84b'

2021-05-28 21:42:25 - [TEST_STEP][PASSED] - setEncryptedText(findTestObject("Object Repository/Page_Mattermost/input_All team communication in one place, _a3edc6"), "S8w1SJvl7D1hts9IdMV+NQ=="): Text ****** has been set on object 'Object Repository/Page_Mattermost/input_All team communication in one place, _a3edc6'

2021-05-28 21:42:26 - [MESSAGE][PASSED] - Text ****** has been set on object 'Object Repository/Page_Mattermost/input_All team communication in one place, _a3edc6'

2021-05-28 21:42:26 - [TEST_STEP][PASSED] - click(findTestObject("Object Repository/Page_Mattermost/button_Sign in")): Object: 'Object Repository/Page_Mattermost/button_Sign in' is clicked on

2021-05-28 21:42:27 - [MESSAGE][PASSED] - Object: 'Object Repository/Page_Mattermost/button_Sign in' is clicked on

2021-05-28 21:42:27 - [TEST_STEP][PASSED] - click(findTestObject("Object Repository/Page_Town Square - TOKEN_UPDATED Mattermost/button_ngoctin02806_style--none sidebar-hea_8af0e1")): Object: 'Object Repository/Page_Town Square - TOKEN_UPDATED Mattermost/button_ngoctin02806_style--none sidebar-hea_8af0e1' is clicked on

2021-05-28 21:42:30 - [MESSAGE][PASSED] - Object: 'Object Repository/Page_Town Square - TOKEN_UPDATED Mattermost/button_ngoctin02806_style--none sidebar-hea_8af0e1' is clicked on

2021-05-28 21:42:30 - [TEST_STEP][PASSED] - click(findTestObject("Object Repository/Page_Town Square - TOKEN_UPDATED Mattermost/button_Account Settings")): Object: 'Object Repository/Page_Town Square - TOKEN_UPDATED Mattermost/button_Account Settings' is clicked on

2021-05-28 21:42:31 - [MESSAGE][PASSED] - Object: 'Object Repository/Page_Town Square - TOKEN_UPDATED Mattermost/button_Account Settings' is clicked on

2021-05-28 21:42:31 - [TEST_STEP][PASSED] - click(findTestObject("Object Repository/Page_Town Square - TOKEN_UPDATED Mattermost/span_Edit")): Object: 'Object Repository/Page_Town Square - TOKEN_UPDATED Mattermost/span_Edit' is clicked on

2021-05-28 21:42:32 - [MESSAGE][PASSED] - Object: 'Object Repository/Page_Town Square - TOKEN_UPDATED Mattermost/span_Edit' is clicked on

2021-05-28 21:42:32 - [TEST_STEP][PASSED] - setText(findTestObject("Object Repository/Page_Town Square - TOKEN_UPDATED Mattermost/input_Username_username"), "ngoctin12345"): Text 'ngoctin12345' is set on object 'Object Repository/Page_Town Square - TOKEN_UPDATED Mattermost/input_Username_username'

2021-05-28 21:42:33 - [MESSAGE][PASSED] - Text 'ngoctin12345' is set on object 'Object Repository/Page_Town Square - TOKEN_UPDATED Mattermost/input_Username_username'

2021-05-28 21:42:33 - [TEST_STEP][PASSED] - click(findTestObject("Object Repository/Page_Town Square - TOKEN_UPDATED Mattermost/button_Save")): Object: 'Object Repository/Page_Town Square - TOKEN_UPDATED Mattermost/button_Save' is clicked on

2021-05-28 21:42:34 - [MESSAGE][PASSED] - Object: 'Object Repository/Page_Town Square - TOKEN_UPDATED Mattermost/button_Save' is clicked on

2021-05-28 21:42:34 - [TEST_STEP][PASSED] - click(findTestObject("Object Repository/Page_Town Square - TOKEN_UPDATED Mattermost/button_Close")): Object: 'Object Repository/Page_Town Square - TOKEN_UPDATED Mattermost/button_Close' is clicked on

2021-05-28 21:42:34 - [MESSAGE][PASSED] - Object: 'Object Repository/Page_Town Square - TOKEN_UPDATED Mattermost/button_Close' is clicked on

2021-05-28 21:42:34 - [TEST_STEP][PASSED] - closeBrowser(): Browser is closed

2021-05-28 21:42:35 - [MESSAGE][PASSED] - Browser is closed]]></system-out>
         <system-err><![CDATA[]]></system-err>
      </testcase>
      <testcase name="Test Cases/EditClockDiplsy" time="27.129" classname="Test Cases/EditClockDiplsy" status="PASSED">
         <system-out><![CDATA[2021-05-28 21:42:35 - [TEST_CASE][PASSED] - Test Cases/EditClockDiplsy: Test Cases/EditClockDiplsy

2021-05-28 21:42:36 - [TEST_STEP][PASSED] - openBrowser("https://cdnc-group2.herokuapp.com/"): Browser is opened with url: 'https://cdnc-group2.herokuapp.com/'

2021-05-28 21:42:36 - [MESSAGE][INFO] - Starting 'Chrome' driver

2021-05-28 21:42:36 - [MESSAGE][INFO] - Action delay is set to 0 milliseconds

2021-05-28 21:42:42 - [MESSAGE][PASSED] - Browser is opened with url: 'https://cdnc-group2.herokuapp.com/'

2021-05-28 21:42:42 - [TEST_STEP][PASSED] - setText(findTestObject("Login/input_Email"), "ngoctin040999@gmail.com"): Text 'ngoctin040999@gmail.com' is set on object 'Object Repository/Login/input_Email'

2021-05-28 21:42:49 - [MESSAGE][PASSED] - Text 'ngoctin040999@gmail.com' is set on object 'Object Repository/Login/input_Email'

2021-05-28 21:42:49 - [TEST_STEP][PASSED] - setText(findTestObject("Login/input_Password"), "ngoctin1"): Text 'ngoctin1' is set on object 'Object Repository/Login/input_Password'

2021-05-28 21:42:50 - [MESSAGE][PASSED] - Text 'ngoctin1' is set on object 'Object Repository/Login/input_Password'

2021-05-28 21:42:50 - [TEST_STEP][PASSED] - click(findTestObject("Login/button_Sign in")): Object: 'Object Repository/Login/button_Sign in' is clicked on

2021-05-28 21:42:51 - [MESSAGE][PASSED] - Object: 'Object Repository/Login/button_Sign in' is clicked on

2021-05-28 21:42:51 - [TEST_STEP][PASSED] - delay(2): Delayed 2 second(s)

2021-05-28 21:42:53 - [MESSAGE][PASSED] - Delayed 2 second(s)

2021-05-28 21:42:53 - [TEST_STEP][PASSED] - click(findTestObject("UpdatePassword/button_Option")): Object: 'Object Repository/UpdatePassword/button_Option' is clicked on

2021-05-28 21:42:54 - [MESSAGE][PASSED] - Object: 'Object Repository/UpdatePassword/button_Option' is clicked on

2021-05-28 21:42:54 - [TEST_STEP][PASSED] - click(findTestObject("UpdatePassword/button_Account Settings")): Object: 'Object Repository/UpdatePassword/button_Account Settings' is clicked on

2021-05-28 21:42:55 - [MESSAGE][PASSED] - Object: 'Object Repository/UpdatePassword/button_Account Settings' is clicked on

2021-05-28 21:42:55 - [TEST_STEP][PASSED] - click(findTestObject("Edit Theme/button_Display")): Object: 'Object Repository/Edit Theme/button_Display' is clicked on

2021-05-28 21:42:56 - [MESSAGE][PASSED] - Object: 'Object Repository/Edit Theme/button_Display' is clicked on

2021-05-28 21:42:56 - [TEST_STEP][PASSED] - click(findTestObject("Edit Clock Display/button_Edit")): Object: 'Object Repository/Edit Clock Display/button_Edit' is clicked on

2021-05-28 21:42:57 - [MESSAGE][PASSED] - Object: 'Object Repository/Edit Clock Display/button_Edit' is clicked on

2021-05-28 21:42:57 - [TEST_STEP][PASSED] - click(findTestObject("Edit Clock Display/input_Clock Display_24")): Object: 'Object Repository/Edit Clock Display/input_Clock Display_24' is clicked on

2021-05-28 21:42:57 - [MESSAGE][PASSED] - Object: 'Object Repository/Edit Clock Display/input_Clock Display_24' is clicked on

2021-05-28 21:42:57 - [TEST_STEP][PASSED] - click(findTestObject("Edit Clock Display/button_Save")): Object: 'Object Repository/Edit Clock Display/button_Save' is clicked on

2021-05-28 21:42:58 - [MESSAGE][PASSED] - Object: 'Object Repository/Edit Clock Display/button_Save' is clicked on

2021-05-28 21:42:58 - [TEST_STEP][PASSED] - delay(1): Delayed 1 second(s)

2021-05-28 21:42:59 - [MESSAGE][PASSED] - Delayed 1 second(s)

2021-05-28 21:42:59 - [TEST_STEP][PASSED] - click(findTestObject("Edit Clock Display/button_Edit")): Object: 'Object Repository/Edit Clock Display/button_Edit' is clicked on

2021-05-28 21:42:59 - [MESSAGE][PASSED] - Object: 'Object Repository/Edit Clock Display/button_Edit' is clicked on

2021-05-28 21:42:59 - [TEST_STEP][PASSED] - click(findTestObject("Edit Clock Display/input_Clock Display_12")): Object: 'Object Repository/Edit Clock Display/input_Clock Display_12' is clicked on

2021-05-28 21:43:00 - [MESSAGE][PASSED] - Object: 'Object Repository/Edit Clock Display/input_Clock Display_12' is clicked on

2021-05-28 21:43:00 - [TEST_STEP][PASSED] - click(findTestObject("Edit Clock Display/button_Save")): Object: 'Object Repository/Edit Clock Display/button_Save' is clicked on

2021-05-28 21:43:00 - [MESSAGE][PASSED] - Object: 'Object Repository/Edit Clock Display/button_Save' is clicked on

2021-05-28 21:43:00 - [TEST_STEP][PASSED] - delay(1): Delayed 1 second(s)

2021-05-28 21:43:01 - [MESSAGE][PASSED] - Delayed 1 second(s)

2021-05-28 21:43:01 - [TEST_STEP][PASSED] - closeBrowser(): Browser is closed

2021-05-28 21:43:02 - [MESSAGE][PASSED] - Browser is closed]]></system-out>
         <system-err><![CDATA[]]></system-err>
      </testcase>
      <testcase name="Test Cases/EditSideBar" time="25.325" classname="Test Cases/EditSideBar" status="PASSED">
         <system-out><![CDATA[2021-05-28 21:43:02 - [TEST_CASE][PASSED] - Test Cases/EditSideBar: Test Cases/EditSideBar

2021-05-28 21:43:03 - [TEST_STEP][PASSED] - openBrowser("https://cdnc-group2.herokuapp.com/"): Browser is opened with url: 'https://cdnc-group2.herokuapp.com/'

2021-05-28 21:43:03 - [MESSAGE][INFO] - Starting 'Chrome' driver

2021-05-28 21:43:03 - [MESSAGE][INFO] - Action delay is set to 0 milliseconds

2021-05-28 21:43:09 - [MESSAGE][PASSED] - Browser is opened with url: 'https://cdnc-group2.herokuapp.com/'

2021-05-28 21:43:09 - [TEST_STEP][PASSED] - setText(findTestObject("Login/input_Email"), "ngoctin040999@gmail.com"): Text 'ngoctin040999@gmail.com' is set on object 'Object Repository/Login/input_Email'

2021-05-28 21:43:14 - [MESSAGE][PASSED] - Text 'ngoctin040999@gmail.com' is set on object 'Object Repository/Login/input_Email'

2021-05-28 21:43:14 - [TEST_STEP][PASSED] - setText(findTestObject("Login/input_Password"), "ngoctin1"): Text 'ngoctin1' is set on object 'Object Repository/Login/input_Password'

2021-05-28 21:43:15 - [MESSAGE][PASSED] - Text 'ngoctin1' is set on object 'Object Repository/Login/input_Password'

2021-05-28 21:43:15 - [TEST_STEP][PASSED] - click(findTestObject("Login/button_Sign in")): Object: 'Object Repository/Login/button_Sign in' is clicked on

2021-05-28 21:43:16 - [MESSAGE][PASSED] - Object: 'Object Repository/Login/button_Sign in' is clicked on

2021-05-28 21:43:16 - [TEST_STEP][PASSED] - delay(2): Delayed 2 second(s)

2021-05-28 21:43:18 - [MESSAGE][PASSED] - Delayed 2 second(s)

2021-05-28 21:43:18 - [TEST_STEP][PASSED] - click(findTestObject("UpdatePassword/button_Option")): Object: 'Object Repository/UpdatePassword/button_Option' is clicked on

2021-05-28 21:43:20 - [MESSAGE][PASSED] - Object: 'Object Repository/UpdatePassword/button_Option' is clicked on

2021-05-28 21:43:20 - [TEST_STEP][PASSED] - click(findTestObject("UpdatePassword/button_Account Settings")): Object: 'Object Repository/UpdatePassword/button_Account Settings' is clicked on

2021-05-28 21:43:21 - [MESSAGE][PASSED] - Object: 'Object Repository/UpdatePassword/button_Account Settings' is clicked on

2021-05-28 21:43:21 - [TEST_STEP][PASSED] - click(findTestObject("Edit SideBar/button_Sidebar")): Object: 'Object Repository/Edit SideBar/button_Sidebar' is clicked on

2021-05-28 21:43:22 - [MESSAGE][PASSED] - Object: 'Object Repository/Edit SideBar/button_Sidebar' is clicked on

2021-05-28 21:43:22 - [TEST_STEP][PASSED] - click(findTestObject("Edit SideBar/button_Edit")): Object: 'Object Repository/Edit SideBar/button_Edit' is clicked on

2021-05-28 21:43:22 - [MESSAGE][PASSED] - Object: 'Object Repository/Edit SideBar/button_Edit' is clicked on

2021-05-28 21:43:22 - [TEST_STEP][PASSED] - click(findTestObject("Edit SideBar/input_Off")): Object: 'Object Repository/Edit SideBar/input_Off' is clicked on

2021-05-28 21:43:23 - [MESSAGE][PASSED] - Object: 'Object Repository/Edit SideBar/input_Off' is clicked on

2021-05-28 21:43:23 - [TEST_STEP][PASSED] - click(findTestObject("Edit SideBar/button_Save")): Object: 'Object Repository/Edit SideBar/button_Save' is clicked on

2021-05-28 21:43:23 - [MESSAGE][PASSED] - Object: 'Object Repository/Edit SideBar/button_Save' is clicked on

2021-05-28 21:43:23 - [TEST_STEP][PASSED] - delay(1): Delayed 1 second(s)

2021-05-28 21:43:24 - [MESSAGE][PASSED] - Delayed 1 second(s)

2021-05-28 21:43:24 - [TEST_STEP][PASSED] - click(findTestObject("Edit SideBar/button_Edit")): Object: 'Object Repository/Edit SideBar/button_Edit' is clicked on

2021-05-28 21:43:25 - [MESSAGE][PASSED] - Object: 'Object Repository/Edit SideBar/button_Edit' is clicked on

2021-05-28 21:43:25 - [TEST_STEP][PASSED] - click(findTestObject("Edit SideBar/input_On")): Object: 'Object Repository/Edit SideBar/input_On' is clicked on

2021-05-28 21:43:25 - [MESSAGE][PASSED] - Object: 'Object Repository/Edit SideBar/input_On' is clicked on

2021-05-28 21:43:25 - [TEST_STEP][PASSED] - click(findTestObject("Edit SideBar/button_Save")): Object: 'Object Repository/Edit SideBar/button_Save' is clicked on

2021-05-28 21:43:26 - [MESSAGE][PASSED] - Object: 'Object Repository/Edit SideBar/button_Save' is clicked on

2021-05-28 21:43:26 - [TEST_STEP][PASSED] - delay(1): Delayed 1 second(s)

2021-05-28 21:43:27 - [MESSAGE][PASSED] - Delayed 1 second(s)

2021-05-28 21:43:27 - [TEST_STEP][PASSED] - closeBrowser(): Browser is closed

2021-05-28 21:43:28 - [MESSAGE][PASSED] - Browser is closed]]></system-out>
         <system-err><![CDATA[]]></system-err>
      </testcase>
      <testcase name="Test Cases/EditTheme" time="31.134" classname="Test Cases/EditTheme" status="PASSED">
         <system-out><![CDATA[2021-05-28 21:43:28 - [TEST_CASE][PASSED] - Test Cases/EditTheme: Test Cases/EditTheme

2021-05-28 21:43:28 - [TEST_STEP][PASSED] - openBrowser("https://cdnc-group2.herokuapp.com/"): Browser is opened with url: 'https://cdnc-group2.herokuapp.com/'

2021-05-28 21:43:28 - [MESSAGE][INFO] - Starting 'Chrome' driver

2021-05-28 21:43:28 - [MESSAGE][INFO] - Action delay is set to 0 milliseconds

2021-05-28 21:43:35 - [MESSAGE][PASSED] - Browser is opened with url: 'https://cdnc-group2.herokuapp.com/'

2021-05-28 21:43:35 - [TEST_STEP][PASSED] - setText(findTestObject("Login/input_Email"), "ngoctin040999@gmail.com"): Text 'ngoctin040999@gmail.com' is set on object 'Object Repository/Login/input_Email'

2021-05-28 21:43:40 - [MESSAGE][PASSED] - Text 'ngoctin040999@gmail.com' is set on object 'Object Repository/Login/input_Email'

2021-05-28 21:43:40 - [TEST_STEP][PASSED] - setText(findTestObject("Login/input_Password"), "ngoctin1"): Text 'ngoctin1' is set on object 'Object Repository/Login/input_Password'

2021-05-28 21:43:41 - [MESSAGE][PASSED] - Text 'ngoctin1' is set on object 'Object Repository/Login/input_Password'

2021-05-28 21:43:41 - [TEST_STEP][PASSED] - click(findTestObject("Login/button_Sign in")): Object: 'Object Repository/Login/button_Sign in' is clicked on

2021-05-28 21:43:41 - [MESSAGE][PASSED] - Object: 'Object Repository/Login/button_Sign in' is clicked on

2021-05-28 21:43:41 - [TEST_STEP][PASSED] - delay(2): Delayed 2 second(s)

2021-05-28 21:43:43 - [MESSAGE][PASSED] - Delayed 2 second(s)

2021-05-28 21:43:43 - [TEST_STEP][PASSED] - click(findTestObject("UpdatePassword/button_Option")): Object: 'Object Repository/UpdatePassword/button_Option' is clicked on

2021-05-28 21:43:45 - [MESSAGE][PASSED] - Object: 'Object Repository/UpdatePassword/button_Option' is clicked on

2021-05-28 21:43:45 - [TEST_STEP][PASSED] - click(findTestObject("UpdatePassword/button_Account Settings")): Object: 'Object Repository/UpdatePassword/button_Account Settings' is clicked on

2021-05-28 21:43:46 - [MESSAGE][PASSED] - Object: 'Object Repository/UpdatePassword/button_Account Settings' is clicked on

2021-05-28 21:43:46 - [TEST_STEP][PASSED] - click(findTestObject("Edit Theme/button_Display")): Object: 'Object Repository/Edit Theme/button_Display' is clicked on

2021-05-28 21:43:47 - [MESSAGE][PASSED] - Object: 'Object Repository/Edit Theme/button_Display' is clicked on

2021-05-28 21:43:47 - [TEST_STEP][PASSED] - click(findTestObject("Edit Theme/button_Edit")): Object: 'Object Repository/Edit Theme/button_Edit' is clicked on

2021-05-28 21:43:47 - [MESSAGE][PASSED] - Object: 'Object Repository/Edit Theme/button_Edit' is clicked on

2021-05-28 21:43:47 - [TEST_STEP][PASSED] - click(findTestObject("Edit Theme/img_Mattermost Dark_img-responsive")): Object: 'Object Repository/Edit Theme/img_Mattermost Dark_img-responsive' is clicked on

2021-05-28 21:43:48 - [MESSAGE][PASSED] - Object: 'Object Repository/Edit Theme/img_Mattermost Dark_img-responsive' is clicked on

2021-05-28 21:43:48 - [TEST_STEP][PASSED] - click(findTestObject("Edit Theme/button_Save")): Object: 'Object Repository/Edit Theme/button_Save' is clicked on

2021-05-28 21:43:48 - [MESSAGE][PASSED] - Object: 'Object Repository/Edit Theme/button_Save' is clicked on

2021-05-28 21:43:48 - [TEST_STEP][PASSED] - delay(2): Delayed 2 second(s)

2021-05-28 21:43:50 - [MESSAGE][PASSED] - Delayed 2 second(s)

2021-05-28 21:43:50 - [TEST_STEP][PASSED] - click(findTestObject("Edit Theme/button_Edit")): Object: 'Object Repository/Edit Theme/button_Edit' is clicked on

2021-05-28 21:43:51 - [MESSAGE][PASSED] - Object: 'Object Repository/Edit Theme/button_Edit' is clicked on

2021-05-28 21:43:51 - [TEST_STEP][PASSED] - click(findTestObject("Edit Theme/img_Mattermost_img-responsive")): Object: 'Object Repository/Edit Theme/img_Mattermost_img-responsive' is clicked on

2021-05-28 21:43:52 - [MESSAGE][PASSED] - Object: 'Object Repository/Edit Theme/img_Mattermost_img-responsive' is clicked on

2021-05-28 21:43:52 - [TEST_STEP][PASSED] - click(findTestObject("Edit Theme/button_Save")): Object: 'Object Repository/Edit Theme/button_Save' is clicked on

2021-05-28 21:43:52 - [MESSAGE][PASSED] - Object: 'Object Repository/Edit Theme/button_Save' is clicked on

2021-05-28 21:43:52 - [TEST_STEP][PASSED] - delay(2): Delayed 2 second(s)

2021-05-28 21:43:54 - [MESSAGE][PASSED] - Delayed 2 second(s)

2021-05-28 21:43:54 - [TEST_STEP][PASSED] - click(findTestObject("Edit Theme/button_Edit")): Object: 'Object Repository/Edit Theme/button_Edit' is clicked on

2021-05-28 21:43:55 - [MESSAGE][PASSED] - Object: 'Object Repository/Edit Theme/button_Edit' is clicked on

2021-05-28 21:43:55 - [TEST_STEP][PASSED] - click(findTestObject("Edit Theme/img_Organization_img-responsive")): Object: 'Object Repository/Edit Theme/img_Organization_img-responsive' is clicked on

2021-05-28 21:43:55 - [MESSAGE][PASSED] - Object: 'Object Repository/Edit Theme/img_Organization_img-responsive' is clicked on

2021-05-28 21:43:55 - [TEST_STEP][PASSED] - click(findTestObject("Edit Theme/button_Save")): Object: 'Object Repository/Edit Theme/button_Save' is clicked on

2021-05-28 21:43:56 - [MESSAGE][PASSED] - Object: 'Object Repository/Edit Theme/button_Save' is clicked on

2021-05-28 21:43:56 - [TEST_STEP][PASSED] - delay(2): Delayed 2 second(s)

2021-05-28 21:43:58 - [MESSAGE][PASSED] - Delayed 2 second(s)

2021-05-28 21:43:58 - [TEST_STEP][PASSED] - closeBrowser(): Browser is closed

2021-05-28 21:43:59 - [MESSAGE][PASSED] - Browser is closed]]></system-out>
         <system-err><![CDATA[]]></system-err>
      </testcase>
      <testcase name="Test Cases/InviteMember" time="26.733" classname="Test Cases/InviteMember" status="PASSED">
         <system-out><![CDATA[2021-05-28 21:43:59 - [TEST_CASE][PASSED] - Test Cases/InviteMember: Test Cases/InviteMember

2021-05-28 21:43:59 - [TEST_STEP][PASSED] - openBrowser("https://cdnc-group2.herokuapp.com/"): Browser is opened with url: 'https://cdnc-group2.herokuapp.com/'

2021-05-28 21:43:59 - [MESSAGE][INFO] - Starting 'Chrome' driver

2021-05-28 21:43:59 - [MESSAGE][INFO] - Action delay is set to 0 milliseconds

2021-05-28 21:44:05 - [MESSAGE][PASSED] - Browser is opened with url: 'https://cdnc-group2.herokuapp.com/'

2021-05-28 21:44:05 - [TEST_STEP][PASSED] - setText(findTestObject("Login/input_Email"), "ngoctin040999@gmail.com"): Text 'ngoctin040999@gmail.com' is set on object 'Object Repository/Login/input_Email'

2021-05-28 21:44:11 - [MESSAGE][PASSED] - Text 'ngoctin040999@gmail.com' is set on object 'Object Repository/Login/input_Email'

2021-05-28 21:44:11 - [TEST_STEP][PASSED] - setText(findTestObject("Login/input_Password"), "ngoctin1"): Text 'ngoctin1' is set on object 'Object Repository/Login/input_Password'

2021-05-28 21:44:12 - [MESSAGE][PASSED] - Text 'ngoctin1' is set on object 'Object Repository/Login/input_Password'

2021-05-28 21:44:12 - [TEST_STEP][PASSED] - click(findTestObject("Login/button_Sign in")): Object: 'Object Repository/Login/button_Sign in' is clicked on

2021-05-28 21:44:12 - [MESSAGE][PASSED] - Object: 'Object Repository/Login/button_Sign in' is clicked on

2021-05-28 21:44:12 - [TEST_STEP][PASSED] - delay(2): Delayed 2 second(s)

2021-05-28 21:44:14 - [MESSAGE][PASSED] - Delayed 2 second(s)

2021-05-28 21:44:14 - [TEST_STEP][PASSED] - click(findTestObject("UpdatePassword/button_Option")): Object: 'Object Repository/UpdatePassword/button_Option' is clicked on

2021-05-28 21:44:16 - [MESSAGE][PASSED] - Object: 'Object Repository/UpdatePassword/button_Option' is clicked on

2021-05-28 21:44:16 - [TEST_STEP][PASSED] - click(findTestObject("Invite member/button_Invite PeopleAdd or invite people to the team")): Object: 'Object Repository/Invite member/button_Invite PeopleAdd or invite people to the team' is clicked on

2021-05-28 21:44:17 - [MESSAGE][PASSED] - Object: 'Object Repository/Invite member/button_Invite PeopleAdd or invite people to the team' is clicked on

2021-05-28 21:44:17 - [TEST_STEP][PASSED] - delay(1): Delayed 1 second(s)

2021-05-28 21:44:18 - [MESSAGE][PASSED] - Delayed 1 second(s)

2021-05-28 21:44:18 - [TEST_STEP][PASSED] - setText(findTestObject("Invite member/input_Add or Invite People_react-select-2-input"), "test1"): Text 'test1' is set on object 'Object Repository/Invite member/input_Add or Invite People_react-select-2-input'

2021-05-28 21:44:19 - [MESSAGE][PASSED] - Text 'test1' is set on object 'Object Repository/Invite member/input_Add or Invite People_react-select-2-input'

2021-05-28 21:44:19 - [TEST_STEP][PASSED] - delay(1): Delayed 1 second(s)

2021-05-28 21:44:20 - [MESSAGE][PASSED] - Delayed 1 second(s)

2021-05-28 21:44:20 - [TEST_STEP][PASSED] - click(findTestObject("Invite member/div_test1")): Object: 'Object Repository/Invite member/div_test1' is clicked on

2021-05-28 21:44:20 - [MESSAGE][PASSED] - Object: 'Object Repository/Invite member/div_test1' is clicked on

2021-05-28 21:44:20 - [TEST_STEP][PASSED] - click(findTestObject("Invite member/button_Invite Members")): Object: 'Object Repository/Invite member/button_Invite Members' is clicked on

2021-05-28 21:44:21 - [MESSAGE][PASSED] - Object: 'Object Repository/Invite member/button_Invite Members' is clicked on

2021-05-28 21:44:21 - [TEST_STEP][PASSED] - verifyElementVisible(findTestObject("Invite member/div_This member has been added to the team")): Object 'Object Repository/Invite member/div_This member has been added to the team' is visible

2021-05-28 21:44:22 - [MESSAGE][PASSED] - Object 'Object Repository/Invite member/div_This member has been added to the team' is visible

2021-05-28 21:44:22 - [TEST_STEP][PASSED] - click(findTestObject("Invite member/button_Done")): Object: 'Object Repository/Invite member/button_Done' is clicked on

2021-05-28 21:44:23 - [MESSAGE][PASSED] - Object: 'Object Repository/Invite member/button_Done' is clicked on

2021-05-28 21:44:23 - [TEST_STEP][PASSED] - delay(2): Delayed 2 second(s)

2021-05-28 21:44:25 - [MESSAGE][PASSED] - Delayed 2 second(s)

2021-05-28 21:44:25 - [TEST_STEP][PASSED] - closeBrowser(): Browser is closed

2021-05-28 21:44:26 - [MESSAGE][PASSED] - Browser is closed]]></system-out>
         <system-err><![CDATA[]]></system-err>
      </testcase>
      <testcase name="Test Cases/RemoveMember" time="23.118" classname="Test Cases/RemoveMember" status="PASSED">
         <system-out><![CDATA[2021-05-28 21:44:26 - [TEST_CASE][PASSED] - Test Cases/RemoveMember: Test Cases/RemoveMember

2021-05-28 21:44:26 - [TEST_STEP][PASSED] - openBrowser("https://cdnc-group2.herokuapp.com/"): Browser is opened with url: 'https://cdnc-group2.herokuapp.com/'

2021-05-28 21:44:26 - [MESSAGE][INFO] - Starting 'Chrome' driver

2021-05-28 21:44:26 - [MESSAGE][INFO] - Action delay is set to 0 milliseconds

2021-05-28 21:44:32 - [MESSAGE][PASSED] - Browser is opened with url: 'https://cdnc-group2.herokuapp.com/'

2021-05-28 21:44:32 - [TEST_STEP][PASSED] - setText(findTestObject("Login/input_Email"), "ngoctin040999@gmail.com"): Text 'ngoctin040999@gmail.com' is set on object 'Object Repository/Login/input_Email'

2021-05-28 21:44:38 - [MESSAGE][PASSED] - Text 'ngoctin040999@gmail.com' is set on object 'Object Repository/Login/input_Email'

2021-05-28 21:44:38 - [TEST_STEP][PASSED] - setText(findTestObject("Login/input_Password"), "ngoctin1"): Text 'ngoctin1' is set on object 'Object Repository/Login/input_Password'

2021-05-28 21:44:39 - [MESSAGE][PASSED] - Text 'ngoctin1' is set on object 'Object Repository/Login/input_Password'

2021-05-28 21:44:39 - [TEST_STEP][PASSED] - click(findTestObject("Login/button_Sign in")): Object: 'Object Repository/Login/button_Sign in' is clicked on

2021-05-28 21:44:39 - [MESSAGE][PASSED] - Object: 'Object Repository/Login/button_Sign in' is clicked on

2021-05-28 21:44:39 - [TEST_STEP][PASSED] - delay(2): Delayed 2 second(s)

2021-05-28 21:44:42 - [MESSAGE][PASSED] - Delayed 2 second(s)

2021-05-28 21:44:42 - [TEST_STEP][PASSED] - click(findTestObject("UpdatePassword/button_Option")): Object: 'Object Repository/UpdatePassword/button_Option' is clicked on

2021-05-28 21:44:43 - [MESSAGE][PASSED] - Object: 'Object Repository/UpdatePassword/button_Option' is clicked on

2021-05-28 21:44:43 - [TEST_STEP][PASSED] - click(findTestObject("Update Member Role/button_Manage Members")): Object: 'Object Repository/Update Member Role/button_Manage Members' is clicked on

2021-05-28 21:44:44 - [MESSAGE][PASSED] - Object: 'Object Repository/Update Member Role/button_Manage Members' is clicked on

2021-05-28 21:44:44 - [TEST_STEP][PASSED] - click(findTestObject("Update Member Role/button_Member")): Object: 'Object Repository/Update Member Role/button_Member' is clicked on

2021-05-28 21:44:45 - [MESSAGE][PASSED] - Object: 'Object Repository/Update Member Role/button_Member' is clicked on

2021-05-28 21:44:45 - [TEST_STEP][PASSED] - click(findTestObject("Remove Member/button_Remove from Team")): Object: 'Object Repository/Remove Member/button_Remove from Team' is clicked on

2021-05-28 21:44:46 - [MESSAGE][PASSED] - Object: 'Object Repository/Remove Member/button_Remove from Team' is clicked on

2021-05-28 21:44:46 - [TEST_STEP][PASSED] - delay(2): Delayed 2 second(s)

2021-05-28 21:44:48 - [MESSAGE][PASSED] - Delayed 2 second(s)

2021-05-28 21:44:48 - [TEST_STEP][PASSED] - closeBrowser(): Browser is closed

2021-05-28 21:44:49 - [MESSAGE][PASSED] - Browser is closed]]></system-out>
         <system-err><![CDATA[]]></system-err>
      </testcase>
      <testcase name="Test Cases/IgnoreMentions" time="22.275" classname="Test Cases/IgnoreMentions" status="PASSED">
         <system-out><![CDATA[2021-05-28 21:44:49 - [TEST_CASE][PASSED] - Test Cases/IgnoreMentions: Test Cases/IgnoreMentions

2021-05-28 21:44:49 - [TEST_STEP][PASSED] - openBrowser("https://cdnc-group2.herokuapp.com/"): Browser is opened with url: 'https://cdnc-group2.herokuapp.com/'

2021-05-28 21:44:49 - [MESSAGE][INFO] - Starting 'Chrome' driver

2021-05-28 21:44:49 - [MESSAGE][INFO] - Action delay is set to 0 milliseconds

2021-05-28 21:44:55 - [MESSAGE][PASSED] - Browser is opened with url: 'https://cdnc-group2.herokuapp.com/'

2021-05-28 21:44:55 - [TEST_STEP][PASSED] - setText(findTestObject("Login/input_Email"), "ngoctin040999@gmail.com"): Text 'ngoctin040999@gmail.com' is set on object 'Object Repository/Login/input_Email'

2021-05-28 21:45:01 - [MESSAGE][PASSED] - Text 'ngoctin040999@gmail.com' is set on object 'Object Repository/Login/input_Email'

2021-05-28 21:45:01 - [TEST_STEP][PASSED] - setText(findTestObject("Login/input_Password"), "ngoctin1"): Text 'ngoctin1' is set on object 'Object Repository/Login/input_Password'

2021-05-28 21:45:02 - [MESSAGE][PASSED] - Text 'ngoctin1' is set on object 'Object Repository/Login/input_Password'

2021-05-28 21:45:02 - [TEST_STEP][PASSED] - click(findTestObject("Login/button_Sign in")): Object: 'Object Repository/Login/button_Sign in' is clicked on

2021-05-28 21:45:02 - [MESSAGE][PASSED] - Object: 'Object Repository/Login/button_Sign in' is clicked on

2021-05-28 21:45:02 - [TEST_STEP][PASSED] - delay(2): Delayed 2 second(s)

2021-05-28 21:45:04 - [MESSAGE][PASSED] - Delayed 2 second(s)

2021-05-28 21:45:04 - [TEST_STEP][PASSED] - click(findTestObject("Ignore mentions/button_Town Square")): Object: 'Object Repository/Ignore mentions/button_Town Square' is clicked on

2021-05-28 21:45:06 - [MESSAGE][PASSED] - Object: 'Object Repository/Ignore mentions/button_Town Square' is clicked on

2021-05-28 21:45:06 - [TEST_STEP][PASSED] - click(findTestObject("Ignore mentions/button_Notification Preferences")): Object: 'Object Repository/Ignore mentions/button_Notification Preferences' is clicked on

2021-05-28 21:45:07 - [MESSAGE][PASSED] - Object: 'Object Repository/Ignore mentions/button_Notification Preferences' is clicked on

2021-05-28 21:45:07 - [TEST_STEP][PASSED] - click(findTestObject("Ignore mentions/button_Edit")): Object: 'Object Repository/Ignore mentions/button_Edit' is clicked on

2021-05-28 21:45:07 - [MESSAGE][PASSED] - Object: 'Object Repository/Ignore mentions/button_Edit' is clicked on

2021-05-28 21:45:07 - [TEST_STEP][PASSED] - click(findTestObject("Ignore mentions/input_Ignore mentions for channel, here and all_ignoreChannelMentions")): Object: 'Object Repository/Ignore mentions/input_Ignore mentions for channel, here and all_ignoreChannelMentions' is clicked on

2021-05-28 21:45:08 - [MESSAGE][PASSED] - Object: 'Object Repository/Ignore mentions/input_Ignore mentions for channel, here and all_ignoreChannelMentions' is clicked on

2021-05-28 21:45:08 - [TEST_STEP][PASSED] - click(findTestObject("Ignore mentions/button_Save")): Object: 'Object Repository/Ignore mentions/button_Save' is clicked on

2021-05-28 21:45:09 - [MESSAGE][PASSED] - Object: 'Object Repository/Ignore mentions/button_Save' is clicked on

2021-05-28 21:45:09 - [TEST_STEP][PASSED] - verifyElementVisible(findTestObject("Ignore mentions/span_On")): Object 'Object Repository/Ignore mentions/span_On' is visible

2021-05-28 21:45:09 - [MESSAGE][PASSED] - Object 'Object Repository/Ignore mentions/span_On' is visible

2021-05-28 21:45:09 - [TEST_STEP][PASSED] - delay(1): Delayed 1 second(s)

2021-05-28 21:45:10 - [MESSAGE][PASSED] - Delayed 1 second(s)

2021-05-28 21:45:10 - [TEST_STEP][PASSED] - closeBrowser(): Browser is closed

2021-05-28 21:45:11 - [MESSAGE][PASSED] - Browser is closed]]></system-out>
         <system-err><![CDATA[]]></system-err>
      </testcase>
      <testcase name="Test Cases/UpdateChannelName" time="21.307" classname="Test Cases/UpdateChannelName" status="PASSED">
         <system-out><![CDATA[2021-05-28 21:45:11 - [TEST_CASE][PASSED] - Test Cases/UpdateChannelName: Test Cases/UpdateChannelName

2021-05-28 21:45:12 - [TEST_STEP][PASSED] - openBrowser(""): Browser is opened with url: ''

2021-05-28 21:45:12 - [MESSAGE][INFO] - Starting 'Chrome' driver

2021-05-28 21:45:12 - [MESSAGE][INFO] - Action delay is set to 0 milliseconds

2021-05-28 21:45:13 - [MESSAGE][PASSED] - Browser is opened with url: ''

2021-05-28 21:45:13 - [TEST_STEP][PASSED] - navigateToUrl("https://cdnc-group2.herokuapp.com/"): Navigate to 'https://cdnc-group2.herokuapp.com/' successfully

2021-05-28 21:45:18 - [MESSAGE][PASSED] - Navigate to 'https://cdnc-group2.herokuapp.com/' successfully

2021-05-28 21:45:18 - [TEST_STEP][PASSED] - setText(findTestObject("Object Repository/Page_Mattermost/input_All team communication in one place, _dcc84b"), "ngoctin040999@gmail.com"): Text 'ngoctin040999@gmail.com' is set on object 'Object Repository/Page_Mattermost/input_All team communication in one place, _dcc84b'

2021-05-28 21:45:23 - [MESSAGE][PASSED] - Text 'ngoctin040999@gmail.com' is set on object 'Object Repository/Page_Mattermost/input_All team communication in one place, _dcc84b'

2021-05-28 21:45:23 - [TEST_STEP][PASSED] - setEncryptedText(findTestObject("Object Repository/Page_Mattermost/input_All team communication in one place, _a3edc6"), "S8w1SJvl7D1hts9IdMV+NQ=="): Text ****** has been set on object 'Object Repository/Page_Mattermost/input_All team communication in one place, _a3edc6'

2021-05-28 21:45:24 - [MESSAGE][PASSED] - Text ****** has been set on object 'Object Repository/Page_Mattermost/input_All team communication in one place, _a3edc6'

2021-05-28 21:45:24 - [TEST_STEP][PASSED] - sendKeys(findTestObject("Object Repository/Page_Mattermost/input_All team communication in one place, _a3edc6"), Keys.chord(ENTER)): Keys 'ENTER + ' sent to object: 'Object Repository/Page_Mattermost/input_All team communication in one place, _a3edc6'

2021-05-28 21:45:24 - [MESSAGE][PASSED] - Keys 'ENTER + ' sent to object: 'Object Repository/Page_Mattermost/input_All team communication in one place, _a3edc6'

2021-05-28 21:45:24 - [TEST_STEP][PASSED] - click(findTestObject("Object Repository/Page_Town Square - Team Mattermost/span_Test 123")): Object: 'Object Repository/Page_Town Square - Team Mattermost/span_Test 123' is clicked on

2021-05-28 21:45:28 - [MESSAGE][PASSED] - Object: 'Object Repository/Page_Town Square - Team Mattermost/span_Test 123' is clicked on

2021-05-28 21:45:28 - [TEST_STEP][PASSED] - click(findTestObject("Object Repository/Page_Test 123 - Team Mattermost/span_Test 123_channelHeaderDropdownIcon")): Object: 'Object Repository/Page_Test 123 - Team Mattermost/span_Test 123_channelHeaderDropdownIcon' is clicked on

2021-05-28 21:45:29 - [MESSAGE][PASSED] - Object: 'Object Repository/Page_Test 123 - Team Mattermost/span_Test 123_channelHeaderDropdownIcon' is clicked on

2021-05-28 21:45:29 - [TEST_STEP][PASSED] - click(findTestObject("Object Repository/Page_Test 123 - Team Mattermost/span_Rename Channel")): Object: 'Object Repository/Page_Test 123 - Team Mattermost/span_Rename Channel' is clicked on

2021-05-28 21:45:30 - [MESSAGE][PASSED] - Object: 'Object Repository/Page_Test 123 - Team Mattermost/span_Rename Channel' is clicked on

2021-05-28 21:45:30 - [TEST_STEP][PASSED] - setText(findTestObject("Object Repository/Page_Test 123 - Team Mattermost/input_Display Name_display_name"), "Test 123"): Text 'Test 123' is set on object 'Object Repository/Page_Test 123 - Team Mattermost/input_Display Name_display_name'

2021-05-28 21:45:31 - [MESSAGE][PASSED] - Text 'Test 123' is set on object 'Object Repository/Page_Test 123 - Team Mattermost/input_Display Name_display_name'

2021-05-28 21:45:31 - [TEST_STEP][PASSED] - click(findTestObject("Object Repository/Page_Test 123 - Team Mattermost/span_Save")): Object: 'Object Repository/Page_Test 123 - Team Mattermost/span_Save' is clicked on

2021-05-28 21:45:31 - [MESSAGE][PASSED] - Object: 'Object Repository/Page_Test 123 - Team Mattermost/span_Save' is clicked on

2021-05-28 21:45:31 - [TEST_STEP][PASSED] - closeBrowser(): Browser is closed

2021-05-28 21:45:32 - [MESSAGE][PASSED] - Browser is closed]]></system-out>
         <system-err><![CDATA[]]></system-err>
      </testcase>
      <testcase name="Test Cases/UpdateDescriptionChannel" time="40.041" classname="Test Cases/UpdateDescriptionChannel" status="PASSED">
         <system-out><![CDATA[2021-05-28 21:45:32 - [TEST_CASE][PASSED] - Test Cases/UpdateDescriptionChannel: Test Cases/UpdateDescriptionChannel

2021-05-28 21:45:33 - [TEST_STEP][PASSED] - openBrowser(""): Browser is opened with url: ''

2021-05-28 21:45:33 - [MESSAGE][INFO] - Starting 'Chrome' driver

2021-05-28 21:45:33 - [MESSAGE][INFO] - Action delay is set to 0 milliseconds

2021-05-28 21:45:35 - [MESSAGE][PASSED] - Browser is opened with url: ''

2021-05-28 21:45:35 - [TEST_STEP][PASSED] - navigateToUrl("https://cdnc-group2.herokuapp.com/"): Navigate to 'https://cdnc-group2.herokuapp.com/' successfully

2021-05-28 21:45:39 - [MESSAGE][PASSED] - Navigate to 'https://cdnc-group2.herokuapp.com/' successfully

2021-05-28 21:45:39 - [TEST_STEP][PASSED] - setText(findTestObject("Object Repository/Page_Mattermost/input_All team communication in one place, _dcc84b"), "ngoctin040999@gmail.com"): Text 'ngoctin040999@gmail.com' is set on object 'Object Repository/Page_Mattermost/input_All team communication in one place, _dcc84b'

2021-05-28 21:45:45 - [MESSAGE][PASSED] - Text 'ngoctin040999@gmail.com' is set on object 'Object Repository/Page_Mattermost/input_All team communication in one place, _dcc84b'

2021-05-28 21:45:45 - [TEST_STEP][PASSED] - setEncryptedText(findTestObject("Object Repository/Page_Mattermost/input_All team communication in one place, _a3edc6"), "S8w1SJvl7D1hts9IdMV+NQ=="): Text ****** has been set on object 'Object Repository/Page_Mattermost/input_All team communication in one place, _a3edc6'

2021-05-28 21:45:46 - [MESSAGE][PASSED] - Text ****** has been set on object 'Object Repository/Page_Mattermost/input_All team communication in one place, _a3edc6'

2021-05-28 21:45:46 - [TEST_STEP][PASSED] - sendKeys(findTestObject("Object Repository/Page_Mattermost/input_All team communication in one place, _a3edc6"), Keys.chord(ENTER)): Keys 'ENTER + ' sent to object: 'Object Repository/Page_Mattermost/input_All team communication in one place, _a3edc6'

2021-05-28 21:45:46 - [MESSAGE][PASSED] - Keys 'ENTER + ' sent to object: 'Object Repository/Page_Mattermost/input_All team communication in one place, _a3edc6'

2021-05-28 21:45:46 - [TEST_STEP][PASSED] - click(findTestObject("Object Repository/Page_Town Square - Team Mattermost/span_Test 123")): Object: 'Object Repository/Page_Town Square - Team Mattermost/span_Test 123' is clicked on

2021-05-28 21:45:51 - [MESSAGE][PASSED] - Object: 'Object Repository/Page_Town Square - Team Mattermost/span_Test 123' is clicked on

2021-05-28 21:45:51 - [TEST_STEP][PASSED] - click(findTestObject("Object Repository/Page_Test 123 - Team Mattermost/span_Test 123_channelHeaderDropdownIcon")): Object: 'Object Repository/Page_Test 123 - Team Mattermost/span_Test 123_channelHeaderDropdownIcon' is clicked on

2021-05-28 21:45:53 - [MESSAGE][PASSED] - Object: 'Object Repository/Page_Test 123 - Team Mattermost/span_Test 123_channelHeaderDropdownIcon' is clicked on

2021-05-28 21:45:53 - [TEST_STEP][PASSED] - click(findTestObject("Object Repository/Page_Test 123 - Team Mattermost/span_Edit Channel Header")): Object: 'Object Repository/Page_Test 123 - Team Mattermost/span_Edit Channel Header' is clicked on

2021-05-28 21:45:53 - [MESSAGE][PASSED] - Object: 'Object Repository/Page_Test 123 - Team Mattermost/span_Edit Channel Header' is clicked on

2021-05-28 21:45:53 - [TEST_STEP][PASSED] - click(findTestObject("Object Repository/Page_Test 123 - Team Mattermost/div_CloseEdit Header for Test 123Edit the t_4a8350")): Object: 'Object Repository/Page_Test 123 - Team Mattermost/div_CloseEdit Header for Test 123Edit the t_4a8350' is clicked on

2021-05-28 21:45:54 - [MESSAGE][PASSED] - Object: 'Object Repository/Page_Test 123 - Team Mattermost/div_CloseEdit Header for Test 123Edit the t_4a8350' is clicked on

2021-05-28 21:45:54 - [TEST_STEP][PASSED] - setText(findTestObject("Object Repository/Page_Test 123 - Team Mattermost/textarea_Test Description"), "T"): Text 'T' is set on object 'Object Repository/Page_Test 123 - Team Mattermost/textarea_Test Description'

2021-05-28 21:45:55 - [MESSAGE][PASSED] - Text 'T' is set on object 'Object Repository/Page_Test 123 - Team Mattermost/textarea_Test Description'

2021-05-28 21:45:55 - [TEST_STEP][PASSED] - setText(findTestObject("Object Repository/Page_Test 123 - Team Mattermost/textarea_T"), "Te"): Text 'Te' is set on object 'Object Repository/Page_Test 123 - Team Mattermost/textarea_T'

2021-05-28 21:45:55 - [MESSAGE][PASSED] - Text 'Te' is set on object 'Object Repository/Page_Test 123 - Team Mattermost/textarea_T'

2021-05-28 21:45:55 - [TEST_STEP][PASSED] - setText(findTestObject("Object Repository/Page_Test 123 - Team Mattermost/textarea_Te"), "Tes"): Text 'Tes' is set on object 'Object Repository/Page_Test 123 - Team Mattermost/textarea_Te'

2021-05-28 21:45:56 - [MESSAGE][PASSED] - Text 'Tes' is set on object 'Object Repository/Page_Test 123 - Team Mattermost/textarea_Te'

2021-05-28 21:45:56 - [TEST_STEP][PASSED] - setText(findTestObject("Object Repository/Page_Test 123 - Team Mattermost/textarea_Tes"), "Test"): Text 'Test' is set on object 'Object Repository/Page_Test 123 - Team Mattermost/textarea_Tes'

2021-05-28 21:45:57 - [MESSAGE][PASSED] - Text 'Test' is set on object 'Object Repository/Page_Test 123 - Team Mattermost/textarea_Tes'

2021-05-28 21:45:57 - [TEST_STEP][PASSED] - setText(findTestObject("Object Repository/Page_Test 123 - Team Mattermost/textarea_Test"), "Test "): Text 'Test ' is set on object 'Object Repository/Page_Test 123 - Team Mattermost/textarea_Test'

2021-05-28 21:45:58 - [MESSAGE][PASSED] - Text 'Test ' is set on object 'Object Repository/Page_Test 123 - Team Mattermost/textarea_Test'

2021-05-28 21:45:58 - [TEST_STEP][PASSED] - setText(findTestObject("Object Repository/Page_Test 123 - Team Mattermost/textarea_Test_1"), "Test D"): Text 'Test D' is set on object 'Object Repository/Page_Test 123 - Team Mattermost/textarea_Test_1'

2021-05-28 21:45:59 - [MESSAGE][PASSED] - Text 'Test D' is set on object 'Object Repository/Page_Test 123 - Team Mattermost/textarea_Test_1'

2021-05-28 21:45:59 - [TEST_STEP][PASSED] - setText(findTestObject("Object Repository/Page_Test 123 - Team Mattermost/textarea_Test D"), "Test De"): Text 'Test De' is set on object 'Object Repository/Page_Test 123 - Team Mattermost/textarea_Test D'

2021-05-28 21:46:00 - [MESSAGE][PASSED] - Text 'Test De' is set on object 'Object Repository/Page_Test 123 - Team Mattermost/textarea_Test D'

2021-05-28 21:46:00 - [TEST_STEP][PASSED] - setText(findTestObject("Object Repository/Page_Test 123 - Team Mattermost/textarea_Test De"), "Test Des"): Text 'Test Des' is set on object 'Object Repository/Page_Test 123 - Team Mattermost/textarea_Test De'

2021-05-28 21:46:01 - [MESSAGE][PASSED] - Text 'Test Des' is set on object 'Object Repository/Page_Test 123 - Team Mattermost/textarea_Test De'

2021-05-28 21:46:01 - [TEST_STEP][PASSED] - setText(findTestObject("Object Repository/Page_Test 123 - Team Mattermost/textarea_Test Des"), "Test Desc"): Text 'Test Desc' is set on object 'Object Repository/Page_Test 123 - Team Mattermost/textarea_Test Des'

2021-05-28 21:46:01 - [MESSAGE][PASSED] - Text 'Test Desc' is set on object 'Object Repository/Page_Test 123 - Team Mattermost/textarea_Test Des'

2021-05-28 21:46:01 - [TEST_STEP][PASSED] - setText(findTestObject("Object Repository/Page_Test 123 - Team Mattermost/textarea_Test Desc"), "Test Descu"): Text 'Test Descu' is set on object 'Object Repository/Page_Test 123 - Team Mattermost/textarea_Test Desc'

2021-05-28 21:46:02 - [MESSAGE][PASSED] - Text 'Test Descu' is set on object 'Object Repository/Page_Test 123 - Team Mattermost/textarea_Test Desc'

2021-05-28 21:46:02 - [TEST_STEP][PASSED] - setText(findTestObject("Object Repository/Page_Test 123 - Team Mattermost/textarea_Test Descu"), "Test Descur"): Text 'Test Descur' is set on object 'Object Repository/Page_Test 123 - Team Mattermost/textarea_Test Descu'

2021-05-28 21:46:03 - [MESSAGE][PASSED] - Text 'Test Descur' is set on object 'Object Repository/Page_Test 123 - Team Mattermost/textarea_Test Descu'

2021-05-28 21:46:03 - [TEST_STEP][PASSED] - setText(findTestObject("Object Repository/Page_Test 123 - Team Mattermost/textarea_Test Descur"), "Test Descu"): Text 'Test Descu' is set on object 'Object Repository/Page_Test 123 - Team Mattermost/textarea_Test Descur'

2021-05-28 21:46:04 - [MESSAGE][PASSED] - Text 'Test Descu' is set on object 'Object Repository/Page_Test 123 - Team Mattermost/textarea_Test Descur'

2021-05-28 21:46:04 - [TEST_STEP][PASSED] - setText(findTestObject("Object Repository/Page_Test 123 - Team Mattermost/textarea_Test Descu"), "Test Desc"): Text 'Test Desc' is set on object 'Object Repository/Page_Test 123 - Team Mattermost/textarea_Test Descu'

2021-05-28 21:46:05 - [MESSAGE][PASSED] - Text 'Test Desc' is set on object 'Object Repository/Page_Test 123 - Team Mattermost/textarea_Test Descu'

2021-05-28 21:46:05 - [TEST_STEP][PASSED] - setText(findTestObject("Object Repository/Page_Test 123 - Team Mattermost/textarea_Test Desc"), "Test Descr"): Text 'Test Descr' is set on object 'Object Repository/Page_Test 123 - Team Mattermost/textarea_Test Desc'

2021-05-28 21:46:06 - [MESSAGE][PASSED] - Text 'Test Descr' is set on object 'Object Repository/Page_Test 123 - Team Mattermost/textarea_Test Desc'

2021-05-28 21:46:06 - [TEST_STEP][PASSED] - setText(findTestObject("Object Repository/Page_Test 123 - Team Mattermost/textarea_Test Descr"), "Test Descri"): Text 'Test Descri' is set on object 'Object Repository/Page_Test 123 - Team Mattermost/textarea_Test Descr'

2021-05-28 21:46:07 - [MESSAGE][PASSED] - Text 'Test Descri' is set on object 'Object Repository/Page_Test 123 - Team Mattermost/textarea_Test Descr'

2021-05-28 21:46:07 - [TEST_STEP][PASSED] - setText(findTestObject("Object Repository/Page_Test 123 - Team Mattermost/textarea_Test Descri"), "Test Descrip"): Text 'Test Descrip' is set on object 'Object Repository/Page_Test 123 - Team Mattermost/textarea_Test Descri'

2021-05-28 21:46:07 - [MESSAGE][PASSED] - Text 'Test Descrip' is set on object 'Object Repository/Page_Test 123 - Team Mattermost/textarea_Test Descri'

2021-05-28 21:46:07 - [TEST_STEP][PASSED] - setText(findTestObject("Object Repository/Page_Test 123 - Team Mattermost/textarea_Test Descrip"), "Test Descript"): Text 'Test Descript' is set on object 'Object Repository/Page_Test 123 - Team Mattermost/textarea_Test Descrip'

2021-05-28 21:46:08 - [MESSAGE][PASSED] - Text 'Test Descript' is set on object 'Object Repository/Page_Test 123 - Team Mattermost/textarea_Test Descrip'

2021-05-28 21:46:08 - [TEST_STEP][PASSED] - setText(findTestObject("Object Repository/Page_Test 123 - Team Mattermost/textarea_Test Descript"), "Test Descripti"): Text 'Test Descripti' is set on object 'Object Repository/Page_Test 123 - Team Mattermost/textarea_Test Descript'

2021-05-28 21:46:09 - [MESSAGE][PASSED] - Text 'Test Descripti' is set on object 'Object Repository/Page_Test 123 - Team Mattermost/textarea_Test Descript'

2021-05-28 21:46:09 - [TEST_STEP][PASSED] - setText(findTestObject("Object Repository/Page_Test 123 - Team Mattermost/textarea_Test Descripti"), "Test Descriptio"): Text 'Test Descriptio' is set on object 'Object Repository/Page_Test 123 - Team Mattermost/textarea_Test Descripti'

2021-05-28 21:46:10 - [MESSAGE][PASSED] - Text 'Test Descriptio' is set on object 'Object Repository/Page_Test 123 - Team Mattermost/textarea_Test Descripti'

2021-05-28 21:46:10 - [TEST_STEP][PASSED] - setText(findTestObject("Object Repository/Page_Test 123 - Team Mattermost/textarea_Test Descriptio"), "Test Description"): Text 'Test Description' is set on object 'Object Repository/Page_Test 123 - Team Mattermost/textarea_Test Descriptio'

2021-05-28 21:46:11 - [MESSAGE][PASSED] - Text 'Test Description' is set on object 'Object Repository/Page_Test 123 - Team Mattermost/textarea_Test Descriptio'

2021-05-28 21:46:11 - [TEST_STEP][PASSED] - click(findTestObject("Object Repository/Page_Test 123 - Team Mattermost/button_Save")): Object: 'Object Repository/Page_Test 123 - Team Mattermost/button_Save' is clicked on

2021-05-28 21:46:12 - [MESSAGE][PASSED] - Object: 'Object Repository/Page_Test 123 - Team Mattermost/button_Save' is clicked on

2021-05-28 21:46:12 - [TEST_STEP][PASSED] - closeBrowser(): Browser is closed

2021-05-28 21:46:12 - [MESSAGE][PASSED] - Browser is closed]]></system-out>
         <system-err><![CDATA[]]></system-err>
      </testcase>
      <testcase name="Test Cases/UpdatePurposeChannel" time="33.53" classname="Test Cases/UpdatePurposeChannel" status="PASSED">
         <system-out><![CDATA[2021-05-28 21:46:12 - [TEST_CASE][PASSED] - Test Cases/UpdatePurposeChannel: Test Cases/UpdatePurposeChannel

2021-05-28 21:46:13 - [TEST_STEP][PASSED] - openBrowser(""): Browser is opened with url: ''

2021-05-28 21:46:13 - [MESSAGE][INFO] - Starting 'Chrome' driver

2021-05-28 21:46:13 - [MESSAGE][INFO] - Action delay is set to 0 milliseconds

2021-05-28 21:46:15 - [MESSAGE][PASSED] - Browser is opened with url: ''

2021-05-28 21:46:15 - [TEST_STEP][PASSED] - navigateToUrl("https://cdnc-group2.herokuapp.com/"): Navigate to 'https://cdnc-group2.herokuapp.com/' successfully

2021-05-28 21:46:19 - [MESSAGE][PASSED] - Navigate to 'https://cdnc-group2.herokuapp.com/' successfully

2021-05-28 21:46:19 - [TEST_STEP][PASSED] - setText(findTestObject("Object Repository/Page_Mattermost/input_All team communication in one place, _dcc84b"), "ngoctin040999@gmail.com"): Text 'ngoctin040999@gmail.com' is set on object 'Object Repository/Page_Mattermost/input_All team communication in one place, _dcc84b'

2021-05-28 21:46:26 - [MESSAGE][PASSED] - Text 'ngoctin040999@gmail.com' is set on object 'Object Repository/Page_Mattermost/input_All team communication in one place, _dcc84b'

2021-05-28 21:46:26 - [TEST_STEP][PASSED] - setEncryptedText(findTestObject("Object Repository/Page_Mattermost/input_All team communication in one place, _a3edc6"), "S8w1SJvl7D1hts9IdMV+NQ=="): Text ****** has been set on object 'Object Repository/Page_Mattermost/input_All team communication in one place, _a3edc6'

2021-05-28 21:46:27 - [MESSAGE][PASSED] - Text ****** has been set on object 'Object Repository/Page_Mattermost/input_All team communication in one place, _a3edc6'

2021-05-28 21:46:27 - [TEST_STEP][PASSED] - sendKeys(findTestObject("Object Repository/Page_Mattermost/input_All team communication in one place, _a3edc6"), Keys.chord(ENTER)): Keys 'ENTER + ' sent to object: 'Object Repository/Page_Mattermost/input_All team communication in one place, _a3edc6'

2021-05-28 21:46:27 - [MESSAGE][PASSED] - Keys 'ENTER + ' sent to object: 'Object Repository/Page_Mattermost/input_All team communication in one place, _a3edc6'

2021-05-28 21:46:27 - [TEST_STEP][PASSED] - click(findTestObject("Object Repository/Page_Town Square - Team Mattermost/span_Test 123")): Object: 'Object Repository/Page_Town Square - Team Mattermost/span_Test 123' is clicked on

2021-05-28 21:46:31 - [MESSAGE][PASSED] - Object: 'Object Repository/Page_Town Square - Team Mattermost/span_Test 123' is clicked on

2021-05-28 21:46:31 - [TEST_STEP][PASSED] - click(findTestObject("Object Repository/Page_Test 123 - Team Mattermost/span_Test 123_channelHeaderDropdownIcon")): Object: 'Object Repository/Page_Test 123 - Team Mattermost/span_Test 123_channelHeaderDropdownIcon' is clicked on

2021-05-28 21:46:32 - [MESSAGE][PASSED] - Object: 'Object Repository/Page_Test 123 - Team Mattermost/span_Test 123_channelHeaderDropdownIcon' is clicked on

2021-05-28 21:46:32 - [TEST_STEP][PASSED] - click(findTestObject("Object Repository/Page_Test 123 - Team Mattermost/span_Edit Channel Purpose")): Object: 'Object Repository/Page_Test 123 - Team Mattermost/span_Edit Channel Purpose' is clicked on

2021-05-28 21:46:33 - [MESSAGE][PASSED] - Object: 'Object Repository/Page_Test 123 - Team Mattermost/span_Edit Channel Purpose' is clicked on

2021-05-28 21:46:33 - [TEST_STEP][PASSED] - setText(findTestObject("Object Repository/Page_Test 123 - Team Mattermost/textarea_dasdasdasasd"), ""): Text '' is set on object 'Object Repository/Page_Test 123 - Team Mattermost/textarea_dasdasdasasd'

2021-05-28 21:46:34 - [MESSAGE][PASSED] - Text '' is set on object 'Object Repository/Page_Test 123 - Team Mattermost/textarea_dasdasdasasd'

2021-05-28 21:46:34 - [TEST_STEP][PASSED] - setText(findTestObject("Object Repository/Page_Test 123 - Team Mattermost/textarea_Test 123_form-control no-resize"), "d"): Text 'd' is set on object 'Object Repository/Page_Test 123 - Team Mattermost/textarea_Test 123_form-control no-resize'

2021-05-28 21:46:34 - [MESSAGE][PASSED] - Text 'd' is set on object 'Object Repository/Page_Test 123 - Team Mattermost/textarea_Test 123_form-control no-resize'

2021-05-28 21:46:34 - [TEST_STEP][PASSED] - setText(findTestObject("Object Repository/Page_Test 123 - Team Mattermost/textarea_d"), "da"): Text 'da' is set on object 'Object Repository/Page_Test 123 - Team Mattermost/textarea_d'

2021-05-28 21:46:35 - [MESSAGE][PASSED] - Text 'da' is set on object 'Object Repository/Page_Test 123 - Team Mattermost/textarea_d'

2021-05-28 21:46:35 - [TEST_STEP][PASSED] - setText(findTestObject("Object Repository/Page_Test 123 - Team Mattermost/textarea_da"), "das"): Text 'das' is set on object 'Object Repository/Page_Test 123 - Team Mattermost/textarea_da'

2021-05-28 21:46:36 - [MESSAGE][PASSED] - Text 'das' is set on object 'Object Repository/Page_Test 123 - Team Mattermost/textarea_da'

2021-05-28 21:46:36 - [TEST_STEP][PASSED] - setText(findTestObject("Object Repository/Page_Test 123 - Team Mattermost/textarea_das"), "dasd"): Text 'dasd' is set on object 'Object Repository/Page_Test 123 - Team Mattermost/textarea_das'

2021-05-28 21:46:37 - [MESSAGE][PASSED] - Text 'dasd' is set on object 'Object Repository/Page_Test 123 - Team Mattermost/textarea_das'

2021-05-28 21:46:37 - [TEST_STEP][PASSED] - setText(findTestObject("Object Repository/Page_Test 123 - Team Mattermost/textarea_dasd"), "dasda"): Text 'dasda' is set on object 'Object Repository/Page_Test 123 - Team Mattermost/textarea_dasd'

2021-05-28 21:46:38 - [MESSAGE][PASSED] - Text 'dasda' is set on object 'Object Repository/Page_Test 123 - Team Mattermost/textarea_dasd'

2021-05-28 21:46:38 - [TEST_STEP][PASSED] - setText(findTestObject("Object Repository/Page_Test 123 - Team Mattermost/textarea_dasda"), "dasdas"): Text 'dasdas' is set on object 'Object Repository/Page_Test 123 - Team Mattermost/textarea_dasda'

2021-05-28 21:46:39 - [MESSAGE][PASSED] - Text 'dasdas' is set on object 'Object Repository/Page_Test 123 - Team Mattermost/textarea_dasda'

2021-05-28 21:46:39 - [TEST_STEP][PASSED] - setText(findTestObject("Object Repository/Page_Test 123 - Team Mattermost/textarea_dasdas"), "dasdasd"): Text 'dasdasd' is set on object 'Object Repository/Page_Test 123 - Team Mattermost/textarea_dasdas'

2021-05-28 21:46:39 - [MESSAGE][PASSED] - Text 'dasdasd' is set on object 'Object Repository/Page_Test 123 - Team Mattermost/textarea_dasdas'

2021-05-28 21:46:39 - [TEST_STEP][PASSED] - setText(findTestObject("Object Repository/Page_Test 123 - Team Mattermost/textarea_dasdasd"), "dasdasda"): Text 'dasdasda' is set on object 'Object Repository/Page_Test 123 - Team Mattermost/textarea_dasdasd'

2021-05-28 21:46:40 - [MESSAGE][PASSED] - Text 'dasdasda' is set on object 'Object Repository/Page_Test 123 - Team Mattermost/textarea_dasdasd'

2021-05-28 21:46:40 - [TEST_STEP][PASSED] - setText(findTestObject("Object Repository/Page_Test 123 - Team Mattermost/textarea_dasdasda"), "dasdasdas"): Text 'dasdasdas' is set on object 'Object Repository/Page_Test 123 - Team Mattermost/textarea_dasdasda'

2021-05-28 21:46:41 - [MESSAGE][PASSED] - Text 'dasdasdas' is set on object 'Object Repository/Page_Test 123 - Team Mattermost/textarea_dasdasda'

2021-05-28 21:46:41 - [TEST_STEP][PASSED] - setText(findTestObject("Object Repository/Page_Test 123 - Team Mattermost/textarea_dasdasdas"), "dasdasdasd"): Text 'dasdasdasd' is set on object 'Object Repository/Page_Test 123 - Team Mattermost/textarea_dasdasdas'

2021-05-28 21:46:42 - [MESSAGE][PASSED] - Text 'dasdasdasd' is set on object 'Object Repository/Page_Test 123 - Team Mattermost/textarea_dasdasdas'

2021-05-28 21:46:42 - [TEST_STEP][PASSED] - setText(findTestObject("Object Repository/Page_Test 123 - Team Mattermost/textarea_dasdasdasd"), "dasdasdasda"): Text 'dasdasdasda' is set on object 'Object Repository/Page_Test 123 - Team Mattermost/textarea_dasdasdasd'

2021-05-28 21:46:43 - [MESSAGE][PASSED] - Text 'dasdasdasda' is set on object 'Object Repository/Page_Test 123 - Team Mattermost/textarea_dasdasdasd'

2021-05-28 21:46:43 - [TEST_STEP][PASSED] - setText(findTestObject("Object Repository/Page_Test 123 - Team Mattermost/textarea_dasdasdasda"), "dasdasdasdas"): Text 'dasdasdasdas' is set on object 'Object Repository/Page_Test 123 - Team Mattermost/textarea_dasdasdasda'

2021-05-28 21:46:44 - [MESSAGE][PASSED] - Text 'dasdasdasdas' is set on object 'Object Repository/Page_Test 123 - Team Mattermost/textarea_dasdasdasda'

2021-05-28 21:46:44 - [TEST_STEP][PASSED] - setText(findTestObject("Object Repository/Page_Test 123 - Team Mattermost/textarea_dasdasdasdas"), "dasdasdasdasd"): Text 'dasdasdasdasd' is set on object 'Object Repository/Page_Test 123 - Team Mattermost/textarea_dasdasdasdas'

2021-05-28 21:46:44 - [MESSAGE][PASSED] - Text 'dasdasdasdasd' is set on object 'Object Repository/Page_Test 123 - Team Mattermost/textarea_dasdasdasdas'

2021-05-28 21:46:44 - [TEST_STEP][PASSED] - click(findTestObject("Object Repository/Page_Test 123 - Team Mattermost/button_Save")): Object: 'Object Repository/Page_Test 123 - Team Mattermost/button_Save' is clicked on

2021-05-28 21:46:45 - [MESSAGE][PASSED] - Object: 'Object Repository/Page_Test 123 - Team Mattermost/button_Save' is clicked on

2021-05-28 21:46:45 - [TEST_STEP][PASSED] - closeBrowser(): Browser is closed

2021-05-28 21:46:46 - [MESSAGE][PASSED] - Browser is closed]]></system-out>
         <system-err><![CDATA[]]></system-err>
      </testcase>
      <testcase name="Test Cases/UpdateTeamDescription" time="114.163" classname="Test Cases/UpdateTeamDescription" status="PASSED">
         <system-out><![CDATA[2021-05-28 21:46:46 - [TEST_CASE][PASSED] - Test Cases/UpdateTeamDescription: Test Cases/UpdateTeamDescription

2021-05-28 21:46:47 - [TEST_STEP][PASSED] - openBrowser(""): Browser is opened with url: ''

2021-05-28 21:46:47 - [MESSAGE][INFO] - Starting 'Chrome' driver

2021-05-28 21:46:47 - [MESSAGE][INFO] - Action delay is set to 0 milliseconds

2021-05-28 21:46:48 - [MESSAGE][PASSED] - Browser is opened with url: ''

2021-05-28 21:46:48 - [TEST_STEP][PASSED] - navigateToUrl("https://cdnc-group2.herokuapp.com/"): Navigate to 'https://cdnc-group2.herokuapp.com/' successfully

2021-05-28 21:46:53 - [MESSAGE][PASSED] - Navigate to 'https://cdnc-group2.herokuapp.com/' successfully

2021-05-28 21:46:53 - [TEST_STEP][PASSED] - setText(findTestObject("Object Repository/Page_Mattermost/input_All team communication in one place, _dcc84b"), "ngoctin040999@gmail.com"): Text 'ngoctin040999@gmail.com' is set on object 'Object Repository/Page_Mattermost/input_All team communication in one place, _dcc84b'

2021-05-28 21:47:00 - [MESSAGE][PASSED] - Text 'ngoctin040999@gmail.com' is set on object 'Object Repository/Page_Mattermost/input_All team communication in one place, _dcc84b'

2021-05-28 21:47:00 - [TEST_STEP][PASSED] - setEncryptedText(findTestObject("Object Repository/Page_Mattermost/input_All team communication in one place, _a3edc6"), "S8w1SJvl7D1hts9IdMV+NQ=="): Text ****** has been set on object 'Object Repository/Page_Mattermost/input_All team communication in one place, _a3edc6'

2021-05-28 21:47:00 - [MESSAGE][PASSED] - Text ****** has been set on object 'Object Repository/Page_Mattermost/input_All team communication in one place, _a3edc6'

2021-05-28 21:47:00 - [TEST_STEP][PASSED] - click(findTestObject("Object Repository/Page_Mattermost/button_Sign in")): Object: 'Object Repository/Page_Mattermost/button_Sign in' is clicked on

2021-05-28 21:47:01 - [MESSAGE][PASSED] - Object: 'Object Repository/Page_Mattermost/button_Sign in' is clicked on

2021-05-28 21:47:01 - [TEST_STEP][PASSED] - click(findTestObject("Object Repository/Page_Town Square - TOKEN_UPDATED Mattermost/div_TO")): Object: 'Object Repository/Page_Town Square - TOKEN_UPDATED Mattermost/div_TO' is clicked on

2021-05-28 21:47:32 - [MESSAGE][INFO] - Unable to find the element located by 'By.xpath: //a[@id='fsdfsdfTeamButton']/div/div/div/div'. Please recheck the objects properties to make sure the desired element is located. 

2021-05-28 21:47:32 - [MESSAGE][WARNING] - [SELF-HEALING] Failed to find element with id 'Object Repository/Page_Town Square - TOKEN_UPDATED Mattermost/div_TO'. Try using Self-healing.

2021-05-28 21:47:32 - [MESSAGE][WARNING] - [SELF-HEALING] The current locator of test object 'Object Repository/Page_Town Square - TOKEN_UPDATED Mattermost/div_TO' was broken. Propose an alternative one: '(.//*[normalize-space(text()) and normalize-space(.)='TOKEN_UPDATED'])[1]/following::div[11]'.

2021-05-28 21:47:33 - [MESSAGE][PASSED] - Object: 'Object Repository/Page_Town Square - TOKEN_UPDATED Mattermost/div_TO' is clicked on

2021-05-28 21:47:33 - [TEST_STEP][PASSED] - click(findTestObject("Object Repository/Page_Town Square - TOKEN_UPDATED Mattermost/path")): Object: 'Object Repository/Page_Town Square - TOKEN_UPDATED Mattermost/path' is clicked on

2021-05-28 21:48:04 - [MESSAGE][INFO] - Unable to find the element located by 'By.xpath: '. Please recheck the objects properties to make sure the desired element is located. 

2021-05-28 21:48:04 - [MESSAGE][WARNING] - [SELF-HEALING] Failed to find element with id 'Object Repository/Page_Town Square - TOKEN_UPDATED Mattermost/path'. Try using Self-healing.

2021-05-28 21:48:05 - [MESSAGE][WARNING] - [SELF-HEALING] The current locator of test object 'Object Repository/Page_Town Square - TOKEN_UPDATED Mattermost/path' was broken. Propose an alternative one: 'g > path'.

2021-05-28 21:48:05 - [MESSAGE][PASSED] - Object: 'Object Repository/Page_Town Square - TOKEN_UPDATED Mattermost/path' is clicked on

2021-05-28 21:48:05 - [TEST_STEP][PASSED] - click(findTestObject("Object Repository/Page_Town Square - TOKEN_UPDATED Mattermost/button_Team Settings")): Object: 'Object Repository/Page_Town Square - TOKEN_UPDATED Mattermost/button_Team Settings' is clicked on

2021-05-28 21:48:05 - [MESSAGE][PASSED] - Object: 'Object Repository/Page_Town Square - TOKEN_UPDATED Mattermost/button_Team Settings' is clicked on

2021-05-28 21:48:05 - [TEST_STEP][PASSED] - click(findTestObject("Object Repository/Page_Town Square - TOKEN_UPDATED Mattermost/span_Edit")): Object: 'Object Repository/Page_Town Square - TOKEN_UPDATED Mattermost/span_Edit' is clicked on

2021-05-28 21:48:37 - [MESSAGE][INFO] - Unable to find the element located by 'By.xpath: //button[@id='usernameEdit']/span'. Please recheck the objects properties to make sure the desired element is located. 

2021-05-28 21:48:37 - [MESSAGE][WARNING] - [SELF-HEALING] Failed to find element with id 'Object Repository/Page_Town Square - TOKEN_UPDATED Mattermost/span_Edit'. Try using Self-healing.

2021-05-28 21:48:37 - [MESSAGE][WARNING] - [SELF-HEALING] The current locator of test object 'Object Repository/Page_Town Square - TOKEN_UPDATED Mattermost/span_Edit' was broken. Propose an alternative one: '//div[4]/div/div/button/span'.

2021-05-28 21:48:37 - [MESSAGE][PASSED] - Object: 'Object Repository/Page_Town Square - TOKEN_UPDATED Mattermost/span_Edit' is clicked on

2021-05-28 21:48:37 - [TEST_STEP][PASSED] - setText(findTestObject("Object Repository/Page_Town Square - TOKEN_UPDATED Mattermost/input_Team Description_teamDescription"), "TOKEN TEAM 123"): Text 'TOKEN TEAM 123' is set on object 'Object Repository/Page_Town Square - TOKEN_UPDATED Mattermost/input_Team Description_teamDescription'

2021-05-28 21:48:38 - [MESSAGE][PASSED] - Text 'TOKEN TEAM 123' is set on object 'Object Repository/Page_Town Square - TOKEN_UPDATED Mattermost/input_Team Description_teamDescription'

2021-05-28 21:48:38 - [TEST_STEP][PASSED] - click(findTestObject("Object Repository/Page_Town Square - TOKEN_UPDATED Mattermost/span_Save")): Object: 'Object Repository/Page_Town Square - TOKEN_UPDATED Mattermost/span_Save' is clicked on

2021-05-28 21:48:39 - [MESSAGE][PASSED] - Object: 'Object Repository/Page_Town Square - TOKEN_UPDATED Mattermost/span_Save' is clicked on

2021-05-28 21:48:39 - [TEST_STEP][PASSED] - click(findTestObject("Object Repository/Page_Town Square - TOKEN_UPDATED Mattermost/span_")): Object: 'Object Repository/Page_Town Square - TOKEN_UPDATED Mattermost/span_' is clicked on

2021-05-28 21:48:39 - [MESSAGE][PASSED] - Object: 'Object Repository/Page_Town Square - TOKEN_UPDATED Mattermost/span_' is clicked on

2021-05-28 21:48:39 - [TEST_STEP][PASSED] - closeBrowser(): Browser is closed

2021-05-28 21:48:40 - [MESSAGE][PASSED] - Browser is closed]]></system-out>
         <system-err><![CDATA[]]></system-err>
      </testcase>
      <testcase name="Test Cases/UpdateTeamName" time="51.403" classname="Test Cases/UpdateTeamName" status="FAILED">
         <failure type="FAILED" message="Test Cases/UpdateTeamName FAILED.
Reason:
com.kms.katalon.core.exception.StepFailedException: Unable to click on object 'Object Repository/Page_Town Square - TOKEN Mattermost/div_TO'
	at com.kms.katalon.core.webui.keyword.internal.WebUIKeywordMain.stepFailed(WebUIKeywordMain.groovy:64)
	at com.kms.katalon.core.webui.keyword.internal.WebUIKeywordMain.runKeyword(WebUIKeywordMain.groovy:26)
	at com.kms.katalon.core.webui.keyword.builtin.ClickKeyword.click(ClickKeyword.groovy:75)
	at com.kms.katalon.core.webui.keyword.builtin.ClickKeyword.execute(ClickKeyword.groovy:42)
	at com.kms.katalon.core.keyword.internal.KeywordExecutor.executeKeywordForPlatform(KeywordExecutor.groovy:73)
	at com.kms.katalon.core.webui.keyword.WebUiBuiltInKeywords.click(WebUiBuiltInKeywords.groovy:619)
	at com.kms.katalon.core.webui.keyword.WebUiBuiltInKeywords$click$4.call(Unknown Source)
	at UpdateTeamName.run(UpdateTeamName:31)
	at com.kms.katalon.core.main.ScriptEngine.run(ScriptEngine.java:194)
	at com.kms.katalon.core.main.ScriptEngine.runScriptAsRawText(ScriptEngine.java:119)
	at com.kms.katalon.core.main.TestCaseExecutor.runScript(TestCaseExecutor.java:398)
	at com.kms.katalon.core.main.TestCaseExecutor.doExecute(TestCaseExecutor.java:389)
	at com.kms.katalon.core.main.TestCaseExecutor.processExecutionPhase(TestCaseExecutor.java:368)
	at com.kms.katalon.core.main.TestCaseExecutor.accessMainPhase(TestCaseExecutor.java:360)
	at com.kms.katalon.core.main.TestCaseExecutor.execute(TestCaseExecutor.java:255)
	at com.kms.katalon.core.main.TestSuiteExecutor.accessTestCaseMainPhase(TestSuiteExecutor.java:203)
	at com.kms.katalon.core.main.TestSuiteExecutor.accessTestSuiteMainPhase(TestSuiteExecutor.java:152)
	at com.kms.katalon.core.main.TestSuiteExecutor.execute(TestSuiteExecutor.java:95)
	at com.kms.katalon.core.main.TestCaseMain.startTestSuite(TestCaseMain.java:157)
	at com.kms.katalon.core.main.TestCaseMain$startTestSuite$0.call(Unknown Source)
	at TempTestSuite1622212592997.run(TempTestSuite1622212592997.groovy:39)
Caused by: com.kms.katalon.core.webui.exception.WebElementNotFoundException: Web element with id: 'Object Repository/Page_Town Square - TOKEN Mattermost/div_TO' located by '//a[@id='fsdfsdfTeamButton']/div/div/div/div' not found
	at com.kms.katalon.core.webui.common.WebUiCommonHelper.findWebElement(WebUiCommonHelper.java:1368)
	at com.kms.katalon.core.webui.keyword.internal.WebUIAbstractKeyword.findWebElement(WebUIAbstractKeyword.groovy:27)
	at com.kms.katalon.core.webui.keyword.internal.WebUIAbstractKeyword.findWebElement(WebUIAbstractKeyword.groovy:26)
	at com.kms.katalon.core.webui.keyword.builtin.ClickKeyword$_click_closure1.doCall(ClickKeyword.groovy:66)
	at com.kms.katalon.core.webui.keyword.builtin.ClickKeyword$_click_closure1.call(ClickKeyword.groovy)
	at com.kms.katalon.core.webui.keyword.internal.WebUIKeywordMain.runKeyword(WebUIKeywordMain.groovy:20)
	... 19 more
"/>
         <system-out><![CDATA[2021-05-28 21:48:40 - [TEST_CASE][FAILED] - Test Cases/UpdateTeamName: Test Cases/UpdateTeamName FAILED.
Reason:
com.kms.katalon.core.exception.StepFailedException: Unable to click on object 'Object Repository/Page_Town Square - TOKEN Mattermost/div_TO'
	at com.kms.katalon.core.webui.keyword.internal.WebUIKeywordMain.stepFailed(WebUIKeywordMain.groovy:64)
	at com.kms.katalon.core.webui.keyword.internal.WebUIKeywordMain.runKeyword(WebUIKeywordMain.groovy:26)
	at com.kms.katalon.core.webui.keyword.builtin.ClickKeyword.click(ClickKeyword.groovy:75)
	at com.kms.katalon.core.webui.keyword.builtin.ClickKeyword.execute(ClickKeyword.groovy:42)
	at com.kms.katalon.core.keyword.internal.KeywordExecutor.executeKeywordForPlatform(KeywordExecutor.groovy:73)
	at com.kms.katalon.core.webui.keyword.WebUiBuiltInKeywords.click(WebUiBuiltInKeywords.groovy:619)
	at com.kms.katalon.core.webui.keyword.WebUiBuiltInKeywords$click$4.call(Unknown Source)
	at UpdateTeamName.run(UpdateTeamName:31)
	at com.kms.katalon.core.main.ScriptEngine.run(ScriptEngine.java:194)
	at com.kms.katalon.core.main.ScriptEngine.runScriptAsRawText(ScriptEngine.java:119)
	at com.kms.katalon.core.main.TestCaseExecutor.runScript(TestCaseExecutor.java:398)
	at com.kms.katalon.core.main.TestCaseExecutor.doExecute(TestCaseExecutor.java:389)
	at com.kms.katalon.core.main.TestCaseExecutor.processExecutionPhase(TestCaseExecutor.java:368)
	at com.kms.katalon.core.main.TestCaseExecutor.accessMainPhase(TestCaseExecutor.java:360)
	at com.kms.katalon.core.main.TestCaseExecutor.execute(TestCaseExecutor.java:255)
	at com.kms.katalon.core.main.TestSuiteExecutor.accessTestCaseMainPhase(TestSuiteExecutor.java:203)
	at com.kms.katalon.core.main.TestSuiteExecutor.accessTestSuiteMainPhase(TestSuiteExecutor.java:152)
	at com.kms.katalon.core.main.TestSuiteExecutor.execute(TestSuiteExecutor.java:95)
	at com.kms.katalon.core.main.TestCaseMain.startTestSuite(TestCaseMain.java:157)
	at com.kms.katalon.core.main.TestCaseMain$startTestSuite$0.call(Unknown Source)
	at TempTestSuite1622212592997.run(TempTestSuite1622212592997.groovy:39)
Caused by: com.kms.katalon.core.webui.exception.WebElementNotFoundException: Web element with id: 'Object Repository/Page_Town Square - TOKEN Mattermost/div_TO' located by '//a[@id='fsdfsdfTeamButton']/div/div/div/div' not found
	at com.kms.katalon.core.webui.common.WebUiCommonHelper.findWebElement(WebUiCommonHelper.java:1368)
	at com.kms.katalon.core.webui.keyword.internal.WebUIAbstractKeyword.findWebElement(WebUIAbstractKeyword.groovy:27)
	at com.kms.katalon.core.webui.keyword.internal.WebUIAbstractKeyword.findWebElement(WebUIAbstractKeyword.groovy:26)
	at com.kms.katalon.core.webui.keyword.builtin.ClickKeyword$_click_closure1.doCall(ClickKeyword.groovy:66)
	at com.kms.katalon.core.webui.keyword.builtin.ClickKeyword$_click_closure1.call(ClickKeyword.groovy)
	at com.kms.katalon.core.webui.keyword.internal.WebUIKeywordMain.runKeyword(WebUIKeywordMain.groovy:20)
	... 19 more


2021-05-28 21:48:41 - [TEST_STEP][PASSED] - openBrowser(""): Browser is opened with url: ''

2021-05-28 21:48:41 - [MESSAGE][INFO] - Starting 'Chrome' driver

2021-05-28 21:48:41 - [MESSAGE][INFO] - Action delay is set to 0 milliseconds

2021-05-28 21:48:42 - [MESSAGE][PASSED] - Browser is opened with url: ''

2021-05-28 21:48:42 - [TEST_STEP][PASSED] - navigateToUrl("https://cdnc-group2.herokuapp.com/"): Navigate to 'https://cdnc-group2.herokuapp.com/' successfully

2021-05-28 21:48:47 - [MESSAGE][PASSED] - Navigate to 'https://cdnc-group2.herokuapp.com/' successfully

2021-05-28 21:48:47 - [TEST_STEP][PASSED] - setText(findTestObject("Object Repository/Page_Mattermost/input_All team communication in one place, _dcc84b"), "ngoctin040999@gmail.com"): Text 'ngoctin040999@gmail.com' is set on object 'Object Repository/Page_Mattermost/input_All team communication in one place, _dcc84b'

2021-05-28 21:48:53 - [MESSAGE][PASSED] - Text 'ngoctin040999@gmail.com' is set on object 'Object Repository/Page_Mattermost/input_All team communication in one place, _dcc84b'

2021-05-28 21:48:53 - [TEST_STEP][PASSED] - setEncryptedText(findTestObject("Object Repository/Page_Mattermost/input_All team communication in one place, _a3edc6"), "S8w1SJvl7D1hts9IdMV+NQ=="): Text ****** has been set on object 'Object Repository/Page_Mattermost/input_All team communication in one place, _a3edc6'

2021-05-28 21:48:54 - [MESSAGE][PASSED] - Text ****** has been set on object 'Object Repository/Page_Mattermost/input_All team communication in one place, _a3edc6'

2021-05-28 21:48:54 - [TEST_STEP][PASSED] - click(findTestObject("Object Repository/Page_Mattermost/span_Sign in")): Object: 'Object Repository/Page_Mattermost/span_Sign in' is clicked on

2021-05-28 21:48:55 - [MESSAGE][PASSED] - Object: 'Object Repository/Page_Mattermost/span_Sign in' is clicked on

2021-05-28 21:48:55 - [TEST_STEP][FAILED] - click(findTestObject("Object Repository/Page_Town Square - TOKEN Mattermost/div_TO")): Unable to click on object 'Object Repository/Page_Town Square - TOKEN Mattermost/div_TO' (Root cause: com.kms.katalon.core.exception.StepFailedException: Unable to click on object 'Object Repository/Page_Town Square - TOKEN Mattermost/div_TO'
	at com.kms.katalon.core.webui.keyword.internal.WebUIKeywordMain.stepFailed(WebUIKeywordMain.groovy:64)
	at com.kms.katalon.core.webui.keyword.internal.WebUIKeywordMain.runKeyword(WebUIKeywordMain.groovy:26)
	at com.kms.katalon.core.webui.keyword.builtin.ClickKeyword.click(ClickKeyword.groovy:75)
	at com.kms.katalon.core.webui.keyword.builtin.ClickKeyword.execute(ClickKeyword.groovy:42)
	at com.kms.katalon.core.keyword.internal.KeywordExecutor.executeKeywordForPlatform(KeywordExecutor.groovy:73)
	at com.kms.katalon.core.webui.keyword.WebUiBuiltInKeywords.click(WebUiBuiltInKeywords.groovy:619)
	at com.kms.katalon.core.webui.keyword.WebUiBuiltInKeywords$click$4.call(Unknown Source)
	at UpdateTeamName.run(UpdateTeamName:31)
	at com.kms.katalon.core.main.ScriptEngine.run(ScriptEngine.java:194)
	at com.kms.katalon.core.main.ScriptEngine.runScriptAsRawText(ScriptEngine.java:119)
	at com.kms.katalon.core.main.TestCaseExecutor.runScript(TestCaseExecutor.java:398)
	at com.kms.katalon.core.main.TestCaseExecutor.doExecute(TestCaseExecutor.java:389)
	at com.kms.katalon.core.main.TestCaseExecutor.processExecutionPhase(TestCaseExecutor.java:368)
	at com.kms.katalon.core.main.TestCaseExecutor.accessMainPhase(TestCaseExecutor.java:360)
	at com.kms.katalon.core.main.TestCaseExecutor.execute(TestCaseExecutor.java:255)
	at com.kms.katalon.core.main.TestSuiteExecutor.accessTestCaseMainPhase(TestSuiteExecutor.java:203)
	at com.kms.katalon.core.main.TestSuiteExecutor.accessTestSuiteMainPhase(TestSuiteExecutor.java:152)
	at com.kms.katalon.core.main.TestSuiteExecutor.execute(TestSuiteExecutor.java:95)
	at com.kms.katalon.core.main.TestCaseMain.startTestSuite(TestCaseMain.java:157)
	at com.kms.katalon.core.main.TestCaseMain$startTestSuite$0.call(Unknown Source)
	at TempTestSuite1622212592997.run(TempTestSuite1622212592997.groovy:39)
Caused by: com.kms.katalon.core.webui.exception.WebElementNotFoundException: Web element with id: 'Object Repository/Page_Town Square - TOKEN Mattermost/div_TO' located by '//a[@id='fsdfsdfTeamButton']/div/div/div/div' not found
	at com.kms.katalon.core.webui.common.WebUiCommonHelper.findWebElement(WebUiCommonHelper.java:1368)
	at com.kms.katalon.core.webui.keyword.internal.WebUIAbstractKeyword.findWebElement(WebUIAbstractKeyword.groovy:27)
	at com.kms.katalon.core.webui.keyword.internal.WebUIAbstractKeyword.findWebElement(WebUIAbstractKeyword.groovy:26)
	at com.kms.katalon.core.webui.keyword.builtin.ClickKeyword$_click_closure1.doCall(ClickKeyword.groovy:66)
	at com.kms.katalon.core.webui.keyword.builtin.ClickKeyword$_click_closure1.call(ClickKeyword.groovy)
	at com.kms.katalon.core.webui.keyword.internal.WebUIKeywordMain.runKeyword(WebUIKeywordMain.groovy:20)
	at com.kms.katalon.core.webui.keyword.builtin.ClickKeyword.click(ClickKeyword.groovy:75)
	at com.kms.katalon.core.webui.keyword.builtin.ClickKeyword.execute(ClickKeyword.groovy:42)
	at com.kms.katalon.core.keyword.internal.KeywordExecutor.executeKeywordForPlatform(KeywordExecutor.groovy:73)
	at com.kms.katalon.core.webui.keyword.WebUiBuiltInKeywords.click(WebUiBuiltInKeywords.groovy:619)
	at com.kms.katalon.core.webui.keyword.WebUiBuiltInKeywords$click$4.call(Unknown Source)
	at Script1621606097014.run(Script1621606097014.groovy:31)
	... 13 more
)

2021-05-28 21:49:27 - [MESSAGE][INFO] - Unable to find the element located by 'By.xpath: //a[@id='fsdfsdfTeamButton']/div/div/div/div'. Please recheck the objects properties to make sure the desired element is located. 

2021-05-28 21:49:27 - [MESSAGE][WARNING] - [SELF-HEALING] Failed to find element with id 'Object Repository/Page_Town Square - TOKEN Mattermost/div_TO'. Try using Self-healing.

2021-05-28 21:49:28 - [MESSAGE][INFO] - Unable to find the element located by 'By.xpath: //a/div/div/div/div'. Please recheck the objects properties to make sure the desired element is located. 

2021-05-28 21:49:28 - [MESSAGE][INFO] - [SELF-HEALING] Failed Locator: '//a[@id='fsdfsdfTeamButton']/div/div/div/div'.

2021-05-28 21:49:28 - [MESSAGE][INFO] - [SELF-HEALING] Failed Locator: '(.//*[normalize-space(text()) and normalize-space(.)='TOKEN'])[1]/following::div[11]'.

2021-05-28 21:49:28 - [MESSAGE][INFO] - [SELF-HEALING] Failed Locator: '(.//*[normalize-space(text()) and normalize-space(.)='Up'])[1]/preceding::div[1]'.

2021-05-28 21:49:29 - [MESSAGE][INFO] - [SELF-HEALING] Failed Locator: '(.//*[normalize-space(text()) and normalize-space(.)='Up'])[2]/preceding::div[6]'.

2021-05-28 21:49:29 - [MESSAGE][INFO] - [SELF-HEALING] Failed Locator: '//*/text()[normalize-space(.)='TO']/parent::*'.

2021-05-28 21:49:29 - [MESSAGE][INFO] - [SELF-HEALING] Failed Locator: '//a/div/div/div/div'.

2021-05-28 21:49:30 - [MESSAGE][INFO] - Unable to find the element located by 'By.xpath: //*[(text() = 'TO' or . = 'TO')]'. Please recheck the objects properties to make sure the desired element is located. 

2021-05-28 21:49:31 - [MESSAGE][INFO] - Unable to find the element located by 'By.cssSelector: div.TeamIcon__initials.TeamIcon__initials__md'. Please recheck the objects properties to make sure the desired element is located. 

2021-05-28 21:49:32 - [MESSAGE][FAILED] - Unable to click on object 'Object Repository/Page_Town Square - TOKEN Mattermost/div_TO' (Root cause: com.kms.katalon.core.exception.StepFailedException: Unable to click on object 'Object Repository/Page_Town Square - TOKEN Mattermost/div_TO'
	at com.kms.katalon.core.webui.keyword.internal.WebUIKeywordMain.stepFailed(WebUIKeywordMain.groovy:64)
	at com.kms.katalon.core.webui.keyword.internal.WebUIKeywordMain.runKeyword(WebUIKeywordMain.groovy:26)
	at com.kms.katalon.core.webui.keyword.builtin.ClickKeyword.click(ClickKeyword.groovy:75)
	at com.kms.katalon.core.webui.keyword.builtin.ClickKeyword.execute(ClickKeyword.groovy:42)
	at com.kms.katalon.core.keyword.internal.KeywordExecutor.executeKeywordForPlatform(KeywordExecutor.groovy:73)
	at com.kms.katalon.core.webui.keyword.WebUiBuiltInKeywords.click(WebUiBuiltInKeywords.groovy:619)
	at com.kms.katalon.core.webui.keyword.WebUiBuiltInKeywords$click$4.call(Unknown Source)
	at UpdateTeamName.run(UpdateTeamName:31)
	at com.kms.katalon.core.main.ScriptEngine.run(ScriptEngine.java:194)
	at com.kms.katalon.core.main.ScriptEngine.runScriptAsRawText(ScriptEngine.java:119)
	at com.kms.katalon.core.main.TestCaseExecutor.runScript(TestCaseExecutor.java:398)
	at com.kms.katalon.core.main.TestCaseExecutor.doExecute(TestCaseExecutor.java:389)
	at com.kms.katalon.core.main.TestCaseExecutor.processExecutionPhase(TestCaseExecutor.java:368)
	at com.kms.katalon.core.main.TestCaseExecutor.accessMainPhase(TestCaseExecutor.java:360)
	at com.kms.katalon.core.main.TestCaseExecutor.execute(TestCaseExecutor.java:255)
	at com.kms.katalon.core.main.TestSuiteExecutor.accessTestCaseMainPhase(TestSuiteExecutor.java:203)
	at com.kms.katalon.core.main.TestSuiteExecutor.accessTestSuiteMainPhase(TestSuiteExecutor.java:152)
	at com.kms.katalon.core.main.TestSuiteExecutor.execute(TestSuiteExecutor.java:95)
	at com.kms.katalon.core.main.TestCaseMain.startTestSuite(TestCaseMain.java:157)
	at com.kms.katalon.core.main.TestCaseMain$startTestSuite$0.call(Unknown Source)
	at TempTestSuite1622212592997.run(TempTestSuite1622212592997.groovy:39)
Caused by: com.kms.katalon.core.webui.exception.WebElementNotFoundException: Web element with id: 'Object Repository/Page_Town Square - TOKEN Mattermost/div_TO' located by '//a[@id='fsdfsdfTeamButton']/div/div/div/div' not found
	at com.kms.katalon.core.webui.common.WebUiCommonHelper.findWebElement(WebUiCommonHelper.java:1368)
	at com.kms.katalon.core.webui.keyword.internal.WebUIAbstractKeyword.findWebElement(WebUIAbstractKeyword.groovy:27)
	at com.kms.katalon.core.webui.keyword.internal.WebUIAbstractKeyword.findWebElement(WebUIAbstractKeyword.groovy:26)
	at com.kms.katalon.core.webui.keyword.builtin.ClickKeyword$_click_closure1.doCall(ClickKeyword.groovy:66)
	at com.kms.katalon.core.webui.keyword.builtin.ClickKeyword$_click_closure1.call(ClickKeyword.groovy)
	at com.kms.katalon.core.webui.keyword.internal.WebUIKeywordMain.runKeyword(WebUIKeywordMain.groovy:20)
	at com.kms.katalon.core.webui.keyword.builtin.ClickKeyword.click(ClickKeyword.groovy:75)
	at com.kms.katalon.core.webui.keyword.builtin.ClickKeyword.execute(ClickKeyword.groovy:42)
	at com.kms.katalon.core.keyword.internal.KeywordExecutor.executeKeywordForPlatform(KeywordExecutor.groovy:73)
	at com.kms.katalon.core.webui.keyword.WebUiBuiltInKeywords.click(WebUiBuiltInKeywords.groovy:619)
	at com.kms.katalon.core.webui.keyword.WebUiBuiltInKeywords$click$4.call(Unknown Source)
	at Script1621606097014.run(Script1621606097014.groovy:31)
	... 13 more
)
[[ATTACHMENT|C:\\Users\\tanth\\git\\katalon\\Reports\\20210528_213632\\Run all test cases\\20210528_213632\\1622213371979.png]]]]></system-out>
         <system-err><![CDATA[2021-05-28 21:48:40 - [TEST_CASE][FAILED] - Test Cases/UpdateTeamName: Test Cases/UpdateTeamName FAILED.
Reason:
com.kms.katalon.core.exception.StepFailedException: Unable to click on object 'Object Repository/Page_Town Square - TOKEN Mattermost/div_TO'
	at com.kms.katalon.core.webui.keyword.internal.WebUIKeywordMain.stepFailed(WebUIKeywordMain.groovy:64)
	at com.kms.katalon.core.webui.keyword.internal.WebUIKeywordMain.runKeyword(WebUIKeywordMain.groovy:26)
	at com.kms.katalon.core.webui.keyword.builtin.ClickKeyword.click(ClickKeyword.groovy:75)
	at com.kms.katalon.core.webui.keyword.builtin.ClickKeyword.execute(ClickKeyword.groovy:42)
	at com.kms.katalon.core.keyword.internal.KeywordExecutor.executeKeywordForPlatform(KeywordExecutor.groovy:73)
	at com.kms.katalon.core.webui.keyword.WebUiBuiltInKeywords.click(WebUiBuiltInKeywords.groovy:619)
	at com.kms.katalon.core.webui.keyword.WebUiBuiltInKeywords$click$4.call(Unknown Source)
	at UpdateTeamName.run(UpdateTeamName:31)
	at com.kms.katalon.core.main.ScriptEngine.run(ScriptEngine.java:194)
	at com.kms.katalon.core.main.ScriptEngine.runScriptAsRawText(ScriptEngine.java:119)
	at com.kms.katalon.core.main.TestCaseExecutor.runScript(TestCaseExecutor.java:398)
	at com.kms.katalon.core.main.TestCaseExecutor.doExecute(TestCaseExecutor.java:389)
	at com.kms.katalon.core.main.TestCaseExecutor.processExecutionPhase(TestCaseExecutor.java:368)
	at com.kms.katalon.core.main.TestCaseExecutor.accessMainPhase(TestCaseExecutor.java:360)
	at com.kms.katalon.core.main.TestCaseExecutor.execute(TestCaseExecutor.java:255)
	at com.kms.katalon.core.main.TestSuiteExecutor.accessTestCaseMainPhase(TestSuiteExecutor.java:203)
	at com.kms.katalon.core.main.TestSuiteExecutor.accessTestSuiteMainPhase(TestSuiteExecutor.java:152)
	at com.kms.katalon.core.main.TestSuiteExecutor.execute(TestSuiteExecutor.java:95)
	at com.kms.katalon.core.main.TestCaseMain.startTestSuite(TestCaseMain.java:157)
	at com.kms.katalon.core.main.TestCaseMain$startTestSuite$0.call(Unknown Source)
	at TempTestSuite1622212592997.run(TempTestSuite1622212592997.groovy:39)
Caused by: com.kms.katalon.core.webui.exception.WebElementNotFoundException: Web element with id: 'Object Repository/Page_Town Square - TOKEN Mattermost/div_TO' located by '//a[@id='fsdfsdfTeamButton']/div/div/div/div' not found
	at com.kms.katalon.core.webui.common.WebUiCommonHelper.findWebElement(WebUiCommonHelper.java:1368)
	at com.kms.katalon.core.webui.keyword.internal.WebUIAbstractKeyword.findWebElement(WebUIAbstractKeyword.groovy:27)
	at com.kms.katalon.core.webui.keyword.internal.WebUIAbstractKeyword.findWebElement(WebUIAbstractKeyword.groovy:26)
	at com.kms.katalon.core.webui.keyword.builtin.ClickKeyword$_click_closure1.doCall(ClickKeyword.groovy:66)
	at com.kms.katalon.core.webui.keyword.builtin.ClickKeyword$_click_closure1.call(ClickKeyword.groovy)
	at com.kms.katalon.core.webui.keyword.internal.WebUIKeywordMain.runKeyword(WebUIKeywordMain.groovy:20)
	... 19 more]]></system-err>
      </testcase>
      <testcase name="Test Cases/SwitchChannels" time="19.854" classname="Test Cases/SwitchChannels" status="PASSED">
         <system-out><![CDATA[2021-05-28 21:49:32 - [TEST_CASE][PASSED] - Test Cases/SwitchChannels: Test Cases/SwitchChannels

2021-05-28 21:49:32 - [TEST_STEP][PASSED] - openBrowser(""): Browser is opened with url: ''

2021-05-28 21:49:32 - [MESSAGE][WARNING] - A browser is already opened. Closing browser and opening a new one

2021-05-28 21:49:33 - [MESSAGE][INFO] - Starting 'Chrome' driver

2021-05-28 21:49:33 - [MESSAGE][INFO] - Action delay is set to 0 milliseconds

2021-05-28 21:49:35 - [MESSAGE][PASSED] - Browser is opened with url: ''

2021-05-28 21:49:35 - [TEST_STEP][PASSED] - navigateToUrl("https://cdnc-group2.herokuapp.com/"): Navigate to 'https://cdnc-group2.herokuapp.com/' successfully

2021-05-28 21:49:39 - [MESSAGE][PASSED] - Navigate to 'https://cdnc-group2.herokuapp.com/' successfully

2021-05-28 21:49:39 - [TEST_STEP][PASSED] - setText(findTestObject("Object Repository/Page_Mattermost/input_All team communication in one place, _dcc84b"), "ngoctin040999@gmail.com"): Text 'ngoctin040999@gmail.com' is set on object 'Object Repository/Page_Mattermost/input_All team communication in one place, _dcc84b'

2021-05-28 21:49:44 - [MESSAGE][PASSED] - Text 'ngoctin040999@gmail.com' is set on object 'Object Repository/Page_Mattermost/input_All team communication in one place, _dcc84b'

2021-05-28 21:49:44 - [TEST_STEP][PASSED] - setEncryptedText(findTestObject("Object Repository/Page_Mattermost/input_All team communication in one place, _a3edc6"), "S8w1SJvl7D1hts9IdMV+NQ=="): Text ****** has been set on object 'Object Repository/Page_Mattermost/input_All team communication in one place, _a3edc6'

2021-05-28 21:49:44 - [MESSAGE][PASSED] - Text ****** has been set on object 'Object Repository/Page_Mattermost/input_All team communication in one place, _a3edc6'

2021-05-28 21:49:44 - [TEST_STEP][PASSED] - click(findTestObject("Object Repository/Page_Mattermost/span_Sign in")): Object: 'Object Repository/Page_Mattermost/span_Sign in' is clicked on

2021-05-28 21:49:45 - [MESSAGE][PASSED] - Object: 'Object Repository/Page_Mattermost/span_Sign in' is clicked on

2021-05-28 21:49:45 - [TEST_STEP][PASSED] - click(findTestObject("Object Repository/Page_Town Square - TOKEN Mattermost/span_Switch Channels")): Object: 'Object Repository/Page_Town Square - TOKEN Mattermost/span_Switch Channels' is clicked on

2021-05-28 21:49:49 - [MESSAGE][PASSED] - Object: 'Object Repository/Page_Town Square - TOKEN Mattermost/span_Switch Channels' is clicked on

2021-05-28 21:49:49 - [TEST_STEP][PASSED] - setText(findTestObject("Object Repository/Page_Town Square - TOKEN Mattermost/input_ESC_quickSwitchInput"), "Test 111224"): Text 'Test 111224' is set on object 'Object Repository/Page_Town Square - TOKEN Mattermost/input_ESC_quickSwitchInput'

2021-05-28 21:49:50 - [MESSAGE][PASSED] - Text 'Test 111224' is set on object 'Object Repository/Page_Town Square - TOKEN Mattermost/input_ESC_quickSwitchInput'

2021-05-28 21:49:50 - [TEST_STEP][PASSED] - if (findTestObject("Object Repository/Page_Town Square - TOKEN Mattermost/span_Test 111224") == null): null

2021-05-28 21:49:50 - [TEST_STEP][PASSED] - click(findTestObject("Object Repository/Page_Town Square - TOKEN Mattermost/span_Test 111224")): Object: 'Object Repository/Page_Town Square - TOKEN Mattermost/span_Test 111224' is clicked on

2021-05-28 21:49:51 - [MESSAGE][PASSED] - Object: 'Object Repository/Page_Town Square - TOKEN Mattermost/span_Test 111224' is clicked on]]></system-out>
         <system-err><![CDATA[]]></system-err>
      </testcase>
      <testcase name="Test Cases/CreateRoom" time="26.013" classname="Test Cases/CreateRoom" status="PASSED">
         <system-out><![CDATA[2021-05-28 21:49:52 - [TEST_CASE][PASSED] - Test Cases/CreateRoom: Test Cases/CreateRoom

2021-05-28 21:49:53 - [TEST_STEP][PASSED] - openBrowser(""): Browser is opened with url: ''

2021-05-28 21:49:53 - [MESSAGE][WARNING] - A browser is already opened. Closing browser and opening a new one

2021-05-28 21:49:54 - [MESSAGE][INFO] - Starting 'Chrome' driver

2021-05-28 21:49:54 - [MESSAGE][INFO] - Action delay is set to 0 milliseconds

2021-05-28 21:49:56 - [MESSAGE][PASSED] - Browser is opened with url: ''

2021-05-28 21:49:56 - [TEST_STEP][PASSED] - navigateToUrl("https://cdnc-group2.herokuapp.com"): Navigate to 'https://cdnc-group2.herokuapp.com' successfully

2021-05-28 21:50:00 - [MESSAGE][PASSED] - Navigate to 'https://cdnc-group2.herokuapp.com' successfully

2021-05-28 21:50:00 - [TEST_STEP][PASSED] - setText(findTestObject("Object Repository/Login_Mattermost_OR/input_All team communication in one place, _dcc84b"), "ngoctin040999@gmail.com"): Text 'ngoctin040999@gmail.com' is set on object 'Object Repository/Login_Mattermost_OR/input_All team communication in one place, _dcc84b'

2021-05-28 21:50:05 - [MESSAGE][PASSED] - Text 'ngoctin040999@gmail.com' is set on object 'Object Repository/Login_Mattermost_OR/input_All team communication in one place, _dcc84b'

2021-05-28 21:50:05 - [TEST_STEP][PASSED] - setText(findTestObject("Object Repository/Login_Mattermost_OR/input_All team communication in one place, _a3edc6"), "ngoctin1"): Text 'ngoctin1' is set on object 'Object Repository/Login_Mattermost_OR/input_All team communication in one place, _a3edc6'

2021-05-28 21:50:06 - [MESSAGE][PASSED] - Text 'ngoctin1' is set on object 'Object Repository/Login_Mattermost_OR/input_All team communication in one place, _a3edc6'

2021-05-28 21:50:06 - [TEST_STEP][PASSED] - click(findTestObject("Object Repository/Login_Mattermost_OR/span_Sign in")): Object: 'Object Repository/Login_Mattermost_OR/span_Sign in' is clicked on

2021-05-28 21:50:07 - [MESSAGE][PASSED] - Object: 'Object Repository/Login_Mattermost_OR/span_Sign in' is clicked on

2021-05-28 21:50:07 - [TEST_STEP][PASSED] - click(findTestObject("CreateRoom_Mattermose_OR/span_")): Object: 'Object Repository/CreateRoom_Mattermose_OR/span_' is clicked on

2021-05-28 21:50:11 - [MESSAGE][PASSED] - Object: 'Object Repository/CreateRoom_Mattermose_OR/span_' is clicked on

2021-05-28 21:50:11 - [TEST_STEP][PASSED] - verifyElementPresent(findTestObject("CreateRoom_Mattermose_OR/span_New Channel"), 0): Object 'Object Repository/CreateRoom_Mattermose_OR/span_New Channel' is present

2021-05-28 21:50:11 - [MESSAGE][WARNING] - Timeout '0' is invalid. Using default page load timeout: '30'

2021-05-28 21:50:12 - [MESSAGE][PASSED] - Object 'Object Repository/CreateRoom_Mattermose_OR/span_New Channel' is present

2021-05-28 21:50:12 - [TEST_STEP][PASSED] - switch (Type): null

2021-05-28 21:50:12 - [TEST_STEP][PASSED] - case "Public":: null

2021-05-28 21:50:12 - [TEST_STEP][PASSED] - click(findTestObject("CreateRoom_Mattermose_OR/input_Type_channelType")): Object: 'Object Repository/CreateRoom_Mattermose_OR/input_Type_channelType' is clicked on

2021-05-28 21:50:12 - [MESSAGE][PASSED] - Object: 'Object Repository/CreateRoom_Mattermose_OR/input_Type_channelType' is clicked on

2021-05-28 21:50:12 - [TEST_STEP][PASSED] - break: null

2021-05-28 21:50:12 - [TEST_STEP][PASSED] - setText(findTestObject("CreateRoom_Mattermose_OR/input_Name_newChannelName"), ChannelName): Text 'Test 123' is set on object 'Object Repository/CreateRoom_Mattermose_OR/input_Name_newChannelName'

2021-05-28 21:50:13 - [MESSAGE][PASSED] - Text 'Test 123' is set on object 'Object Repository/CreateRoom_Mattermose_OR/input_Name_newChannelName'

2021-05-28 21:50:13 - [TEST_STEP][PASSED] - setText(findTestObject("CreateRoom_Mattermose_OR/textarea_(optional)_newChannelPurpose"), Purpose): Text 'Data test 1' is set on object 'Object Repository/CreateRoom_Mattermose_OR/textarea_(optional)_newChannelPurpose'

2021-05-28 21:50:14 - [MESSAGE][PASSED] - Text 'Data test 1' is set on object 'Object Repository/CreateRoom_Mattermose_OR/textarea_(optional)_newChannelPurpose'

2021-05-28 21:50:14 - [TEST_STEP][PASSED] - setText(findTestObject("CreateRoom_Mattermose_OR/textarea_(optional)_newChannelHeader"), Description): Text 'Test Description' is set on object 'Object Repository/CreateRoom_Mattermose_OR/textarea_(optional)_newChannelHeader'

2021-05-28 21:50:15 - [MESSAGE][PASSED] - Text 'Test Description' is set on object 'Object Repository/CreateRoom_Mattermose_OR/textarea_(optional)_newChannelHeader'

2021-05-28 21:50:15 - [TEST_STEP][PASSED] - click(findTestObject("CreateRoom_Mattermose_OR/button_Create Channel")): Object: 'Object Repository/CreateRoom_Mattermose_OR/button_Create Channel' is clicked on

2021-05-28 21:50:16 - [MESSAGE][PASSED] - Object: 'Object Repository/CreateRoom_Mattermose_OR/button_Create Channel' is clicked on

2021-05-28 21:50:16 - [TEST_STEP][PASSED] - if (verifyElementPresent(findTestObject("CreateRoom_Mattermose_OR/p_A channel with that name already exists on the same team"), 0, OPTIONAL)): null

2021-05-28 21:50:16 - [MESSAGE][WARNING] - Timeout '0' is invalid. Using default page load timeout: '30'

2021-05-28 21:50:17 - [MESSAGE][PASSED] - Object 'Object Repository/CreateRoom_Mattermose_OR/p_A channel with that name already exists on the same team' is present

2021-05-28 21:50:17 - [TEST_STEP][PASSED] - closeBrowser(): Browser is closed

2021-05-28 21:50:18 - [MESSAGE][PASSED] - Browser is closed]]></system-out>
         <system-err><![CDATA[]]></system-err>
      </testcase>
      <testcase name="Test Cases/CreateRoom" time="24.39" classname="Test Cases/CreateRoom" status="PASSED">
         <system-out><![CDATA[2021-05-28 21:50:18 - [TEST_CASE][PASSED] - Test Cases/CreateRoom: Test Cases/CreateRoom

2021-05-28 21:50:18 - [TEST_STEP][PASSED] - openBrowser(""): Browser is opened with url: ''

2021-05-28 21:50:18 - [MESSAGE][INFO] - Starting 'Chrome' driver

2021-05-28 21:50:18 - [MESSAGE][INFO] - Action delay is set to 0 milliseconds

2021-05-28 21:50:20 - [MESSAGE][PASSED] - Browser is opened with url: ''

2021-05-28 21:50:20 - [TEST_STEP][PASSED] - navigateToUrl("https://cdnc-group2.herokuapp.com"): Navigate to 'https://cdnc-group2.herokuapp.com' successfully

2021-05-28 21:50:23 - [MESSAGE][PASSED] - Navigate to 'https://cdnc-group2.herokuapp.com' successfully

2021-05-28 21:50:23 - [TEST_STEP][PASSED] - setText(findTestObject("Object Repository/Login_Mattermost_OR/input_All team communication in one place, _dcc84b"), "ngoctin040999@gmail.com"): Text 'ngoctin040999@gmail.com' is set on object 'Object Repository/Login_Mattermost_OR/input_All team communication in one place, _dcc84b'

2021-05-28 21:50:29 - [MESSAGE][PASSED] - Text 'ngoctin040999@gmail.com' is set on object 'Object Repository/Login_Mattermost_OR/input_All team communication in one place, _dcc84b'

2021-05-28 21:50:29 - [TEST_STEP][PASSED] - setText(findTestObject("Object Repository/Login_Mattermost_OR/input_All team communication in one place, _a3edc6"), "ngoctin1"): Text 'ngoctin1' is set on object 'Object Repository/Login_Mattermost_OR/input_All team communication in one place, _a3edc6'

2021-05-28 21:50:30 - [MESSAGE][PASSED] - Text 'ngoctin1' is set on object 'Object Repository/Login_Mattermost_OR/input_All team communication in one place, _a3edc6'

2021-05-28 21:50:30 - [TEST_STEP][PASSED] - click(findTestObject("Object Repository/Login_Mattermost_OR/span_Sign in")): Object: 'Object Repository/Login_Mattermost_OR/span_Sign in' is clicked on

2021-05-28 21:50:30 - [MESSAGE][PASSED] - Object: 'Object Repository/Login_Mattermost_OR/span_Sign in' is clicked on

2021-05-28 21:50:30 - [TEST_STEP][PASSED] - click(findTestObject("CreateRoom_Mattermose_OR/span_")): Object: 'Object Repository/CreateRoom_Mattermose_OR/span_' is clicked on

2021-05-28 21:50:35 - [MESSAGE][PASSED] - Object: 'Object Repository/CreateRoom_Mattermose_OR/span_' is clicked on

2021-05-28 21:50:35 - [TEST_STEP][PASSED] - verifyElementPresent(findTestObject("CreateRoom_Mattermose_OR/span_New Channel"), 0): Object 'Object Repository/CreateRoom_Mattermose_OR/span_New Channel' is present

2021-05-28 21:50:35 - [MESSAGE][WARNING] - Timeout '0' is invalid. Using default page load timeout: '30'

2021-05-28 21:50:35 - [MESSAGE][PASSED] - Object 'Object Repository/CreateRoom_Mattermose_OR/span_New Channel' is present

2021-05-28 21:50:35 - [TEST_STEP][PASSED] - switch (Type): null

2021-05-28 21:50:35 - [TEST_STEP][PASSED] - case "Private":: null

2021-05-28 21:50:35 - [TEST_STEP][PASSED] - click(findTestObject("CreateRoom_Mattermose_OR/input_- Anyone can join this channel_channelType")): Object: 'Object Repository/CreateRoom_Mattermose_OR/input_- Anyone can join this channel_channelType' is clicked on

2021-05-28 21:50:37 - [MESSAGE][PASSED] - Object: 'Object Repository/CreateRoom_Mattermose_OR/input_- Anyone can join this channel_channelType' is clicked on

2021-05-28 21:50:37 - [TEST_STEP][PASSED] - break: null

2021-05-28 21:50:37 - [TEST_STEP][PASSED] - setText(findTestObject("CreateRoom_Mattermose_OR/input_Name_newChannelName"), ChannelName): Text 'Test 456' is set on object 'Object Repository/CreateRoom_Mattermose_OR/input_Name_newChannelName'

2021-05-28 21:50:38 - [MESSAGE][PASSED] - Text 'Test 456' is set on object 'Object Repository/CreateRoom_Mattermose_OR/input_Name_newChannelName'

2021-05-28 21:50:38 - [TEST_STEP][PASSED] - setText(findTestObject("CreateRoom_Mattermose_OR/textarea_(optional)_newChannelPurpose"), Purpose): Text 'Data test 1' is set on object 'Object Repository/CreateRoom_Mattermose_OR/textarea_(optional)_newChannelPurpose'

2021-05-28 21:50:39 - [MESSAGE][PASSED] - Text 'Data test 1' is set on object 'Object Repository/CreateRoom_Mattermose_OR/textarea_(optional)_newChannelPurpose'

2021-05-28 21:50:39 - [TEST_STEP][PASSED] - setText(findTestObject("CreateRoom_Mattermose_OR/textarea_(optional)_newChannelHeader"), Description): Text 'Test Description' is set on object 'Object Repository/CreateRoom_Mattermose_OR/textarea_(optional)_newChannelHeader'

2021-05-28 21:50:40 - [MESSAGE][PASSED] - Text 'Test Description' is set on object 'Object Repository/CreateRoom_Mattermose_OR/textarea_(optional)_newChannelHeader'

2021-05-28 21:50:40 - [TEST_STEP][PASSED] - click(findTestObject("CreateRoom_Mattermose_OR/button_Create Channel")): Object: 'Object Repository/CreateRoom_Mattermose_OR/button_Create Channel' is clicked on

2021-05-28 21:50:40 - [MESSAGE][PASSED] - Object: 'Object Repository/CreateRoom_Mattermose_OR/button_Create Channel' is clicked on

2021-05-28 21:50:40 - [TEST_STEP][PASSED] - if (verifyElementPresent(findTestObject("CreateRoom_Mattermose_OR/p_A channel with that name already exists on the same team"), 0, OPTIONAL)): null

2021-05-28 21:50:40 - [MESSAGE][WARNING] - Timeout '0' is invalid. Using default page load timeout: '30'

2021-05-28 21:50:41 - [MESSAGE][PASSED] - Object 'Object Repository/CreateRoom_Mattermose_OR/p_A channel with that name already exists on the same team' is present

2021-05-28 21:50:41 - [TEST_STEP][PASSED] - closeBrowser(): Browser is closed

2021-05-28 21:50:42 - [MESSAGE][PASSED] - Browser is closed]]></system-out>
         <system-err><![CDATA[]]></system-err>
      </testcase>
      <testcase name="Test Cases/CreateRoom" time="23.739" classname="Test Cases/CreateRoom" status="PASSED">
         <system-out><![CDATA[2021-05-28 21:50:42 - [TEST_CASE][PASSED] - Test Cases/CreateRoom: Test Cases/CreateRoom

2021-05-28 21:50:42 - [TEST_STEP][PASSED] - openBrowser(""): Browser is opened with url: ''

2021-05-28 21:50:42 - [MESSAGE][INFO] - Starting 'Chrome' driver

2021-05-28 21:50:42 - [MESSAGE][INFO] - Action delay is set to 0 milliseconds

2021-05-28 21:50:44 - [MESSAGE][PASSED] - Browser is opened with url: ''

2021-05-28 21:50:44 - [TEST_STEP][PASSED] - navigateToUrl("https://cdnc-group2.herokuapp.com"): Navigate to 'https://cdnc-group2.herokuapp.com' successfully

2021-05-28 21:50:49 - [MESSAGE][PASSED] - Navigate to 'https://cdnc-group2.herokuapp.com' successfully

2021-05-28 21:50:49 - [TEST_STEP][PASSED] - setText(findTestObject("Object Repository/Login_Mattermost_OR/input_All team communication in one place, _dcc84b"), "ngoctin040999@gmail.com"): Text 'ngoctin040999@gmail.com' is set on object 'Object Repository/Login_Mattermost_OR/input_All team communication in one place, _dcc84b'

2021-05-28 21:50:54 - [MESSAGE][PASSED] - Text 'ngoctin040999@gmail.com' is set on object 'Object Repository/Login_Mattermost_OR/input_All team communication in one place, _dcc84b'

2021-05-28 21:50:54 - [TEST_STEP][PASSED] - setText(findTestObject("Object Repository/Login_Mattermost_OR/input_All team communication in one place, _a3edc6"), "ngoctin1"): Text 'ngoctin1' is set on object 'Object Repository/Login_Mattermost_OR/input_All team communication in one place, _a3edc6'

2021-05-28 21:50:55 - [MESSAGE][PASSED] - Text 'ngoctin1' is set on object 'Object Repository/Login_Mattermost_OR/input_All team communication in one place, _a3edc6'

2021-05-28 21:50:55 - [TEST_STEP][PASSED] - click(findTestObject("Object Repository/Login_Mattermost_OR/span_Sign in")): Object: 'Object Repository/Login_Mattermost_OR/span_Sign in' is clicked on

2021-05-28 21:50:56 - [MESSAGE][PASSED] - Object: 'Object Repository/Login_Mattermost_OR/span_Sign in' is clicked on

2021-05-28 21:50:56 - [TEST_STEP][PASSED] - click(findTestObject("CreateRoom_Mattermose_OR/span_")): Object: 'Object Repository/CreateRoom_Mattermose_OR/span_' is clicked on

2021-05-28 21:50:59 - [MESSAGE][PASSED] - Object: 'Object Repository/CreateRoom_Mattermose_OR/span_' is clicked on

2021-05-28 21:50:59 - [TEST_STEP][PASSED] - verifyElementPresent(findTestObject("CreateRoom_Mattermose_OR/span_New Channel"), 0): Object 'Object Repository/CreateRoom_Mattermose_OR/span_New Channel' is present

2021-05-28 21:51:00 - [MESSAGE][WARNING] - Timeout '0' is invalid. Using default page load timeout: '30'

2021-05-28 21:51:00 - [MESSAGE][PASSED] - Object 'Object Repository/CreateRoom_Mattermose_OR/span_New Channel' is present

2021-05-28 21:51:00 - [TEST_STEP][PASSED] - switch (Type): null

2021-05-28 21:51:00 - [TEST_STEP][PASSED] - case "Private":: null

2021-05-28 21:51:00 - [TEST_STEP][PASSED] - click(findTestObject("CreateRoom_Mattermose_OR/input_- Anyone can join this channel_channelType")): Object: 'Object Repository/CreateRoom_Mattermose_OR/input_- Anyone can join this channel_channelType' is clicked on

2021-05-28 21:51:01 - [MESSAGE][PASSED] - Object: 'Object Repository/CreateRoom_Mattermose_OR/input_- Anyone can join this channel_channelType' is clicked on

2021-05-28 21:51:01 - [TEST_STEP][PASSED] - break: null

2021-05-28 21:51:01 - [TEST_STEP][PASSED] - setText(findTestObject("CreateRoom_Mattermose_OR/input_Name_newChannelName"), ChannelName): Text 'Test 4474' is set on object 'Object Repository/CreateRoom_Mattermose_OR/input_Name_newChannelName'

2021-05-28 21:51:01 - [MESSAGE][PASSED] - Text 'Test 4474' is set on object 'Object Repository/CreateRoom_Mattermose_OR/input_Name_newChannelName'

2021-05-28 21:51:01 - [TEST_STEP][PASSED] - setText(findTestObject("CreateRoom_Mattermose_OR/textarea_(optional)_newChannelPurpose"), Purpose): Text 'Data test 1' is set on object 'Object Repository/CreateRoom_Mattermose_OR/textarea_(optional)_newChannelPurpose'

2021-05-28 21:51:03 - [MESSAGE][PASSED] - Text 'Data test 1' is set on object 'Object Repository/CreateRoom_Mattermose_OR/textarea_(optional)_newChannelPurpose'

2021-05-28 21:51:03 - [TEST_STEP][PASSED] - setText(findTestObject("CreateRoom_Mattermose_OR/textarea_(optional)_newChannelHeader"), Description): Text 'Test Description' is set on object 'Object Repository/CreateRoom_Mattermose_OR/textarea_(optional)_newChannelHeader'

2021-05-28 21:51:04 - [MESSAGE][PASSED] - Text 'Test Description' is set on object 'Object Repository/CreateRoom_Mattermose_OR/textarea_(optional)_newChannelHeader'

2021-05-28 21:51:04 - [TEST_STEP][PASSED] - click(findTestObject("CreateRoom_Mattermose_OR/button_Create Channel")): Object: 'Object Repository/CreateRoom_Mattermose_OR/button_Create Channel' is clicked on

2021-05-28 21:51:04 - [MESSAGE][PASSED] - Object: 'Object Repository/CreateRoom_Mattermose_OR/button_Create Channel' is clicked on

2021-05-28 21:51:04 - [TEST_STEP][PASSED] - if (verifyElementPresent(findTestObject("CreateRoom_Mattermose_OR/p_A channel with that name already exists on the same team"), 0, OPTIONAL)): null

2021-05-28 21:51:04 - [MESSAGE][WARNING] - Timeout '0' is invalid. Using default page load timeout: '30'

2021-05-28 21:51:05 - [MESSAGE][PASSED] - Object 'Object Repository/CreateRoom_Mattermose_OR/p_A channel with that name already exists on the same team' is present

2021-05-28 21:51:05 - [TEST_STEP][PASSED] - closeBrowser(): Browser is closed

2021-05-28 21:51:06 - [MESSAGE][PASSED] - Browser is closed]]></system-out>
         <system-err><![CDATA[]]></system-err>
      </testcase>
      <testcase name="Test Cases/CreateRoom" time="21.356" classname="Test Cases/CreateRoom" status="PASSED">
         <system-out><![CDATA[2021-05-28 21:51:06 - [TEST_CASE][PASSED] - Test Cases/CreateRoom: Test Cases/CreateRoom

2021-05-28 21:51:06 - [TEST_STEP][PASSED] - openBrowser(""): Browser is opened with url: ''

2021-05-28 21:51:06 - [MESSAGE][INFO] - Starting 'Chrome' driver

2021-05-28 21:51:06 - [MESSAGE][INFO] - Action delay is set to 0 milliseconds

2021-05-28 21:51:08 - [MESSAGE][PASSED] - Browser is opened with url: ''

2021-05-28 21:51:08 - [TEST_STEP][PASSED] - navigateToUrl("https://cdnc-group2.herokuapp.com"): Navigate to 'https://cdnc-group2.herokuapp.com' successfully

2021-05-28 21:51:12 - [MESSAGE][PASSED] - Navigate to 'https://cdnc-group2.herokuapp.com' successfully

2021-05-28 21:51:12 - [TEST_STEP][PASSED] - setText(findTestObject("Object Repository/Login_Mattermost_OR/input_All team communication in one place, _dcc84b"), "ngoctin040999@gmail.com"): Text 'ngoctin040999@gmail.com' is set on object 'Object Repository/Login_Mattermost_OR/input_All team communication in one place, _dcc84b'

2021-05-28 21:51:17 - [MESSAGE][PASSED] - Text 'ngoctin040999@gmail.com' is set on object 'Object Repository/Login_Mattermost_OR/input_All team communication in one place, _dcc84b'

2021-05-28 21:51:17 - [TEST_STEP][PASSED] - setText(findTestObject("Object Repository/Login_Mattermost_OR/input_All team communication in one place, _a3edc6"), "ngoctin1"): Text 'ngoctin1' is set on object 'Object Repository/Login_Mattermost_OR/input_All team communication in one place, _a3edc6'

2021-05-28 21:51:18 - [MESSAGE][PASSED] - Text 'ngoctin1' is set on object 'Object Repository/Login_Mattermost_OR/input_All team communication in one place, _a3edc6'

2021-05-28 21:51:18 - [TEST_STEP][PASSED] - click(findTestObject("Object Repository/Login_Mattermost_OR/span_Sign in")): Object: 'Object Repository/Login_Mattermost_OR/span_Sign in' is clicked on

2021-05-28 21:51:18 - [MESSAGE][PASSED] - Object: 'Object Repository/Login_Mattermost_OR/span_Sign in' is clicked on

2021-05-28 21:51:18 - [TEST_STEP][PASSED] - click(findTestObject("CreateRoom_Mattermose_OR/span_")): Object: 'Object Repository/CreateRoom_Mattermose_OR/span_' is clicked on

2021-05-28 21:51:22 - [MESSAGE][PASSED] - Object: 'Object Repository/CreateRoom_Mattermose_OR/span_' is clicked on

2021-05-28 21:51:22 - [TEST_STEP][PASSED] - verifyElementPresent(findTestObject("CreateRoom_Mattermose_OR/span_New Channel"), 0): Object 'Object Repository/CreateRoom_Mattermose_OR/span_New Channel' is present

2021-05-28 21:51:22 - [MESSAGE][WARNING] - Timeout '0' is invalid. Using default page load timeout: '30'

2021-05-28 21:51:22 - [MESSAGE][PASSED] - Object 'Object Repository/CreateRoom_Mattermose_OR/span_New Channel' is present

2021-05-28 21:51:22 - [TEST_STEP][PASSED] - switch (Type): null

2021-05-28 21:51:22 - [TEST_STEP][PASSED] - setText(findTestObject("CreateRoom_Mattermose_OR/input_Name_newChannelName"), ChannelName): Text 'Test 111223' is set on object 'Object Repository/CreateRoom_Mattermose_OR/input_Name_newChannelName'

2021-05-28 21:51:23 - [MESSAGE][PASSED] - Text 'Test 111223' is set on object 'Object Repository/CreateRoom_Mattermose_OR/input_Name_newChannelName'

2021-05-28 21:51:23 - [TEST_STEP][PASSED] - setText(findTestObject("CreateRoom_Mattermose_OR/textarea_(optional)_newChannelPurpose"), Purpose): Text 'Data test 2' is set on object 'Object Repository/CreateRoom_Mattermose_OR/textarea_(optional)_newChannelPurpose'

2021-05-28 21:51:24 - [MESSAGE][PASSED] - Text 'Data test 2' is set on object 'Object Repository/CreateRoom_Mattermose_OR/textarea_(optional)_newChannelPurpose'

2021-05-28 21:51:24 - [TEST_STEP][PASSED] - setText(findTestObject("CreateRoom_Mattermose_OR/textarea_(optional)_newChannelHeader"), Description): Text 'Test Description' is set on object 'Object Repository/CreateRoom_Mattermose_OR/textarea_(optional)_newChannelHeader'

2021-05-28 21:51:25 - [MESSAGE][PASSED] - Text 'Test Description' is set on object 'Object Repository/CreateRoom_Mattermose_OR/textarea_(optional)_newChannelHeader'

2021-05-28 21:51:25 - [TEST_STEP][PASSED] - click(findTestObject("CreateRoom_Mattermose_OR/button_Create Channel")): Object: 'Object Repository/CreateRoom_Mattermose_OR/button_Create Channel' is clicked on

2021-05-28 21:51:26 - [MESSAGE][PASSED] - Object: 'Object Repository/CreateRoom_Mattermose_OR/button_Create Channel' is clicked on

2021-05-28 21:51:26 - [TEST_STEP][PASSED] - if (verifyElementPresent(findTestObject("CreateRoom_Mattermose_OR/p_A channel with that name already exists on the same team"), 0, OPTIONAL)): null

2021-05-28 21:51:26 - [MESSAGE][WARNING] - Timeout '0' is invalid. Using default page load timeout: '30'

2021-05-28 21:51:26 - [MESSAGE][PASSED] - Object 'Object Repository/CreateRoom_Mattermose_OR/p_A channel with that name already exists on the same team' is present

2021-05-28 21:51:26 - [TEST_STEP][PASSED] - closeBrowser(): Browser is closed

2021-05-28 21:51:27 - [MESSAGE][PASSED] - Browser is closed]]></system-out>
         <system-err><![CDATA[]]></system-err>
      </testcase>
      <testcase name="Test Cases/CreateRoom" time="22.69" classname="Test Cases/CreateRoom" status="PASSED">
         <system-out><![CDATA[2021-05-28 21:51:27 - [TEST_CASE][PASSED] - Test Cases/CreateRoom: Test Cases/CreateRoom

2021-05-28 21:51:28 - [TEST_STEP][PASSED] - openBrowser(""): Browser is opened with url: ''

2021-05-28 21:51:28 - [MESSAGE][INFO] - Starting 'Chrome' driver

2021-05-28 21:51:28 - [MESSAGE][INFO] - Action delay is set to 0 milliseconds

2021-05-28 21:51:29 - [MESSAGE][PASSED] - Browser is opened with url: ''

2021-05-28 21:51:29 - [TEST_STEP][PASSED] - navigateToUrl("https://cdnc-group2.herokuapp.com"): Navigate to 'https://cdnc-group2.herokuapp.com' successfully

2021-05-28 21:51:34 - [MESSAGE][PASSED] - Navigate to 'https://cdnc-group2.herokuapp.com' successfully

2021-05-28 21:51:34 - [TEST_STEP][PASSED] - setText(findTestObject("Object Repository/Login_Mattermost_OR/input_All team communication in one place, _dcc84b"), "ngoctin040999@gmail.com"): Text 'ngoctin040999@gmail.com' is set on object 'Object Repository/Login_Mattermost_OR/input_All team communication in one place, _dcc84b'

2021-05-28 21:51:39 - [MESSAGE][PASSED] - Text 'ngoctin040999@gmail.com' is set on object 'Object Repository/Login_Mattermost_OR/input_All team communication in one place, _dcc84b'

2021-05-28 21:51:39 - [TEST_STEP][PASSED] - setText(findTestObject("Object Repository/Login_Mattermost_OR/input_All team communication in one place, _a3edc6"), "ngoctin1"): Text 'ngoctin1' is set on object 'Object Repository/Login_Mattermost_OR/input_All team communication in one place, _a3edc6'

2021-05-28 21:51:40 - [MESSAGE][PASSED] - Text 'ngoctin1' is set on object 'Object Repository/Login_Mattermost_OR/input_All team communication in one place, _a3edc6'

2021-05-28 21:51:40 - [TEST_STEP][PASSED] - click(findTestObject("Object Repository/Login_Mattermost_OR/span_Sign in")): Object: 'Object Repository/Login_Mattermost_OR/span_Sign in' is clicked on

2021-05-28 21:51:40 - [MESSAGE][PASSED] - Object: 'Object Repository/Login_Mattermost_OR/span_Sign in' is clicked on

2021-05-28 21:51:40 - [TEST_STEP][PASSED] - click(findTestObject("CreateRoom_Mattermose_OR/span_")): Object: 'Object Repository/CreateRoom_Mattermose_OR/span_' is clicked on

2021-05-28 21:51:44 - [MESSAGE][PASSED] - Object: 'Object Repository/CreateRoom_Mattermose_OR/span_' is clicked on

2021-05-28 21:51:44 - [TEST_STEP][PASSED] - verifyElementPresent(findTestObject("CreateRoom_Mattermose_OR/span_New Channel"), 0): Object 'Object Repository/CreateRoom_Mattermose_OR/span_New Channel' is present

2021-05-28 21:51:44 - [MESSAGE][WARNING] - Timeout '0' is invalid. Using default page load timeout: '30'

2021-05-28 21:51:45 - [MESSAGE][PASSED] - Object 'Object Repository/CreateRoom_Mattermose_OR/span_New Channel' is present

2021-05-28 21:51:45 - [TEST_STEP][PASSED] - switch (Type): null

2021-05-28 21:51:45 - [TEST_STEP][PASSED] - setText(findTestObject("CreateRoom_Mattermose_OR/input_Name_newChannelName"), ChannelName): Text 'Test 111224' is set on object 'Object Repository/CreateRoom_Mattermose_OR/input_Name_newChannelName'

2021-05-28 21:51:46 - [MESSAGE][PASSED] - Text 'Test 111224' is set on object 'Object Repository/CreateRoom_Mattermose_OR/input_Name_newChannelName'

2021-05-28 21:51:46 - [TEST_STEP][PASSED] - setText(findTestObject("CreateRoom_Mattermose_OR/textarea_(optional)_newChannelPurpose"), Purpose): Text 'Data test 3' is set on object 'Object Repository/CreateRoom_Mattermose_OR/textarea_(optional)_newChannelPurpose'

2021-05-28 21:51:47 - [MESSAGE][PASSED] - Text 'Data test 3' is set on object 'Object Repository/CreateRoom_Mattermose_OR/textarea_(optional)_newChannelPurpose'

2021-05-28 21:51:47 - [TEST_STEP][PASSED] - setText(findTestObject("CreateRoom_Mattermose_OR/textarea_(optional)_newChannelHeader"), Description): Text 'Test Description' is set on object 'Object Repository/CreateRoom_Mattermose_OR/textarea_(optional)_newChannelHeader'

2021-05-28 21:51:48 - [MESSAGE][PASSED] - Text 'Test Description' is set on object 'Object Repository/CreateRoom_Mattermose_OR/textarea_(optional)_newChannelHeader'

2021-05-28 21:51:48 - [TEST_STEP][PASSED] - click(findTestObject("CreateRoom_Mattermose_OR/button_Create Channel")): Object: 'Object Repository/CreateRoom_Mattermose_OR/button_Create Channel' is clicked on

2021-05-28 21:51:48 - [MESSAGE][PASSED] - Object: 'Object Repository/CreateRoom_Mattermose_OR/button_Create Channel' is clicked on

2021-05-28 21:51:48 - [TEST_STEP][PASSED] - if (verifyElementPresent(findTestObject("CreateRoom_Mattermose_OR/p_A channel with that name already exists on the same team"), 0, OPTIONAL)): null

2021-05-28 21:51:48 - [MESSAGE][WARNING] - Timeout '0' is invalid. Using default page load timeout: '30'

2021-05-28 21:51:49 - [MESSAGE][PASSED] - Object 'Object Repository/CreateRoom_Mattermose_OR/p_A channel with that name already exists on the same team' is present

2021-05-28 21:51:49 - [TEST_STEP][PASSED] - closeBrowser(): Browser is closed

2021-05-28 21:51:50 - [MESSAGE][PASSED] - Browser is closed]]></system-out>
         <system-err><![CDATA[]]></system-err>
      </testcase>
      <testcase name="Test Cases/CreateRoom" time="25.335" classname="Test Cases/CreateRoom" status="PASSED">
         <system-out><![CDATA[2021-05-28 21:51:50 - [TEST_CASE][PASSED] - Test Cases/CreateRoom: Test Cases/CreateRoom

2021-05-28 21:51:50 - [TEST_STEP][PASSED] - openBrowser(""): Browser is opened with url: ''

2021-05-28 21:51:50 - [MESSAGE][INFO] - Starting 'Chrome' driver

2021-05-28 21:51:50 - [MESSAGE][INFO] - Action delay is set to 0 milliseconds

2021-05-28 21:51:52 - [MESSAGE][PASSED] - Browser is opened with url: ''

2021-05-28 21:51:52 - [TEST_STEP][PASSED] - navigateToUrl("https://cdnc-group2.herokuapp.com"): Navigate to 'https://cdnc-group2.herokuapp.com' successfully

2021-05-28 21:51:56 - [MESSAGE][PASSED] - Navigate to 'https://cdnc-group2.herokuapp.com' successfully

2021-05-28 21:51:56 - [TEST_STEP][PASSED] - setText(findTestObject("Object Repository/Login_Mattermost_OR/input_All team communication in one place, _dcc84b"), "ngoctin040999@gmail.com"): Text 'ngoctin040999@gmail.com' is set on object 'Object Repository/Login_Mattermost_OR/input_All team communication in one place, _dcc84b'

2021-05-28 21:52:02 - [MESSAGE][PASSED] - Text 'ngoctin040999@gmail.com' is set on object 'Object Repository/Login_Mattermost_OR/input_All team communication in one place, _dcc84b'

2021-05-28 21:52:02 - [TEST_STEP][PASSED] - setText(findTestObject("Object Repository/Login_Mattermost_OR/input_All team communication in one place, _a3edc6"), "ngoctin1"): Text 'ngoctin1' is set on object 'Object Repository/Login_Mattermost_OR/input_All team communication in one place, _a3edc6'

2021-05-28 21:52:03 - [MESSAGE][PASSED] - Text 'ngoctin1' is set on object 'Object Repository/Login_Mattermost_OR/input_All team communication in one place, _a3edc6'

2021-05-28 21:52:03 - [TEST_STEP][PASSED] - click(findTestObject("Object Repository/Login_Mattermost_OR/span_Sign in")): Object: 'Object Repository/Login_Mattermost_OR/span_Sign in' is clicked on

2021-05-28 21:52:05 - [MESSAGE][PASSED] - Object: 'Object Repository/Login_Mattermost_OR/span_Sign in' is clicked on

2021-05-28 21:52:05 - [TEST_STEP][PASSED] - click(findTestObject("CreateRoom_Mattermose_OR/span_")): Object: 'Object Repository/CreateRoom_Mattermose_OR/span_' is clicked on

2021-05-28 21:52:09 - [MESSAGE][PASSED] - Object: 'Object Repository/CreateRoom_Mattermose_OR/span_' is clicked on

2021-05-28 21:52:09 - [TEST_STEP][PASSED] - verifyElementPresent(findTestObject("CreateRoom_Mattermose_OR/span_New Channel"), 0): Object 'Object Repository/CreateRoom_Mattermose_OR/span_New Channel' is present

2021-05-28 21:52:10 - [MESSAGE][WARNING] - Timeout '0' is invalid. Using default page load timeout: '30'

2021-05-28 21:52:10 - [MESSAGE][PASSED] - Object 'Object Repository/CreateRoom_Mattermose_OR/span_New Channel' is present

2021-05-28 21:52:10 - [TEST_STEP][PASSED] - switch (Type): null

2021-05-28 21:52:10 - [TEST_STEP][PASSED] - setText(findTestObject("CreateRoom_Mattermose_OR/input_Name_newChannelName"), ChannelName): Text 'Test 111225' is set on object 'Object Repository/CreateRoom_Mattermose_OR/input_Name_newChannelName'

2021-05-28 21:52:11 - [MESSAGE][PASSED] - Text 'Test 111225' is set on object 'Object Repository/CreateRoom_Mattermose_OR/input_Name_newChannelName'

2021-05-28 21:52:11 - [TEST_STEP][PASSED] - setText(findTestObject("CreateRoom_Mattermose_OR/textarea_(optional)_newChannelPurpose"), Purpose): Text 'Data test 4' is set on object 'Object Repository/CreateRoom_Mattermose_OR/textarea_(optional)_newChannelPurpose'

2021-05-28 21:52:12 - [MESSAGE][PASSED] - Text 'Data test 4' is set on object 'Object Repository/CreateRoom_Mattermose_OR/textarea_(optional)_newChannelPurpose'

2021-05-28 21:52:12 - [TEST_STEP][PASSED] - setText(findTestObject("CreateRoom_Mattermose_OR/textarea_(optional)_newChannelHeader"), Description): Text 'Test Description' is set on object 'Object Repository/CreateRoom_Mattermose_OR/textarea_(optional)_newChannelHeader'

2021-05-28 21:52:13 - [MESSAGE][PASSED] - Text 'Test Description' is set on object 'Object Repository/CreateRoom_Mattermose_OR/textarea_(optional)_newChannelHeader'

2021-05-28 21:52:13 - [TEST_STEP][PASSED] - click(findTestObject("CreateRoom_Mattermose_OR/button_Create Channel")): Object: 'Object Repository/CreateRoom_Mattermose_OR/button_Create Channel' is clicked on

2021-05-28 21:52:14 - [MESSAGE][PASSED] - Object: 'Object Repository/CreateRoom_Mattermose_OR/button_Create Channel' is clicked on

2021-05-28 21:52:14 - [TEST_STEP][PASSED] - if (verifyElementPresent(findTestObject("CreateRoom_Mattermose_OR/p_A channel with that name already exists on the same team"), 0, OPTIONAL)): null

2021-05-28 21:52:14 - [MESSAGE][WARNING] - Timeout '0' is invalid. Using default page load timeout: '30'

2021-05-28 21:52:14 - [MESSAGE][PASSED] - Object 'Object Repository/CreateRoom_Mattermose_OR/p_A channel with that name already exists on the same team' is present

2021-05-28 21:52:14 - [TEST_STEP][PASSED] - closeBrowser(): Browser is closed

2021-05-28 21:52:16 - [MESSAGE][PASSED] - Browser is closed]]></system-out>
         <system-err><![CDATA[]]></system-err>
      </testcase>
      <testcase name="Test Cases/CreateRoom" time="24.12" classname="Test Cases/CreateRoom" status="PASSED">
         <system-out><![CDATA[2021-05-28 21:52:16 - [TEST_CASE][PASSED] - Test Cases/CreateRoom: Test Cases/CreateRoom

2021-05-28 21:52:16 - [TEST_STEP][PASSED] - openBrowser(""): Browser is opened with url: ''

2021-05-28 21:52:16 - [MESSAGE][INFO] - Starting 'Chrome' driver

2021-05-28 21:52:16 - [MESSAGE][INFO] - Action delay is set to 0 milliseconds

2021-05-28 21:52:18 - [MESSAGE][PASSED] - Browser is opened with url: ''

2021-05-28 21:52:18 - [TEST_STEP][PASSED] - navigateToUrl("https://cdnc-group2.herokuapp.com"): Navigate to 'https://cdnc-group2.herokuapp.com' successfully

2021-05-28 21:52:23 - [MESSAGE][PASSED] - Navigate to 'https://cdnc-group2.herokuapp.com' successfully

2021-05-28 21:52:23 - [TEST_STEP][PASSED] - setText(findTestObject("Object Repository/Login_Mattermost_OR/input_All team communication in one place, _dcc84b"), "ngoctin040999@gmail.com"): Text 'ngoctin040999@gmail.com' is set on object 'Object Repository/Login_Mattermost_OR/input_All team communication in one place, _dcc84b'

2021-05-28 21:52:28 - [MESSAGE][PASSED] - Text 'ngoctin040999@gmail.com' is set on object 'Object Repository/Login_Mattermost_OR/input_All team communication in one place, _dcc84b'

2021-05-28 21:52:28 - [TEST_STEP][PASSED] - setText(findTestObject("Object Repository/Login_Mattermost_OR/input_All team communication in one place, _a3edc6"), "ngoctin1"): Text 'ngoctin1' is set on object 'Object Repository/Login_Mattermost_OR/input_All team communication in one place, _a3edc6'

2021-05-28 21:52:29 - [MESSAGE][PASSED] - Text 'ngoctin1' is set on object 'Object Repository/Login_Mattermost_OR/input_All team communication in one place, _a3edc6'

2021-05-28 21:52:29 - [TEST_STEP][PASSED] - click(findTestObject("Object Repository/Login_Mattermost_OR/span_Sign in")): Object: 'Object Repository/Login_Mattermost_OR/span_Sign in' is clicked on

2021-05-28 21:52:30 - [MESSAGE][PASSED] - Object: 'Object Repository/Login_Mattermost_OR/span_Sign in' is clicked on

2021-05-28 21:52:30 - [TEST_STEP][PASSED] - click(findTestObject("CreateRoom_Mattermose_OR/span_")): Object: 'Object Repository/CreateRoom_Mattermose_OR/span_' is clicked on

2021-05-28 21:52:34 - [MESSAGE][PASSED] - Object: 'Object Repository/CreateRoom_Mattermose_OR/span_' is clicked on

2021-05-28 21:52:34 - [TEST_STEP][PASSED] - verifyElementPresent(findTestObject("CreateRoom_Mattermose_OR/span_New Channel"), 0): Object 'Object Repository/CreateRoom_Mattermose_OR/span_New Channel' is present

2021-05-28 21:52:34 - [MESSAGE][WARNING] - Timeout '0' is invalid. Using default page load timeout: '30'

2021-05-28 21:52:34 - [MESSAGE][PASSED] - Object 'Object Repository/CreateRoom_Mattermose_OR/span_New Channel' is present

2021-05-28 21:52:34 - [TEST_STEP][PASSED] - switch (Type): null

2021-05-28 21:52:34 - [TEST_STEP][PASSED] - setText(findTestObject("CreateRoom_Mattermose_OR/input_Name_newChannelName"), ChannelName): Text 'Test 111227' is set on object 'Object Repository/CreateRoom_Mattermose_OR/input_Name_newChannelName'

2021-05-28 21:52:35 - [MESSAGE][PASSED] - Text 'Test 111227' is set on object 'Object Repository/CreateRoom_Mattermose_OR/input_Name_newChannelName'

2021-05-28 21:52:35 - [TEST_STEP][PASSED] - setText(findTestObject("CreateRoom_Mattermose_OR/textarea_(optional)_newChannelPurpose"), Purpose): Text 'Data test 5' is set on object 'Object Repository/CreateRoom_Mattermose_OR/textarea_(optional)_newChannelPurpose'

2021-05-28 21:52:36 - [MESSAGE][PASSED] - Text 'Data test 5' is set on object 'Object Repository/CreateRoom_Mattermose_OR/textarea_(optional)_newChannelPurpose'

2021-05-28 21:52:36 - [TEST_STEP][PASSED] - setText(findTestObject("CreateRoom_Mattermose_OR/textarea_(optional)_newChannelHeader"), Description): Text 'Test Description' is set on object 'Object Repository/CreateRoom_Mattermose_OR/textarea_(optional)_newChannelHeader'

2021-05-28 21:52:37 - [MESSAGE][PASSED] - Text 'Test Description' is set on object 'Object Repository/CreateRoom_Mattermose_OR/textarea_(optional)_newChannelHeader'

2021-05-28 21:52:37 - [TEST_STEP][PASSED] - click(findTestObject("CreateRoom_Mattermose_OR/button_Create Channel")): Object: 'Object Repository/CreateRoom_Mattermose_OR/button_Create Channel' is clicked on

2021-05-28 21:52:38 - [MESSAGE][PASSED] - Object: 'Object Repository/CreateRoom_Mattermose_OR/button_Create Channel' is clicked on

2021-05-28 21:52:38 - [TEST_STEP][PASSED] - if (verifyElementPresent(findTestObject("CreateRoom_Mattermose_OR/p_A channel with that name already exists on the same team"), 0, OPTIONAL)): null

2021-05-28 21:52:38 - [MESSAGE][WARNING] - Timeout '0' is invalid. Using default page load timeout: '30'

2021-05-28 21:52:39 - [MESSAGE][PASSED] - Object 'Object Repository/CreateRoom_Mattermose_OR/p_A channel with that name already exists on the same team' is present

2021-05-28 21:52:39 - [TEST_STEP][PASSED] - closeBrowser(): Browser is closed

2021-05-28 21:52:40 - [MESSAGE][PASSED] - Browser is closed]]></system-out>
         <system-err><![CDATA[]]></system-err>
      </testcase>
      <testcase name="Test Cases/CreateRoom" time="23.059" classname="Test Cases/CreateRoom" status="PASSED">
         <system-out><![CDATA[2021-05-28 21:52:40 - [TEST_CASE][PASSED] - Test Cases/CreateRoom: Test Cases/CreateRoom

2021-05-28 21:52:40 - [TEST_STEP][PASSED] - openBrowser(""): Browser is opened with url: ''

2021-05-28 21:52:40 - [MESSAGE][INFO] - Starting 'Chrome' driver

2021-05-28 21:52:40 - [MESSAGE][INFO] - Action delay is set to 0 milliseconds

2021-05-28 21:52:42 - [MESSAGE][PASSED] - Browser is opened with url: ''

2021-05-28 21:52:42 - [TEST_STEP][PASSED] - navigateToUrl("https://cdnc-group2.herokuapp.com"): Navigate to 'https://cdnc-group2.herokuapp.com' successfully

2021-05-28 21:52:46 - [MESSAGE][PASSED] - Navigate to 'https://cdnc-group2.herokuapp.com' successfully

2021-05-28 21:52:46 - [TEST_STEP][PASSED] - setText(findTestObject("Object Repository/Login_Mattermost_OR/input_All team communication in one place, _dcc84b"), "ngoctin040999@gmail.com"): Text 'ngoctin040999@gmail.com' is set on object 'Object Repository/Login_Mattermost_OR/input_All team communication in one place, _dcc84b'

2021-05-28 21:52:51 - [MESSAGE][PASSED] - Text 'ngoctin040999@gmail.com' is set on object 'Object Repository/Login_Mattermost_OR/input_All team communication in one place, _dcc84b'

2021-05-28 21:52:51 - [TEST_STEP][PASSED] - setText(findTestObject("Object Repository/Login_Mattermost_OR/input_All team communication in one place, _a3edc6"), "ngoctin1"): Text 'ngoctin1' is set on object 'Object Repository/Login_Mattermost_OR/input_All team communication in one place, _a3edc6'

2021-05-28 21:52:52 - [MESSAGE][PASSED] - Text 'ngoctin1' is set on object 'Object Repository/Login_Mattermost_OR/input_All team communication in one place, _a3edc6'

2021-05-28 21:52:52 - [TEST_STEP][PASSED] - click(findTestObject("Object Repository/Login_Mattermost_OR/span_Sign in")): Object: 'Object Repository/Login_Mattermost_OR/span_Sign in' is clicked on

2021-05-28 21:52:53 - [MESSAGE][PASSED] - Object: 'Object Repository/Login_Mattermost_OR/span_Sign in' is clicked on

2021-05-28 21:52:53 - [TEST_STEP][PASSED] - click(findTestObject("CreateRoom_Mattermose_OR/span_")): Object: 'Object Repository/CreateRoom_Mattermose_OR/span_' is clicked on

2021-05-28 21:52:57 - [MESSAGE][PASSED] - Object: 'Object Repository/CreateRoom_Mattermose_OR/span_' is clicked on

2021-05-28 21:52:57 - [TEST_STEP][PASSED] - verifyElementPresent(findTestObject("CreateRoom_Mattermose_OR/span_New Channel"), 0): Object 'Object Repository/CreateRoom_Mattermose_OR/span_New Channel' is present

2021-05-28 21:52:57 - [MESSAGE][WARNING] - Timeout '0' is invalid. Using default page load timeout: '30'

2021-05-28 21:52:57 - [MESSAGE][PASSED] - Object 'Object Repository/CreateRoom_Mattermose_OR/span_New Channel' is present

2021-05-28 21:52:57 - [TEST_STEP][PASSED] - switch (Type): null

2021-05-28 21:52:57 - [TEST_STEP][PASSED] - setText(findTestObject("CreateRoom_Mattermose_OR/input_Name_newChannelName"), ChannelName): Text 'Test 111227' is set on object 'Object Repository/CreateRoom_Mattermose_OR/input_Name_newChannelName'

2021-05-28 21:52:58 - [MESSAGE][PASSED] - Text 'Test 111227' is set on object 'Object Repository/CreateRoom_Mattermose_OR/input_Name_newChannelName'

2021-05-28 21:52:58 - [TEST_STEP][PASSED] - setText(findTestObject("CreateRoom_Mattermose_OR/textarea_(optional)_newChannelPurpose"), Purpose): Text 'Data test 6' is set on object 'Object Repository/CreateRoom_Mattermose_OR/textarea_(optional)_newChannelPurpose'

2021-05-28 21:53:00 - [MESSAGE][PASSED] - Text 'Data test 6' is set on object 'Object Repository/CreateRoom_Mattermose_OR/textarea_(optional)_newChannelPurpose'

2021-05-28 21:53:00 - [TEST_STEP][PASSED] - setText(findTestObject("CreateRoom_Mattermose_OR/textarea_(optional)_newChannelHeader"), Description): Text 'Test Description' is set on object 'Object Repository/CreateRoom_Mattermose_OR/textarea_(optional)_newChannelHeader'

2021-05-28 21:53:01 - [MESSAGE][PASSED] - Text 'Test Description' is set on object 'Object Repository/CreateRoom_Mattermose_OR/textarea_(optional)_newChannelHeader'

2021-05-28 21:53:01 - [TEST_STEP][PASSED] - click(findTestObject("CreateRoom_Mattermose_OR/button_Create Channel")): Object: 'Object Repository/CreateRoom_Mattermose_OR/button_Create Channel' is clicked on

2021-05-28 21:53:01 - [MESSAGE][PASSED] - Object: 'Object Repository/CreateRoom_Mattermose_OR/button_Create Channel' is clicked on

2021-05-28 21:53:01 - [TEST_STEP][PASSED] - if (verifyElementPresent(findTestObject("CreateRoom_Mattermose_OR/p_A channel with that name already exists on the same team"), 0, OPTIONAL)): null

2021-05-28 21:53:02 - [MESSAGE][WARNING] - Timeout '0' is invalid. Using default page load timeout: '30'

2021-05-28 21:53:02 - [MESSAGE][PASSED] - Object 'Object Repository/CreateRoom_Mattermose_OR/p_A channel with that name already exists on the same team' is present

2021-05-28 21:53:02 - [TEST_STEP][PASSED] - closeBrowser(): Browser is closed

2021-05-28 21:53:03 - [MESSAGE][PASSED] - Browser is closed]]></system-out>
         <system-err><![CDATA[]]></system-err>
      </testcase>
      <testcase name="Test Cases/CreateRoom" time="24.479" classname="Test Cases/CreateRoom" status="PASSED">
         <system-out><![CDATA[2021-05-28 21:53:03 - [TEST_CASE][PASSED] - Test Cases/CreateRoom: Test Cases/CreateRoom

2021-05-28 21:53:03 - [TEST_STEP][PASSED] - openBrowser(""): Browser is opened with url: ''

2021-05-28 21:53:03 - [MESSAGE][INFO] - Starting 'Chrome' driver

2021-05-28 21:53:03 - [MESSAGE][INFO] - Action delay is set to 0 milliseconds

2021-05-28 21:53:05 - [MESSAGE][PASSED] - Browser is opened with url: ''

2021-05-28 21:53:05 - [TEST_STEP][PASSED] - navigateToUrl("https://cdnc-group2.herokuapp.com"): Navigate to 'https://cdnc-group2.herokuapp.com' successfully

2021-05-28 21:53:09 - [MESSAGE][PASSED] - Navigate to 'https://cdnc-group2.herokuapp.com' successfully

2021-05-28 21:53:09 - [TEST_STEP][PASSED] - setText(findTestObject("Object Repository/Login_Mattermost_OR/input_All team communication in one place, _dcc84b"), "ngoctin040999@gmail.com"): Text 'ngoctin040999@gmail.com' is set on object 'Object Repository/Login_Mattermost_OR/input_All team communication in one place, _dcc84b'

2021-05-28 21:53:14 - [MESSAGE][PASSED] - Text 'ngoctin040999@gmail.com' is set on object 'Object Repository/Login_Mattermost_OR/input_All team communication in one place, _dcc84b'

2021-05-28 21:53:14 - [TEST_STEP][PASSED] - setText(findTestObject("Object Repository/Login_Mattermost_OR/input_All team communication in one place, _a3edc6"), "ngoctin1"): Text 'ngoctin1' is set on object 'Object Repository/Login_Mattermost_OR/input_All team communication in one place, _a3edc6'

2021-05-28 21:53:15 - [MESSAGE][PASSED] - Text 'ngoctin1' is set on object 'Object Repository/Login_Mattermost_OR/input_All team communication in one place, _a3edc6'

2021-05-28 21:53:15 - [TEST_STEP][PASSED] - click(findTestObject("Object Repository/Login_Mattermost_OR/span_Sign in")): Object: 'Object Repository/Login_Mattermost_OR/span_Sign in' is clicked on

2021-05-28 21:53:16 - [MESSAGE][PASSED] - Object: 'Object Repository/Login_Mattermost_OR/span_Sign in' is clicked on

2021-05-28 21:53:16 - [TEST_STEP][PASSED] - click(findTestObject("CreateRoom_Mattermose_OR/span_")): Object: 'Object Repository/CreateRoom_Mattermose_OR/span_' is clicked on

2021-05-28 21:53:21 - [MESSAGE][PASSED] - Object: 'Object Repository/CreateRoom_Mattermose_OR/span_' is clicked on

2021-05-28 21:53:21 - [TEST_STEP][PASSED] - verifyElementPresent(findTestObject("CreateRoom_Mattermose_OR/span_New Channel"), 0): Object 'Object Repository/CreateRoom_Mattermose_OR/span_New Channel' is present

2021-05-28 21:53:21 - [MESSAGE][WARNING] - Timeout '0' is invalid. Using default page load timeout: '30'

2021-05-28 21:53:22 - [MESSAGE][PASSED] - Object 'Object Repository/CreateRoom_Mattermose_OR/span_New Channel' is present

2021-05-28 21:53:22 - [TEST_STEP][PASSED] - switch (Type): null

2021-05-28 21:53:22 - [TEST_STEP][PASSED] - case "Private":: null

2021-05-28 21:53:22 - [TEST_STEP][PASSED] - click(findTestObject("CreateRoom_Mattermose_OR/input_- Anyone can join this channel_channelType")): Object: 'Object Repository/CreateRoom_Mattermose_OR/input_- Anyone can join this channel_channelType' is clicked on

2021-05-28 21:53:23 - [MESSAGE][PASSED] - Object: 'Object Repository/CreateRoom_Mattermose_OR/input_- Anyone can join this channel_channelType' is clicked on

2021-05-28 21:53:23 - [TEST_STEP][PASSED] - break: null

2021-05-28 21:53:23 - [TEST_STEP][PASSED] - setText(findTestObject("CreateRoom_Mattermose_OR/input_Name_newChannelName"), ChannelName): Text 'Test 111227' is set on object 'Object Repository/CreateRoom_Mattermose_OR/input_Name_newChannelName'

2021-05-28 21:53:24 - [MESSAGE][PASSED] - Text 'Test 111227' is set on object 'Object Repository/CreateRoom_Mattermose_OR/input_Name_newChannelName'

2021-05-28 21:53:24 - [TEST_STEP][PASSED] - setText(findTestObject("CreateRoom_Mattermose_OR/textarea_(optional)_newChannelPurpose"), Purpose): Text 'Data test 7' is set on object 'Object Repository/CreateRoom_Mattermose_OR/textarea_(optional)_newChannelPurpose'

2021-05-28 21:53:25 - [MESSAGE][PASSED] - Text 'Data test 7' is set on object 'Object Repository/CreateRoom_Mattermose_OR/textarea_(optional)_newChannelPurpose'

2021-05-28 21:53:25 - [TEST_STEP][PASSED] - setText(findTestObject("CreateRoom_Mattermose_OR/textarea_(optional)_newChannelHeader"), Description): Text 'Test Description' is set on object 'Object Repository/CreateRoom_Mattermose_OR/textarea_(optional)_newChannelHeader'

2021-05-28 21:53:25 - [MESSAGE][PASSED] - Text 'Test Description' is set on object 'Object Repository/CreateRoom_Mattermose_OR/textarea_(optional)_newChannelHeader'

2021-05-28 21:53:25 - [TEST_STEP][PASSED] - click(findTestObject("CreateRoom_Mattermose_OR/button_Create Channel")): Object: 'Object Repository/CreateRoom_Mattermose_OR/button_Create Channel' is clicked on

2021-05-28 21:53:26 - [MESSAGE][PASSED] - Object: 'Object Repository/CreateRoom_Mattermose_OR/button_Create Channel' is clicked on

2021-05-28 21:53:26 - [TEST_STEP][PASSED] - if (verifyElementPresent(findTestObject("CreateRoom_Mattermose_OR/p_A channel with that name already exists on the same team"), 0, OPTIONAL)): null

2021-05-28 21:53:26 - [MESSAGE][WARNING] - Timeout '0' is invalid. Using default page load timeout: '30'

2021-05-28 21:53:27 - [MESSAGE][PASSED] - Object 'Object Repository/CreateRoom_Mattermose_OR/p_A channel with that name already exists on the same team' is present

2021-05-28 21:53:27 - [TEST_STEP][PASSED] - closeBrowser(): Browser is closed

2021-05-28 21:53:28 - [MESSAGE][PASSED] - Browser is closed]]></system-out>
         <system-err><![CDATA[]]></system-err>
      </testcase>
      <testcase name="Test Cases/CreateRoom" time="25.526" classname="Test Cases/CreateRoom" status="PASSED">
         <system-out><![CDATA[2021-05-28 21:53:28 - [TEST_CASE][PASSED] - Test Cases/CreateRoom: Test Cases/CreateRoom

2021-05-28 21:53:28 - [TEST_STEP][PASSED] - openBrowser(""): Browser is opened with url: ''

2021-05-28 21:53:28 - [MESSAGE][INFO] - Starting 'Chrome' driver

2021-05-28 21:53:28 - [MESSAGE][INFO] - Action delay is set to 0 milliseconds

2021-05-28 21:53:30 - [MESSAGE][PASSED] - Browser is opened with url: ''

2021-05-28 21:53:30 - [TEST_STEP][PASSED] - navigateToUrl("https://cdnc-group2.herokuapp.com"): Navigate to 'https://cdnc-group2.herokuapp.com' successfully

2021-05-28 21:53:34 - [MESSAGE][PASSED] - Navigate to 'https://cdnc-group2.herokuapp.com' successfully

2021-05-28 21:53:34 - [TEST_STEP][PASSED] - setText(findTestObject("Object Repository/Login_Mattermost_OR/input_All team communication in one place, _dcc84b"), "ngoctin040999@gmail.com"): Text 'ngoctin040999@gmail.com' is set on object 'Object Repository/Login_Mattermost_OR/input_All team communication in one place, _dcc84b'

2021-05-28 21:53:40 - [MESSAGE][PASSED] - Text 'ngoctin040999@gmail.com' is set on object 'Object Repository/Login_Mattermost_OR/input_All team communication in one place, _dcc84b'

2021-05-28 21:53:40 - [TEST_STEP][PASSED] - setText(findTestObject("Object Repository/Login_Mattermost_OR/input_All team communication in one place, _a3edc6"), "ngoctin1"): Text 'ngoctin1' is set on object 'Object Repository/Login_Mattermost_OR/input_All team communication in one place, _a3edc6'

2021-05-28 21:53:41 - [MESSAGE][PASSED] - Text 'ngoctin1' is set on object 'Object Repository/Login_Mattermost_OR/input_All team communication in one place, _a3edc6'

2021-05-28 21:53:41 - [TEST_STEP][PASSED] - click(findTestObject("Object Repository/Login_Mattermost_OR/span_Sign in")): Object: 'Object Repository/Login_Mattermost_OR/span_Sign in' is clicked on

2021-05-28 21:53:42 - [MESSAGE][PASSED] - Object: 'Object Repository/Login_Mattermost_OR/span_Sign in' is clicked on

2021-05-28 21:53:42 - [TEST_STEP][PASSED] - click(findTestObject("CreateRoom_Mattermose_OR/span_")): Object: 'Object Repository/CreateRoom_Mattermose_OR/span_' is clicked on

2021-05-28 21:53:46 - [MESSAGE][PASSED] - Object: 'Object Repository/CreateRoom_Mattermose_OR/span_' is clicked on

2021-05-28 21:53:46 - [TEST_STEP][PASSED] - verifyElementPresent(findTestObject("CreateRoom_Mattermose_OR/span_New Channel"), 0): Object 'Object Repository/CreateRoom_Mattermose_OR/span_New Channel' is present

2021-05-28 21:53:47 - [MESSAGE][WARNING] - Timeout '0' is invalid. Using default page load timeout: '30'

2021-05-28 21:53:47 - [MESSAGE][PASSED] - Object 'Object Repository/CreateRoom_Mattermose_OR/span_New Channel' is present

2021-05-28 21:53:47 - [TEST_STEP][PASSED] - switch (Type): null

2021-05-28 21:53:47 - [TEST_STEP][PASSED] - case "Private":: null

2021-05-28 21:53:47 - [TEST_STEP][PASSED] - click(findTestObject("CreateRoom_Mattermose_OR/input_- Anyone can join this channel_channelType")): Object: 'Object Repository/CreateRoom_Mattermose_OR/input_- Anyone can join this channel_channelType' is clicked on

2021-05-28 21:53:48 - [MESSAGE][PASSED] - Object: 'Object Repository/CreateRoom_Mattermose_OR/input_- Anyone can join this channel_channelType' is clicked on

2021-05-28 21:53:48 - [TEST_STEP][PASSED] - break: null

2021-05-28 21:53:48 - [TEST_STEP][PASSED] - setText(findTestObject("CreateRoom_Mattermose_OR/input_Name_newChannelName"), ChannelName): Text 'Test 111228' is set on object 'Object Repository/CreateRoom_Mattermose_OR/input_Name_newChannelName'

2021-05-28 21:53:49 - [MESSAGE][PASSED] - Text 'Test 111228' is set on object 'Object Repository/CreateRoom_Mattermose_OR/input_Name_newChannelName'

2021-05-28 21:53:49 - [TEST_STEP][PASSED] - setText(findTestObject("CreateRoom_Mattermose_OR/textarea_(optional)_newChannelPurpose"), Purpose): Text 'Data test 8' is set on object 'Object Repository/CreateRoom_Mattermose_OR/textarea_(optional)_newChannelPurpose'

2021-05-28 21:53:50 - [MESSAGE][PASSED] - Text 'Data test 8' is set on object 'Object Repository/CreateRoom_Mattermose_OR/textarea_(optional)_newChannelPurpose'

2021-05-28 21:53:50 - [TEST_STEP][PASSED] - setText(findTestObject("CreateRoom_Mattermose_OR/textarea_(optional)_newChannelHeader"), Description): Text 'Test Description' is set on object 'Object Repository/CreateRoom_Mattermose_OR/textarea_(optional)_newChannelHeader'

2021-05-28 21:53:51 - [MESSAGE][PASSED] - Text 'Test Description' is set on object 'Object Repository/CreateRoom_Mattermose_OR/textarea_(optional)_newChannelHeader'

2021-05-28 21:53:51 - [TEST_STEP][PASSED] - click(findTestObject("CreateRoom_Mattermose_OR/button_Create Channel")): Object: 'Object Repository/CreateRoom_Mattermose_OR/button_Create Channel' is clicked on

2021-05-28 21:53:52 - [MESSAGE][PASSED] - Object: 'Object Repository/CreateRoom_Mattermose_OR/button_Create Channel' is clicked on

2021-05-28 21:53:52 - [TEST_STEP][PASSED] - if (verifyElementPresent(findTestObject("CreateRoom_Mattermose_OR/p_A channel with that name already exists on the same team"), 0, OPTIONAL)): null

2021-05-28 21:53:52 - [MESSAGE][WARNING] - Timeout '0' is invalid. Using default page load timeout: '30'

2021-05-28 21:53:52 - [MESSAGE][PASSED] - Object 'Object Repository/CreateRoom_Mattermose_OR/p_A channel with that name already exists on the same team' is present

2021-05-28 21:53:52 - [TEST_STEP][PASSED] - closeBrowser(): Browser is closed

2021-05-28 21:53:53 - [MESSAGE][PASSED] - Browser is closed]]></system-out>
         <system-err><![CDATA[]]></system-err>
      </testcase>
      <testcase name="Test Cases/CreateRoom" time="22.802" classname="Test Cases/CreateRoom" status="PASSED">
         <system-out><![CDATA[2021-05-28 21:53:53 - [TEST_CASE][PASSED] - Test Cases/CreateRoom: Test Cases/CreateRoom

2021-05-28 21:53:53 - [TEST_STEP][PASSED] - openBrowser(""): Browser is opened with url: ''

2021-05-28 21:53:53 - [MESSAGE][INFO] - Starting 'Chrome' driver

2021-05-28 21:53:53 - [MESSAGE][INFO] - Action delay is set to 0 milliseconds

2021-05-28 21:53:55 - [MESSAGE][PASSED] - Browser is opened with url: ''

2021-05-28 21:53:55 - [TEST_STEP][PASSED] - navigateToUrl("https://cdnc-group2.herokuapp.com"): Navigate to 'https://cdnc-group2.herokuapp.com' successfully

2021-05-28 21:53:59 - [MESSAGE][PASSED] - Navigate to 'https://cdnc-group2.herokuapp.com' successfully

2021-05-28 21:53:59 - [TEST_STEP][PASSED] - setText(findTestObject("Object Repository/Login_Mattermost_OR/input_All team communication in one place, _dcc84b"), "ngoctin040999@gmail.com"): Text 'ngoctin040999@gmail.com' is set on object 'Object Repository/Login_Mattermost_OR/input_All team communication in one place, _dcc84b'

2021-05-28 21:54:04 - [MESSAGE][PASSED] - Text 'ngoctin040999@gmail.com' is set on object 'Object Repository/Login_Mattermost_OR/input_All team communication in one place, _dcc84b'

2021-05-28 21:54:04 - [TEST_STEP][PASSED] - setText(findTestObject("Object Repository/Login_Mattermost_OR/input_All team communication in one place, _a3edc6"), "ngoctin1"): Text 'ngoctin1' is set on object 'Object Repository/Login_Mattermost_OR/input_All team communication in one place, _a3edc6'

2021-05-28 21:54:05 - [MESSAGE][PASSED] - Text 'ngoctin1' is set on object 'Object Repository/Login_Mattermost_OR/input_All team communication in one place, _a3edc6'

2021-05-28 21:54:05 - [TEST_STEP][PASSED] - click(findTestObject("Object Repository/Login_Mattermost_OR/span_Sign in")): Object: 'Object Repository/Login_Mattermost_OR/span_Sign in' is clicked on

2021-05-28 21:54:06 - [MESSAGE][PASSED] - Object: 'Object Repository/Login_Mattermost_OR/span_Sign in' is clicked on

2021-05-28 21:54:06 - [TEST_STEP][PASSED] - click(findTestObject("CreateRoom_Mattermose_OR/span_")): Object: 'Object Repository/CreateRoom_Mattermose_OR/span_' is clicked on

2021-05-28 21:54:10 - [MESSAGE][PASSED] - Object: 'Object Repository/CreateRoom_Mattermose_OR/span_' is clicked on

2021-05-28 21:54:10 - [TEST_STEP][PASSED] - verifyElementPresent(findTestObject("CreateRoom_Mattermose_OR/span_New Channel"), 0): Object 'Object Repository/CreateRoom_Mattermose_OR/span_New Channel' is present

2021-05-28 21:54:10 - [MESSAGE][WARNING] - Timeout '0' is invalid. Using default page load timeout: '30'

2021-05-28 21:54:11 - [MESSAGE][PASSED] - Object 'Object Repository/CreateRoom_Mattermose_OR/span_New Channel' is present

2021-05-28 21:54:11 - [TEST_STEP][PASSED] - switch (Type): null

2021-05-28 21:54:11 - [TEST_STEP][PASSED] - case "Private":: null

2021-05-28 21:54:11 - [TEST_STEP][PASSED] - click(findTestObject("CreateRoom_Mattermose_OR/input_- Anyone can join this channel_channelType")): Object: 'Object Repository/CreateRoom_Mattermose_OR/input_- Anyone can join this channel_channelType' is clicked on

2021-05-28 21:54:11 - [MESSAGE][PASSED] - Object: 'Object Repository/CreateRoom_Mattermose_OR/input_- Anyone can join this channel_channelType' is clicked on

2021-05-28 21:54:11 - [TEST_STEP][PASSED] - break: null

2021-05-28 21:54:11 - [TEST_STEP][PASSED] - setText(findTestObject("CreateRoom_Mattermose_OR/input_Name_newChannelName"), ChannelName): Text 'Test 111229' is set on object 'Object Repository/CreateRoom_Mattermose_OR/input_Name_newChannelName'

2021-05-28 21:54:12 - [MESSAGE][PASSED] - Text 'Test 111229' is set on object 'Object Repository/CreateRoom_Mattermose_OR/input_Name_newChannelName'

2021-05-28 21:54:12 - [TEST_STEP][PASSED] - setText(findTestObject("CreateRoom_Mattermose_OR/textarea_(optional)_newChannelPurpose"), Purpose): Text 'Data test 9' is set on object 'Object Repository/CreateRoom_Mattermose_OR/textarea_(optional)_newChannelPurpose'

2021-05-28 21:54:13 - [MESSAGE][PASSED] - Text 'Data test 9' is set on object 'Object Repository/CreateRoom_Mattermose_OR/textarea_(optional)_newChannelPurpose'

2021-05-28 21:54:13 - [TEST_STEP][PASSED] - setText(findTestObject("CreateRoom_Mattermose_OR/textarea_(optional)_newChannelHeader"), Description): Text 'Test Description' is set on object 'Object Repository/CreateRoom_Mattermose_OR/textarea_(optional)_newChannelHeader'

2021-05-28 21:54:14 - [MESSAGE][PASSED] - Text 'Test Description' is set on object 'Object Repository/CreateRoom_Mattermose_OR/textarea_(optional)_newChannelHeader'

2021-05-28 21:54:14 - [TEST_STEP][PASSED] - click(findTestObject("CreateRoom_Mattermose_OR/button_Create Channel")): Object: 'Object Repository/CreateRoom_Mattermose_OR/button_Create Channel' is clicked on

2021-05-28 21:54:14 - [MESSAGE][PASSED] - Object: 'Object Repository/CreateRoom_Mattermose_OR/button_Create Channel' is clicked on

2021-05-28 21:54:14 - [TEST_STEP][PASSED] - if (verifyElementPresent(findTestObject("CreateRoom_Mattermose_OR/p_A channel with that name already exists on the same team"), 0, OPTIONAL)): null

2021-05-28 21:54:15 - [MESSAGE][WARNING] - Timeout '0' is invalid. Using default page load timeout: '30'

2021-05-28 21:54:15 - [MESSAGE][PASSED] - Object 'Object Repository/CreateRoom_Mattermose_OR/p_A channel with that name already exists on the same team' is present

2021-05-28 21:54:15 - [TEST_STEP][PASSED] - closeBrowser(): Browser is closed

2021-05-28 21:54:16 - [MESSAGE][PASSED] - Browser is closed]]></system-out>
         <system-err><![CDATA[]]></system-err>
      </testcase>
      <testcase name="Test Cases/CreateRoom" time="26.105" classname="Test Cases/CreateRoom" status="PASSED">
         <system-out><![CDATA[2021-05-28 21:54:16 - [TEST_CASE][PASSED] - Test Cases/CreateRoom: Test Cases/CreateRoom

2021-05-28 21:54:16 - [TEST_STEP][PASSED] - openBrowser(""): Browser is opened with url: ''

2021-05-28 21:54:16 - [MESSAGE][INFO] - Starting 'Chrome' driver

2021-05-28 21:54:16 - [MESSAGE][INFO] - Action delay is set to 0 milliseconds

2021-05-28 21:54:18 - [MESSAGE][PASSED] - Browser is opened with url: ''

2021-05-28 21:54:18 - [TEST_STEP][PASSED] - navigateToUrl("https://cdnc-group2.herokuapp.com"): Navigate to 'https://cdnc-group2.herokuapp.com' successfully

2021-05-28 21:54:26 - [MESSAGE][PASSED] - Navigate to 'https://cdnc-group2.herokuapp.com' successfully

2021-05-28 21:54:26 - [TEST_STEP][PASSED] - setText(findTestObject("Object Repository/Login_Mattermost_OR/input_All team communication in one place, _dcc84b"), "ngoctin040999@gmail.com"): Text 'ngoctin040999@gmail.com' is set on object 'Object Repository/Login_Mattermost_OR/input_All team communication in one place, _dcc84b'

2021-05-28 21:54:31 - [MESSAGE][PASSED] - Text 'ngoctin040999@gmail.com' is set on object 'Object Repository/Login_Mattermost_OR/input_All team communication in one place, _dcc84b'

2021-05-28 21:54:31 - [TEST_STEP][PASSED] - setText(findTestObject("Object Repository/Login_Mattermost_OR/input_All team communication in one place, _a3edc6"), "ngoctin1"): Text 'ngoctin1' is set on object 'Object Repository/Login_Mattermost_OR/input_All team communication in one place, _a3edc6'

2021-05-28 21:54:31 - [MESSAGE][PASSED] - Text 'ngoctin1' is set on object 'Object Repository/Login_Mattermost_OR/input_All team communication in one place, _a3edc6'

2021-05-28 21:54:31 - [TEST_STEP][PASSED] - click(findTestObject("Object Repository/Login_Mattermost_OR/span_Sign in")): Object: 'Object Repository/Login_Mattermost_OR/span_Sign in' is clicked on

2021-05-28 21:54:32 - [MESSAGE][PASSED] - Object: 'Object Repository/Login_Mattermost_OR/span_Sign in' is clicked on

2021-05-28 21:54:32 - [TEST_STEP][PASSED] - click(findTestObject("CreateRoom_Mattermose_OR/span_")): Object: 'Object Repository/CreateRoom_Mattermose_OR/span_' is clicked on

2021-05-28 21:54:36 - [MESSAGE][PASSED] - Object: 'Object Repository/CreateRoom_Mattermose_OR/span_' is clicked on

2021-05-28 21:54:36 - [TEST_STEP][PASSED] - verifyElementPresent(findTestObject("CreateRoom_Mattermose_OR/span_New Channel"), 0): Object 'Object Repository/CreateRoom_Mattermose_OR/span_New Channel' is present

2021-05-28 21:54:36 - [MESSAGE][WARNING] - Timeout '0' is invalid. Using default page load timeout: '30'

2021-05-28 21:54:36 - [MESSAGE][PASSED] - Object 'Object Repository/CreateRoom_Mattermose_OR/span_New Channel' is present

2021-05-28 21:54:36 - [TEST_STEP][PASSED] - switch (Type): null

2021-05-28 21:54:36 - [TEST_STEP][PASSED] - case "Private":: null

2021-05-28 21:54:36 - [TEST_STEP][PASSED] - click(findTestObject("CreateRoom_Mattermose_OR/input_- Anyone can join this channel_channelType")): Object: 'Object Repository/CreateRoom_Mattermose_OR/input_- Anyone can join this channel_channelType' is clicked on

2021-05-28 21:54:37 - [MESSAGE][PASSED] - Object: 'Object Repository/CreateRoom_Mattermose_OR/input_- Anyone can join this channel_channelType' is clicked on

2021-05-28 21:54:37 - [TEST_STEP][PASSED] - break: null

2021-05-28 21:54:37 - [TEST_STEP][PASSED] - setText(findTestObject("CreateRoom_Mattermose_OR/input_Name_newChannelName"), ChannelName): Text 'Test 111230' is set on object 'Object Repository/CreateRoom_Mattermose_OR/input_Name_newChannelName'

2021-05-28 21:54:38 - [MESSAGE][PASSED] - Text 'Test 111230' is set on object 'Object Repository/CreateRoom_Mattermose_OR/input_Name_newChannelName'

2021-05-28 21:54:38 - [TEST_STEP][PASSED] - setText(findTestObject("CreateRoom_Mattermose_OR/textarea_(optional)_newChannelPurpose"), Purpose): Text 'Data test 10' is set on object 'Object Repository/CreateRoom_Mattermose_OR/textarea_(optional)_newChannelPurpose'

2021-05-28 21:54:39 - [MESSAGE][PASSED] - Text 'Data test 10' is set on object 'Object Repository/CreateRoom_Mattermose_OR/textarea_(optional)_newChannelPurpose'

2021-05-28 21:54:39 - [TEST_STEP][PASSED] - setText(findTestObject("CreateRoom_Mattermose_OR/textarea_(optional)_newChannelHeader"), Description): Text 'Test Description' is set on object 'Object Repository/CreateRoom_Mattermose_OR/textarea_(optional)_newChannelHeader'

2021-05-28 21:54:40 - [MESSAGE][PASSED] - Text 'Test Description' is set on object 'Object Repository/CreateRoom_Mattermose_OR/textarea_(optional)_newChannelHeader'

2021-05-28 21:54:40 - [TEST_STEP][PASSED] - click(findTestObject("CreateRoom_Mattermose_OR/button_Create Channel")): Object: 'Object Repository/CreateRoom_Mattermose_OR/button_Create Channel' is clicked on

2021-05-28 21:54:41 - [MESSAGE][PASSED] - Object: 'Object Repository/CreateRoom_Mattermose_OR/button_Create Channel' is clicked on

2021-05-28 21:54:41 - [TEST_STEP][PASSED] - if (verifyElementPresent(findTestObject("CreateRoom_Mattermose_OR/p_A channel with that name already exists on the same team"), 0, OPTIONAL)): null

2021-05-28 21:54:41 - [MESSAGE][WARNING] - Timeout '0' is invalid. Using default page load timeout: '30'

2021-05-28 21:54:41 - [MESSAGE][PASSED] - Object 'Object Repository/CreateRoom_Mattermose_OR/p_A channel with that name already exists on the same team' is present

2021-05-28 21:54:41 - [TEST_STEP][PASSED] - closeBrowser(): Browser is closed

2021-05-28 21:54:42 - [MESSAGE][PASSED] - Browser is closed]]></system-out>
         <system-err><![CDATA[]]></system-err>
      </testcase>
      <testcase name="Test Cases/CreateTeam" time="51.463" classname="Test Cases/CreateTeam" status="PASSED">
         <system-out><![CDATA[2021-05-28 21:54:42 - [TEST_CASE][PASSED] - Test Cases/CreateTeam: Test Cases/CreateTeam

2021-05-28 21:54:43 - [TEST_STEP][PASSED] - openBrowser(""): Browser is opened with url: ''

2021-05-28 21:54:43 - [MESSAGE][INFO] - Starting 'Chrome' driver

2021-05-28 21:54:43 - [MESSAGE][INFO] - Action delay is set to 0 milliseconds

2021-05-28 21:54:45 - [MESSAGE][PASSED] - Browser is opened with url: ''

2021-05-28 21:54:45 - [TEST_STEP][PASSED] - navigateToUrl("https://cdnc-group2.herokuapp.com/"): Navigate to 'https://cdnc-group2.herokuapp.com/' successfully

2021-05-28 21:54:49 - [MESSAGE][PASSED] - Navigate to 'https://cdnc-group2.herokuapp.com/' successfully

2021-05-28 21:54:49 - [TEST_STEP][PASSED] - setText(findTestObject("Object Repository/Page_Mattermost/input_All team communication in one place, _dcc84b"), "ngoctin040999@gmail.com"): Text 'ngoctin040999@gmail.com' is set on object 'Object Repository/Page_Mattermost/input_All team communication in one place, _dcc84b'

2021-05-28 21:54:54 - [MESSAGE][PASSED] - Text 'ngoctin040999@gmail.com' is set on object 'Object Repository/Page_Mattermost/input_All team communication in one place, _dcc84b'

2021-05-28 21:54:54 - [TEST_STEP][PASSED] - setEncryptedText(findTestObject("Object Repository/Page_Mattermost/input_All team communication in one place, _a3edc6"), "S8w1SJvl7D1hts9IdMV+NQ=="): Text ****** has been set on object 'Object Repository/Page_Mattermost/input_All team communication in one place, _a3edc6'

2021-05-28 21:54:55 - [MESSAGE][PASSED] - Text ****** has been set on object 'Object Repository/Page_Mattermost/input_All team communication in one place, _a3edc6'

2021-05-28 21:54:55 - [TEST_STEP][PASSED] - click(findTestObject("Object Repository/Page_Mattermost/button_Sign in")): Object: 'Object Repository/Page_Mattermost/button_Sign in' is clicked on

2021-05-28 21:54:55 - [MESSAGE][PASSED] - Object: 'Object Repository/Page_Mattermost/button_Sign in' is clicked on

2021-05-28 21:54:55 - [TEST_STEP][PASSED] - click(findTestObject("Object Repository/Page_Town Square - Thanh Tien test Mattermost/svg")): Object: 'Object Repository/Page_Town Square - Thanh Tien test Mattermost/svg' is clicked on

2021-05-28 21:55:27 - [MESSAGE][INFO] - Unable to find the element located by 'By.xpath: (.//*[normalize-space(text()) and normalize-space(.)='@ngoctin02806'])[1]/following::*[name()='svg'][1]'. Please recheck the objects properties to make sure the desired element is located. 

2021-05-28 21:55:27 - [MESSAGE][WARNING] - [SELF-HEALING] Failed to find element with id 'Object Repository/Page_Town Square - Thanh Tien test Mattermost/svg'. Try using Self-healing.

2021-05-28 21:55:27 - [MESSAGE][WARNING] - [SELF-HEALING] The current locator of test object 'Object Repository/Page_Town Square - Thanh Tien test Mattermost/svg' was broken. Propose an alternative one: '(.//*[normalize-space(text()) and normalize-space(.)='More Unreads'])[1]/preceding::*[name()='svg'][1]'.

2021-05-28 21:55:27 - [MESSAGE][PASSED] - Object: 'Object Repository/Page_Town Square - Thanh Tien test Mattermost/svg' is clicked on

2021-05-28 21:55:27 - [TEST_STEP][PASSED] - click(findTestObject("Object Repository/Page_Town Square - Thanh Tien test Mattermost/span_Create a Team")): Object: 'Object Repository/Page_Town Square - Thanh Tien test Mattermost/span_Create a Team' is clicked on

2021-05-28 21:55:28 - [MESSAGE][PASSED] - Object: 'Object Repository/Page_Town Square - Thanh Tien test Mattermost/span_Create a Team' is clicked on

2021-05-28 21:55:28 - [TEST_STEP][PASSED] - setText(findTestObject("Object Repository/Page_Town Square - Thanh Tien test Mattermost/input_Team Name_teamNameInput"), "NewTeam1"): Text 'NewTeam1' is set on object 'Object Repository/Page_Town Square - Thanh Tien test Mattermost/input_Team Name_teamNameInput'

2021-05-28 21:55:30 - [MESSAGE][PASSED] - Text 'NewTeam1' is set on object 'Object Repository/Page_Town Square - Thanh Tien test Mattermost/input_Team Name_teamNameInput'

2021-05-28 21:55:30 - [TEST_STEP][PASSED] - click(findTestObject("Object Repository/Page_Town Square - Thanh Tien test Mattermost/button_Next")): Object: 'Object Repository/Page_Town Square - Thanh Tien test Mattermost/button_Next' is clicked on

2021-05-28 21:55:30 - [MESSAGE][PASSED] - Object: 'Object Repository/Page_Town Square - Thanh Tien test Mattermost/button_Next' is clicked on

2021-05-28 21:55:30 - [TEST_STEP][PASSED] - click(findTestObject("Object Repository/Page_Town Square - Thanh Tien test Mattermost/input_httpscdnc-group2.herokuapp.com_teamURLInput")): Object: 'Object Repository/Page_Town Square - Thanh Tien test Mattermost/input_httpscdnc-group2.herokuapp.com_teamURLInput' is clicked on

2021-05-28 21:55:31 - [MESSAGE][PASSED] - Object: 'Object Repository/Page_Town Square - Thanh Tien test Mattermost/input_httpscdnc-group2.herokuapp.com_teamURLInput' is clicked on

2021-05-28 21:55:31 - [TEST_STEP][PASSED] - setText(findTestObject("Object Repository/Page_Town Square - Thanh Tien test Mattermost/input_httpscdnc-group2.herokuapp.com_teamURLInput"), "newteam1"): Text 'newteam1' is set on object 'Object Repository/Page_Town Square - Thanh Tien test Mattermost/input_httpscdnc-group2.herokuapp.com_teamURLInput'

2021-05-28 21:55:32 - [MESSAGE][PASSED] - Text 'newteam1' is set on object 'Object Repository/Page_Town Square - Thanh Tien test Mattermost/input_httpscdnc-group2.herokuapp.com_teamURLInput'

2021-05-28 21:55:32 - [TEST_STEP][PASSED] - click(findTestObject("Object Repository/Page_Town Square - Thanh Tien test Mattermost/span_Finish")): Object: 'Object Repository/Page_Town Square - Thanh Tien test Mattermost/span_Finish' is clicked on

2021-05-28 21:55:33 - [MESSAGE][PASSED] - Object: 'Object Repository/Page_Town Square - Thanh Tien test Mattermost/span_Finish' is clicked on

2021-05-28 21:55:33 - [TEST_STEP][PASSED] - closeBrowser(): Browser is closed

2021-05-28 21:55:34 - [MESSAGE][PASSED] - Browser is closed]]></system-out>
         <system-err><![CDATA[]]></system-err>
      </testcase>
      <testcase name="Test Cases/Main/TestcaseAddDMsToFavorites" time="21.786" classname="Test Cases/Main/TestcaseAddDMsToFavorites" status="PASSED">
         <system-out><![CDATA[2021-05-28 21:55:34 - [TEST_CASE][PASSED] - Test Cases/Main/TestcaseAddDMsToFavorites: Test Cases/Main/TestcaseAddDMsToFavorites

2021-05-28 21:55:35 - [TEST_STEP][PASSED] - callTestCase(findTestCase("PreCondition/Login"), [:], STOP_ON_FAILURE): Call Test Case 'Test Cases/PreCondition/Login' successfully

2021-05-28 21:55:35 - [TEST_CASE][PASSED] - Test Cases/PreCondition/Login: Test Cases/PreCondition/Login

2021-05-28 21:55:35 - [TEST_STEP][PASSED] - openBrowser(""): Browser is opened with url: ''

2021-05-28 21:55:35 - [MESSAGE][INFO] - Starting 'Chrome' driver

2021-05-28 21:55:35 - [MESSAGE][INFO] - Action delay is set to 0 milliseconds

2021-05-28 21:55:37 - [MESSAGE][PASSED] - Browser is opened with url: ''

2021-05-28 21:55:37 - [TEST_STEP][PASSED] - navigateToUrl("https://cdnc-group2.herokuapp.com/"): Navigate to 'https://cdnc-group2.herokuapp.com/' successfully

2021-05-28 21:55:41 - [MESSAGE][PASSED] - Navigate to 'https://cdnc-group2.herokuapp.com/' successfully

2021-05-28 21:55:41 - [TEST_STEP][PASSED] - setText(findTestObject("Object Repository/Login/Page_Mattermost/input_All team communication in one place, _dcc84b"), "ngoctin040999@gmail.com"): Text 'ngoctin040999@gmail.com' is set on object 'Object Repository/Login/Page_Mattermost/input_All team communication in one place, _dcc84b'

2021-05-28 21:55:48 - [MESSAGE][PASSED] - Text 'ngoctin040999@gmail.com' is set on object 'Object Repository/Login/Page_Mattermost/input_All team communication in one place, _dcc84b'

2021-05-28 21:55:48 - [TEST_STEP][PASSED] - setEncryptedText(findTestObject("Object Repository/Login/Page_Mattermost/input_All team communication in one place, _a3edc6"), "S8w1SJvl7D1hts9IdMV+NQ=="): Text ****** has been set on object 'Object Repository/Login/Page_Mattermost/input_All team communication in one place, _a3edc6'

2021-05-28 21:55:49 - [MESSAGE][PASSED] - Text ****** has been set on object 'Object Repository/Login/Page_Mattermost/input_All team communication in one place, _a3edc6'

2021-05-28 21:55:49 - [TEST_STEP][PASSED] - click(findTestObject("Object Repository/Login/Page_Mattermost/button_Sign in")): Object: 'Object Repository/Login/Page_Mattermost/button_Sign in' is clicked on

2021-05-28 21:55:50 - [MESSAGE][PASSED] - Object: 'Object Repository/Login/Page_Mattermost/button_Sign in' is clicked on

2021-05-28 21:55:50 - [MESSAGE][PASSED] - Call Test Case 'Test Cases/PreCondition/Login' successfully

2021-05-28 21:55:50 - [TEST_STEP][PASSED] - btnTest1DMs = findTestObject("Object Repository/SaveMsgInDMs/Page_Town Square - 123 Mattermost/span_test1"): null

2021-05-28 21:55:50 - [TEST_STEP][PASSED] - btnStar = findTestObject("Object Repository/AddDMsToFavorites/Page_test1 - 123 Mattermost/i_Drop a file to upload it_icon fa fa-star-o"): null

2021-05-28 21:55:50 - [TEST_STEP][PASSED] - if (btnTest1DMs != null && btnStar != null): Object: 'Object Repository/AddDMsToFavorites/Page_test1 - 123 Mattermost/i_Drop a file to upload it_icon fa fa-star-o' is clicked on

2021-05-28 21:55:50 - [TEST_STEP][PASSED] - click(btnTest1DMs): Object: 'Object Repository/SaveMsgInDMs/Page_Town Square - 123 Mattermost/span_test1' is clicked on

2021-05-28 21:55:54 - [MESSAGE][PASSED] - Object: 'Object Repository/SaveMsgInDMs/Page_Town Square - 123 Mattermost/span_test1' is clicked on

2021-05-28 21:55:54 - [TEST_STEP][PASSED] - click(btnStar): Object: 'Object Repository/AddDMsToFavorites/Page_test1 - 123 Mattermost/i_Drop a file to upload it_icon fa fa-star-o' is clicked on

2021-05-28 21:55:56 - [MESSAGE][PASSED] - Object: 'Object Repository/AddDMsToFavorites/Page_test1 - 123 Mattermost/i_Drop a file to upload it_icon fa fa-star-o' is clicked on]]></system-out>
         <system-err><![CDATA[]]></system-err>
      </testcase>
      <testcase name="Test Cases/Main/TestCaseCreateDirectMessages" time="18.723" classname="Test Cases/Main/TestCaseCreateDirectMessages" status="PASSED">
         <system-out><![CDATA[2021-05-28 21:55:56 - [TEST_CASE][PASSED] - Test Cases/Main/TestCaseCreateDirectMessages: Test Cases/Main/TestCaseCreateDirectMessages

2021-05-28 21:55:56 - [TEST_STEP][PASSED] - callTestCase(findTestCase("PreCondition/Login"), [:], STOP_ON_FAILURE): Call Test Case 'Test Cases/PreCondition/Login' successfully

2021-05-28 21:55:57 - [TEST_CASE][PASSED] - Test Cases/PreCondition/Login: Test Cases/PreCondition/Login

2021-05-28 21:55:57 - [TEST_STEP][PASSED] - openBrowser(""): Browser is opened with url: ''

2021-05-28 21:55:57 - [MESSAGE][WARNING] - A browser is already opened. Closing browser and opening a new one

2021-05-28 21:55:58 - [MESSAGE][INFO] - Starting 'Chrome' driver

2021-05-28 21:55:58 - [MESSAGE][INFO] - Action delay is set to 0 milliseconds

2021-05-28 21:55:59 - [MESSAGE][PASSED] - Browser is opened with url: ''

2021-05-28 21:55:59 - [TEST_STEP][PASSED] - navigateToUrl("https://cdnc-group2.herokuapp.com/"): Navigate to 'https://cdnc-group2.herokuapp.com/' successfully

2021-05-28 21:56:03 - [MESSAGE][PASSED] - Navigate to 'https://cdnc-group2.herokuapp.com/' successfully

2021-05-28 21:56:03 - [TEST_STEP][PASSED] - setText(findTestObject("Object Repository/Login/Page_Mattermost/input_All team communication in one place, _dcc84b"), "ngoctin040999@gmail.com"): Text 'ngoctin040999@gmail.com' is set on object 'Object Repository/Login/Page_Mattermost/input_All team communication in one place, _dcc84b'

2021-05-28 21:56:07 - [MESSAGE][PASSED] - Text 'ngoctin040999@gmail.com' is set on object 'Object Repository/Login/Page_Mattermost/input_All team communication in one place, _dcc84b'

2021-05-28 21:56:07 - [TEST_STEP][PASSED] - setEncryptedText(findTestObject("Object Repository/Login/Page_Mattermost/input_All team communication in one place, _a3edc6"), "S8w1SJvl7D1hts9IdMV+NQ=="): Text ****** has been set on object 'Object Repository/Login/Page_Mattermost/input_All team communication in one place, _a3edc6'

2021-05-28 21:56:08 - [MESSAGE][PASSED] - Text ****** has been set on object 'Object Repository/Login/Page_Mattermost/input_All team communication in one place, _a3edc6'

2021-05-28 21:56:08 - [TEST_STEP][PASSED] - click(findTestObject("Object Repository/Login/Page_Mattermost/button_Sign in")): Object: 'Object Repository/Login/Page_Mattermost/button_Sign in' is clicked on

2021-05-28 21:56:09 - [MESSAGE][PASSED] - Object: 'Object Repository/Login/Page_Mattermost/button_Sign in' is clicked on

2021-05-28 21:56:09 - [MESSAGE][PASSED] - Call Test Case 'Test Cases/PreCondition/Login' successfully

2021-05-28 21:56:09 - [TEST_STEP][PASSED] - click(findTestObject("Object Repository/CreateDirectMessages/Page_Town Square - 123 Mattermost/span_")): Object: 'Object Repository/CreateDirectMessages/Page_Town Square - 123 Mattermost/span_' is clicked on

2021-05-28 21:56:12 - [MESSAGE][PASSED] - Object: 'Object Repository/CreateDirectMessages/Page_Town Square - 123 Mattermost/span_' is clicked on

2021-05-28 21:56:12 - [TEST_STEP][PASSED] - click(findTestObject("Object Repository/CreateDirectMessages/Page_Town Square - 123 Mattermost/i_test1gmail.com_fa fa-plus")): Object: 'Object Repository/CreateDirectMessages/Page_Town Square - 123 Mattermost/i_test1gmail.com_fa fa-plus' is clicked on

2021-05-28 21:56:14 - [MESSAGE][PASSED] - Object: 'Object Repository/CreateDirectMessages/Page_Town Square - 123 Mattermost/i_test1gmail.com_fa fa-plus' is clicked on

2021-05-28 21:56:14 - [TEST_STEP][PASSED] - click(findTestObject("Object Repository/CreateDirectMessages/Page_Town Square - 123 Mattermost/span_Go")): Object: 'Object Repository/CreateDirectMessages/Page_Town Square - 123 Mattermost/span_Go' is clicked on

2021-05-28 21:56:14 - [MESSAGE][PASSED] - Object: 'Object Repository/CreateDirectMessages/Page_Town Square - 123 Mattermost/span_Go' is clicked on]]></system-out>
         <system-err><![CDATA[]]></system-err>
      </testcase>
      <testcase name="Test Cases/Main/TestCaseCreateMsgInDMs" time="26.002" classname="Test Cases/Main/TestCaseCreateMsgInDMs" status="PASSED">
         <system-out><![CDATA[2021-05-28 21:56:14 - [TEST_CASE][PASSED] - Test Cases/Main/TestCaseCreateMsgInDMs: Test Cases/Main/TestCaseCreateMsgInDMs

2021-05-28 21:56:16 - [TEST_STEP][PASSED] - callTestCase(findTestCase("PreCondition/Login"), [:], STOP_ON_FAILURE): Call Test Case 'Test Cases/PreCondition/Login' successfully

2021-05-28 21:56:16 - [TEST_CASE][PASSED] - Test Cases/PreCondition/Login: Test Cases/PreCondition/Login

2021-05-28 21:56:16 - [TEST_STEP][PASSED] - openBrowser(""): Browser is opened with url: ''

2021-05-28 21:56:16 - [MESSAGE][WARNING] - A browser is already opened. Closing browser and opening a new one

2021-05-28 21:56:17 - [MESSAGE][INFO] - Starting 'Chrome' driver

2021-05-28 21:56:17 - [MESSAGE][INFO] - Action delay is set to 0 milliseconds

2021-05-28 21:56:18 - [MESSAGE][PASSED] - Browser is opened with url: ''

2021-05-28 21:56:18 - [TEST_STEP][PASSED] - navigateToUrl("https://cdnc-group2.herokuapp.com/"): Navigate to 'https://cdnc-group2.herokuapp.com/' successfully

2021-05-28 21:56:24 - [MESSAGE][PASSED] - Navigate to 'https://cdnc-group2.herokuapp.com/' successfully

2021-05-28 21:56:24 - [TEST_STEP][PASSED] - setText(findTestObject("Object Repository/Login/Page_Mattermost/input_All team communication in one place, _dcc84b"), "ngoctin040999@gmail.com"): Text 'ngoctin040999@gmail.com' is set on object 'Object Repository/Login/Page_Mattermost/input_All team communication in one place, _dcc84b'

2021-05-28 21:56:32 - [MESSAGE][PASSED] - Text 'ngoctin040999@gmail.com' is set on object 'Object Repository/Login/Page_Mattermost/input_All team communication in one place, _dcc84b'

2021-05-28 21:56:32 - [TEST_STEP][PASSED] - setEncryptedText(findTestObject("Object Repository/Login/Page_Mattermost/input_All team communication in one place, _a3edc6"), "S8w1SJvl7D1hts9IdMV+NQ=="): Text ****** has been set on object 'Object Repository/Login/Page_Mattermost/input_All team communication in one place, _a3edc6'

2021-05-28 21:56:33 - [MESSAGE][PASSED] - Text ****** has been set on object 'Object Repository/Login/Page_Mattermost/input_All team communication in one place, _a3edc6'

2021-05-28 21:56:33 - [TEST_STEP][PASSED] - click(findTestObject("Object Repository/Login/Page_Mattermost/button_Sign in")): Object: 'Object Repository/Login/Page_Mattermost/button_Sign in' is clicked on

2021-05-28 21:56:33 - [MESSAGE][PASSED] - Object: 'Object Repository/Login/Page_Mattermost/button_Sign in' is clicked on

2021-05-28 21:56:33 - [MESSAGE][PASSED] - Call Test Case 'Test Cases/PreCondition/Login' successfully

2021-05-28 21:56:33 - [TEST_STEP][PASSED] - click(findTestObject("Object Repository/CreateMsgInDMs/Page_Town Square - 123 Mattermost/span_test1")): Object: 'Object Repository/CreateMsgInDMs/Page_Town Square - 123 Mattermost/span_test1' is clicked on

2021-05-28 21:56:37 - [MESSAGE][PASSED] - Object: 'Object Repository/CreateMsgInDMs/Page_Town Square - 123 Mattermost/span_test1' is clicked on

2021-05-28 21:56:37 - [TEST_STEP][PASSED] - setText(findTestObject("Object Repository/CreateMsgInDMs/Page_test1 - 123 Mattermost/textarea_chat"), "hello you"): Text 'hello you' is set on object 'Object Repository/CreateMsgInDMs/Page_test1 - 123 Mattermost/textarea_chat'

2021-05-28 21:56:40 - [MESSAGE][PASSED] - Text 'hello you' is set on object 'Object Repository/CreateMsgInDMs/Page_test1 - 123 Mattermost/textarea_chat'

2021-05-28 21:56:40 - [TEST_STEP][PASSED] - sendKeys(findTestObject("Object Repository/CreateMsgInDMs/Page_test1 - 123 Mattermost/textarea_chat"), Keys.chord(ENTER)): Keys 'ENTER + ' sent to object: 'Object Repository/CreateMsgInDMs/Page_test1 - 123 Mattermost/textarea_chat'

2021-05-28 21:56:40 - [MESSAGE][PASSED] - Keys 'ENTER + ' sent to object: 'Object Repository/CreateMsgInDMs/Page_test1 - 123 Mattermost/textarea_chat']]></system-out>
         <system-err><![CDATA[]]></system-err>
      </testcase>
      <testcase name="Test Cases/Main/TestcaseDeleteMsgInDMs" time="19.951" classname="Test Cases/Main/TestcaseDeleteMsgInDMs" status="PASSED">
         <system-out><![CDATA[2021-05-28 21:56:40 - [TEST_CASE][PASSED] - Test Cases/Main/TestcaseDeleteMsgInDMs: Test Cases/Main/TestcaseDeleteMsgInDMs

2021-05-28 21:56:41 - [TEST_STEP][PASSED] - callTestCase(findTestCase("PreCondition/Login"), [:], STOP_ON_FAILURE): Call Test Case 'Test Cases/PreCondition/Login' successfully

2021-05-28 21:56:41 - [TEST_CASE][PASSED] - Test Cases/PreCondition/Login: Test Cases/PreCondition/Login

2021-05-28 21:56:41 - [TEST_STEP][PASSED] - openBrowser(""): Browser is opened with url: ''

2021-05-28 21:56:41 - [MESSAGE][WARNING] - A browser is already opened. Closing browser and opening a new one

2021-05-28 21:56:42 - [MESSAGE][INFO] - Starting 'Chrome' driver

2021-05-28 21:56:42 - [MESSAGE][INFO] - Action delay is set to 0 milliseconds

2021-05-28 21:56:44 - [MESSAGE][PASSED] - Browser is opened with url: ''

2021-05-28 21:56:44 - [TEST_STEP][PASSED] - navigateToUrl("https://cdnc-group2.herokuapp.com/"): Navigate to 'https://cdnc-group2.herokuapp.com/' successfully

2021-05-28 21:56:49 - [MESSAGE][PASSED] - Navigate to 'https://cdnc-group2.herokuapp.com/' successfully

2021-05-28 21:56:49 - [TEST_STEP][PASSED] - setText(findTestObject("Object Repository/Login/Page_Mattermost/input_All team communication in one place, _dcc84b"), "ngoctin040999@gmail.com"): Text 'ngoctin040999@gmail.com' is set on object 'Object Repository/Login/Page_Mattermost/input_All team communication in one place, _dcc84b'

2021-05-28 21:56:55 - [MESSAGE][PASSED] - Text 'ngoctin040999@gmail.com' is set on object 'Object Repository/Login/Page_Mattermost/input_All team communication in one place, _dcc84b'

2021-05-28 21:56:55 - [TEST_STEP][PASSED] - setEncryptedText(findTestObject("Object Repository/Login/Page_Mattermost/input_All team communication in one place, _a3edc6"), "S8w1SJvl7D1hts9IdMV+NQ=="): Text ****** has been set on object 'Object Repository/Login/Page_Mattermost/input_All team communication in one place, _a3edc6'

2021-05-28 21:56:55 - [MESSAGE][PASSED] - Text ****** has been set on object 'Object Repository/Login/Page_Mattermost/input_All team communication in one place, _a3edc6'

2021-05-28 21:56:55 - [TEST_STEP][PASSED] - click(findTestObject("Object Repository/Login/Page_Mattermost/button_Sign in")): Object: 'Object Repository/Login/Page_Mattermost/button_Sign in' is clicked on

2021-05-28 21:56:56 - [MESSAGE][PASSED] - Object: 'Object Repository/Login/Page_Mattermost/button_Sign in' is clicked on

2021-05-28 21:56:56 - [MESSAGE][PASSED] - Call Test Case 'Test Cases/PreCondition/Login' successfully

2021-05-28 21:56:56 - [TEST_STEP][PASSED] - click(findTestObject("Object Repository/DeleteMsgInDMs/Page_Town Square - 123 Mattermost/span_test1")): Object: 'Object Repository/DeleteMsgInDMs/Page_Town Square - 123 Mattermost/span_test1' is clicked on

2021-05-28 21:57:00 - [MESSAGE][PASSED] - Object: 'Object Repository/DeleteMsgInDMs/Page_Town Square - 123 Mattermost/span_test1' is clicked on

2021-05-28 21:57:00 - [TEST_STEP][PASSED] - pMsg = findTestObject("Object Repository/DeleteMsgInDMs/Page_test1 - 123 Mattermost/p_hello"): null

2021-05-28 21:57:00 - [TEST_STEP][PASSED] - iconMore = findTestObject("Object Repository/DeleteMsgInDMs/Page_test1 - 123 Mattermost/button_ngoctin02806_CENTER_button_fk8osp8hr_51f43c"): null

2021-05-28 21:57:00 - [TEST_STEP][PASSED] - btnDelete = findTestObject("Object Repository/DeleteMsgInDMs/Page_test1 - 123 Mattermost/button_Delete"): null

2021-05-28 21:57:00 - [TEST_STEP][PASSED] - btnSubmitDeleted = findTestObject("Object Repository/DeleteMsgInDMs/Page_test1 - 123 Mattermost/button_Delete_1"): null

2021-05-28 21:57:00 - [TEST_STEP][PASSED] - if (pMsg != null && iconMore == null && btnDelete != null && btnSubmitDeleted == null): null]]></system-out>
         <system-err><![CDATA[]]></system-err>
      </testcase>
      <testcase name="Test Cases/Main/TestcaseEditMsgInDMs" time="27.705" classname="Test Cases/Main/TestcaseEditMsgInDMs" status="PASSED">
         <system-out><![CDATA[2021-05-28 21:57:00 - [TEST_CASE][PASSED] - Test Cases/Main/TestcaseEditMsgInDMs: Test Cases/Main/TestcaseEditMsgInDMs

2021-05-28 21:57:02 - [TEST_STEP][PASSED] - callTestCase(findTestCase("PreCondition/Login"), [:], STOP_ON_FAILURE): Call Test Case 'Test Cases/PreCondition/Login' successfully

2021-05-28 21:57:02 - [TEST_CASE][PASSED] - Test Cases/PreCondition/Login: Test Cases/PreCondition/Login

2021-05-28 21:57:02 - [TEST_STEP][PASSED] - openBrowser(""): Browser is opened with url: ''

2021-05-28 21:57:02 - [MESSAGE][WARNING] - A browser is already opened. Closing browser and opening a new one

2021-05-28 21:57:03 - [MESSAGE][INFO] - Starting 'Chrome' driver

2021-05-28 21:57:03 - [MESSAGE][INFO] - Action delay is set to 0 milliseconds

2021-05-28 21:57:05 - [MESSAGE][PASSED] - Browser is opened with url: ''

2021-05-28 21:57:05 - [TEST_STEP][PASSED] - navigateToUrl("https://cdnc-group2.herokuapp.com/"): Navigate to 'https://cdnc-group2.herokuapp.com/' successfully

2021-05-28 21:57:10 - [MESSAGE][PASSED] - Navigate to 'https://cdnc-group2.herokuapp.com/' successfully

2021-05-28 21:57:10 - [TEST_STEP][PASSED] - setText(findTestObject("Object Repository/Login/Page_Mattermost/input_All team communication in one place, _dcc84b"), "ngoctin040999@gmail.com"): Text 'ngoctin040999@gmail.com' is set on object 'Object Repository/Login/Page_Mattermost/input_All team communication in one place, _dcc84b'

2021-05-28 21:57:16 - [MESSAGE][PASSED] - Text 'ngoctin040999@gmail.com' is set on object 'Object Repository/Login/Page_Mattermost/input_All team communication in one place, _dcc84b'

2021-05-28 21:57:16 - [TEST_STEP][PASSED] - setEncryptedText(findTestObject("Object Repository/Login/Page_Mattermost/input_All team communication in one place, _a3edc6"), "S8w1SJvl7D1hts9IdMV+NQ=="): Text ****** has been set on object 'Object Repository/Login/Page_Mattermost/input_All team communication in one place, _a3edc6'

2021-05-28 21:57:16 - [MESSAGE][PASSED] - Text ****** has been set on object 'Object Repository/Login/Page_Mattermost/input_All team communication in one place, _a3edc6'

2021-05-28 21:57:16 - [TEST_STEP][PASSED] - click(findTestObject("Object Repository/Login/Page_Mattermost/button_Sign in")): Object: 'Object Repository/Login/Page_Mattermost/button_Sign in' is clicked on

2021-05-28 21:57:17 - [MESSAGE][PASSED] - Object: 'Object Repository/Login/Page_Mattermost/button_Sign in' is clicked on

2021-05-28 21:57:17 - [MESSAGE][PASSED] - Call Test Case 'Test Cases/PreCondition/Login' successfully

2021-05-28 21:57:17 - [TEST_STEP][PASSED] - click(findTestObject("Object Repository/EditMsgInDMs/Page_Town Square - 123 Mattermost/span_test1")): Object: 'Object Repository/EditMsgInDMs/Page_Town Square - 123 Mattermost/span_test1' is clicked on

2021-05-28 21:57:21 - [MESSAGE][PASSED] - Object: 'Object Repository/EditMsgInDMs/Page_Town Square - 123 Mattermost/span_test1' is clicked on

2021-05-28 21:57:21 - [TEST_STEP][PASSED] - divReceiver = findTestObject("Object Repository/EditMsgInDMs/Page_test1 - TOKEN_UPDATED Mattermost/a_test1"): null

2021-05-28 21:57:21 - [TEST_STEP][PASSED] - pMsg = findTestObject("Object Repository/EditMsgInDMs/Page_test1 - TOKEN_UPDATED Mattermost/div_ngoctin12345559 PMhello you"): null

2021-05-28 21:57:22 - [TEST_STEP][PASSED] - iconMore = findTestObject("Object Repository/EditMsgInDMs/Page_test1 - TOKEN_UPDATED Mattermost/span_ngoctin12345_icon icon--small"): null

2021-05-28 21:57:22 - [TEST_STEP][PASSED] - btnEdit = findTestObject("Object Repository/EditMsgInDMs/Page_test1 - TOKEN_UPDATED Mattermost/button_Edit"): null

2021-05-28 21:57:22 - [TEST_STEP][PASSED] - inputEdit = findTestObject("Object Repository/EditMsgInDMs/Page_test1 - TOKEN_UPDATED Mattermost/textarea_hello you"): null

2021-05-28 21:57:22 - [TEST_STEP][PASSED] - btnSubmitEdited = findTestObject("Object Repository/EditMsgInDMs/Page_test1 - TOKEN_UPDATED Mattermost/button_Save"): null

2021-05-28 21:57:22 - [TEST_STEP][PASSED] - if (pMsg != null && iconMore != null && btnEdit != null && btnSubmitEdited != null): Object: 'Object Repository/EditMsgInDMs/Page_test1 - TOKEN_UPDATED Mattermost/button_Save' is clicked on

2021-05-28 21:57:22 - [TEST_STEP][PASSED] - click(divReceiver): Object: 'Object Repository/EditMsgInDMs/Page_test1 - TOKEN_UPDATED Mattermost/a_test1' is clicked on

2021-05-28 21:57:24 - [MESSAGE][PASSED] - Object: 'Object Repository/EditMsgInDMs/Page_test1 - TOKEN_UPDATED Mattermost/a_test1' is clicked on

2021-05-28 21:57:24 - [TEST_STEP][PASSED] - mouseOver(pMsg): Object: 'Object Repository/EditMsgInDMs/Page_test1 - TOKEN_UPDATED Mattermost/div_ngoctin12345559 PMhello you' is hovered

2021-05-28 21:57:25 - [MESSAGE][PASSED] - Object: 'Object Repository/EditMsgInDMs/Page_test1 - TOKEN_UPDATED Mattermost/div_ngoctin12345559 PMhello you' is hovered

2021-05-28 21:57:25 - [TEST_STEP][PASSED] - click(iconMore): Object: 'Object Repository/EditMsgInDMs/Page_test1 - TOKEN_UPDATED Mattermost/span_ngoctin12345_icon icon--small' is clicked on

2021-05-28 21:57:25 - [MESSAGE][PASSED] - Object: 'Object Repository/EditMsgInDMs/Page_test1 - TOKEN_UPDATED Mattermost/span_ngoctin12345_icon icon--small' is clicked on

2021-05-28 21:57:25 - [TEST_STEP][PASSED] - click(btnEdit): Object: 'Object Repository/EditMsgInDMs/Page_test1 - TOKEN_UPDATED Mattermost/button_Edit' is clicked on

2021-05-28 21:57:26 - [MESSAGE][PASSED] - Object: 'Object Repository/EditMsgInDMs/Page_test1 - TOKEN_UPDATED Mattermost/button_Edit' is clicked on

2021-05-28 21:57:26 - [TEST_STEP][PASSED] - setText(inputEdit, "edited n times"): Text 'edited n times' is set on object 'Object Repository/EditMsgInDMs/Page_test1 - TOKEN_UPDATED Mattermost/textarea_hello you'

2021-05-28 21:57:27 - [MESSAGE][PASSED] - Text 'edited n times' is set on object 'Object Repository/EditMsgInDMs/Page_test1 - TOKEN_UPDATED Mattermost/textarea_hello you'

2021-05-28 21:57:27 - [TEST_STEP][PASSED] - click(btnSubmitEdited): Object: 'Object Repository/EditMsgInDMs/Page_test1 - TOKEN_UPDATED Mattermost/button_Save' is clicked on

2021-05-28 21:57:28 - [MESSAGE][PASSED] - Object: 'Object Repository/EditMsgInDMs/Page_test1 - TOKEN_UPDATED Mattermost/button_Save' is clicked on]]></system-out>
         <system-err><![CDATA[]]></system-err>
      </testcase>
      <testcase name="Test Cases/Main/TestcaseMarkUnreadMsgInDMs" time="30.757" classname="Test Cases/Main/TestcaseMarkUnreadMsgInDMs" status="PASSED">
         <system-out><![CDATA[2021-05-28 21:57:28 - [TEST_CASE][PASSED] - Test Cases/Main/TestcaseMarkUnreadMsgInDMs: Test Cases/Main/TestcaseMarkUnreadMsgInDMs

2021-05-28 21:57:29 - [TEST_STEP][PASSED] - callTestCase(findTestCase("PreCondition/Login"), [:], STOP_ON_FAILURE): Call Test Case 'Test Cases/PreCondition/Login' successfully

2021-05-28 21:57:29 - [TEST_CASE][PASSED] - Test Cases/PreCondition/Login: Test Cases/PreCondition/Login

2021-05-28 21:57:29 - [TEST_STEP][PASSED] - openBrowser(""): Browser is opened with url: ''

2021-05-28 21:57:29 - [MESSAGE][WARNING] - A browser is already opened. Closing browser and opening a new one

2021-05-28 21:57:30 - [MESSAGE][INFO] - Starting 'Chrome' driver

2021-05-28 21:57:30 - [MESSAGE][INFO] - Action delay is set to 0 milliseconds

2021-05-28 21:57:32 - [MESSAGE][PASSED] - Browser is opened with url: ''

2021-05-28 21:57:32 - [TEST_STEP][PASSED] - navigateToUrl("https://cdnc-group2.herokuapp.com/"): Navigate to 'https://cdnc-group2.herokuapp.com/' successfully

2021-05-28 21:57:44 - [MESSAGE][PASSED] - Navigate to 'https://cdnc-group2.herokuapp.com/' successfully

2021-05-28 21:57:44 - [TEST_STEP][PASSED] - setText(findTestObject("Object Repository/Login/Page_Mattermost/input_All team communication in one place, _dcc84b"), "ngoctin040999@gmail.com"): Text 'ngoctin040999@gmail.com' is set on object 'Object Repository/Login/Page_Mattermost/input_All team communication in one place, _dcc84b'

2021-05-28 21:57:50 - [MESSAGE][PASSED] - Text 'ngoctin040999@gmail.com' is set on object 'Object Repository/Login/Page_Mattermost/input_All team communication in one place, _dcc84b'

2021-05-28 21:57:50 - [TEST_STEP][PASSED] - setEncryptedText(findTestObject("Object Repository/Login/Page_Mattermost/input_All team communication in one place, _a3edc6"), "S8w1SJvl7D1hts9IdMV+NQ=="): Text ****** has been set on object 'Object Repository/Login/Page_Mattermost/input_All team communication in one place, _a3edc6'

2021-05-28 21:57:50 - [MESSAGE][PASSED] - Text ****** has been set on object 'Object Repository/Login/Page_Mattermost/input_All team communication in one place, _a3edc6'

2021-05-28 21:57:50 - [TEST_STEP][PASSED] - click(findTestObject("Object Repository/Login/Page_Mattermost/button_Sign in")): Object: 'Object Repository/Login/Page_Mattermost/button_Sign in' is clicked on

2021-05-28 21:57:51 - [MESSAGE][PASSED] - Object: 'Object Repository/Login/Page_Mattermost/button_Sign in' is clicked on

2021-05-28 21:57:51 - [MESSAGE][PASSED] - Call Test Case 'Test Cases/PreCondition/Login' successfully

2021-05-28 21:57:51 - [TEST_STEP][PASSED] - click(findTestObject("Object Repository/MarkUnreadMsgInDMs/Page_Town Square - 123 Mattermost/span_test1")): Object: 'Object Repository/MarkUnreadMsgInDMs/Page_Town Square - 123 Mattermost/span_test1' is clicked on

2021-05-28 21:57:55 - [MESSAGE][PASSED] - Object: 'Object Repository/MarkUnreadMsgInDMs/Page_Town Square - 123 Mattermost/span_test1' is clicked on

2021-05-28 21:57:55 - [TEST_STEP][PASSED] - pMsg = findTestObject("Object Repository/MarkUnreadMsgInDMs/Page_test1 - 123 Mattermost/div_ngoctin02806314 PM3Commented on ngoctin02806s message helloreply nek"): null

2021-05-28 21:57:55 - [TEST_STEP][PASSED] - iconMore = findTestObject("Object Repository/MarkUnreadMsgInDMs/Page_test1 - 123 Mattermost/button_ngoctin02806_CENTER_button_gwb3omtcgpngpebj9sr6f7zkuw"): null

2021-05-28 21:57:55 - [TEST_STEP][PASSED] - btnMarkUnread = findTestObject("Object Repository/MarkUnreadMsgInDMs/Page_test1 - 123 Mattermost/button_Mark as Unread"): null

2021-05-28 21:57:55 - [TEST_STEP][PASSED] - if (pMsg != null && iconMore != null && btnMarkUnread != null): Object: 'Object Repository/MarkUnreadMsgInDMs/Page_test1 - 123 Mattermost/button_Mark as Unread' is clicked on

2021-05-28 21:57:55 - [TEST_STEP][PASSED] - mouseOver(pMsg): Object: 'Object Repository/MarkUnreadMsgInDMs/Page_test1 - 123 Mattermost/div_ngoctin02806314 PM3Commented on ngoctin02806s message helloreply nek' is hovered

2021-05-28 21:57:57 - [MESSAGE][PASSED] - Object: 'Object Repository/MarkUnreadMsgInDMs/Page_test1 - 123 Mattermost/div_ngoctin02806314 PM3Commented on ngoctin02806s message helloreply nek' is hovered

2021-05-28 21:57:57 - [TEST_STEP][PASSED] - click(iconMore): Object: 'Object Repository/MarkUnreadMsgInDMs/Page_test1 - 123 Mattermost/button_ngoctin02806_CENTER_button_gwb3omtcgpngpebj9sr6f7zkuw' is clicked on

2021-05-28 21:57:58 - [MESSAGE][PASSED] - Object: 'Object Repository/MarkUnreadMsgInDMs/Page_test1 - 123 Mattermost/button_ngoctin02806_CENTER_button_gwb3omtcgpngpebj9sr6f7zkuw' is clicked on

2021-05-28 21:57:58 - [TEST_STEP][PASSED] - click(btnMarkUnread): Object: 'Object Repository/MarkUnreadMsgInDMs/Page_test1 - 123 Mattermost/button_Mark as Unread' is clicked on

2021-05-28 21:57:59 - [MESSAGE][PASSED] - Object: 'Object Repository/MarkUnreadMsgInDMs/Page_test1 - 123 Mattermost/button_Mark as Unread' is clicked on]]></system-out>
         <system-err><![CDATA[]]></system-err>
      </testcase>
      <testcase name="Test Cases/Main/TestCasePinMsgInDMs" time="54.275" classname="Test Cases/Main/TestCasePinMsgInDMs" status="PASSED">
         <system-out><![CDATA[2021-05-28 21:57:59 - [TEST_CASE][PASSED] - Test Cases/Main/TestCasePinMsgInDMs: Test Cases/Main/TestCasePinMsgInDMs

2021-05-28 21:58:00 - [TEST_STEP][PASSED] - callTestCase(findTestCase("PreCondition/Login"), [:], STOP_ON_FAILURE): Call Test Case 'Test Cases/PreCondition/Login' successfully

2021-05-28 21:58:00 - [TEST_CASE][PASSED] - Test Cases/PreCondition/Login: Test Cases/PreCondition/Login

2021-05-28 21:58:00 - [TEST_STEP][PASSED] - openBrowser(""): Browser is opened with url: ''

2021-05-28 21:58:00 - [MESSAGE][WARNING] - A browser is already opened. Closing browser and opening a new one

2021-05-28 21:58:01 - [MESSAGE][INFO] - Starting 'Chrome' driver

2021-05-28 21:58:01 - [MESSAGE][INFO] - Action delay is set to 0 milliseconds

2021-05-28 21:58:02 - [MESSAGE][PASSED] - Browser is opened with url: ''

2021-05-28 21:58:02 - [TEST_STEP][PASSED] - navigateToUrl("https://cdnc-group2.herokuapp.com/"): Navigate to 'https://cdnc-group2.herokuapp.com/' successfully

2021-05-28 21:58:08 - [MESSAGE][PASSED] - Navigate to 'https://cdnc-group2.herokuapp.com/' successfully

2021-05-28 21:58:08 - [TEST_STEP][PASSED] - setText(findTestObject("Object Repository/Login/Page_Mattermost/input_All team communication in one place, _dcc84b"), "ngoctin040999@gmail.com"): Text 'ngoctin040999@gmail.com' is set on object 'Object Repository/Login/Page_Mattermost/input_All team communication in one place, _dcc84b'

2021-05-28 21:58:13 - [MESSAGE][PASSED] - Text 'ngoctin040999@gmail.com' is set on object 'Object Repository/Login/Page_Mattermost/input_All team communication in one place, _dcc84b'

2021-05-28 21:58:13 - [TEST_STEP][PASSED] - setEncryptedText(findTestObject("Object Repository/Login/Page_Mattermost/input_All team communication in one place, _a3edc6"), "S8w1SJvl7D1hts9IdMV+NQ=="): Text ****** has been set on object 'Object Repository/Login/Page_Mattermost/input_All team communication in one place, _a3edc6'

2021-05-28 21:58:13 - [MESSAGE][PASSED] - Text ****** has been set on object 'Object Repository/Login/Page_Mattermost/input_All team communication in one place, _a3edc6'

2021-05-28 21:58:13 - [TEST_STEP][PASSED] - click(findTestObject("Object Repository/Login/Page_Mattermost/button_Sign in")): Object: 'Object Repository/Login/Page_Mattermost/button_Sign in' is clicked on

2021-05-28 21:58:14 - [MESSAGE][PASSED] - Object: 'Object Repository/Login/Page_Mattermost/button_Sign in' is clicked on

2021-05-28 21:58:14 - [MESSAGE][PASSED] - Call Test Case 'Test Cases/PreCondition/Login' successfully

2021-05-28 21:58:14 - [TEST_STEP][PASSED] - click(findTestObject("Object Repository/PinMsgInDMs/Page_Town Square - 123 Mattermost/span_test1")): Object: 'Object Repository/PinMsgInDMs/Page_Town Square - 123 Mattermost/span_test1' is clicked on

2021-05-28 21:58:18 - [MESSAGE][PASSED] - Object: 'Object Repository/PinMsgInDMs/Page_Town Square - 123 Mattermost/span_test1' is clicked on

2021-05-28 21:58:18 - [TEST_STEP][PASSED] - pMsg = findTestObject("Object Repository/PinMsgInDMs/Page_test1 - 123 Mattermost/div_ngoctin02806107 PM15ba58ab6023994f93ab3a4e701cf8b8.jpg"): null

2021-05-28 21:58:18 - [TEST_STEP][PASSED] - iconMore = findTestObject("Object Repository/PinMsgInDMs/Page_test1 - 123 Mattermost/button_ngoctin02806_CENTER_button_4xttwiq7ktb45ctc1z5yoqj5ko"): null

2021-05-28 21:58:18 - [TEST_STEP][PASSED] - btnPin = findTestObject("Object Repository/PinMsgInDMs/Page_test1 - 123 Mattermost/button_Pin to Channel"): null

2021-05-28 21:58:18 - [TEST_STEP][PASSED] - if (pMsg != null && iconMore != null && btnPin != null): Object: 'Object Repository/PinMsgInDMs/Page_test1 - 123 Mattermost/button_Pin to Channel' is clicked on

2021-05-28 21:58:18 - [TEST_STEP][PASSED] - mouseOver(pMsg): Object: 'Object Repository/PinMsgInDMs/Page_test1 - 123 Mattermost/div_ngoctin02806107 PM15ba58ab6023994f93ab3a4e701cf8b8.jpg' is hovered

2021-05-28 21:58:20 - [MESSAGE][PASSED] - Object: 'Object Repository/PinMsgInDMs/Page_test1 - 123 Mattermost/div_ngoctin02806107 PM15ba58ab6023994f93ab3a4e701cf8b8.jpg' is hovered

2021-05-28 21:58:20 - [TEST_STEP][PASSED] - click(iconMore): Object: 'Object Repository/PinMsgInDMs/Page_test1 - 123 Mattermost/button_ngoctin02806_CENTER_button_4xttwiq7ktb45ctc1z5yoqj5ko' is clicked on

2021-05-28 21:58:21 - [MESSAGE][PASSED] - Object: 'Object Repository/PinMsgInDMs/Page_test1 - 123 Mattermost/button_ngoctin02806_CENTER_button_4xttwiq7ktb45ctc1z5yoqj5ko' is clicked on

2021-05-28 21:58:21 - [TEST_STEP][PASSED] - click(btnPin): Object: 'Object Repository/PinMsgInDMs/Page_test1 - 123 Mattermost/button_Pin to Channel' is clicked on

2021-05-28 21:58:52 - [MESSAGE][INFO] - Unable to find the element located by 'By.xpath: //li[@id='pin_post_4xttwiq7ktb45ctc1z5yoqj5ko']/button'. Please recheck the objects properties to make sure the desired element is located. 

2021-05-28 21:58:52 - [MESSAGE][WARNING] - [SELF-HEALING] Failed to find element with id 'Object Repository/PinMsgInDMs/Page_test1 - 123 Mattermost/button_Pin to Channel'. Try using Self-healing.

2021-05-28 21:58:53 - [MESSAGE][WARNING] - [SELF-HEALING] The current locator of test object 'Object Repository/PinMsgInDMs/Page_test1 - 123 Mattermost/button_Pin to Channel' was broken. Propose an alternative one: '(.//*[normalize-space(text()) and normalize-space(.)='Copy Link'])[1]/following::button[1]'.

2021-05-28 21:58:53 - [MESSAGE][PASSED] - Object: 'Object Repository/PinMsgInDMs/Page_test1 - 123 Mattermost/button_Pin to Channel' is clicked on]]></system-out>
         <system-err><![CDATA[]]></system-err>
      </testcase>
      <testcase name="Test Cases/Main/TestCaseReactMsgInDMs" time="23.387" classname="Test Cases/Main/TestCaseReactMsgInDMs" status="PASSED">
         <system-out><![CDATA[2021-05-28 21:58:53 - [TEST_CASE][PASSED] - Test Cases/Main/TestCaseReactMsgInDMs: Test Cases/Main/TestCaseReactMsgInDMs

2021-05-28 21:58:55 - [TEST_STEP][PASSED] - callTestCase(findTestCase("PreCondition/Login"), [:], STOP_ON_FAILURE): Call Test Case 'Test Cases/PreCondition/Login' successfully

2021-05-28 21:58:55 - [TEST_CASE][PASSED] - Test Cases/PreCondition/Login: Test Cases/PreCondition/Login

2021-05-28 21:58:55 - [TEST_STEP][PASSED] - openBrowser(""): Browser is opened with url: ''

2021-05-28 21:58:55 - [MESSAGE][WARNING] - A browser is already opened. Closing browser and opening a new one

2021-05-28 21:58:55 - [MESSAGE][INFO] - Starting 'Chrome' driver

2021-05-28 21:58:55 - [MESSAGE][INFO] - Action delay is set to 0 milliseconds

2021-05-28 21:58:57 - [MESSAGE][PASSED] - Browser is opened with url: ''

2021-05-28 21:58:57 - [TEST_STEP][PASSED] - navigateToUrl("https://cdnc-group2.herokuapp.com/"): Navigate to 'https://cdnc-group2.herokuapp.com/' successfully

2021-05-28 21:59:02 - [MESSAGE][PASSED] - Navigate to 'https://cdnc-group2.herokuapp.com/' successfully

2021-05-28 21:59:02 - [TEST_STEP][PASSED] - setText(findTestObject("Object Repository/Login/Page_Mattermost/input_All team communication in one place, _dcc84b"), "ngoctin040999@gmail.com"): Text 'ngoctin040999@gmail.com' is set on object 'Object Repository/Login/Page_Mattermost/input_All team communication in one place, _dcc84b'

2021-05-28 21:59:07 - [MESSAGE][PASSED] - Text 'ngoctin040999@gmail.com' is set on object 'Object Repository/Login/Page_Mattermost/input_All team communication in one place, _dcc84b'

2021-05-28 21:59:07 - [TEST_STEP][PASSED] - setEncryptedText(findTestObject("Object Repository/Login/Page_Mattermost/input_All team communication in one place, _a3edc6"), "S8w1SJvl7D1hts9IdMV+NQ=="): Text ****** has been set on object 'Object Repository/Login/Page_Mattermost/input_All team communication in one place, _a3edc6'

2021-05-28 21:59:08 - [MESSAGE][PASSED] - Text ****** has been set on object 'Object Repository/Login/Page_Mattermost/input_All team communication in one place, _a3edc6'

2021-05-28 21:59:08 - [TEST_STEP][PASSED] - click(findTestObject("Object Repository/Login/Page_Mattermost/button_Sign in")): Object: 'Object Repository/Login/Page_Mattermost/button_Sign in' is clicked on

2021-05-28 21:59:08 - [MESSAGE][PASSED] - Object: 'Object Repository/Login/Page_Mattermost/button_Sign in' is clicked on

2021-05-28 21:59:08 - [MESSAGE][PASSED] - Call Test Case 'Test Cases/PreCondition/Login' successfully

2021-05-28 21:59:08 - [TEST_STEP][PASSED] - click(findTestObject("Object Repository/ReactMsgInDMs/Page_Town Square - 123 Mattermost/span_test1")): Object: 'Object Repository/ReactMsgInDMs/Page_Town Square - 123 Mattermost/span_test1' is clicked on

2021-05-28 21:59:12 - [MESSAGE][PASSED] - Object: 'Object Repository/ReactMsgInDMs/Page_Town Square - 123 Mattermost/span_test1' is clicked on

2021-05-28 21:59:12 - [TEST_STEP][PASSED] - pMsg = findTestObject("Object Repository/ReactMsgInDMs/Page_test1 - 123 Mattermost/div_ngoctin02806203 PMedited3(edited)1"): null

2021-05-28 21:59:12 - [TEST_STEP][PASSED] - btnReact = findTestObject("Object Repository/ReactMsgInDMs/Page_test1 - 123 Mattermost/button_ngoctin02806_CENTER_reaction_1fktzgahk3rq8cbwgejm8twfpr"): null

2021-05-28 21:59:12 - [TEST_STEP][PASSED] - selectedEmotion = findTestObject("Object Repository/ReactMsgInDMs/Page_test1 - 123 Mattermost/img_People_emoji-1f601"): null

2021-05-28 21:59:13 - [TEST_STEP][PASSED] - if (pMsg != null && btnReact != null && selectedEmotion != null): Object: 'Object Repository/ReactMsgInDMs/Page_test1 - 123 Mattermost/img_People_emoji-1f601' is clicked on

2021-05-28 21:59:13 - [TEST_STEP][PASSED] - mouseOver(pMsg): Object: 'Object Repository/ReactMsgInDMs/Page_test1 - 123 Mattermost/div_ngoctin02806203 PMedited3(edited)1' is hovered

2021-05-28 21:59:14 - [MESSAGE][PASSED] - Object: 'Object Repository/ReactMsgInDMs/Page_test1 - 123 Mattermost/div_ngoctin02806203 PMedited3(edited)1' is hovered

2021-05-28 21:59:14 - [TEST_STEP][PASSED] - click(btnReact): Object: 'Object Repository/ReactMsgInDMs/Page_test1 - 123 Mattermost/button_ngoctin02806_CENTER_reaction_1fktzgahk3rq8cbwgejm8twfpr' is clicked on

2021-05-28 21:59:15 - [MESSAGE][PASSED] - Object: 'Object Repository/ReactMsgInDMs/Page_test1 - 123 Mattermost/button_ngoctin02806_CENTER_reaction_1fktzgahk3rq8cbwgejm8twfpr' is clicked on

2021-05-28 21:59:15 - [TEST_STEP][PASSED] - click(selectedEmotion): Object: 'Object Repository/ReactMsgInDMs/Page_test1 - 123 Mattermost/img_People_emoji-1f601' is clicked on

2021-05-28 21:59:17 - [MESSAGE][PASSED] - Object: 'Object Repository/ReactMsgInDMs/Page_test1 - 123 Mattermost/img_People_emoji-1f601' is clicked on]]></system-out>
         <system-err><![CDATA[]]></system-err>
      </testcase>
      <testcase name="Test Cases/Main/TestCaseReplyMsgInDMs" time="24.235" classname="Test Cases/Main/TestCaseReplyMsgInDMs" status="PASSED">
         <system-out><![CDATA[2021-05-28 21:59:17 - [TEST_CASE][PASSED] - Test Cases/Main/TestCaseReplyMsgInDMs: Test Cases/Main/TestCaseReplyMsgInDMs

2021-05-28 21:59:17 - [TEST_STEP][PASSED] - callTestCase(findTestCase("PreCondition/Login"), [:], STOP_ON_FAILURE): Call Test Case 'Test Cases/PreCondition/Login' successfully

2021-05-28 21:59:17 - [TEST_CASE][PASSED] - Test Cases/PreCondition/Login: Test Cases/PreCondition/Login

2021-05-28 21:59:17 - [TEST_STEP][PASSED] - openBrowser(""): Browser is opened with url: ''

2021-05-28 21:59:17 - [MESSAGE][WARNING] - A browser is already opened. Closing browser and opening a new one

2021-05-28 21:59:18 - [MESSAGE][INFO] - Starting 'Chrome' driver

2021-05-28 21:59:18 - [MESSAGE][INFO] - Action delay is set to 0 milliseconds

2021-05-28 21:59:20 - [MESSAGE][PASSED] - Browser is opened with url: ''

2021-05-28 21:59:20 - [TEST_STEP][PASSED] - navigateToUrl("https://cdnc-group2.herokuapp.com/"): Navigate to 'https://cdnc-group2.herokuapp.com/' successfully

2021-05-28 21:59:24 - [MESSAGE][PASSED] - Navigate to 'https://cdnc-group2.herokuapp.com/' successfully

2021-05-28 21:59:24 - [TEST_STEP][PASSED] - setText(findTestObject("Object Repository/Login/Page_Mattermost/input_All team communication in one place, _dcc84b"), "ngoctin040999@gmail.com"): Text 'ngoctin040999@gmail.com' is set on object 'Object Repository/Login/Page_Mattermost/input_All team communication in one place, _dcc84b'

2021-05-28 21:59:29 - [MESSAGE][PASSED] - Text 'ngoctin040999@gmail.com' is set on object 'Object Repository/Login/Page_Mattermost/input_All team communication in one place, _dcc84b'

2021-05-28 21:59:29 - [TEST_STEP][PASSED] - setEncryptedText(findTestObject("Object Repository/Login/Page_Mattermost/input_All team communication in one place, _a3edc6"), "S8w1SJvl7D1hts9IdMV+NQ=="): Text ****** has been set on object 'Object Repository/Login/Page_Mattermost/input_All team communication in one place, _a3edc6'

2021-05-28 21:59:30 - [MESSAGE][PASSED] - Text ****** has been set on object 'Object Repository/Login/Page_Mattermost/input_All team communication in one place, _a3edc6'

2021-05-28 21:59:30 - [TEST_STEP][PASSED] - click(findTestObject("Object Repository/Login/Page_Mattermost/button_Sign in")): Object: 'Object Repository/Login/Page_Mattermost/button_Sign in' is clicked on

2021-05-28 21:59:31 - [MESSAGE][PASSED] - Object: 'Object Repository/Login/Page_Mattermost/button_Sign in' is clicked on

2021-05-28 21:59:31 - [MESSAGE][PASSED] - Call Test Case 'Test Cases/PreCondition/Login' successfully

2021-05-28 21:59:31 - [TEST_STEP][PASSED] - click(findTestObject("Object Repository/ReplyMsgInDMs/Page_Town Square - 123 Mattermost/span_test1")): Object: 'Object Repository/ReplyMsgInDMs/Page_Town Square - 123 Mattermost/span_test1' is clicked on

2021-05-28 21:59:35 - [MESSAGE][PASSED] - Object: 'Object Repository/ReplyMsgInDMs/Page_Town Square - 123 Mattermost/span_test1' is clicked on

2021-05-28 21:59:35 - [TEST_STEP][PASSED] - divReceiver = findTestObject("Object Repository/ReplyMsgInDMs/Page_test1 - TOKEN_UPDATED Mattermost/a_test1"): null

2021-05-28 21:59:35 - [TEST_STEP][PASSED] - divMsg = findTestObject("Object Repository/ReplyMsgInDMs/Page_test1 - TOKEN_UPDATED Mattermost/div_ngoctin12345533 PMhello you"): null

2021-05-28 21:59:35 - [TEST_STEP][PASSED] - btnReply = findTestObject("Object Repository/ReplyMsgInDMs/Page_test1 - TOKEN_UPDATED Mattermost/button_ngoctin12345_CENTER_commentIcon_5kpue6mexpfe8qwpf5u4gdp97e"): null

2021-05-28 21:59:35 - [TEST_STEP][PASSED] - inputReply = findTestObject("Object Repository/ReplyMsgInDMs/Page_test1 - TOKEN_UPDATED Mattermost/textarea_123"): null

2021-05-28 21:59:35 - [TEST_STEP][PASSED] - btnSubmitReply = findTestObject("Object Repository/ReplyMsgInDMs/Page_test1 - TOKEN_UPDATED Mattermost/input_Help_addCommentButton"): null

2021-05-28 21:59:36 - [TEST_STEP][PASSED] - if (divReceiver != null && divMsg != null && btnReply != null && inputReply != null && btnSubmitReply != null): Object: 'Object Repository/ReplyMsgInDMs/Page_test1 - TOKEN_UPDATED Mattermost/input_Help_addCommentButton' is clicked on

2021-05-28 21:59:36 - [TEST_STEP][PASSED] - click(divReceiver): Object: 'Object Repository/ReplyMsgInDMs/Page_test1 - TOKEN_UPDATED Mattermost/a_test1' is clicked on

2021-05-28 21:59:37 - [MESSAGE][PASSED] - Object: 'Object Repository/ReplyMsgInDMs/Page_test1 - TOKEN_UPDATED Mattermost/a_test1' is clicked on

2021-05-28 21:59:37 - [TEST_STEP][PASSED] - mouseOver(divMsg): Object: 'Object Repository/ReplyMsgInDMs/Page_test1 - TOKEN_UPDATED Mattermost/div_ngoctin12345533 PMhello you' is hovered

2021-05-28 21:59:38 - [MESSAGE][PASSED] - Object: 'Object Repository/ReplyMsgInDMs/Page_test1 - TOKEN_UPDATED Mattermost/div_ngoctin12345533 PMhello you' is hovered

2021-05-28 21:59:38 - [TEST_STEP][PASSED] - click(btnReply): Object: 'Object Repository/ReplyMsgInDMs/Page_test1 - TOKEN_UPDATED Mattermost/button_ngoctin12345_CENTER_commentIcon_5kpue6mexpfe8qwpf5u4gdp97e' is clicked on

2021-05-28 21:59:38 - [MESSAGE][PASSED] - Object: 'Object Repository/ReplyMsgInDMs/Page_test1 - TOKEN_UPDATED Mattermost/button_ngoctin12345_CENTER_commentIcon_5kpue6mexpfe8qwpf5u4gdp97e' is clicked on

2021-05-28 21:59:38 - [TEST_STEP][PASSED] - setText(inputReply, "reply 123"): Text 'reply 123' is set on object 'Object Repository/ReplyMsgInDMs/Page_test1 - TOKEN_UPDATED Mattermost/textarea_123'

2021-05-28 21:59:40 - [MESSAGE][PASSED] - Text 'reply 123' is set on object 'Object Repository/ReplyMsgInDMs/Page_test1 - TOKEN_UPDATED Mattermost/textarea_123'

2021-05-28 21:59:40 - [TEST_STEP][PASSED] - click(btnSubmitReply): Object: 'Object Repository/ReplyMsgInDMs/Page_test1 - TOKEN_UPDATED Mattermost/input_Help_addCommentButton' is clicked on

2021-05-28 21:59:41 - [MESSAGE][PASSED] - Object: 'Object Repository/ReplyMsgInDMs/Page_test1 - TOKEN_UPDATED Mattermost/input_Help_addCommentButton' is clicked on]]></system-out>
         <system-err><![CDATA[]]></system-err>
      </testcase>
      <testcase name="Test Cases/Main/TestCaseSaveMsgInDMs" time="20.816" classname="Test Cases/Main/TestCaseSaveMsgInDMs" status="PASSED">
         <system-out><![CDATA[2021-05-28 21:59:41 - [TEST_CASE][PASSED] - Test Cases/Main/TestCaseSaveMsgInDMs: Test Cases/Main/TestCaseSaveMsgInDMs

2021-05-28 21:59:42 - [TEST_STEP][PASSED] - callTestCase(findTestCase("PreCondition/Login"), [:], STOP_ON_FAILURE): Call Test Case 'Test Cases/PreCondition/Login' successfully

2021-05-28 21:59:42 - [TEST_CASE][PASSED] - Test Cases/PreCondition/Login: Test Cases/PreCondition/Login

2021-05-28 21:59:42 - [TEST_STEP][PASSED] - openBrowser(""): Browser is opened with url: ''

2021-05-28 21:59:42 - [MESSAGE][WARNING] - A browser is already opened. Closing browser and opening a new one

2021-05-28 21:59:43 - [MESSAGE][INFO] - Starting 'Chrome' driver

2021-05-28 21:59:43 - [MESSAGE][INFO] - Action delay is set to 0 milliseconds

2021-05-28 21:59:45 - [MESSAGE][PASSED] - Browser is opened with url: ''

2021-05-28 21:59:45 - [TEST_STEP][PASSED] - navigateToUrl("https://cdnc-group2.herokuapp.com/"): Navigate to 'https://cdnc-group2.herokuapp.com/' successfully

2021-05-28 21:59:49 - [MESSAGE][PASSED] - Navigate to 'https://cdnc-group2.herokuapp.com/' successfully

2021-05-28 21:59:49 - [TEST_STEP][PASSED] - setText(findTestObject("Object Repository/Login/Page_Mattermost/input_All team communication in one place, _dcc84b"), "ngoctin040999@gmail.com"): Text 'ngoctin040999@gmail.com' is set on object 'Object Repository/Login/Page_Mattermost/input_All team communication in one place, _dcc84b'

2021-05-28 21:59:53 - [MESSAGE][PASSED] - Text 'ngoctin040999@gmail.com' is set on object 'Object Repository/Login/Page_Mattermost/input_All team communication in one place, _dcc84b'

2021-05-28 21:59:53 - [TEST_STEP][PASSED] - setEncryptedText(findTestObject("Object Repository/Login/Page_Mattermost/input_All team communication in one place, _a3edc6"), "S8w1SJvl7D1hts9IdMV+NQ=="): Text ****** has been set on object 'Object Repository/Login/Page_Mattermost/input_All team communication in one place, _a3edc6'

2021-05-28 21:59:54 - [MESSAGE][PASSED] - Text ****** has been set on object 'Object Repository/Login/Page_Mattermost/input_All team communication in one place, _a3edc6'

2021-05-28 21:59:54 - [TEST_STEP][PASSED] - click(findTestObject("Object Repository/Login/Page_Mattermost/button_Sign in")): Object: 'Object Repository/Login/Page_Mattermost/button_Sign in' is clicked on

2021-05-28 21:59:55 - [MESSAGE][PASSED] - Object: 'Object Repository/Login/Page_Mattermost/button_Sign in' is clicked on

2021-05-28 21:59:55 - [MESSAGE][PASSED] - Call Test Case 'Test Cases/PreCondition/Login' successfully

2021-05-28 21:59:55 - [TEST_STEP][PASSED] - click(findTestObject("Object Repository/SaveMsgInDMs/Page_Town Square - 123 Mattermost/span_test1")): Object: 'Object Repository/SaveMsgInDMs/Page_Town Square - 123 Mattermost/span_test1' is clicked on

2021-05-28 21:59:58 - [MESSAGE][PASSED] - Object: 'Object Repository/SaveMsgInDMs/Page_Town Square - 123 Mattermost/span_test1' is clicked on

2021-05-28 21:59:58 - [TEST_STEP][PASSED] - pMsg = findTestObject("Object Repository/SaveMsgInDMs/Page_test1 - 123 Mattermost/div_ngoctin02806203 PMedited3(edited)11"): null

2021-05-28 21:59:59 - [TEST_STEP][PASSED] - btnSave = findTestObject("Object Repository/SaveMsgInDMs/Page_test1 - 123 Mattermost/button_ngoctin02806_CENTER_flagIcon_1fktzgahk3rq8cbwgejm8twfpr"): null

2021-05-28 21:59:59 - [TEST_STEP][PASSED] - if (pMsg != null && btnSave != null): Object: 'Object Repository/SaveMsgInDMs/Page_test1 - 123 Mattermost/button_ngoctin02806_CENTER_flagIcon_1fktzgahk3rq8cbwgejm8twfpr' is clicked on

2021-05-28 21:59:59 - [TEST_STEP][PASSED] - mouseOver(pMsg): Object: 'Object Repository/SaveMsgInDMs/Page_test1 - 123 Mattermost/div_ngoctin02806203 PMedited3(edited)11' is hovered

2021-05-28 22:00:01 - [MESSAGE][PASSED] - Object: 'Object Repository/SaveMsgInDMs/Page_test1 - 123 Mattermost/div_ngoctin02806203 PMedited3(edited)11' is hovered

2021-05-28 22:00:01 - [TEST_STEP][PASSED] - click(btnSave): Object: 'Object Repository/SaveMsgInDMs/Page_test1 - 123 Mattermost/button_ngoctin02806_CENTER_flagIcon_1fktzgahk3rq8cbwgejm8twfpr' is clicked on

2021-05-28 22:00:02 - [MESSAGE][PASSED] - Object: 'Object Repository/SaveMsgInDMs/Page_test1 - 123 Mattermost/button_ngoctin02806_CENTER_flagIcon_1fktzgahk3rq8cbwgejm8twfpr' is clicked on]]></system-out>
         <system-err><![CDATA[]]></system-err>
      </testcase>
      <testcase name="Test Cases/ForgetPassword" time="16.368" classname="Test Cases/ForgetPassword" status="PASSED">
         <system-out><![CDATA[2021-05-28 22:00:02 - [TEST_CASE][PASSED] - Test Cases/ForgetPassword: Test Cases/ForgetPassword

2021-05-28 22:00:02 - [TEST_STEP][PASSED] - openBrowser(""): Browser is opened with url: ''

2021-05-28 22:00:02 - [MESSAGE][WARNING] - A browser is already opened. Closing browser and opening a new one

2021-05-28 22:00:03 - [MESSAGE][INFO] - Starting 'Chrome' driver

2021-05-28 22:00:03 - [MESSAGE][INFO] - Action delay is set to 0 milliseconds

2021-05-28 22:00:05 - [MESSAGE][PASSED] - Browser is opened with url: ''

2021-05-28 22:00:05 - [TEST_STEP][PASSED] - navigateToUrl("https://cdnc-group2.herokuapp.com/"): Navigate to 'https://cdnc-group2.herokuapp.com/' successfully

2021-05-28 22:00:09 - [MESSAGE][PASSED] - Navigate to 'https://cdnc-group2.herokuapp.com/' successfully

2021-05-28 22:00:09 - [TEST_STEP][PASSED] - click(findTestObject("Object Repository/ForgetPassword_Mattermost_OR/span_I forgot my password")): Object: 'Object Repository/ForgetPassword_Mattermost_OR/span_I forgot my password' is clicked on

2021-05-28 22:00:14 - [MESSAGE][PASSED] - Object: 'Object Repository/ForgetPassword_Mattermost_OR/span_I forgot my password' is clicked on

2021-05-28 22:00:14 - [TEST_STEP][PASSED] - setText(findTestObject("Object Repository/ForgetPassword_Mattermost_OR/input_To reset your password, enter the email address you used to sign up_email"), "ngoctin040999@gmail.com"): Text 'ngoctin040999@gmail.com' is set on object 'Object Repository/ForgetPassword_Mattermost_OR/input_To reset your password, enter the email address you used to sign up_email'

2021-05-28 22:00:15 - [MESSAGE][PASSED] - Text 'ngoctin040999@gmail.com' is set on object 'Object Repository/ForgetPassword_Mattermost_OR/input_To reset your password, enter the email address you used to sign up_email'

2021-05-28 22:00:15 - [TEST_STEP][PASSED] - click(findTestObject("Object Repository/ForgetPassword_Mattermost_OR/button_Reset my password")): Object: 'Object Repository/ForgetPassword_Mattermost_OR/button_Reset my password' is clicked on

2021-05-28 22:00:16 - [MESSAGE][PASSED] - Object: 'Object Repository/ForgetPassword_Mattermost_OR/button_Reset my password' is clicked on

2021-05-28 22:00:16 - [TEST_STEP][PASSED] - verifyElementPresent(findTestObject("Object Repository/ForgetPassword_Mattermost_OR/label_Failed to send password reset email successfully"), 1000): Object 'Object Repository/ForgetPassword_Mattermost_OR/label_Failed to send password reset email successfully' is present

2021-05-28 22:00:17 - [MESSAGE][PASSED] - Object 'Object Repository/ForgetPassword_Mattermost_OR/label_Failed to send password reset email successfully' is present

2021-05-28 22:00:17 - [TEST_STEP][PASSED] - closeBrowser(): Browser is closed

2021-05-28 22:00:18 - [MESSAGE][PASSED] - Browser is closed]]></system-out>
         <system-err><![CDATA[]]></system-err>
      </testcase>
      <testcase name="Test Cases/ForgetPassword" time="12.927" classname="Test Cases/ForgetPassword" status="PASSED">
         <system-out><![CDATA[2021-05-28 22:00:18 - [TEST_CASE][PASSED] - Test Cases/ForgetPassword: Test Cases/ForgetPassword

2021-05-28 22:00:18 - [TEST_STEP][PASSED] - openBrowser(""): Browser is opened with url: ''

2021-05-28 22:00:18 - [MESSAGE][INFO] - Starting 'Chrome' driver

2021-05-28 22:00:18 - [MESSAGE][INFO] - Action delay is set to 0 milliseconds

2021-05-28 22:00:20 - [MESSAGE][PASSED] - Browser is opened with url: ''

2021-05-28 22:00:20 - [TEST_STEP][PASSED] - navigateToUrl("https://cdnc-group2.herokuapp.com/"): Navigate to 'https://cdnc-group2.herokuapp.com/' successfully

2021-05-28 22:00:24 - [MESSAGE][PASSED] - Navigate to 'https://cdnc-group2.herokuapp.com/' successfully

2021-05-28 22:00:24 - [TEST_STEP][PASSED] - click(findTestObject("Object Repository/ForgetPassword_Mattermost_OR/span_I forgot my password")): Object: 'Object Repository/ForgetPassword_Mattermost_OR/span_I forgot my password' is clicked on

2021-05-28 22:00:27 - [MESSAGE][PASSED] - Object: 'Object Repository/ForgetPassword_Mattermost_OR/span_I forgot my password' is clicked on

2021-05-28 22:00:27 - [TEST_STEP][PASSED] - setText(findTestObject("Object Repository/ForgetPassword_Mattermost_OR/input_To reset your password, enter the email address you used to sign up_email"), "ngoctin040999@gmail.com"): Text 'ngoctin040999@gmail.com' is set on object 'Object Repository/ForgetPassword_Mattermost_OR/input_To reset your password, enter the email address you used to sign up_email'

2021-05-28 22:00:28 - [MESSAGE][PASSED] - Text 'ngoctin040999@gmail.com' is set on object 'Object Repository/ForgetPassword_Mattermost_OR/input_To reset your password, enter the email address you used to sign up_email'

2021-05-28 22:00:28 - [TEST_STEP][PASSED] - click(findTestObject("Object Repository/ForgetPassword_Mattermost_OR/button_Reset my password")): Object: 'Object Repository/ForgetPassword_Mattermost_OR/button_Reset my password' is clicked on

2021-05-28 22:00:29 - [MESSAGE][PASSED] - Object: 'Object Repository/ForgetPassword_Mattermost_OR/button_Reset my password' is clicked on

2021-05-28 22:00:29 - [TEST_STEP][PASSED] - verifyElementPresent(findTestObject("Object Repository/ForgetPassword_Mattermost_OR/label_Failed to send password reset email successfully"), 1000): Object 'Object Repository/ForgetPassword_Mattermost_OR/label_Failed to send password reset email successfully' is present

2021-05-28 22:00:30 - [MESSAGE][PASSED] - Object 'Object Repository/ForgetPassword_Mattermost_OR/label_Failed to send password reset email successfully' is present

2021-05-28 22:00:30 - [TEST_STEP][PASSED] - closeBrowser(): Browser is closed

2021-05-28 22:00:31 - [MESSAGE][PASSED] - Browser is closed]]></system-out>
         <system-err><![CDATA[]]></system-err>
      </testcase>
      <testcase name="Test Cases/ForgetPassword" time="15.44" classname="Test Cases/ForgetPassword" status="PASSED">
         <system-out><![CDATA[2021-05-28 22:00:31 - [TEST_CASE][PASSED] - Test Cases/ForgetPassword: Test Cases/ForgetPassword

2021-05-28 22:00:31 - [TEST_STEP][PASSED] - openBrowser(""): Browser is opened with url: ''

2021-05-28 22:00:31 - [MESSAGE][INFO] - Starting 'Chrome' driver

2021-05-28 22:00:31 - [MESSAGE][INFO] - Action delay is set to 0 milliseconds

2021-05-28 22:00:33 - [MESSAGE][PASSED] - Browser is opened with url: ''

2021-05-28 22:00:33 - [TEST_STEP][PASSED] - navigateToUrl("https://cdnc-group2.herokuapp.com/"): Navigate to 'https://cdnc-group2.herokuapp.com/' successfully

2021-05-28 22:00:37 - [MESSAGE][PASSED] - Navigate to 'https://cdnc-group2.herokuapp.com/' successfully

2021-05-28 22:00:37 - [TEST_STEP][PASSED] - click(findTestObject("Object Repository/ForgetPassword_Mattermost_OR/span_I forgot my password")): Object: 'Object Repository/ForgetPassword_Mattermost_OR/span_I forgot my password' is clicked on

2021-05-28 22:00:42 - [MESSAGE][PASSED] - Object: 'Object Repository/ForgetPassword_Mattermost_OR/span_I forgot my password' is clicked on

2021-05-28 22:00:42 - [TEST_STEP][PASSED] - setText(findTestObject("Object Repository/ForgetPassword_Mattermost_OR/input_To reset your password, enter the email address you used to sign up_email"), "ngoctin040999@gmail.com"): Text 'ngoctin040999@gmail.com' is set on object 'Object Repository/ForgetPassword_Mattermost_OR/input_To reset your password, enter the email address you used to sign up_email'

2021-05-28 22:00:43 - [MESSAGE][PASSED] - Text 'ngoctin040999@gmail.com' is set on object 'Object Repository/ForgetPassword_Mattermost_OR/input_To reset your password, enter the email address you used to sign up_email'

2021-05-28 22:00:43 - [TEST_STEP][PASSED] - click(findTestObject("Object Repository/ForgetPassword_Mattermost_OR/button_Reset my password")): Object: 'Object Repository/ForgetPassword_Mattermost_OR/button_Reset my password' is clicked on

2021-05-28 22:00:44 - [MESSAGE][PASSED] - Object: 'Object Repository/ForgetPassword_Mattermost_OR/button_Reset my password' is clicked on

2021-05-28 22:00:44 - [TEST_STEP][PASSED] - verifyElementPresent(findTestObject("Object Repository/ForgetPassword_Mattermost_OR/label_Failed to send password reset email successfully"), 1000): Object 'Object Repository/ForgetPassword_Mattermost_OR/label_Failed to send password reset email successfully' is present

2021-05-28 22:00:45 - [MESSAGE][PASSED] - Object 'Object Repository/ForgetPassword_Mattermost_OR/label_Failed to send password reset email successfully' is present

2021-05-28 22:00:45 - [TEST_STEP][PASSED] - closeBrowser(): Browser is closed

2021-05-28 22:00:46 - [MESSAGE][PASSED] - Browser is closed]]></system-out>
         <system-err><![CDATA[]]></system-err>
      </testcase>
      <testcase name="Test Cases/ForgetPassword" time="13.888" classname="Test Cases/ForgetPassword" status="PASSED">
         <system-out><![CDATA[2021-05-28 22:00:47 - [TEST_CASE][PASSED] - Test Cases/ForgetPassword: Test Cases/ForgetPassword

2021-05-28 22:00:47 - [TEST_STEP][PASSED] - openBrowser(""): Browser is opened with url: ''

2021-05-28 22:00:47 - [MESSAGE][INFO] - Starting 'Chrome' driver

2021-05-28 22:00:47 - [MESSAGE][INFO] - Action delay is set to 0 milliseconds

2021-05-28 22:00:48 - [MESSAGE][PASSED] - Browser is opened with url: ''

2021-05-28 22:00:48 - [TEST_STEP][PASSED] - navigateToUrl("https://cdnc-group2.herokuapp.com/"): Navigate to 'https://cdnc-group2.herokuapp.com/' successfully

2021-05-28 22:00:52 - [MESSAGE][PASSED] - Navigate to 'https://cdnc-group2.herokuapp.com/' successfully

2021-05-28 22:00:52 - [TEST_STEP][PASSED] - click(findTestObject("Object Repository/ForgetPassword_Mattermost_OR/span_I forgot my password")): Object: 'Object Repository/ForgetPassword_Mattermost_OR/span_I forgot my password' is clicked on

2021-05-28 22:00:57 - [MESSAGE][PASSED] - Object: 'Object Repository/ForgetPassword_Mattermost_OR/span_I forgot my password' is clicked on

2021-05-28 22:00:57 - [TEST_STEP][PASSED] - setText(findTestObject("Object Repository/ForgetPassword_Mattermost_OR/input_To reset your password, enter the email address you used to sign up_email"), "ngoctin040999@gmail.com"): Text 'ngoctin040999@gmail.com' is set on object 'Object Repository/ForgetPassword_Mattermost_OR/input_To reset your password, enter the email address you used to sign up_email'

2021-05-28 22:00:58 - [MESSAGE][PASSED] - Text 'ngoctin040999@gmail.com' is set on object 'Object Repository/ForgetPassword_Mattermost_OR/input_To reset your password, enter the email address you used to sign up_email'

2021-05-28 22:00:58 - [TEST_STEP][PASSED] - click(findTestObject("Object Repository/ForgetPassword_Mattermost_OR/button_Reset my password")): Object: 'Object Repository/ForgetPassword_Mattermost_OR/button_Reset my password' is clicked on

2021-05-28 22:00:58 - [MESSAGE][PASSED] - Object: 'Object Repository/ForgetPassword_Mattermost_OR/button_Reset my password' is clicked on

2021-05-28 22:00:58 - [TEST_STEP][PASSED] - verifyElementPresent(findTestObject("Object Repository/ForgetPassword_Mattermost_OR/label_Failed to send password reset email successfully"), 1000): Object 'Object Repository/ForgetPassword_Mattermost_OR/label_Failed to send password reset email successfully' is present

2021-05-28 22:00:59 - [MESSAGE][PASSED] - Object 'Object Repository/ForgetPassword_Mattermost_OR/label_Failed to send password reset email successfully' is present

2021-05-28 22:00:59 - [TEST_STEP][PASSED] - closeBrowser(): Browser is closed

2021-05-28 22:01:00 - [MESSAGE][PASSED] - Browser is closed]]></system-out>
         <system-err><![CDATA[]]></system-err>
      </testcase>
      <testcase name="Test Cases/ForgetPassword" time="14.679" classname="Test Cases/ForgetPassword" status="PASSED">
         <system-out><![CDATA[2021-05-28 22:01:00 - [TEST_CASE][PASSED] - Test Cases/ForgetPassword: Test Cases/ForgetPassword

2021-05-28 22:01:00 - [TEST_STEP][PASSED] - openBrowser(""): Browser is opened with url: ''

2021-05-28 22:01:00 - [MESSAGE][INFO] - Starting 'Chrome' driver

2021-05-28 22:01:00 - [MESSAGE][INFO] - Action delay is set to 0 milliseconds

2021-05-28 22:01:02 - [MESSAGE][PASSED] - Browser is opened with url: ''

2021-05-28 22:01:02 - [TEST_STEP][PASSED] - navigateToUrl("https://cdnc-group2.herokuapp.com/"): Navigate to 'https://cdnc-group2.herokuapp.com/' successfully

2021-05-28 22:01:07 - [MESSAGE][PASSED] - Navigate to 'https://cdnc-group2.herokuapp.com/' successfully

2021-05-28 22:01:07 - [TEST_STEP][PASSED] - click(findTestObject("Object Repository/ForgetPassword_Mattermost_OR/span_I forgot my password")): Object: 'Object Repository/ForgetPassword_Mattermost_OR/span_I forgot my password' is clicked on

2021-05-28 22:01:11 - [MESSAGE][PASSED] - Object: 'Object Repository/ForgetPassword_Mattermost_OR/span_I forgot my password' is clicked on

2021-05-28 22:01:11 - [TEST_STEP][PASSED] - setText(findTestObject("Object Repository/ForgetPassword_Mattermost_OR/input_To reset your password, enter the email address you used to sign up_email"), "ngoctin040999@gmail.com"): Text 'ngoctin040999@gmail.com' is set on object 'Object Repository/ForgetPassword_Mattermost_OR/input_To reset your password, enter the email address you used to sign up_email'

2021-05-28 22:01:13 - [MESSAGE][PASSED] - Text 'ngoctin040999@gmail.com' is set on object 'Object Repository/ForgetPassword_Mattermost_OR/input_To reset your password, enter the email address you used to sign up_email'

2021-05-28 22:01:13 - [TEST_STEP][PASSED] - click(findTestObject("Object Repository/ForgetPassword_Mattermost_OR/button_Reset my password")): Object: 'Object Repository/ForgetPassword_Mattermost_OR/button_Reset my password' is clicked on

2021-05-28 22:01:13 - [MESSAGE][PASSED] - Object: 'Object Repository/ForgetPassword_Mattermost_OR/button_Reset my password' is clicked on

2021-05-28 22:01:13 - [TEST_STEP][PASSED] - verifyElementPresent(findTestObject("Object Repository/ForgetPassword_Mattermost_OR/label_Failed to send password reset email successfully"), 1000): Object 'Object Repository/ForgetPassword_Mattermost_OR/label_Failed to send password reset email successfully' is present

2021-05-28 22:01:14 - [MESSAGE][PASSED] - Object 'Object Repository/ForgetPassword_Mattermost_OR/label_Failed to send password reset email successfully' is present

2021-05-28 22:01:14 - [TEST_STEP][PASSED] - closeBrowser(): Browser is closed

2021-05-28 22:01:15 - [MESSAGE][PASSED] - Browser is closed]]></system-out>
         <system-err><![CDATA[]]></system-err>
      </testcase>
      <testcase name="Test Cases/ForgetPassword" time="14.317" classname="Test Cases/ForgetPassword" status="PASSED">
         <system-out><![CDATA[2021-05-28 22:01:15 - [TEST_CASE][PASSED] - Test Cases/ForgetPassword: Test Cases/ForgetPassword

2021-05-28 22:01:15 - [TEST_STEP][PASSED] - openBrowser(""): Browser is opened with url: ''

2021-05-28 22:01:15 - [MESSAGE][INFO] - Starting 'Chrome' driver

2021-05-28 22:01:15 - [MESSAGE][INFO] - Action delay is set to 0 milliseconds

2021-05-28 22:01:17 - [MESSAGE][PASSED] - Browser is opened with url: ''

2021-05-28 22:01:17 - [TEST_STEP][PASSED] - navigateToUrl("https://cdnc-group2.herokuapp.com/"): Navigate to 'https://cdnc-group2.herokuapp.com/' successfully

2021-05-28 22:01:21 - [MESSAGE][PASSED] - Navigate to 'https://cdnc-group2.herokuapp.com/' successfully

2021-05-28 22:01:21 - [TEST_STEP][PASSED] - click(findTestObject("Object Repository/ForgetPassword_Mattermost_OR/span_I forgot my password")): Object: 'Object Repository/ForgetPassword_Mattermost_OR/span_I forgot my password' is clicked on

2021-05-28 22:01:25 - [MESSAGE][PASSED] - Object: 'Object Repository/ForgetPassword_Mattermost_OR/span_I forgot my password' is clicked on

2021-05-28 22:01:25 - [TEST_STEP][PASSED] - setText(findTestObject("Object Repository/ForgetPassword_Mattermost_OR/input_To reset your password, enter the email address you used to sign up_email"), "ngoctin040999@gmail.com"): Text 'ngoctin040999@gmail.com' is set on object 'Object Repository/ForgetPassword_Mattermost_OR/input_To reset your password, enter the email address you used to sign up_email'

2021-05-28 22:01:26 - [MESSAGE][PASSED] - Text 'ngoctin040999@gmail.com' is set on object 'Object Repository/ForgetPassword_Mattermost_OR/input_To reset your password, enter the email address you used to sign up_email'

2021-05-28 22:01:26 - [TEST_STEP][PASSED] - click(findTestObject("Object Repository/ForgetPassword_Mattermost_OR/button_Reset my password")): Object: 'Object Repository/ForgetPassword_Mattermost_OR/button_Reset my password' is clicked on

2021-05-28 22:01:27 - [MESSAGE][PASSED] - Object: 'Object Repository/ForgetPassword_Mattermost_OR/button_Reset my password' is clicked on

2021-05-28 22:01:27 - [TEST_STEP][PASSED] - verifyElementPresent(findTestObject("Object Repository/ForgetPassword_Mattermost_OR/label_Failed to send password reset email successfully"), 1000): Object 'Object Repository/ForgetPassword_Mattermost_OR/label_Failed to send password reset email successfully' is present

2021-05-28 22:01:28 - [MESSAGE][PASSED] - Object 'Object Repository/ForgetPassword_Mattermost_OR/label_Failed to send password reset email successfully' is present

2021-05-28 22:01:28 - [TEST_STEP][PASSED] - closeBrowser(): Browser is closed

2021-05-28 22:01:29 - [MESSAGE][PASSED] - Browser is closed]]></system-out>
         <system-err><![CDATA[]]></system-err>
      </testcase>
      <testcase name="Test Cases/DeleteMessage" time="142.013" classname="Test Cases/DeleteMessage" status="FAILED">
         <failure type="FAILED" message="Test Cases/DeleteMessage FAILED.
Reason:
com.kms.katalon.core.exception.StepFailedException: Unable to verify object 'Object Repository/DeleteMessage_OR/Page_Test 77777 - TOKEN_UPDATED Mattermost/span_Confirm Post Delete' is present
	at com.kms.katalon.core.webui.keyword.internal.WebUIKeywordMain.stepFailed(WebUIKeywordMain.groovy:64)
	at com.kms.katalon.core.webui.keyword.internal.WebUIKeywordMain.runKeyword(WebUIKeywordMain.groovy:26)
	at com.kms.katalon.core.webui.keyword.builtin.VerifyElementPresentKeyword.verifyElementPresent(VerifyElementPresentKeyword.groovy:92)
	at com.kms.katalon.core.webui.keyword.builtin.VerifyElementPresentKeyword.execute(VerifyElementPresentKeyword.groovy:68)
	at com.kms.katalon.core.keyword.internal.KeywordExecutor.executeKeywordForPlatform(KeywordExecutor.groovy:73)
	at com.kms.katalon.core.webui.keyword.WebUiBuiltInKeywords.verifyElementPresent(WebUiBuiltInKeywords.groovy:1463)
	at com.kms.katalon.core.webui.keyword.WebUiBuiltInKeywords$verifyElementPresent$6.call(Unknown Source)
	at DeleteMessage.run(DeleteMessage:41)
	at com.kms.katalon.core.main.ScriptEngine.run(ScriptEngine.java:194)
	at com.kms.katalon.core.main.ScriptEngine.runScriptAsRawText(ScriptEngine.java:119)
	at com.kms.katalon.core.main.TestCaseExecutor.runScript(TestCaseExecutor.java:398)
	at com.kms.katalon.core.main.TestCaseExecutor.doExecute(TestCaseExecutor.java:389)
	at com.kms.katalon.core.main.TestCaseExecutor.processExecutionPhase(TestCaseExecutor.java:368)
	at com.kms.katalon.core.main.TestCaseExecutor.accessMainPhase(TestCaseExecutor.java:360)
	at com.kms.katalon.core.main.TestCaseExecutor.execute(TestCaseExecutor.java:255)
	at com.kms.katalon.core.main.TestSuiteExecutor.accessTestCaseMainPhase(TestSuiteExecutor.java:203)
	at com.kms.katalon.core.main.TestSuiteExecutor.accessTestSuiteMainPhase(TestSuiteExecutor.java:152)
	at com.kms.katalon.core.main.TestSuiteExecutor.execute(TestSuiteExecutor.java:95)
	at com.kms.katalon.core.main.TestCaseMain.startTestSuite(TestCaseMain.java:157)
	at com.kms.katalon.core.main.TestCaseMain$startTestSuite$0.call(Unknown Source)
	at TempTestSuite1622212592997.run(TempTestSuite1622212592997.groovy:39)
Caused by: com.kms.katalon.core.exception.StepFailedException: com.kms.katalon.core.webui.exception.WebElementNotFoundException: Web element with id: 'Object Repository/DeleteMessage_OR/Page_Test 77777 - TOKEN_UPDATED Mattermost/span_Confirm Post Delete' located by '//h1[@id='deletePostModalLabel']/span' not found
	at com.kms.katalon.core.webui.keyword.internal.WebUIKeywordMain.stepFailed(WebUIKeywordMain.groovy:64)
	at com.kms.katalon.core.webui.keyword.builtin.VerifyElementPresentKeyword$_verifyElementPresent_closure1.doCall(VerifyElementPresentKeyword.groovy:85)
	at com.kms.katalon.core.webui.keyword.builtin.VerifyElementPresentKeyword$_verifyElementPresent_closure1.call(VerifyElementPresentKeyword.groovy)
	at com.kms.katalon.core.webui.keyword.internal.WebUIKeywordMain.runKeyword(WebUIKeywordMain.groovy:20)
	... 19 more
"/>
         <system-out><![CDATA[2021-05-28 22:01:29 - [TEST_CASE][FAILED] - Test Cases/DeleteMessage: Test Cases/DeleteMessage FAILED.
Reason:
com.kms.katalon.core.exception.StepFailedException: Unable to verify object 'Object Repository/DeleteMessage_OR/Page_Test 77777 - TOKEN_UPDATED Mattermost/span_Confirm Post Delete' is present
	at com.kms.katalon.core.webui.keyword.internal.WebUIKeywordMain.stepFailed(WebUIKeywordMain.groovy:64)
	at com.kms.katalon.core.webui.keyword.internal.WebUIKeywordMain.runKeyword(WebUIKeywordMain.groovy:26)
	at com.kms.katalon.core.webui.keyword.builtin.VerifyElementPresentKeyword.verifyElementPresent(VerifyElementPresentKeyword.groovy:92)
	at com.kms.katalon.core.webui.keyword.builtin.VerifyElementPresentKeyword.execute(VerifyElementPresentKeyword.groovy:68)
	at com.kms.katalon.core.keyword.internal.KeywordExecutor.executeKeywordForPlatform(KeywordExecutor.groovy:73)
	at com.kms.katalon.core.webui.keyword.WebUiBuiltInKeywords.verifyElementPresent(WebUiBuiltInKeywords.groovy:1463)
	at com.kms.katalon.core.webui.keyword.WebUiBuiltInKeywords$verifyElementPresent$6.call(Unknown Source)
	at DeleteMessage.run(DeleteMessage:41)
	at com.kms.katalon.core.main.ScriptEngine.run(ScriptEngine.java:194)
	at com.kms.katalon.core.main.ScriptEngine.runScriptAsRawText(ScriptEngine.java:119)
	at com.kms.katalon.core.main.TestCaseExecutor.runScript(TestCaseExecutor.java:398)
	at com.kms.katalon.core.main.TestCaseExecutor.doExecute(TestCaseExecutor.java:389)
	at com.kms.katalon.core.main.TestCaseExecutor.processExecutionPhase(TestCaseExecutor.java:368)
	at com.kms.katalon.core.main.TestCaseExecutor.accessMainPhase(TestCaseExecutor.java:360)
	at com.kms.katalon.core.main.TestCaseExecutor.execute(TestCaseExecutor.java:255)
	at com.kms.katalon.core.main.TestSuiteExecutor.accessTestCaseMainPhase(TestSuiteExecutor.java:203)
	at com.kms.katalon.core.main.TestSuiteExecutor.accessTestSuiteMainPhase(TestSuiteExecutor.java:152)
	at com.kms.katalon.core.main.TestSuiteExecutor.execute(TestSuiteExecutor.java:95)
	at com.kms.katalon.core.main.TestCaseMain.startTestSuite(TestCaseMain.java:157)
	at com.kms.katalon.core.main.TestCaseMain$startTestSuite$0.call(Unknown Source)
	at TempTestSuite1622212592997.run(TempTestSuite1622212592997.groovy:39)
Caused by: com.kms.katalon.core.exception.StepFailedException: com.kms.katalon.core.webui.exception.WebElementNotFoundException: Web element with id: 'Object Repository/DeleteMessage_OR/Page_Test 77777 - TOKEN_UPDATED Mattermost/span_Confirm Post Delete' located by '//h1[@id='deletePostModalLabel']/span' not found
	at com.kms.katalon.core.webui.keyword.internal.WebUIKeywordMain.stepFailed(WebUIKeywordMain.groovy:64)
	at com.kms.katalon.core.webui.keyword.builtin.VerifyElementPresentKeyword$_verifyElementPresent_closure1.doCall(VerifyElementPresentKeyword.groovy:85)
	at com.kms.katalon.core.webui.keyword.builtin.VerifyElementPresentKeyword$_verifyElementPresent_closure1.call(VerifyElementPresentKeyword.groovy)
	at com.kms.katalon.core.webui.keyword.internal.WebUIKeywordMain.runKeyword(WebUIKeywordMain.groovy:20)
	... 19 more


2021-05-28 22:01:30 - [TEST_STEP][PASSED] - openBrowser(""): Browser is opened with url: ''

2021-05-28 22:01:30 - [MESSAGE][INFO] - Starting 'Chrome' driver

2021-05-28 22:01:30 - [MESSAGE][INFO] - Action delay is set to 0 milliseconds

2021-05-28 22:01:32 - [MESSAGE][PASSED] - Browser is opened with url: ''

2021-05-28 22:01:32 - [TEST_STEP][PASSED] - navigateToUrl("https://cdnc-group2.herokuapp.com/login"): Navigate to 'https://cdnc-group2.herokuapp.com/login' successfully

2021-05-28 22:01:36 - [MESSAGE][PASSED] - Navigate to 'https://cdnc-group2.herokuapp.com/login' successfully

2021-05-28 22:01:36 - [TEST_STEP][PASSED] - setText(findTestObject("Object Repository/DeleteMessage_OR/Page_Mattermost/input_All team communication in one place, _dcc84b"), "ngoctin040999@gmail.com"): Text 'ngoctin040999@gmail.com' is set on object 'Object Repository/DeleteMessage_OR/Page_Mattermost/input_All team communication in one place, _dcc84b'

2021-05-28 22:01:41 - [MESSAGE][PASSED] - Text 'ngoctin040999@gmail.com' is set on object 'Object Repository/DeleteMessage_OR/Page_Mattermost/input_All team communication in one place, _dcc84b'

2021-05-28 22:01:41 - [TEST_STEP][PASSED] - setEncryptedText(findTestObject("Object Repository/DeleteMessage_OR/Page_Mattermost/input_All team communication in one place, _a3edc6"), "S8w1SJvl7D1hts9IdMV+NQ=="): Text ****** has been set on object 'Object Repository/DeleteMessage_OR/Page_Mattermost/input_All team communication in one place, _a3edc6'

2021-05-28 22:01:42 - [MESSAGE][PASSED] - Text ****** has been set on object 'Object Repository/DeleteMessage_OR/Page_Mattermost/input_All team communication in one place, _a3edc6'

2021-05-28 22:01:42 - [TEST_STEP][PASSED] - sendKeys(findTestObject("Object Repository/DeleteMessage_OR/Page_Mattermost/input_All team communication in one place, _a3edc6"), Keys.chord(ENTER)): Keys 'ENTER + ' sent to object: 'Object Repository/DeleteMessage_OR/Page_Mattermost/input_All team communication in one place, _a3edc6'

2021-05-28 22:01:43 - [MESSAGE][PASSED] - Keys 'ENTER + ' sent to object: 'Object Repository/DeleteMessage_OR/Page_Mattermost/input_All team communication in one place, _a3edc6'

2021-05-28 22:01:43 - [TEST_STEP][PASSED] - click(findTestObject("Object Repository/DeleteMessage_OR/Page_Town Square - TOKEN_UPDATED Mattermost/span_Test 77777")): Object: 'Object Repository/DeleteMessage_OR/Page_Town Square - TOKEN_UPDATED Mattermost/span_Test 77777' is clicked on

2021-05-28 22:02:14 - [MESSAGE][INFO] - Unable to find the element located by 'By.xpath: //*[(text() = 'Test 77777' or . = 'Test 77777')]'. Please recheck the objects properties to make sure the desired element is located. 

2021-05-28 22:02:14 - [MESSAGE][WARNING] - [SELF-HEALING] Failed to find element with id 'Object Repository/DeleteMessage_OR/Page_Town Square - TOKEN_UPDATED Mattermost/span_Test 77777'. Try using Self-healing.

2021-05-28 22:02:14 - [MESSAGE][WARNING] - [SELF-HEALING] The current locator of test object 'Object Repository/DeleteMessage_OR/Page_Town Square - TOKEN_UPDATED Mattermost/span_Test 77777' was broken. Propose an alternative one: '(.//*[normalize-space(text()) and normalize-space(.)='Test 111223'])[1]/preceding::span[2]'.

2021-05-28 22:02:14 - [MESSAGE][PASSED] - Object: 'Object Repository/DeleteMessage_OR/Page_Town Square - TOKEN_UPDATED Mattermost/span_Test 77777' is clicked on

2021-05-28 22:02:14 - [TEST_STEP][PASSED] - mouseOver(findTestObject("Object Repository/DeleteMessage_OR/Page_Test 77777 - TOKEN_UPDATED Mattermost/div_ngoctin12345747 PM213154645")): Object: 'Object Repository/DeleteMessage_OR/Page_Test 77777 - TOKEN_UPDATED Mattermost/div_ngoctin12345747 PM213154645' is hovered

2021-05-28 22:02:46 - [MESSAGE][INFO] - Unable to find the element located by 'By.xpath: '. Please recheck the objects properties to make sure the desired element is located. 

2021-05-28 22:02:46 - [MESSAGE][WARNING] - [SELF-HEALING] Failed to find element with id 'Object Repository/DeleteMessage_OR/Page_Test 77777 - TOKEN_UPDATED Mattermost/div_ngoctin12345747 PM213154645'. Try using Self-healing.

2021-05-28 22:02:46 - [MESSAGE][WARNING] - [SELF-HEALING] The current locator of test object 'Object Repository/DeleteMessage_OR/Page_Test 77777 - TOKEN_UPDATED Mattermost/div_ngoctin12345747 PM213154645' was broken. Propose an alternative one: '(.//*[normalize-space(text()) and normalize-space(.)='ngoctin12345'])[4]/following::div[19]'.

2021-05-28 22:02:46 - [MESSAGE][PASSED] - Object: 'Object Repository/DeleteMessage_OR/Page_Test 77777 - TOKEN_UPDATED Mattermost/div_ngoctin12345747 PM213154645' is hovered

2021-05-28 22:02:46 - [TEST_STEP][PASSED] - click(findTestObject("Object Repository/DeleteMessage_OR/Page_Test 77777 - TOKEN_UPDATED Mattermost/svg")): Object: 'Object Repository/DeleteMessage_OR/Page_Test 77777 - TOKEN_UPDATED Mattermost/svg' is clicked on

2021-05-28 22:02:47 - [MESSAGE][PASSED] - Object: 'Object Repository/DeleteMessage_OR/Page_Test 77777 - TOKEN_UPDATED Mattermost/svg' is clicked on

2021-05-28 22:02:47 - [TEST_STEP][PASSED] - click(findTestObject("Object Repository/DeleteMessage_OR/Page_Test 77777 - TOKEN_UPDATED Mattermost/span_Delete")): Object: 'Object Repository/DeleteMessage_OR/Page_Test 77777 - TOKEN_UPDATED Mattermost/span_Delete' is clicked on

2021-05-28 22:03:19 - [MESSAGE][INFO] - Unable to find the element located by 'By.xpath: //li[@id='delete_post_j9adojcpe7bapynfecxcco5cky']/button/span'. Please recheck the objects properties to make sure the desired element is located. 

2021-05-28 22:03:19 - [MESSAGE][WARNING] - [SELF-HEALING] Failed to find element with id 'Object Repository/DeleteMessage_OR/Page_Test 77777 - TOKEN_UPDATED Mattermost/span_Delete'. Try using Self-healing.

2021-05-28 22:03:19 - [MESSAGE][WARNING] - [SELF-HEALING] The current locator of test object 'Object Repository/DeleteMessage_OR/Page_Test 77777 - TOKEN_UPDATED Mattermost/span_Delete' was broken. Propose an alternative one: '(.//*[normalize-space(text()) and normalize-space(.)='ngoctin12345'])[6]/preceding::span[5]'.

2021-05-28 22:03:19 - [MESSAGE][PASSED] - Object: 'Object Repository/DeleteMessage_OR/Page_Test 77777 - TOKEN_UPDATED Mattermost/span_Delete' is clicked on

2021-05-28 22:03:19 - [TEST_STEP][FAILED] - verifyElementPresent(findTestObject("Object Repository/DeleteMessage_OR/Page_Test 77777 - TOKEN_UPDATED Mattermost/span_Confirm Post Delete"), 0): Unable to verify object 'Object Repository/DeleteMessage_OR/Page_Test 77777 - TOKEN_UPDATED Mattermost/span_Confirm Post Delete' is present (Root cause: com.kms.katalon.core.exception.StepFailedException: Unable to verify object 'Object Repository/DeleteMessage_OR/Page_Test 77777 - TOKEN_UPDATED Mattermost/span_Confirm Post Delete' is present
	at com.kms.katalon.core.webui.keyword.internal.WebUIKeywordMain.stepFailed(WebUIKeywordMain.groovy:64)
	at com.kms.katalon.core.webui.keyword.internal.WebUIKeywordMain.runKeyword(WebUIKeywordMain.groovy:26)
	at com.kms.katalon.core.webui.keyword.builtin.VerifyElementPresentKeyword.verifyElementPresent(VerifyElementPresentKeyword.groovy:92)
	at com.kms.katalon.core.webui.keyword.builtin.VerifyElementPresentKeyword.execute(VerifyElementPresentKeyword.groovy:68)
	at com.kms.katalon.core.keyword.internal.KeywordExecutor.executeKeywordForPlatform(KeywordExecutor.groovy:73)
	at com.kms.katalon.core.webui.keyword.WebUiBuiltInKeywords.verifyElementPresent(WebUiBuiltInKeywords.groovy:1463)
	at com.kms.katalon.core.webui.keyword.WebUiBuiltInKeywords$verifyElementPresent$6.call(Unknown Source)
	at DeleteMessage.run(DeleteMessage:41)
	at com.kms.katalon.core.main.ScriptEngine.run(ScriptEngine.java:194)
	at com.kms.katalon.core.main.ScriptEngine.runScriptAsRawText(ScriptEngine.java:119)
	at com.kms.katalon.core.main.TestCaseExecutor.runScript(TestCaseExecutor.java:398)
	at com.kms.katalon.core.main.TestCaseExecutor.doExecute(TestCaseExecutor.java:389)
	at com.kms.katalon.core.main.TestCaseExecutor.processExecutionPhase(TestCaseExecutor.java:368)
	at com.kms.katalon.core.main.TestCaseExecutor.accessMainPhase(TestCaseExecutor.java:360)
	at com.kms.katalon.core.main.TestCaseExecutor.execute(TestCaseExecutor.java:255)
	at com.kms.katalon.core.main.TestSuiteExecutor.accessTestCaseMainPhase(TestSuiteExecutor.java:203)
	at com.kms.katalon.core.main.TestSuiteExecutor.accessTestSuiteMainPhase(TestSuiteExecutor.java:152)
	at com.kms.katalon.core.main.TestSuiteExecutor.execute(TestSuiteExecutor.java:95)
	at com.kms.katalon.core.main.TestCaseMain.startTestSuite(TestCaseMain.java:157)
	at com.kms.katalon.core.main.TestCaseMain$startTestSuite$0.call(Unknown Source)
	at TempTestSuite1622212592997.run(TempTestSuite1622212592997.groovy:39)
Caused by: com.kms.katalon.core.exception.StepFailedException: com.kms.katalon.core.webui.exception.WebElementNotFoundException: Web element with id: 'Object Repository/DeleteMessage_OR/Page_Test 77777 - TOKEN_UPDATED Mattermost/span_Confirm Post Delete' located by '//h1[@id='deletePostModalLabel']/span' not found
	at com.kms.katalon.core.webui.keyword.internal.WebUIKeywordMain.stepFailed(WebUIKeywordMain.groovy:64)
	at com.kms.katalon.core.webui.keyword.builtin.VerifyElementPresentKeyword$_verifyElementPresent_closure1.doCall(VerifyElementPresentKeyword.groovy:85)
	at com.kms.katalon.core.webui.keyword.builtin.VerifyElementPresentKeyword$_verifyElementPresent_closure1.call(VerifyElementPresentKeyword.groovy)
	at com.kms.katalon.core.webui.keyword.internal.WebUIKeywordMain.runKeyword(WebUIKeywordMain.groovy:20)
	... 19 more
)

2021-05-28 22:03:19 - [MESSAGE][WARNING] - Timeout '0' is invalid. Using default page load timeout: '30'

2021-05-28 22:03:51 - [MESSAGE][INFO] - Unable to find the element located by 'By.xpath: //h1[@id='deletePostModalLabel']/span'. Please recheck the objects properties to make sure the desired element is located. 

2021-05-28 22:03:51 - [MESSAGE][FAILED] - com.kms.katalon.core.webui.exception.WebElementNotFoundException: Web element with id: 'Object Repository/DeleteMessage_OR/Page_Test 77777 - TOKEN_UPDATED Mattermost/span_Confirm Post Delete' located by '//h1[@id='deletePostModalLabel']/span' not found (Root cause: com.kms.katalon.core.exception.StepFailedException: com.kms.katalon.core.webui.exception.WebElementNotFoundException: Web element with id: 'Object Repository/DeleteMessage_OR/Page_Test 77777 - TOKEN_UPDATED Mattermost/span_Confirm Post Delete' located by '//h1[@id='deletePostModalLabel']/span' not found
	at com.kms.katalon.core.webui.keyword.internal.WebUIKeywordMain.stepFailed(WebUIKeywordMain.groovy:64)
	at com.kms.katalon.core.webui.keyword.builtin.VerifyElementPresentKeyword$_verifyElementPresent_closure1.doCall(VerifyElementPresentKeyword.groovy:85)
	at com.kms.katalon.core.webui.keyword.builtin.VerifyElementPresentKeyword$_verifyElementPresent_closure1.call(VerifyElementPresentKeyword.groovy)
	at com.kms.katalon.core.webui.keyword.internal.WebUIKeywordMain.runKeyword(WebUIKeywordMain.groovy:20)
	at com.kms.katalon.core.webui.keyword.builtin.VerifyElementPresentKeyword.verifyElementPresent(VerifyElementPresentKeyword.groovy:92)
	at com.kms.katalon.core.webui.keyword.builtin.VerifyElementPresentKeyword.execute(VerifyElementPresentKeyword.groovy:68)
	at com.kms.katalon.core.keyword.internal.KeywordExecutor.executeKeywordForPlatform(KeywordExecutor.groovy:73)
	at com.kms.katalon.core.webui.keyword.WebUiBuiltInKeywords.verifyElementPresent(WebUiBuiltInKeywords.groovy:1463)
	at com.kms.katalon.core.webui.keyword.WebUiBuiltInKeywords$verifyElementPresent$6.call(Unknown Source)
	at DeleteMessage.run(DeleteMessage:41)
	at com.kms.katalon.core.main.ScriptEngine.run(ScriptEngine.java:194)
	at com.kms.katalon.core.main.ScriptEngine.runScriptAsRawText(ScriptEngine.java:119)
	at com.kms.katalon.core.main.TestCaseExecutor.runScript(TestCaseExecutor.java:398)
	at com.kms.katalon.core.main.TestCaseExecutor.doExecute(TestCaseExecutor.java:389)
	at com.kms.katalon.core.main.TestCaseExecutor.processExecutionPhase(TestCaseExecutor.java:368)
	at com.kms.katalon.core.main.TestCaseExecutor.accessMainPhase(TestCaseExecutor.java:360)
	at com.kms.katalon.core.main.TestCaseExecutor.execute(TestCaseExecutor.java:255)
	at com.kms.katalon.core.main.TestSuiteExecutor.accessTestCaseMainPhase(TestSuiteExecutor.java:203)
	at com.kms.katalon.core.main.TestSuiteExecutor.accessTestSuiteMainPhase(TestSuiteExecutor.java:152)
	at com.kms.katalon.core.main.TestSuiteExecutor.execute(TestSuiteExecutor.java:95)
	at com.kms.katalon.core.main.TestCaseMain.startTestSuite(TestCaseMain.java:157)
	at com.kms.katalon.core.main.TestCaseMain$startTestSuite$0.call(Unknown Source)
	at TempTestSuite1622212592997.run(TempTestSuite1622212592997.groovy:39)
)
[[ATTACHMENT|C:\\Users\\tanth\\git\\katalon\\Reports\\20210528_213632\\Run all test cases\\20210528_213632\\1622214231540.png]]

2021-05-28 22:03:51 - [MESSAGE][FAILED] - Unable to verify object 'Object Repository/DeleteMessage_OR/Page_Test 77777 - TOKEN_UPDATED Mattermost/span_Confirm Post Delete' is present (Root cause: com.kms.katalon.core.exception.StepFailedException: Unable to verify object 'Object Repository/DeleteMessage_OR/Page_Test 77777 - TOKEN_UPDATED Mattermost/span_Confirm Post Delete' is present
	at com.kms.katalon.core.webui.keyword.internal.WebUIKeywordMain.stepFailed(WebUIKeywordMain.groovy:64)
	at com.kms.katalon.core.webui.keyword.internal.WebUIKeywordMain.runKeyword(WebUIKeywordMain.groovy:26)
	at com.kms.katalon.core.webui.keyword.builtin.VerifyElementPresentKeyword.verifyElementPresent(VerifyElementPresentKeyword.groovy:92)
	at com.kms.katalon.core.webui.keyword.builtin.VerifyElementPresentKeyword.execute(VerifyElementPresentKeyword.groovy:68)
	at com.kms.katalon.core.keyword.internal.KeywordExecutor.executeKeywordForPlatform(KeywordExecutor.groovy:73)
	at com.kms.katalon.core.webui.keyword.WebUiBuiltInKeywords.verifyElementPresent(WebUiBuiltInKeywords.groovy:1463)
	at com.kms.katalon.core.webui.keyword.WebUiBuiltInKeywords$verifyElementPresent$6.call(Unknown Source)
	at DeleteMessage.run(DeleteMessage:41)
	at com.kms.katalon.core.main.ScriptEngine.run(ScriptEngine.java:194)
	at com.kms.katalon.core.main.ScriptEngine.runScriptAsRawText(ScriptEngine.java:119)
	at com.kms.katalon.core.main.TestCaseExecutor.runScript(TestCaseExecutor.java:398)
	at com.kms.katalon.core.main.TestCaseExecutor.doExecute(TestCaseExecutor.java:389)
	at com.kms.katalon.core.main.TestCaseExecutor.processExecutionPhase(TestCaseExecutor.java:368)
	at com.kms.katalon.core.main.TestCaseExecutor.accessMainPhase(TestCaseExecutor.java:360)
	at com.kms.katalon.core.main.TestCaseExecutor.execute(TestCaseExecutor.java:255)
	at com.kms.katalon.core.main.TestSuiteExecutor.accessTestCaseMainPhase(TestSuiteExecutor.java:203)
	at com.kms.katalon.core.main.TestSuiteExecutor.accessTestSuiteMainPhase(TestSuiteExecutor.java:152)
	at com.kms.katalon.core.main.TestSuiteExecutor.execute(TestSuiteExecutor.java:95)
	at com.kms.katalon.core.main.TestCaseMain.startTestSuite(TestCaseMain.java:157)
	at com.kms.katalon.core.main.TestCaseMain$startTestSuite$0.call(Unknown Source)
	at TempTestSuite1622212592997.run(TempTestSuite1622212592997.groovy:39)
Caused by: com.kms.katalon.core.exception.StepFailedException: com.kms.katalon.core.webui.exception.WebElementNotFoundException: Web element with id: 'Object Repository/DeleteMessage_OR/Page_Test 77777 - TOKEN_UPDATED Mattermost/span_Confirm Post Delete' located by '//h1[@id='deletePostModalLabel']/span' not found
	at com.kms.katalon.core.webui.keyword.internal.WebUIKeywordMain.stepFailed(WebUIKeywordMain.groovy:64)
	at com.kms.katalon.core.webui.keyword.builtin.VerifyElementPresentKeyword$_verifyElementPresent_closure1.doCall(VerifyElementPresentKeyword.groovy:85)
	at com.kms.katalon.core.webui.keyword.builtin.VerifyElementPresentKeyword$_verifyElementPresent_closure1.call(VerifyElementPresentKeyword.groovy)
	at com.kms.katalon.core.webui.keyword.internal.WebUIKeywordMain.runKeyword(WebUIKeywordMain.groovy:20)
	... 19 more
)
[[ATTACHMENT|C:\\Users\\tanth\\git\\katalon\\Reports\\20210528_213632\\Run all test cases\\20210528_213632\\1622214231763.png]]]]></system-out>
         <system-err><![CDATA[2021-05-28 22:01:29 - [TEST_CASE][FAILED] - Test Cases/DeleteMessage: Test Cases/DeleteMessage FAILED.
Reason:
com.kms.katalon.core.exception.StepFailedException: Unable to verify object 'Object Repository/DeleteMessage_OR/Page_Test 77777 - TOKEN_UPDATED Mattermost/span_Confirm Post Delete' is present
	at com.kms.katalon.core.webui.keyword.internal.WebUIKeywordMain.stepFailed(WebUIKeywordMain.groovy:64)
	at com.kms.katalon.core.webui.keyword.internal.WebUIKeywordMain.runKeyword(WebUIKeywordMain.groovy:26)
	at com.kms.katalon.core.webui.keyword.builtin.VerifyElementPresentKeyword.verifyElementPresent(VerifyElementPresentKeyword.groovy:92)
	at com.kms.katalon.core.webui.keyword.builtin.VerifyElementPresentKeyword.execute(VerifyElementPresentKeyword.groovy:68)
	at com.kms.katalon.core.keyword.internal.KeywordExecutor.executeKeywordForPlatform(KeywordExecutor.groovy:73)
	at com.kms.katalon.core.webui.keyword.WebUiBuiltInKeywords.verifyElementPresent(WebUiBuiltInKeywords.groovy:1463)
	at com.kms.katalon.core.webui.keyword.WebUiBuiltInKeywords$verifyElementPresent$6.call(Unknown Source)
	at DeleteMessage.run(DeleteMessage:41)
	at com.kms.katalon.core.main.ScriptEngine.run(ScriptEngine.java:194)
	at com.kms.katalon.core.main.ScriptEngine.runScriptAsRawText(ScriptEngine.java:119)
	at com.kms.katalon.core.main.TestCaseExecutor.runScript(TestCaseExecutor.java:398)
	at com.kms.katalon.core.main.TestCaseExecutor.doExecute(TestCaseExecutor.java:389)
	at com.kms.katalon.core.main.TestCaseExecutor.processExecutionPhase(TestCaseExecutor.java:368)
	at com.kms.katalon.core.main.TestCaseExecutor.accessMainPhase(TestCaseExecutor.java:360)
	at com.kms.katalon.core.main.TestCaseExecutor.execute(TestCaseExecutor.java:255)
	at com.kms.katalon.core.main.TestSuiteExecutor.accessTestCaseMainPhase(TestSuiteExecutor.java:203)
	at com.kms.katalon.core.main.TestSuiteExecutor.accessTestSuiteMainPhase(TestSuiteExecutor.java:152)
	at com.kms.katalon.core.main.TestSuiteExecutor.execute(TestSuiteExecutor.java:95)
	at com.kms.katalon.core.main.TestCaseMain.startTestSuite(TestCaseMain.java:157)
	at com.kms.katalon.core.main.TestCaseMain$startTestSuite$0.call(Unknown Source)
	at TempTestSuite1622212592997.run(TempTestSuite1622212592997.groovy:39)
Caused by: com.kms.katalon.core.exception.StepFailedException: com.kms.katalon.core.webui.exception.WebElementNotFoundException: Web element with id: 'Object Repository/DeleteMessage_OR/Page_Test 77777 - TOKEN_UPDATED Mattermost/span_Confirm Post Delete' located by '//h1[@id='deletePostModalLabel']/span' not found
	at com.kms.katalon.core.webui.keyword.internal.WebUIKeywordMain.stepFailed(WebUIKeywordMain.groovy:64)
	at com.kms.katalon.core.webui.keyword.builtin.VerifyElementPresentKeyword$_verifyElementPresent_closure1.doCall(VerifyElementPresentKeyword.groovy:85)
	at com.kms.katalon.core.webui.keyword.builtin.VerifyElementPresentKeyword$_verifyElementPresent_closure1.call(VerifyElementPresentKeyword.groovy)
	at com.kms.katalon.core.webui.keyword.internal.WebUIKeywordMain.runKeyword(WebUIKeywordMain.groovy:20)
	... 19 more]]></system-err>
      </testcase>
      <testcase name="Test Cases/EditMessage" time="115.137" classname="Test Cases/EditMessage" status="FAILED">
         <failure type="FAILED" message="Test Cases/EditMessage FAILED.
Reason:
com.kms.katalon.core.exception.StepFailedException: Unable to click on object 'Object Repository/DeleteMessage_OR/Page_Test 77777 - TOKEN_UPDATED Mattermost/button_Edit'
	at com.kms.katalon.core.webui.keyword.internal.WebUIKeywordMain.stepFailed(WebUIKeywordMain.groovy:64)
	at com.kms.katalon.core.webui.keyword.internal.WebUIKeywordMain.runKeyword(WebUIKeywordMain.groovy:26)
	at com.kms.katalon.core.webui.keyword.builtin.ClickKeyword.click(ClickKeyword.groovy:75)
	at com.kms.katalon.core.webui.keyword.builtin.ClickKeyword.execute(ClickKeyword.groovy:42)
	at com.kms.katalon.core.keyword.internal.KeywordExecutor.executeKeywordForPlatform(KeywordExecutor.groovy:73)
	at com.kms.katalon.core.webui.keyword.WebUiBuiltInKeywords.click(WebUiBuiltInKeywords.groovy:619)
	at com.kms.katalon.core.webui.keyword.WebUiBuiltInKeywords$click$4.call(Unknown Source)
	at EditMessage.run(EditMessage:39)
	at com.kms.katalon.core.main.ScriptEngine.run(ScriptEngine.java:194)
	at com.kms.katalon.core.main.ScriptEngine.runScriptAsRawText(ScriptEngine.java:119)
	at com.kms.katalon.core.main.TestCaseExecutor.runScript(TestCaseExecutor.java:398)
	at com.kms.katalon.core.main.TestCaseExecutor.doExecute(TestCaseExecutor.java:389)
	at com.kms.katalon.core.main.TestCaseExecutor.processExecutionPhase(TestCaseExecutor.java:368)
	at com.kms.katalon.core.main.TestCaseExecutor.accessMainPhase(TestCaseExecutor.java:360)
	at com.kms.katalon.core.main.TestCaseExecutor.execute(TestCaseExecutor.java:255)
	at com.kms.katalon.core.main.TestSuiteExecutor.accessTestCaseMainPhase(TestSuiteExecutor.java:203)
	at com.kms.katalon.core.main.TestSuiteExecutor.accessTestSuiteMainPhase(TestSuiteExecutor.java:152)
	at com.kms.katalon.core.main.TestSuiteExecutor.execute(TestSuiteExecutor.java:95)
	at com.kms.katalon.core.main.TestCaseMain.startTestSuite(TestCaseMain.java:157)
	at com.kms.katalon.core.main.TestCaseMain$startTestSuite$0.call(Unknown Source)
	at TempTestSuite1622212592997.run(TempTestSuite1622212592997.groovy:39)
Caused by: com.kms.katalon.core.webui.exception.WebElementNotFoundException: Web element with id: 'Object Repository/DeleteMessage_OR/Page_Test 77777 - TOKEN_UPDATED Mattermost/button_Edit' located by '//li[@id='edit_post_947745rotinbff747yofifz5yo']/button' not found
	at com.kms.katalon.core.webui.common.WebUiCommonHelper.findWebElement(WebUiCommonHelper.java:1368)
	at com.kms.katalon.core.webui.keyword.internal.WebUIAbstractKeyword.findWebElement(WebUIAbstractKeyword.groovy:27)
	at com.kms.katalon.core.webui.keyword.internal.WebUIAbstractKeyword.findWebElement(WebUIAbstractKeyword.groovy:26)
	at com.kms.katalon.core.webui.keyword.builtin.ClickKeyword$_click_closure1.doCall(ClickKeyword.groovy:66)
	at com.kms.katalon.core.webui.keyword.builtin.ClickKeyword$_click_closure1.call(ClickKeyword.groovy)
	at com.kms.katalon.core.webui.keyword.internal.WebUIKeywordMain.runKeyword(WebUIKeywordMain.groovy:20)
	... 19 more
"/>
         <system-out><![CDATA[2021-05-28 22:03:51 - [TEST_CASE][FAILED] - Test Cases/EditMessage: Test Cases/EditMessage FAILED.
Reason:
com.kms.katalon.core.exception.StepFailedException: Unable to click on object 'Object Repository/DeleteMessage_OR/Page_Test 77777 - TOKEN_UPDATED Mattermost/button_Edit'
	at com.kms.katalon.core.webui.keyword.internal.WebUIKeywordMain.stepFailed(WebUIKeywordMain.groovy:64)
	at com.kms.katalon.core.webui.keyword.internal.WebUIKeywordMain.runKeyword(WebUIKeywordMain.groovy:26)
	at com.kms.katalon.core.webui.keyword.builtin.ClickKeyword.click(ClickKeyword.groovy:75)
	at com.kms.katalon.core.webui.keyword.builtin.ClickKeyword.execute(ClickKeyword.groovy:42)
	at com.kms.katalon.core.keyword.internal.KeywordExecutor.executeKeywordForPlatform(KeywordExecutor.groovy:73)
	at com.kms.katalon.core.webui.keyword.WebUiBuiltInKeywords.click(WebUiBuiltInKeywords.groovy:619)
	at com.kms.katalon.core.webui.keyword.WebUiBuiltInKeywords$click$4.call(Unknown Source)
	at EditMessage.run(EditMessage:39)
	at com.kms.katalon.core.main.ScriptEngine.run(ScriptEngine.java:194)
	at com.kms.katalon.core.main.ScriptEngine.runScriptAsRawText(ScriptEngine.java:119)
	at com.kms.katalon.core.main.TestCaseExecutor.runScript(TestCaseExecutor.java:398)
	at com.kms.katalon.core.main.TestCaseExecutor.doExecute(TestCaseExecutor.java:389)
	at com.kms.katalon.core.main.TestCaseExecutor.processExecutionPhase(TestCaseExecutor.java:368)
	at com.kms.katalon.core.main.TestCaseExecutor.accessMainPhase(TestCaseExecutor.java:360)
	at com.kms.katalon.core.main.TestCaseExecutor.execute(TestCaseExecutor.java:255)
	at com.kms.katalon.core.main.TestSuiteExecutor.accessTestCaseMainPhase(TestSuiteExecutor.java:203)
	at com.kms.katalon.core.main.TestSuiteExecutor.accessTestSuiteMainPhase(TestSuiteExecutor.java:152)
	at com.kms.katalon.core.main.TestSuiteExecutor.execute(TestSuiteExecutor.java:95)
	at com.kms.katalon.core.main.TestCaseMain.startTestSuite(TestCaseMain.java:157)
	at com.kms.katalon.core.main.TestCaseMain$startTestSuite$0.call(Unknown Source)
	at TempTestSuite1622212592997.run(TempTestSuite1622212592997.groovy:39)
Caused by: com.kms.katalon.core.webui.exception.WebElementNotFoundException: Web element with id: 'Object Repository/DeleteMessage_OR/Page_Test 77777 - TOKEN_UPDATED Mattermost/button_Edit' located by '//li[@id='edit_post_947745rotinbff747yofifz5yo']/button' not found
	at com.kms.katalon.core.webui.common.WebUiCommonHelper.findWebElement(WebUiCommonHelper.java:1368)
	at com.kms.katalon.core.webui.keyword.internal.WebUIAbstractKeyword.findWebElement(WebUIAbstractKeyword.groovy:27)
	at com.kms.katalon.core.webui.keyword.internal.WebUIAbstractKeyword.findWebElement(WebUIAbstractKeyword.groovy:26)
	at com.kms.katalon.core.webui.keyword.builtin.ClickKeyword$_click_closure1.doCall(ClickKeyword.groovy:66)
	at com.kms.katalon.core.webui.keyword.builtin.ClickKeyword$_click_closure1.call(ClickKeyword.groovy)
	at com.kms.katalon.core.webui.keyword.internal.WebUIKeywordMain.runKeyword(WebUIKeywordMain.groovy:20)
	... 19 more


2021-05-28 22:03:53 - [TEST_STEP][PASSED] - openBrowser(""): Browser is opened with url: ''

2021-05-28 22:03:53 - [MESSAGE][WARNING] - A browser is already opened. Closing browser and opening a new one

2021-05-28 22:03:55 - [MESSAGE][INFO] - Starting 'Chrome' driver

2021-05-28 22:03:55 - [MESSAGE][INFO] - Action delay is set to 0 milliseconds

2021-05-28 22:03:56 - [MESSAGE][PASSED] - Browser is opened with url: ''

2021-05-28 22:03:56 - [TEST_STEP][PASSED] - navigateToUrl("https://cdnc-group2.herokuapp.com/login"): Navigate to 'https://cdnc-group2.herokuapp.com/login' successfully

2021-05-28 22:04:01 - [MESSAGE][PASSED] - Navigate to 'https://cdnc-group2.herokuapp.com/login' successfully

2021-05-28 22:04:01 - [TEST_STEP][PASSED] - setText(findTestObject("Object Repository/DeleteMessage_OR/Page_Mattermost/input_All team communication in one place, _dcc84b"), "ngoctin040999@gmail.com"): Text 'ngoctin040999@gmail.com' is set on object 'Object Repository/DeleteMessage_OR/Page_Mattermost/input_All team communication in one place, _dcc84b'

2021-05-28 22:04:04 - [MESSAGE][PASSED] - Text 'ngoctin040999@gmail.com' is set on object 'Object Repository/DeleteMessage_OR/Page_Mattermost/input_All team communication in one place, _dcc84b'

2021-05-28 22:04:04 - [TEST_STEP][PASSED] - setEncryptedText(findTestObject("Object Repository/DeleteMessage_OR/Page_Mattermost/input_All team communication in one place, _a3edc6"), "S8w1SJvl7D1hts9IdMV+NQ=="): Text ****** has been set on object 'Object Repository/DeleteMessage_OR/Page_Mattermost/input_All team communication in one place, _a3edc6'

2021-05-28 22:04:05 - [MESSAGE][PASSED] - Text ****** has been set on object 'Object Repository/DeleteMessage_OR/Page_Mattermost/input_All team communication in one place, _a3edc6'

2021-05-28 22:04:05 - [TEST_STEP][PASSED] - sendKeys(findTestObject("Object Repository/DeleteMessage_OR/Page_Mattermost/input_All team communication in one place, _a3edc6"), Keys.chord(ENTER)): Keys 'ENTER + ' sent to object: 'Object Repository/DeleteMessage_OR/Page_Mattermost/input_All team communication in one place, _a3edc6'

2021-05-28 22:04:06 - [MESSAGE][PASSED] - Keys 'ENTER + ' sent to object: 'Object Repository/DeleteMessage_OR/Page_Mattermost/input_All team communication in one place, _a3edc6'

2021-05-28 22:04:06 - [TEST_STEP][PASSED] - click(findTestObject("Object Repository/DeleteMessage_OR/Page_Town Square - TOKEN_UPDATED Mattermost/span_Test 77777")): Object: 'Object Repository/DeleteMessage_OR/Page_Town Square - TOKEN_UPDATED Mattermost/span_Test 77777' is clicked on

2021-05-28 22:04:37 - [MESSAGE][INFO] - Unable to find the element located by 'By.xpath: //*[(text() = 'Test 77777' or . = 'Test 77777')]'. Please recheck the objects properties to make sure the desired element is located. 

2021-05-28 22:04:37 - [MESSAGE][WARNING] - [SELF-HEALING] Failed to find element with id 'Object Repository/DeleteMessage_OR/Page_Town Square - TOKEN_UPDATED Mattermost/span_Test 77777'. Try using Self-healing.

2021-05-28 22:04:37 - [MESSAGE][WARNING] - [SELF-HEALING] The current locator of test object 'Object Repository/DeleteMessage_OR/Page_Town Square - TOKEN_UPDATED Mattermost/span_Test 77777' was broken. Propose an alternative one: '(.//*[normalize-space(text()) and normalize-space(.)='Test 111223'])[1]/preceding::span[2]'.

2021-05-28 22:04:37 - [MESSAGE][PASSED] - Object: 'Object Repository/DeleteMessage_OR/Page_Town Square - TOKEN_UPDATED Mattermost/span_Test 77777' is clicked on

2021-05-28 22:04:37 - [TEST_STEP][PASSED] - mouseOver(findTestObject("Object Repository/DeleteMessage_OR/Page_Test 77777 - TOKEN_UPDATED Mattermost/div_ngoctin12345747 PM213154645")): Object: 'Object Repository/DeleteMessage_OR/Page_Test 77777 - TOKEN_UPDATED Mattermost/div_ngoctin12345747 PM213154645' is hovered

2021-05-28 22:05:09 - [MESSAGE][INFO] - Unable to find the element located by 'By.xpath: '. Please recheck the objects properties to make sure the desired element is located. 

2021-05-28 22:05:09 - [MESSAGE][WARNING] - [SELF-HEALING] Failed to find element with id 'Object Repository/DeleteMessage_OR/Page_Test 77777 - TOKEN_UPDATED Mattermost/div_ngoctin12345747 PM213154645'. Try using Self-healing.

2021-05-28 22:05:09 - [MESSAGE][WARNING] - [SELF-HEALING] The current locator of test object 'Object Repository/DeleteMessage_OR/Page_Test 77777 - TOKEN_UPDATED Mattermost/div_ngoctin12345747 PM213154645' was broken. Propose an alternative one: '(.//*[normalize-space(text()) and normalize-space(.)='ngoctin12345'])[4]/following::div[19]'.

2021-05-28 22:05:09 - [MESSAGE][PASSED] - Object: 'Object Repository/DeleteMessage_OR/Page_Test 77777 - TOKEN_UPDATED Mattermost/div_ngoctin12345747 PM213154645' is hovered

2021-05-28 22:05:09 - [TEST_STEP][PASSED] - click(findTestObject("Object Repository/DeleteMessage_OR/Page_Test 77777 - TOKEN_UPDATED Mattermost/svg")): Object: 'Object Repository/DeleteMessage_OR/Page_Test 77777 - TOKEN_UPDATED Mattermost/svg' is clicked on

2021-05-28 22:05:10 - [MESSAGE][PASSED] - Object: 'Object Repository/DeleteMessage_OR/Page_Test 77777 - TOKEN_UPDATED Mattermost/svg' is clicked on

2021-05-28 22:05:10 - [TEST_STEP][FAILED] - click(findTestObject("Object Repository/DeleteMessage_OR/Page_Test 77777 - TOKEN_UPDATED Mattermost/button_Edit")): Unable to click on object 'Object Repository/DeleteMessage_OR/Page_Test 77777 - TOKEN_UPDATED Mattermost/button_Edit' (Root cause: com.kms.katalon.core.exception.StepFailedException: Unable to click on object 'Object Repository/DeleteMessage_OR/Page_Test 77777 - TOKEN_UPDATED Mattermost/button_Edit'
	at com.kms.katalon.core.webui.keyword.internal.WebUIKeywordMain.stepFailed(WebUIKeywordMain.groovy:64)
	at com.kms.katalon.core.webui.keyword.internal.WebUIKeywordMain.runKeyword(WebUIKeywordMain.groovy:26)
	at com.kms.katalon.core.webui.keyword.builtin.ClickKeyword.click(ClickKeyword.groovy:75)
	at com.kms.katalon.core.webui.keyword.builtin.ClickKeyword.execute(ClickKeyword.groovy:42)
	at com.kms.katalon.core.keyword.internal.KeywordExecutor.executeKeywordForPlatform(KeywordExecutor.groovy:73)
	at com.kms.katalon.core.webui.keyword.WebUiBuiltInKeywords.click(WebUiBuiltInKeywords.groovy:619)
	at com.kms.katalon.core.webui.keyword.WebUiBuiltInKeywords$click$4.call(Unknown Source)
	at EditMessage.run(EditMessage:39)
	at com.kms.katalon.core.main.ScriptEngine.run(ScriptEngine.java:194)
	at com.kms.katalon.core.main.ScriptEngine.runScriptAsRawText(ScriptEngine.java:119)
	at com.kms.katalon.core.main.TestCaseExecutor.runScript(TestCaseExecutor.java:398)
	at com.kms.katalon.core.main.TestCaseExecutor.doExecute(TestCaseExecutor.java:389)
	at com.kms.katalon.core.main.TestCaseExecutor.processExecutionPhase(TestCaseExecutor.java:368)
	at com.kms.katalon.core.main.TestCaseExecutor.accessMainPhase(TestCaseExecutor.java:360)
	at com.kms.katalon.core.main.TestCaseExecutor.execute(TestCaseExecutor.java:255)
	at com.kms.katalon.core.main.TestSuiteExecutor.accessTestCaseMainPhase(TestSuiteExecutor.java:203)
	at com.kms.katalon.core.main.TestSuiteExecutor.accessTestSuiteMainPhase(TestSuiteExecutor.java:152)
	at com.kms.katalon.core.main.TestSuiteExecutor.execute(TestSuiteExecutor.java:95)
	at com.kms.katalon.core.main.TestCaseMain.startTestSuite(TestCaseMain.java:157)
	at com.kms.katalon.core.main.TestCaseMain$startTestSuite$0.call(Unknown Source)
	at TempTestSuite1622212592997.run(TempTestSuite1622212592997.groovy:39)
Caused by: com.kms.katalon.core.webui.exception.WebElementNotFoundException: Web element with id: 'Object Repository/DeleteMessage_OR/Page_Test 77777 - TOKEN_UPDATED Mattermost/button_Edit' located by '//li[@id='edit_post_947745rotinbff747yofifz5yo']/button' not found
	at com.kms.katalon.core.webui.common.WebUiCommonHelper.findWebElement(WebUiCommonHelper.java:1368)
	at com.kms.katalon.core.webui.keyword.internal.WebUIAbstractKeyword.findWebElement(WebUIAbstractKeyword.groovy:27)
	at com.kms.katalon.core.webui.keyword.internal.WebUIAbstractKeyword.findWebElement(WebUIAbstractKeyword.groovy:26)
	at com.kms.katalon.core.webui.keyword.builtin.ClickKeyword$_click_closure1.doCall(ClickKeyword.groovy:66)
	at com.kms.katalon.core.webui.keyword.builtin.ClickKeyword$_click_closure1.call(ClickKeyword.groovy)
	at com.kms.katalon.core.webui.keyword.internal.WebUIKeywordMain.runKeyword(WebUIKeywordMain.groovy:20)
	at com.kms.katalon.core.webui.keyword.builtin.ClickKeyword.click(ClickKeyword.groovy:75)
	at com.kms.katalon.core.webui.keyword.builtin.ClickKeyword.execute(ClickKeyword.groovy:42)
	at com.kms.katalon.core.keyword.internal.KeywordExecutor.executeKeywordForPlatform(KeywordExecutor.groovy:73)
	at com.kms.katalon.core.webui.keyword.WebUiBuiltInKeywords.click(WebUiBuiltInKeywords.groovy:619)
	at com.kms.katalon.core.webui.keyword.WebUiBuiltInKeywords$click$4.call(Unknown Source)
	at Script1621732216036.run(Script1621732216036.groovy:39)
	... 13 more
)

2021-05-28 22:05:42 - [MESSAGE][INFO] - Unable to find the element located by 'By.xpath: //li[@id='edit_post_947745rotinbff747yofifz5yo']/button'. Please recheck the objects properties to make sure the desired element is located. 

2021-05-28 22:05:42 - [MESSAGE][WARNING] - [SELF-HEALING] Failed to find element with id 'Object Repository/DeleteMessage_OR/Page_Test 77777 - TOKEN_UPDATED Mattermost/button_Edit'. Try using Self-healing.

2021-05-28 22:05:43 - [MESSAGE][INFO] - Unable to find the element located by 'By.xpath: (.//*[normalize-space(text()) and normalize-space(.)='Pin to Channel'])[1]/following::button[1]'. Please recheck the objects properties to make sure the desired element is located. 

2021-05-28 22:05:43 - [MESSAGE][INFO] - [SELF-HEALING] Failed Locator: '//li[@id='edit_post_947745rotinbff747yofifz5yo']/button'.

2021-05-28 22:05:43 - [MESSAGE][INFO] - [SELF-HEALING] Failed Locator: '(.//*[normalize-space(text()) and normalize-space(.)='Pin to Channel'])[1]/following::button[1]'.

2021-05-28 22:05:44 - [MESSAGE][INFO] - [SELF-HEALING] Failed Locator: '(.//*[normalize-space(text()) and normalize-space(.)='Copy Link'])[1]/following::button[2]'.

2021-05-28 22:05:44 - [MESSAGE][INFO] - [SELF-HEALING] Failed Locator: '(.//*[normalize-space(text()) and normalize-space(.)='Delete'])[1]/preceding::button[1]'.

2021-05-28 22:05:44 - [MESSAGE][INFO] - [SELF-HEALING] Failed Locator: '//li[6]/button'.

2021-05-28 22:05:45 - [MESSAGE][INFO] - Unable to find the element located by 'By.xpath: //*[(text() = 'Edit' or . = 'Edit')]'. Please recheck the objects properties to make sure the desired element is located. 

2021-05-28 22:05:47 - [MESSAGE][INFO] - Unable to find the element located by 'By.cssSelector: #edit_post_947745rotinbff747yofifz5yo > button.style--none'. Please recheck the objects properties to make sure the desired element is located. 

2021-05-28 22:05:47 - [MESSAGE][FAILED] - Unable to click on object 'Object Repository/DeleteMessage_OR/Page_Test 77777 - TOKEN_UPDATED Mattermost/button_Edit' (Root cause: com.kms.katalon.core.exception.StepFailedException: Unable to click on object 'Object Repository/DeleteMessage_OR/Page_Test 77777 - TOKEN_UPDATED Mattermost/button_Edit'
	at com.kms.katalon.core.webui.keyword.internal.WebUIKeywordMain.stepFailed(WebUIKeywordMain.groovy:64)
	at com.kms.katalon.core.webui.keyword.internal.WebUIKeywordMain.runKeyword(WebUIKeywordMain.groovy:26)
	at com.kms.katalon.core.webui.keyword.builtin.ClickKeyword.click(ClickKeyword.groovy:75)
	at com.kms.katalon.core.webui.keyword.builtin.ClickKeyword.execute(ClickKeyword.groovy:42)
	at com.kms.katalon.core.keyword.internal.KeywordExecutor.executeKeywordForPlatform(KeywordExecutor.groovy:73)
	at com.kms.katalon.core.webui.keyword.WebUiBuiltInKeywords.click(WebUiBuiltInKeywords.groovy:619)
	at com.kms.katalon.core.webui.keyword.WebUiBuiltInKeywords$click$4.call(Unknown Source)
	at EditMessage.run(EditMessage:39)
	at com.kms.katalon.core.main.ScriptEngine.run(ScriptEngine.java:194)
	at com.kms.katalon.core.main.ScriptEngine.runScriptAsRawText(ScriptEngine.java:119)
	at com.kms.katalon.core.main.TestCaseExecutor.runScript(TestCaseExecutor.java:398)
	at com.kms.katalon.core.main.TestCaseExecutor.doExecute(TestCaseExecutor.java:389)
	at com.kms.katalon.core.main.TestCaseExecutor.processExecutionPhase(TestCaseExecutor.java:368)
	at com.kms.katalon.core.main.TestCaseExecutor.accessMainPhase(TestCaseExecutor.java:360)
	at com.kms.katalon.core.main.TestCaseExecutor.execute(TestCaseExecutor.java:255)
	at com.kms.katalon.core.main.TestSuiteExecutor.accessTestCaseMainPhase(TestSuiteExecutor.java:203)
	at com.kms.katalon.core.main.TestSuiteExecutor.accessTestSuiteMainPhase(TestSuiteExecutor.java:152)
	at com.kms.katalon.core.main.TestSuiteExecutor.execute(TestSuiteExecutor.java:95)
	at com.kms.katalon.core.main.TestCaseMain.startTestSuite(TestCaseMain.java:157)
	at com.kms.katalon.core.main.TestCaseMain$startTestSuite$0.call(Unknown Source)
	at TempTestSuite1622212592997.run(TempTestSuite1622212592997.groovy:39)
Caused by: com.kms.katalon.core.webui.exception.WebElementNotFoundException: Web element with id: 'Object Repository/DeleteMessage_OR/Page_Test 77777 - TOKEN_UPDATED Mattermost/button_Edit' located by '//li[@id='edit_post_947745rotinbff747yofifz5yo']/button' not found
	at com.kms.katalon.core.webui.common.WebUiCommonHelper.findWebElement(WebUiCommonHelper.java:1368)
	at com.kms.katalon.core.webui.keyword.internal.WebUIAbstractKeyword.findWebElement(WebUIAbstractKeyword.groovy:27)
	at com.kms.katalon.core.webui.keyword.internal.WebUIAbstractKeyword.findWebElement(WebUIAbstractKeyword.groovy:26)
	at com.kms.katalon.core.webui.keyword.builtin.ClickKeyword$_click_closure1.doCall(ClickKeyword.groovy:66)
	at com.kms.katalon.core.webui.keyword.builtin.ClickKeyword$_click_closure1.call(ClickKeyword.groovy)
	at com.kms.katalon.core.webui.keyword.internal.WebUIKeywordMain.runKeyword(WebUIKeywordMain.groovy:20)
	at com.kms.katalon.core.webui.keyword.builtin.ClickKeyword.click(ClickKeyword.groovy:75)
	at com.kms.katalon.core.webui.keyword.builtin.ClickKeyword.execute(ClickKeyword.groovy:42)
	at com.kms.katalon.core.keyword.internal.KeywordExecutor.executeKeywordForPlatform(KeywordExecutor.groovy:73)
	at com.kms.katalon.core.webui.keyword.WebUiBuiltInKeywords.click(WebUiBuiltInKeywords.groovy:619)
	at com.kms.katalon.core.webui.keyword.WebUiBuiltInKeywords$click$4.call(Unknown Source)
	at Script1621732216036.run(Script1621732216036.groovy:39)
	... 13 more
)
[[ATTACHMENT|C:\\Users\\tanth\\git\\katalon\\Reports\\20210528_213632\\Run all test cases\\20210528_213632\\1622214347008.png]]]]></system-out>
         <system-err><![CDATA[2021-05-28 22:03:51 - [TEST_CASE][FAILED] - Test Cases/EditMessage: Test Cases/EditMessage FAILED.
Reason:
com.kms.katalon.core.exception.StepFailedException: Unable to click on object 'Object Repository/DeleteMessage_OR/Page_Test 77777 - TOKEN_UPDATED Mattermost/button_Edit'
	at com.kms.katalon.core.webui.keyword.internal.WebUIKeywordMain.stepFailed(WebUIKeywordMain.groovy:64)
	at com.kms.katalon.core.webui.keyword.internal.WebUIKeywordMain.runKeyword(WebUIKeywordMain.groovy:26)
	at com.kms.katalon.core.webui.keyword.builtin.ClickKeyword.click(ClickKeyword.groovy:75)
	at com.kms.katalon.core.webui.keyword.builtin.ClickKeyword.execute(ClickKeyword.groovy:42)
	at com.kms.katalon.core.keyword.internal.KeywordExecutor.executeKeywordForPlatform(KeywordExecutor.groovy:73)
	at com.kms.katalon.core.webui.keyword.WebUiBuiltInKeywords.click(WebUiBuiltInKeywords.groovy:619)
	at com.kms.katalon.core.webui.keyword.WebUiBuiltInKeywords$click$4.call(Unknown Source)
	at EditMessage.run(EditMessage:39)
	at com.kms.katalon.core.main.ScriptEngine.run(ScriptEngine.java:194)
	at com.kms.katalon.core.main.ScriptEngine.runScriptAsRawText(ScriptEngine.java:119)
	at com.kms.katalon.core.main.TestCaseExecutor.runScript(TestCaseExecutor.java:398)
	at com.kms.katalon.core.main.TestCaseExecutor.doExecute(TestCaseExecutor.java:389)
	at com.kms.katalon.core.main.TestCaseExecutor.processExecutionPhase(TestCaseExecutor.java:368)
	at com.kms.katalon.core.main.TestCaseExecutor.accessMainPhase(TestCaseExecutor.java:360)
	at com.kms.katalon.core.main.TestCaseExecutor.execute(TestCaseExecutor.java:255)
	at com.kms.katalon.core.main.TestSuiteExecutor.accessTestCaseMainPhase(TestSuiteExecutor.java:203)
	at com.kms.katalon.core.main.TestSuiteExecutor.accessTestSuiteMainPhase(TestSuiteExecutor.java:152)
	at com.kms.katalon.core.main.TestSuiteExecutor.execute(TestSuiteExecutor.java:95)
	at com.kms.katalon.core.main.TestCaseMain.startTestSuite(TestCaseMain.java:157)
	at com.kms.katalon.core.main.TestCaseMain$startTestSuite$0.call(Unknown Source)
	at TempTestSuite1622212592997.run(TempTestSuite1622212592997.groovy:39)
Caused by: com.kms.katalon.core.webui.exception.WebElementNotFoundException: Web element with id: 'Object Repository/DeleteMessage_OR/Page_Test 77777 - TOKEN_UPDATED Mattermost/button_Edit' located by '//li[@id='edit_post_947745rotinbff747yofifz5yo']/button' not found
	at com.kms.katalon.core.webui.common.WebUiCommonHelper.findWebElement(WebUiCommonHelper.java:1368)
	at com.kms.katalon.core.webui.keyword.internal.WebUIAbstractKeyword.findWebElement(WebUIAbstractKeyword.groovy:27)
	at com.kms.katalon.core.webui.keyword.internal.WebUIAbstractKeyword.findWebElement(WebUIAbstractKeyword.groovy:26)
	at com.kms.katalon.core.webui.keyword.builtin.ClickKeyword$_click_closure1.doCall(ClickKeyword.groovy:66)
	at com.kms.katalon.core.webui.keyword.builtin.ClickKeyword$_click_closure1.call(ClickKeyword.groovy)
	at com.kms.katalon.core.webui.keyword.internal.WebUIKeywordMain.runKeyword(WebUIKeywordMain.groovy:20)
	... 19 more]]></system-err>
      </testcase>
      <testcase name="Test Cases/Logout" time="23.157" classname="Test Cases/Logout" status="PASSED">
         <system-out><![CDATA[2021-05-28 22:05:47 - [TEST_CASE][PASSED] - Test Cases/Logout: Test Cases/Logout

2021-05-28 22:05:47 - [TEST_STEP][PASSED] - openBrowser("https://cdnc-group2.herokuapp.com/"): Browser is opened with url: 'https://cdnc-group2.herokuapp.com/'

2021-05-28 22:05:47 - [MESSAGE][WARNING] - A browser is already opened. Closing browser and opening a new one

2021-05-28 22:05:48 - [MESSAGE][INFO] - Starting 'Chrome' driver

2021-05-28 22:05:48 - [MESSAGE][INFO] - Action delay is set to 0 milliseconds

2021-05-28 22:05:54 - [MESSAGE][PASSED] - Browser is opened with url: 'https://cdnc-group2.herokuapp.com/'

2021-05-28 22:05:54 - [TEST_STEP][PASSED] - setText(findTestObject("Login/input_Email"), "ngoctin040999@gmail.com"): Text 'ngoctin040999@gmail.com' is set on object 'Object Repository/Login/input_Email'

2021-05-28 22:05:59 - [MESSAGE][PASSED] - Text 'ngoctin040999@gmail.com' is set on object 'Object Repository/Login/input_Email'

2021-05-28 22:05:59 - [TEST_STEP][PASSED] - setText(findTestObject("Login/input_Password"), "ngoctin1"): Text 'ngoctin1' is set on object 'Object Repository/Login/input_Password'

2021-05-28 22:06:00 - [MESSAGE][PASSED] - Text 'ngoctin1' is set on object 'Object Repository/Login/input_Password'

2021-05-28 22:06:00 - [TEST_STEP][PASSED] - click(findTestObject("Login/button_Sign in")): Object: 'Object Repository/Login/button_Sign in' is clicked on

2021-05-28 22:06:01 - [MESSAGE][PASSED] - Object: 'Object Repository/Login/button_Sign in' is clicked on

2021-05-28 22:06:01 - [TEST_STEP][PASSED] - delay(2): Delayed 2 second(s)

2021-05-28 22:06:03 - [MESSAGE][PASSED] - Delayed 2 second(s)

2021-05-28 22:06:03 - [TEST_STEP][PASSED] - click(findTestObject("UpdatePassword/button_Option")): Object: 'Object Repository/UpdatePassword/button_Option' is clicked on

2021-05-28 22:06:04 - [MESSAGE][PASSED] - Object: 'Object Repository/UpdatePassword/button_Option' is clicked on

2021-05-28 22:06:04 - [TEST_STEP][PASSED] - click(findTestObject("Logout/button_Log Out")): Object: 'Object Repository/Logout/button_Log Out' is clicked on

2021-05-28 22:06:05 - [MESSAGE][PASSED] - Object: 'Object Repository/Logout/button_Log Out' is clicked on

2021-05-28 22:06:05 - [TEST_STEP][PASSED] - verifyElementVisible(findTestObject("Register/h1_Mattermost")): Object 'Object Repository/Register/h1_Mattermost' is visible

2021-05-28 22:06:08 - [MESSAGE][PASSED] - Object 'Object Repository/Register/h1_Mattermost' is visible

2021-05-28 22:06:08 - [TEST_STEP][PASSED] - delay(1): Delayed 1 second(s)

2021-05-28 22:06:09 - [MESSAGE][PASSED] - Delayed 1 second(s)

2021-05-28 22:06:09 - [TEST_STEP][PASSED] - closeBrowser(): Browser is closed

2021-05-28 22:06:10 - [MESSAGE][PASSED] - Browser is closed]]></system-out>
         <system-err><![CDATA[]]></system-err>
      </testcase>
      <testcase name="Test Cases/Main/TestcaseLeaveChannel" time="18.033" classname="Test Cases/Main/TestcaseLeaveChannel" status="ERROR">
         <error type="ERROR" message="Test Cases/Main/TestcaseLeaveChannel FAILED.
Reason:
org.codehaus.groovy.runtime.metaclass.MethodSelectionException: Could not find which method click() to invoke from this list:
  public static void com.kms.katalon.core.webui.keyword.WebUiBuiltInKeywords#click(com.kms.katalon.core.testobject.TestObject)
  public static void com.kms.katalon.core.webui.keyword.WebUiBuiltInKeywords#click(com.kms.katalon.core.testobject.TestObject, com.kms.katalon.core.model.FailureHandling)
	at TestcaseLeaveChannel.run(TestcaseLeaveChannel:25)
	at com.kms.katalon.core.main.ScriptEngine.run(ScriptEngine.java:194)
	at com.kms.katalon.core.main.ScriptEngine.runScriptAsRawText(ScriptEngine.java:119)
	at com.kms.katalon.core.main.TestCaseExecutor.runScript(TestCaseExecutor.java:398)
	at com.kms.katalon.core.main.TestCaseExecutor.doExecute(TestCaseExecutor.java:389)
	at com.kms.katalon.core.main.TestCaseExecutor.processExecutionPhase(TestCaseExecutor.java:368)
	at com.kms.katalon.core.main.TestCaseExecutor.accessMainPhase(TestCaseExecutor.java:360)
	at com.kms.katalon.core.main.TestCaseExecutor.execute(TestCaseExecutor.java:255)
	at com.kms.katalon.core.main.TestSuiteExecutor.accessTestCaseMainPhase(TestSuiteExecutor.java:203)
	at com.kms.katalon.core.main.TestSuiteExecutor.accessTestSuiteMainPhase(TestSuiteExecutor.java:152)
	at com.kms.katalon.core.main.TestSuiteExecutor.execute(TestSuiteExecutor.java:95)
	at com.kms.katalon.core.main.TestCaseMain.startTestSuite(TestCaseMain.java:157)
	at com.kms.katalon.core.main.TestCaseMain$startTestSuite$0.call(Unknown Source)
	at TempTestSuite1622212592997.run(TempTestSuite1622212592997.groovy:39)
"/>
         <system-out><![CDATA[2021-05-28 22:06:10 - [TEST_CASE][ERROR] - Test Cases/Main/TestcaseLeaveChannel: Test Cases/Main/TestcaseLeaveChannel FAILED.
Reason:
org.codehaus.groovy.runtime.metaclass.MethodSelectionException: Could not find which method click() to invoke from this list:
  public static void com.kms.katalon.core.webui.keyword.WebUiBuiltInKeywords#click(com.kms.katalon.core.testobject.TestObject)
  public static void com.kms.katalon.core.webui.keyword.WebUiBuiltInKeywords#click(com.kms.katalon.core.testobject.TestObject, com.kms.katalon.core.model.FailureHandling)
	at TestcaseLeaveChannel.run(TestcaseLeaveChannel:25)
	at com.kms.katalon.core.main.ScriptEngine.run(ScriptEngine.java:194)
	at com.kms.katalon.core.main.ScriptEngine.runScriptAsRawText(ScriptEngine.java:119)
	at com.kms.katalon.core.main.TestCaseExecutor.runScript(TestCaseExecutor.java:398)
	at com.kms.katalon.core.main.TestCaseExecutor.doExecute(TestCaseExecutor.java:389)
	at com.kms.katalon.core.main.TestCaseExecutor.processExecutionPhase(TestCaseExecutor.java:368)
	at com.kms.katalon.core.main.TestCaseExecutor.accessMainPhase(TestCaseExecutor.java:360)
	at com.kms.katalon.core.main.TestCaseExecutor.execute(TestCaseExecutor.java:255)
	at com.kms.katalon.core.main.TestSuiteExecutor.accessTestCaseMainPhase(TestSuiteExecutor.java:203)
	at com.kms.katalon.core.main.TestSuiteExecutor.accessTestSuiteMainPhase(TestSuiteExecutor.java:152)
	at com.kms.katalon.core.main.TestSuiteExecutor.execute(TestSuiteExecutor.java:95)
	at com.kms.katalon.core.main.TestCaseMain.startTestSuite(TestCaseMain.java:157)
	at com.kms.katalon.core.main.TestCaseMain$startTestSuite$0.call(Unknown Source)
	at TempTestSuite1622212592997.run(TempTestSuite1622212592997.groovy:39)


2021-05-28 22:06:10 - [TEST_STEP][PASSED] - callTestCase(findTestCase("PreCondition/Login"), [:], STOP_ON_FAILURE): Call Test Case 'Test Cases/PreCondition/Login' successfully

2021-05-28 22:06:10 - [TEST_CASE][PASSED] - Test Cases/PreCondition/Login: Test Cases/PreCondition/Login

2021-05-28 22:06:10 - [TEST_STEP][PASSED] - openBrowser(""): Browser is opened with url: ''

2021-05-28 22:06:10 - [MESSAGE][INFO] - Starting 'Chrome' driver

2021-05-28 22:06:10 - [MESSAGE][INFO] - Action delay is set to 0 milliseconds

2021-05-28 22:06:12 - [MESSAGE][PASSED] - Browser is opened with url: ''

2021-05-28 22:06:12 - [TEST_STEP][PASSED] - navigateToUrl("https://cdnc-group2.herokuapp.com/"): Navigate to 'https://cdnc-group2.herokuapp.com/' successfully

2021-05-28 22:06:16 - [MESSAGE][PASSED] - Navigate to 'https://cdnc-group2.herokuapp.com/' successfully

2021-05-28 22:06:16 - [TEST_STEP][PASSED] - setText(findTestObject("Object Repository/Login/Page_Mattermost/input_All team communication in one place, _dcc84b"), "ngoctin040999@gmail.com"): Text 'ngoctin040999@gmail.com' is set on object 'Object Repository/Login/Page_Mattermost/input_All team communication in one place, _dcc84b'

2021-05-28 22:06:22 - [MESSAGE][PASSED] - Text 'ngoctin040999@gmail.com' is set on object 'Object Repository/Login/Page_Mattermost/input_All team communication in one place, _dcc84b'

2021-05-28 22:06:22 - [TEST_STEP][PASSED] - setEncryptedText(findTestObject("Object Repository/Login/Page_Mattermost/input_All team communication in one place, _a3edc6"), "S8w1SJvl7D1hts9IdMV+NQ=="): Text ****** has been set on object 'Object Repository/Login/Page_Mattermost/input_All team communication in one place, _a3edc6'

2021-05-28 22:06:23 - [MESSAGE][PASSED] - Text ****** has been set on object 'Object Repository/Login/Page_Mattermost/input_All team communication in one place, _a3edc6'

2021-05-28 22:06:23 - [TEST_STEP][PASSED] - click(findTestObject("Object Repository/Login/Page_Mattermost/button_Sign in")): Object: 'Object Repository/Login/Page_Mattermost/button_Sign in' is clicked on

2021-05-28 22:06:23 - [MESSAGE][PASSED] - Object: 'Object Repository/Login/Page_Mattermost/button_Sign in' is clicked on

2021-05-28 22:06:23 - [MESSAGE][PASSED] - Call Test Case 'Test Cases/PreCondition/Login' successfully

2021-05-28 22:06:23 - [TEST_STEP][PASSED] - click(findTestObject("Object Repository/Leave Channel/Page_Town Square - 123 Mattermost/span_hello")): Object: 'Object Repository/Leave Channel/Page_Town Square - 123 Mattermost/span_hello' is clicked on

2021-05-28 22:06:28 - [MESSAGE][PASSED] - Object: 'Object Repository/Leave Channel/Page_Town Square - 123 Mattermost/span_hello' is clicked on

2021-05-28 22:06:28 - [TEST_STEP][PASSED] - out.println(findTestObject("Object Repository/Leave Channel/Page_hello - 123 Mattermost/span_hello_channelHeaderDropdownIcon")): null

2021-05-28 22:06:28 - [TEST_STEP][PASSED] - click(): null]]></system-out>
         <system-err><![CDATA[2021-05-28 22:06:10 - [TEST_CASE][ERROR] - Test Cases/Main/TestcaseLeaveChannel: Test Cases/Main/TestcaseLeaveChannel FAILED.
Reason:
org.codehaus.groovy.runtime.metaclass.MethodSelectionException: Could not find which method click() to invoke from this list:
  public static void com.kms.katalon.core.webui.keyword.WebUiBuiltInKeywords#click(com.kms.katalon.core.testobject.TestObject)
  public static void com.kms.katalon.core.webui.keyword.WebUiBuiltInKeywords#click(com.kms.katalon.core.testobject.TestObject, com.kms.katalon.core.model.FailureHandling)
	at TestcaseLeaveChannel.run(TestcaseLeaveChannel:25)
	at com.kms.katalon.core.main.ScriptEngine.run(ScriptEngine.java:194)
	at com.kms.katalon.core.main.ScriptEngine.runScriptAsRawText(ScriptEngine.java:119)
	at com.kms.katalon.core.main.TestCaseExecutor.runScript(TestCaseExecutor.java:398)
	at com.kms.katalon.core.main.TestCaseExecutor.doExecute(TestCaseExecutor.java:389)
	at com.kms.katalon.core.main.TestCaseExecutor.processExecutionPhase(TestCaseExecutor.java:368)
	at com.kms.katalon.core.main.TestCaseExecutor.accessMainPhase(TestCaseExecutor.java:360)
	at com.kms.katalon.core.main.TestCaseExecutor.execute(TestCaseExecutor.java:255)
	at com.kms.katalon.core.main.TestSuiteExecutor.accessTestCaseMainPhase(TestSuiteExecutor.java:203)
	at com.kms.katalon.core.main.TestSuiteExecutor.accessTestSuiteMainPhase(TestSuiteExecutor.java:152)
	at com.kms.katalon.core.main.TestSuiteExecutor.execute(TestSuiteExecutor.java:95)
	at com.kms.katalon.core.main.TestCaseMain.startTestSuite(TestCaseMain.java:157)
	at com.kms.katalon.core.main.TestCaseMain$startTestSuite$0.call(Unknown Source)
	at TempTestSuite1622212592997.run(TempTestSuite1622212592997.groovy:39)]]></system-err>
      </testcase>
      <testcase name="Test Cases/Main/TestCaseLeaveTeam" time="79.323" classname="Test Cases/Main/TestCaseLeaveTeam" status="FAILED">
         <failure type="FAILED" message="Test Cases/Main/TestCaseLeaveTeam FAILED.
Reason:
com.kms.katalon.core.exception.StepFailedException: Unable to click on object 'Object Repository/LeaveTeam/Page_Town Square - 123 Mattermost/svg'
	at com.kms.katalon.core.webui.keyword.internal.WebUIKeywordMain.stepFailed(WebUIKeywordMain.groovy:64)
	at com.kms.katalon.core.webui.keyword.internal.WebUIKeywordMain.runKeyword(WebUIKeywordMain.groovy:26)
	at com.kms.katalon.core.webui.keyword.builtin.ClickKeyword.click(ClickKeyword.groovy:75)
	at com.kms.katalon.core.webui.keyword.builtin.ClickKeyword.execute(ClickKeyword.groovy:42)
	at com.kms.katalon.core.keyword.internal.KeywordExecutor.executeKeywordForPlatform(KeywordExecutor.groovy:73)
	at com.kms.katalon.core.webui.keyword.WebUiBuiltInKeywords.click(WebUiBuiltInKeywords.groovy:619)
	at com.kms.katalon.core.webui.keyword.WebUiBuiltInKeywords$click$4.call(Unknown Source)
	at TestCaseLeaveTeam.run(TestCaseLeaveTeam:24)
	at com.kms.katalon.core.main.ScriptEngine.run(ScriptEngine.java:194)
	at com.kms.katalon.core.main.ScriptEngine.runScriptAsRawText(ScriptEngine.java:119)
	at com.kms.katalon.core.main.TestCaseExecutor.runScript(TestCaseExecutor.java:398)
	at com.kms.katalon.core.main.TestCaseExecutor.doExecute(TestCaseExecutor.java:389)
	at com.kms.katalon.core.main.TestCaseExecutor.processExecutionPhase(TestCaseExecutor.java:368)
	at com.kms.katalon.core.main.TestCaseExecutor.accessMainPhase(TestCaseExecutor.java:360)
	at com.kms.katalon.core.main.TestCaseExecutor.execute(TestCaseExecutor.java:255)
	at com.kms.katalon.core.main.TestSuiteExecutor.accessTestCaseMainPhase(TestSuiteExecutor.java:203)
	at com.kms.katalon.core.main.TestSuiteExecutor.accessTestSuiteMainPhase(TestSuiteExecutor.java:152)
	at com.kms.katalon.core.main.TestSuiteExecutor.execute(TestSuiteExecutor.java:95)
	at com.kms.katalon.core.main.TestCaseMain.startTestSuite(TestCaseMain.java:157)
	at com.kms.katalon.core.main.TestCaseMain$startTestSuite$0.call(Unknown Source)
	at TempTestSuite1622212592997.run(TempTestSuite1622212592997.groovy:39)
Caused by: org.openqa.selenium.ElementClickInterceptedException: element click intercepted: Element &lt;svg width=&quot;13px&quot; height=&quot;13px&quot; viewBox=&quot;0 0 16 16&quot; role=&quot;presentation&quot; aria-label=&quot;Public Channel Icon&quot;>...&lt;/svg> is not clickable at point (23, 191). Other element would receive the click: &lt;button class=&quot;style--none MenuItem__with-help&quot; actions=&quot;[object Object]&quot; intl=&quot;[object Object]&quot; data-toggle=&quot;modal toggle&quot; aria-label=&quot;Invite People dialog&quot;>...&lt;/button>
  (Session info: chrome=90.0.4430.212)
Build info: version: '3.141.59', revision: 'e82be7d358', time: '2018-11-14T08:25:53'
System info: host: 'DESKTOP-0HE72I0', ip: '192.168.243.2', os.name: 'Windows 10', os.arch: 'amd64', os.version: '10.0', java.version: '1.8.0_282'
Driver info: com.kms.katalon.selenium.driver.CChromeDriver
Capabilities {acceptInsecureCerts: false, browserName: chrome, browserVersion: 90.0.4430.212, chrome: {chromedriverVersion: 90.0.4430.24 (4c6d850f087da..., userDataDir: C:\Users\tanth\AppData\Loca...}, goog:chromeOptions: {debuggerAddress: localhost:58776}, javascriptEnabled: true, networkConnectionEnabled: false, pageLoadStrategy: normal, platform: WINDOWS, platformName: WINDOWS, proxy: Proxy(), setWindowRect: true, strictFileInteractability: false, timeouts: {implicit: 0, pageLoad: 300000, script: 30000}, unhandledPromptBehavior: dismiss and notify, webauthn:extension:largeBlob: true, webauthn:virtualAuthenticators: true}
Session ID: c6df46738f4d3f956b3e4ea96d066b12
	at org.openqa.selenium.remote.http.W3CHttpResponseCodec.createException(W3CHttpResponseCodec.java:187)
	at org.openqa.selenium.remote.http.W3CHttpResponseCodec.decode(W3CHttpResponseCodec.java:122)
	at org.openqa.selenium.remote.http.W3CHttpResponseCodec.decode(W3CHttpResponseCodec.java:49)
	at org.openqa.selenium.remote.HttpCommandExecutor.execute(HttpCommandExecutor.java:158)
	at org.openqa.selenium.remote.service.DriverCommandExecutor.execute(DriverCommandExecutor.java:83)
	at org.openqa.selenium.remote.RemoteWebDriver.execute(RemoteWebDriver.java:552)
	at com.kms.katalon.selenium.driver.CChromeDriver.execute(CChromeDriver.java:19)
	at org.openqa.selenium.remote.RemoteWebElement.execute(RemoteWebElement.java:285)
	at org.openqa.selenium.remote.RemoteWebElement.click(RemoteWebElement.java:84)
	at org.openqa.selenium.support.events.EventFiringWebDriver$EventFiringWebElement.lambda$new$0(EventFiringWebDriver.java:404)
	at com.sun.proxy.$Proxy11.click(Unknown Source)
	at org.openqa.selenium.support.events.EventFiringWebDriver$EventFiringWebElement.click(EventFiringWebDriver.java:417)
	at com.kms.katalon.core.webui.keyword.builtin.ClickKeyword$_click_closure1.doCall(ClickKeyword.groovy:68)
	at com.kms.katalon.core.webui.keyword.builtin.ClickKeyword$_click_closure1.call(ClickKeyword.groovy)
	at com.kms.katalon.core.webui.keyword.internal.WebUIKeywordMain.runKeyword(WebUIKeywordMain.groovy:20)
	... 19 more
"/>
         <system-out><![CDATA[2021-05-28 22:06:28 - [TEST_CASE][FAILED] - Test Cases/Main/TestCaseLeaveTeam: Test Cases/Main/TestCaseLeaveTeam FAILED.
Reason:
com.kms.katalon.core.exception.StepFailedException: Unable to click on object 'Object Repository/LeaveTeam/Page_Town Square - 123 Mattermost/svg'
	at com.kms.katalon.core.webui.keyword.internal.WebUIKeywordMain.stepFailed(WebUIKeywordMain.groovy:64)
	at com.kms.katalon.core.webui.keyword.internal.WebUIKeywordMain.runKeyword(WebUIKeywordMain.groovy:26)
	at com.kms.katalon.core.webui.keyword.builtin.ClickKeyword.click(ClickKeyword.groovy:75)
	at com.kms.katalon.core.webui.keyword.builtin.ClickKeyword.execute(ClickKeyword.groovy:42)
	at com.kms.katalon.core.keyword.internal.KeywordExecutor.executeKeywordForPlatform(KeywordExecutor.groovy:73)
	at com.kms.katalon.core.webui.keyword.WebUiBuiltInKeywords.click(WebUiBuiltInKeywords.groovy:619)
	at com.kms.katalon.core.webui.keyword.WebUiBuiltInKeywords$click$4.call(Unknown Source)
	at TestCaseLeaveTeam.run(TestCaseLeaveTeam:24)
	at com.kms.katalon.core.main.ScriptEngine.run(ScriptEngine.java:194)
	at com.kms.katalon.core.main.ScriptEngine.runScriptAsRawText(ScriptEngine.java:119)
	at com.kms.katalon.core.main.TestCaseExecutor.runScript(TestCaseExecutor.java:398)
	at com.kms.katalon.core.main.TestCaseExecutor.doExecute(TestCaseExecutor.java:389)
	at com.kms.katalon.core.main.TestCaseExecutor.processExecutionPhase(TestCaseExecutor.java:368)
	at com.kms.katalon.core.main.TestCaseExecutor.accessMainPhase(TestCaseExecutor.java:360)
	at com.kms.katalon.core.main.TestCaseExecutor.execute(TestCaseExecutor.java:255)
	at com.kms.katalon.core.main.TestSuiteExecutor.accessTestCaseMainPhase(TestSuiteExecutor.java:203)
	at com.kms.katalon.core.main.TestSuiteExecutor.accessTestSuiteMainPhase(TestSuiteExecutor.java:152)
	at com.kms.katalon.core.main.TestSuiteExecutor.execute(TestSuiteExecutor.java:95)
	at com.kms.katalon.core.main.TestCaseMain.startTestSuite(TestCaseMain.java:157)
	at com.kms.katalon.core.main.TestCaseMain$startTestSuite$0.call(Unknown Source)
	at TempTestSuite1622212592997.run(TempTestSuite1622212592997.groovy:39)
Caused by: org.openqa.selenium.ElementClickInterceptedException: element click intercepted: Element <svg width="13px" height="13px" viewBox="0 0 16 16" role="presentation" aria-label="Public Channel Icon">...</svg> is not clickable at point (23, 191). Other element would receive the click: <button class="style--none MenuItem__with-help" actions="[object Object]" intl="[object Object]" data-toggle="modal toggle" aria-label="Invite People dialog">...</button>
  (Session info: chrome=90.0.4430.212)
Build info: version: '3.141.59', revision: 'e82be7d358', time: '2018-11-14T08:25:53'
System info: host: 'DESKTOP-0HE72I0', ip: '192.168.243.2', os.name: 'Windows 10', os.arch: 'amd64', os.version: '10.0', java.version: '1.8.0_282'
Driver info: com.kms.katalon.selenium.driver.CChromeDriver
Capabilities {acceptInsecureCerts: false, browserName: chrome, browserVersion: 90.0.4430.212, chrome: {chromedriverVersion: 90.0.4430.24 (4c6d850f087da..., userDataDir: C:\Users\tanth\AppData\Loca...}, goog:chromeOptions: {debuggerAddress: localhost:58776}, javascriptEnabled: true, networkConnectionEnabled: false, pageLoadStrategy: normal, platform: WINDOWS, platformName: WINDOWS, proxy: Proxy(), setWindowRect: true, strictFileInteractability: false, timeouts: {implicit: 0, pageLoad: 300000, script: 30000}, unhandledPromptBehavior: dismiss and notify, webauthn:extension:largeBlob: true, webauthn:virtualAuthenticators: true}
Session ID: c6df46738f4d3f956b3e4ea96d066b12
	at org.openqa.selenium.remote.http.W3CHttpResponseCodec.createException(W3CHttpResponseCodec.java:187)
	at org.openqa.selenium.remote.http.W3CHttpResponseCodec.decode(W3CHttpResponseCodec.java:122)
	at org.openqa.selenium.remote.http.W3CHttpResponseCodec.decode(W3CHttpResponseCodec.java:49)
	at org.openqa.selenium.remote.HttpCommandExecutor.execute(HttpCommandExecutor.java:158)
	at org.openqa.selenium.remote.service.DriverCommandExecutor.execute(DriverCommandExecutor.java:83)
	at org.openqa.selenium.remote.RemoteWebDriver.execute(RemoteWebDriver.java:552)
	at com.kms.katalon.selenium.driver.CChromeDriver.execute(CChromeDriver.java:19)
	at org.openqa.selenium.remote.RemoteWebElement.execute(RemoteWebElement.java:285)
	at org.openqa.selenium.remote.RemoteWebElement.click(RemoteWebElement.java:84)
	at org.openqa.selenium.support.events.EventFiringWebDriver$EventFiringWebElement.lambda$new$0(EventFiringWebDriver.java:404)
	at com.sun.proxy.$Proxy11.click(Unknown Source)
	at org.openqa.selenium.support.events.EventFiringWebDriver$EventFiringWebElement.click(EventFiringWebDriver.java:417)
	at com.kms.katalon.core.webui.keyword.builtin.ClickKeyword$_click_closure1.doCall(ClickKeyword.groovy:68)
	at com.kms.katalon.core.webui.keyword.builtin.ClickKeyword$_click_closure1.call(ClickKeyword.groovy)
	at com.kms.katalon.core.webui.keyword.internal.WebUIKeywordMain.runKeyword(WebUIKeywordMain.groovy:20)
	... 19 more


2021-05-28 22:06:29 - [TEST_STEP][PASSED] - callTestCase(findTestCase("PreCondition/Login"), [:], STOP_ON_FAILURE): Call Test Case 'Test Cases/PreCondition/Login' successfully

2021-05-28 22:06:29 - [TEST_CASE][PASSED] - Test Cases/PreCondition/Login: Test Cases/PreCondition/Login

2021-05-28 22:06:29 - [TEST_STEP][PASSED] - openBrowser(""): Browser is opened with url: ''

2021-05-28 22:06:29 - [MESSAGE][WARNING] - A browser is already opened. Closing browser and opening a new one

2021-05-28 22:06:30 - [MESSAGE][INFO] - Starting 'Chrome' driver

2021-05-28 22:06:30 - [MESSAGE][INFO] - Action delay is set to 0 milliseconds

2021-05-28 22:06:32 - [MESSAGE][PASSED] - Browser is opened with url: ''

2021-05-28 22:06:32 - [TEST_STEP][PASSED] - navigateToUrl("https://cdnc-group2.herokuapp.com/"): Navigate to 'https://cdnc-group2.herokuapp.com/' successfully

2021-05-28 22:06:36 - [MESSAGE][PASSED] - Navigate to 'https://cdnc-group2.herokuapp.com/' successfully

2021-05-28 22:06:36 - [TEST_STEP][PASSED] - setText(findTestObject("Object Repository/Login/Page_Mattermost/input_All team communication in one place, _dcc84b"), "ngoctin040999@gmail.com"): Text 'ngoctin040999@gmail.com' is set on object 'Object Repository/Login/Page_Mattermost/input_All team communication in one place, _dcc84b'

2021-05-28 22:06:41 - [MESSAGE][PASSED] - Text 'ngoctin040999@gmail.com' is set on object 'Object Repository/Login/Page_Mattermost/input_All team communication in one place, _dcc84b'

2021-05-28 22:06:41 - [TEST_STEP][PASSED] - setEncryptedText(findTestObject("Object Repository/Login/Page_Mattermost/input_All team communication in one place, _a3edc6"), "S8w1SJvl7D1hts9IdMV+NQ=="): Text ****** has been set on object 'Object Repository/Login/Page_Mattermost/input_All team communication in one place, _a3edc6'

2021-05-28 22:06:41 - [MESSAGE][PASSED] - Text ****** has been set on object 'Object Repository/Login/Page_Mattermost/input_All team communication in one place, _a3edc6'

2021-05-28 22:06:41 - [TEST_STEP][PASSED] - click(findTestObject("Object Repository/Login/Page_Mattermost/button_Sign in")): Object: 'Object Repository/Login/Page_Mattermost/button_Sign in' is clicked on

2021-05-28 22:06:42 - [MESSAGE][PASSED] - Object: 'Object Repository/Login/Page_Mattermost/button_Sign in' is clicked on

2021-05-28 22:06:42 - [MESSAGE][PASSED] - Call Test Case 'Test Cases/PreCondition/Login' successfully

2021-05-28 22:06:42 - [TEST_STEP][PASSED] - click(findTestObject("Object Repository/LeaveTeam/Page_Town Square - 123 Mattermost/div_12")): Object: 'Object Repository/LeaveTeam/Page_Town Square - 123 Mattermost/div_12' is clicked on

2021-05-28 22:07:13 - [MESSAGE][INFO] - Unable to find the element located by 'By.xpath: //a[@id='cdnc-gr-123TeamButton']/div/div/div/div'. Please recheck the objects properties to make sure the desired element is located. 

2021-05-28 22:07:13 - [MESSAGE][WARNING] - [SELF-HEALING] Failed to find element with id 'Object Repository/LeaveTeam/Page_Town Square - 123 Mattermost/div_12'. Try using Self-healing.

2021-05-28 22:07:14 - [MESSAGE][WARNING] - [SELF-HEALING] The current locator of test object 'Object Repository/LeaveTeam/Page_Town Square - 123 Mattermost/div_12' was broken. Propose an alternative one: '(.//*[normalize-space(text()) and normalize-space(.)='+'])[1]/preceding::div[6]'.

2021-05-28 22:07:14 - [MESSAGE][PASSED] - Object: 'Object Repository/LeaveTeam/Page_Town Square - 123 Mattermost/div_12' is clicked on

2021-05-28 22:07:14 - [TEST_STEP][FAILED] - click(findTestObject("Object Repository/LeaveTeam/Page_Town Square - 123 Mattermost/svg")): Unable to click on object 'Object Repository/LeaveTeam/Page_Town Square - 123 Mattermost/svg' (Root cause: com.kms.katalon.core.exception.StepFailedException: Unable to click on object 'Object Repository/LeaveTeam/Page_Town Square - 123 Mattermost/svg'
	at com.kms.katalon.core.webui.keyword.internal.WebUIKeywordMain.stepFailed(WebUIKeywordMain.groovy:64)
	at com.kms.katalon.core.webui.keyword.internal.WebUIKeywordMain.runKeyword(WebUIKeywordMain.groovy:26)
	at com.kms.katalon.core.webui.keyword.builtin.ClickKeyword.click(ClickKeyword.groovy:75)
	at com.kms.katalon.core.webui.keyword.builtin.ClickKeyword.execute(ClickKeyword.groovy:42)
	at com.kms.katalon.core.keyword.internal.KeywordExecutor.executeKeywordForPlatform(KeywordExecutor.groovy:73)
	at com.kms.katalon.core.webui.keyword.WebUiBuiltInKeywords.click(WebUiBuiltInKeywords.groovy:619)
	at com.kms.katalon.core.webui.keyword.WebUiBuiltInKeywords$click$4.call(Unknown Source)
	at TestCaseLeaveTeam.run(TestCaseLeaveTeam:24)
	at com.kms.katalon.core.main.ScriptEngine.run(ScriptEngine.java:194)
	at com.kms.katalon.core.main.ScriptEngine.runScriptAsRawText(ScriptEngine.java:119)
	at com.kms.katalon.core.main.TestCaseExecutor.runScript(TestCaseExecutor.java:398)
	at com.kms.katalon.core.main.TestCaseExecutor.doExecute(TestCaseExecutor.java:389)
	at com.kms.katalon.core.main.TestCaseExecutor.processExecutionPhase(TestCaseExecutor.java:368)
	at com.kms.katalon.core.main.TestCaseExecutor.accessMainPhase(TestCaseExecutor.java:360)
	at com.kms.katalon.core.main.TestCaseExecutor.execute(TestCaseExecutor.java:255)
	at com.kms.katalon.core.main.TestSuiteExecutor.accessTestCaseMainPhase(TestSuiteExecutor.java:203)
	at com.kms.katalon.core.main.TestSuiteExecutor.accessTestSuiteMainPhase(TestSuiteExecutor.java:152)
	at com.kms.katalon.core.main.TestSuiteExecutor.execute(TestSuiteExecutor.java:95)
	at com.kms.katalon.core.main.TestCaseMain.startTestSuite(TestCaseMain.java:157)
	at com.kms.katalon.core.main.TestCaseMain$startTestSuite$0.call(Unknown Source)
	at TempTestSuite1622212592997.run(TempTestSuite1622212592997.groovy:39)
Caused by: org.openqa.selenium.ElementClickInterceptedException: element click intercepted: Element <svg width="13px" height="13px" viewBox="0 0 16 16" role="presentation" aria-label="Public Channel Icon">...</svg> is not clickable at point (23, 191). Other element would receive the click: <button class="style--none MenuItem__with-help" actions="[object Object]" intl="[object Object]" data-toggle="modal toggle" aria-label="Invite People dialog">...</button>
  (Session info: chrome=90.0.4430.212)
Build info: version: '3.141.59', revision: 'e82be7d358', time: '2018-11-14T08:25:53'
System info: host: 'DESKTOP-0HE72I0', ip: '192.168.243.2', os.name: 'Windows 10', os.arch: 'amd64', os.version: '10.0', java.version: '1.8.0_282'
Driver info: com.kms.katalon.selenium.driver.CChromeDriver
Capabilities {acceptInsecureCerts: false, browserName: chrome, browserVersion: 90.0.4430.212, chrome: {chromedriverVersion: 90.0.4430.24 (4c6d850f087da..., userDataDir: C:\Users\tanth\AppData\Loca...}, goog:chromeOptions: {debuggerAddress: localhost:58776}, javascriptEnabled: true, networkConnectionEnabled: false, pageLoadStrategy: normal, platform: WINDOWS, platformName: WINDOWS, proxy: Proxy(), setWindowRect: true, strictFileInteractability: false, timeouts: {implicit: 0, pageLoad: 300000, script: 30000}, unhandledPromptBehavior: dismiss and notify, webauthn:extension:largeBlob: true, webauthn:virtualAuthenticators: true}
Session ID: c6df46738f4d3f956b3e4ea96d066b12
	at org.openqa.selenium.remote.http.W3CHttpResponseCodec.createException(W3CHttpResponseCodec.java:187)
	at org.openqa.selenium.remote.http.W3CHttpResponseCodec.decode(W3CHttpResponseCodec.java:122)
	at org.openqa.selenium.remote.http.W3CHttpResponseCodec.decode(W3CHttpResponseCodec.java:49)
	at org.openqa.selenium.remote.HttpCommandExecutor.execute(HttpCommandExecutor.java:158)
	at org.openqa.selenium.remote.service.DriverCommandExecutor.execute(DriverCommandExecutor.java:83)
	at org.openqa.selenium.remote.RemoteWebDriver.execute(RemoteWebDriver.java:552)
	at com.kms.katalon.selenium.driver.CChromeDriver.execute(CChromeDriver.java:19)
	at org.openqa.selenium.remote.RemoteWebElement.execute(RemoteWebElement.java:285)
	at org.openqa.selenium.remote.RemoteWebElement.click(RemoteWebElement.java:84)
	at org.openqa.selenium.support.events.EventFiringWebDriver$EventFiringWebElement.lambda$new$0(EventFiringWebDriver.java:404)
	at com.sun.proxy.$Proxy11.click(Unknown Source)
	at org.openqa.selenium.support.events.EventFiringWebDriver$EventFiringWebElement.click(EventFiringWebDriver.java:417)
	at com.kms.katalon.core.webui.keyword.builtin.ClickKeyword$_click_closure1.doCall(ClickKeyword.groovy:68)
	at com.kms.katalon.core.webui.keyword.builtin.ClickKeyword$_click_closure1.call(ClickKeyword.groovy)
	at com.kms.katalon.core.webui.keyword.internal.WebUIKeywordMain.runKeyword(WebUIKeywordMain.groovy:20)
	at com.kms.katalon.core.webui.keyword.builtin.ClickKeyword.click(ClickKeyword.groovy:75)
	at com.kms.katalon.core.webui.keyword.builtin.ClickKeyword.execute(ClickKeyword.groovy:42)
	at com.kms.katalon.core.keyword.internal.KeywordExecutor.executeKeywordForPlatform(KeywordExecutor.groovy:73)
	at com.kms.katalon.core.webui.keyword.WebUiBuiltInKeywords.click(WebUiBuiltInKeywords.groovy:619)
	at com.kms.katalon.core.webui.keyword.WebUiBuiltInKeywords$click$4.call(Unknown Source)
	at Script1622007899682.run(Script1622007899682.groovy:24)
	... 13 more
)

2021-05-28 22:07:46 - [MESSAGE][INFO] - Unable to find the element located by 'By.xpath: (.//*[normalize-space(text()) and normalize-space(.)='@ngoctin02806'])[1]/following::*[name()='svg'][1]'. Please recheck the objects properties to make sure the desired element is located. 

2021-05-28 22:07:46 - [MESSAGE][WARNING] - [SELF-HEALING] Failed to find element with id 'Object Repository/LeaveTeam/Page_Town Square - 123 Mattermost/svg'. Try using Self-healing.

2021-05-28 22:07:46 - [MESSAGE][WARNING] - [SELF-HEALING] The current locator of test object 'Object Repository/LeaveTeam/Page_Town Square - 123 Mattermost/svg' was broken. Propose an alternative one: '(.//*[normalize-space(text()) and normalize-space(.)='+'])[1]/following::*[name()='svg'][2]'.

2021-05-28 22:07:47 - [MESSAGE][FAILED] - Unable to click on object 'Object Repository/LeaveTeam/Page_Town Square - 123 Mattermost/svg' (Root cause: com.kms.katalon.core.exception.StepFailedException: Unable to click on object 'Object Repository/LeaveTeam/Page_Town Square - 123 Mattermost/svg'
	at com.kms.katalon.core.webui.keyword.internal.WebUIKeywordMain.stepFailed(WebUIKeywordMain.groovy:64)
	at com.kms.katalon.core.webui.keyword.internal.WebUIKeywordMain.runKeyword(WebUIKeywordMain.groovy:26)
	at com.kms.katalon.core.webui.keyword.builtin.ClickKeyword.click(ClickKeyword.groovy:75)
	at com.kms.katalon.core.webui.keyword.builtin.ClickKeyword.execute(ClickKeyword.groovy:42)
	at com.kms.katalon.core.keyword.internal.KeywordExecutor.executeKeywordForPlatform(KeywordExecutor.groovy:73)
	at com.kms.katalon.core.webui.keyword.WebUiBuiltInKeywords.click(WebUiBuiltInKeywords.groovy:619)
	at com.kms.katalon.core.webui.keyword.WebUiBuiltInKeywords$click$4.call(Unknown Source)
	at TestCaseLeaveTeam.run(TestCaseLeaveTeam:24)
	at com.kms.katalon.core.main.ScriptEngine.run(ScriptEngine.java:194)
	at com.kms.katalon.core.main.ScriptEngine.runScriptAsRawText(ScriptEngine.java:119)
	at com.kms.katalon.core.main.TestCaseExecutor.runScript(TestCaseExecutor.java:398)
	at com.kms.katalon.core.main.TestCaseExecutor.doExecute(TestCaseExecutor.java:389)
	at com.kms.katalon.core.main.TestCaseExecutor.processExecutionPhase(TestCaseExecutor.java:368)
	at com.kms.katalon.core.main.TestCaseExecutor.accessMainPhase(TestCaseExecutor.java:360)
	at com.kms.katalon.core.main.TestCaseExecutor.execute(TestCaseExecutor.java:255)
	at com.kms.katalon.core.main.TestSuiteExecutor.accessTestCaseMainPhase(TestSuiteExecutor.java:203)
	at com.kms.katalon.core.main.TestSuiteExecutor.accessTestSuiteMainPhase(TestSuiteExecutor.java:152)
	at com.kms.katalon.core.main.TestSuiteExecutor.execute(TestSuiteExecutor.java:95)
	at com.kms.katalon.core.main.TestCaseMain.startTestSuite(TestCaseMain.java:157)
	at com.kms.katalon.core.main.TestCaseMain$startTestSuite$0.call(Unknown Source)
	at TempTestSuite1622212592997.run(TempTestSuite1622212592997.groovy:39)
Caused by: org.openqa.selenium.ElementClickInterceptedException: element click intercepted: Element <svg width="13px" height="13px" viewBox="0 0 16 16" role="presentation" aria-label="Public Channel Icon">...</svg> is not clickable at point (23, 191). Other element would receive the click: <button class="style--none MenuItem__with-help" actions="[object Object]" intl="[object Object]" data-toggle="modal toggle" aria-label="Invite People dialog">...</button>
  (Session info: chrome=90.0.4430.212)
Build info: version: '3.141.59', revision: 'e82be7d358', time: '2018-11-14T08:25:53'
System info: host: 'DESKTOP-0HE72I0', ip: '192.168.243.2', os.name: 'Windows 10', os.arch: 'amd64', os.version: '10.0', java.version: '1.8.0_282'
Driver info: com.kms.katalon.selenium.driver.CChromeDriver
Capabilities {acceptInsecureCerts: false, browserName: chrome, browserVersion: 90.0.4430.212, chrome: {chromedriverVersion: 90.0.4430.24 (4c6d850f087da..., userDataDir: C:\Users\tanth\AppData\Loca...}, goog:chromeOptions: {debuggerAddress: localhost:58776}, javascriptEnabled: true, networkConnectionEnabled: false, pageLoadStrategy: normal, platform: WINDOWS, platformName: WINDOWS, proxy: Proxy(), setWindowRect: true, strictFileInteractability: false, timeouts: {implicit: 0, pageLoad: 300000, script: 30000}, unhandledPromptBehavior: dismiss and notify, webauthn:extension:largeBlob: true, webauthn:virtualAuthenticators: true}
Session ID: c6df46738f4d3f956b3e4ea96d066b12
	at org.openqa.selenium.remote.http.W3CHttpResponseCodec.createException(W3CHttpResponseCodec.java:187)
	at org.openqa.selenium.remote.http.W3CHttpResponseCodec.decode(W3CHttpResponseCodec.java:122)
	at org.openqa.selenium.remote.http.W3CHttpResponseCodec.decode(W3CHttpResponseCodec.java:49)
	at org.openqa.selenium.remote.HttpCommandExecutor.execute(HttpCommandExecutor.java:158)
	at org.openqa.selenium.remote.service.DriverCommandExecutor.execute(DriverCommandExecutor.java:83)
	at org.openqa.selenium.remote.RemoteWebDriver.execute(RemoteWebDriver.java:552)
	at com.kms.katalon.selenium.driver.CChromeDriver.execute(CChromeDriver.java:19)
	at org.openqa.selenium.remote.RemoteWebElement.execute(RemoteWebElement.java:285)
	at org.openqa.selenium.remote.RemoteWebElement.click(RemoteWebElement.java:84)
	at org.openqa.selenium.support.events.EventFiringWebDriver$EventFiringWebElement.lambda$new$0(EventFiringWebDriver.java:404)
	at com.sun.proxy.$Proxy11.click(Unknown Source)
	at org.openqa.selenium.support.events.EventFiringWebDriver$EventFiringWebElement.click(EventFiringWebDriver.java:417)
	at com.kms.katalon.core.webui.keyword.builtin.ClickKeyword$_click_closure1.doCall(ClickKeyword.groovy:68)
	at com.kms.katalon.core.webui.keyword.builtin.ClickKeyword$_click_closure1.call(ClickKeyword.groovy)
	at com.kms.katalon.core.webui.keyword.internal.WebUIKeywordMain.runKeyword(WebUIKeywordMain.groovy:20)
	at com.kms.katalon.core.webui.keyword.builtin.ClickKeyword.click(ClickKeyword.groovy:75)
	at com.kms.katalon.core.webui.keyword.builtin.ClickKeyword.execute(ClickKeyword.groovy:42)
	at com.kms.katalon.core.keyword.internal.KeywordExecutor.executeKeywordForPlatform(KeywordExecutor.groovy:73)
	at com.kms.katalon.core.webui.keyword.WebUiBuiltInKeywords.click(WebUiBuiltInKeywords.groovy:619)
	at com.kms.katalon.core.webui.keyword.WebUiBuiltInKeywords$click$4.call(Unknown Source)
	at Script1622007899682.run(Script1622007899682.groovy:24)
	... 13 more
)
[[ATTACHMENT|C:\\Users\\tanth\\git\\katalon\\Reports\\20210528_213632\\Run all test cases\\20210528_213632\\1622214467541.png]]]]></system-out>
         <system-err><![CDATA[2021-05-28 22:06:28 - [TEST_CASE][FAILED] - Test Cases/Main/TestCaseLeaveTeam: Test Cases/Main/TestCaseLeaveTeam FAILED.
Reason:
com.kms.katalon.core.exception.StepFailedException: Unable to click on object 'Object Repository/LeaveTeam/Page_Town Square - 123 Mattermost/svg'
	at com.kms.katalon.core.webui.keyword.internal.WebUIKeywordMain.stepFailed(WebUIKeywordMain.groovy:64)
	at com.kms.katalon.core.webui.keyword.internal.WebUIKeywordMain.runKeyword(WebUIKeywordMain.groovy:26)
	at com.kms.katalon.core.webui.keyword.builtin.ClickKeyword.click(ClickKeyword.groovy:75)
	at com.kms.katalon.core.webui.keyword.builtin.ClickKeyword.execute(ClickKeyword.groovy:42)
	at com.kms.katalon.core.keyword.internal.KeywordExecutor.executeKeywordForPlatform(KeywordExecutor.groovy:73)
	at com.kms.katalon.core.webui.keyword.WebUiBuiltInKeywords.click(WebUiBuiltInKeywords.groovy:619)
	at com.kms.katalon.core.webui.keyword.WebUiBuiltInKeywords$click$4.call(Unknown Source)
	at TestCaseLeaveTeam.run(TestCaseLeaveTeam:24)
	at com.kms.katalon.core.main.ScriptEngine.run(ScriptEngine.java:194)
	at com.kms.katalon.core.main.ScriptEngine.runScriptAsRawText(ScriptEngine.java:119)
	at com.kms.katalon.core.main.TestCaseExecutor.runScript(TestCaseExecutor.java:398)
	at com.kms.katalon.core.main.TestCaseExecutor.doExecute(TestCaseExecutor.java:389)
	at com.kms.katalon.core.main.TestCaseExecutor.processExecutionPhase(TestCaseExecutor.java:368)
	at com.kms.katalon.core.main.TestCaseExecutor.accessMainPhase(TestCaseExecutor.java:360)
	at com.kms.katalon.core.main.TestCaseExecutor.execute(TestCaseExecutor.java:255)
	at com.kms.katalon.core.main.TestSuiteExecutor.accessTestCaseMainPhase(TestSuiteExecutor.java:203)
	at com.kms.katalon.core.main.TestSuiteExecutor.accessTestSuiteMainPhase(TestSuiteExecutor.java:152)
	at com.kms.katalon.core.main.TestSuiteExecutor.execute(TestSuiteExecutor.java:95)
	at com.kms.katalon.core.main.TestCaseMain.startTestSuite(TestCaseMain.java:157)
	at com.kms.katalon.core.main.TestCaseMain$startTestSuite$0.call(Unknown Source)
	at TempTestSuite1622212592997.run(TempTestSuite1622212592997.groovy:39)
Caused by: org.openqa.selenium.ElementClickInterceptedException: element click intercepted: Element <svg width="13px" height="13px" viewBox="0 0 16 16" role="presentation" aria-label="Public Channel Icon">...</svg> is not clickable at point (23, 191). Other element would receive the click: <button class="style--none MenuItem__with-help" actions="[object Object]" intl="[object Object]" data-toggle="modal toggle" aria-label="Invite People dialog">...</button>
  (Session info: chrome=90.0.4430.212)
Build info: version: '3.141.59', revision: 'e82be7d358', time: '2018-11-14T08:25:53'
System info: host: 'DESKTOP-0HE72I0', ip: '192.168.243.2', os.name: 'Windows 10', os.arch: 'amd64', os.version: '10.0', java.version: '1.8.0_282'
Driver info: com.kms.katalon.selenium.driver.CChromeDriver
Capabilities {acceptInsecureCerts: false, browserName: chrome, browserVersion: 90.0.4430.212, chrome: {chromedriverVersion: 90.0.4430.24 (4c6d850f087da..., userDataDir: C:\Users\tanth\AppData\Loca...}, goog:chromeOptions: {debuggerAddress: localhost:58776}, javascriptEnabled: true, networkConnectionEnabled: false, pageLoadStrategy: normal, platform: WINDOWS, platformName: WINDOWS, proxy: Proxy(), setWindowRect: true, strictFileInteractability: false, timeouts: {implicit: 0, pageLoad: 300000, script: 30000}, unhandledPromptBehavior: dismiss and notify, webauthn:extension:largeBlob: true, webauthn:virtualAuthenticators: true}
Session ID: c6df46738f4d3f956b3e4ea96d066b12
	at org.openqa.selenium.remote.http.W3CHttpResponseCodec.createException(W3CHttpResponseCodec.java:187)
	at org.openqa.selenium.remote.http.W3CHttpResponseCodec.decode(W3CHttpResponseCodec.java:122)
	at org.openqa.selenium.remote.http.W3CHttpResponseCodec.decode(W3CHttpResponseCodec.java:49)
	at org.openqa.selenium.remote.HttpCommandExecutor.execute(HttpCommandExecutor.java:158)
	at org.openqa.selenium.remote.service.DriverCommandExecutor.execute(DriverCommandExecutor.java:83)
	at org.openqa.selenium.remote.RemoteWebDriver.execute(RemoteWebDriver.java:552)
	at com.kms.katalon.selenium.driver.CChromeDriver.execute(CChromeDriver.java:19)
	at org.openqa.selenium.remote.RemoteWebElement.execute(RemoteWebElement.java:285)
	at org.openqa.selenium.remote.RemoteWebElement.click(RemoteWebElement.java:84)
	at org.openqa.selenium.support.events.EventFiringWebDriver$EventFiringWebElement.lambda$new$0(EventFiringWebDriver.java:404)
	at com.sun.proxy.$Proxy11.click(Unknown Source)
	at org.openqa.selenium.support.events.EventFiringWebDriver$EventFiringWebElement.click(EventFiringWebDriver.java:417)
	at com.kms.katalon.core.webui.keyword.builtin.ClickKeyword$_click_closure1.doCall(ClickKeyword.groovy:68)
	at com.kms.katalon.core.webui.keyword.builtin.ClickKeyword$_click_closure1.call(ClickKeyword.groovy)
	at com.kms.katalon.core.webui.keyword.internal.WebUIKeywordMain.runKeyword(WebUIKeywordMain.groovy:20)
	... 19 more]]></system-err>
      </testcase>
      <testcase name="Test Cases/Main/TestcaseUnpinMsgInDMs" time="52.123" classname="Test Cases/Main/TestcaseUnpinMsgInDMs" status="PASSED">
         <system-out><![CDATA[2021-05-28 22:07:47 - [TEST_CASE][PASSED] - Test Cases/Main/TestcaseUnpinMsgInDMs: Test Cases/Main/TestcaseUnpinMsgInDMs

2021-05-28 22:07:48 - [TEST_STEP][PASSED] - callTestCase(findTestCase("PreCondition/Login"), [:], STOP_ON_FAILURE): Call Test Case 'Test Cases/PreCondition/Login' successfully

2021-05-28 22:07:48 - [TEST_CASE][PASSED] - Test Cases/PreCondition/Login: Test Cases/PreCondition/Login

2021-05-28 22:07:48 - [TEST_STEP][PASSED] - openBrowser(""): Browser is opened with url: ''

2021-05-28 22:07:48 - [MESSAGE][WARNING] - A browser is already opened. Closing browser and opening a new one

2021-05-28 22:07:49 - [MESSAGE][INFO] - Starting 'Chrome' driver

2021-05-28 22:07:49 - [MESSAGE][INFO] - Action delay is set to 0 milliseconds

2021-05-28 22:07:51 - [MESSAGE][PASSED] - Browser is opened with url: ''

2021-05-28 22:07:51 - [TEST_STEP][PASSED] - navigateToUrl("https://cdnc-group2.herokuapp.com/"): Navigate to 'https://cdnc-group2.herokuapp.com/' successfully

2021-05-28 22:07:54 - [MESSAGE][PASSED] - Navigate to 'https://cdnc-group2.herokuapp.com/' successfully

2021-05-28 22:07:54 - [TEST_STEP][PASSED] - setText(findTestObject("Object Repository/Login/Page_Mattermost/input_All team communication in one place, _dcc84b"), "ngoctin040999@gmail.com"): Text 'ngoctin040999@gmail.com' is set on object 'Object Repository/Login/Page_Mattermost/input_All team communication in one place, _dcc84b'

2021-05-28 22:07:59 - [MESSAGE][PASSED] - Text 'ngoctin040999@gmail.com' is set on object 'Object Repository/Login/Page_Mattermost/input_All team communication in one place, _dcc84b'

2021-05-28 22:07:59 - [TEST_STEP][PASSED] - setEncryptedText(findTestObject("Object Repository/Login/Page_Mattermost/input_All team communication in one place, _a3edc6"), "S8w1SJvl7D1hts9IdMV+NQ=="): Text ****** has been set on object 'Object Repository/Login/Page_Mattermost/input_All team communication in one place, _a3edc6'

2021-05-28 22:08:00 - [MESSAGE][PASSED] - Text ****** has been set on object 'Object Repository/Login/Page_Mattermost/input_All team communication in one place, _a3edc6'

2021-05-28 22:08:00 - [TEST_STEP][PASSED] - click(findTestObject("Object Repository/Login/Page_Mattermost/button_Sign in")): Object: 'Object Repository/Login/Page_Mattermost/button_Sign in' is clicked on

2021-05-28 22:08:00 - [MESSAGE][PASSED] - Object: 'Object Repository/Login/Page_Mattermost/button_Sign in' is clicked on

2021-05-28 22:08:00 - [MESSAGE][PASSED] - Call Test Case 'Test Cases/PreCondition/Login' successfully

2021-05-28 22:08:00 - [TEST_STEP][PASSED] - click(findTestObject("Object Repository/UnpinMsgInDMs/Page_Town Square - 123 Mattermost/a_test1")): Object: 'Object Repository/UnpinMsgInDMs/Page_Town Square - 123 Mattermost/a_test1' is clicked on

2021-05-28 22:08:04 - [MESSAGE][PASSED] - Object: 'Object Repository/UnpinMsgInDMs/Page_Town Square - 123 Mattermost/a_test1' is clicked on

2021-05-28 22:08:04 - [TEST_STEP][PASSED] - pMsg = findTestObject("Object Repository/UnpinMsgInDMs/Page_test1 - 123 Mattermost/div_ngoctin02806107 PM15ba58ab6023994f93ab3a4e701cf8b8.jpg"): null

2021-05-28 22:08:04 - [TEST_STEP][PASSED] - iconMore = findTestObject("Object Repository/UnpinMsgInDMs/Page_test1 - 123 Mattermost/button_ngoctin02806_CENTER_button_4xttwiq7k_a79253"): null

2021-05-28 22:08:04 - [TEST_STEP][PASSED] - btnUnPin = findTestObject("Object Repository/UnpinMsgInDMs/Page_test1 - 123 Mattermost/span_Unpin from Channel"): null

2021-05-28 22:08:05 - [TEST_STEP][PASSED] - if (pMsg != null && iconMore != null && btnUnPin != null): Object: 'Object Repository/UnpinMsgInDMs/Page_test1 - 123 Mattermost/span_Unpin from Channel' is clicked on

2021-05-28 22:08:05 - [TEST_STEP][PASSED] - mouseOver(pMsg): Object: 'Object Repository/UnpinMsgInDMs/Page_test1 - 123 Mattermost/div_ngoctin02806107 PM15ba58ab6023994f93ab3a4e701cf8b8.jpg' is hovered

2021-05-28 22:08:06 - [MESSAGE][PASSED] - Object: 'Object Repository/UnpinMsgInDMs/Page_test1 - 123 Mattermost/div_ngoctin02806107 PM15ba58ab6023994f93ab3a4e701cf8b8.jpg' is hovered

2021-05-28 22:08:06 - [TEST_STEP][PASSED] - click(iconMore): Object: 'Object Repository/UnpinMsgInDMs/Page_test1 - 123 Mattermost/button_ngoctin02806_CENTER_button_4xttwiq7k_a79253' is clicked on

2021-05-28 22:08:08 - [MESSAGE][PASSED] - Object: 'Object Repository/UnpinMsgInDMs/Page_test1 - 123 Mattermost/button_ngoctin02806_CENTER_button_4xttwiq7k_a79253' is clicked on

2021-05-28 22:08:08 - [TEST_STEP][PASSED] - click(btnUnPin): Object: 'Object Repository/UnpinMsgInDMs/Page_test1 - 123 Mattermost/span_Unpin from Channel' is clicked on

2021-05-28 22:08:39 - [MESSAGE][INFO] - Unable to find the element located by 'By.xpath: //li[@id='unpin_post_4xttwiq7ktb45ctc1z5yoqj5ko']/button/span'. Please recheck the objects properties to make sure the desired element is located. 

2021-05-28 22:08:39 - [MESSAGE][WARNING] - [SELF-HEALING] Failed to find element with id 'Object Repository/UnpinMsgInDMs/Page_test1 - 123 Mattermost/span_Unpin from Channel'. Try using Self-healing.

2021-05-28 22:08:39 - [MESSAGE][WARNING] - [SELF-HEALING] The current locator of test object 'Object Repository/UnpinMsgInDMs/Page_test1 - 123 Mattermost/span_Unpin from Channel' was broken. Propose an alternative one: '(.//*[normalize-space(text()) and normalize-space(.)='Copy Link'])[1]/following::span[1]'.

2021-05-28 22:08:39 - [MESSAGE][PASSED] - Object: 'Object Repository/UnpinMsgInDMs/Page_test1 - 123 Mattermost/span_Unpin from Channel' is clicked on]]></system-out>
         <system-err><![CDATA[]]></system-err>
      </testcase>
      <testcase name="Test Cases/MuteUnmuteChannel" time="23.967" classname="Test Cases/MuteUnmuteChannel" status="PASSED">
         <system-out><![CDATA[2021-05-28 22:08:39 - [TEST_CASE][PASSED] - Test Cases/MuteUnmuteChannel: Test Cases/MuteUnmuteChannel

2021-05-28 22:08:40 - [TEST_STEP][PASSED] - openBrowser("https://cdnc-group2.herokuapp.com/"): Browser is opened with url: 'https://cdnc-group2.herokuapp.com/'

2021-05-28 22:08:40 - [MESSAGE][WARNING] - A browser is already opened. Closing browser and opening a new one

2021-05-28 22:08:41 - [MESSAGE][INFO] - Starting 'Chrome' driver

2021-05-28 22:08:41 - [MESSAGE][INFO] - Action delay is set to 0 milliseconds

2021-05-28 22:08:47 - [MESSAGE][PASSED] - Browser is opened with url: 'https://cdnc-group2.herokuapp.com/'

2021-05-28 22:08:47 - [TEST_STEP][PASSED] - setText(findTestObject("Login/input_Email"), "ngoctin040999@gmail.com"): Text 'ngoctin040999@gmail.com' is set on object 'Object Repository/Login/input_Email'

2021-05-28 22:08:52 - [MESSAGE][PASSED] - Text 'ngoctin040999@gmail.com' is set on object 'Object Repository/Login/input_Email'

2021-05-28 22:08:52 - [TEST_STEP][PASSED] - setText(findTestObject("Login/input_Password"), "ngoctin1"): Text 'ngoctin1' is set on object 'Object Repository/Login/input_Password'

2021-05-28 22:08:53 - [MESSAGE][PASSED] - Text 'ngoctin1' is set on object 'Object Repository/Login/input_Password'

2021-05-28 22:08:53 - [TEST_STEP][PASSED] - click(findTestObject("Login/button_Sign in")): Object: 'Object Repository/Login/button_Sign in' is clicked on

2021-05-28 22:08:54 - [MESSAGE][PASSED] - Object: 'Object Repository/Login/button_Sign in' is clicked on

2021-05-28 22:08:54 - [TEST_STEP][PASSED] - delay(2): Delayed 2 second(s)

2021-05-28 22:08:56 - [MESSAGE][PASSED] - Delayed 2 second(s)

2021-05-28 22:08:56 - [TEST_STEP][PASSED] - click(findTestObject("Ignore mentions/button_Town Square")): Object: 'Object Repository/Ignore mentions/button_Town Square' is clicked on

2021-05-28 22:08:57 - [MESSAGE][PASSED] - Object: 'Object Repository/Ignore mentions/button_Town Square' is clicked on

2021-05-28 22:08:57 - [TEST_STEP][PASSED] - click(findTestObject("Mute Unmute Channel/button_Mute Channel")): Object: 'Object Repository/Mute Unmute Channel/button_Mute Channel' is clicked on

2021-05-28 22:08:58 - [MESSAGE][PASSED] - Object: 'Object Repository/Mute Unmute Channel/button_Mute Channel' is clicked on

2021-05-28 22:08:58 - [TEST_STEP][PASSED] - verifyElementVisible(findTestObject("Mute Unmute Channel/i_Town Square_icon fa fa-bell-slash-o")): Object 'Object Repository/Mute Unmute Channel/i_Town Square_icon fa fa-bell-slash-o' is visible

2021-05-28 22:08:59 - [MESSAGE][PASSED] - Object 'Object Repository/Mute Unmute Channel/i_Town Square_icon fa fa-bell-slash-o' is visible

2021-05-28 22:08:59 - [TEST_STEP][PASSED] - delay(1): Delayed 1 second(s)

2021-05-28 22:09:00 - [MESSAGE][PASSED] - Delayed 1 second(s)

2021-05-28 22:09:00 - [TEST_STEP][PASSED] - click(findTestObject("Ignore mentions/button_Town Square")): Object: 'Object Repository/Ignore mentions/button_Town Square' is clicked on

2021-05-28 22:09:01 - [MESSAGE][PASSED] - Object: 'Object Repository/Ignore mentions/button_Town Square' is clicked on

2021-05-28 22:09:01 - [TEST_STEP][PASSED] - click(findTestObject("Mute Unmute Channel/button_Unmute Channel")): Object: 'Object Repository/Mute Unmute Channel/button_Unmute Channel' is clicked on

2021-05-28 22:09:01 - [MESSAGE][PASSED] - Object: 'Object Repository/Mute Unmute Channel/button_Unmute Channel' is clicked on

2021-05-28 22:09:01 - [TEST_STEP][PASSED] - delay(1): Delayed 1 second(s)

2021-05-28 22:09:02 - [MESSAGE][PASSED] - Delayed 1 second(s)

2021-05-28 22:09:02 - [TEST_STEP][PASSED] - closeBrowser(): Browser is closed

2021-05-28 22:09:03 - [MESSAGE][PASSED] - Browser is closed]]></system-out>
         <system-err><![CDATA[]]></system-err>
      </testcase>
      <testcase name="Test Cases/PinMessage" time="114.753" classname="Test Cases/PinMessage" status="FAILED">
         <failure type="FAILED" message="Test Cases/PinMessage FAILED.
Reason:
com.kms.katalon.core.exception.StepFailedException: Unable to click on object 'Object Repository/DeleteMessage_OR/Page_Test 77777 - TOKEN_UPDATED Mattermost/button_Pin to Channel'
	at com.kms.katalon.core.webui.keyword.internal.WebUIKeywordMain.stepFailed(WebUIKeywordMain.groovy:64)
	at com.kms.katalon.core.webui.keyword.internal.WebUIKeywordMain.runKeyword(WebUIKeywordMain.groovy:26)
	at com.kms.katalon.core.webui.keyword.builtin.ClickKeyword.click(ClickKeyword.groovy:75)
	at com.kms.katalon.core.webui.keyword.builtin.ClickKeyword.execute(ClickKeyword.groovy:42)
	at com.kms.katalon.core.keyword.internal.KeywordExecutor.executeKeywordForPlatform(KeywordExecutor.groovy:73)
	at com.kms.katalon.core.webui.keyword.WebUiBuiltInKeywords.click(WebUiBuiltInKeywords.groovy:619)
	at com.kms.katalon.core.webui.keyword.WebUiBuiltInKeywords$click$4.call(Unknown Source)
	at PinMessage.run(PinMessage:39)
	at com.kms.katalon.core.main.ScriptEngine.run(ScriptEngine.java:194)
	at com.kms.katalon.core.main.ScriptEngine.runScriptAsRawText(ScriptEngine.java:119)
	at com.kms.katalon.core.main.TestCaseExecutor.runScript(TestCaseExecutor.java:398)
	at com.kms.katalon.core.main.TestCaseExecutor.doExecute(TestCaseExecutor.java:389)
	at com.kms.katalon.core.main.TestCaseExecutor.processExecutionPhase(TestCaseExecutor.java:368)
	at com.kms.katalon.core.main.TestCaseExecutor.accessMainPhase(TestCaseExecutor.java:360)
	at com.kms.katalon.core.main.TestCaseExecutor.execute(TestCaseExecutor.java:255)
	at com.kms.katalon.core.main.TestSuiteExecutor.accessTestCaseMainPhase(TestSuiteExecutor.java:203)
	at com.kms.katalon.core.main.TestSuiteExecutor.accessTestSuiteMainPhase(TestSuiteExecutor.java:152)
	at com.kms.katalon.core.main.TestSuiteExecutor.execute(TestSuiteExecutor.java:95)
	at com.kms.katalon.core.main.TestCaseMain.startTestSuite(TestCaseMain.java:157)
	at com.kms.katalon.core.main.TestCaseMain$startTestSuite$0.call(Unknown Source)
	at TempTestSuite1622212592997.run(TempTestSuite1622212592997.groovy:39)
Caused by: com.kms.katalon.core.webui.exception.WebElementNotFoundException: Web element with id: 'Object Repository/DeleteMessage_OR/Page_Test 77777 - TOKEN_UPDATED Mattermost/button_Pin to Channel' located by '' not found
	at com.kms.katalon.core.webui.common.WebUiCommonHelper.findWebElement(WebUiCommonHelper.java:1368)
	at com.kms.katalon.core.webui.keyword.internal.WebUIAbstractKeyword.findWebElement(WebUIAbstractKeyword.groovy:27)
	at com.kms.katalon.core.webui.keyword.internal.WebUIAbstractKeyword.findWebElement(WebUIAbstractKeyword.groovy:26)
	at com.kms.katalon.core.webui.keyword.builtin.ClickKeyword$_click_closure1.doCall(ClickKeyword.groovy:66)
	at com.kms.katalon.core.webui.keyword.builtin.ClickKeyword$_click_closure1.call(ClickKeyword.groovy)
	at com.kms.katalon.core.webui.keyword.internal.WebUIKeywordMain.runKeyword(WebUIKeywordMain.groovy:20)
	... 19 more
"/>
         <system-out><![CDATA[2021-05-28 22:09:03 - [TEST_CASE][FAILED] - Test Cases/PinMessage: Test Cases/PinMessage FAILED.
Reason:
com.kms.katalon.core.exception.StepFailedException: Unable to click on object 'Object Repository/DeleteMessage_OR/Page_Test 77777 - TOKEN_UPDATED Mattermost/button_Pin to Channel'
	at com.kms.katalon.core.webui.keyword.internal.WebUIKeywordMain.stepFailed(WebUIKeywordMain.groovy:64)
	at com.kms.katalon.core.webui.keyword.internal.WebUIKeywordMain.runKeyword(WebUIKeywordMain.groovy:26)
	at com.kms.katalon.core.webui.keyword.builtin.ClickKeyword.click(ClickKeyword.groovy:75)
	at com.kms.katalon.core.webui.keyword.builtin.ClickKeyword.execute(ClickKeyword.groovy:42)
	at com.kms.katalon.core.keyword.internal.KeywordExecutor.executeKeywordForPlatform(KeywordExecutor.groovy:73)
	at com.kms.katalon.core.webui.keyword.WebUiBuiltInKeywords.click(WebUiBuiltInKeywords.groovy:619)
	at com.kms.katalon.core.webui.keyword.WebUiBuiltInKeywords$click$4.call(Unknown Source)
	at PinMessage.run(PinMessage:39)
	at com.kms.katalon.core.main.ScriptEngine.run(ScriptEngine.java:194)
	at com.kms.katalon.core.main.ScriptEngine.runScriptAsRawText(ScriptEngine.java:119)
	at com.kms.katalon.core.main.TestCaseExecutor.runScript(TestCaseExecutor.java:398)
	at com.kms.katalon.core.main.TestCaseExecutor.doExecute(TestCaseExecutor.java:389)
	at com.kms.katalon.core.main.TestCaseExecutor.processExecutionPhase(TestCaseExecutor.java:368)
	at com.kms.katalon.core.main.TestCaseExecutor.accessMainPhase(TestCaseExecutor.java:360)
	at com.kms.katalon.core.main.TestCaseExecutor.execute(TestCaseExecutor.java:255)
	at com.kms.katalon.core.main.TestSuiteExecutor.accessTestCaseMainPhase(TestSuiteExecutor.java:203)
	at com.kms.katalon.core.main.TestSuiteExecutor.accessTestSuiteMainPhase(TestSuiteExecutor.java:152)
	at com.kms.katalon.core.main.TestSuiteExecutor.execute(TestSuiteExecutor.java:95)
	at com.kms.katalon.core.main.TestCaseMain.startTestSuite(TestCaseMain.java:157)
	at com.kms.katalon.core.main.TestCaseMain$startTestSuite$0.call(Unknown Source)
	at TempTestSuite1622212592997.run(TempTestSuite1622212592997.groovy:39)
Caused by: com.kms.katalon.core.webui.exception.WebElementNotFoundException: Web element with id: 'Object Repository/DeleteMessage_OR/Page_Test 77777 - TOKEN_UPDATED Mattermost/button_Pin to Channel' located by '' not found
	at com.kms.katalon.core.webui.common.WebUiCommonHelper.findWebElement(WebUiCommonHelper.java:1368)
	at com.kms.katalon.core.webui.keyword.internal.WebUIAbstractKeyword.findWebElement(WebUIAbstractKeyword.groovy:27)
	at com.kms.katalon.core.webui.keyword.internal.WebUIAbstractKeyword.findWebElement(WebUIAbstractKeyword.groovy:26)
	at com.kms.katalon.core.webui.keyword.builtin.ClickKeyword$_click_closure1.doCall(ClickKeyword.groovy:66)
	at com.kms.katalon.core.webui.keyword.builtin.ClickKeyword$_click_closure1.call(ClickKeyword.groovy)
	at com.kms.katalon.core.webui.keyword.internal.WebUIKeywordMain.runKeyword(WebUIKeywordMain.groovy:20)
	... 19 more


2021-05-28 22:09:04 - [TEST_STEP][PASSED] - openBrowser(""): Browser is opened with url: ''

2021-05-28 22:09:04 - [MESSAGE][INFO] - Starting 'Chrome' driver

2021-05-28 22:09:04 - [MESSAGE][INFO] - Action delay is set to 0 milliseconds

2021-05-28 22:09:06 - [MESSAGE][PASSED] - Browser is opened with url: ''

2021-05-28 22:09:06 - [TEST_STEP][PASSED] - navigateToUrl("https://cdnc-group2.herokuapp.com/login"): Navigate to 'https://cdnc-group2.herokuapp.com/login' successfully

2021-05-28 22:09:10 - [MESSAGE][PASSED] - Navigate to 'https://cdnc-group2.herokuapp.com/login' successfully

2021-05-28 22:09:10 - [TEST_STEP][PASSED] - setText(findTestObject("Object Repository/DeleteMessage_OR/Page_Mattermost/input_All team communication in one place, _dcc84b"), "ngoctin040999@gmail.com"): Text 'ngoctin040999@gmail.com' is set on object 'Object Repository/DeleteMessage_OR/Page_Mattermost/input_All team communication in one place, _dcc84b'

2021-05-28 22:09:15 - [MESSAGE][PASSED] - Text 'ngoctin040999@gmail.com' is set on object 'Object Repository/DeleteMessage_OR/Page_Mattermost/input_All team communication in one place, _dcc84b'

2021-05-28 22:09:15 - [TEST_STEP][PASSED] - setEncryptedText(findTestObject("Object Repository/DeleteMessage_OR/Page_Mattermost/input_All team communication in one place, _a3edc6"), "S8w1SJvl7D1hts9IdMV+NQ=="): Text ****** has been set on object 'Object Repository/DeleteMessage_OR/Page_Mattermost/input_All team communication in one place, _a3edc6'

2021-05-28 22:09:15 - [MESSAGE][PASSED] - Text ****** has been set on object 'Object Repository/DeleteMessage_OR/Page_Mattermost/input_All team communication in one place, _a3edc6'

2021-05-28 22:09:15 - [TEST_STEP][PASSED] - sendKeys(findTestObject("Object Repository/DeleteMessage_OR/Page_Mattermost/input_All team communication in one place, _a3edc6"), Keys.chord(ENTER)): Keys 'ENTER + ' sent to object: 'Object Repository/DeleteMessage_OR/Page_Mattermost/input_All team communication in one place, _a3edc6'

2021-05-28 22:09:16 - [MESSAGE][PASSED] - Keys 'ENTER + ' sent to object: 'Object Repository/DeleteMessage_OR/Page_Mattermost/input_All team communication in one place, _a3edc6'

2021-05-28 22:09:16 - [TEST_STEP][PASSED] - click(findTestObject("Object Repository/DeleteMessage_OR/Page_Town Square - TOKEN_UPDATED Mattermost/span_Test 77777")): Object: 'Object Repository/DeleteMessage_OR/Page_Town Square - TOKEN_UPDATED Mattermost/span_Test 77777' is clicked on

2021-05-28 22:09:47 - [MESSAGE][INFO] - Unable to find the element located by 'By.xpath: //*[(text() = 'Test 77777' or . = 'Test 77777')]'. Please recheck the objects properties to make sure the desired element is located. 

2021-05-28 22:09:47 - [MESSAGE][WARNING] - [SELF-HEALING] Failed to find element with id 'Object Repository/DeleteMessage_OR/Page_Town Square - TOKEN_UPDATED Mattermost/span_Test 77777'. Try using Self-healing.

2021-05-28 22:09:47 - [MESSAGE][WARNING] - [SELF-HEALING] The current locator of test object 'Object Repository/DeleteMessage_OR/Page_Town Square - TOKEN_UPDATED Mattermost/span_Test 77777' was broken. Propose an alternative one: '(.//*[normalize-space(text()) and normalize-space(.)='Test 111223'])[1]/preceding::span[2]'.

2021-05-28 22:09:48 - [MESSAGE][PASSED] - Object: 'Object Repository/DeleteMessage_OR/Page_Town Square - TOKEN_UPDATED Mattermost/span_Test 77777' is clicked on

2021-05-28 22:09:48 - [TEST_STEP][PASSED] - mouseOver(findTestObject("Object Repository/DeleteMessage_OR/Page_Test 77777 - TOKEN_UPDATED Mattermost/div_ngoctin12345747 PM213154645")): Object: 'Object Repository/DeleteMessage_OR/Page_Test 77777 - TOKEN_UPDATED Mattermost/div_ngoctin12345747 PM213154645' is hovered

2021-05-28 22:10:19 - [MESSAGE][INFO] - Unable to find the element located by 'By.xpath: '. Please recheck the objects properties to make sure the desired element is located. 

2021-05-28 22:10:19 - [MESSAGE][WARNING] - [SELF-HEALING] Failed to find element with id 'Object Repository/DeleteMessage_OR/Page_Test 77777 - TOKEN_UPDATED Mattermost/div_ngoctin12345747 PM213154645'. Try using Self-healing.

2021-05-28 22:10:19 - [MESSAGE][WARNING] - [SELF-HEALING] The current locator of test object 'Object Repository/DeleteMessage_OR/Page_Test 77777 - TOKEN_UPDATED Mattermost/div_ngoctin12345747 PM213154645' was broken. Propose an alternative one: '(.//*[normalize-space(text()) and normalize-space(.)='ngoctin12345'])[4]/following::div[19]'.

2021-05-28 22:10:19 - [MESSAGE][PASSED] - Object: 'Object Repository/DeleteMessage_OR/Page_Test 77777 - TOKEN_UPDATED Mattermost/div_ngoctin12345747 PM213154645' is hovered

2021-05-28 22:10:19 - [TEST_STEP][PASSED] - click(findTestObject("Object Repository/DeleteMessage_OR/Page_Test 77777 - TOKEN_UPDATED Mattermost/svg")): Object: 'Object Repository/DeleteMessage_OR/Page_Test 77777 - TOKEN_UPDATED Mattermost/svg' is clicked on

2021-05-28 22:10:21 - [MESSAGE][PASSED] - Object: 'Object Repository/DeleteMessage_OR/Page_Test 77777 - TOKEN_UPDATED Mattermost/svg' is clicked on

2021-05-28 22:10:21 - [TEST_STEP][FAILED] - click(findTestObject("Object Repository/DeleteMessage_OR/Page_Test 77777 - TOKEN_UPDATED Mattermost/button_Pin to Channel")): Unable to click on object 'Object Repository/DeleteMessage_OR/Page_Test 77777 - TOKEN_UPDATED Mattermost/button_Pin to Channel' (Root cause: com.kms.katalon.core.exception.StepFailedException: Unable to click on object 'Object Repository/DeleteMessage_OR/Page_Test 77777 - TOKEN_UPDATED Mattermost/button_Pin to Channel'
	at com.kms.katalon.core.webui.keyword.internal.WebUIKeywordMain.stepFailed(WebUIKeywordMain.groovy:64)
	at com.kms.katalon.core.webui.keyword.internal.WebUIKeywordMain.runKeyword(WebUIKeywordMain.groovy:26)
	at com.kms.katalon.core.webui.keyword.builtin.ClickKeyword.click(ClickKeyword.groovy:75)
	at com.kms.katalon.core.webui.keyword.builtin.ClickKeyword.execute(ClickKeyword.groovy:42)
	at com.kms.katalon.core.keyword.internal.KeywordExecutor.executeKeywordForPlatform(KeywordExecutor.groovy:73)
	at com.kms.katalon.core.webui.keyword.WebUiBuiltInKeywords.click(WebUiBuiltInKeywords.groovy:619)
	at com.kms.katalon.core.webui.keyword.WebUiBuiltInKeywords$click$4.call(Unknown Source)
	at PinMessage.run(PinMessage:39)
	at com.kms.katalon.core.main.ScriptEngine.run(ScriptEngine.java:194)
	at com.kms.katalon.core.main.ScriptEngine.runScriptAsRawText(ScriptEngine.java:119)
	at com.kms.katalon.core.main.TestCaseExecutor.runScript(TestCaseExecutor.java:398)
	at com.kms.katalon.core.main.TestCaseExecutor.doExecute(TestCaseExecutor.java:389)
	at com.kms.katalon.core.main.TestCaseExecutor.processExecutionPhase(TestCaseExecutor.java:368)
	at com.kms.katalon.core.main.TestCaseExecutor.accessMainPhase(TestCaseExecutor.java:360)
	at com.kms.katalon.core.main.TestCaseExecutor.execute(TestCaseExecutor.java:255)
	at com.kms.katalon.core.main.TestSuiteExecutor.accessTestCaseMainPhase(TestSuiteExecutor.java:203)
	at com.kms.katalon.core.main.TestSuiteExecutor.accessTestSuiteMainPhase(TestSuiteExecutor.java:152)
	at com.kms.katalon.core.main.TestSuiteExecutor.execute(TestSuiteExecutor.java:95)
	at com.kms.katalon.core.main.TestCaseMain.startTestSuite(TestCaseMain.java:157)
	at com.kms.katalon.core.main.TestCaseMain$startTestSuite$0.call(Unknown Source)
	at TempTestSuite1622212592997.run(TempTestSuite1622212592997.groovy:39)
Caused by: com.kms.katalon.core.webui.exception.WebElementNotFoundException: Web element with id: 'Object Repository/DeleteMessage_OR/Page_Test 77777 - TOKEN_UPDATED Mattermost/button_Pin to Channel' located by '' not found
	at com.kms.katalon.core.webui.common.WebUiCommonHelper.findWebElement(WebUiCommonHelper.java:1368)
	at com.kms.katalon.core.webui.keyword.internal.WebUIAbstractKeyword.findWebElement(WebUIAbstractKeyword.groovy:27)
	at com.kms.katalon.core.webui.keyword.internal.WebUIAbstractKeyword.findWebElement(WebUIAbstractKeyword.groovy:26)
	at com.kms.katalon.core.webui.keyword.builtin.ClickKeyword$_click_closure1.doCall(ClickKeyword.groovy:66)
	at com.kms.katalon.core.webui.keyword.builtin.ClickKeyword$_click_closure1.call(ClickKeyword.groovy)
	at com.kms.katalon.core.webui.keyword.internal.WebUIKeywordMain.runKeyword(WebUIKeywordMain.groovy:20)
	at com.kms.katalon.core.webui.keyword.builtin.ClickKeyword.click(ClickKeyword.groovy:75)
	at com.kms.katalon.core.webui.keyword.builtin.ClickKeyword.execute(ClickKeyword.groovy:42)
	at com.kms.katalon.core.keyword.internal.KeywordExecutor.executeKeywordForPlatform(KeywordExecutor.groovy:73)
	at com.kms.katalon.core.webui.keyword.WebUiBuiltInKeywords.click(WebUiBuiltInKeywords.groovy:619)
	at com.kms.katalon.core.webui.keyword.WebUiBuiltInKeywords$click$4.call(Unknown Source)
	at Script1621732581285.run(Script1621732581285.groovy:39)
	... 13 more
)

2021-05-28 22:10:52 - [MESSAGE][INFO] - Unable to find the element located by 'By.xpath: '. Please recheck the objects properties to make sure the desired element is located. 

2021-05-28 22:10:52 - [MESSAGE][WARNING] - [SELF-HEALING] Failed to find element with id 'Object Repository/DeleteMessage_OR/Page_Test 77777 - TOKEN_UPDATED Mattermost/button_Pin to Channel'. Try using Self-healing.

2021-05-28 22:10:53 - [MESSAGE][INFO] - Unable to find the element located by 'By.xpath: (.//*[normalize-space(text()) and normalize-space(.)='Copy Link'])[1]/following::button[1]'. Please recheck the objects properties to make sure the desired element is located. 

2021-05-28 22:10:54 - [MESSAGE][INFO] - Unable to find the element located by 'By.xpath: //li[@id='pin_post_947745rotinbff747yofifz5yo']/button'. Please recheck the objects properties to make sure the desired element is located. 

2021-05-28 22:10:55 - [MESSAGE][INFO] - Unable to find the element located by 'By.xpath: //li[@id='pin_post_947745rotinbff747yofifz5yo']/button'. Please recheck the objects properties to make sure the desired element is located. 

2021-05-28 22:10:56 - [MESSAGE][INFO] - [SELF-HEALING] Failed Locator: '//li[@id='pin_post_947745rotinbff747yofifz5yo']/button'.

2021-05-28 22:10:56 - [MESSAGE][INFO] - [SELF-HEALING] Failed Locator: '(.//*[normalize-space(text()) and normalize-space(.)='Copy Link'])[1]/following::button[1]'.

2021-05-28 22:10:56 - [MESSAGE][INFO] - [SELF-HEALING] Failed Locator: '(.//*[normalize-space(text()) and normalize-space(.)='Mark as Unread'])[1]/following::button[2]'.

2021-05-28 22:10:57 - [MESSAGE][INFO] - [SELF-HEALING] Failed Locator: '(.//*[normalize-space(text()) and normalize-space(.)='Edit'])[1]/preceding::button[1]'.

2021-05-28 22:10:57 - [MESSAGE][INFO] - [SELF-HEALING] Failed Locator: '//li[4]/button'.

2021-05-28 22:10:58 - [MESSAGE][INFO] - Unable to find the element located by 'By.cssSelector: #pin_post_947745rotinbff747yofifz5yo > button.style--none'. Please recheck the objects properties to make sure the desired element is located. 

2021-05-28 22:10:58 - [MESSAGE][FAILED] - Unable to click on object 'Object Repository/DeleteMessage_OR/Page_Test 77777 - TOKEN_UPDATED Mattermost/button_Pin to Channel' (Root cause: com.kms.katalon.core.exception.StepFailedException: Unable to click on object 'Object Repository/DeleteMessage_OR/Page_Test 77777 - TOKEN_UPDATED Mattermost/button_Pin to Channel'
	at com.kms.katalon.core.webui.keyword.internal.WebUIKeywordMain.stepFailed(WebUIKeywordMain.groovy:64)
	at com.kms.katalon.core.webui.keyword.internal.WebUIKeywordMain.runKeyword(WebUIKeywordMain.groovy:26)
	at com.kms.katalon.core.webui.keyword.builtin.ClickKeyword.click(ClickKeyword.groovy:75)
	at com.kms.katalon.core.webui.keyword.builtin.ClickKeyword.execute(ClickKeyword.groovy:42)
	at com.kms.katalon.core.keyword.internal.KeywordExecutor.executeKeywordForPlatform(KeywordExecutor.groovy:73)
	at com.kms.katalon.core.webui.keyword.WebUiBuiltInKeywords.click(WebUiBuiltInKeywords.groovy:619)
	at com.kms.katalon.core.webui.keyword.WebUiBuiltInKeywords$click$4.call(Unknown Source)
	at PinMessage.run(PinMessage:39)
	at com.kms.katalon.core.main.ScriptEngine.run(ScriptEngine.java:194)
	at com.kms.katalon.core.main.ScriptEngine.runScriptAsRawText(ScriptEngine.java:119)
	at com.kms.katalon.core.main.TestCaseExecutor.runScript(TestCaseExecutor.java:398)
	at com.kms.katalon.core.main.TestCaseExecutor.doExecute(TestCaseExecutor.java:389)
	at com.kms.katalon.core.main.TestCaseExecutor.processExecutionPhase(TestCaseExecutor.java:368)
	at com.kms.katalon.core.main.TestCaseExecutor.accessMainPhase(TestCaseExecutor.java:360)
	at com.kms.katalon.core.main.TestCaseExecutor.execute(TestCaseExecutor.java:255)
	at com.kms.katalon.core.main.TestSuiteExecutor.accessTestCaseMainPhase(TestSuiteExecutor.java:203)
	at com.kms.katalon.core.main.TestSuiteExecutor.accessTestSuiteMainPhase(TestSuiteExecutor.java:152)
	at com.kms.katalon.core.main.TestSuiteExecutor.execute(TestSuiteExecutor.java:95)
	at com.kms.katalon.core.main.TestCaseMain.startTestSuite(TestCaseMain.java:157)
	at com.kms.katalon.core.main.TestCaseMain$startTestSuite$0.call(Unknown Source)
	at TempTestSuite1622212592997.run(TempTestSuite1622212592997.groovy:39)
Caused by: com.kms.katalon.core.webui.exception.WebElementNotFoundException: Web element with id: 'Object Repository/DeleteMessage_OR/Page_Test 77777 - TOKEN_UPDATED Mattermost/button_Pin to Channel' located by '' not found
	at com.kms.katalon.core.webui.common.WebUiCommonHelper.findWebElement(WebUiCommonHelper.java:1368)
	at com.kms.katalon.core.webui.keyword.internal.WebUIAbstractKeyword.findWebElement(WebUIAbstractKeyword.groovy:27)
	at com.kms.katalon.core.webui.keyword.internal.WebUIAbstractKeyword.findWebElement(WebUIAbstractKeyword.groovy:26)
	at com.kms.katalon.core.webui.keyword.builtin.ClickKeyword$_click_closure1.doCall(ClickKeyword.groovy:66)
	at com.kms.katalon.core.webui.keyword.builtin.ClickKeyword$_click_closure1.call(ClickKeyword.groovy)
	at com.kms.katalon.core.webui.keyword.internal.WebUIKeywordMain.runKeyword(WebUIKeywordMain.groovy:20)
	at com.kms.katalon.core.webui.keyword.builtin.ClickKeyword.click(ClickKeyword.groovy:75)
	at com.kms.katalon.core.webui.keyword.builtin.ClickKeyword.execute(ClickKeyword.groovy:42)
	at com.kms.katalon.core.keyword.internal.KeywordExecutor.executeKeywordForPlatform(KeywordExecutor.groovy:73)
	at com.kms.katalon.core.webui.keyword.WebUiBuiltInKeywords.click(WebUiBuiltInKeywords.groovy:619)
	at com.kms.katalon.core.webui.keyword.WebUiBuiltInKeywords$click$4.call(Unknown Source)
	at Script1621732581285.run(Script1621732581285.groovy:39)
	... 13 more
)
[[ATTACHMENT|C:\\Users\\tanth\\git\\katalon\\Reports\\20210528_213632\\Run all test cases\\20210528_213632\\1622214658399.png]]]]></system-out>
         <system-err><![CDATA[2021-05-28 22:09:03 - [TEST_CASE][FAILED] - Test Cases/PinMessage: Test Cases/PinMessage FAILED.
Reason:
com.kms.katalon.core.exception.StepFailedException: Unable to click on object 'Object Repository/DeleteMessage_OR/Page_Test 77777 - TOKEN_UPDATED Mattermost/button_Pin to Channel'
	at com.kms.katalon.core.webui.keyword.internal.WebUIKeywordMain.stepFailed(WebUIKeywordMain.groovy:64)
	at com.kms.katalon.core.webui.keyword.internal.WebUIKeywordMain.runKeyword(WebUIKeywordMain.groovy:26)
	at com.kms.katalon.core.webui.keyword.builtin.ClickKeyword.click(ClickKeyword.groovy:75)
	at com.kms.katalon.core.webui.keyword.builtin.ClickKeyword.execute(ClickKeyword.groovy:42)
	at com.kms.katalon.core.keyword.internal.KeywordExecutor.executeKeywordForPlatform(KeywordExecutor.groovy:73)
	at com.kms.katalon.core.webui.keyword.WebUiBuiltInKeywords.click(WebUiBuiltInKeywords.groovy:619)
	at com.kms.katalon.core.webui.keyword.WebUiBuiltInKeywords$click$4.call(Unknown Source)
	at PinMessage.run(PinMessage:39)
	at com.kms.katalon.core.main.ScriptEngine.run(ScriptEngine.java:194)
	at com.kms.katalon.core.main.ScriptEngine.runScriptAsRawText(ScriptEngine.java:119)
	at com.kms.katalon.core.main.TestCaseExecutor.runScript(TestCaseExecutor.java:398)
	at com.kms.katalon.core.main.TestCaseExecutor.doExecute(TestCaseExecutor.java:389)
	at com.kms.katalon.core.main.TestCaseExecutor.processExecutionPhase(TestCaseExecutor.java:368)
	at com.kms.katalon.core.main.TestCaseExecutor.accessMainPhase(TestCaseExecutor.java:360)
	at com.kms.katalon.core.main.TestCaseExecutor.execute(TestCaseExecutor.java:255)
	at com.kms.katalon.core.main.TestSuiteExecutor.accessTestCaseMainPhase(TestSuiteExecutor.java:203)
	at com.kms.katalon.core.main.TestSuiteExecutor.accessTestSuiteMainPhase(TestSuiteExecutor.java:152)
	at com.kms.katalon.core.main.TestSuiteExecutor.execute(TestSuiteExecutor.java:95)
	at com.kms.katalon.core.main.TestCaseMain.startTestSuite(TestCaseMain.java:157)
	at com.kms.katalon.core.main.TestCaseMain$startTestSuite$0.call(Unknown Source)
	at TempTestSuite1622212592997.run(TempTestSuite1622212592997.groovy:39)
Caused by: com.kms.katalon.core.webui.exception.WebElementNotFoundException: Web element with id: 'Object Repository/DeleteMessage_OR/Page_Test 77777 - TOKEN_UPDATED Mattermost/button_Pin to Channel' located by '' not found
	at com.kms.katalon.core.webui.common.WebUiCommonHelper.findWebElement(WebUiCommonHelper.java:1368)
	at com.kms.katalon.core.webui.keyword.internal.WebUIAbstractKeyword.findWebElement(WebUIAbstractKeyword.groovy:27)
	at com.kms.katalon.core.webui.keyword.internal.WebUIAbstractKeyword.findWebElement(WebUIAbstractKeyword.groovy:26)
	at com.kms.katalon.core.webui.keyword.builtin.ClickKeyword$_click_closure1.doCall(ClickKeyword.groovy:66)
	at com.kms.katalon.core.webui.keyword.builtin.ClickKeyword$_click_closure1.call(ClickKeyword.groovy)
	at com.kms.katalon.core.webui.keyword.internal.WebUIKeywordMain.runKeyword(WebUIKeywordMain.groovy:20)
	... 19 more]]></system-err>
      </testcase>
      <testcase name="Test Cases/Register" time="138.013" classname="Test Cases/Register" status="FAILED">
         <failure type="FAILED" message="Test Cases/Register FAILED.
Reason:
com.kms.katalon.core.exception.StepFailedException: Unable to set text 'test' of object 'Object Repository/Register/input_Choose your username_name'
	at com.kms.katalon.core.webui.keyword.internal.WebUIKeywordMain.stepFailed(WebUIKeywordMain.groovy:64)
	at com.kms.katalon.core.webui.keyword.internal.WebUIKeywordMain.runKeyword(WebUIKeywordMain.groovy:26)
	at com.kms.katalon.core.webui.keyword.builtin.SetTextKeyword.setText(SetTextKeyword.groovy:66)
	at com.kms.katalon.core.webui.keyword.builtin.SetTextKeyword.execute(SetTextKeyword.groovy:37)
	at com.kms.katalon.core.keyword.internal.KeywordExecutor.executeKeywordForPlatform(KeywordExecutor.groovy:73)
	at com.kms.katalon.core.webui.keyword.WebUiBuiltInKeywords.setText(WebUiBuiltInKeywords.groovy:979)
	at com.kms.katalon.core.webui.keyword.WebUiBuiltInKeywords$setText$1.call(Unknown Source)
	at Register.run(Register:26)
	at com.kms.katalon.core.main.ScriptEngine.run(ScriptEngine.java:194)
	at com.kms.katalon.core.main.ScriptEngine.runScriptAsRawText(ScriptEngine.java:119)
	at com.kms.katalon.core.main.TestCaseExecutor.runScript(TestCaseExecutor.java:398)
	at com.kms.katalon.core.main.TestCaseExecutor.doExecute(TestCaseExecutor.java:389)
	at com.kms.katalon.core.main.TestCaseExecutor.processExecutionPhase(TestCaseExecutor.java:368)
	at com.kms.katalon.core.main.TestCaseExecutor.accessMainPhase(TestCaseExecutor.java:360)
	at com.kms.katalon.core.main.TestCaseExecutor.execute(TestCaseExecutor.java:255)
	at com.kms.katalon.core.main.TestSuiteExecutor.accessTestCaseMainPhase(TestSuiteExecutor.java:203)
	at com.kms.katalon.core.main.TestSuiteExecutor.accessTestSuiteMainPhase(TestSuiteExecutor.java:152)
	at com.kms.katalon.core.main.TestSuiteExecutor.execute(TestSuiteExecutor.java:95)
	at com.kms.katalon.core.main.TestCaseMain.startTestSuite(TestCaseMain.java:157)
	at com.kms.katalon.core.main.TestCaseMain$startTestSuite$0.call(Unknown Source)
	at TempTestSuite1622212592997.run(TempTestSuite1622212592997.groovy:39)
Caused by: com.kms.katalon.core.webui.exception.WebElementNotFoundException: Web element with id: 'Object Repository/Register/input_Choose your username_name' located by '//input[@id='name']' not found
	at com.kms.katalon.core.webui.common.WebUiCommonHelper.findWebElement(WebUiCommonHelper.java:1368)
	at com.kms.katalon.core.webui.keyword.internal.WebUIAbstractKeyword.findWebElement(WebUIAbstractKeyword.groovy:27)
	at com.kms.katalon.core.webui.keyword.internal.WebUIAbstractKeyword.findWebElement(WebUIAbstractKeyword.groovy:26)
	at com.kms.katalon.core.webui.keyword.builtin.SetTextKeyword$_setText_closure1.doCall(SetTextKeyword.groovy:51)
	at com.kms.katalon.core.webui.keyword.builtin.SetTextKeyword$_setText_closure1.call(SetTextKeyword.groovy)
	at com.kms.katalon.core.webui.keyword.internal.WebUIKeywordMain.runKeyword(WebUIKeywordMain.groovy:20)
	... 19 more
"/>
         <system-out><![CDATA[2021-05-28 22:10:58 - [TEST_CASE][FAILED] - Test Cases/Register: Test Cases/Register FAILED.
Reason:
com.kms.katalon.core.exception.StepFailedException: Unable to set text 'test' of object 'Object Repository/Register/input_Choose your username_name'
	at com.kms.katalon.core.webui.keyword.internal.WebUIKeywordMain.stepFailed(WebUIKeywordMain.groovy:64)
	at com.kms.katalon.core.webui.keyword.internal.WebUIKeywordMain.runKeyword(WebUIKeywordMain.groovy:26)
	at com.kms.katalon.core.webui.keyword.builtin.SetTextKeyword.setText(SetTextKeyword.groovy:66)
	at com.kms.katalon.core.webui.keyword.builtin.SetTextKeyword.execute(SetTextKeyword.groovy:37)
	at com.kms.katalon.core.keyword.internal.KeywordExecutor.executeKeywordForPlatform(KeywordExecutor.groovy:73)
	at com.kms.katalon.core.webui.keyword.WebUiBuiltInKeywords.setText(WebUiBuiltInKeywords.groovy:979)
	at com.kms.katalon.core.webui.keyword.WebUiBuiltInKeywords$setText$1.call(Unknown Source)
	at Register.run(Register:26)
	at com.kms.katalon.core.main.ScriptEngine.run(ScriptEngine.java:194)
	at com.kms.katalon.core.main.ScriptEngine.runScriptAsRawText(ScriptEngine.java:119)
	at com.kms.katalon.core.main.TestCaseExecutor.runScript(TestCaseExecutor.java:398)
	at com.kms.katalon.core.main.TestCaseExecutor.doExecute(TestCaseExecutor.java:389)
	at com.kms.katalon.core.main.TestCaseExecutor.processExecutionPhase(TestCaseExecutor.java:368)
	at com.kms.katalon.core.main.TestCaseExecutor.accessMainPhase(TestCaseExecutor.java:360)
	at com.kms.katalon.core.main.TestCaseExecutor.execute(TestCaseExecutor.java:255)
	at com.kms.katalon.core.main.TestSuiteExecutor.accessTestCaseMainPhase(TestSuiteExecutor.java:203)
	at com.kms.katalon.core.main.TestSuiteExecutor.accessTestSuiteMainPhase(TestSuiteExecutor.java:152)
	at com.kms.katalon.core.main.TestSuiteExecutor.execute(TestSuiteExecutor.java:95)
	at com.kms.katalon.core.main.TestCaseMain.startTestSuite(TestCaseMain.java:157)
	at com.kms.katalon.core.main.TestCaseMain$startTestSuite$0.call(Unknown Source)
	at TempTestSuite1622212592997.run(TempTestSuite1622212592997.groovy:39)
Caused by: com.kms.katalon.core.webui.exception.WebElementNotFoundException: Web element with id: 'Object Repository/Register/input_Choose your username_name' located by '//input[@id='name']' not found
	at com.kms.katalon.core.webui.common.WebUiCommonHelper.findWebElement(WebUiCommonHelper.java:1368)
	at com.kms.katalon.core.webui.keyword.internal.WebUIAbstractKeyword.findWebElement(WebUIAbstractKeyword.groovy:27)
	at com.kms.katalon.core.webui.keyword.internal.WebUIAbstractKeyword.findWebElement(WebUIAbstractKeyword.groovy:26)
	at com.kms.katalon.core.webui.keyword.builtin.SetTextKeyword$_setText_closure1.doCall(SetTextKeyword.groovy:51)
	at com.kms.katalon.core.webui.keyword.builtin.SetTextKeyword$_setText_closure1.call(SetTextKeyword.groovy)
	at com.kms.katalon.core.webui.keyword.internal.WebUIKeywordMain.runKeyword(WebUIKeywordMain.groovy:20)
	... 19 more


2021-05-28 22:10:59 - [TEST_STEP][PASSED] - openBrowser("https://cdnc-group2.herokuapp.com/"): Browser is opened with url: 'https://cdnc-group2.herokuapp.com/'

2021-05-28 22:10:59 - [MESSAGE][WARNING] - A browser is already opened. Closing browser and opening a new one

2021-05-28 22:11:00 - [MESSAGE][INFO] - Starting 'Chrome' driver

2021-05-28 22:11:00 - [MESSAGE][INFO] - Action delay is set to 0 milliseconds

2021-05-28 22:11:06 - [MESSAGE][PASSED] - Browser is opened with url: 'https://cdnc-group2.herokuapp.com/'

2021-05-28 22:11:06 - [TEST_STEP][PASSED] - click(findTestObject("Register/a_Create one now")): Object: 'Object Repository/Register/a_Create one now' is clicked on

2021-05-28 22:11:37 - [MESSAGE][INFO] - Unable to find the element located by 'By.xpath: //a[@id='signup']'. Please recheck the objects properties to make sure the desired element is located. 

2021-05-28 22:11:37 - [MESSAGE][WARNING] - [SELF-HEALING] Failed to find element with id 'Object Repository/Register/a_Create one now'. Try using Self-healing.

2021-05-28 22:11:37 - [MESSAGE][WARNING] - [SELF-HEALING] The current locator of test object 'Object Repository/Register/a_Create one now' was broken. Propose an alternative one: '(.//*[normalize-space(text()) and normalize-space(.)='Sign in'])[1]/following::a[1]'.

2021-05-28 22:11:37 - [MESSAGE][PASSED] - Object: 'Object Repository/Register/a_Create one now' is clicked on

2021-05-28 22:11:37 - [TEST_STEP][PASSED] - setText(findTestObject("Register/input_concat(What, , s your email address)_email"), "test@gmail.com"): Text 'test@gmail.com' is set on object 'Object Repository/Register/input_concat(What, , s your email address)_email'

2021-05-28 22:12:09 - [MESSAGE][INFO] - Unable to find the element located by 'By.xpath: //input[@id='email']'. Please recheck the objects properties to make sure the desired element is located. 

2021-05-28 22:12:09 - [MESSAGE][WARNING] - [SELF-HEALING] Failed to find element with id 'Object Repository/Register/input_concat(What, , s your email address)_email'. Try using Self-healing.

2021-05-28 22:12:09 - [MESSAGE][WARNING] - [SELF-HEALING] The current locator of test object 'Object Repository/Register/input_concat(What, , s your email address)_email' was broken. Propose an alternative one: '//input'.

2021-05-28 22:12:40 - [MESSAGE][INFO] - Unable to find the element located by 'By.xpath: //input[@id='email']'. Please recheck the objects properties to make sure the desired element is located. 

2021-05-28 22:12:40 - [MESSAGE][WARNING] - [SELF-HEALING] Failed to find element with id 'Object Repository/Register/input_concat(What, , s your email address)_email'. Try using Self-healing.

2021-05-28 22:12:41 - [MESSAGE][WARNING] - [SELF-HEALING] The current locator of test object 'Object Repository/Register/input_concat(What, , s your email address)_email' was broken. Propose an alternative one: '//input'.

2021-05-28 22:12:41 - [MESSAGE][PASSED] - Text 'test@gmail.com' is set on object 'Object Repository/Register/input_concat(What, , s your email address)_email'

2021-05-28 22:12:41 - [TEST_STEP][FAILED] - setText(findTestObject("Register/input_Choose your username_name"), "test"): Unable to set text 'test' of object 'Object Repository/Register/input_Choose your username_name' (Root cause: com.kms.katalon.core.exception.StepFailedException: Unable to set text 'test' of object 'Object Repository/Register/input_Choose your username_name'
	at com.kms.katalon.core.webui.keyword.internal.WebUIKeywordMain.stepFailed(WebUIKeywordMain.groovy:64)
	at com.kms.katalon.core.webui.keyword.internal.WebUIKeywordMain.runKeyword(WebUIKeywordMain.groovy:26)
	at com.kms.katalon.core.webui.keyword.builtin.SetTextKeyword.setText(SetTextKeyword.groovy:66)
	at com.kms.katalon.core.webui.keyword.builtin.SetTextKeyword.execute(SetTextKeyword.groovy:37)
	at com.kms.katalon.core.keyword.internal.KeywordExecutor.executeKeywordForPlatform(KeywordExecutor.groovy:73)
	at com.kms.katalon.core.webui.keyword.WebUiBuiltInKeywords.setText(WebUiBuiltInKeywords.groovy:979)
	at com.kms.katalon.core.webui.keyword.WebUiBuiltInKeywords$setText$1.call(Unknown Source)
	at Register.run(Register:26)
	at com.kms.katalon.core.main.ScriptEngine.run(ScriptEngine.java:194)
	at com.kms.katalon.core.main.ScriptEngine.runScriptAsRawText(ScriptEngine.java:119)
	at com.kms.katalon.core.main.TestCaseExecutor.runScript(TestCaseExecutor.java:398)
	at com.kms.katalon.core.main.TestCaseExecutor.doExecute(TestCaseExecutor.java:389)
	at com.kms.katalon.core.main.TestCaseExecutor.processExecutionPhase(TestCaseExecutor.java:368)
	at com.kms.katalon.core.main.TestCaseExecutor.accessMainPhase(TestCaseExecutor.java:360)
	at com.kms.katalon.core.main.TestCaseExecutor.execute(TestCaseExecutor.java:255)
	at com.kms.katalon.core.main.TestSuiteExecutor.accessTestCaseMainPhase(TestSuiteExecutor.java:203)
	at com.kms.katalon.core.main.TestSuiteExecutor.accessTestSuiteMainPhase(TestSuiteExecutor.java:152)
	at com.kms.katalon.core.main.TestSuiteExecutor.execute(TestSuiteExecutor.java:95)
	at com.kms.katalon.core.main.TestCaseMain.startTestSuite(TestCaseMain.java:157)
	at com.kms.katalon.core.main.TestCaseMain$startTestSuite$0.call(Unknown Source)
	at TempTestSuite1622212592997.run(TempTestSuite1622212592997.groovy:39)
Caused by: com.kms.katalon.core.webui.exception.WebElementNotFoundException: Web element with id: 'Object Repository/Register/input_Choose your username_name' located by '//input[@id='name']' not found
	at com.kms.katalon.core.webui.common.WebUiCommonHelper.findWebElement(WebUiCommonHelper.java:1368)
	at com.kms.katalon.core.webui.keyword.internal.WebUIAbstractKeyword.findWebElement(WebUIAbstractKeyword.groovy:27)
	at com.kms.katalon.core.webui.keyword.internal.WebUIAbstractKeyword.findWebElement(WebUIAbstractKeyword.groovy:26)
	at com.kms.katalon.core.webui.keyword.builtin.SetTextKeyword$_setText_closure1.doCall(SetTextKeyword.groovy:51)
	at com.kms.katalon.core.webui.keyword.builtin.SetTextKeyword$_setText_closure1.call(SetTextKeyword.groovy)
	at com.kms.katalon.core.webui.keyword.internal.WebUIKeywordMain.runKeyword(WebUIKeywordMain.groovy:20)
	at com.kms.katalon.core.webui.keyword.builtin.SetTextKeyword.setText(SetTextKeyword.groovy:66)
	at com.kms.katalon.core.webui.keyword.builtin.SetTextKeyword.execute(SetTextKeyword.groovy:37)
	at com.kms.katalon.core.keyword.internal.KeywordExecutor.executeKeywordForPlatform(KeywordExecutor.groovy:73)
	at com.kms.katalon.core.webui.keyword.WebUiBuiltInKeywords.setText(WebUiBuiltInKeywords.groovy:979)
	at com.kms.katalon.core.webui.keyword.WebUiBuiltInKeywords$setText$1.call(Unknown Source)
	at Script1621882964297.run(Script1621882964297.groovy:26)
	... 13 more
)

2021-05-28 22:13:12 - [MESSAGE][INFO] - Unable to find the element located by 'By.xpath: //input[@id='name']'. Please recheck the objects properties to make sure the desired element is located. 

2021-05-28 22:13:12 - [MESSAGE][WARNING] - [SELF-HEALING] Failed to find element with id 'Object Repository/Register/input_Choose your username_name'. Try using Self-healing.

2021-05-28 22:13:12 - [MESSAGE][INFO] - [SELF-HEALING] Failed Locator: '//input[@id='name']'.

2021-05-28 22:13:13 - [MESSAGE][INFO] - [SELF-HEALING] Failed Locator: '//div[@id='signup_email_section']/div/form/div/div[2]/div/input'.

2021-05-28 22:13:13 - [MESSAGE][INFO] - [SELF-HEALING] Failed Locator: '//div[2]/div/input'.

2021-05-28 22:13:13 - [MESSAGE][INFO] - [SELF-HEALING] Failed Locator: '//input[@id='name']'.

2021-05-28 22:13:13 - [MESSAGE][INFO] - [SELF-HEALING] Failed Locator: '//div[@id='signup_email_section']/div/form/div/div[2]/div/input'.

2021-05-28 22:13:14 - [MESSAGE][INFO] - [SELF-HEALING] Failed Locator: '//div[2]/div/input'.

2021-05-28 22:13:15 - [MESSAGE][INFO] - Unable to find the element located by 'By.xpath: //*[@id = 'name' and @type = 'text']'. Please recheck the objects properties to make sure the desired element is located. 

2021-05-28 22:13:16 - [MESSAGE][INFO] - Unable to find the element located by 'By.cssSelector: #name'. Please recheck the objects properties to make sure the desired element is located. 

2021-05-28 22:13:16 - [MESSAGE][FAILED] - Unable to set text 'test' of object 'Object Repository/Register/input_Choose your username_name' (Root cause: com.kms.katalon.core.exception.StepFailedException: Unable to set text 'test' of object 'Object Repository/Register/input_Choose your username_name'
	at com.kms.katalon.core.webui.keyword.internal.WebUIKeywordMain.stepFailed(WebUIKeywordMain.groovy:64)
	at com.kms.katalon.core.webui.keyword.internal.WebUIKeywordMain.runKeyword(WebUIKeywordMain.groovy:26)
	at com.kms.katalon.core.webui.keyword.builtin.SetTextKeyword.setText(SetTextKeyword.groovy:66)
	at com.kms.katalon.core.webui.keyword.builtin.SetTextKeyword.execute(SetTextKeyword.groovy:37)
	at com.kms.katalon.core.keyword.internal.KeywordExecutor.executeKeywordForPlatform(KeywordExecutor.groovy:73)
	at com.kms.katalon.core.webui.keyword.WebUiBuiltInKeywords.setText(WebUiBuiltInKeywords.groovy:979)
	at com.kms.katalon.core.webui.keyword.WebUiBuiltInKeywords$setText$1.call(Unknown Source)
	at Register.run(Register:26)
	at com.kms.katalon.core.main.ScriptEngine.run(ScriptEngine.java:194)
	at com.kms.katalon.core.main.ScriptEngine.runScriptAsRawText(ScriptEngine.java:119)
	at com.kms.katalon.core.main.TestCaseExecutor.runScript(TestCaseExecutor.java:398)
	at com.kms.katalon.core.main.TestCaseExecutor.doExecute(TestCaseExecutor.java:389)
	at com.kms.katalon.core.main.TestCaseExecutor.processExecutionPhase(TestCaseExecutor.java:368)
	at com.kms.katalon.core.main.TestCaseExecutor.accessMainPhase(TestCaseExecutor.java:360)
	at com.kms.katalon.core.main.TestCaseExecutor.execute(TestCaseExecutor.java:255)
	at com.kms.katalon.core.main.TestSuiteExecutor.accessTestCaseMainPhase(TestSuiteExecutor.java:203)
	at com.kms.katalon.core.main.TestSuiteExecutor.accessTestSuiteMainPhase(TestSuiteExecutor.java:152)
	at com.kms.katalon.core.main.TestSuiteExecutor.execute(TestSuiteExecutor.java:95)
	at com.kms.katalon.core.main.TestCaseMain.startTestSuite(TestCaseMain.java:157)
	at com.kms.katalon.core.main.TestCaseMain$startTestSuite$0.call(Unknown Source)
	at TempTestSuite1622212592997.run(TempTestSuite1622212592997.groovy:39)
Caused by: com.kms.katalon.core.webui.exception.WebElementNotFoundException: Web element with id: 'Object Repository/Register/input_Choose your username_name' located by '//input[@id='name']' not found
	at com.kms.katalon.core.webui.common.WebUiCommonHelper.findWebElement(WebUiCommonHelper.java:1368)
	at com.kms.katalon.core.webui.keyword.internal.WebUIAbstractKeyword.findWebElement(WebUIAbstractKeyword.groovy:27)
	at com.kms.katalon.core.webui.keyword.internal.WebUIAbstractKeyword.findWebElement(WebUIAbstractKeyword.groovy:26)
	at com.kms.katalon.core.webui.keyword.builtin.SetTextKeyword$_setText_closure1.doCall(SetTextKeyword.groovy:51)
	at com.kms.katalon.core.webui.keyword.builtin.SetTextKeyword$_setText_closure1.call(SetTextKeyword.groovy)
	at com.kms.katalon.core.webui.keyword.internal.WebUIKeywordMain.runKeyword(WebUIKeywordMain.groovy:20)
	at com.kms.katalon.core.webui.keyword.builtin.SetTextKeyword.setText(SetTextKeyword.groovy:66)
	at com.kms.katalon.core.webui.keyword.builtin.SetTextKeyword.execute(SetTextKeyword.groovy:37)
	at com.kms.katalon.core.keyword.internal.KeywordExecutor.executeKeywordForPlatform(KeywordExecutor.groovy:73)
	at com.kms.katalon.core.webui.keyword.WebUiBuiltInKeywords.setText(WebUiBuiltInKeywords.groovy:979)
	at com.kms.katalon.core.webui.keyword.WebUiBuiltInKeywords$setText$1.call(Unknown Source)
	at Script1621882964297.run(Script1621882964297.groovy:26)
	... 13 more
)
[[ATTACHMENT|C:\\Users\\tanth\\git\\katalon\\Reports\\20210528_213632\\Run all test cases\\20210528_213632\\1622214796456.png]]]]></system-out>
         <system-err><![CDATA[2021-05-28 22:10:58 - [TEST_CASE][FAILED] - Test Cases/Register: Test Cases/Register FAILED.
Reason:
com.kms.katalon.core.exception.StepFailedException: Unable to set text 'test' of object 'Object Repository/Register/input_Choose your username_name'
	at com.kms.katalon.core.webui.keyword.internal.WebUIKeywordMain.stepFailed(WebUIKeywordMain.groovy:64)
	at com.kms.katalon.core.webui.keyword.internal.WebUIKeywordMain.runKeyword(WebUIKeywordMain.groovy:26)
	at com.kms.katalon.core.webui.keyword.builtin.SetTextKeyword.setText(SetTextKeyword.groovy:66)
	at com.kms.katalon.core.webui.keyword.builtin.SetTextKeyword.execute(SetTextKeyword.groovy:37)
	at com.kms.katalon.core.keyword.internal.KeywordExecutor.executeKeywordForPlatform(KeywordExecutor.groovy:73)
	at com.kms.katalon.core.webui.keyword.WebUiBuiltInKeywords.setText(WebUiBuiltInKeywords.groovy:979)
	at com.kms.katalon.core.webui.keyword.WebUiBuiltInKeywords$setText$1.call(Unknown Source)
	at Register.run(Register:26)
	at com.kms.katalon.core.main.ScriptEngine.run(ScriptEngine.java:194)
	at com.kms.katalon.core.main.ScriptEngine.runScriptAsRawText(ScriptEngine.java:119)
	at com.kms.katalon.core.main.TestCaseExecutor.runScript(TestCaseExecutor.java:398)
	at com.kms.katalon.core.main.TestCaseExecutor.doExecute(TestCaseExecutor.java:389)
	at com.kms.katalon.core.main.TestCaseExecutor.processExecutionPhase(TestCaseExecutor.java:368)
	at com.kms.katalon.core.main.TestCaseExecutor.accessMainPhase(TestCaseExecutor.java:360)
	at com.kms.katalon.core.main.TestCaseExecutor.execute(TestCaseExecutor.java:255)
	at com.kms.katalon.core.main.TestSuiteExecutor.accessTestCaseMainPhase(TestSuiteExecutor.java:203)
	at com.kms.katalon.core.main.TestSuiteExecutor.accessTestSuiteMainPhase(TestSuiteExecutor.java:152)
	at com.kms.katalon.core.main.TestSuiteExecutor.execute(TestSuiteExecutor.java:95)
	at com.kms.katalon.core.main.TestCaseMain.startTestSuite(TestCaseMain.java:157)
	at com.kms.katalon.core.main.TestCaseMain$startTestSuite$0.call(Unknown Source)
	at TempTestSuite1622212592997.run(TempTestSuite1622212592997.groovy:39)
Caused by: com.kms.katalon.core.webui.exception.WebElementNotFoundException: Web element with id: 'Object Repository/Register/input_Choose your username_name' located by '//input[@id='name']' not found
	at com.kms.katalon.core.webui.common.WebUiCommonHelper.findWebElement(WebUiCommonHelper.java:1368)
	at com.kms.katalon.core.webui.keyword.internal.WebUIAbstractKeyword.findWebElement(WebUIAbstractKeyword.groovy:27)
	at com.kms.katalon.core.webui.keyword.internal.WebUIAbstractKeyword.findWebElement(WebUIAbstractKeyword.groovy:26)
	at com.kms.katalon.core.webui.keyword.builtin.SetTextKeyword$_setText_closure1.doCall(SetTextKeyword.groovy:51)
	at com.kms.katalon.core.webui.keyword.builtin.SetTextKeyword$_setText_closure1.call(SetTextKeyword.groovy)
	at com.kms.katalon.core.webui.keyword.internal.WebUIKeywordMain.runKeyword(WebUIKeywordMain.groovy:20)
	... 19 more]]></system-err>
      </testcase>
      <testcase name="Test Cases/ReplyMessage" time="111.645" classname="Test Cases/ReplyMessage" status="FAILED">
         <failure type="FAILED" message="Test Cases/ReplyMessage FAILED.
Reason:
com.kms.katalon.core.exception.StepFailedException: Unable to click on object 'Object Repository/DeleteMessage_OR/Page_Test 77777 - TOKEN_UPDATED Mattermost/button_Reply'
	at com.kms.katalon.core.webui.keyword.internal.WebUIKeywordMain.stepFailed(WebUIKeywordMain.groovy:64)
	at com.kms.katalon.core.webui.keyword.internal.WebUIKeywordMain.runKeyword(WebUIKeywordMain.groovy:26)
	at com.kms.katalon.core.webui.keyword.builtin.ClickKeyword.click(ClickKeyword.groovy:75)
	at com.kms.katalon.core.webui.keyword.builtin.ClickKeyword.execute(ClickKeyword.groovy:42)
	at com.kms.katalon.core.keyword.internal.KeywordExecutor.executeKeywordForPlatform(KeywordExecutor.groovy:73)
	at com.kms.katalon.core.webui.keyword.WebUiBuiltInKeywords.click(WebUiBuiltInKeywords.groovy:619)
	at com.kms.katalon.core.webui.keyword.WebUiBuiltInKeywords$click$4.call(Unknown Source)
	at ReplyMessage.run(ReplyMessage:39)
	at com.kms.katalon.core.main.ScriptEngine.run(ScriptEngine.java:194)
	at com.kms.katalon.core.main.ScriptEngine.runScriptAsRawText(ScriptEngine.java:119)
	at com.kms.katalon.core.main.TestCaseExecutor.runScript(TestCaseExecutor.java:398)
	at com.kms.katalon.core.main.TestCaseExecutor.doExecute(TestCaseExecutor.java:389)
	at com.kms.katalon.core.main.TestCaseExecutor.processExecutionPhase(TestCaseExecutor.java:368)
	at com.kms.katalon.core.main.TestCaseExecutor.accessMainPhase(TestCaseExecutor.java:360)
	at com.kms.katalon.core.main.TestCaseExecutor.execute(TestCaseExecutor.java:255)
	at com.kms.katalon.core.main.TestSuiteExecutor.accessTestCaseMainPhase(TestSuiteExecutor.java:203)
	at com.kms.katalon.core.main.TestSuiteExecutor.accessTestSuiteMainPhase(TestSuiteExecutor.java:152)
	at com.kms.katalon.core.main.TestSuiteExecutor.execute(TestSuiteExecutor.java:95)
	at com.kms.katalon.core.main.TestCaseMain.startTestSuite(TestCaseMain.java:157)
	at com.kms.katalon.core.main.TestCaseMain$startTestSuite$0.call(Unknown Source)
	at TempTestSuite1622212592997.run(TempTestSuite1622212592997.groovy:39)
Caused by: org.openqa.selenium.ElementNotInteractableException: element not interactable
  (Session info: chrome=90.0.4430.212)
Build info: version: '3.141.59', revision: 'e82be7d358', time: '2018-11-14T08:25:53'
System info: host: 'DESKTOP-0HE72I0', ip: '192.168.243.2', os.name: 'Windows 10', os.arch: 'amd64', os.version: '10.0', java.version: '1.8.0_282'
Driver info: com.kms.katalon.selenium.driver.CChromeDriver
Capabilities {acceptInsecureCerts: false, browserName: chrome, browserVersion: 90.0.4430.212, chrome: {chromedriverVersion: 90.0.4430.24 (4c6d850f087da..., userDataDir: C:\Users\tanth\AppData\Loca...}, goog:chromeOptions: {debuggerAddress: localhost:59072}, javascriptEnabled: true, networkConnectionEnabled: false, pageLoadStrategy: normal, platform: WINDOWS, platformName: WINDOWS, proxy: Proxy(), setWindowRect: true, strictFileInteractability: false, timeouts: {implicit: 0, pageLoad: 300000, script: 30000}, unhandledPromptBehavior: dismiss and notify, webauthn:extension:largeBlob: true, webauthn:virtualAuthenticators: true}
Session ID: 73b9c94d129361d0abfce4190c88b676
	at org.openqa.selenium.remote.http.W3CHttpResponseCodec.createException(W3CHttpResponseCodec.java:187)
	at org.openqa.selenium.remote.http.W3CHttpResponseCodec.decode(W3CHttpResponseCodec.java:122)
	at org.openqa.selenium.remote.http.W3CHttpResponseCodec.decode(W3CHttpResponseCodec.java:49)
	at org.openqa.selenium.remote.HttpCommandExecutor.execute(HttpCommandExecutor.java:158)
	at org.openqa.selenium.remote.service.DriverCommandExecutor.execute(DriverCommandExecutor.java:83)
	at org.openqa.selenium.remote.RemoteWebDriver.execute(RemoteWebDriver.java:552)
	at com.kms.katalon.selenium.driver.CChromeDriver.execute(CChromeDriver.java:19)
	at org.openqa.selenium.remote.RemoteWebElement.execute(RemoteWebElement.java:285)
	at org.openqa.selenium.remote.RemoteWebElement.click(RemoteWebElement.java:84)
	at org.openqa.selenium.support.events.EventFiringWebDriver$EventFiringWebElement.lambda$new$0(EventFiringWebDriver.java:404)
	at com.sun.proxy.$Proxy11.click(Unknown Source)
	at org.openqa.selenium.support.events.EventFiringWebDriver$EventFiringWebElement.click(EventFiringWebDriver.java:417)
	at com.kms.katalon.core.webui.keyword.builtin.ClickKeyword$_click_closure1.doCall(ClickKeyword.groovy:68)
	at com.kms.katalon.core.webui.keyword.builtin.ClickKeyword$_click_closure1.call(ClickKeyword.groovy)
	at com.kms.katalon.core.webui.keyword.internal.WebUIKeywordMain.runKeyword(WebUIKeywordMain.groovy:20)
	... 19 more
"/>
         <system-out><![CDATA[2021-05-28 22:13:16 - [TEST_CASE][FAILED] - Test Cases/ReplyMessage: Test Cases/ReplyMessage FAILED.
Reason:
com.kms.katalon.core.exception.StepFailedException: Unable to click on object 'Object Repository/DeleteMessage_OR/Page_Test 77777 - TOKEN_UPDATED Mattermost/button_Reply'
	at com.kms.katalon.core.webui.keyword.internal.WebUIKeywordMain.stepFailed(WebUIKeywordMain.groovy:64)
	at com.kms.katalon.core.webui.keyword.internal.WebUIKeywordMain.runKeyword(WebUIKeywordMain.groovy:26)
	at com.kms.katalon.core.webui.keyword.builtin.ClickKeyword.click(ClickKeyword.groovy:75)
	at com.kms.katalon.core.webui.keyword.builtin.ClickKeyword.execute(ClickKeyword.groovy:42)
	at com.kms.katalon.core.keyword.internal.KeywordExecutor.executeKeywordForPlatform(KeywordExecutor.groovy:73)
	at com.kms.katalon.core.webui.keyword.WebUiBuiltInKeywords.click(WebUiBuiltInKeywords.groovy:619)
	at com.kms.katalon.core.webui.keyword.WebUiBuiltInKeywords$click$4.call(Unknown Source)
	at ReplyMessage.run(ReplyMessage:39)
	at com.kms.katalon.core.main.ScriptEngine.run(ScriptEngine.java:194)
	at com.kms.katalon.core.main.ScriptEngine.runScriptAsRawText(ScriptEngine.java:119)
	at com.kms.katalon.core.main.TestCaseExecutor.runScript(TestCaseExecutor.java:398)
	at com.kms.katalon.core.main.TestCaseExecutor.doExecute(TestCaseExecutor.java:389)
	at com.kms.katalon.core.main.TestCaseExecutor.processExecutionPhase(TestCaseExecutor.java:368)
	at com.kms.katalon.core.main.TestCaseExecutor.accessMainPhase(TestCaseExecutor.java:360)
	at com.kms.katalon.core.main.TestCaseExecutor.execute(TestCaseExecutor.java:255)
	at com.kms.katalon.core.main.TestSuiteExecutor.accessTestCaseMainPhase(TestSuiteExecutor.java:203)
	at com.kms.katalon.core.main.TestSuiteExecutor.accessTestSuiteMainPhase(TestSuiteExecutor.java:152)
	at com.kms.katalon.core.main.TestSuiteExecutor.execute(TestSuiteExecutor.java:95)
	at com.kms.katalon.core.main.TestCaseMain.startTestSuite(TestCaseMain.java:157)
	at com.kms.katalon.core.main.TestCaseMain$startTestSuite$0.call(Unknown Source)
	at TempTestSuite1622212592997.run(TempTestSuite1622212592997.groovy:39)
Caused by: org.openqa.selenium.ElementNotInteractableException: element not interactable
  (Session info: chrome=90.0.4430.212)
Build info: version: '3.141.59', revision: 'e82be7d358', time: '2018-11-14T08:25:53'
System info: host: 'DESKTOP-0HE72I0', ip: '192.168.243.2', os.name: 'Windows 10', os.arch: 'amd64', os.version: '10.0', java.version: '1.8.0_282'
Driver info: com.kms.katalon.selenium.driver.CChromeDriver
Capabilities {acceptInsecureCerts: false, browserName: chrome, browserVersion: 90.0.4430.212, chrome: {chromedriverVersion: 90.0.4430.24 (4c6d850f087da..., userDataDir: C:\Users\tanth\AppData\Loca...}, goog:chromeOptions: {debuggerAddress: localhost:59072}, javascriptEnabled: true, networkConnectionEnabled: false, pageLoadStrategy: normal, platform: WINDOWS, platformName: WINDOWS, proxy: Proxy(), setWindowRect: true, strictFileInteractability: false, timeouts: {implicit: 0, pageLoad: 300000, script: 30000}, unhandledPromptBehavior: dismiss and notify, webauthn:extension:largeBlob: true, webauthn:virtualAuthenticators: true}
Session ID: 73b9c94d129361d0abfce4190c88b676
	at org.openqa.selenium.remote.http.W3CHttpResponseCodec.createException(W3CHttpResponseCodec.java:187)
	at org.openqa.selenium.remote.http.W3CHttpResponseCodec.decode(W3CHttpResponseCodec.java:122)
	at org.openqa.selenium.remote.http.W3CHttpResponseCodec.decode(W3CHttpResponseCodec.java:49)
	at org.openqa.selenium.remote.HttpCommandExecutor.execute(HttpCommandExecutor.java:158)
	at org.openqa.selenium.remote.service.DriverCommandExecutor.execute(DriverCommandExecutor.java:83)
	at org.openqa.selenium.remote.RemoteWebDriver.execute(RemoteWebDriver.java:552)
	at com.kms.katalon.selenium.driver.CChromeDriver.execute(CChromeDriver.java:19)
	at org.openqa.selenium.remote.RemoteWebElement.execute(RemoteWebElement.java:285)
	at org.openqa.selenium.remote.RemoteWebElement.click(RemoteWebElement.java:84)
	at org.openqa.selenium.support.events.EventFiringWebDriver$EventFiringWebElement.lambda$new$0(EventFiringWebDriver.java:404)
	at com.sun.proxy.$Proxy11.click(Unknown Source)
	at org.openqa.selenium.support.events.EventFiringWebDriver$EventFiringWebElement.click(EventFiringWebDriver.java:417)
	at com.kms.katalon.core.webui.keyword.builtin.ClickKeyword$_click_closure1.doCall(ClickKeyword.groovy:68)
	at com.kms.katalon.core.webui.keyword.builtin.ClickKeyword$_click_closure1.call(ClickKeyword.groovy)
	at com.kms.katalon.core.webui.keyword.internal.WebUIKeywordMain.runKeyword(WebUIKeywordMain.groovy:20)
	... 19 more


2021-05-28 22:13:17 - [TEST_STEP][PASSED] - openBrowser(""): Browser is opened with url: ''

2021-05-28 22:13:17 - [MESSAGE][WARNING] - A browser is already opened. Closing browser and opening a new one

2021-05-28 22:13:18 - [MESSAGE][INFO] - Starting 'Chrome' driver

2021-05-28 22:13:18 - [MESSAGE][INFO] - Action delay is set to 0 milliseconds

2021-05-28 22:13:20 - [MESSAGE][PASSED] - Browser is opened with url: ''

2021-05-28 22:13:20 - [TEST_STEP][PASSED] - navigateToUrl("https://cdnc-group2.herokuapp.com/login"): Navigate to 'https://cdnc-group2.herokuapp.com/login' successfully

2021-05-28 22:13:24 - [MESSAGE][PASSED] - Navigate to 'https://cdnc-group2.herokuapp.com/login' successfully

2021-05-28 22:13:24 - [TEST_STEP][PASSED] - setText(findTestObject("Object Repository/DeleteMessage_OR/Page_Mattermost/input_All team communication in one place, _dcc84b"), "ngoctin040999@gmail.com"): Text 'ngoctin040999@gmail.com' is set on object 'Object Repository/DeleteMessage_OR/Page_Mattermost/input_All team communication in one place, _dcc84b'

2021-05-28 22:13:29 - [MESSAGE][PASSED] - Text 'ngoctin040999@gmail.com' is set on object 'Object Repository/DeleteMessage_OR/Page_Mattermost/input_All team communication in one place, _dcc84b'

2021-05-28 22:13:29 - [TEST_STEP][PASSED] - setEncryptedText(findTestObject("Object Repository/DeleteMessage_OR/Page_Mattermost/input_All team communication in one place, _a3edc6"), "S8w1SJvl7D1hts9IdMV+NQ=="): Text ****** has been set on object 'Object Repository/DeleteMessage_OR/Page_Mattermost/input_All team communication in one place, _a3edc6'

2021-05-28 22:13:30 - [MESSAGE][PASSED] - Text ****** has been set on object 'Object Repository/DeleteMessage_OR/Page_Mattermost/input_All team communication in one place, _a3edc6'

2021-05-28 22:13:30 - [TEST_STEP][PASSED] - sendKeys(findTestObject("Object Repository/DeleteMessage_OR/Page_Mattermost/input_All team communication in one place, _a3edc6"), Keys.chord(ENTER)): Keys 'ENTER + ' sent to object: 'Object Repository/DeleteMessage_OR/Page_Mattermost/input_All team communication in one place, _a3edc6'

2021-05-28 22:13:30 - [MESSAGE][PASSED] - Keys 'ENTER + ' sent to object: 'Object Repository/DeleteMessage_OR/Page_Mattermost/input_All team communication in one place, _a3edc6'

2021-05-28 22:13:30 - [TEST_STEP][PASSED] - click(findTestObject("Object Repository/DeleteMessage_OR/Page_Town Square - TOKEN_UPDATED Mattermost/span_Test 77777")): Object: 'Object Repository/DeleteMessage_OR/Page_Town Square - TOKEN_UPDATED Mattermost/span_Test 77777' is clicked on

2021-05-28 22:14:02 - [MESSAGE][INFO] - Unable to find the element located by 'By.xpath: //*[(text() = 'Test 77777' or . = 'Test 77777')]'. Please recheck the objects properties to make sure the desired element is located. 

2021-05-28 22:14:02 - [MESSAGE][WARNING] - [SELF-HEALING] Failed to find element with id 'Object Repository/DeleteMessage_OR/Page_Town Square - TOKEN_UPDATED Mattermost/span_Test 77777'. Try using Self-healing.

2021-05-28 22:14:02 - [MESSAGE][WARNING] - [SELF-HEALING] The current locator of test object 'Object Repository/DeleteMessage_OR/Page_Town Square - TOKEN_UPDATED Mattermost/span_Test 77777' was broken. Propose an alternative one: '(.//*[normalize-space(text()) and normalize-space(.)='Test 111223'])[1]/preceding::span[2]'.

2021-05-28 22:14:02 - [MESSAGE][PASSED] - Object: 'Object Repository/DeleteMessage_OR/Page_Town Square - TOKEN_UPDATED Mattermost/span_Test 77777' is clicked on

2021-05-28 22:14:02 - [TEST_STEP][PASSED] - mouseOver(findTestObject("Object Repository/DeleteMessage_OR/Page_Test 77777 - TOKEN_UPDATED Mattermost/div_ngoctin12345747 PM213154645")): Object: 'Object Repository/DeleteMessage_OR/Page_Test 77777 - TOKEN_UPDATED Mattermost/div_ngoctin12345747 PM213154645' is hovered

2021-05-28 22:14:34 - [MESSAGE][INFO] - Unable to find the element located by 'By.xpath: '. Please recheck the objects properties to make sure the desired element is located. 

2021-05-28 22:14:34 - [MESSAGE][WARNING] - [SELF-HEALING] Failed to find element with id 'Object Repository/DeleteMessage_OR/Page_Test 77777 - TOKEN_UPDATED Mattermost/div_ngoctin12345747 PM213154645'. Try using Self-healing.

2021-05-28 22:14:34 - [MESSAGE][WARNING] - [SELF-HEALING] The current locator of test object 'Object Repository/DeleteMessage_OR/Page_Test 77777 - TOKEN_UPDATED Mattermost/div_ngoctin12345747 PM213154645' was broken. Propose an alternative one: '(.//*[normalize-space(text()) and normalize-space(.)='ngoctin12345'])[4]/following::div[19]'.

2021-05-28 22:14:34 - [MESSAGE][PASSED] - Object: 'Object Repository/DeleteMessage_OR/Page_Test 77777 - TOKEN_UPDATED Mattermost/div_ngoctin12345747 PM213154645' is hovered

2021-05-28 22:14:34 - [TEST_STEP][PASSED] - click(findTestObject("Object Repository/DeleteMessage_OR/Page_Test 77777 - TOKEN_UPDATED Mattermost/svg")): Object: 'Object Repository/DeleteMessage_OR/Page_Test 77777 - TOKEN_UPDATED Mattermost/svg' is clicked on

2021-05-28 22:14:36 - [MESSAGE][PASSED] - Object: 'Object Repository/DeleteMessage_OR/Page_Test 77777 - TOKEN_UPDATED Mattermost/svg' is clicked on

2021-05-28 22:14:36 - [TEST_STEP][FAILED] - click(findTestObject("Object Repository/DeleteMessage_OR/Page_Test 77777 - TOKEN_UPDATED Mattermost/button_Reply")): Unable to click on object 'Object Repository/DeleteMessage_OR/Page_Test 77777 - TOKEN_UPDATED Mattermost/button_Reply' (Root cause: com.kms.katalon.core.exception.StepFailedException: Unable to click on object 'Object Repository/DeleteMessage_OR/Page_Test 77777 - TOKEN_UPDATED Mattermost/button_Reply'
	at com.kms.katalon.core.webui.keyword.internal.WebUIKeywordMain.stepFailed(WebUIKeywordMain.groovy:64)
	at com.kms.katalon.core.webui.keyword.internal.WebUIKeywordMain.runKeyword(WebUIKeywordMain.groovy:26)
	at com.kms.katalon.core.webui.keyword.builtin.ClickKeyword.click(ClickKeyword.groovy:75)
	at com.kms.katalon.core.webui.keyword.builtin.ClickKeyword.execute(ClickKeyword.groovy:42)
	at com.kms.katalon.core.keyword.internal.KeywordExecutor.executeKeywordForPlatform(KeywordExecutor.groovy:73)
	at com.kms.katalon.core.webui.keyword.WebUiBuiltInKeywords.click(WebUiBuiltInKeywords.groovy:619)
	at com.kms.katalon.core.webui.keyword.WebUiBuiltInKeywords$click$4.call(Unknown Source)
	at ReplyMessage.run(ReplyMessage:39)
	at com.kms.katalon.core.main.ScriptEngine.run(ScriptEngine.java:194)
	at com.kms.katalon.core.main.ScriptEngine.runScriptAsRawText(ScriptEngine.java:119)
	at com.kms.katalon.core.main.TestCaseExecutor.runScript(TestCaseExecutor.java:398)
	at com.kms.katalon.core.main.TestCaseExecutor.doExecute(TestCaseExecutor.java:389)
	at com.kms.katalon.core.main.TestCaseExecutor.processExecutionPhase(TestCaseExecutor.java:368)
	at com.kms.katalon.core.main.TestCaseExecutor.accessMainPhase(TestCaseExecutor.java:360)
	at com.kms.katalon.core.main.TestCaseExecutor.execute(TestCaseExecutor.java:255)
	at com.kms.katalon.core.main.TestSuiteExecutor.accessTestCaseMainPhase(TestSuiteExecutor.java:203)
	at com.kms.katalon.core.main.TestSuiteExecutor.accessTestSuiteMainPhase(TestSuiteExecutor.java:152)
	at com.kms.katalon.core.main.TestSuiteExecutor.execute(TestSuiteExecutor.java:95)
	at com.kms.katalon.core.main.TestCaseMain.startTestSuite(TestCaseMain.java:157)
	at com.kms.katalon.core.main.TestCaseMain$startTestSuite$0.call(Unknown Source)
	at TempTestSuite1622212592997.run(TempTestSuite1622212592997.groovy:39)
Caused by: org.openqa.selenium.ElementNotInteractableException: element not interactable
  (Session info: chrome=90.0.4430.212)
Build info: version: '3.141.59', revision: 'e82be7d358', time: '2018-11-14T08:25:53'
System info: host: 'DESKTOP-0HE72I0', ip: '192.168.243.2', os.name: 'Windows 10', os.arch: 'amd64', os.version: '10.0', java.version: '1.8.0_282'
Driver info: com.kms.katalon.selenium.driver.CChromeDriver
Capabilities {acceptInsecureCerts: false, browserName: chrome, browserVersion: 90.0.4430.212, chrome: {chromedriverVersion: 90.0.4430.24 (4c6d850f087da..., userDataDir: C:\Users\tanth\AppData\Loca...}, goog:chromeOptions: {debuggerAddress: localhost:59072}, javascriptEnabled: true, networkConnectionEnabled: false, pageLoadStrategy: normal, platform: WINDOWS, platformName: WINDOWS, proxy: Proxy(), setWindowRect: true, strictFileInteractability: false, timeouts: {implicit: 0, pageLoad: 300000, script: 30000}, unhandledPromptBehavior: dismiss and notify, webauthn:extension:largeBlob: true, webauthn:virtualAuthenticators: true}
Session ID: 73b9c94d129361d0abfce4190c88b676
	at org.openqa.selenium.remote.http.W3CHttpResponseCodec.createException(W3CHttpResponseCodec.java:187)
	at org.openqa.selenium.remote.http.W3CHttpResponseCodec.decode(W3CHttpResponseCodec.java:122)
	at org.openqa.selenium.remote.http.W3CHttpResponseCodec.decode(W3CHttpResponseCodec.java:49)
	at org.openqa.selenium.remote.HttpCommandExecutor.execute(HttpCommandExecutor.java:158)
	at org.openqa.selenium.remote.service.DriverCommandExecutor.execute(DriverCommandExecutor.java:83)
	at org.openqa.selenium.remote.RemoteWebDriver.execute(RemoteWebDriver.java:552)
	at com.kms.katalon.selenium.driver.CChromeDriver.execute(CChromeDriver.java:19)
	at org.openqa.selenium.remote.RemoteWebElement.execute(RemoteWebElement.java:285)
	at org.openqa.selenium.remote.RemoteWebElement.click(RemoteWebElement.java:84)
	at org.openqa.selenium.support.events.EventFiringWebDriver$EventFiringWebElement.lambda$new$0(EventFiringWebDriver.java:404)
	at com.sun.proxy.$Proxy11.click(Unknown Source)
	at org.openqa.selenium.support.events.EventFiringWebDriver$EventFiringWebElement.click(EventFiringWebDriver.java:417)
	at com.kms.katalon.core.webui.keyword.builtin.ClickKeyword$_click_closure1.doCall(ClickKeyword.groovy:68)
	at com.kms.katalon.core.webui.keyword.builtin.ClickKeyword$_click_closure1.call(ClickKeyword.groovy)
	at com.kms.katalon.core.webui.keyword.internal.WebUIKeywordMain.runKeyword(WebUIKeywordMain.groovy:20)
	at com.kms.katalon.core.webui.keyword.builtin.ClickKeyword.click(ClickKeyword.groovy:75)
	at com.kms.katalon.core.webui.keyword.builtin.ClickKeyword.execute(ClickKeyword.groovy:42)
	at com.kms.katalon.core.keyword.internal.KeywordExecutor.executeKeywordForPlatform(KeywordExecutor.groovy:73)
	at com.kms.katalon.core.webui.keyword.WebUiBuiltInKeywords.click(WebUiBuiltInKeywords.groovy:619)
	at com.kms.katalon.core.webui.keyword.WebUiBuiltInKeywords$click$4.call(Unknown Source)
	at Script1621731962761.run(Script1621731962761.groovy:39)
	... 13 more
)

2021-05-28 22:15:07 - [MESSAGE][INFO] - Unable to find the element located by 'By.xpath: //div[@id='CENTER_dropdown_947745rotinbff747yofifz5yo']/ul/li/button'. Please recheck the objects properties to make sure the desired element is located. 

2021-05-28 22:15:07 - [MESSAGE][WARNING] - [SELF-HEALING] Failed to find element with id 'Object Repository/DeleteMessage_OR/Page_Test 77777 - TOKEN_UPDATED Mattermost/button_Reply'. Try using Self-healing.

2021-05-28 22:15:08 - [MESSAGE][WARNING] - [SELF-HEALING] The current locator of test object 'Object Repository/DeleteMessage_OR/Page_Test 77777 - TOKEN_UPDATED Mattermost/button_Reply' was broken. Propose an alternative one: '(.//*[normalize-space(text()) and normalize-space(.)='ngoctin12345'])[5]/following::button[2]'.

2021-05-28 22:15:08 - [MESSAGE][FAILED] - Unable to click on object 'Object Repository/DeleteMessage_OR/Page_Test 77777 - TOKEN_UPDATED Mattermost/button_Reply' (Root cause: com.kms.katalon.core.exception.StepFailedException: Unable to click on object 'Object Repository/DeleteMessage_OR/Page_Test 77777 - TOKEN_UPDATED Mattermost/button_Reply'
	at com.kms.katalon.core.webui.keyword.internal.WebUIKeywordMain.stepFailed(WebUIKeywordMain.groovy:64)
	at com.kms.katalon.core.webui.keyword.internal.WebUIKeywordMain.runKeyword(WebUIKeywordMain.groovy:26)
	at com.kms.katalon.core.webui.keyword.builtin.ClickKeyword.click(ClickKeyword.groovy:75)
	at com.kms.katalon.core.webui.keyword.builtin.ClickKeyword.execute(ClickKeyword.groovy:42)
	at com.kms.katalon.core.keyword.internal.KeywordExecutor.executeKeywordForPlatform(KeywordExecutor.groovy:73)
	at com.kms.katalon.core.webui.keyword.WebUiBuiltInKeywords.click(WebUiBuiltInKeywords.groovy:619)
	at com.kms.katalon.core.webui.keyword.WebUiBuiltInKeywords$click$4.call(Unknown Source)
	at ReplyMessage.run(ReplyMessage:39)
	at com.kms.katalon.core.main.ScriptEngine.run(ScriptEngine.java:194)
	at com.kms.katalon.core.main.ScriptEngine.runScriptAsRawText(ScriptEngine.java:119)
	at com.kms.katalon.core.main.TestCaseExecutor.runScript(TestCaseExecutor.java:398)
	at com.kms.katalon.core.main.TestCaseExecutor.doExecute(TestCaseExecutor.java:389)
	at com.kms.katalon.core.main.TestCaseExecutor.processExecutionPhase(TestCaseExecutor.java:368)
	at com.kms.katalon.core.main.TestCaseExecutor.accessMainPhase(TestCaseExecutor.java:360)
	at com.kms.katalon.core.main.TestCaseExecutor.execute(TestCaseExecutor.java:255)
	at com.kms.katalon.core.main.TestSuiteExecutor.accessTestCaseMainPhase(TestSuiteExecutor.java:203)
	at com.kms.katalon.core.main.TestSuiteExecutor.accessTestSuiteMainPhase(TestSuiteExecutor.java:152)
	at com.kms.katalon.core.main.TestSuiteExecutor.execute(TestSuiteExecutor.java:95)
	at com.kms.katalon.core.main.TestCaseMain.startTestSuite(TestCaseMain.java:157)
	at com.kms.katalon.core.main.TestCaseMain$startTestSuite$0.call(Unknown Source)
	at TempTestSuite1622212592997.run(TempTestSuite1622212592997.groovy:39)
Caused by: org.openqa.selenium.ElementNotInteractableException: element not interactable
  (Session info: chrome=90.0.4430.212)
Build info: version: '3.141.59', revision: 'e82be7d358', time: '2018-11-14T08:25:53'
System info: host: 'DESKTOP-0HE72I0', ip: '192.168.243.2', os.name: 'Windows 10', os.arch: 'amd64', os.version: '10.0', java.version: '1.8.0_282'
Driver info: com.kms.katalon.selenium.driver.CChromeDriver
Capabilities {acceptInsecureCerts: false, browserName: chrome, browserVersion: 90.0.4430.212, chrome: {chromedriverVersion: 90.0.4430.24 (4c6d850f087da..., userDataDir: C:\Users\tanth\AppData\Loca...}, goog:chromeOptions: {debuggerAddress: localhost:59072}, javascriptEnabled: true, networkConnectionEnabled: false, pageLoadStrategy: normal, platform: WINDOWS, platformName: WINDOWS, proxy: Proxy(), setWindowRect: true, strictFileInteractability: false, timeouts: {implicit: 0, pageLoad: 300000, script: 30000}, unhandledPromptBehavior: dismiss and notify, webauthn:extension:largeBlob: true, webauthn:virtualAuthenticators: true}
Session ID: 73b9c94d129361d0abfce4190c88b676
	at org.openqa.selenium.remote.http.W3CHttpResponseCodec.createException(W3CHttpResponseCodec.java:187)
	at org.openqa.selenium.remote.http.W3CHttpResponseCodec.decode(W3CHttpResponseCodec.java:122)
	at org.openqa.selenium.remote.http.W3CHttpResponseCodec.decode(W3CHttpResponseCodec.java:49)
	at org.openqa.selenium.remote.HttpCommandExecutor.execute(HttpCommandExecutor.java:158)
	at org.openqa.selenium.remote.service.DriverCommandExecutor.execute(DriverCommandExecutor.java:83)
	at org.openqa.selenium.remote.RemoteWebDriver.execute(RemoteWebDriver.java:552)
	at com.kms.katalon.selenium.driver.CChromeDriver.execute(CChromeDriver.java:19)
	at org.openqa.selenium.remote.RemoteWebElement.execute(RemoteWebElement.java:285)
	at org.openqa.selenium.remote.RemoteWebElement.click(RemoteWebElement.java:84)
	at org.openqa.selenium.support.events.EventFiringWebDriver$EventFiringWebElement.lambda$new$0(EventFiringWebDriver.java:404)
	at com.sun.proxy.$Proxy11.click(Unknown Source)
	at org.openqa.selenium.support.events.EventFiringWebDriver$EventFiringWebElement.click(EventFiringWebDriver.java:417)
	at com.kms.katalon.core.webui.keyword.builtin.ClickKeyword$_click_closure1.doCall(ClickKeyword.groovy:68)
	at com.kms.katalon.core.webui.keyword.builtin.ClickKeyword$_click_closure1.call(ClickKeyword.groovy)
	at com.kms.katalon.core.webui.keyword.internal.WebUIKeywordMain.runKeyword(WebUIKeywordMain.groovy:20)
	at com.kms.katalon.core.webui.keyword.builtin.ClickKeyword.click(ClickKeyword.groovy:75)
	at com.kms.katalon.core.webui.keyword.builtin.ClickKeyword.execute(ClickKeyword.groovy:42)
	at com.kms.katalon.core.keyword.internal.KeywordExecutor.executeKeywordForPlatform(KeywordExecutor.groovy:73)
	at com.kms.katalon.core.webui.keyword.WebUiBuiltInKeywords.click(WebUiBuiltInKeywords.groovy:619)
	at com.kms.katalon.core.webui.keyword.WebUiBuiltInKeywords$click$4.call(Unknown Source)
	at Script1621731962761.run(Script1621731962761.groovy:39)
	... 13 more
)
[[ATTACHMENT|C:\\Users\\tanth\\git\\katalon\\Reports\\20210528_213632\\Run all test cases\\20210528_213632\\1622214908081.png]]]]></system-out>
         <system-err><![CDATA[2021-05-28 22:13:16 - [TEST_CASE][FAILED] - Test Cases/ReplyMessage: Test Cases/ReplyMessage FAILED.
Reason:
com.kms.katalon.core.exception.StepFailedException: Unable to click on object 'Object Repository/DeleteMessage_OR/Page_Test 77777 - TOKEN_UPDATED Mattermost/button_Reply'
	at com.kms.katalon.core.webui.keyword.internal.WebUIKeywordMain.stepFailed(WebUIKeywordMain.groovy:64)
	at com.kms.katalon.core.webui.keyword.internal.WebUIKeywordMain.runKeyword(WebUIKeywordMain.groovy:26)
	at com.kms.katalon.core.webui.keyword.builtin.ClickKeyword.click(ClickKeyword.groovy:75)
	at com.kms.katalon.core.webui.keyword.builtin.ClickKeyword.execute(ClickKeyword.groovy:42)
	at com.kms.katalon.core.keyword.internal.KeywordExecutor.executeKeywordForPlatform(KeywordExecutor.groovy:73)
	at com.kms.katalon.core.webui.keyword.WebUiBuiltInKeywords.click(WebUiBuiltInKeywords.groovy:619)
	at com.kms.katalon.core.webui.keyword.WebUiBuiltInKeywords$click$4.call(Unknown Source)
	at ReplyMessage.run(ReplyMessage:39)
	at com.kms.katalon.core.main.ScriptEngine.run(ScriptEngine.java:194)
	at com.kms.katalon.core.main.ScriptEngine.runScriptAsRawText(ScriptEngine.java:119)
	at com.kms.katalon.core.main.TestCaseExecutor.runScript(TestCaseExecutor.java:398)
	at com.kms.katalon.core.main.TestCaseExecutor.doExecute(TestCaseExecutor.java:389)
	at com.kms.katalon.core.main.TestCaseExecutor.processExecutionPhase(TestCaseExecutor.java:368)
	at com.kms.katalon.core.main.TestCaseExecutor.accessMainPhase(TestCaseExecutor.java:360)
	at com.kms.katalon.core.main.TestCaseExecutor.execute(TestCaseExecutor.java:255)
	at com.kms.katalon.core.main.TestSuiteExecutor.accessTestCaseMainPhase(TestSuiteExecutor.java:203)
	at com.kms.katalon.core.main.TestSuiteExecutor.accessTestSuiteMainPhase(TestSuiteExecutor.java:152)
	at com.kms.katalon.core.main.TestSuiteExecutor.execute(TestSuiteExecutor.java:95)
	at com.kms.katalon.core.main.TestCaseMain.startTestSuite(TestCaseMain.java:157)
	at com.kms.katalon.core.main.TestCaseMain$startTestSuite$0.call(Unknown Source)
	at TempTestSuite1622212592997.run(TempTestSuite1622212592997.groovy:39)
Caused by: org.openqa.selenium.ElementNotInteractableException: element not interactable
  (Session info: chrome=90.0.4430.212)
Build info: version: '3.141.59', revision: 'e82be7d358', time: '2018-11-14T08:25:53'
System info: host: 'DESKTOP-0HE72I0', ip: '192.168.243.2', os.name: 'Windows 10', os.arch: 'amd64', os.version: '10.0', java.version: '1.8.0_282'
Driver info: com.kms.katalon.selenium.driver.CChromeDriver
Capabilities {acceptInsecureCerts: false, browserName: chrome, browserVersion: 90.0.4430.212, chrome: {chromedriverVersion: 90.0.4430.24 (4c6d850f087da..., userDataDir: C:\Users\tanth\AppData\Loca...}, goog:chromeOptions: {debuggerAddress: localhost:59072}, javascriptEnabled: true, networkConnectionEnabled: false, pageLoadStrategy: normal, platform: WINDOWS, platformName: WINDOWS, proxy: Proxy(), setWindowRect: true, strictFileInteractability: false, timeouts: {implicit: 0, pageLoad: 300000, script: 30000}, unhandledPromptBehavior: dismiss and notify, webauthn:extension:largeBlob: true, webauthn:virtualAuthenticators: true}
Session ID: 73b9c94d129361d0abfce4190c88b676
	at org.openqa.selenium.remote.http.W3CHttpResponseCodec.createException(W3CHttpResponseCodec.java:187)
	at org.openqa.selenium.remote.http.W3CHttpResponseCodec.decode(W3CHttpResponseCodec.java:122)
	at org.openqa.selenium.remote.http.W3CHttpResponseCodec.decode(W3CHttpResponseCodec.java:49)
	at org.openqa.selenium.remote.HttpCommandExecutor.execute(HttpCommandExecutor.java:158)
	at org.openqa.selenium.remote.service.DriverCommandExecutor.execute(DriverCommandExecutor.java:83)
	at org.openqa.selenium.remote.RemoteWebDriver.execute(RemoteWebDriver.java:552)
	at com.kms.katalon.selenium.driver.CChromeDriver.execute(CChromeDriver.java:19)
	at org.openqa.selenium.remote.RemoteWebElement.execute(RemoteWebElement.java:285)
	at org.openqa.selenium.remote.RemoteWebElement.click(RemoteWebElement.java:84)
	at org.openqa.selenium.support.events.EventFiringWebDriver$EventFiringWebElement.lambda$new$0(EventFiringWebDriver.java:404)
	at com.sun.proxy.$Proxy11.click(Unknown Source)
	at org.openqa.selenium.support.events.EventFiringWebDriver$EventFiringWebElement.click(EventFiringWebDriver.java:417)
	at com.kms.katalon.core.webui.keyword.builtin.ClickKeyword$_click_closure1.doCall(ClickKeyword.groovy:68)
	at com.kms.katalon.core.webui.keyword.builtin.ClickKeyword$_click_closure1.call(ClickKeyword.groovy)
	at com.kms.katalon.core.webui.keyword.internal.WebUIKeywordMain.runKeyword(WebUIKeywordMain.groovy:20)
	... 19 more]]></system-err>
      </testcase>
      <testcase name="Test Cases/SearchInChannelWithFilterGUI" time="47.077" classname="Test Cases/SearchInChannelWithFilterGUI" status="FAILED">
         <failure type="FAILED" message="Test Cases/SearchInChannelWithFilterGUI FAILED.
Reason:
com.kms.katalon.core.exception.StepFailedException: Unable to click on object 'Object Repository/Page_Town Square - TOKEN_UPDATED Mattermost/span_Test'
	at com.kms.katalon.core.webui.keyword.internal.WebUIKeywordMain.stepFailed(WebUIKeywordMain.groovy:64)
	at com.kms.katalon.core.webui.keyword.internal.WebUIKeywordMain.runKeyword(WebUIKeywordMain.groovy:26)
	at com.kms.katalon.core.webui.keyword.builtin.ClickKeyword.click(ClickKeyword.groovy:75)
	at com.kms.katalon.core.webui.keyword.builtin.ClickKeyword.execute(ClickKeyword.groovy:42)
	at com.kms.katalon.core.keyword.internal.KeywordExecutor.executeKeywordForPlatform(KeywordExecutor.groovy:73)
	at com.kms.katalon.core.webui.keyword.WebUiBuiltInKeywords.click(WebUiBuiltInKeywords.groovy:619)
	at com.kms.katalon.core.webui.keyword.WebUiBuiltInKeywords$click$4.call(Unknown Source)
	at SearchInChannelWithFilterGUI.run(SearchInChannelWithFilterGUI:35)
	at com.kms.katalon.core.main.ScriptEngine.run(ScriptEngine.java:194)
	at com.kms.katalon.core.main.ScriptEngine.runScriptAsRawText(ScriptEngine.java:119)
	at com.kms.katalon.core.main.TestCaseExecutor.runScript(TestCaseExecutor.java:398)
	at com.kms.katalon.core.main.TestCaseExecutor.doExecute(TestCaseExecutor.java:389)
	at com.kms.katalon.core.main.TestCaseExecutor.processExecutionPhase(TestCaseExecutor.java:368)
	at com.kms.katalon.core.main.TestCaseExecutor.accessMainPhase(TestCaseExecutor.java:360)
	at com.kms.katalon.core.main.TestCaseExecutor.execute(TestCaseExecutor.java:255)
	at com.kms.katalon.core.main.TestSuiteExecutor.accessTestCaseMainPhase(TestSuiteExecutor.java:203)
	at com.kms.katalon.core.main.TestSuiteExecutor.accessTestSuiteMainPhase(TestSuiteExecutor.java:152)
	at com.kms.katalon.core.main.TestSuiteExecutor.execute(TestSuiteExecutor.java:95)
	at com.kms.katalon.core.main.TestCaseMain.startTestSuite(TestCaseMain.java:157)
	at com.kms.katalon.core.main.TestCaseMain$startTestSuite$0.call(Unknown Source)
	at TempTestSuite1622212592997.run(TempTestSuite1622212592997.groovy:39)
Caused by: org.openqa.selenium.ElementClickInterceptedException: element click intercepted: Element &lt;span class=&quot;status &quot;>...&lt;/span> is not clickable at point (23, 523). Other element would receive the click: &lt;div style=&quot;position: absolute; height: 6px; transition: opacity 500ms ease 0s; opacity: 0; right: 2px; bottom: 2px; left: 2px; border-radius: 3px;&quot;>...&lt;/div>
  (Session info: chrome=90.0.4430.212)
Build info: version: '3.141.59', revision: 'e82be7d358', time: '2018-11-14T08:25:53'
System info: host: 'DESKTOP-0HE72I0', ip: '192.168.243.2', os.name: 'Windows 10', os.arch: 'amd64', os.version: '10.0', java.version: '1.8.0_282'
Driver info: com.kms.katalon.selenium.driver.CChromeDriver
Capabilities {acceptInsecureCerts: false, browserName: chrome, browserVersion: 90.0.4430.212, chrome: {chromedriverVersion: 90.0.4430.24 (4c6d850f087da..., userDataDir: C:\Users\tanth\AppData\Loca...}, goog:chromeOptions: {debuggerAddress: localhost:59141}, javascriptEnabled: true, networkConnectionEnabled: false, pageLoadStrategy: normal, platform: WINDOWS, platformName: WINDOWS, proxy: Proxy(), setWindowRect: true, strictFileInteractability: false, timeouts: {implicit: 0, pageLoad: 300000, script: 30000}, unhandledPromptBehavior: dismiss and notify, webauthn:extension:largeBlob: true, webauthn:virtualAuthenticators: true}
Session ID: 1cf5ea4283a1789a918983f487bc22d0
	at org.openqa.selenium.remote.http.W3CHttpResponseCodec.createException(W3CHttpResponseCodec.java:187)
	at org.openqa.selenium.remote.http.W3CHttpResponseCodec.decode(W3CHttpResponseCodec.java:122)
	at org.openqa.selenium.remote.http.W3CHttpResponseCodec.decode(W3CHttpResponseCodec.java:49)
	at org.openqa.selenium.remote.HttpCommandExecutor.execute(HttpCommandExecutor.java:158)
	at org.openqa.selenium.remote.service.DriverCommandExecutor.execute(DriverCommandExecutor.java:83)
	at org.openqa.selenium.remote.RemoteWebDriver.execute(RemoteWebDriver.java:552)
	at com.kms.katalon.selenium.driver.CChromeDriver.execute(CChromeDriver.java:19)
	at org.openqa.selenium.remote.RemoteWebElement.execute(RemoteWebElement.java:285)
	at org.openqa.selenium.remote.RemoteWebElement.click(RemoteWebElement.java:84)
	at org.openqa.selenium.support.events.EventFiringWebDriver$EventFiringWebElement.lambda$new$0(EventFiringWebDriver.java:404)
	at com.sun.proxy.$Proxy11.click(Unknown Source)
	at org.openqa.selenium.support.events.EventFiringWebDriver$EventFiringWebElement.click(EventFiringWebDriver.java:417)
	at com.kms.katalon.core.webui.keyword.builtin.ClickKeyword$_click_closure1.doCall(ClickKeyword.groovy:68)
	at com.kms.katalon.core.webui.keyword.builtin.ClickKeyword$_click_closure1.call(ClickKeyword.groovy)
	at com.kms.katalon.core.webui.keyword.internal.WebUIKeywordMain.runKeyword(WebUIKeywordMain.groovy:20)
	... 19 more
"/>
         <system-out><![CDATA[2021-05-28 22:15:08 - [TEST_CASE][FAILED] - Test Cases/SearchInChannelWithFilterGUI: Test Cases/SearchInChannelWithFilterGUI FAILED.
Reason:
com.kms.katalon.core.exception.StepFailedException: Unable to click on object 'Object Repository/Page_Town Square - TOKEN_UPDATED Mattermost/span_Test'
	at com.kms.katalon.core.webui.keyword.internal.WebUIKeywordMain.stepFailed(WebUIKeywordMain.groovy:64)
	at com.kms.katalon.core.webui.keyword.internal.WebUIKeywordMain.runKeyword(WebUIKeywordMain.groovy:26)
	at com.kms.katalon.core.webui.keyword.builtin.ClickKeyword.click(ClickKeyword.groovy:75)
	at com.kms.katalon.core.webui.keyword.builtin.ClickKeyword.execute(ClickKeyword.groovy:42)
	at com.kms.katalon.core.keyword.internal.KeywordExecutor.executeKeywordForPlatform(KeywordExecutor.groovy:73)
	at com.kms.katalon.core.webui.keyword.WebUiBuiltInKeywords.click(WebUiBuiltInKeywords.groovy:619)
	at com.kms.katalon.core.webui.keyword.WebUiBuiltInKeywords$click$4.call(Unknown Source)
	at SearchInChannelWithFilterGUI.run(SearchInChannelWithFilterGUI:35)
	at com.kms.katalon.core.main.ScriptEngine.run(ScriptEngine.java:194)
	at com.kms.katalon.core.main.ScriptEngine.runScriptAsRawText(ScriptEngine.java:119)
	at com.kms.katalon.core.main.TestCaseExecutor.runScript(TestCaseExecutor.java:398)
	at com.kms.katalon.core.main.TestCaseExecutor.doExecute(TestCaseExecutor.java:389)
	at com.kms.katalon.core.main.TestCaseExecutor.processExecutionPhase(TestCaseExecutor.java:368)
	at com.kms.katalon.core.main.TestCaseExecutor.accessMainPhase(TestCaseExecutor.java:360)
	at com.kms.katalon.core.main.TestCaseExecutor.execute(TestCaseExecutor.java:255)
	at com.kms.katalon.core.main.TestSuiteExecutor.accessTestCaseMainPhase(TestSuiteExecutor.java:203)
	at com.kms.katalon.core.main.TestSuiteExecutor.accessTestSuiteMainPhase(TestSuiteExecutor.java:152)
	at com.kms.katalon.core.main.TestSuiteExecutor.execute(TestSuiteExecutor.java:95)
	at com.kms.katalon.core.main.TestCaseMain.startTestSuite(TestCaseMain.java:157)
	at com.kms.katalon.core.main.TestCaseMain$startTestSuite$0.call(Unknown Source)
	at TempTestSuite1622212592997.run(TempTestSuite1622212592997.groovy:39)
Caused by: org.openqa.selenium.ElementClickInterceptedException: element click intercepted: Element <span class="status ">...</span> is not clickable at point (23, 523). Other element would receive the click: <div style="position: absolute; height: 6px; transition: opacity 500ms ease 0s; opacity: 0; right: 2px; bottom: 2px; left: 2px; border-radius: 3px;">...</div>
  (Session info: chrome=90.0.4430.212)
Build info: version: '3.141.59', revision: 'e82be7d358', time: '2018-11-14T08:25:53'
System info: host: 'DESKTOP-0HE72I0', ip: '192.168.243.2', os.name: 'Windows 10', os.arch: 'amd64', os.version: '10.0', java.version: '1.8.0_282'
Driver info: com.kms.katalon.selenium.driver.CChromeDriver
Capabilities {acceptInsecureCerts: false, browserName: chrome, browserVersion: 90.0.4430.212, chrome: {chromedriverVersion: 90.0.4430.24 (4c6d850f087da..., userDataDir: C:\Users\tanth\AppData\Loca...}, goog:chromeOptions: {debuggerAddress: localhost:59141}, javascriptEnabled: true, networkConnectionEnabled: false, pageLoadStrategy: normal, platform: WINDOWS, platformName: WINDOWS, proxy: Proxy(), setWindowRect: true, strictFileInteractability: false, timeouts: {implicit: 0, pageLoad: 300000, script: 30000}, unhandledPromptBehavior: dismiss and notify, webauthn:extension:largeBlob: true, webauthn:virtualAuthenticators: true}
Session ID: 1cf5ea4283a1789a918983f487bc22d0
	at org.openqa.selenium.remote.http.W3CHttpResponseCodec.createException(W3CHttpResponseCodec.java:187)
	at org.openqa.selenium.remote.http.W3CHttpResponseCodec.decode(W3CHttpResponseCodec.java:122)
	at org.openqa.selenium.remote.http.W3CHttpResponseCodec.decode(W3CHttpResponseCodec.java:49)
	at org.openqa.selenium.remote.HttpCommandExecutor.execute(HttpCommandExecutor.java:158)
	at org.openqa.selenium.remote.service.DriverCommandExecutor.execute(DriverCommandExecutor.java:83)
	at org.openqa.selenium.remote.RemoteWebDriver.execute(RemoteWebDriver.java:552)
	at com.kms.katalon.selenium.driver.CChromeDriver.execute(CChromeDriver.java:19)
	at org.openqa.selenium.remote.RemoteWebElement.execute(RemoteWebElement.java:285)
	at org.openqa.selenium.remote.RemoteWebElement.click(RemoteWebElement.java:84)
	at org.openqa.selenium.support.events.EventFiringWebDriver$EventFiringWebElement.lambda$new$0(EventFiringWebDriver.java:404)
	at com.sun.proxy.$Proxy11.click(Unknown Source)
	at org.openqa.selenium.support.events.EventFiringWebDriver$EventFiringWebElement.click(EventFiringWebDriver.java:417)
	at com.kms.katalon.core.webui.keyword.builtin.ClickKeyword$_click_closure1.doCall(ClickKeyword.groovy:68)
	at com.kms.katalon.core.webui.keyword.builtin.ClickKeyword$_click_closure1.call(ClickKeyword.groovy)
	at com.kms.katalon.core.webui.keyword.internal.WebUIKeywordMain.runKeyword(WebUIKeywordMain.groovy:20)
	... 19 more


2021-05-28 22:15:09 - [TEST_STEP][PASSED] - openBrowser(""): Browser is opened with url: ''

2021-05-28 22:15:09 - [MESSAGE][WARNING] - A browser is already opened. Closing browser and opening a new one

2021-05-28 22:15:09 - [MESSAGE][INFO] - Starting 'Chrome' driver

2021-05-28 22:15:09 - [MESSAGE][INFO] - Action delay is set to 0 milliseconds

2021-05-28 22:15:11 - [MESSAGE][PASSED] - Browser is opened with url: ''

2021-05-28 22:15:11 - [TEST_STEP][PASSED] - navigateToUrl("https://cdnc-group2.herokuapp.com/"): Navigate to 'https://cdnc-group2.herokuapp.com/' successfully

2021-05-28 22:15:16 - [MESSAGE][PASSED] - Navigate to 'https://cdnc-group2.herokuapp.com/' successfully

2021-05-28 22:15:16 - [TEST_STEP][PASSED] - setText(findTestObject("Object Repository/Page_Mattermost/input_All team communication in one place, _dcc84b"), "ngoctin040999@gmail.com"): Text 'ngoctin040999@gmail.com' is set on object 'Object Repository/Page_Mattermost/input_All team communication in one place, _dcc84b'

2021-05-28 22:15:20 - [MESSAGE][PASSED] - Text 'ngoctin040999@gmail.com' is set on object 'Object Repository/Page_Mattermost/input_All team communication in one place, _dcc84b'

2021-05-28 22:15:20 - [TEST_STEP][PASSED] - setEncryptedText(findTestObject("Object Repository/Page_Mattermost/input_All team communication in one place, _a3edc6"), "S8w1SJvl7D1hts9IdMV+NQ=="): Text ****** has been set on object 'Object Repository/Page_Mattermost/input_All team communication in one place, _a3edc6'

2021-05-28 22:15:21 - [MESSAGE][PASSED] - Text ****** has been set on object 'Object Repository/Page_Mattermost/input_All team communication in one place, _a3edc6'

2021-05-28 22:15:21 - [TEST_STEP][PASSED] - click(findTestObject("Object Repository/Page_Mattermost/button_Sign in")): Object: 'Object Repository/Page_Mattermost/button_Sign in' is clicked on

2021-05-28 22:15:22 - [MESSAGE][PASSED] - Object: 'Object Repository/Page_Mattermost/button_Sign in' is clicked on

2021-05-28 22:15:22 - [TEST_STEP][PASSED] - if (findTestObject("Object Repository/Page_Town Square - TOKEN_UPDATED Mattermost/span_Test") == null): null

2021-05-28 22:15:22 - [TEST_STEP][FAILED] - click(findTestObject("Object Repository/Page_Town Square - TOKEN_UPDATED Mattermost/span_Test")): Unable to click on object 'Object Repository/Page_Town Square - TOKEN_UPDATED Mattermost/span_Test' (Root cause: com.kms.katalon.core.exception.StepFailedException: Unable to click on object 'Object Repository/Page_Town Square - TOKEN_UPDATED Mattermost/span_Test'
	at com.kms.katalon.core.webui.keyword.internal.WebUIKeywordMain.stepFailed(WebUIKeywordMain.groovy:64)
	at com.kms.katalon.core.webui.keyword.internal.WebUIKeywordMain.runKeyword(WebUIKeywordMain.groovy:26)
	at com.kms.katalon.core.webui.keyword.builtin.ClickKeyword.click(ClickKeyword.groovy:75)
	at com.kms.katalon.core.webui.keyword.builtin.ClickKeyword.execute(ClickKeyword.groovy:42)
	at com.kms.katalon.core.keyword.internal.KeywordExecutor.executeKeywordForPlatform(KeywordExecutor.groovy:73)
	at com.kms.katalon.core.webui.keyword.WebUiBuiltInKeywords.click(WebUiBuiltInKeywords.groovy:619)
	at com.kms.katalon.core.webui.keyword.WebUiBuiltInKeywords$click$4.call(Unknown Source)
	at SearchInChannelWithFilterGUI.run(SearchInChannelWithFilterGUI:35)
	at com.kms.katalon.core.main.ScriptEngine.run(ScriptEngine.java:194)
	at com.kms.katalon.core.main.ScriptEngine.runScriptAsRawText(ScriptEngine.java:119)
	at com.kms.katalon.core.main.TestCaseExecutor.runScript(TestCaseExecutor.java:398)
	at com.kms.katalon.core.main.TestCaseExecutor.doExecute(TestCaseExecutor.java:389)
	at com.kms.katalon.core.main.TestCaseExecutor.processExecutionPhase(TestCaseExecutor.java:368)
	at com.kms.katalon.core.main.TestCaseExecutor.accessMainPhase(TestCaseExecutor.java:360)
	at com.kms.katalon.core.main.TestCaseExecutor.execute(TestCaseExecutor.java:255)
	at com.kms.katalon.core.main.TestSuiteExecutor.accessTestCaseMainPhase(TestSuiteExecutor.java:203)
	at com.kms.katalon.core.main.TestSuiteExecutor.accessTestSuiteMainPhase(TestSuiteExecutor.java:152)
	at com.kms.katalon.core.main.TestSuiteExecutor.execute(TestSuiteExecutor.java:95)
	at com.kms.katalon.core.main.TestCaseMain.startTestSuite(TestCaseMain.java:157)
	at com.kms.katalon.core.main.TestCaseMain$startTestSuite$0.call(Unknown Source)
	at TempTestSuite1622212592997.run(TempTestSuite1622212592997.groovy:39)
Caused by: org.openqa.selenium.ElementClickInterceptedException: element click intercepted: Element <span class="status ">...</span> is not clickable at point (23, 523). Other element would receive the click: <div style="position: absolute; height: 6px; transition: opacity 500ms ease 0s; opacity: 0; right: 2px; bottom: 2px; left: 2px; border-radius: 3px;">...</div>
  (Session info: chrome=90.0.4430.212)
Build info: version: '3.141.59', revision: 'e82be7d358', time: '2018-11-14T08:25:53'
System info: host: 'DESKTOP-0HE72I0', ip: '192.168.243.2', os.name: 'Windows 10', os.arch: 'amd64', os.version: '10.0', java.version: '1.8.0_282'
Driver info: com.kms.katalon.selenium.driver.CChromeDriver
Capabilities {acceptInsecureCerts: false, browserName: chrome, browserVersion: 90.0.4430.212, chrome: {chromedriverVersion: 90.0.4430.24 (4c6d850f087da..., userDataDir: C:\Users\tanth\AppData\Loca...}, goog:chromeOptions: {debuggerAddress: localhost:59141}, javascriptEnabled: true, networkConnectionEnabled: false, pageLoadStrategy: normal, platform: WINDOWS, platformName: WINDOWS, proxy: Proxy(), setWindowRect: true, strictFileInteractability: false, timeouts: {implicit: 0, pageLoad: 300000, script: 30000}, unhandledPromptBehavior: dismiss and notify, webauthn:extension:largeBlob: true, webauthn:virtualAuthenticators: true}
Session ID: 1cf5ea4283a1789a918983f487bc22d0
	at org.openqa.selenium.remote.http.W3CHttpResponseCodec.createException(W3CHttpResponseCodec.java:187)
	at org.openqa.selenium.remote.http.W3CHttpResponseCodec.decode(W3CHttpResponseCodec.java:122)
	at org.openqa.selenium.remote.http.W3CHttpResponseCodec.decode(W3CHttpResponseCodec.java:49)
	at org.openqa.selenium.remote.HttpCommandExecutor.execute(HttpCommandExecutor.java:158)
	at org.openqa.selenium.remote.service.DriverCommandExecutor.execute(DriverCommandExecutor.java:83)
	at org.openqa.selenium.remote.RemoteWebDriver.execute(RemoteWebDriver.java:552)
	at com.kms.katalon.selenium.driver.CChromeDriver.execute(CChromeDriver.java:19)
	at org.openqa.selenium.remote.RemoteWebElement.execute(RemoteWebElement.java:285)
	at org.openqa.selenium.remote.RemoteWebElement.click(RemoteWebElement.java:84)
	at org.openqa.selenium.support.events.EventFiringWebDriver$EventFiringWebElement.lambda$new$0(EventFiringWebDriver.java:404)
	at com.sun.proxy.$Proxy11.click(Unknown Source)
	at org.openqa.selenium.support.events.EventFiringWebDriver$EventFiringWebElement.click(EventFiringWebDriver.java:417)
	at com.kms.katalon.core.webui.keyword.builtin.ClickKeyword$_click_closure1.doCall(ClickKeyword.groovy:68)
	at com.kms.katalon.core.webui.keyword.builtin.ClickKeyword$_click_closure1.call(ClickKeyword.groovy)
	at com.kms.katalon.core.webui.keyword.internal.WebUIKeywordMain.runKeyword(WebUIKeywordMain.groovy:20)
	at com.kms.katalon.core.webui.keyword.builtin.ClickKeyword.click(ClickKeyword.groovy:75)
	at com.kms.katalon.core.webui.keyword.builtin.ClickKeyword.execute(ClickKeyword.groovy:42)
	at com.kms.katalon.core.keyword.internal.KeywordExecutor.executeKeywordForPlatform(KeywordExecutor.groovy:73)
	at com.kms.katalon.core.webui.keyword.WebUiBuiltInKeywords.click(WebUiBuiltInKeywords.groovy:619)
	at com.kms.katalon.core.webui.keyword.WebUiBuiltInKeywords$click$4.call(Unknown Source)
	at Script1621695952223.run(Script1621695952223.groovy:35)
	... 13 more
)

2021-05-28 22:15:53 - [MESSAGE][INFO] - Unable to find the element located by 'By.xpath: //a[@id='sidebarItem_test']/span[2]/span'. Please recheck the objects properties to make sure the desired element is located. 

2021-05-28 22:15:53 - [MESSAGE][WARNING] - [SELF-HEALING] Failed to find element with id 'Object Repository/Page_Town Square - TOKEN_UPDATED Mattermost/span_Test'. Try using Self-healing.

2021-05-28 22:15:54 - [MESSAGE][WARNING] - [SELF-HEALING] The current locator of test object 'Object Repository/Page_Town Square - TOKEN_UPDATED Mattermost/span_Test' was broken. Propose an alternative one: '(.//*[normalize-space(text()) and normalize-space(.)='+'])[2]/following::span[3]'.

2021-05-28 22:15:55 - [MESSAGE][FAILED] - Unable to click on object 'Object Repository/Page_Town Square - TOKEN_UPDATED Mattermost/span_Test' (Root cause: com.kms.katalon.core.exception.StepFailedException: Unable to click on object 'Object Repository/Page_Town Square - TOKEN_UPDATED Mattermost/span_Test'
	at com.kms.katalon.core.webui.keyword.internal.WebUIKeywordMain.stepFailed(WebUIKeywordMain.groovy:64)
	at com.kms.katalon.core.webui.keyword.internal.WebUIKeywordMain.runKeyword(WebUIKeywordMain.groovy:26)
	at com.kms.katalon.core.webui.keyword.builtin.ClickKeyword.click(ClickKeyword.groovy:75)
	at com.kms.katalon.core.webui.keyword.builtin.ClickKeyword.execute(ClickKeyword.groovy:42)
	at com.kms.katalon.core.keyword.internal.KeywordExecutor.executeKeywordForPlatform(KeywordExecutor.groovy:73)
	at com.kms.katalon.core.webui.keyword.WebUiBuiltInKeywords.click(WebUiBuiltInKeywords.groovy:619)
	at com.kms.katalon.core.webui.keyword.WebUiBuiltInKeywords$click$4.call(Unknown Source)
	at SearchInChannelWithFilterGUI.run(SearchInChannelWithFilterGUI:35)
	at com.kms.katalon.core.main.ScriptEngine.run(ScriptEngine.java:194)
	at com.kms.katalon.core.main.ScriptEngine.runScriptAsRawText(ScriptEngine.java:119)
	at com.kms.katalon.core.main.TestCaseExecutor.runScript(TestCaseExecutor.java:398)
	at com.kms.katalon.core.main.TestCaseExecutor.doExecute(TestCaseExecutor.java:389)
	at com.kms.katalon.core.main.TestCaseExecutor.processExecutionPhase(TestCaseExecutor.java:368)
	at com.kms.katalon.core.main.TestCaseExecutor.accessMainPhase(TestCaseExecutor.java:360)
	at com.kms.katalon.core.main.TestCaseExecutor.execute(TestCaseExecutor.java:255)
	at com.kms.katalon.core.main.TestSuiteExecutor.accessTestCaseMainPhase(TestSuiteExecutor.java:203)
	at com.kms.katalon.core.main.TestSuiteExecutor.accessTestSuiteMainPhase(TestSuiteExecutor.java:152)
	at com.kms.katalon.core.main.TestSuiteExecutor.execute(TestSuiteExecutor.java:95)
	at com.kms.katalon.core.main.TestCaseMain.startTestSuite(TestCaseMain.java:157)
	at com.kms.katalon.core.main.TestCaseMain$startTestSuite$0.call(Unknown Source)
	at TempTestSuite1622212592997.run(TempTestSuite1622212592997.groovy:39)
Caused by: org.openqa.selenium.ElementClickInterceptedException: element click intercepted: Element <span class="status ">...</span> is not clickable at point (23, 523). Other element would receive the click: <div style="position: absolute; height: 6px; transition: opacity 500ms ease 0s; opacity: 0; right: 2px; bottom: 2px; left: 2px; border-radius: 3px;">...</div>
  (Session info: chrome=90.0.4430.212)
Build info: version: '3.141.59', revision: 'e82be7d358', time: '2018-11-14T08:25:53'
System info: host: 'DESKTOP-0HE72I0', ip: '192.168.243.2', os.name: 'Windows 10', os.arch: 'amd64', os.version: '10.0', java.version: '1.8.0_282'
Driver info: com.kms.katalon.selenium.driver.CChromeDriver
Capabilities {acceptInsecureCerts: false, browserName: chrome, browserVersion: 90.0.4430.212, chrome: {chromedriverVersion: 90.0.4430.24 (4c6d850f087da..., userDataDir: C:\Users\tanth\AppData\Loca...}, goog:chromeOptions: {debuggerAddress: localhost:59141}, javascriptEnabled: true, networkConnectionEnabled: false, pageLoadStrategy: normal, platform: WINDOWS, platformName: WINDOWS, proxy: Proxy(), setWindowRect: true, strictFileInteractability: false, timeouts: {implicit: 0, pageLoad: 300000, script: 30000}, unhandledPromptBehavior: dismiss and notify, webauthn:extension:largeBlob: true, webauthn:virtualAuthenticators: true}
Session ID: 1cf5ea4283a1789a918983f487bc22d0
	at org.openqa.selenium.remote.http.W3CHttpResponseCodec.createException(W3CHttpResponseCodec.java:187)
	at org.openqa.selenium.remote.http.W3CHttpResponseCodec.decode(W3CHttpResponseCodec.java:122)
	at org.openqa.selenium.remote.http.W3CHttpResponseCodec.decode(W3CHttpResponseCodec.java:49)
	at org.openqa.selenium.remote.HttpCommandExecutor.execute(HttpCommandExecutor.java:158)
	at org.openqa.selenium.remote.service.DriverCommandExecutor.execute(DriverCommandExecutor.java:83)
	at org.openqa.selenium.remote.RemoteWebDriver.execute(RemoteWebDriver.java:552)
	at com.kms.katalon.selenium.driver.CChromeDriver.execute(CChromeDriver.java:19)
	at org.openqa.selenium.remote.RemoteWebElement.execute(RemoteWebElement.java:285)
	at org.openqa.selenium.remote.RemoteWebElement.click(RemoteWebElement.java:84)
	at org.openqa.selenium.support.events.EventFiringWebDriver$EventFiringWebElement.lambda$new$0(EventFiringWebDriver.java:404)
	at com.sun.proxy.$Proxy11.click(Unknown Source)
	at org.openqa.selenium.support.events.EventFiringWebDriver$EventFiringWebElement.click(EventFiringWebDriver.java:417)
	at com.kms.katalon.core.webui.keyword.builtin.ClickKeyword$_click_closure1.doCall(ClickKeyword.groovy:68)
	at com.kms.katalon.core.webui.keyword.builtin.ClickKeyword$_click_closure1.call(ClickKeyword.groovy)
	at com.kms.katalon.core.webui.keyword.internal.WebUIKeywordMain.runKeyword(WebUIKeywordMain.groovy:20)
	at com.kms.katalon.core.webui.keyword.builtin.ClickKeyword.click(ClickKeyword.groovy:75)
	at com.kms.katalon.core.webui.keyword.builtin.ClickKeyword.execute(ClickKeyword.groovy:42)
	at com.kms.katalon.core.keyword.internal.KeywordExecutor.executeKeywordForPlatform(KeywordExecutor.groovy:73)
	at com.kms.katalon.core.webui.keyword.WebUiBuiltInKeywords.click(WebUiBuiltInKeywords.groovy:619)
	at com.kms.katalon.core.webui.keyword.WebUiBuiltInKeywords$click$4.call(Unknown Source)
	at Script1621695952223.run(Script1621695952223.groovy:35)
	... 13 more
)
[[ATTACHMENT|C:\\Users\\tanth\\git\\katalon\\Reports\\20210528_213632\\Run all test cases\\20210528_213632\\1622214955121.png]]]]></system-out>
         <system-err><![CDATA[2021-05-28 22:15:08 - [TEST_CASE][FAILED] - Test Cases/SearchInChannelWithFilterGUI: Test Cases/SearchInChannelWithFilterGUI FAILED.
Reason:
com.kms.katalon.core.exception.StepFailedException: Unable to click on object 'Object Repository/Page_Town Square - TOKEN_UPDATED Mattermost/span_Test'
	at com.kms.katalon.core.webui.keyword.internal.WebUIKeywordMain.stepFailed(WebUIKeywordMain.groovy:64)
	at com.kms.katalon.core.webui.keyword.internal.WebUIKeywordMain.runKeyword(WebUIKeywordMain.groovy:26)
	at com.kms.katalon.core.webui.keyword.builtin.ClickKeyword.click(ClickKeyword.groovy:75)
	at com.kms.katalon.core.webui.keyword.builtin.ClickKeyword.execute(ClickKeyword.groovy:42)
	at com.kms.katalon.core.keyword.internal.KeywordExecutor.executeKeywordForPlatform(KeywordExecutor.groovy:73)
	at com.kms.katalon.core.webui.keyword.WebUiBuiltInKeywords.click(WebUiBuiltInKeywords.groovy:619)
	at com.kms.katalon.core.webui.keyword.WebUiBuiltInKeywords$click$4.call(Unknown Source)
	at SearchInChannelWithFilterGUI.run(SearchInChannelWithFilterGUI:35)
	at com.kms.katalon.core.main.ScriptEngine.run(ScriptEngine.java:194)
	at com.kms.katalon.core.main.ScriptEngine.runScriptAsRawText(ScriptEngine.java:119)
	at com.kms.katalon.core.main.TestCaseExecutor.runScript(TestCaseExecutor.java:398)
	at com.kms.katalon.core.main.TestCaseExecutor.doExecute(TestCaseExecutor.java:389)
	at com.kms.katalon.core.main.TestCaseExecutor.processExecutionPhase(TestCaseExecutor.java:368)
	at com.kms.katalon.core.main.TestCaseExecutor.accessMainPhase(TestCaseExecutor.java:360)
	at com.kms.katalon.core.main.TestCaseExecutor.execute(TestCaseExecutor.java:255)
	at com.kms.katalon.core.main.TestSuiteExecutor.accessTestCaseMainPhase(TestSuiteExecutor.java:203)
	at com.kms.katalon.core.main.TestSuiteExecutor.accessTestSuiteMainPhase(TestSuiteExecutor.java:152)
	at com.kms.katalon.core.main.TestSuiteExecutor.execute(TestSuiteExecutor.java:95)
	at com.kms.katalon.core.main.TestCaseMain.startTestSuite(TestCaseMain.java:157)
	at com.kms.katalon.core.main.TestCaseMain$startTestSuite$0.call(Unknown Source)
	at TempTestSuite1622212592997.run(TempTestSuite1622212592997.groovy:39)
Caused by: org.openqa.selenium.ElementClickInterceptedException: element click intercepted: Element <span class="status ">...</span> is not clickable at point (23, 523). Other element would receive the click: <div style="position: absolute; height: 6px; transition: opacity 500ms ease 0s; opacity: 0; right: 2px; bottom: 2px; left: 2px; border-radius: 3px;">...</div>
  (Session info: chrome=90.0.4430.212)
Build info: version: '3.141.59', revision: 'e82be7d358', time: '2018-11-14T08:25:53'
System info: host: 'DESKTOP-0HE72I0', ip: '192.168.243.2', os.name: 'Windows 10', os.arch: 'amd64', os.version: '10.0', java.version: '1.8.0_282'
Driver info: com.kms.katalon.selenium.driver.CChromeDriver
Capabilities {acceptInsecureCerts: false, browserName: chrome, browserVersion: 90.0.4430.212, chrome: {chromedriverVersion: 90.0.4430.24 (4c6d850f087da..., userDataDir: C:\Users\tanth\AppData\Loca...}, goog:chromeOptions: {debuggerAddress: localhost:59141}, javascriptEnabled: true, networkConnectionEnabled: false, pageLoadStrategy: normal, platform: WINDOWS, platformName: WINDOWS, proxy: Proxy(), setWindowRect: true, strictFileInteractability: false, timeouts: {implicit: 0, pageLoad: 300000, script: 30000}, unhandledPromptBehavior: dismiss and notify, webauthn:extension:largeBlob: true, webauthn:virtualAuthenticators: true}
Session ID: 1cf5ea4283a1789a918983f487bc22d0
	at org.openqa.selenium.remote.http.W3CHttpResponseCodec.createException(W3CHttpResponseCodec.java:187)
	at org.openqa.selenium.remote.http.W3CHttpResponseCodec.decode(W3CHttpResponseCodec.java:122)
	at org.openqa.selenium.remote.http.W3CHttpResponseCodec.decode(W3CHttpResponseCodec.java:49)
	at org.openqa.selenium.remote.HttpCommandExecutor.execute(HttpCommandExecutor.java:158)
	at org.openqa.selenium.remote.service.DriverCommandExecutor.execute(DriverCommandExecutor.java:83)
	at org.openqa.selenium.remote.RemoteWebDriver.execute(RemoteWebDriver.java:552)
	at com.kms.katalon.selenium.driver.CChromeDriver.execute(CChromeDriver.java:19)
	at org.openqa.selenium.remote.RemoteWebElement.execute(RemoteWebElement.java:285)
	at org.openqa.selenium.remote.RemoteWebElement.click(RemoteWebElement.java:84)
	at org.openqa.selenium.support.events.EventFiringWebDriver$EventFiringWebElement.lambda$new$0(EventFiringWebDriver.java:404)
	at com.sun.proxy.$Proxy11.click(Unknown Source)
	at org.openqa.selenium.support.events.EventFiringWebDriver$EventFiringWebElement.click(EventFiringWebDriver.java:417)
	at com.kms.katalon.core.webui.keyword.builtin.ClickKeyword$_click_closure1.doCall(ClickKeyword.groovy:68)
	at com.kms.katalon.core.webui.keyword.builtin.ClickKeyword$_click_closure1.call(ClickKeyword.groovy)
	at com.kms.katalon.core.webui.keyword.internal.WebUIKeywordMain.runKeyword(WebUIKeywordMain.groovy:20)
	... 19 more]]></system-err>
      </testcase>
      <testcase name="Test Cases/SearchInChannelWithFilterKey" time="47.17" classname="Test Cases/SearchInChannelWithFilterKey" status="FAILED">
         <failure type="FAILED" message="Test Cases/SearchInChannelWithFilterKey FAILED.
Reason:
com.kms.katalon.core.exception.StepFailedException: Unable to click on object 'Object Repository/Page_Town Square - TOKEN_UPDATED Mattermost/span_Test'
	at com.kms.katalon.core.webui.keyword.internal.WebUIKeywordMain.stepFailed(WebUIKeywordMain.groovy:64)
	at com.kms.katalon.core.webui.keyword.internal.WebUIKeywordMain.runKeyword(WebUIKeywordMain.groovy:26)
	at com.kms.katalon.core.webui.keyword.builtin.ClickKeyword.click(ClickKeyword.groovy:75)
	at com.kms.katalon.core.webui.keyword.builtin.ClickKeyword.execute(ClickKeyword.groovy:42)
	at com.kms.katalon.core.keyword.internal.KeywordExecutor.executeKeywordForPlatform(KeywordExecutor.groovy:73)
	at com.kms.katalon.core.webui.keyword.WebUiBuiltInKeywords.click(WebUiBuiltInKeywords.groovy:619)
	at com.kms.katalon.core.webui.keyword.WebUiBuiltInKeywords$click$4.call(Unknown Source)
	at SearchInChannelWithFilterKey.run(SearchInChannelWithFilterKey:35)
	at com.kms.katalon.core.main.ScriptEngine.run(ScriptEngine.java:194)
	at com.kms.katalon.core.main.ScriptEngine.runScriptAsRawText(ScriptEngine.java:119)
	at com.kms.katalon.core.main.TestCaseExecutor.runScript(TestCaseExecutor.java:398)
	at com.kms.katalon.core.main.TestCaseExecutor.doExecute(TestCaseExecutor.java:389)
	at com.kms.katalon.core.main.TestCaseExecutor.processExecutionPhase(TestCaseExecutor.java:368)
	at com.kms.katalon.core.main.TestCaseExecutor.accessMainPhase(TestCaseExecutor.java:360)
	at com.kms.katalon.core.main.TestCaseExecutor.execute(TestCaseExecutor.java:255)
	at com.kms.katalon.core.main.TestSuiteExecutor.accessTestCaseMainPhase(TestSuiteExecutor.java:203)
	at com.kms.katalon.core.main.TestSuiteExecutor.accessTestSuiteMainPhase(TestSuiteExecutor.java:152)
	at com.kms.katalon.core.main.TestSuiteExecutor.execute(TestSuiteExecutor.java:95)
	at com.kms.katalon.core.main.TestCaseMain.startTestSuite(TestCaseMain.java:157)
	at com.kms.katalon.core.main.TestCaseMain$startTestSuite$0.call(Unknown Source)
	at TempTestSuite1622212592997.run(TempTestSuite1622212592997.groovy:39)
Caused by: org.openqa.selenium.ElementClickInterceptedException: element click intercepted: Element &lt;span class=&quot;status &quot;>...&lt;/span> is not clickable at point (23, 523). Other element would receive the click: &lt;div style=&quot;position: absolute; height: 6px; transition: opacity 500ms ease 0s; opacity: 0; right: 2px; bottom: 2px; left: 2px; border-radius: 3px;&quot;>...&lt;/div>
  (Session info: chrome=90.0.4430.212)
Build info: version: '3.141.59', revision: 'e82be7d358', time: '2018-11-14T08:25:53'
System info: host: 'DESKTOP-0HE72I0', ip: '192.168.243.2', os.name: 'Windows 10', os.arch: 'amd64', os.version: '10.0', java.version: '1.8.0_282'
Driver info: com.kms.katalon.selenium.driver.CChromeDriver
Capabilities {acceptInsecureCerts: false, browserName: chrome, browserVersion: 90.0.4430.212, chrome: {chromedriverVersion: 90.0.4430.24 (4c6d850f087da..., userDataDir: C:\Users\tanth\AppData\Loca...}, goog:chromeOptions: {debuggerAddress: localhost:59183}, javascriptEnabled: true, networkConnectionEnabled: false, pageLoadStrategy: normal, platform: WINDOWS, platformName: WINDOWS, proxy: Proxy(), setWindowRect: true, strictFileInteractability: false, timeouts: {implicit: 0, pageLoad: 300000, script: 30000}, unhandledPromptBehavior: dismiss and notify, webauthn:extension:largeBlob: true, webauthn:virtualAuthenticators: true}
Session ID: de0254d6eaf63e1a6cf3e73491bbb45a
	at org.openqa.selenium.remote.http.W3CHttpResponseCodec.createException(W3CHttpResponseCodec.java:187)
	at org.openqa.selenium.remote.http.W3CHttpResponseCodec.decode(W3CHttpResponseCodec.java:122)
	at org.openqa.selenium.remote.http.W3CHttpResponseCodec.decode(W3CHttpResponseCodec.java:49)
	at org.openqa.selenium.remote.HttpCommandExecutor.execute(HttpCommandExecutor.java:158)
	at org.openqa.selenium.remote.service.DriverCommandExecutor.execute(DriverCommandExecutor.java:83)
	at org.openqa.selenium.remote.RemoteWebDriver.execute(RemoteWebDriver.java:552)
	at com.kms.katalon.selenium.driver.CChromeDriver.execute(CChromeDriver.java:19)
	at org.openqa.selenium.remote.RemoteWebElement.execute(RemoteWebElement.java:285)
	at org.openqa.selenium.remote.RemoteWebElement.click(RemoteWebElement.java:84)
	at org.openqa.selenium.support.events.EventFiringWebDriver$EventFiringWebElement.lambda$new$0(EventFiringWebDriver.java:404)
	at com.sun.proxy.$Proxy11.click(Unknown Source)
	at org.openqa.selenium.support.events.EventFiringWebDriver$EventFiringWebElement.click(EventFiringWebDriver.java:417)
	at com.kms.katalon.core.webui.keyword.builtin.ClickKeyword$_click_closure1.doCall(ClickKeyword.groovy:68)
	at com.kms.katalon.core.webui.keyword.builtin.ClickKeyword$_click_closure1.call(ClickKeyword.groovy)
	at com.kms.katalon.core.webui.keyword.internal.WebUIKeywordMain.runKeyword(WebUIKeywordMain.groovy:20)
	... 19 more
"/>
         <system-out><![CDATA[2021-05-28 22:15:55 - [TEST_CASE][FAILED] - Test Cases/SearchInChannelWithFilterKey: Test Cases/SearchInChannelWithFilterKey FAILED.
Reason:
com.kms.katalon.core.exception.StepFailedException: Unable to click on object 'Object Repository/Page_Town Square - TOKEN_UPDATED Mattermost/span_Test'
	at com.kms.katalon.core.webui.keyword.internal.WebUIKeywordMain.stepFailed(WebUIKeywordMain.groovy:64)
	at com.kms.katalon.core.webui.keyword.internal.WebUIKeywordMain.runKeyword(WebUIKeywordMain.groovy:26)
	at com.kms.katalon.core.webui.keyword.builtin.ClickKeyword.click(ClickKeyword.groovy:75)
	at com.kms.katalon.core.webui.keyword.builtin.ClickKeyword.execute(ClickKeyword.groovy:42)
	at com.kms.katalon.core.keyword.internal.KeywordExecutor.executeKeywordForPlatform(KeywordExecutor.groovy:73)
	at com.kms.katalon.core.webui.keyword.WebUiBuiltInKeywords.click(WebUiBuiltInKeywords.groovy:619)
	at com.kms.katalon.core.webui.keyword.WebUiBuiltInKeywords$click$4.call(Unknown Source)
	at SearchInChannelWithFilterKey.run(SearchInChannelWithFilterKey:35)
	at com.kms.katalon.core.main.ScriptEngine.run(ScriptEngine.java:194)
	at com.kms.katalon.core.main.ScriptEngine.runScriptAsRawText(ScriptEngine.java:119)
	at com.kms.katalon.core.main.TestCaseExecutor.runScript(TestCaseExecutor.java:398)
	at com.kms.katalon.core.main.TestCaseExecutor.doExecute(TestCaseExecutor.java:389)
	at com.kms.katalon.core.main.TestCaseExecutor.processExecutionPhase(TestCaseExecutor.java:368)
	at com.kms.katalon.core.main.TestCaseExecutor.accessMainPhase(TestCaseExecutor.java:360)
	at com.kms.katalon.core.main.TestCaseExecutor.execute(TestCaseExecutor.java:255)
	at com.kms.katalon.core.main.TestSuiteExecutor.accessTestCaseMainPhase(TestSuiteExecutor.java:203)
	at com.kms.katalon.core.main.TestSuiteExecutor.accessTestSuiteMainPhase(TestSuiteExecutor.java:152)
	at com.kms.katalon.core.main.TestSuiteExecutor.execute(TestSuiteExecutor.java:95)
	at com.kms.katalon.core.main.TestCaseMain.startTestSuite(TestCaseMain.java:157)
	at com.kms.katalon.core.main.TestCaseMain$startTestSuite$0.call(Unknown Source)
	at TempTestSuite1622212592997.run(TempTestSuite1622212592997.groovy:39)
Caused by: org.openqa.selenium.ElementClickInterceptedException: element click intercepted: Element <span class="status ">...</span> is not clickable at point (23, 523). Other element would receive the click: <div style="position: absolute; height: 6px; transition: opacity 500ms ease 0s; opacity: 0; right: 2px; bottom: 2px; left: 2px; border-radius: 3px;">...</div>
  (Session info: chrome=90.0.4430.212)
Build info: version: '3.141.59', revision: 'e82be7d358', time: '2018-11-14T08:25:53'
System info: host: 'DESKTOP-0HE72I0', ip: '192.168.243.2', os.name: 'Windows 10', os.arch: 'amd64', os.version: '10.0', java.version: '1.8.0_282'
Driver info: com.kms.katalon.selenium.driver.CChromeDriver
Capabilities {acceptInsecureCerts: false, browserName: chrome, browserVersion: 90.0.4430.212, chrome: {chromedriverVersion: 90.0.4430.24 (4c6d850f087da..., userDataDir: C:\Users\tanth\AppData\Loca...}, goog:chromeOptions: {debuggerAddress: localhost:59183}, javascriptEnabled: true, networkConnectionEnabled: false, pageLoadStrategy: normal, platform: WINDOWS, platformName: WINDOWS, proxy: Proxy(), setWindowRect: true, strictFileInteractability: false, timeouts: {implicit: 0, pageLoad: 300000, script: 30000}, unhandledPromptBehavior: dismiss and notify, webauthn:extension:largeBlob: true, webauthn:virtualAuthenticators: true}
Session ID: de0254d6eaf63e1a6cf3e73491bbb45a
	at org.openqa.selenium.remote.http.W3CHttpResponseCodec.createException(W3CHttpResponseCodec.java:187)
	at org.openqa.selenium.remote.http.W3CHttpResponseCodec.decode(W3CHttpResponseCodec.java:122)
	at org.openqa.selenium.remote.http.W3CHttpResponseCodec.decode(W3CHttpResponseCodec.java:49)
	at org.openqa.selenium.remote.HttpCommandExecutor.execute(HttpCommandExecutor.java:158)
	at org.openqa.selenium.remote.service.DriverCommandExecutor.execute(DriverCommandExecutor.java:83)
	at org.openqa.selenium.remote.RemoteWebDriver.execute(RemoteWebDriver.java:552)
	at com.kms.katalon.selenium.driver.CChromeDriver.execute(CChromeDriver.java:19)
	at org.openqa.selenium.remote.RemoteWebElement.execute(RemoteWebElement.java:285)
	at org.openqa.selenium.remote.RemoteWebElement.click(RemoteWebElement.java:84)
	at org.openqa.selenium.support.events.EventFiringWebDriver$EventFiringWebElement.lambda$new$0(EventFiringWebDriver.java:404)
	at com.sun.proxy.$Proxy11.click(Unknown Source)
	at org.openqa.selenium.support.events.EventFiringWebDriver$EventFiringWebElement.click(EventFiringWebDriver.java:417)
	at com.kms.katalon.core.webui.keyword.builtin.ClickKeyword$_click_closure1.doCall(ClickKeyword.groovy:68)
	at com.kms.katalon.core.webui.keyword.builtin.ClickKeyword$_click_closure1.call(ClickKeyword.groovy)
	at com.kms.katalon.core.webui.keyword.internal.WebUIKeywordMain.runKeyword(WebUIKeywordMain.groovy:20)
	... 19 more


2021-05-28 22:15:56 - [TEST_STEP][PASSED] - openBrowser(""): Browser is opened with url: ''

2021-05-28 22:15:56 - [MESSAGE][WARNING] - A browser is already opened. Closing browser and opening a new one

2021-05-28 22:15:56 - [MESSAGE][INFO] - Starting 'Chrome' driver

2021-05-28 22:15:56 - [MESSAGE][INFO] - Action delay is set to 0 milliseconds

2021-05-28 22:15:58 - [MESSAGE][PASSED] - Browser is opened with url: ''

2021-05-28 22:15:58 - [TEST_STEP][PASSED] - navigateToUrl("https://cdnc-group2.herokuapp.com/"): Navigate to 'https://cdnc-group2.herokuapp.com/' successfully

2021-05-28 22:16:02 - [MESSAGE][PASSED] - Navigate to 'https://cdnc-group2.herokuapp.com/' successfully

2021-05-28 22:16:02 - [TEST_STEP][PASSED] - setText(findTestObject("Object Repository/Page_Mattermost/input_All team communication in one place, _dcc84b"), "ngoctin040999@gmail.com"): Text 'ngoctin040999@gmail.com' is set on object 'Object Repository/Page_Mattermost/input_All team communication in one place, _dcc84b'

2021-05-28 22:16:07 - [MESSAGE][PASSED] - Text 'ngoctin040999@gmail.com' is set on object 'Object Repository/Page_Mattermost/input_All team communication in one place, _dcc84b'

2021-05-28 22:16:07 - [TEST_STEP][PASSED] - setEncryptedText(findTestObject("Object Repository/Page_Mattermost/input_All team communication in one place, _a3edc6"), "S8w1SJvl7D1hts9IdMV+NQ=="): Text ****** has been set on object 'Object Repository/Page_Mattermost/input_All team communication in one place, _a3edc6'

2021-05-28 22:16:08 - [MESSAGE][PASSED] - Text ****** has been set on object 'Object Repository/Page_Mattermost/input_All team communication in one place, _a3edc6'

2021-05-28 22:16:08 - [TEST_STEP][PASSED] - click(findTestObject("Object Repository/Page_Mattermost/span_Sign in")): Object: 'Object Repository/Page_Mattermost/span_Sign in' is clicked on

2021-05-28 22:16:09 - [MESSAGE][PASSED] - Object: 'Object Repository/Page_Mattermost/span_Sign in' is clicked on

2021-05-28 22:16:09 - [TEST_STEP][PASSED] - if (findTestObject("Object Repository/Page_Town Square - TOKEN_UPDATED Mattermost/span_Test") == null): null

2021-05-28 22:16:09 - [TEST_STEP][FAILED] - click(findTestObject("Object Repository/Page_Town Square - TOKEN_UPDATED Mattermost/span_Test")): Unable to click on object 'Object Repository/Page_Town Square - TOKEN_UPDATED Mattermost/span_Test' (Root cause: com.kms.katalon.core.exception.StepFailedException: Unable to click on object 'Object Repository/Page_Town Square - TOKEN_UPDATED Mattermost/span_Test'
	at com.kms.katalon.core.webui.keyword.internal.WebUIKeywordMain.stepFailed(WebUIKeywordMain.groovy:64)
	at com.kms.katalon.core.webui.keyword.internal.WebUIKeywordMain.runKeyword(WebUIKeywordMain.groovy:26)
	at com.kms.katalon.core.webui.keyword.builtin.ClickKeyword.click(ClickKeyword.groovy:75)
	at com.kms.katalon.core.webui.keyword.builtin.ClickKeyword.execute(ClickKeyword.groovy:42)
	at com.kms.katalon.core.keyword.internal.KeywordExecutor.executeKeywordForPlatform(KeywordExecutor.groovy:73)
	at com.kms.katalon.core.webui.keyword.WebUiBuiltInKeywords.click(WebUiBuiltInKeywords.groovy:619)
	at com.kms.katalon.core.webui.keyword.WebUiBuiltInKeywords$click$4.call(Unknown Source)
	at SearchInChannelWithFilterKey.run(SearchInChannelWithFilterKey:35)
	at com.kms.katalon.core.main.ScriptEngine.run(ScriptEngine.java:194)
	at com.kms.katalon.core.main.ScriptEngine.runScriptAsRawText(ScriptEngine.java:119)
	at com.kms.katalon.core.main.TestCaseExecutor.runScript(TestCaseExecutor.java:398)
	at com.kms.katalon.core.main.TestCaseExecutor.doExecute(TestCaseExecutor.java:389)
	at com.kms.katalon.core.main.TestCaseExecutor.processExecutionPhase(TestCaseExecutor.java:368)
	at com.kms.katalon.core.main.TestCaseExecutor.accessMainPhase(TestCaseExecutor.java:360)
	at com.kms.katalon.core.main.TestCaseExecutor.execute(TestCaseExecutor.java:255)
	at com.kms.katalon.core.main.TestSuiteExecutor.accessTestCaseMainPhase(TestSuiteExecutor.java:203)
	at com.kms.katalon.core.main.TestSuiteExecutor.accessTestSuiteMainPhase(TestSuiteExecutor.java:152)
	at com.kms.katalon.core.main.TestSuiteExecutor.execute(TestSuiteExecutor.java:95)
	at com.kms.katalon.core.main.TestCaseMain.startTestSuite(TestCaseMain.java:157)
	at com.kms.katalon.core.main.TestCaseMain$startTestSuite$0.call(Unknown Source)
	at TempTestSuite1622212592997.run(TempTestSuite1622212592997.groovy:39)
Caused by: org.openqa.selenium.ElementClickInterceptedException: element click intercepted: Element <span class="status ">...</span> is not clickable at point (23, 523). Other element would receive the click: <div style="position: absolute; height: 6px; transition: opacity 500ms ease 0s; opacity: 0; right: 2px; bottom: 2px; left: 2px; border-radius: 3px;">...</div>
  (Session info: chrome=90.0.4430.212)
Build info: version: '3.141.59', revision: 'e82be7d358', time: '2018-11-14T08:25:53'
System info: host: 'DESKTOP-0HE72I0', ip: '192.168.243.2', os.name: 'Windows 10', os.arch: 'amd64', os.version: '10.0', java.version: '1.8.0_282'
Driver info: com.kms.katalon.selenium.driver.CChromeDriver
Capabilities {acceptInsecureCerts: false, browserName: chrome, browserVersion: 90.0.4430.212, chrome: {chromedriverVersion: 90.0.4430.24 (4c6d850f087da..., userDataDir: C:\Users\tanth\AppData\Loca...}, goog:chromeOptions: {debuggerAddress: localhost:59183}, javascriptEnabled: true, networkConnectionEnabled: false, pageLoadStrategy: normal, platform: WINDOWS, platformName: WINDOWS, proxy: Proxy(), setWindowRect: true, strictFileInteractability: false, timeouts: {implicit: 0, pageLoad: 300000, script: 30000}, unhandledPromptBehavior: dismiss and notify, webauthn:extension:largeBlob: true, webauthn:virtualAuthenticators: true}
Session ID: de0254d6eaf63e1a6cf3e73491bbb45a
	at org.openqa.selenium.remote.http.W3CHttpResponseCodec.createException(W3CHttpResponseCodec.java:187)
	at org.openqa.selenium.remote.http.W3CHttpResponseCodec.decode(W3CHttpResponseCodec.java:122)
	at org.openqa.selenium.remote.http.W3CHttpResponseCodec.decode(W3CHttpResponseCodec.java:49)
	at org.openqa.selenium.remote.HttpCommandExecutor.execute(HttpCommandExecutor.java:158)
	at org.openqa.selenium.remote.service.DriverCommandExecutor.execute(DriverCommandExecutor.java:83)
	at org.openqa.selenium.remote.RemoteWebDriver.execute(RemoteWebDriver.java:552)
	at com.kms.katalon.selenium.driver.CChromeDriver.execute(CChromeDriver.java:19)
	at org.openqa.selenium.remote.RemoteWebElement.execute(RemoteWebElement.java:285)
	at org.openqa.selenium.remote.RemoteWebElement.click(RemoteWebElement.java:84)
	at org.openqa.selenium.support.events.EventFiringWebDriver$EventFiringWebElement.lambda$new$0(EventFiringWebDriver.java:404)
	at com.sun.proxy.$Proxy11.click(Unknown Source)
	at org.openqa.selenium.support.events.EventFiringWebDriver$EventFiringWebElement.click(EventFiringWebDriver.java:417)
	at com.kms.katalon.core.webui.keyword.builtin.ClickKeyword$_click_closure1.doCall(ClickKeyword.groovy:68)
	at com.kms.katalon.core.webui.keyword.builtin.ClickKeyword$_click_closure1.call(ClickKeyword.groovy)
	at com.kms.katalon.core.webui.keyword.internal.WebUIKeywordMain.runKeyword(WebUIKeywordMain.groovy:20)
	at com.kms.katalon.core.webui.keyword.builtin.ClickKeyword.click(ClickKeyword.groovy:75)
	at com.kms.katalon.core.webui.keyword.builtin.ClickKeyword.execute(ClickKeyword.groovy:42)
	at com.kms.katalon.core.keyword.internal.KeywordExecutor.executeKeywordForPlatform(KeywordExecutor.groovy:73)
	at com.kms.katalon.core.webui.keyword.WebUiBuiltInKeywords.click(WebUiBuiltInKeywords.groovy:619)
	at com.kms.katalon.core.webui.keyword.WebUiBuiltInKeywords$click$4.call(Unknown Source)
	at Script1621696204422.run(Script1621696204422.groovy:35)
	... 13 more
)

2021-05-28 22:16:40 - [MESSAGE][INFO] - Unable to find the element located by 'By.xpath: //a[@id='sidebarItem_test']/span[2]/span'. Please recheck the objects properties to make sure the desired element is located. 

2021-05-28 22:16:40 - [MESSAGE][WARNING] - [SELF-HEALING] Failed to find element with id 'Object Repository/Page_Town Square - TOKEN_UPDATED Mattermost/span_Test'. Try using Self-healing.

2021-05-28 22:16:41 - [MESSAGE][WARNING] - [SELF-HEALING] The current locator of test object 'Object Repository/Page_Town Square - TOKEN_UPDATED Mattermost/span_Test' was broken. Propose an alternative one: '(.//*[normalize-space(text()) and normalize-space(.)='+'])[2]/following::span[3]'.

2021-05-28 22:16:42 - [MESSAGE][FAILED] - Unable to click on object 'Object Repository/Page_Town Square - TOKEN_UPDATED Mattermost/span_Test' (Root cause: com.kms.katalon.core.exception.StepFailedException: Unable to click on object 'Object Repository/Page_Town Square - TOKEN_UPDATED Mattermost/span_Test'
	at com.kms.katalon.core.webui.keyword.internal.WebUIKeywordMain.stepFailed(WebUIKeywordMain.groovy:64)
	at com.kms.katalon.core.webui.keyword.internal.WebUIKeywordMain.runKeyword(WebUIKeywordMain.groovy:26)
	at com.kms.katalon.core.webui.keyword.builtin.ClickKeyword.click(ClickKeyword.groovy:75)
	at com.kms.katalon.core.webui.keyword.builtin.ClickKeyword.execute(ClickKeyword.groovy:42)
	at com.kms.katalon.core.keyword.internal.KeywordExecutor.executeKeywordForPlatform(KeywordExecutor.groovy:73)
	at com.kms.katalon.core.webui.keyword.WebUiBuiltInKeywords.click(WebUiBuiltInKeywords.groovy:619)
	at com.kms.katalon.core.webui.keyword.WebUiBuiltInKeywords$click$4.call(Unknown Source)
	at SearchInChannelWithFilterKey.run(SearchInChannelWithFilterKey:35)
	at com.kms.katalon.core.main.ScriptEngine.run(ScriptEngine.java:194)
	at com.kms.katalon.core.main.ScriptEngine.runScriptAsRawText(ScriptEngine.java:119)
	at com.kms.katalon.core.main.TestCaseExecutor.runScript(TestCaseExecutor.java:398)
	at com.kms.katalon.core.main.TestCaseExecutor.doExecute(TestCaseExecutor.java:389)
	at com.kms.katalon.core.main.TestCaseExecutor.processExecutionPhase(TestCaseExecutor.java:368)
	at com.kms.katalon.core.main.TestCaseExecutor.accessMainPhase(TestCaseExecutor.java:360)
	at com.kms.katalon.core.main.TestCaseExecutor.execute(TestCaseExecutor.java:255)
	at com.kms.katalon.core.main.TestSuiteExecutor.accessTestCaseMainPhase(TestSuiteExecutor.java:203)
	at com.kms.katalon.core.main.TestSuiteExecutor.accessTestSuiteMainPhase(TestSuiteExecutor.java:152)
	at com.kms.katalon.core.main.TestSuiteExecutor.execute(TestSuiteExecutor.java:95)
	at com.kms.katalon.core.main.TestCaseMain.startTestSuite(TestCaseMain.java:157)
	at com.kms.katalon.core.main.TestCaseMain$startTestSuite$0.call(Unknown Source)
	at TempTestSuite1622212592997.run(TempTestSuite1622212592997.groovy:39)
Caused by: org.openqa.selenium.ElementClickInterceptedException: element click intercepted: Element <span class="status ">...</span> is not clickable at point (23, 523). Other element would receive the click: <div style="position: absolute; height: 6px; transition: opacity 500ms ease 0s; opacity: 0; right: 2px; bottom: 2px; left: 2px; border-radius: 3px;">...</div>
  (Session info: chrome=90.0.4430.212)
Build info: version: '3.141.59', revision: 'e82be7d358', time: '2018-11-14T08:25:53'
System info: host: 'DESKTOP-0HE72I0', ip: '192.168.243.2', os.name: 'Windows 10', os.arch: 'amd64', os.version: '10.0', java.version: '1.8.0_282'
Driver info: com.kms.katalon.selenium.driver.CChromeDriver
Capabilities {acceptInsecureCerts: false, browserName: chrome, browserVersion: 90.0.4430.212, chrome: {chromedriverVersion: 90.0.4430.24 (4c6d850f087da..., userDataDir: C:\Users\tanth\AppData\Loca...}, goog:chromeOptions: {debuggerAddress: localhost:59183}, javascriptEnabled: true, networkConnectionEnabled: false, pageLoadStrategy: normal, platform: WINDOWS, platformName: WINDOWS, proxy: Proxy(), setWindowRect: true, strictFileInteractability: false, timeouts: {implicit: 0, pageLoad: 300000, script: 30000}, unhandledPromptBehavior: dismiss and notify, webauthn:extension:largeBlob: true, webauthn:virtualAuthenticators: true}
Session ID: de0254d6eaf63e1a6cf3e73491bbb45a
	at org.openqa.selenium.remote.http.W3CHttpResponseCodec.createException(W3CHttpResponseCodec.java:187)
	at org.openqa.selenium.remote.http.W3CHttpResponseCodec.decode(W3CHttpResponseCodec.java:122)
	at org.openqa.selenium.remote.http.W3CHttpResponseCodec.decode(W3CHttpResponseCodec.java:49)
	at org.openqa.selenium.remote.HttpCommandExecutor.execute(HttpCommandExecutor.java:158)
	at org.openqa.selenium.remote.service.DriverCommandExecutor.execute(DriverCommandExecutor.java:83)
	at org.openqa.selenium.remote.RemoteWebDriver.execute(RemoteWebDriver.java:552)
	at com.kms.katalon.selenium.driver.CChromeDriver.execute(CChromeDriver.java:19)
	at org.openqa.selenium.remote.RemoteWebElement.execute(RemoteWebElement.java:285)
	at org.openqa.selenium.remote.RemoteWebElement.click(RemoteWebElement.java:84)
	at org.openqa.selenium.support.events.EventFiringWebDriver$EventFiringWebElement.lambda$new$0(EventFiringWebDriver.java:404)
	at com.sun.proxy.$Proxy11.click(Unknown Source)
	at org.openqa.selenium.support.events.EventFiringWebDriver$EventFiringWebElement.click(EventFiringWebDriver.java:417)
	at com.kms.katalon.core.webui.keyword.builtin.ClickKeyword$_click_closure1.doCall(ClickKeyword.groovy:68)
	at com.kms.katalon.core.webui.keyword.builtin.ClickKeyword$_click_closure1.call(ClickKeyword.groovy)
	at com.kms.katalon.core.webui.keyword.internal.WebUIKeywordMain.runKeyword(WebUIKeywordMain.groovy:20)
	at com.kms.katalon.core.webui.keyword.builtin.ClickKeyword.click(ClickKeyword.groovy:75)
	at com.kms.katalon.core.webui.keyword.builtin.ClickKeyword.execute(ClickKeyword.groovy:42)
	at com.kms.katalon.core.keyword.internal.KeywordExecutor.executeKeywordForPlatform(KeywordExecutor.groovy:73)
	at com.kms.katalon.core.webui.keyword.WebUiBuiltInKeywords.click(WebUiBuiltInKeywords.groovy:619)
	at com.kms.katalon.core.webui.keyword.WebUiBuiltInKeywords$click$4.call(Unknown Source)
	at Script1621696204422.run(Script1621696204422.groovy:35)
	... 13 more
)
[[ATTACHMENT|C:\\Users\\tanth\\git\\katalon\\Reports\\20210528_213632\\Run all test cases\\20210528_213632\\1622215002337.png]]]]></system-out>
         <system-err><![CDATA[2021-05-28 22:15:55 - [TEST_CASE][FAILED] - Test Cases/SearchInChannelWithFilterKey: Test Cases/SearchInChannelWithFilterKey FAILED.
Reason:
com.kms.katalon.core.exception.StepFailedException: Unable to click on object 'Object Repository/Page_Town Square - TOKEN_UPDATED Mattermost/span_Test'
	at com.kms.katalon.core.webui.keyword.internal.WebUIKeywordMain.stepFailed(WebUIKeywordMain.groovy:64)
	at com.kms.katalon.core.webui.keyword.internal.WebUIKeywordMain.runKeyword(WebUIKeywordMain.groovy:26)
	at com.kms.katalon.core.webui.keyword.builtin.ClickKeyword.click(ClickKeyword.groovy:75)
	at com.kms.katalon.core.webui.keyword.builtin.ClickKeyword.execute(ClickKeyword.groovy:42)
	at com.kms.katalon.core.keyword.internal.KeywordExecutor.executeKeywordForPlatform(KeywordExecutor.groovy:73)
	at com.kms.katalon.core.webui.keyword.WebUiBuiltInKeywords.click(WebUiBuiltInKeywords.groovy:619)
	at com.kms.katalon.core.webui.keyword.WebUiBuiltInKeywords$click$4.call(Unknown Source)
	at SearchInChannelWithFilterKey.run(SearchInChannelWithFilterKey:35)
	at com.kms.katalon.core.main.ScriptEngine.run(ScriptEngine.java:194)
	at com.kms.katalon.core.main.ScriptEngine.runScriptAsRawText(ScriptEngine.java:119)
	at com.kms.katalon.core.main.TestCaseExecutor.runScript(TestCaseExecutor.java:398)
	at com.kms.katalon.core.main.TestCaseExecutor.doExecute(TestCaseExecutor.java:389)
	at com.kms.katalon.core.main.TestCaseExecutor.processExecutionPhase(TestCaseExecutor.java:368)
	at com.kms.katalon.core.main.TestCaseExecutor.accessMainPhase(TestCaseExecutor.java:360)
	at com.kms.katalon.core.main.TestCaseExecutor.execute(TestCaseExecutor.java:255)
	at com.kms.katalon.core.main.TestSuiteExecutor.accessTestCaseMainPhase(TestSuiteExecutor.java:203)
	at com.kms.katalon.core.main.TestSuiteExecutor.accessTestSuiteMainPhase(TestSuiteExecutor.java:152)
	at com.kms.katalon.core.main.TestSuiteExecutor.execute(TestSuiteExecutor.java:95)
	at com.kms.katalon.core.main.TestCaseMain.startTestSuite(TestCaseMain.java:157)
	at com.kms.katalon.core.main.TestCaseMain$startTestSuite$0.call(Unknown Source)
	at TempTestSuite1622212592997.run(TempTestSuite1622212592997.groovy:39)
Caused by: org.openqa.selenium.ElementClickInterceptedException: element click intercepted: Element <span class="status ">...</span> is not clickable at point (23, 523). Other element would receive the click: <div style="position: absolute; height: 6px; transition: opacity 500ms ease 0s; opacity: 0; right: 2px; bottom: 2px; left: 2px; border-radius: 3px;">...</div>
  (Session info: chrome=90.0.4430.212)
Build info: version: '3.141.59', revision: 'e82be7d358', time: '2018-11-14T08:25:53'
System info: host: 'DESKTOP-0HE72I0', ip: '192.168.243.2', os.name: 'Windows 10', os.arch: 'amd64', os.version: '10.0', java.version: '1.8.0_282'
Driver info: com.kms.katalon.selenium.driver.CChromeDriver
Capabilities {acceptInsecureCerts: false, browserName: chrome, browserVersion: 90.0.4430.212, chrome: {chromedriverVersion: 90.0.4430.24 (4c6d850f087da..., userDataDir: C:\Users\tanth\AppData\Loca...}, goog:chromeOptions: {debuggerAddress: localhost:59183}, javascriptEnabled: true, networkConnectionEnabled: false, pageLoadStrategy: normal, platform: WINDOWS, platformName: WINDOWS, proxy: Proxy(), setWindowRect: true, strictFileInteractability: false, timeouts: {implicit: 0, pageLoad: 300000, script: 30000}, unhandledPromptBehavior: dismiss and notify, webauthn:extension:largeBlob: true, webauthn:virtualAuthenticators: true}
Session ID: de0254d6eaf63e1a6cf3e73491bbb45a
	at org.openqa.selenium.remote.http.W3CHttpResponseCodec.createException(W3CHttpResponseCodec.java:187)
	at org.openqa.selenium.remote.http.W3CHttpResponseCodec.decode(W3CHttpResponseCodec.java:122)
	at org.openqa.selenium.remote.http.W3CHttpResponseCodec.decode(W3CHttpResponseCodec.java:49)
	at org.openqa.selenium.remote.HttpCommandExecutor.execute(HttpCommandExecutor.java:158)
	at org.openqa.selenium.remote.service.DriverCommandExecutor.execute(DriverCommandExecutor.java:83)
	at org.openqa.selenium.remote.RemoteWebDriver.execute(RemoteWebDriver.java:552)
	at com.kms.katalon.selenium.driver.CChromeDriver.execute(CChromeDriver.java:19)
	at org.openqa.selenium.remote.RemoteWebElement.execute(RemoteWebElement.java:285)
	at org.openqa.selenium.remote.RemoteWebElement.click(RemoteWebElement.java:84)
	at org.openqa.selenium.support.events.EventFiringWebDriver$EventFiringWebElement.lambda$new$0(EventFiringWebDriver.java:404)
	at com.sun.proxy.$Proxy11.click(Unknown Source)
	at org.openqa.selenium.support.events.EventFiringWebDriver$EventFiringWebElement.click(EventFiringWebDriver.java:417)
	at com.kms.katalon.core.webui.keyword.builtin.ClickKeyword$_click_closure1.doCall(ClickKeyword.groovy:68)
	at com.kms.katalon.core.webui.keyword.builtin.ClickKeyword$_click_closure1.call(ClickKeyword.groovy)
	at com.kms.katalon.core.webui.keyword.internal.WebUIKeywordMain.runKeyword(WebUIKeywordMain.groovy:20)
	... 19 more]]></system-err>
      </testcase>
      <testcase name="Test Cases/SearchInChannelWithMentionText" time="49.97" classname="Test Cases/SearchInChannelWithMentionText" status="FAILED">
         <failure type="FAILED" message="Test Cases/SearchInChannelWithMentionText FAILED.
Reason:
com.kms.katalon.core.exception.StepFailedException: Unable to click on object 'Object Repository/Page_Town Square - TOKEN_UPDATED Mattermost/span_Test'
	at com.kms.katalon.core.webui.keyword.internal.WebUIKeywordMain.stepFailed(WebUIKeywordMain.groovy:64)
	at com.kms.katalon.core.webui.keyword.internal.WebUIKeywordMain.runKeyword(WebUIKeywordMain.groovy:26)
	at com.kms.katalon.core.webui.keyword.builtin.ClickKeyword.click(ClickKeyword.groovy:75)
	at com.kms.katalon.core.webui.keyword.builtin.ClickKeyword.execute(ClickKeyword.groovy:42)
	at com.kms.katalon.core.keyword.internal.KeywordExecutor.executeKeywordForPlatform(KeywordExecutor.groovy:73)
	at com.kms.katalon.core.webui.keyword.WebUiBuiltInKeywords.click(WebUiBuiltInKeywords.groovy:619)
	at com.kms.katalon.core.webui.keyword.WebUiBuiltInKeywords$click$4.call(Unknown Source)
	at SearchInChannelWithMentionText.run(SearchInChannelWithMentionText:35)
	at com.kms.katalon.core.main.ScriptEngine.run(ScriptEngine.java:194)
	at com.kms.katalon.core.main.ScriptEngine.runScriptAsRawText(ScriptEngine.java:119)
	at com.kms.katalon.core.main.TestCaseExecutor.runScript(TestCaseExecutor.java:398)
	at com.kms.katalon.core.main.TestCaseExecutor.doExecute(TestCaseExecutor.java:389)
	at com.kms.katalon.core.main.TestCaseExecutor.processExecutionPhase(TestCaseExecutor.java:368)
	at com.kms.katalon.core.main.TestCaseExecutor.accessMainPhase(TestCaseExecutor.java:360)
	at com.kms.katalon.core.main.TestCaseExecutor.execute(TestCaseExecutor.java:255)
	at com.kms.katalon.core.main.TestSuiteExecutor.accessTestCaseMainPhase(TestSuiteExecutor.java:203)
	at com.kms.katalon.core.main.TestSuiteExecutor.accessTestSuiteMainPhase(TestSuiteExecutor.java:152)
	at com.kms.katalon.core.main.TestSuiteExecutor.execute(TestSuiteExecutor.java:95)
	at com.kms.katalon.core.main.TestCaseMain.startTestSuite(TestCaseMain.java:157)
	at com.kms.katalon.core.main.TestCaseMain$startTestSuite$0.call(Unknown Source)
	at TempTestSuite1622212592997.run(TempTestSuite1622212592997.groovy:39)
Caused by: org.openqa.selenium.ElementClickInterceptedException: element click intercepted: Element &lt;span class=&quot;status &quot;>...&lt;/span> is not clickable at point (23, 523). Other element would receive the click: &lt;div style=&quot;position: absolute; height: 6px; transition: opacity 500ms ease 0s; opacity: 0; right: 2px; bottom: 2px; left: 2px; border-radius: 3px;&quot;>...&lt;/div>
  (Session info: chrome=90.0.4430.212)
Build info: version: '3.141.59', revision: 'e82be7d358', time: '2018-11-14T08:25:53'
System info: host: 'DESKTOP-0HE72I0', ip: '192.168.243.2', os.name: 'Windows 10', os.arch: 'amd64', os.version: '10.0', java.version: '1.8.0_282'
Driver info: com.kms.katalon.selenium.driver.CChromeDriver
Capabilities {acceptInsecureCerts: false, browserName: chrome, browserVersion: 90.0.4430.212, chrome: {chromedriverVersion: 90.0.4430.24 (4c6d850f087da..., userDataDir: C:\Users\tanth\AppData\Loca...}, goog:chromeOptions: {debuggerAddress: localhost:59225}, javascriptEnabled: true, networkConnectionEnabled: false, pageLoadStrategy: normal, platform: WINDOWS, platformName: WINDOWS, proxy: Proxy(), setWindowRect: true, strictFileInteractability: false, timeouts: {implicit: 0, pageLoad: 300000, script: 30000}, unhandledPromptBehavior: dismiss and notify, webauthn:extension:largeBlob: true, webauthn:virtualAuthenticators: true}
Session ID: 69dad5265bdcf1164a8d192ad4c806c5
	at org.openqa.selenium.remote.http.W3CHttpResponseCodec.createException(W3CHttpResponseCodec.java:187)
	at org.openqa.selenium.remote.http.W3CHttpResponseCodec.decode(W3CHttpResponseCodec.java:122)
	at org.openqa.selenium.remote.http.W3CHttpResponseCodec.decode(W3CHttpResponseCodec.java:49)
	at org.openqa.selenium.remote.HttpCommandExecutor.execute(HttpCommandExecutor.java:158)
	at org.openqa.selenium.remote.service.DriverCommandExecutor.execute(DriverCommandExecutor.java:83)
	at org.openqa.selenium.remote.RemoteWebDriver.execute(RemoteWebDriver.java:552)
	at com.kms.katalon.selenium.driver.CChromeDriver.execute(CChromeDriver.java:19)
	at org.openqa.selenium.remote.RemoteWebElement.execute(RemoteWebElement.java:285)
	at org.openqa.selenium.remote.RemoteWebElement.click(RemoteWebElement.java:84)
	at org.openqa.selenium.support.events.EventFiringWebDriver$EventFiringWebElement.lambda$new$0(EventFiringWebDriver.java:404)
	at com.sun.proxy.$Proxy11.click(Unknown Source)
	at org.openqa.selenium.support.events.EventFiringWebDriver$EventFiringWebElement.click(EventFiringWebDriver.java:417)
	at com.kms.katalon.core.webui.keyword.builtin.ClickKeyword$_click_closure1.doCall(ClickKeyword.groovy:68)
	at com.kms.katalon.core.webui.keyword.builtin.ClickKeyword$_click_closure1.call(ClickKeyword.groovy)
	at com.kms.katalon.core.webui.keyword.internal.WebUIKeywordMain.runKeyword(WebUIKeywordMain.groovy:20)
	... 19 more
"/>
         <system-out><![CDATA[2021-05-28 22:16:42 - [TEST_CASE][FAILED] - Test Cases/SearchInChannelWithMentionText: Test Cases/SearchInChannelWithMentionText FAILED.
Reason:
com.kms.katalon.core.exception.StepFailedException: Unable to click on object 'Object Repository/Page_Town Square - TOKEN_UPDATED Mattermost/span_Test'
	at com.kms.katalon.core.webui.keyword.internal.WebUIKeywordMain.stepFailed(WebUIKeywordMain.groovy:64)
	at com.kms.katalon.core.webui.keyword.internal.WebUIKeywordMain.runKeyword(WebUIKeywordMain.groovy:26)
	at com.kms.katalon.core.webui.keyword.builtin.ClickKeyword.click(ClickKeyword.groovy:75)
	at com.kms.katalon.core.webui.keyword.builtin.ClickKeyword.execute(ClickKeyword.groovy:42)
	at com.kms.katalon.core.keyword.internal.KeywordExecutor.executeKeywordForPlatform(KeywordExecutor.groovy:73)
	at com.kms.katalon.core.webui.keyword.WebUiBuiltInKeywords.click(WebUiBuiltInKeywords.groovy:619)
	at com.kms.katalon.core.webui.keyword.WebUiBuiltInKeywords$click$4.call(Unknown Source)
	at SearchInChannelWithMentionText.run(SearchInChannelWithMentionText:35)
	at com.kms.katalon.core.main.ScriptEngine.run(ScriptEngine.java:194)
	at com.kms.katalon.core.main.ScriptEngine.runScriptAsRawText(ScriptEngine.java:119)
	at com.kms.katalon.core.main.TestCaseExecutor.runScript(TestCaseExecutor.java:398)
	at com.kms.katalon.core.main.TestCaseExecutor.doExecute(TestCaseExecutor.java:389)
	at com.kms.katalon.core.main.TestCaseExecutor.processExecutionPhase(TestCaseExecutor.java:368)
	at com.kms.katalon.core.main.TestCaseExecutor.accessMainPhase(TestCaseExecutor.java:360)
	at com.kms.katalon.core.main.TestCaseExecutor.execute(TestCaseExecutor.java:255)
	at com.kms.katalon.core.main.TestSuiteExecutor.accessTestCaseMainPhase(TestSuiteExecutor.java:203)
	at com.kms.katalon.core.main.TestSuiteExecutor.accessTestSuiteMainPhase(TestSuiteExecutor.java:152)
	at com.kms.katalon.core.main.TestSuiteExecutor.execute(TestSuiteExecutor.java:95)
	at com.kms.katalon.core.main.TestCaseMain.startTestSuite(TestCaseMain.java:157)
	at com.kms.katalon.core.main.TestCaseMain$startTestSuite$0.call(Unknown Source)
	at TempTestSuite1622212592997.run(TempTestSuite1622212592997.groovy:39)
Caused by: org.openqa.selenium.ElementClickInterceptedException: element click intercepted: Element <span class="status ">...</span> is not clickable at point (23, 523). Other element would receive the click: <div style="position: absolute; height: 6px; transition: opacity 500ms ease 0s; opacity: 0; right: 2px; bottom: 2px; left: 2px; border-radius: 3px;">...</div>
  (Session info: chrome=90.0.4430.212)
Build info: version: '3.141.59', revision: 'e82be7d358', time: '2018-11-14T08:25:53'
System info: host: 'DESKTOP-0HE72I0', ip: '192.168.243.2', os.name: 'Windows 10', os.arch: 'amd64', os.version: '10.0', java.version: '1.8.0_282'
Driver info: com.kms.katalon.selenium.driver.CChromeDriver
Capabilities {acceptInsecureCerts: false, browserName: chrome, browserVersion: 90.0.4430.212, chrome: {chromedriverVersion: 90.0.4430.24 (4c6d850f087da..., userDataDir: C:\Users\tanth\AppData\Loca...}, goog:chromeOptions: {debuggerAddress: localhost:59225}, javascriptEnabled: true, networkConnectionEnabled: false, pageLoadStrategy: normal, platform: WINDOWS, platformName: WINDOWS, proxy: Proxy(), setWindowRect: true, strictFileInteractability: false, timeouts: {implicit: 0, pageLoad: 300000, script: 30000}, unhandledPromptBehavior: dismiss and notify, webauthn:extension:largeBlob: true, webauthn:virtualAuthenticators: true}
Session ID: 69dad5265bdcf1164a8d192ad4c806c5
	at org.openqa.selenium.remote.http.W3CHttpResponseCodec.createException(W3CHttpResponseCodec.java:187)
	at org.openqa.selenium.remote.http.W3CHttpResponseCodec.decode(W3CHttpResponseCodec.java:122)
	at org.openqa.selenium.remote.http.W3CHttpResponseCodec.decode(W3CHttpResponseCodec.java:49)
	at org.openqa.selenium.remote.HttpCommandExecutor.execute(HttpCommandExecutor.java:158)
	at org.openqa.selenium.remote.service.DriverCommandExecutor.execute(DriverCommandExecutor.java:83)
	at org.openqa.selenium.remote.RemoteWebDriver.execute(RemoteWebDriver.java:552)
	at com.kms.katalon.selenium.driver.CChromeDriver.execute(CChromeDriver.java:19)
	at org.openqa.selenium.remote.RemoteWebElement.execute(RemoteWebElement.java:285)
	at org.openqa.selenium.remote.RemoteWebElement.click(RemoteWebElement.java:84)
	at org.openqa.selenium.support.events.EventFiringWebDriver$EventFiringWebElement.lambda$new$0(EventFiringWebDriver.java:404)
	at com.sun.proxy.$Proxy11.click(Unknown Source)
	at org.openqa.selenium.support.events.EventFiringWebDriver$EventFiringWebElement.click(EventFiringWebDriver.java:417)
	at com.kms.katalon.core.webui.keyword.builtin.ClickKeyword$_click_closure1.doCall(ClickKeyword.groovy:68)
	at com.kms.katalon.core.webui.keyword.builtin.ClickKeyword$_click_closure1.call(ClickKeyword.groovy)
	at com.kms.katalon.core.webui.keyword.internal.WebUIKeywordMain.runKeyword(WebUIKeywordMain.groovy:20)
	... 19 more


2021-05-28 22:16:43 - [TEST_STEP][PASSED] - openBrowser(""): Browser is opened with url: ''

2021-05-28 22:16:43 - [MESSAGE][WARNING] - A browser is already opened. Closing browser and opening a new one

2021-05-28 22:16:43 - [MESSAGE][INFO] - Starting 'Chrome' driver

2021-05-28 22:16:43 - [MESSAGE][INFO] - Action delay is set to 0 milliseconds

2021-05-28 22:16:45 - [MESSAGE][PASSED] - Browser is opened with url: ''

2021-05-28 22:16:45 - [TEST_STEP][PASSED] - navigateToUrl("https://cdnc-group2.herokuapp.com/"): Navigate to 'https://cdnc-group2.herokuapp.com/' successfully

2021-05-28 22:16:52 - [MESSAGE][PASSED] - Navigate to 'https://cdnc-group2.herokuapp.com/' successfully

2021-05-28 22:16:52 - [TEST_STEP][PASSED] - setText(findTestObject("Object Repository/Page_Mattermost/input_All team communication in one place, _dcc84b"), "ngoctin040999@gmail.com"): Text 'ngoctin040999@gmail.com' is set on object 'Object Repository/Page_Mattermost/input_All team communication in one place, _dcc84b'

2021-05-28 22:16:58 - [MESSAGE][PASSED] - Text 'ngoctin040999@gmail.com' is set on object 'Object Repository/Page_Mattermost/input_All team communication in one place, _dcc84b'

2021-05-28 22:16:58 - [TEST_STEP][PASSED] - setEncryptedText(findTestObject("Object Repository/Page_Mattermost/input_All team communication in one place, _a3edc6"), "S8w1SJvl7D1hts9IdMV+NQ=="): Text ****** has been set on object 'Object Repository/Page_Mattermost/input_All team communication in one place, _a3edc6'

2021-05-28 22:16:59 - [MESSAGE][PASSED] - Text ****** has been set on object 'Object Repository/Page_Mattermost/input_All team communication in one place, _a3edc6'

2021-05-28 22:16:59 - [TEST_STEP][PASSED] - click(findTestObject("Object Repository/Page_Mattermost/button_Sign in")): Object: 'Object Repository/Page_Mattermost/button_Sign in' is clicked on

2021-05-28 22:16:59 - [MESSAGE][PASSED] - Object: 'Object Repository/Page_Mattermost/button_Sign in' is clicked on

2021-05-28 22:16:59 - [TEST_STEP][PASSED] - if (findTestObject("Object Repository/Page_Town Square - TOKEN_UPDATED Mattermost/span_Test") == null): null

2021-05-28 22:16:59 - [TEST_STEP][FAILED] - click(findTestObject("Object Repository/Page_Town Square - TOKEN_UPDATED Mattermost/span_Test")): Unable to click on object 'Object Repository/Page_Town Square - TOKEN_UPDATED Mattermost/span_Test' (Root cause: com.kms.katalon.core.exception.StepFailedException: Unable to click on object 'Object Repository/Page_Town Square - TOKEN_UPDATED Mattermost/span_Test'
	at com.kms.katalon.core.webui.keyword.internal.WebUIKeywordMain.stepFailed(WebUIKeywordMain.groovy:64)
	at com.kms.katalon.core.webui.keyword.internal.WebUIKeywordMain.runKeyword(WebUIKeywordMain.groovy:26)
	at com.kms.katalon.core.webui.keyword.builtin.ClickKeyword.click(ClickKeyword.groovy:75)
	at com.kms.katalon.core.webui.keyword.builtin.ClickKeyword.execute(ClickKeyword.groovy:42)
	at com.kms.katalon.core.keyword.internal.KeywordExecutor.executeKeywordForPlatform(KeywordExecutor.groovy:73)
	at com.kms.katalon.core.webui.keyword.WebUiBuiltInKeywords.click(WebUiBuiltInKeywords.groovy:619)
	at com.kms.katalon.core.webui.keyword.WebUiBuiltInKeywords$click$4.call(Unknown Source)
	at SearchInChannelWithMentionText.run(SearchInChannelWithMentionText:35)
	at com.kms.katalon.core.main.ScriptEngine.run(ScriptEngine.java:194)
	at com.kms.katalon.core.main.ScriptEngine.runScriptAsRawText(ScriptEngine.java:119)
	at com.kms.katalon.core.main.TestCaseExecutor.runScript(TestCaseExecutor.java:398)
	at com.kms.katalon.core.main.TestCaseExecutor.doExecute(TestCaseExecutor.java:389)
	at com.kms.katalon.core.main.TestCaseExecutor.processExecutionPhase(TestCaseExecutor.java:368)
	at com.kms.katalon.core.main.TestCaseExecutor.accessMainPhase(TestCaseExecutor.java:360)
	at com.kms.katalon.core.main.TestCaseExecutor.execute(TestCaseExecutor.java:255)
	at com.kms.katalon.core.main.TestSuiteExecutor.accessTestCaseMainPhase(TestSuiteExecutor.java:203)
	at com.kms.katalon.core.main.TestSuiteExecutor.accessTestSuiteMainPhase(TestSuiteExecutor.java:152)
	at com.kms.katalon.core.main.TestSuiteExecutor.execute(TestSuiteExecutor.java:95)
	at com.kms.katalon.core.main.TestCaseMain.startTestSuite(TestCaseMain.java:157)
	at com.kms.katalon.core.main.TestCaseMain$startTestSuite$0.call(Unknown Source)
	at TempTestSuite1622212592997.run(TempTestSuite1622212592997.groovy:39)
Caused by: org.openqa.selenium.ElementClickInterceptedException: element click intercepted: Element <span class="status ">...</span> is not clickable at point (23, 523). Other element would receive the click: <div style="position: absolute; height: 6px; transition: opacity 500ms ease 0s; opacity: 0; right: 2px; bottom: 2px; left: 2px; border-radius: 3px;">...</div>
  (Session info: chrome=90.0.4430.212)
Build info: version: '3.141.59', revision: 'e82be7d358', time: '2018-11-14T08:25:53'
System info: host: 'DESKTOP-0HE72I0', ip: '192.168.243.2', os.name: 'Windows 10', os.arch: 'amd64', os.version: '10.0', java.version: '1.8.0_282'
Driver info: com.kms.katalon.selenium.driver.CChromeDriver
Capabilities {acceptInsecureCerts: false, browserName: chrome, browserVersion: 90.0.4430.212, chrome: {chromedriverVersion: 90.0.4430.24 (4c6d850f087da..., userDataDir: C:\Users\tanth\AppData\Loca...}, goog:chromeOptions: {debuggerAddress: localhost:59225}, javascriptEnabled: true, networkConnectionEnabled: false, pageLoadStrategy: normal, platform: WINDOWS, platformName: WINDOWS, proxy: Proxy(), setWindowRect: true, strictFileInteractability: false, timeouts: {implicit: 0, pageLoad: 300000, script: 30000}, unhandledPromptBehavior: dismiss and notify, webauthn:extension:largeBlob: true, webauthn:virtualAuthenticators: true}
Session ID: 69dad5265bdcf1164a8d192ad4c806c5
	at org.openqa.selenium.remote.http.W3CHttpResponseCodec.createException(W3CHttpResponseCodec.java:187)
	at org.openqa.selenium.remote.http.W3CHttpResponseCodec.decode(W3CHttpResponseCodec.java:122)
	at org.openqa.selenium.remote.http.W3CHttpResponseCodec.decode(W3CHttpResponseCodec.java:49)
	at org.openqa.selenium.remote.HttpCommandExecutor.execute(HttpCommandExecutor.java:158)
	at org.openqa.selenium.remote.service.DriverCommandExecutor.execute(DriverCommandExecutor.java:83)
	at org.openqa.selenium.remote.RemoteWebDriver.execute(RemoteWebDriver.java:552)
	at com.kms.katalon.selenium.driver.CChromeDriver.execute(CChromeDriver.java:19)
	at org.openqa.selenium.remote.RemoteWebElement.execute(RemoteWebElement.java:285)
	at org.openqa.selenium.remote.RemoteWebElement.click(RemoteWebElement.java:84)
	at org.openqa.selenium.support.events.EventFiringWebDriver$EventFiringWebElement.lambda$new$0(EventFiringWebDriver.java:404)
	at com.sun.proxy.$Proxy11.click(Unknown Source)
	at org.openqa.selenium.support.events.EventFiringWebDriver$EventFiringWebElement.click(EventFiringWebDriver.java:417)
	at com.kms.katalon.core.webui.keyword.builtin.ClickKeyword$_click_closure1.doCall(ClickKeyword.groovy:68)
	at com.kms.katalon.core.webui.keyword.builtin.ClickKeyword$_click_closure1.call(ClickKeyword.groovy)
	at com.kms.katalon.core.webui.keyword.internal.WebUIKeywordMain.runKeyword(WebUIKeywordMain.groovy:20)
	at com.kms.katalon.core.webui.keyword.builtin.ClickKeyword.click(ClickKeyword.groovy:75)
	at com.kms.katalon.core.webui.keyword.builtin.ClickKeyword.execute(ClickKeyword.groovy:42)
	at com.kms.katalon.core.keyword.internal.KeywordExecutor.executeKeywordForPlatform(KeywordExecutor.groovy:73)
	at com.kms.katalon.core.webui.keyword.WebUiBuiltInKeywords.click(WebUiBuiltInKeywords.groovy:619)
	at com.kms.katalon.core.webui.keyword.WebUiBuiltInKeywords$click$4.call(Unknown Source)
	at Script1621697167288.run(Script1621697167288.groovy:35)
	... 13 more
)

2021-05-28 22:17:30 - [MESSAGE][INFO] - Unable to find the element located by 'By.xpath: //a[@id='sidebarItem_test']/span[2]/span'. Please recheck the objects properties to make sure the desired element is located. 

2021-05-28 22:17:30 - [MESSAGE][WARNING] - [SELF-HEALING] Failed to find element with id 'Object Repository/Page_Town Square - TOKEN_UPDATED Mattermost/span_Test'. Try using Self-healing.

2021-05-28 22:17:31 - [MESSAGE][WARNING] - [SELF-HEALING] The current locator of test object 'Object Repository/Page_Town Square - TOKEN_UPDATED Mattermost/span_Test' was broken. Propose an alternative one: '(.//*[normalize-space(text()) and normalize-space(.)='+'])[2]/following::span[3]'.

2021-05-28 22:17:32 - [MESSAGE][FAILED] - Unable to click on object 'Object Repository/Page_Town Square - TOKEN_UPDATED Mattermost/span_Test' (Root cause: com.kms.katalon.core.exception.StepFailedException: Unable to click on object 'Object Repository/Page_Town Square - TOKEN_UPDATED Mattermost/span_Test'
	at com.kms.katalon.core.webui.keyword.internal.WebUIKeywordMain.stepFailed(WebUIKeywordMain.groovy:64)
	at com.kms.katalon.core.webui.keyword.internal.WebUIKeywordMain.runKeyword(WebUIKeywordMain.groovy:26)
	at com.kms.katalon.core.webui.keyword.builtin.ClickKeyword.click(ClickKeyword.groovy:75)
	at com.kms.katalon.core.webui.keyword.builtin.ClickKeyword.execute(ClickKeyword.groovy:42)
	at com.kms.katalon.core.keyword.internal.KeywordExecutor.executeKeywordForPlatform(KeywordExecutor.groovy:73)
	at com.kms.katalon.core.webui.keyword.WebUiBuiltInKeywords.click(WebUiBuiltInKeywords.groovy:619)
	at com.kms.katalon.core.webui.keyword.WebUiBuiltInKeywords$click$4.call(Unknown Source)
	at SearchInChannelWithMentionText.run(SearchInChannelWithMentionText:35)
	at com.kms.katalon.core.main.ScriptEngine.run(ScriptEngine.java:194)
	at com.kms.katalon.core.main.ScriptEngine.runScriptAsRawText(ScriptEngine.java:119)
	at com.kms.katalon.core.main.TestCaseExecutor.runScript(TestCaseExecutor.java:398)
	at com.kms.katalon.core.main.TestCaseExecutor.doExecute(TestCaseExecutor.java:389)
	at com.kms.katalon.core.main.TestCaseExecutor.processExecutionPhase(TestCaseExecutor.java:368)
	at com.kms.katalon.core.main.TestCaseExecutor.accessMainPhase(TestCaseExecutor.java:360)
	at com.kms.katalon.core.main.TestCaseExecutor.execute(TestCaseExecutor.java:255)
	at com.kms.katalon.core.main.TestSuiteExecutor.accessTestCaseMainPhase(TestSuiteExecutor.java:203)
	at com.kms.katalon.core.main.TestSuiteExecutor.accessTestSuiteMainPhase(TestSuiteExecutor.java:152)
	at com.kms.katalon.core.main.TestSuiteExecutor.execute(TestSuiteExecutor.java:95)
	at com.kms.katalon.core.main.TestCaseMain.startTestSuite(TestCaseMain.java:157)
	at com.kms.katalon.core.main.TestCaseMain$startTestSuite$0.call(Unknown Source)
	at TempTestSuite1622212592997.run(TempTestSuite1622212592997.groovy:39)
Caused by: org.openqa.selenium.ElementClickInterceptedException: element click intercepted: Element <span class="status ">...</span> is not clickable at point (23, 523). Other element would receive the click: <div style="position: absolute; height: 6px; transition: opacity 500ms ease 0s; opacity: 0; right: 2px; bottom: 2px; left: 2px; border-radius: 3px;">...</div>
  (Session info: chrome=90.0.4430.212)
Build info: version: '3.141.59', revision: 'e82be7d358', time: '2018-11-14T08:25:53'
System info: host: 'DESKTOP-0HE72I0', ip: '192.168.243.2', os.name: 'Windows 10', os.arch: 'amd64', os.version: '10.0', java.version: '1.8.0_282'
Driver info: com.kms.katalon.selenium.driver.CChromeDriver
Capabilities {acceptInsecureCerts: false, browserName: chrome, browserVersion: 90.0.4430.212, chrome: {chromedriverVersion: 90.0.4430.24 (4c6d850f087da..., userDataDir: C:\Users\tanth\AppData\Loca...}, goog:chromeOptions: {debuggerAddress: localhost:59225}, javascriptEnabled: true, networkConnectionEnabled: false, pageLoadStrategy: normal, platform: WINDOWS, platformName: WINDOWS, proxy: Proxy(), setWindowRect: true, strictFileInteractability: false, timeouts: {implicit: 0, pageLoad: 300000, script: 30000}, unhandledPromptBehavior: dismiss and notify, webauthn:extension:largeBlob: true, webauthn:virtualAuthenticators: true}
Session ID: 69dad5265bdcf1164a8d192ad4c806c5
	at org.openqa.selenium.remote.http.W3CHttpResponseCodec.createException(W3CHttpResponseCodec.java:187)
	at org.openqa.selenium.remote.http.W3CHttpResponseCodec.decode(W3CHttpResponseCodec.java:122)
	at org.openqa.selenium.remote.http.W3CHttpResponseCodec.decode(W3CHttpResponseCodec.java:49)
	at org.openqa.selenium.remote.HttpCommandExecutor.execute(HttpCommandExecutor.java:158)
	at org.openqa.selenium.remote.service.DriverCommandExecutor.execute(DriverCommandExecutor.java:83)
	at org.openqa.selenium.remote.RemoteWebDriver.execute(RemoteWebDriver.java:552)
	at com.kms.katalon.selenium.driver.CChromeDriver.execute(CChromeDriver.java:19)
	at org.openqa.selenium.remote.RemoteWebElement.execute(RemoteWebElement.java:285)
	at org.openqa.selenium.remote.RemoteWebElement.click(RemoteWebElement.java:84)
	at org.openqa.selenium.support.events.EventFiringWebDriver$EventFiringWebElement.lambda$new$0(EventFiringWebDriver.java:404)
	at com.sun.proxy.$Proxy11.click(Unknown Source)
	at org.openqa.selenium.support.events.EventFiringWebDriver$EventFiringWebElement.click(EventFiringWebDriver.java:417)
	at com.kms.katalon.core.webui.keyword.builtin.ClickKeyword$_click_closure1.doCall(ClickKeyword.groovy:68)
	at com.kms.katalon.core.webui.keyword.builtin.ClickKeyword$_click_closure1.call(ClickKeyword.groovy)
	at com.kms.katalon.core.webui.keyword.internal.WebUIKeywordMain.runKeyword(WebUIKeywordMain.groovy:20)
	at com.kms.katalon.core.webui.keyword.builtin.ClickKeyword.click(ClickKeyword.groovy:75)
	at com.kms.katalon.core.webui.keyword.builtin.ClickKeyword.execute(ClickKeyword.groovy:42)
	at com.kms.katalon.core.keyword.internal.KeywordExecutor.executeKeywordForPlatform(KeywordExecutor.groovy:73)
	at com.kms.katalon.core.webui.keyword.WebUiBuiltInKeywords.click(WebUiBuiltInKeywords.groovy:619)
	at com.kms.katalon.core.webui.keyword.WebUiBuiltInKeywords$click$4.call(Unknown Source)
	at Script1621697167288.run(Script1621697167288.groovy:35)
	... 13 more
)
[[ATTACHMENT|C:\\Users\\tanth\\git\\katalon\\Reports\\20210528_213632\\Run all test cases\\20210528_213632\\1622215052312.png]]]]></system-out>
         <system-err><![CDATA[2021-05-28 22:16:42 - [TEST_CASE][FAILED] - Test Cases/SearchInChannelWithMentionText: Test Cases/SearchInChannelWithMentionText FAILED.
Reason:
com.kms.katalon.core.exception.StepFailedException: Unable to click on object 'Object Repository/Page_Town Square - TOKEN_UPDATED Mattermost/span_Test'
	at com.kms.katalon.core.webui.keyword.internal.WebUIKeywordMain.stepFailed(WebUIKeywordMain.groovy:64)
	at com.kms.katalon.core.webui.keyword.internal.WebUIKeywordMain.runKeyword(WebUIKeywordMain.groovy:26)
	at com.kms.katalon.core.webui.keyword.builtin.ClickKeyword.click(ClickKeyword.groovy:75)
	at com.kms.katalon.core.webui.keyword.builtin.ClickKeyword.execute(ClickKeyword.groovy:42)
	at com.kms.katalon.core.keyword.internal.KeywordExecutor.executeKeywordForPlatform(KeywordExecutor.groovy:73)
	at com.kms.katalon.core.webui.keyword.WebUiBuiltInKeywords.click(WebUiBuiltInKeywords.groovy:619)
	at com.kms.katalon.core.webui.keyword.WebUiBuiltInKeywords$click$4.call(Unknown Source)
	at SearchInChannelWithMentionText.run(SearchInChannelWithMentionText:35)
	at com.kms.katalon.core.main.ScriptEngine.run(ScriptEngine.java:194)
	at com.kms.katalon.core.main.ScriptEngine.runScriptAsRawText(ScriptEngine.java:119)
	at com.kms.katalon.core.main.TestCaseExecutor.runScript(TestCaseExecutor.java:398)
	at com.kms.katalon.core.main.TestCaseExecutor.doExecute(TestCaseExecutor.java:389)
	at com.kms.katalon.core.main.TestCaseExecutor.processExecutionPhase(TestCaseExecutor.java:368)
	at com.kms.katalon.core.main.TestCaseExecutor.accessMainPhase(TestCaseExecutor.java:360)
	at com.kms.katalon.core.main.TestCaseExecutor.execute(TestCaseExecutor.java:255)
	at com.kms.katalon.core.main.TestSuiteExecutor.accessTestCaseMainPhase(TestSuiteExecutor.java:203)
	at com.kms.katalon.core.main.TestSuiteExecutor.accessTestSuiteMainPhase(TestSuiteExecutor.java:152)
	at com.kms.katalon.core.main.TestSuiteExecutor.execute(TestSuiteExecutor.java:95)
	at com.kms.katalon.core.main.TestCaseMain.startTestSuite(TestCaseMain.java:157)
	at com.kms.katalon.core.main.TestCaseMain$startTestSuite$0.call(Unknown Source)
	at TempTestSuite1622212592997.run(TempTestSuite1622212592997.groovy:39)
Caused by: org.openqa.selenium.ElementClickInterceptedException: element click intercepted: Element <span class="status ">...</span> is not clickable at point (23, 523). Other element would receive the click: <div style="position: absolute; height: 6px; transition: opacity 500ms ease 0s; opacity: 0; right: 2px; bottom: 2px; left: 2px; border-radius: 3px;">...</div>
  (Session info: chrome=90.0.4430.212)
Build info: version: '3.141.59', revision: 'e82be7d358', time: '2018-11-14T08:25:53'
System info: host: 'DESKTOP-0HE72I0', ip: '192.168.243.2', os.name: 'Windows 10', os.arch: 'amd64', os.version: '10.0', java.version: '1.8.0_282'
Driver info: com.kms.katalon.selenium.driver.CChromeDriver
Capabilities {acceptInsecureCerts: false, browserName: chrome, browserVersion: 90.0.4430.212, chrome: {chromedriverVersion: 90.0.4430.24 (4c6d850f087da..., userDataDir: C:\Users\tanth\AppData\Loca...}, goog:chromeOptions: {debuggerAddress: localhost:59225}, javascriptEnabled: true, networkConnectionEnabled: false, pageLoadStrategy: normal, platform: WINDOWS, platformName: WINDOWS, proxy: Proxy(), setWindowRect: true, strictFileInteractability: false, timeouts: {implicit: 0, pageLoad: 300000, script: 30000}, unhandledPromptBehavior: dismiss and notify, webauthn:extension:largeBlob: true, webauthn:virtualAuthenticators: true}
Session ID: 69dad5265bdcf1164a8d192ad4c806c5
	at org.openqa.selenium.remote.http.W3CHttpResponseCodec.createException(W3CHttpResponseCodec.java:187)
	at org.openqa.selenium.remote.http.W3CHttpResponseCodec.decode(W3CHttpResponseCodec.java:122)
	at org.openqa.selenium.remote.http.W3CHttpResponseCodec.decode(W3CHttpResponseCodec.java:49)
	at org.openqa.selenium.remote.HttpCommandExecutor.execute(HttpCommandExecutor.java:158)
	at org.openqa.selenium.remote.service.DriverCommandExecutor.execute(DriverCommandExecutor.java:83)
	at org.openqa.selenium.remote.RemoteWebDriver.execute(RemoteWebDriver.java:552)
	at com.kms.katalon.selenium.driver.CChromeDriver.execute(CChromeDriver.java:19)
	at org.openqa.selenium.remote.RemoteWebElement.execute(RemoteWebElement.java:285)
	at org.openqa.selenium.remote.RemoteWebElement.click(RemoteWebElement.java:84)
	at org.openqa.selenium.support.events.EventFiringWebDriver$EventFiringWebElement.lambda$new$0(EventFiringWebDriver.java:404)
	at com.sun.proxy.$Proxy11.click(Unknown Source)
	at org.openqa.selenium.support.events.EventFiringWebDriver$EventFiringWebElement.click(EventFiringWebDriver.java:417)
	at com.kms.katalon.core.webui.keyword.builtin.ClickKeyword$_click_closure1.doCall(ClickKeyword.groovy:68)
	at com.kms.katalon.core.webui.keyword.builtin.ClickKeyword$_click_closure1.call(ClickKeyword.groovy)
	at com.kms.katalon.core.webui.keyword.internal.WebUIKeywordMain.runKeyword(WebUIKeywordMain.groovy:20)
	... 19 more]]></system-err>
      </testcase>
      <testcase name="Test Cases/SearchInChannelWithNormalText" time="47.041" classname="Test Cases/SearchInChannelWithNormalText" status="FAILED">
         <failure type="FAILED" message="Test Cases/SearchInChannelWithNormalText FAILED.
Reason:
com.kms.katalon.core.exception.StepFailedException: Unable to click on object 'Object Repository/Page_Town Square - TOKEN_UPDATED Mattermost/span_Test'
	at com.kms.katalon.core.webui.keyword.internal.WebUIKeywordMain.stepFailed(WebUIKeywordMain.groovy:64)
	at com.kms.katalon.core.webui.keyword.internal.WebUIKeywordMain.runKeyword(WebUIKeywordMain.groovy:26)
	at com.kms.katalon.core.webui.keyword.builtin.ClickKeyword.click(ClickKeyword.groovy:75)
	at com.kms.katalon.core.webui.keyword.builtin.ClickKeyword.execute(ClickKeyword.groovy:42)
	at com.kms.katalon.core.keyword.internal.KeywordExecutor.executeKeywordForPlatform(KeywordExecutor.groovy:73)
	at com.kms.katalon.core.webui.keyword.WebUiBuiltInKeywords.click(WebUiBuiltInKeywords.groovy:619)
	at com.kms.katalon.core.webui.keyword.WebUiBuiltInKeywords$click$4.call(Unknown Source)
	at SearchInChannelWithNormalText.run(SearchInChannelWithNormalText:35)
	at com.kms.katalon.core.main.ScriptEngine.run(ScriptEngine.java:194)
	at com.kms.katalon.core.main.ScriptEngine.runScriptAsRawText(ScriptEngine.java:119)
	at com.kms.katalon.core.main.TestCaseExecutor.runScript(TestCaseExecutor.java:398)
	at com.kms.katalon.core.main.TestCaseExecutor.doExecute(TestCaseExecutor.java:389)
	at com.kms.katalon.core.main.TestCaseExecutor.processExecutionPhase(TestCaseExecutor.java:368)
	at com.kms.katalon.core.main.TestCaseExecutor.accessMainPhase(TestCaseExecutor.java:360)
	at com.kms.katalon.core.main.TestCaseExecutor.execute(TestCaseExecutor.java:255)
	at com.kms.katalon.core.main.TestSuiteExecutor.accessTestCaseMainPhase(TestSuiteExecutor.java:203)
	at com.kms.katalon.core.main.TestSuiteExecutor.accessTestSuiteMainPhase(TestSuiteExecutor.java:152)
	at com.kms.katalon.core.main.TestSuiteExecutor.execute(TestSuiteExecutor.java:95)
	at com.kms.katalon.core.main.TestCaseMain.startTestSuite(TestCaseMain.java:157)
	at com.kms.katalon.core.main.TestCaseMain$startTestSuite$0.call(Unknown Source)
	at TempTestSuite1622212592997.run(TempTestSuite1622212592997.groovy:39)
Caused by: org.openqa.selenium.ElementClickInterceptedException: element click intercepted: Element &lt;span class=&quot;status &quot;>...&lt;/span> is not clickable at point (23, 523). Other element would receive the click: &lt;div style=&quot;position: absolute; height: 6px; transition: opacity 500ms ease 0s; opacity: 0; right: 2px; bottom: 2px; left: 2px; border-radius: 3px;&quot;>...&lt;/div>
  (Session info: chrome=90.0.4430.212)
Build info: version: '3.141.59', revision: 'e82be7d358', time: '2018-11-14T08:25:53'
System info: host: 'DESKTOP-0HE72I0', ip: '192.168.243.2', os.name: 'Windows 10', os.arch: 'amd64', os.version: '10.0', java.version: '1.8.0_282'
Driver info: com.kms.katalon.selenium.driver.CChromeDriver
Capabilities {acceptInsecureCerts: false, browserName: chrome, browserVersion: 90.0.4430.212, chrome: {chromedriverVersion: 90.0.4430.24 (4c6d850f087da..., userDataDir: C:\Users\tanth\AppData\Loca...}, goog:chromeOptions: {debuggerAddress: localhost:59272}, javascriptEnabled: true, networkConnectionEnabled: false, pageLoadStrategy: normal, platform: WINDOWS, platformName: WINDOWS, proxy: Proxy(), setWindowRect: true, strictFileInteractability: false, timeouts: {implicit: 0, pageLoad: 300000, script: 30000}, unhandledPromptBehavior: dismiss and notify, webauthn:extension:largeBlob: true, webauthn:virtualAuthenticators: true}
Session ID: 2e4afcab83aede04e4b1a66eb5de24bf
	at org.openqa.selenium.remote.http.W3CHttpResponseCodec.createException(W3CHttpResponseCodec.java:187)
	at org.openqa.selenium.remote.http.W3CHttpResponseCodec.decode(W3CHttpResponseCodec.java:122)
	at org.openqa.selenium.remote.http.W3CHttpResponseCodec.decode(W3CHttpResponseCodec.java:49)
	at org.openqa.selenium.remote.HttpCommandExecutor.execute(HttpCommandExecutor.java:158)
	at org.openqa.selenium.remote.service.DriverCommandExecutor.execute(DriverCommandExecutor.java:83)
	at org.openqa.selenium.remote.RemoteWebDriver.execute(RemoteWebDriver.java:552)
	at com.kms.katalon.selenium.driver.CChromeDriver.execute(CChromeDriver.java:19)
	at org.openqa.selenium.remote.RemoteWebElement.execute(RemoteWebElement.java:285)
	at org.openqa.selenium.remote.RemoteWebElement.click(RemoteWebElement.java:84)
	at org.openqa.selenium.support.events.EventFiringWebDriver$EventFiringWebElement.lambda$new$0(EventFiringWebDriver.java:404)
	at com.sun.proxy.$Proxy11.click(Unknown Source)
	at org.openqa.selenium.support.events.EventFiringWebDriver$EventFiringWebElement.click(EventFiringWebDriver.java:417)
	at com.kms.katalon.core.webui.keyword.builtin.ClickKeyword$_click_closure1.doCall(ClickKeyword.groovy:68)
	at com.kms.katalon.core.webui.keyword.builtin.ClickKeyword$_click_closure1.call(ClickKeyword.groovy)
	at com.kms.katalon.core.webui.keyword.internal.WebUIKeywordMain.runKeyword(WebUIKeywordMain.groovy:20)
	... 19 more
"/>
         <system-out><![CDATA[2021-05-28 22:17:32 - [TEST_CASE][FAILED] - Test Cases/SearchInChannelWithNormalText: Test Cases/SearchInChannelWithNormalText FAILED.
Reason:
com.kms.katalon.core.exception.StepFailedException: Unable to click on object 'Object Repository/Page_Town Square - TOKEN_UPDATED Mattermost/span_Test'
	at com.kms.katalon.core.webui.keyword.internal.WebUIKeywordMain.stepFailed(WebUIKeywordMain.groovy:64)
	at com.kms.katalon.core.webui.keyword.internal.WebUIKeywordMain.runKeyword(WebUIKeywordMain.groovy:26)
	at com.kms.katalon.core.webui.keyword.builtin.ClickKeyword.click(ClickKeyword.groovy:75)
	at com.kms.katalon.core.webui.keyword.builtin.ClickKeyword.execute(ClickKeyword.groovy:42)
	at com.kms.katalon.core.keyword.internal.KeywordExecutor.executeKeywordForPlatform(KeywordExecutor.groovy:73)
	at com.kms.katalon.core.webui.keyword.WebUiBuiltInKeywords.click(WebUiBuiltInKeywords.groovy:619)
	at com.kms.katalon.core.webui.keyword.WebUiBuiltInKeywords$click$4.call(Unknown Source)
	at SearchInChannelWithNormalText.run(SearchInChannelWithNormalText:35)
	at com.kms.katalon.core.main.ScriptEngine.run(ScriptEngine.java:194)
	at com.kms.katalon.core.main.ScriptEngine.runScriptAsRawText(ScriptEngine.java:119)
	at com.kms.katalon.core.main.TestCaseExecutor.runScript(TestCaseExecutor.java:398)
	at com.kms.katalon.core.main.TestCaseExecutor.doExecute(TestCaseExecutor.java:389)
	at com.kms.katalon.core.main.TestCaseExecutor.processExecutionPhase(TestCaseExecutor.java:368)
	at com.kms.katalon.core.main.TestCaseExecutor.accessMainPhase(TestCaseExecutor.java:360)
	at com.kms.katalon.core.main.TestCaseExecutor.execute(TestCaseExecutor.java:255)
	at com.kms.katalon.core.main.TestSuiteExecutor.accessTestCaseMainPhase(TestSuiteExecutor.java:203)
	at com.kms.katalon.core.main.TestSuiteExecutor.accessTestSuiteMainPhase(TestSuiteExecutor.java:152)
	at com.kms.katalon.core.main.TestSuiteExecutor.execute(TestSuiteExecutor.java:95)
	at com.kms.katalon.core.main.TestCaseMain.startTestSuite(TestCaseMain.java:157)
	at com.kms.katalon.core.main.TestCaseMain$startTestSuite$0.call(Unknown Source)
	at TempTestSuite1622212592997.run(TempTestSuite1622212592997.groovy:39)
Caused by: org.openqa.selenium.ElementClickInterceptedException: element click intercepted: Element <span class="status ">...</span> is not clickable at point (23, 523). Other element would receive the click: <div style="position: absolute; height: 6px; transition: opacity 500ms ease 0s; opacity: 0; right: 2px; bottom: 2px; left: 2px; border-radius: 3px;">...</div>
  (Session info: chrome=90.0.4430.212)
Build info: version: '3.141.59', revision: 'e82be7d358', time: '2018-11-14T08:25:53'
System info: host: 'DESKTOP-0HE72I0', ip: '192.168.243.2', os.name: 'Windows 10', os.arch: 'amd64', os.version: '10.0', java.version: '1.8.0_282'
Driver info: com.kms.katalon.selenium.driver.CChromeDriver
Capabilities {acceptInsecureCerts: false, browserName: chrome, browserVersion: 90.0.4430.212, chrome: {chromedriverVersion: 90.0.4430.24 (4c6d850f087da..., userDataDir: C:\Users\tanth\AppData\Loca...}, goog:chromeOptions: {debuggerAddress: localhost:59272}, javascriptEnabled: true, networkConnectionEnabled: false, pageLoadStrategy: normal, platform: WINDOWS, platformName: WINDOWS, proxy: Proxy(), setWindowRect: true, strictFileInteractability: false, timeouts: {implicit: 0, pageLoad: 300000, script: 30000}, unhandledPromptBehavior: dismiss and notify, webauthn:extension:largeBlob: true, webauthn:virtualAuthenticators: true}
Session ID: 2e4afcab83aede04e4b1a66eb5de24bf
	at org.openqa.selenium.remote.http.W3CHttpResponseCodec.createException(W3CHttpResponseCodec.java:187)
	at org.openqa.selenium.remote.http.W3CHttpResponseCodec.decode(W3CHttpResponseCodec.java:122)
	at org.openqa.selenium.remote.http.W3CHttpResponseCodec.decode(W3CHttpResponseCodec.java:49)
	at org.openqa.selenium.remote.HttpCommandExecutor.execute(HttpCommandExecutor.java:158)
	at org.openqa.selenium.remote.service.DriverCommandExecutor.execute(DriverCommandExecutor.java:83)
	at org.openqa.selenium.remote.RemoteWebDriver.execute(RemoteWebDriver.java:552)
	at com.kms.katalon.selenium.driver.CChromeDriver.execute(CChromeDriver.java:19)
	at org.openqa.selenium.remote.RemoteWebElement.execute(RemoteWebElement.java:285)
	at org.openqa.selenium.remote.RemoteWebElement.click(RemoteWebElement.java:84)
	at org.openqa.selenium.support.events.EventFiringWebDriver$EventFiringWebElement.lambda$new$0(EventFiringWebDriver.java:404)
	at com.sun.proxy.$Proxy11.click(Unknown Source)
	at org.openqa.selenium.support.events.EventFiringWebDriver$EventFiringWebElement.click(EventFiringWebDriver.java:417)
	at com.kms.katalon.core.webui.keyword.builtin.ClickKeyword$_click_closure1.doCall(ClickKeyword.groovy:68)
	at com.kms.katalon.core.webui.keyword.builtin.ClickKeyword$_click_closure1.call(ClickKeyword.groovy)
	at com.kms.katalon.core.webui.keyword.internal.WebUIKeywordMain.runKeyword(WebUIKeywordMain.groovy:20)
	... 19 more


2021-05-28 22:17:33 - [TEST_STEP][PASSED] - openBrowser(""): Browser is opened with url: ''

2021-05-28 22:17:33 - [MESSAGE][WARNING] - A browser is already opened. Closing browser and opening a new one

2021-05-28 22:17:34 - [MESSAGE][INFO] - Starting 'Chrome' driver

2021-05-28 22:17:34 - [MESSAGE][INFO] - Action delay is set to 0 milliseconds

2021-05-28 22:17:35 - [MESSAGE][PASSED] - Browser is opened with url: ''

2021-05-28 22:17:35 - [TEST_STEP][PASSED] - navigateToUrl("https://cdnc-group2.herokuapp.com/"): Navigate to 'https://cdnc-group2.herokuapp.com/' successfully

2021-05-28 22:17:40 - [MESSAGE][PASSED] - Navigate to 'https://cdnc-group2.herokuapp.com/' successfully

2021-05-28 22:17:40 - [TEST_STEP][PASSED] - setText(findTestObject("Object Repository/Page_Mattermost/input_All team communication in one place, _dcc84b"), "ngoctin040999@gmail.com"): Text 'ngoctin040999@gmail.com' is set on object 'Object Repository/Page_Mattermost/input_All team communication in one place, _dcc84b'

2021-05-28 22:17:44 - [MESSAGE][PASSED] - Text 'ngoctin040999@gmail.com' is set on object 'Object Repository/Page_Mattermost/input_All team communication in one place, _dcc84b'

2021-05-28 22:17:44 - [TEST_STEP][PASSED] - setEncryptedText(findTestObject("Object Repository/Page_Mattermost/input_All team communication in one place, _a3edc6"), "S8w1SJvl7D1hts9IdMV+NQ=="): Text ****** has been set on object 'Object Repository/Page_Mattermost/input_All team communication in one place, _a3edc6'

2021-05-28 22:17:45 - [MESSAGE][PASSED] - Text ****** has been set on object 'Object Repository/Page_Mattermost/input_All team communication in one place, _a3edc6'

2021-05-28 22:17:45 - [TEST_STEP][PASSED] - click(findTestObject("Object Repository/Page_Mattermost/span_Sign in")): Object: 'Object Repository/Page_Mattermost/span_Sign in' is clicked on

2021-05-28 22:17:45 - [MESSAGE][PASSED] - Object: 'Object Repository/Page_Mattermost/span_Sign in' is clicked on

2021-05-28 22:17:45 - [TEST_STEP][PASSED] - if (findTestObject("Object Repository/Page_Town Square - TOKEN_UPDATED Mattermost/span_Test") == null): null

2021-05-28 22:17:46 - [TEST_STEP][FAILED] - click(findTestObject("Object Repository/Page_Town Square - TOKEN_UPDATED Mattermost/span_Test")): Unable to click on object 'Object Repository/Page_Town Square - TOKEN_UPDATED Mattermost/span_Test' (Root cause: com.kms.katalon.core.exception.StepFailedException: Unable to click on object 'Object Repository/Page_Town Square - TOKEN_UPDATED Mattermost/span_Test'
	at com.kms.katalon.core.webui.keyword.internal.WebUIKeywordMain.stepFailed(WebUIKeywordMain.groovy:64)
	at com.kms.katalon.core.webui.keyword.internal.WebUIKeywordMain.runKeyword(WebUIKeywordMain.groovy:26)
	at com.kms.katalon.core.webui.keyword.builtin.ClickKeyword.click(ClickKeyword.groovy:75)
	at com.kms.katalon.core.webui.keyword.builtin.ClickKeyword.execute(ClickKeyword.groovy:42)
	at com.kms.katalon.core.keyword.internal.KeywordExecutor.executeKeywordForPlatform(KeywordExecutor.groovy:73)
	at com.kms.katalon.core.webui.keyword.WebUiBuiltInKeywords.click(WebUiBuiltInKeywords.groovy:619)
	at com.kms.katalon.core.webui.keyword.WebUiBuiltInKeywords$click$4.call(Unknown Source)
	at SearchInChannelWithNormalText.run(SearchInChannelWithNormalText:35)
	at com.kms.katalon.core.main.ScriptEngine.run(ScriptEngine.java:194)
	at com.kms.katalon.core.main.ScriptEngine.runScriptAsRawText(ScriptEngine.java:119)
	at com.kms.katalon.core.main.TestCaseExecutor.runScript(TestCaseExecutor.java:398)
	at com.kms.katalon.core.main.TestCaseExecutor.doExecute(TestCaseExecutor.java:389)
	at com.kms.katalon.core.main.TestCaseExecutor.processExecutionPhase(TestCaseExecutor.java:368)
	at com.kms.katalon.core.main.TestCaseExecutor.accessMainPhase(TestCaseExecutor.java:360)
	at com.kms.katalon.core.main.TestCaseExecutor.execute(TestCaseExecutor.java:255)
	at com.kms.katalon.core.main.TestSuiteExecutor.accessTestCaseMainPhase(TestSuiteExecutor.java:203)
	at com.kms.katalon.core.main.TestSuiteExecutor.accessTestSuiteMainPhase(TestSuiteExecutor.java:152)
	at com.kms.katalon.core.main.TestSuiteExecutor.execute(TestSuiteExecutor.java:95)
	at com.kms.katalon.core.main.TestCaseMain.startTestSuite(TestCaseMain.java:157)
	at com.kms.katalon.core.main.TestCaseMain$startTestSuite$0.call(Unknown Source)
	at TempTestSuite1622212592997.run(TempTestSuite1622212592997.groovy:39)
Caused by: org.openqa.selenium.ElementClickInterceptedException: element click intercepted: Element <span class="status ">...</span> is not clickable at point (23, 523). Other element would receive the click: <div style="position: absolute; height: 6px; transition: opacity 500ms ease 0s; opacity: 0; right: 2px; bottom: 2px; left: 2px; border-radius: 3px;">...</div>
  (Session info: chrome=90.0.4430.212)
Build info: version: '3.141.59', revision: 'e82be7d358', time: '2018-11-14T08:25:53'
System info: host: 'DESKTOP-0HE72I0', ip: '192.168.243.2', os.name: 'Windows 10', os.arch: 'amd64', os.version: '10.0', java.version: '1.8.0_282'
Driver info: com.kms.katalon.selenium.driver.CChromeDriver
Capabilities {acceptInsecureCerts: false, browserName: chrome, browserVersion: 90.0.4430.212, chrome: {chromedriverVersion: 90.0.4430.24 (4c6d850f087da..., userDataDir: C:\Users\tanth\AppData\Loca...}, goog:chromeOptions: {debuggerAddress: localhost:59272}, javascriptEnabled: true, networkConnectionEnabled: false, pageLoadStrategy: normal, platform: WINDOWS, platformName: WINDOWS, proxy: Proxy(), setWindowRect: true, strictFileInteractability: false, timeouts: {implicit: 0, pageLoad: 300000, script: 30000}, unhandledPromptBehavior: dismiss and notify, webauthn:extension:largeBlob: true, webauthn:virtualAuthenticators: true}
Session ID: 2e4afcab83aede04e4b1a66eb5de24bf
	at org.openqa.selenium.remote.http.W3CHttpResponseCodec.createException(W3CHttpResponseCodec.java:187)
	at org.openqa.selenium.remote.http.W3CHttpResponseCodec.decode(W3CHttpResponseCodec.java:122)
	at org.openqa.selenium.remote.http.W3CHttpResponseCodec.decode(W3CHttpResponseCodec.java:49)
	at org.openqa.selenium.remote.HttpCommandExecutor.execute(HttpCommandExecutor.java:158)
	at org.openqa.selenium.remote.service.DriverCommandExecutor.execute(DriverCommandExecutor.java:83)
	at org.openqa.selenium.remote.RemoteWebDriver.execute(RemoteWebDriver.java:552)
	at com.kms.katalon.selenium.driver.CChromeDriver.execute(CChromeDriver.java:19)
	at org.openqa.selenium.remote.RemoteWebElement.execute(RemoteWebElement.java:285)
	at org.openqa.selenium.remote.RemoteWebElement.click(RemoteWebElement.java:84)
	at org.openqa.selenium.support.events.EventFiringWebDriver$EventFiringWebElement.lambda$new$0(EventFiringWebDriver.java:404)
	at com.sun.proxy.$Proxy11.click(Unknown Source)
	at org.openqa.selenium.support.events.EventFiringWebDriver$EventFiringWebElement.click(EventFiringWebDriver.java:417)
	at com.kms.katalon.core.webui.keyword.builtin.ClickKeyword$_click_closure1.doCall(ClickKeyword.groovy:68)
	at com.kms.katalon.core.webui.keyword.builtin.ClickKeyword$_click_closure1.call(ClickKeyword.groovy)
	at com.kms.katalon.core.webui.keyword.internal.WebUIKeywordMain.runKeyword(WebUIKeywordMain.groovy:20)
	at com.kms.katalon.core.webui.keyword.builtin.ClickKeyword.click(ClickKeyword.groovy:75)
	at com.kms.katalon.core.webui.keyword.builtin.ClickKeyword.execute(ClickKeyword.groovy:42)
	at com.kms.katalon.core.keyword.internal.KeywordExecutor.executeKeywordForPlatform(KeywordExecutor.groovy:73)
	at com.kms.katalon.core.webui.keyword.WebUiBuiltInKeywords.click(WebUiBuiltInKeywords.groovy:619)
	at com.kms.katalon.core.webui.keyword.WebUiBuiltInKeywords$click$4.call(Unknown Source)
	at Script1621693415004.run(Script1621693415004.groovy:35)
	... 13 more
)

2021-05-28 22:18:17 - [MESSAGE][INFO] - Unable to find the element located by 'By.xpath: //a[@id='sidebarItem_test']/span[2]/span'. Please recheck the objects properties to make sure the desired element is located. 

2021-05-28 22:18:17 - [MESSAGE][WARNING] - [SELF-HEALING] Failed to find element with id 'Object Repository/Page_Town Square - TOKEN_UPDATED Mattermost/span_Test'. Try using Self-healing.

2021-05-28 22:18:17 - [MESSAGE][WARNING] - [SELF-HEALING] The current locator of test object 'Object Repository/Page_Town Square - TOKEN_UPDATED Mattermost/span_Test' was broken. Propose an alternative one: '(.//*[normalize-space(text()) and normalize-space(.)='+'])[2]/following::span[3]'.

2021-05-28 22:18:19 - [MESSAGE][FAILED] - Unable to click on object 'Object Repository/Page_Town Square - TOKEN_UPDATED Mattermost/span_Test' (Root cause: com.kms.katalon.core.exception.StepFailedException: Unable to click on object 'Object Repository/Page_Town Square - TOKEN_UPDATED Mattermost/span_Test'
	at com.kms.katalon.core.webui.keyword.internal.WebUIKeywordMain.stepFailed(WebUIKeywordMain.groovy:64)
	at com.kms.katalon.core.webui.keyword.internal.WebUIKeywordMain.runKeyword(WebUIKeywordMain.groovy:26)
	at com.kms.katalon.core.webui.keyword.builtin.ClickKeyword.click(ClickKeyword.groovy:75)
	at com.kms.katalon.core.webui.keyword.builtin.ClickKeyword.execute(ClickKeyword.groovy:42)
	at com.kms.katalon.core.keyword.internal.KeywordExecutor.executeKeywordForPlatform(KeywordExecutor.groovy:73)
	at com.kms.katalon.core.webui.keyword.WebUiBuiltInKeywords.click(WebUiBuiltInKeywords.groovy:619)
	at com.kms.katalon.core.webui.keyword.WebUiBuiltInKeywords$click$4.call(Unknown Source)
	at SearchInChannelWithNormalText.run(SearchInChannelWithNormalText:35)
	at com.kms.katalon.core.main.ScriptEngine.run(ScriptEngine.java:194)
	at com.kms.katalon.core.main.ScriptEngine.runScriptAsRawText(ScriptEngine.java:119)
	at com.kms.katalon.core.main.TestCaseExecutor.runScript(TestCaseExecutor.java:398)
	at com.kms.katalon.core.main.TestCaseExecutor.doExecute(TestCaseExecutor.java:389)
	at com.kms.katalon.core.main.TestCaseExecutor.processExecutionPhase(TestCaseExecutor.java:368)
	at com.kms.katalon.core.main.TestCaseExecutor.accessMainPhase(TestCaseExecutor.java:360)
	at com.kms.katalon.core.main.TestCaseExecutor.execute(TestCaseExecutor.java:255)
	at com.kms.katalon.core.main.TestSuiteExecutor.accessTestCaseMainPhase(TestSuiteExecutor.java:203)
	at com.kms.katalon.core.main.TestSuiteExecutor.accessTestSuiteMainPhase(TestSuiteExecutor.java:152)
	at com.kms.katalon.core.main.TestSuiteExecutor.execute(TestSuiteExecutor.java:95)
	at com.kms.katalon.core.main.TestCaseMain.startTestSuite(TestCaseMain.java:157)
	at com.kms.katalon.core.main.TestCaseMain$startTestSuite$0.call(Unknown Source)
	at TempTestSuite1622212592997.run(TempTestSuite1622212592997.groovy:39)
Caused by: org.openqa.selenium.ElementClickInterceptedException: element click intercepted: Element <span class="status ">...</span> is not clickable at point (23, 523). Other element would receive the click: <div style="position: absolute; height: 6px; transition: opacity 500ms ease 0s; opacity: 0; right: 2px; bottom: 2px; left: 2px; border-radius: 3px;">...</div>
  (Session info: chrome=90.0.4430.212)
Build info: version: '3.141.59', revision: 'e82be7d358', time: '2018-11-14T08:25:53'
System info: host: 'DESKTOP-0HE72I0', ip: '192.168.243.2', os.name: 'Windows 10', os.arch: 'amd64', os.version: '10.0', java.version: '1.8.0_282'
Driver info: com.kms.katalon.selenium.driver.CChromeDriver
Capabilities {acceptInsecureCerts: false, browserName: chrome, browserVersion: 90.0.4430.212, chrome: {chromedriverVersion: 90.0.4430.24 (4c6d850f087da..., userDataDir: C:\Users\tanth\AppData\Loca...}, goog:chromeOptions: {debuggerAddress: localhost:59272}, javascriptEnabled: true, networkConnectionEnabled: false, pageLoadStrategy: normal, platform: WINDOWS, platformName: WINDOWS, proxy: Proxy(), setWindowRect: true, strictFileInteractability: false, timeouts: {implicit: 0, pageLoad: 300000, script: 30000}, unhandledPromptBehavior: dismiss and notify, webauthn:extension:largeBlob: true, webauthn:virtualAuthenticators: true}
Session ID: 2e4afcab83aede04e4b1a66eb5de24bf
	at org.openqa.selenium.remote.http.W3CHttpResponseCodec.createException(W3CHttpResponseCodec.java:187)
	at org.openqa.selenium.remote.http.W3CHttpResponseCodec.decode(W3CHttpResponseCodec.java:122)
	at org.openqa.selenium.remote.http.W3CHttpResponseCodec.decode(W3CHttpResponseCodec.java:49)
	at org.openqa.selenium.remote.HttpCommandExecutor.execute(HttpCommandExecutor.java:158)
	at org.openqa.selenium.remote.service.DriverCommandExecutor.execute(DriverCommandExecutor.java:83)
	at org.openqa.selenium.remote.RemoteWebDriver.execute(RemoteWebDriver.java:552)
	at com.kms.katalon.selenium.driver.CChromeDriver.execute(CChromeDriver.java:19)
	at org.openqa.selenium.remote.RemoteWebElement.execute(RemoteWebElement.java:285)
	at org.openqa.selenium.remote.RemoteWebElement.click(RemoteWebElement.java:84)
	at org.openqa.selenium.support.events.EventFiringWebDriver$EventFiringWebElement.lambda$new$0(EventFiringWebDriver.java:404)
	at com.sun.proxy.$Proxy11.click(Unknown Source)
	at org.openqa.selenium.support.events.EventFiringWebDriver$EventFiringWebElement.click(EventFiringWebDriver.java:417)
	at com.kms.katalon.core.webui.keyword.builtin.ClickKeyword$_click_closure1.doCall(ClickKeyword.groovy:68)
	at com.kms.katalon.core.webui.keyword.builtin.ClickKeyword$_click_closure1.call(ClickKeyword.groovy)
	at com.kms.katalon.core.webui.keyword.internal.WebUIKeywordMain.runKeyword(WebUIKeywordMain.groovy:20)
	at com.kms.katalon.core.webui.keyword.builtin.ClickKeyword.click(ClickKeyword.groovy:75)
	at com.kms.katalon.core.webui.keyword.builtin.ClickKeyword.execute(ClickKeyword.groovy:42)
	at com.kms.katalon.core.keyword.internal.KeywordExecutor.executeKeywordForPlatform(KeywordExecutor.groovy:73)
	at com.kms.katalon.core.webui.keyword.WebUiBuiltInKeywords.click(WebUiBuiltInKeywords.groovy:619)
	at com.kms.katalon.core.webui.keyword.WebUiBuiltInKeywords$click$4.call(Unknown Source)
	at Script1621693415004.run(Script1621693415004.groovy:35)
	... 13 more
)
[[ATTACHMENT|C:\\Users\\tanth\\git\\katalon\\Reports\\20210528_213632\\Run all test cases\\20210528_213632\\1622215098992.png]]]]></system-out>
         <system-err><![CDATA[2021-05-28 22:17:32 - [TEST_CASE][FAILED] - Test Cases/SearchInChannelWithNormalText: Test Cases/SearchInChannelWithNormalText FAILED.
Reason:
com.kms.katalon.core.exception.StepFailedException: Unable to click on object 'Object Repository/Page_Town Square - TOKEN_UPDATED Mattermost/span_Test'
	at com.kms.katalon.core.webui.keyword.internal.WebUIKeywordMain.stepFailed(WebUIKeywordMain.groovy:64)
	at com.kms.katalon.core.webui.keyword.internal.WebUIKeywordMain.runKeyword(WebUIKeywordMain.groovy:26)
	at com.kms.katalon.core.webui.keyword.builtin.ClickKeyword.click(ClickKeyword.groovy:75)
	at com.kms.katalon.core.webui.keyword.builtin.ClickKeyword.execute(ClickKeyword.groovy:42)
	at com.kms.katalon.core.keyword.internal.KeywordExecutor.executeKeywordForPlatform(KeywordExecutor.groovy:73)
	at com.kms.katalon.core.webui.keyword.WebUiBuiltInKeywords.click(WebUiBuiltInKeywords.groovy:619)
	at com.kms.katalon.core.webui.keyword.WebUiBuiltInKeywords$click$4.call(Unknown Source)
	at SearchInChannelWithNormalText.run(SearchInChannelWithNormalText:35)
	at com.kms.katalon.core.main.ScriptEngine.run(ScriptEngine.java:194)
	at com.kms.katalon.core.main.ScriptEngine.runScriptAsRawText(ScriptEngine.java:119)
	at com.kms.katalon.core.main.TestCaseExecutor.runScript(TestCaseExecutor.java:398)
	at com.kms.katalon.core.main.TestCaseExecutor.doExecute(TestCaseExecutor.java:389)
	at com.kms.katalon.core.main.TestCaseExecutor.processExecutionPhase(TestCaseExecutor.java:368)
	at com.kms.katalon.core.main.TestCaseExecutor.accessMainPhase(TestCaseExecutor.java:360)
	at com.kms.katalon.core.main.TestCaseExecutor.execute(TestCaseExecutor.java:255)
	at com.kms.katalon.core.main.TestSuiteExecutor.accessTestCaseMainPhase(TestSuiteExecutor.java:203)
	at com.kms.katalon.core.main.TestSuiteExecutor.accessTestSuiteMainPhase(TestSuiteExecutor.java:152)
	at com.kms.katalon.core.main.TestSuiteExecutor.execute(TestSuiteExecutor.java:95)
	at com.kms.katalon.core.main.TestCaseMain.startTestSuite(TestCaseMain.java:157)
	at com.kms.katalon.core.main.TestCaseMain$startTestSuite$0.call(Unknown Source)
	at TempTestSuite1622212592997.run(TempTestSuite1622212592997.groovy:39)
Caused by: org.openqa.selenium.ElementClickInterceptedException: element click intercepted: Element <span class="status ">...</span> is not clickable at point (23, 523). Other element would receive the click: <div style="position: absolute; height: 6px; transition: opacity 500ms ease 0s; opacity: 0; right: 2px; bottom: 2px; left: 2px; border-radius: 3px;">...</div>
  (Session info: chrome=90.0.4430.212)
Build info: version: '3.141.59', revision: 'e82be7d358', time: '2018-11-14T08:25:53'
System info: host: 'DESKTOP-0HE72I0', ip: '192.168.243.2', os.name: 'Windows 10', os.arch: 'amd64', os.version: '10.0', java.version: '1.8.0_282'
Driver info: com.kms.katalon.selenium.driver.CChromeDriver
Capabilities {acceptInsecureCerts: false, browserName: chrome, browserVersion: 90.0.4430.212, chrome: {chromedriverVersion: 90.0.4430.24 (4c6d850f087da..., userDataDir: C:\Users\tanth\AppData\Loca...}, goog:chromeOptions: {debuggerAddress: localhost:59272}, javascriptEnabled: true, networkConnectionEnabled: false, pageLoadStrategy: normal, platform: WINDOWS, platformName: WINDOWS, proxy: Proxy(), setWindowRect: true, strictFileInteractability: false, timeouts: {implicit: 0, pageLoad: 300000, script: 30000}, unhandledPromptBehavior: dismiss and notify, webauthn:extension:largeBlob: true, webauthn:virtualAuthenticators: true}
Session ID: 2e4afcab83aede04e4b1a66eb5de24bf
	at org.openqa.selenium.remote.http.W3CHttpResponseCodec.createException(W3CHttpResponseCodec.java:187)
	at org.openqa.selenium.remote.http.W3CHttpResponseCodec.decode(W3CHttpResponseCodec.java:122)
	at org.openqa.selenium.remote.http.W3CHttpResponseCodec.decode(W3CHttpResponseCodec.java:49)
	at org.openqa.selenium.remote.HttpCommandExecutor.execute(HttpCommandExecutor.java:158)
	at org.openqa.selenium.remote.service.DriverCommandExecutor.execute(DriverCommandExecutor.java:83)
	at org.openqa.selenium.remote.RemoteWebDriver.execute(RemoteWebDriver.java:552)
	at com.kms.katalon.selenium.driver.CChromeDriver.execute(CChromeDriver.java:19)
	at org.openqa.selenium.remote.RemoteWebElement.execute(RemoteWebElement.java:285)
	at org.openqa.selenium.remote.RemoteWebElement.click(RemoteWebElement.java:84)
	at org.openqa.selenium.support.events.EventFiringWebDriver$EventFiringWebElement.lambda$new$0(EventFiringWebDriver.java:404)
	at com.sun.proxy.$Proxy11.click(Unknown Source)
	at org.openqa.selenium.support.events.EventFiringWebDriver$EventFiringWebElement.click(EventFiringWebDriver.java:417)
	at com.kms.katalon.core.webui.keyword.builtin.ClickKeyword$_click_closure1.doCall(ClickKeyword.groovy:68)
	at com.kms.katalon.core.webui.keyword.builtin.ClickKeyword$_click_closure1.call(ClickKeyword.groovy)
	at com.kms.katalon.core.webui.keyword.internal.WebUIKeywordMain.runKeyword(WebUIKeywordMain.groovy:20)
	... 19 more]]></system-err>
      </testcase>
      <testcase name="Test Cases/SearchInChannelWithSpecialChar" time="47.241" classname="Test Cases/SearchInChannelWithSpecialChar" status="FAILED">
         <failure type="FAILED" message="Test Cases/SearchInChannelWithSpecialChar FAILED.
Reason:
com.kms.katalon.core.exception.StepFailedException: Unable to click on object 'Object Repository/Page_Town Square - TOKEN_UPDATED Mattermost/span_Test'
	at com.kms.katalon.core.webui.keyword.internal.WebUIKeywordMain.stepFailed(WebUIKeywordMain.groovy:64)
	at com.kms.katalon.core.webui.keyword.internal.WebUIKeywordMain.runKeyword(WebUIKeywordMain.groovy:26)
	at com.kms.katalon.core.webui.keyword.builtin.ClickKeyword.click(ClickKeyword.groovy:75)
	at com.kms.katalon.core.webui.keyword.builtin.ClickKeyword.execute(ClickKeyword.groovy:42)
	at com.kms.katalon.core.keyword.internal.KeywordExecutor.executeKeywordForPlatform(KeywordExecutor.groovy:73)
	at com.kms.katalon.core.webui.keyword.WebUiBuiltInKeywords.click(WebUiBuiltInKeywords.groovy:619)
	at com.kms.katalon.core.webui.keyword.WebUiBuiltInKeywords$click$4.call(Unknown Source)
	at SearchInChannelWithSpecialChar.run(SearchInChannelWithSpecialChar:35)
	at com.kms.katalon.core.main.ScriptEngine.run(ScriptEngine.java:194)
	at com.kms.katalon.core.main.ScriptEngine.runScriptAsRawText(ScriptEngine.java:119)
	at com.kms.katalon.core.main.TestCaseExecutor.runScript(TestCaseExecutor.java:398)
	at com.kms.katalon.core.main.TestCaseExecutor.doExecute(TestCaseExecutor.java:389)
	at com.kms.katalon.core.main.TestCaseExecutor.processExecutionPhase(TestCaseExecutor.java:368)
	at com.kms.katalon.core.main.TestCaseExecutor.accessMainPhase(TestCaseExecutor.java:360)
	at com.kms.katalon.core.main.TestCaseExecutor.execute(TestCaseExecutor.java:255)
	at com.kms.katalon.core.main.TestSuiteExecutor.accessTestCaseMainPhase(TestSuiteExecutor.java:203)
	at com.kms.katalon.core.main.TestSuiteExecutor.accessTestSuiteMainPhase(TestSuiteExecutor.java:152)
	at com.kms.katalon.core.main.TestSuiteExecutor.execute(TestSuiteExecutor.java:95)
	at com.kms.katalon.core.main.TestCaseMain.startTestSuite(TestCaseMain.java:157)
	at com.kms.katalon.core.main.TestCaseMain$startTestSuite$0.call(Unknown Source)
	at TempTestSuite1622212592997.run(TempTestSuite1622212592997.groovy:39)
Caused by: org.openqa.selenium.ElementClickInterceptedException: element click intercepted: Element &lt;span class=&quot;status &quot;>...&lt;/span> is not clickable at point (23, 523). Other element would receive the click: &lt;div style=&quot;position: absolute; height: 6px; transition: opacity 500ms ease 0s; opacity: 0; right: 2px; bottom: 2px; left: 2px; border-radius: 3px;&quot;>...&lt;/div>
  (Session info: chrome=90.0.4430.212)
Build info: version: '3.141.59', revision: 'e82be7d358', time: '2018-11-14T08:25:53'
System info: host: 'DESKTOP-0HE72I0', ip: '192.168.243.2', os.name: 'Windows 10', os.arch: 'amd64', os.version: '10.0', java.version: '1.8.0_282'
Driver info: com.kms.katalon.selenium.driver.CChromeDriver
Capabilities {acceptInsecureCerts: false, browserName: chrome, browserVersion: 90.0.4430.212, chrome: {chromedriverVersion: 90.0.4430.24 (4c6d850f087da..., userDataDir: C:\Users\tanth\AppData\Loca...}, goog:chromeOptions: {debuggerAddress: localhost:59319}, javascriptEnabled: true, networkConnectionEnabled: false, pageLoadStrategy: normal, platform: WINDOWS, platformName: WINDOWS, proxy: Proxy(), setWindowRect: true, strictFileInteractability: false, timeouts: {implicit: 0, pageLoad: 300000, script: 30000}, unhandledPromptBehavior: dismiss and notify, webauthn:extension:largeBlob: true, webauthn:virtualAuthenticators: true}
Session ID: a2278b10567ad2470036a4ead4c4de6e
	at org.openqa.selenium.remote.http.W3CHttpResponseCodec.createException(W3CHttpResponseCodec.java:187)
	at org.openqa.selenium.remote.http.W3CHttpResponseCodec.decode(W3CHttpResponseCodec.java:122)
	at org.openqa.selenium.remote.http.W3CHttpResponseCodec.decode(W3CHttpResponseCodec.java:49)
	at org.openqa.selenium.remote.HttpCommandExecutor.execute(HttpCommandExecutor.java:158)
	at org.openqa.selenium.remote.service.DriverCommandExecutor.execute(DriverCommandExecutor.java:83)
	at org.openqa.selenium.remote.RemoteWebDriver.execute(RemoteWebDriver.java:552)
	at com.kms.katalon.selenium.driver.CChromeDriver.execute(CChromeDriver.java:19)
	at org.openqa.selenium.remote.RemoteWebElement.execute(RemoteWebElement.java:285)
	at org.openqa.selenium.remote.RemoteWebElement.click(RemoteWebElement.java:84)
	at org.openqa.selenium.support.events.EventFiringWebDriver$EventFiringWebElement.lambda$new$0(EventFiringWebDriver.java:404)
	at com.sun.proxy.$Proxy11.click(Unknown Source)
	at org.openqa.selenium.support.events.EventFiringWebDriver$EventFiringWebElement.click(EventFiringWebDriver.java:417)
	at com.kms.katalon.core.webui.keyword.builtin.ClickKeyword$_click_closure1.doCall(ClickKeyword.groovy:68)
	at com.kms.katalon.core.webui.keyword.builtin.ClickKeyword$_click_closure1.call(ClickKeyword.groovy)
	at com.kms.katalon.core.webui.keyword.internal.WebUIKeywordMain.runKeyword(WebUIKeywordMain.groovy:20)
	... 19 more
"/>
         <system-out><![CDATA[2021-05-28 22:18:19 - [TEST_CASE][FAILED] - Test Cases/SearchInChannelWithSpecialChar: Test Cases/SearchInChannelWithSpecialChar FAILED.
Reason:
com.kms.katalon.core.exception.StepFailedException: Unable to click on object 'Object Repository/Page_Town Square - TOKEN_UPDATED Mattermost/span_Test'
	at com.kms.katalon.core.webui.keyword.internal.WebUIKeywordMain.stepFailed(WebUIKeywordMain.groovy:64)
	at com.kms.katalon.core.webui.keyword.internal.WebUIKeywordMain.runKeyword(WebUIKeywordMain.groovy:26)
	at com.kms.katalon.core.webui.keyword.builtin.ClickKeyword.click(ClickKeyword.groovy:75)
	at com.kms.katalon.core.webui.keyword.builtin.ClickKeyword.execute(ClickKeyword.groovy:42)
	at com.kms.katalon.core.keyword.internal.KeywordExecutor.executeKeywordForPlatform(KeywordExecutor.groovy:73)
	at com.kms.katalon.core.webui.keyword.WebUiBuiltInKeywords.click(WebUiBuiltInKeywords.groovy:619)
	at com.kms.katalon.core.webui.keyword.WebUiBuiltInKeywords$click$4.call(Unknown Source)
	at SearchInChannelWithSpecialChar.run(SearchInChannelWithSpecialChar:35)
	at com.kms.katalon.core.main.ScriptEngine.run(ScriptEngine.java:194)
	at com.kms.katalon.core.main.ScriptEngine.runScriptAsRawText(ScriptEngine.java:119)
	at com.kms.katalon.core.main.TestCaseExecutor.runScript(TestCaseExecutor.java:398)
	at com.kms.katalon.core.main.TestCaseExecutor.doExecute(TestCaseExecutor.java:389)
	at com.kms.katalon.core.main.TestCaseExecutor.processExecutionPhase(TestCaseExecutor.java:368)
	at com.kms.katalon.core.main.TestCaseExecutor.accessMainPhase(TestCaseExecutor.java:360)
	at com.kms.katalon.core.main.TestCaseExecutor.execute(TestCaseExecutor.java:255)
	at com.kms.katalon.core.main.TestSuiteExecutor.accessTestCaseMainPhase(TestSuiteExecutor.java:203)
	at com.kms.katalon.core.main.TestSuiteExecutor.accessTestSuiteMainPhase(TestSuiteExecutor.java:152)
	at com.kms.katalon.core.main.TestSuiteExecutor.execute(TestSuiteExecutor.java:95)
	at com.kms.katalon.core.main.TestCaseMain.startTestSuite(TestCaseMain.java:157)
	at com.kms.katalon.core.main.TestCaseMain$startTestSuite$0.call(Unknown Source)
	at TempTestSuite1622212592997.run(TempTestSuite1622212592997.groovy:39)
Caused by: org.openqa.selenium.ElementClickInterceptedException: element click intercepted: Element <span class="status ">...</span> is not clickable at point (23, 523). Other element would receive the click: <div style="position: absolute; height: 6px; transition: opacity 500ms ease 0s; opacity: 0; right: 2px; bottom: 2px; left: 2px; border-radius: 3px;">...</div>
  (Session info: chrome=90.0.4430.212)
Build info: version: '3.141.59', revision: 'e82be7d358', time: '2018-11-14T08:25:53'
System info: host: 'DESKTOP-0HE72I0', ip: '192.168.243.2', os.name: 'Windows 10', os.arch: 'amd64', os.version: '10.0', java.version: '1.8.0_282'
Driver info: com.kms.katalon.selenium.driver.CChromeDriver
Capabilities {acceptInsecureCerts: false, browserName: chrome, browserVersion: 90.0.4430.212, chrome: {chromedriverVersion: 90.0.4430.24 (4c6d850f087da..., userDataDir: C:\Users\tanth\AppData\Loca...}, goog:chromeOptions: {debuggerAddress: localhost:59319}, javascriptEnabled: true, networkConnectionEnabled: false, pageLoadStrategy: normal, platform: WINDOWS, platformName: WINDOWS, proxy: Proxy(), setWindowRect: true, strictFileInteractability: false, timeouts: {implicit: 0, pageLoad: 300000, script: 30000}, unhandledPromptBehavior: dismiss and notify, webauthn:extension:largeBlob: true, webauthn:virtualAuthenticators: true}
Session ID: a2278b10567ad2470036a4ead4c4de6e
	at org.openqa.selenium.remote.http.W3CHttpResponseCodec.createException(W3CHttpResponseCodec.java:187)
	at org.openqa.selenium.remote.http.W3CHttpResponseCodec.decode(W3CHttpResponseCodec.java:122)
	at org.openqa.selenium.remote.http.W3CHttpResponseCodec.decode(W3CHttpResponseCodec.java:49)
	at org.openqa.selenium.remote.HttpCommandExecutor.execute(HttpCommandExecutor.java:158)
	at org.openqa.selenium.remote.service.DriverCommandExecutor.execute(DriverCommandExecutor.java:83)
	at org.openqa.selenium.remote.RemoteWebDriver.execute(RemoteWebDriver.java:552)
	at com.kms.katalon.selenium.driver.CChromeDriver.execute(CChromeDriver.java:19)
	at org.openqa.selenium.remote.RemoteWebElement.execute(RemoteWebElement.java:285)
	at org.openqa.selenium.remote.RemoteWebElement.click(RemoteWebElement.java:84)
	at org.openqa.selenium.support.events.EventFiringWebDriver$EventFiringWebElement.lambda$new$0(EventFiringWebDriver.java:404)
	at com.sun.proxy.$Proxy11.click(Unknown Source)
	at org.openqa.selenium.support.events.EventFiringWebDriver$EventFiringWebElement.click(EventFiringWebDriver.java:417)
	at com.kms.katalon.core.webui.keyword.builtin.ClickKeyword$_click_closure1.doCall(ClickKeyword.groovy:68)
	at com.kms.katalon.core.webui.keyword.builtin.ClickKeyword$_click_closure1.call(ClickKeyword.groovy)
	at com.kms.katalon.core.webui.keyword.internal.WebUIKeywordMain.runKeyword(WebUIKeywordMain.groovy:20)
	... 19 more


2021-05-28 22:18:20 - [TEST_STEP][PASSED] - openBrowser(""): Browser is opened with url: ''

2021-05-28 22:18:20 - [MESSAGE][WARNING] - A browser is already opened. Closing browser and opening a new one

2021-05-28 22:18:20 - [MESSAGE][INFO] - Starting 'Chrome' driver

2021-05-28 22:18:20 - [MESSAGE][INFO] - Action delay is set to 0 milliseconds

2021-05-28 22:18:22 - [MESSAGE][PASSED] - Browser is opened with url: ''

2021-05-28 22:18:22 - [TEST_STEP][PASSED] - navigateToUrl("https://cdnc-group2.herokuapp.com/"): Navigate to 'https://cdnc-group2.herokuapp.com/' successfully

2021-05-28 22:18:26 - [MESSAGE][PASSED] - Navigate to 'https://cdnc-group2.herokuapp.com/' successfully

2021-05-28 22:18:26 - [TEST_STEP][PASSED] - setText(findTestObject("Object Repository/Page_Mattermost/input_All team communication in one place, _dcc84b"), "ngoctin040999@gmail.com"): Text 'ngoctin040999@gmail.com' is set on object 'Object Repository/Page_Mattermost/input_All team communication in one place, _dcc84b'

2021-05-28 22:18:31 - [MESSAGE][PASSED] - Text 'ngoctin040999@gmail.com' is set on object 'Object Repository/Page_Mattermost/input_All team communication in one place, _dcc84b'

2021-05-28 22:18:31 - [TEST_STEP][PASSED] - setEncryptedText(findTestObject("Object Repository/Page_Mattermost/input_All team communication in one place, _a3edc6"), "S8w1SJvl7D1hts9IdMV+NQ=="): Text ****** has been set on object 'Object Repository/Page_Mattermost/input_All team communication in one place, _a3edc6'

2021-05-28 22:18:32 - [MESSAGE][PASSED] - Text ****** has been set on object 'Object Repository/Page_Mattermost/input_All team communication in one place, _a3edc6'

2021-05-28 22:18:32 - [TEST_STEP][PASSED] - click(findTestObject("Object Repository/Page_Mattermost/span_Sign in")): Object: 'Object Repository/Page_Mattermost/span_Sign in' is clicked on

2021-05-28 22:18:33 - [MESSAGE][PASSED] - Object: 'Object Repository/Page_Mattermost/span_Sign in' is clicked on

2021-05-28 22:18:33 - [TEST_STEP][PASSED] - if (findTestObject("Object Repository/Page_Town Square - TOKEN_UPDATED Mattermost/span_Test") == null): null

2021-05-28 22:18:33 - [TEST_STEP][FAILED] - click(findTestObject("Object Repository/Page_Town Square - TOKEN_UPDATED Mattermost/span_Test")): Unable to click on object 'Object Repository/Page_Town Square - TOKEN_UPDATED Mattermost/span_Test' (Root cause: com.kms.katalon.core.exception.StepFailedException: Unable to click on object 'Object Repository/Page_Town Square - TOKEN_UPDATED Mattermost/span_Test'
	at com.kms.katalon.core.webui.keyword.internal.WebUIKeywordMain.stepFailed(WebUIKeywordMain.groovy:64)
	at com.kms.katalon.core.webui.keyword.internal.WebUIKeywordMain.runKeyword(WebUIKeywordMain.groovy:26)
	at com.kms.katalon.core.webui.keyword.builtin.ClickKeyword.click(ClickKeyword.groovy:75)
	at com.kms.katalon.core.webui.keyword.builtin.ClickKeyword.execute(ClickKeyword.groovy:42)
	at com.kms.katalon.core.keyword.internal.KeywordExecutor.executeKeywordForPlatform(KeywordExecutor.groovy:73)
	at com.kms.katalon.core.webui.keyword.WebUiBuiltInKeywords.click(WebUiBuiltInKeywords.groovy:619)
	at com.kms.katalon.core.webui.keyword.WebUiBuiltInKeywords$click$4.call(Unknown Source)
	at SearchInChannelWithSpecialChar.run(SearchInChannelWithSpecialChar:35)
	at com.kms.katalon.core.main.ScriptEngine.run(ScriptEngine.java:194)
	at com.kms.katalon.core.main.ScriptEngine.runScriptAsRawText(ScriptEngine.java:119)
	at com.kms.katalon.core.main.TestCaseExecutor.runScript(TestCaseExecutor.java:398)
	at com.kms.katalon.core.main.TestCaseExecutor.doExecute(TestCaseExecutor.java:389)
	at com.kms.katalon.core.main.TestCaseExecutor.processExecutionPhase(TestCaseExecutor.java:368)
	at com.kms.katalon.core.main.TestCaseExecutor.accessMainPhase(TestCaseExecutor.java:360)
	at com.kms.katalon.core.main.TestCaseExecutor.execute(TestCaseExecutor.java:255)
	at com.kms.katalon.core.main.TestSuiteExecutor.accessTestCaseMainPhase(TestSuiteExecutor.java:203)
	at com.kms.katalon.core.main.TestSuiteExecutor.accessTestSuiteMainPhase(TestSuiteExecutor.java:152)
	at com.kms.katalon.core.main.TestSuiteExecutor.execute(TestSuiteExecutor.java:95)
	at com.kms.katalon.core.main.TestCaseMain.startTestSuite(TestCaseMain.java:157)
	at com.kms.katalon.core.main.TestCaseMain$startTestSuite$0.call(Unknown Source)
	at TempTestSuite1622212592997.run(TempTestSuite1622212592997.groovy:39)
Caused by: org.openqa.selenium.ElementClickInterceptedException: element click intercepted: Element <span class="status ">...</span> is not clickable at point (23, 523). Other element would receive the click: <div style="position: absolute; height: 6px; transition: opacity 500ms ease 0s; opacity: 0; right: 2px; bottom: 2px; left: 2px; border-radius: 3px;">...</div>
  (Session info: chrome=90.0.4430.212)
Build info: version: '3.141.59', revision: 'e82be7d358', time: '2018-11-14T08:25:53'
System info: host: 'DESKTOP-0HE72I0', ip: '192.168.243.2', os.name: 'Windows 10', os.arch: 'amd64', os.version: '10.0', java.version: '1.8.0_282'
Driver info: com.kms.katalon.selenium.driver.CChromeDriver
Capabilities {acceptInsecureCerts: false, browserName: chrome, browserVersion: 90.0.4430.212, chrome: {chromedriverVersion: 90.0.4430.24 (4c6d850f087da..., userDataDir: C:\Users\tanth\AppData\Loca...}, goog:chromeOptions: {debuggerAddress: localhost:59319}, javascriptEnabled: true, networkConnectionEnabled: false, pageLoadStrategy: normal, platform: WINDOWS, platformName: WINDOWS, proxy: Proxy(), setWindowRect: true, strictFileInteractability: false, timeouts: {implicit: 0, pageLoad: 300000, script: 30000}, unhandledPromptBehavior: dismiss and notify, webauthn:extension:largeBlob: true, webauthn:virtualAuthenticators: true}
Session ID: a2278b10567ad2470036a4ead4c4de6e
	at org.openqa.selenium.remote.http.W3CHttpResponseCodec.createException(W3CHttpResponseCodec.java:187)
	at org.openqa.selenium.remote.http.W3CHttpResponseCodec.decode(W3CHttpResponseCodec.java:122)
	at org.openqa.selenium.remote.http.W3CHttpResponseCodec.decode(W3CHttpResponseCodec.java:49)
	at org.openqa.selenium.remote.HttpCommandExecutor.execute(HttpCommandExecutor.java:158)
	at org.openqa.selenium.remote.service.DriverCommandExecutor.execute(DriverCommandExecutor.java:83)
	at org.openqa.selenium.remote.RemoteWebDriver.execute(RemoteWebDriver.java:552)
	at com.kms.katalon.selenium.driver.CChromeDriver.execute(CChromeDriver.java:19)
	at org.openqa.selenium.remote.RemoteWebElement.execute(RemoteWebElement.java:285)
	at org.openqa.selenium.remote.RemoteWebElement.click(RemoteWebElement.java:84)
	at org.openqa.selenium.support.events.EventFiringWebDriver$EventFiringWebElement.lambda$new$0(EventFiringWebDriver.java:404)
	at com.sun.proxy.$Proxy11.click(Unknown Source)
	at org.openqa.selenium.support.events.EventFiringWebDriver$EventFiringWebElement.click(EventFiringWebDriver.java:417)
	at com.kms.katalon.core.webui.keyword.builtin.ClickKeyword$_click_closure1.doCall(ClickKeyword.groovy:68)
	at com.kms.katalon.core.webui.keyword.builtin.ClickKeyword$_click_closure1.call(ClickKeyword.groovy)
	at com.kms.katalon.core.webui.keyword.internal.WebUIKeywordMain.runKeyword(WebUIKeywordMain.groovy:20)
	at com.kms.katalon.core.webui.keyword.builtin.ClickKeyword.click(ClickKeyword.groovy:75)
	at com.kms.katalon.core.webui.keyword.builtin.ClickKeyword.execute(ClickKeyword.groovy:42)
	at com.kms.katalon.core.keyword.internal.KeywordExecutor.executeKeywordForPlatform(KeywordExecutor.groovy:73)
	at com.kms.katalon.core.webui.keyword.WebUiBuiltInKeywords.click(WebUiBuiltInKeywords.groovy:619)
	at com.kms.katalon.core.webui.keyword.WebUiBuiltInKeywords$click$4.call(Unknown Source)
	at Script1621694246871.run(Script1621694246871.groovy:35)
	... 13 more
)

2021-05-28 22:19:05 - [MESSAGE][INFO] - Unable to find the element located by 'By.xpath: //a[@id='sidebarItem_test']/span[2]/span'. Please recheck the objects properties to make sure the desired element is located. 

2021-05-28 22:19:05 - [MESSAGE][WARNING] - [SELF-HEALING] Failed to find element with id 'Object Repository/Page_Town Square - TOKEN_UPDATED Mattermost/span_Test'. Try using Self-healing.

2021-05-28 22:19:05 - [MESSAGE][WARNING] - [SELF-HEALING] The current locator of test object 'Object Repository/Page_Town Square - TOKEN_UPDATED Mattermost/span_Test' was broken. Propose an alternative one: '(.//*[normalize-space(text()) and normalize-space(.)='+'])[2]/following::span[3]'.

2021-05-28 22:19:06 - [MESSAGE][FAILED] - Unable to click on object 'Object Repository/Page_Town Square - TOKEN_UPDATED Mattermost/span_Test' (Root cause: com.kms.katalon.core.exception.StepFailedException: Unable to click on object 'Object Repository/Page_Town Square - TOKEN_UPDATED Mattermost/span_Test'
	at com.kms.katalon.core.webui.keyword.internal.WebUIKeywordMain.stepFailed(WebUIKeywordMain.groovy:64)
	at com.kms.katalon.core.webui.keyword.internal.WebUIKeywordMain.runKeyword(WebUIKeywordMain.groovy:26)
	at com.kms.katalon.core.webui.keyword.builtin.ClickKeyword.click(ClickKeyword.groovy:75)
	at com.kms.katalon.core.webui.keyword.builtin.ClickKeyword.execute(ClickKeyword.groovy:42)
	at com.kms.katalon.core.keyword.internal.KeywordExecutor.executeKeywordForPlatform(KeywordExecutor.groovy:73)
	at com.kms.katalon.core.webui.keyword.WebUiBuiltInKeywords.click(WebUiBuiltInKeywords.groovy:619)
	at com.kms.katalon.core.webui.keyword.WebUiBuiltInKeywords$click$4.call(Unknown Source)
	at SearchInChannelWithSpecialChar.run(SearchInChannelWithSpecialChar:35)
	at com.kms.katalon.core.main.ScriptEngine.run(ScriptEngine.java:194)
	at com.kms.katalon.core.main.ScriptEngine.runScriptAsRawText(ScriptEngine.java:119)
	at com.kms.katalon.core.main.TestCaseExecutor.runScript(TestCaseExecutor.java:398)
	at com.kms.katalon.core.main.TestCaseExecutor.doExecute(TestCaseExecutor.java:389)
	at com.kms.katalon.core.main.TestCaseExecutor.processExecutionPhase(TestCaseExecutor.java:368)
	at com.kms.katalon.core.main.TestCaseExecutor.accessMainPhase(TestCaseExecutor.java:360)
	at com.kms.katalon.core.main.TestCaseExecutor.execute(TestCaseExecutor.java:255)
	at com.kms.katalon.core.main.TestSuiteExecutor.accessTestCaseMainPhase(TestSuiteExecutor.java:203)
	at com.kms.katalon.core.main.TestSuiteExecutor.accessTestSuiteMainPhase(TestSuiteExecutor.java:152)
	at com.kms.katalon.core.main.TestSuiteExecutor.execute(TestSuiteExecutor.java:95)
	at com.kms.katalon.core.main.TestCaseMain.startTestSuite(TestCaseMain.java:157)
	at com.kms.katalon.core.main.TestCaseMain$startTestSuite$0.call(Unknown Source)
	at TempTestSuite1622212592997.run(TempTestSuite1622212592997.groovy:39)
Caused by: org.openqa.selenium.ElementClickInterceptedException: element click intercepted: Element <span class="status ">...</span> is not clickable at point (23, 523). Other element would receive the click: <div style="position: absolute; height: 6px; transition: opacity 500ms ease 0s; opacity: 0; right: 2px; bottom: 2px; left: 2px; border-radius: 3px;">...</div>
  (Session info: chrome=90.0.4430.212)
Build info: version: '3.141.59', revision: 'e82be7d358', time: '2018-11-14T08:25:53'
System info: host: 'DESKTOP-0HE72I0', ip: '192.168.243.2', os.name: 'Windows 10', os.arch: 'amd64', os.version: '10.0', java.version: '1.8.0_282'
Driver info: com.kms.katalon.selenium.driver.CChromeDriver
Capabilities {acceptInsecureCerts: false, browserName: chrome, browserVersion: 90.0.4430.212, chrome: {chromedriverVersion: 90.0.4430.24 (4c6d850f087da..., userDataDir: C:\Users\tanth\AppData\Loca...}, goog:chromeOptions: {debuggerAddress: localhost:59319}, javascriptEnabled: true, networkConnectionEnabled: false, pageLoadStrategy: normal, platform: WINDOWS, platformName: WINDOWS, proxy: Proxy(), setWindowRect: true, strictFileInteractability: false, timeouts: {implicit: 0, pageLoad: 300000, script: 30000}, unhandledPromptBehavior: dismiss and notify, webauthn:extension:largeBlob: true, webauthn:virtualAuthenticators: true}
Session ID: a2278b10567ad2470036a4ead4c4de6e
	at org.openqa.selenium.remote.http.W3CHttpResponseCodec.createException(W3CHttpResponseCodec.java:187)
	at org.openqa.selenium.remote.http.W3CHttpResponseCodec.decode(W3CHttpResponseCodec.java:122)
	at org.openqa.selenium.remote.http.W3CHttpResponseCodec.decode(W3CHttpResponseCodec.java:49)
	at org.openqa.selenium.remote.HttpCommandExecutor.execute(HttpCommandExecutor.java:158)
	at org.openqa.selenium.remote.service.DriverCommandExecutor.execute(DriverCommandExecutor.java:83)
	at org.openqa.selenium.remote.RemoteWebDriver.execute(RemoteWebDriver.java:552)
	at com.kms.katalon.selenium.driver.CChromeDriver.execute(CChromeDriver.java:19)
	at org.openqa.selenium.remote.RemoteWebElement.execute(RemoteWebElement.java:285)
	at org.openqa.selenium.remote.RemoteWebElement.click(RemoteWebElement.java:84)
	at org.openqa.selenium.support.events.EventFiringWebDriver$EventFiringWebElement.lambda$new$0(EventFiringWebDriver.java:404)
	at com.sun.proxy.$Proxy11.click(Unknown Source)
	at org.openqa.selenium.support.events.EventFiringWebDriver$EventFiringWebElement.click(EventFiringWebDriver.java:417)
	at com.kms.katalon.core.webui.keyword.builtin.ClickKeyword$_click_closure1.doCall(ClickKeyword.groovy:68)
	at com.kms.katalon.core.webui.keyword.builtin.ClickKeyword$_click_closure1.call(ClickKeyword.groovy)
	at com.kms.katalon.core.webui.keyword.internal.WebUIKeywordMain.runKeyword(WebUIKeywordMain.groovy:20)
	at com.kms.katalon.core.webui.keyword.builtin.ClickKeyword.click(ClickKeyword.groovy:75)
	at com.kms.katalon.core.webui.keyword.builtin.ClickKeyword.execute(ClickKeyword.groovy:42)
	at com.kms.katalon.core.keyword.internal.KeywordExecutor.executeKeywordForPlatform(KeywordExecutor.groovy:73)
	at com.kms.katalon.core.webui.keyword.WebUiBuiltInKeywords.click(WebUiBuiltInKeywords.groovy:619)
	at com.kms.katalon.core.webui.keyword.WebUiBuiltInKeywords$click$4.call(Unknown Source)
	at Script1621694246871.run(Script1621694246871.groovy:35)
	... 13 more
)
[[ATTACHMENT|C:\\Users\\tanth\\git\\katalon\\Reports\\20210528_213632\\Run all test cases\\20210528_213632\\1622215146597.png]]]]></system-out>
         <system-err><![CDATA[2021-05-28 22:18:19 - [TEST_CASE][FAILED] - Test Cases/SearchInChannelWithSpecialChar: Test Cases/SearchInChannelWithSpecialChar FAILED.
Reason:
com.kms.katalon.core.exception.StepFailedException: Unable to click on object 'Object Repository/Page_Town Square - TOKEN_UPDATED Mattermost/span_Test'
	at com.kms.katalon.core.webui.keyword.internal.WebUIKeywordMain.stepFailed(WebUIKeywordMain.groovy:64)
	at com.kms.katalon.core.webui.keyword.internal.WebUIKeywordMain.runKeyword(WebUIKeywordMain.groovy:26)
	at com.kms.katalon.core.webui.keyword.builtin.ClickKeyword.click(ClickKeyword.groovy:75)
	at com.kms.katalon.core.webui.keyword.builtin.ClickKeyword.execute(ClickKeyword.groovy:42)
	at com.kms.katalon.core.keyword.internal.KeywordExecutor.executeKeywordForPlatform(KeywordExecutor.groovy:73)
	at com.kms.katalon.core.webui.keyword.WebUiBuiltInKeywords.click(WebUiBuiltInKeywords.groovy:619)
	at com.kms.katalon.core.webui.keyword.WebUiBuiltInKeywords$click$4.call(Unknown Source)
	at SearchInChannelWithSpecialChar.run(SearchInChannelWithSpecialChar:35)
	at com.kms.katalon.core.main.ScriptEngine.run(ScriptEngine.java:194)
	at com.kms.katalon.core.main.ScriptEngine.runScriptAsRawText(ScriptEngine.java:119)
	at com.kms.katalon.core.main.TestCaseExecutor.runScript(TestCaseExecutor.java:398)
	at com.kms.katalon.core.main.TestCaseExecutor.doExecute(TestCaseExecutor.java:389)
	at com.kms.katalon.core.main.TestCaseExecutor.processExecutionPhase(TestCaseExecutor.java:368)
	at com.kms.katalon.core.main.TestCaseExecutor.accessMainPhase(TestCaseExecutor.java:360)
	at com.kms.katalon.core.main.TestCaseExecutor.execute(TestCaseExecutor.java:255)
	at com.kms.katalon.core.main.TestSuiteExecutor.accessTestCaseMainPhase(TestSuiteExecutor.java:203)
	at com.kms.katalon.core.main.TestSuiteExecutor.accessTestSuiteMainPhase(TestSuiteExecutor.java:152)
	at com.kms.katalon.core.main.TestSuiteExecutor.execute(TestSuiteExecutor.java:95)
	at com.kms.katalon.core.main.TestCaseMain.startTestSuite(TestCaseMain.java:157)
	at com.kms.katalon.core.main.TestCaseMain$startTestSuite$0.call(Unknown Source)
	at TempTestSuite1622212592997.run(TempTestSuite1622212592997.groovy:39)
Caused by: org.openqa.selenium.ElementClickInterceptedException: element click intercepted: Element <span class="status ">...</span> is not clickable at point (23, 523). Other element would receive the click: <div style="position: absolute; height: 6px; transition: opacity 500ms ease 0s; opacity: 0; right: 2px; bottom: 2px; left: 2px; border-radius: 3px;">...</div>
  (Session info: chrome=90.0.4430.212)
Build info: version: '3.141.59', revision: 'e82be7d358', time: '2018-11-14T08:25:53'
System info: host: 'DESKTOP-0HE72I0', ip: '192.168.243.2', os.name: 'Windows 10', os.arch: 'amd64', os.version: '10.0', java.version: '1.8.0_282'
Driver info: com.kms.katalon.selenium.driver.CChromeDriver
Capabilities {acceptInsecureCerts: false, browserName: chrome, browserVersion: 90.0.4430.212, chrome: {chromedriverVersion: 90.0.4430.24 (4c6d850f087da..., userDataDir: C:\Users\tanth\AppData\Loca...}, goog:chromeOptions: {debuggerAddress: localhost:59319}, javascriptEnabled: true, networkConnectionEnabled: false, pageLoadStrategy: normal, platform: WINDOWS, platformName: WINDOWS, proxy: Proxy(), setWindowRect: true, strictFileInteractability: false, timeouts: {implicit: 0, pageLoad: 300000, script: 30000}, unhandledPromptBehavior: dismiss and notify, webauthn:extension:largeBlob: true, webauthn:virtualAuthenticators: true}
Session ID: a2278b10567ad2470036a4ead4c4de6e
	at org.openqa.selenium.remote.http.W3CHttpResponseCodec.createException(W3CHttpResponseCodec.java:187)
	at org.openqa.selenium.remote.http.W3CHttpResponseCodec.decode(W3CHttpResponseCodec.java:122)
	at org.openqa.selenium.remote.http.W3CHttpResponseCodec.decode(W3CHttpResponseCodec.java:49)
	at org.openqa.selenium.remote.HttpCommandExecutor.execute(HttpCommandExecutor.java:158)
	at org.openqa.selenium.remote.service.DriverCommandExecutor.execute(DriverCommandExecutor.java:83)
	at org.openqa.selenium.remote.RemoteWebDriver.execute(RemoteWebDriver.java:552)
	at com.kms.katalon.selenium.driver.CChromeDriver.execute(CChromeDriver.java:19)
	at org.openqa.selenium.remote.RemoteWebElement.execute(RemoteWebElement.java:285)
	at org.openqa.selenium.remote.RemoteWebElement.click(RemoteWebElement.java:84)
	at org.openqa.selenium.support.events.EventFiringWebDriver$EventFiringWebElement.lambda$new$0(EventFiringWebDriver.java:404)
	at com.sun.proxy.$Proxy11.click(Unknown Source)
	at org.openqa.selenium.support.events.EventFiringWebDriver$EventFiringWebElement.click(EventFiringWebDriver.java:417)
	at com.kms.katalon.core.webui.keyword.builtin.ClickKeyword$_click_closure1.doCall(ClickKeyword.groovy:68)
	at com.kms.katalon.core.webui.keyword.builtin.ClickKeyword$_click_closure1.call(ClickKeyword.groovy)
	at com.kms.katalon.core.webui.keyword.internal.WebUIKeywordMain.runKeyword(WebUIKeywordMain.groovy:20)
	... 19 more]]></system-err>
      </testcase>
      <testcase name="Test Cases/SearchInChannelWithTextHaveSpace" time="47.782" classname="Test Cases/SearchInChannelWithTextHaveSpace" status="FAILED">
         <failure type="FAILED" message="Test Cases/SearchInChannelWithTextHaveSpace FAILED.
Reason:
com.kms.katalon.core.exception.StepFailedException: Unable to click on object 'Object Repository/Page_Town Square - TOKEN_UPDATED Mattermost/span_Test'
	at com.kms.katalon.core.webui.keyword.internal.WebUIKeywordMain.stepFailed(WebUIKeywordMain.groovy:64)
	at com.kms.katalon.core.webui.keyword.internal.WebUIKeywordMain.runKeyword(WebUIKeywordMain.groovy:26)
	at com.kms.katalon.core.webui.keyword.builtin.ClickKeyword.click(ClickKeyword.groovy:75)
	at com.kms.katalon.core.webui.keyword.builtin.ClickKeyword.execute(ClickKeyword.groovy:42)
	at com.kms.katalon.core.keyword.internal.KeywordExecutor.executeKeywordForPlatform(KeywordExecutor.groovy:73)
	at com.kms.katalon.core.webui.keyword.WebUiBuiltInKeywords.click(WebUiBuiltInKeywords.groovy:619)
	at com.kms.katalon.core.webui.keyword.WebUiBuiltInKeywords$click$4.call(Unknown Source)
	at SearchInChannelWithTextHaveSpace.run(SearchInChannelWithTextHaveSpace:35)
	at com.kms.katalon.core.main.ScriptEngine.run(ScriptEngine.java:194)
	at com.kms.katalon.core.main.ScriptEngine.runScriptAsRawText(ScriptEngine.java:119)
	at com.kms.katalon.core.main.TestCaseExecutor.runScript(TestCaseExecutor.java:398)
	at com.kms.katalon.core.main.TestCaseExecutor.doExecute(TestCaseExecutor.java:389)
	at com.kms.katalon.core.main.TestCaseExecutor.processExecutionPhase(TestCaseExecutor.java:368)
	at com.kms.katalon.core.main.TestCaseExecutor.accessMainPhase(TestCaseExecutor.java:360)
	at com.kms.katalon.core.main.TestCaseExecutor.execute(TestCaseExecutor.java:255)
	at com.kms.katalon.core.main.TestSuiteExecutor.accessTestCaseMainPhase(TestSuiteExecutor.java:203)
	at com.kms.katalon.core.main.TestSuiteExecutor.accessTestSuiteMainPhase(TestSuiteExecutor.java:152)
	at com.kms.katalon.core.main.TestSuiteExecutor.execute(TestSuiteExecutor.java:95)
	at com.kms.katalon.core.main.TestCaseMain.startTestSuite(TestCaseMain.java:157)
	at com.kms.katalon.core.main.TestCaseMain$startTestSuite$0.call(Unknown Source)
	at TempTestSuite1622212592997.run(TempTestSuite1622212592997.groovy:39)
Caused by: org.openqa.selenium.ElementClickInterceptedException: element click intercepted: Element &lt;span class=&quot;status &quot;>...&lt;/span> is not clickable at point (23, 523). Other element would receive the click: &lt;div style=&quot;position: absolute; height: 6px; transition: opacity 500ms ease 0s; opacity: 0; right: 2px; bottom: 2px; left: 2px; border-radius: 3px;&quot;>...&lt;/div>
  (Session info: chrome=90.0.4430.212)
Build info: version: '3.141.59', revision: 'e82be7d358', time: '2018-11-14T08:25:53'
System info: host: 'DESKTOP-0HE72I0', ip: '192.168.243.2', os.name: 'Windows 10', os.arch: 'amd64', os.version: '10.0', java.version: '1.8.0_282'
Driver info: com.kms.katalon.selenium.driver.CChromeDriver
Capabilities {acceptInsecureCerts: false, browserName: chrome, browserVersion: 90.0.4430.212, chrome: {chromedriverVersion: 90.0.4430.24 (4c6d850f087da..., userDataDir: C:\Users\tanth\AppData\Loca...}, goog:chromeOptions: {debuggerAddress: localhost:59365}, javascriptEnabled: true, networkConnectionEnabled: false, pageLoadStrategy: normal, platform: WINDOWS, platformName: WINDOWS, proxy: Proxy(), setWindowRect: true, strictFileInteractability: false, timeouts: {implicit: 0, pageLoad: 300000, script: 30000}, unhandledPromptBehavior: dismiss and notify, webauthn:extension:largeBlob: true, webauthn:virtualAuthenticators: true}
Session ID: 0165db0cd75d4c3d1f0397f2a521fad4
	at org.openqa.selenium.remote.http.W3CHttpResponseCodec.createException(W3CHttpResponseCodec.java:187)
	at org.openqa.selenium.remote.http.W3CHttpResponseCodec.decode(W3CHttpResponseCodec.java:122)
	at org.openqa.selenium.remote.http.W3CHttpResponseCodec.decode(W3CHttpResponseCodec.java:49)
	at org.openqa.selenium.remote.HttpCommandExecutor.execute(HttpCommandExecutor.java:158)
	at org.openqa.selenium.remote.service.DriverCommandExecutor.execute(DriverCommandExecutor.java:83)
	at org.openqa.selenium.remote.RemoteWebDriver.execute(RemoteWebDriver.java:552)
	at com.kms.katalon.selenium.driver.CChromeDriver.execute(CChromeDriver.java:19)
	at org.openqa.selenium.remote.RemoteWebElement.execute(RemoteWebElement.java:285)
	at org.openqa.selenium.remote.RemoteWebElement.click(RemoteWebElement.java:84)
	at org.openqa.selenium.support.events.EventFiringWebDriver$EventFiringWebElement.lambda$new$0(EventFiringWebDriver.java:404)
	at com.sun.proxy.$Proxy11.click(Unknown Source)
	at org.openqa.selenium.support.events.EventFiringWebDriver$EventFiringWebElement.click(EventFiringWebDriver.java:417)
	at com.kms.katalon.core.webui.keyword.builtin.ClickKeyword$_click_closure1.doCall(ClickKeyword.groovy:68)
	at com.kms.katalon.core.webui.keyword.builtin.ClickKeyword$_click_closure1.call(ClickKeyword.groovy)
	at com.kms.katalon.core.webui.keyword.internal.WebUIKeywordMain.runKeyword(WebUIKeywordMain.groovy:20)
	... 19 more
"/>
         <system-out><![CDATA[2021-05-28 22:19:06 - [TEST_CASE][FAILED] - Test Cases/SearchInChannelWithTextHaveSpace: Test Cases/SearchInChannelWithTextHaveSpace FAILED.
Reason:
com.kms.katalon.core.exception.StepFailedException: Unable to click on object 'Object Repository/Page_Town Square - TOKEN_UPDATED Mattermost/span_Test'
	at com.kms.katalon.core.webui.keyword.internal.WebUIKeywordMain.stepFailed(WebUIKeywordMain.groovy:64)
	at com.kms.katalon.core.webui.keyword.internal.WebUIKeywordMain.runKeyword(WebUIKeywordMain.groovy:26)
	at com.kms.katalon.core.webui.keyword.builtin.ClickKeyword.click(ClickKeyword.groovy:75)
	at com.kms.katalon.core.webui.keyword.builtin.ClickKeyword.execute(ClickKeyword.groovy:42)
	at com.kms.katalon.core.keyword.internal.KeywordExecutor.executeKeywordForPlatform(KeywordExecutor.groovy:73)
	at com.kms.katalon.core.webui.keyword.WebUiBuiltInKeywords.click(WebUiBuiltInKeywords.groovy:619)
	at com.kms.katalon.core.webui.keyword.WebUiBuiltInKeywords$click$4.call(Unknown Source)
	at SearchInChannelWithTextHaveSpace.run(SearchInChannelWithTextHaveSpace:35)
	at com.kms.katalon.core.main.ScriptEngine.run(ScriptEngine.java:194)
	at com.kms.katalon.core.main.ScriptEngine.runScriptAsRawText(ScriptEngine.java:119)
	at com.kms.katalon.core.main.TestCaseExecutor.runScript(TestCaseExecutor.java:398)
	at com.kms.katalon.core.main.TestCaseExecutor.doExecute(TestCaseExecutor.java:389)
	at com.kms.katalon.core.main.TestCaseExecutor.processExecutionPhase(TestCaseExecutor.java:368)
	at com.kms.katalon.core.main.TestCaseExecutor.accessMainPhase(TestCaseExecutor.java:360)
	at com.kms.katalon.core.main.TestCaseExecutor.execute(TestCaseExecutor.java:255)
	at com.kms.katalon.core.main.TestSuiteExecutor.accessTestCaseMainPhase(TestSuiteExecutor.java:203)
	at com.kms.katalon.core.main.TestSuiteExecutor.accessTestSuiteMainPhase(TestSuiteExecutor.java:152)
	at com.kms.katalon.core.main.TestSuiteExecutor.execute(TestSuiteExecutor.java:95)
	at com.kms.katalon.core.main.TestCaseMain.startTestSuite(TestCaseMain.java:157)
	at com.kms.katalon.core.main.TestCaseMain$startTestSuite$0.call(Unknown Source)
	at TempTestSuite1622212592997.run(TempTestSuite1622212592997.groovy:39)
Caused by: org.openqa.selenium.ElementClickInterceptedException: element click intercepted: Element <span class="status ">...</span> is not clickable at point (23, 523). Other element would receive the click: <div style="position: absolute; height: 6px; transition: opacity 500ms ease 0s; opacity: 0; right: 2px; bottom: 2px; left: 2px; border-radius: 3px;">...</div>
  (Session info: chrome=90.0.4430.212)
Build info: version: '3.141.59', revision: 'e82be7d358', time: '2018-11-14T08:25:53'
System info: host: 'DESKTOP-0HE72I0', ip: '192.168.243.2', os.name: 'Windows 10', os.arch: 'amd64', os.version: '10.0', java.version: '1.8.0_282'
Driver info: com.kms.katalon.selenium.driver.CChromeDriver
Capabilities {acceptInsecureCerts: false, browserName: chrome, browserVersion: 90.0.4430.212, chrome: {chromedriverVersion: 90.0.4430.24 (4c6d850f087da..., userDataDir: C:\Users\tanth\AppData\Loca...}, goog:chromeOptions: {debuggerAddress: localhost:59365}, javascriptEnabled: true, networkConnectionEnabled: false, pageLoadStrategy: normal, platform: WINDOWS, platformName: WINDOWS, proxy: Proxy(), setWindowRect: true, strictFileInteractability: false, timeouts: {implicit: 0, pageLoad: 300000, script: 30000}, unhandledPromptBehavior: dismiss and notify, webauthn:extension:largeBlob: true, webauthn:virtualAuthenticators: true}
Session ID: 0165db0cd75d4c3d1f0397f2a521fad4
	at org.openqa.selenium.remote.http.W3CHttpResponseCodec.createException(W3CHttpResponseCodec.java:187)
	at org.openqa.selenium.remote.http.W3CHttpResponseCodec.decode(W3CHttpResponseCodec.java:122)
	at org.openqa.selenium.remote.http.W3CHttpResponseCodec.decode(W3CHttpResponseCodec.java:49)
	at org.openqa.selenium.remote.HttpCommandExecutor.execute(HttpCommandExecutor.java:158)
	at org.openqa.selenium.remote.service.DriverCommandExecutor.execute(DriverCommandExecutor.java:83)
	at org.openqa.selenium.remote.RemoteWebDriver.execute(RemoteWebDriver.java:552)
	at com.kms.katalon.selenium.driver.CChromeDriver.execute(CChromeDriver.java:19)
	at org.openqa.selenium.remote.RemoteWebElement.execute(RemoteWebElement.java:285)
	at org.openqa.selenium.remote.RemoteWebElement.click(RemoteWebElement.java:84)
	at org.openqa.selenium.support.events.EventFiringWebDriver$EventFiringWebElement.lambda$new$0(EventFiringWebDriver.java:404)
	at com.sun.proxy.$Proxy11.click(Unknown Source)
	at org.openqa.selenium.support.events.EventFiringWebDriver$EventFiringWebElement.click(EventFiringWebDriver.java:417)
	at com.kms.katalon.core.webui.keyword.builtin.ClickKeyword$_click_closure1.doCall(ClickKeyword.groovy:68)
	at com.kms.katalon.core.webui.keyword.builtin.ClickKeyword$_click_closure1.call(ClickKeyword.groovy)
	at com.kms.katalon.core.webui.keyword.internal.WebUIKeywordMain.runKeyword(WebUIKeywordMain.groovy:20)
	... 19 more


2021-05-28 22:19:07 - [TEST_STEP][PASSED] - openBrowser(""): Browser is opened with url: ''

2021-05-28 22:19:07 - [MESSAGE][WARNING] - A browser is already opened. Closing browser and opening a new one

2021-05-28 22:19:08 - [MESSAGE][INFO] - Starting 'Chrome' driver

2021-05-28 22:19:08 - [MESSAGE][INFO] - Action delay is set to 0 milliseconds

2021-05-28 22:19:10 - [MESSAGE][PASSED] - Browser is opened with url: ''

2021-05-28 22:19:10 - [TEST_STEP][PASSED] - navigateToUrl("https://cdnc-group2.herokuapp.com/"): Navigate to 'https://cdnc-group2.herokuapp.com/' successfully

2021-05-28 22:19:14 - [MESSAGE][PASSED] - Navigate to 'https://cdnc-group2.herokuapp.com/' successfully

2021-05-28 22:19:14 - [TEST_STEP][PASSED] - setText(findTestObject("Object Repository/Page_Mattermost/input_All team communication in one place, _dcc84b"), "ngoctin040999@gmail.com"): Text 'ngoctin040999@gmail.com' is set on object 'Object Repository/Page_Mattermost/input_All team communication in one place, _dcc84b'

2021-05-28 22:19:19 - [MESSAGE][PASSED] - Text 'ngoctin040999@gmail.com' is set on object 'Object Repository/Page_Mattermost/input_All team communication in one place, _dcc84b'

2021-05-28 22:19:19 - [TEST_STEP][PASSED] - setEncryptedText(findTestObject("Object Repository/Page_Mattermost/input_All team communication in one place, _a3edc6"), "S8w1SJvl7D1hts9IdMV+NQ=="): Text ****** has been set on object 'Object Repository/Page_Mattermost/input_All team communication in one place, _a3edc6'

2021-05-28 22:19:20 - [MESSAGE][PASSED] - Text ****** has been set on object 'Object Repository/Page_Mattermost/input_All team communication in one place, _a3edc6'

2021-05-28 22:19:20 - [TEST_STEP][PASSED] - click(findTestObject("Object Repository/Page_Mattermost/button_Sign in")): Object: 'Object Repository/Page_Mattermost/button_Sign in' is clicked on

2021-05-28 22:19:20 - [MESSAGE][PASSED] - Object: 'Object Repository/Page_Mattermost/button_Sign in' is clicked on

2021-05-28 22:19:20 - [TEST_STEP][PASSED] - if (findTestObject("Object Repository/Page_Town Square - TOKEN_UPDATED Mattermost/span_Test") == null): null

2021-05-28 22:19:21 - [TEST_STEP][FAILED] - click(findTestObject("Object Repository/Page_Town Square - TOKEN_UPDATED Mattermost/span_Test")): Unable to click on object 'Object Repository/Page_Town Square - TOKEN_UPDATED Mattermost/span_Test' (Root cause: com.kms.katalon.core.exception.StepFailedException: Unable to click on object 'Object Repository/Page_Town Square - TOKEN_UPDATED Mattermost/span_Test'
	at com.kms.katalon.core.webui.keyword.internal.WebUIKeywordMain.stepFailed(WebUIKeywordMain.groovy:64)
	at com.kms.katalon.core.webui.keyword.internal.WebUIKeywordMain.runKeyword(WebUIKeywordMain.groovy:26)
	at com.kms.katalon.core.webui.keyword.builtin.ClickKeyword.click(ClickKeyword.groovy:75)
	at com.kms.katalon.core.webui.keyword.builtin.ClickKeyword.execute(ClickKeyword.groovy:42)
	at com.kms.katalon.core.keyword.internal.KeywordExecutor.executeKeywordForPlatform(KeywordExecutor.groovy:73)
	at com.kms.katalon.core.webui.keyword.WebUiBuiltInKeywords.click(WebUiBuiltInKeywords.groovy:619)
	at com.kms.katalon.core.webui.keyword.WebUiBuiltInKeywords$click$4.call(Unknown Source)
	at SearchInChannelWithTextHaveSpace.run(SearchInChannelWithTextHaveSpace:35)
	at com.kms.katalon.core.main.ScriptEngine.run(ScriptEngine.java:194)
	at com.kms.katalon.core.main.ScriptEngine.runScriptAsRawText(ScriptEngine.java:119)
	at com.kms.katalon.core.main.TestCaseExecutor.runScript(TestCaseExecutor.java:398)
	at com.kms.katalon.core.main.TestCaseExecutor.doExecute(TestCaseExecutor.java:389)
	at com.kms.katalon.core.main.TestCaseExecutor.processExecutionPhase(TestCaseExecutor.java:368)
	at com.kms.katalon.core.main.TestCaseExecutor.accessMainPhase(TestCaseExecutor.java:360)
	at com.kms.katalon.core.main.TestCaseExecutor.execute(TestCaseExecutor.java:255)
	at com.kms.katalon.core.main.TestSuiteExecutor.accessTestCaseMainPhase(TestSuiteExecutor.java:203)
	at com.kms.katalon.core.main.TestSuiteExecutor.accessTestSuiteMainPhase(TestSuiteExecutor.java:152)
	at com.kms.katalon.core.main.TestSuiteExecutor.execute(TestSuiteExecutor.java:95)
	at com.kms.katalon.core.main.TestCaseMain.startTestSuite(TestCaseMain.java:157)
	at com.kms.katalon.core.main.TestCaseMain$startTestSuite$0.call(Unknown Source)
	at TempTestSuite1622212592997.run(TempTestSuite1622212592997.groovy:39)
Caused by: org.openqa.selenium.ElementClickInterceptedException: element click intercepted: Element <span class="status ">...</span> is not clickable at point (23, 523). Other element would receive the click: <div style="position: absolute; height: 6px; transition: opacity 500ms ease 0s; opacity: 0; right: 2px; bottom: 2px; left: 2px; border-radius: 3px;">...</div>
  (Session info: chrome=90.0.4430.212)
Build info: version: '3.141.59', revision: 'e82be7d358', time: '2018-11-14T08:25:53'
System info: host: 'DESKTOP-0HE72I0', ip: '192.168.243.2', os.name: 'Windows 10', os.arch: 'amd64', os.version: '10.0', java.version: '1.8.0_282'
Driver info: com.kms.katalon.selenium.driver.CChromeDriver
Capabilities {acceptInsecureCerts: false, browserName: chrome, browserVersion: 90.0.4430.212, chrome: {chromedriverVersion: 90.0.4430.24 (4c6d850f087da..., userDataDir: C:\Users\tanth\AppData\Loca...}, goog:chromeOptions: {debuggerAddress: localhost:59365}, javascriptEnabled: true, networkConnectionEnabled: false, pageLoadStrategy: normal, platform: WINDOWS, platformName: WINDOWS, proxy: Proxy(), setWindowRect: true, strictFileInteractability: false, timeouts: {implicit: 0, pageLoad: 300000, script: 30000}, unhandledPromptBehavior: dismiss and notify, webauthn:extension:largeBlob: true, webauthn:virtualAuthenticators: true}
Session ID: 0165db0cd75d4c3d1f0397f2a521fad4
	at org.openqa.selenium.remote.http.W3CHttpResponseCodec.createException(W3CHttpResponseCodec.java:187)
	at org.openqa.selenium.remote.http.W3CHttpResponseCodec.decode(W3CHttpResponseCodec.java:122)
	at org.openqa.selenium.remote.http.W3CHttpResponseCodec.decode(W3CHttpResponseCodec.java:49)
	at org.openqa.selenium.remote.HttpCommandExecutor.execute(HttpCommandExecutor.java:158)
	at org.openqa.selenium.remote.service.DriverCommandExecutor.execute(DriverCommandExecutor.java:83)
	at org.openqa.selenium.remote.RemoteWebDriver.execute(RemoteWebDriver.java:552)
	at com.kms.katalon.selenium.driver.CChromeDriver.execute(CChromeDriver.java:19)
	at org.openqa.selenium.remote.RemoteWebElement.execute(RemoteWebElement.java:285)
	at org.openqa.selenium.remote.RemoteWebElement.click(RemoteWebElement.java:84)
	at org.openqa.selenium.support.events.EventFiringWebDriver$EventFiringWebElement.lambda$new$0(EventFiringWebDriver.java:404)
	at com.sun.proxy.$Proxy11.click(Unknown Source)
	at org.openqa.selenium.support.events.EventFiringWebDriver$EventFiringWebElement.click(EventFiringWebDriver.java:417)
	at com.kms.katalon.core.webui.keyword.builtin.ClickKeyword$_click_closure1.doCall(ClickKeyword.groovy:68)
	at com.kms.katalon.core.webui.keyword.builtin.ClickKeyword$_click_closure1.call(ClickKeyword.groovy)
	at com.kms.katalon.core.webui.keyword.internal.WebUIKeywordMain.runKeyword(WebUIKeywordMain.groovy:20)
	at com.kms.katalon.core.webui.keyword.builtin.ClickKeyword.click(ClickKeyword.groovy:75)
	at com.kms.katalon.core.webui.keyword.builtin.ClickKeyword.execute(ClickKeyword.groovy:42)
	at com.kms.katalon.core.keyword.internal.KeywordExecutor.executeKeywordForPlatform(KeywordExecutor.groovy:73)
	at com.kms.katalon.core.webui.keyword.WebUiBuiltInKeywords.click(WebUiBuiltInKeywords.groovy:619)
	at com.kms.katalon.core.webui.keyword.WebUiBuiltInKeywords$click$4.call(Unknown Source)
	at Script1621696393777.run(Script1621696393777.groovy:35)
	... 13 more
)

2021-05-28 22:19:52 - [MESSAGE][INFO] - Unable to find the element located by 'By.xpath: //a[@id='sidebarItem_test']/span[2]/span'. Please recheck the objects properties to make sure the desired element is located. 

2021-05-28 22:19:52 - [MESSAGE][WARNING] - [SELF-HEALING] Failed to find element with id 'Object Repository/Page_Town Square - TOKEN_UPDATED Mattermost/span_Test'. Try using Self-healing.

2021-05-28 22:19:53 - [MESSAGE][WARNING] - [SELF-HEALING] The current locator of test object 'Object Repository/Page_Town Square - TOKEN_UPDATED Mattermost/span_Test' was broken. Propose an alternative one: '(.//*[normalize-space(text()) and normalize-space(.)='+'])[2]/following::span[3]'.

2021-05-28 22:19:54 - [MESSAGE][FAILED] - Unable to click on object 'Object Repository/Page_Town Square - TOKEN_UPDATED Mattermost/span_Test' (Root cause: com.kms.katalon.core.exception.StepFailedException: Unable to click on object 'Object Repository/Page_Town Square - TOKEN_UPDATED Mattermost/span_Test'
	at com.kms.katalon.core.webui.keyword.internal.WebUIKeywordMain.stepFailed(WebUIKeywordMain.groovy:64)
	at com.kms.katalon.core.webui.keyword.internal.WebUIKeywordMain.runKeyword(WebUIKeywordMain.groovy:26)
	at com.kms.katalon.core.webui.keyword.builtin.ClickKeyword.click(ClickKeyword.groovy:75)
	at com.kms.katalon.core.webui.keyword.builtin.ClickKeyword.execute(ClickKeyword.groovy:42)
	at com.kms.katalon.core.keyword.internal.KeywordExecutor.executeKeywordForPlatform(KeywordExecutor.groovy:73)
	at com.kms.katalon.core.webui.keyword.WebUiBuiltInKeywords.click(WebUiBuiltInKeywords.groovy:619)
	at com.kms.katalon.core.webui.keyword.WebUiBuiltInKeywords$click$4.call(Unknown Source)
	at SearchInChannelWithTextHaveSpace.run(SearchInChannelWithTextHaveSpace:35)
	at com.kms.katalon.core.main.ScriptEngine.run(ScriptEngine.java:194)
	at com.kms.katalon.core.main.ScriptEngine.runScriptAsRawText(ScriptEngine.java:119)
	at com.kms.katalon.core.main.TestCaseExecutor.runScript(TestCaseExecutor.java:398)
	at com.kms.katalon.core.main.TestCaseExecutor.doExecute(TestCaseExecutor.java:389)
	at com.kms.katalon.core.main.TestCaseExecutor.processExecutionPhase(TestCaseExecutor.java:368)
	at com.kms.katalon.core.main.TestCaseExecutor.accessMainPhase(TestCaseExecutor.java:360)
	at com.kms.katalon.core.main.TestCaseExecutor.execute(TestCaseExecutor.java:255)
	at com.kms.katalon.core.main.TestSuiteExecutor.accessTestCaseMainPhase(TestSuiteExecutor.java:203)
	at com.kms.katalon.core.main.TestSuiteExecutor.accessTestSuiteMainPhase(TestSuiteExecutor.java:152)
	at com.kms.katalon.core.main.TestSuiteExecutor.execute(TestSuiteExecutor.java:95)
	at com.kms.katalon.core.main.TestCaseMain.startTestSuite(TestCaseMain.java:157)
	at com.kms.katalon.core.main.TestCaseMain$startTestSuite$0.call(Unknown Source)
	at TempTestSuite1622212592997.run(TempTestSuite1622212592997.groovy:39)
Caused by: org.openqa.selenium.ElementClickInterceptedException: element click intercepted: Element <span class="status ">...</span> is not clickable at point (23, 523). Other element would receive the click: <div style="position: absolute; height: 6px; transition: opacity 500ms ease 0s; opacity: 0; right: 2px; bottom: 2px; left: 2px; border-radius: 3px;">...</div>
  (Session info: chrome=90.0.4430.212)
Build info: version: '3.141.59', revision: 'e82be7d358', time: '2018-11-14T08:25:53'
System info: host: 'DESKTOP-0HE72I0', ip: '192.168.243.2', os.name: 'Windows 10', os.arch: 'amd64', os.version: '10.0', java.version: '1.8.0_282'
Driver info: com.kms.katalon.selenium.driver.CChromeDriver
Capabilities {acceptInsecureCerts: false, browserName: chrome, browserVersion: 90.0.4430.212, chrome: {chromedriverVersion: 90.0.4430.24 (4c6d850f087da..., userDataDir: C:\Users\tanth\AppData\Loca...}, goog:chromeOptions: {debuggerAddress: localhost:59365}, javascriptEnabled: true, networkConnectionEnabled: false, pageLoadStrategy: normal, platform: WINDOWS, platformName: WINDOWS, proxy: Proxy(), setWindowRect: true, strictFileInteractability: false, timeouts: {implicit: 0, pageLoad: 300000, script: 30000}, unhandledPromptBehavior: dismiss and notify, webauthn:extension:largeBlob: true, webauthn:virtualAuthenticators: true}
Session ID: 0165db0cd75d4c3d1f0397f2a521fad4
	at org.openqa.selenium.remote.http.W3CHttpResponseCodec.createException(W3CHttpResponseCodec.java:187)
	at org.openqa.selenium.remote.http.W3CHttpResponseCodec.decode(W3CHttpResponseCodec.java:122)
	at org.openqa.selenium.remote.http.W3CHttpResponseCodec.decode(W3CHttpResponseCodec.java:49)
	at org.openqa.selenium.remote.HttpCommandExecutor.execute(HttpCommandExecutor.java:158)
	at org.openqa.selenium.remote.service.DriverCommandExecutor.execute(DriverCommandExecutor.java:83)
	at org.openqa.selenium.remote.RemoteWebDriver.execute(RemoteWebDriver.java:552)
	at com.kms.katalon.selenium.driver.CChromeDriver.execute(CChromeDriver.java:19)
	at org.openqa.selenium.remote.RemoteWebElement.execute(RemoteWebElement.java:285)
	at org.openqa.selenium.remote.RemoteWebElement.click(RemoteWebElement.java:84)
	at org.openqa.selenium.support.events.EventFiringWebDriver$EventFiringWebElement.lambda$new$0(EventFiringWebDriver.java:404)
	at com.sun.proxy.$Proxy11.click(Unknown Source)
	at org.openqa.selenium.support.events.EventFiringWebDriver$EventFiringWebElement.click(EventFiringWebDriver.java:417)
	at com.kms.katalon.core.webui.keyword.builtin.ClickKeyword$_click_closure1.doCall(ClickKeyword.groovy:68)
	at com.kms.katalon.core.webui.keyword.builtin.ClickKeyword$_click_closure1.call(ClickKeyword.groovy)
	at com.kms.katalon.core.webui.keyword.internal.WebUIKeywordMain.runKeyword(WebUIKeywordMain.groovy:20)
	at com.kms.katalon.core.webui.keyword.builtin.ClickKeyword.click(ClickKeyword.groovy:75)
	at com.kms.katalon.core.webui.keyword.builtin.ClickKeyword.execute(ClickKeyword.groovy:42)
	at com.kms.katalon.core.keyword.internal.KeywordExecutor.executeKeywordForPlatform(KeywordExecutor.groovy:73)
	at com.kms.katalon.core.webui.keyword.WebUiBuiltInKeywords.click(WebUiBuiltInKeywords.groovy:619)
	at com.kms.katalon.core.webui.keyword.WebUiBuiltInKeywords$click$4.call(Unknown Source)
	at Script1621696393777.run(Script1621696393777.groovy:35)
	... 13 more
)
[[ATTACHMENT|C:\\Users\\tanth\\git\\katalon\\Reports\\20210528_213632\\Run all test cases\\20210528_213632\\1622215194213.png]]]]></system-out>
         <system-err><![CDATA[2021-05-28 22:19:06 - [TEST_CASE][FAILED] - Test Cases/SearchInChannelWithTextHaveSpace: Test Cases/SearchInChannelWithTextHaveSpace FAILED.
Reason:
com.kms.katalon.core.exception.StepFailedException: Unable to click on object 'Object Repository/Page_Town Square - TOKEN_UPDATED Mattermost/span_Test'
	at com.kms.katalon.core.webui.keyword.internal.WebUIKeywordMain.stepFailed(WebUIKeywordMain.groovy:64)
	at com.kms.katalon.core.webui.keyword.internal.WebUIKeywordMain.runKeyword(WebUIKeywordMain.groovy:26)
	at com.kms.katalon.core.webui.keyword.builtin.ClickKeyword.click(ClickKeyword.groovy:75)
	at com.kms.katalon.core.webui.keyword.builtin.ClickKeyword.execute(ClickKeyword.groovy:42)
	at com.kms.katalon.core.keyword.internal.KeywordExecutor.executeKeywordForPlatform(KeywordExecutor.groovy:73)
	at com.kms.katalon.core.webui.keyword.WebUiBuiltInKeywords.click(WebUiBuiltInKeywords.groovy:619)
	at com.kms.katalon.core.webui.keyword.WebUiBuiltInKeywords$click$4.call(Unknown Source)
	at SearchInChannelWithTextHaveSpace.run(SearchInChannelWithTextHaveSpace:35)
	at com.kms.katalon.core.main.ScriptEngine.run(ScriptEngine.java:194)
	at com.kms.katalon.core.main.ScriptEngine.runScriptAsRawText(ScriptEngine.java:119)
	at com.kms.katalon.core.main.TestCaseExecutor.runScript(TestCaseExecutor.java:398)
	at com.kms.katalon.core.main.TestCaseExecutor.doExecute(TestCaseExecutor.java:389)
	at com.kms.katalon.core.main.TestCaseExecutor.processExecutionPhase(TestCaseExecutor.java:368)
	at com.kms.katalon.core.main.TestCaseExecutor.accessMainPhase(TestCaseExecutor.java:360)
	at com.kms.katalon.core.main.TestCaseExecutor.execute(TestCaseExecutor.java:255)
	at com.kms.katalon.core.main.TestSuiteExecutor.accessTestCaseMainPhase(TestSuiteExecutor.java:203)
	at com.kms.katalon.core.main.TestSuiteExecutor.accessTestSuiteMainPhase(TestSuiteExecutor.java:152)
	at com.kms.katalon.core.main.TestSuiteExecutor.execute(TestSuiteExecutor.java:95)
	at com.kms.katalon.core.main.TestCaseMain.startTestSuite(TestCaseMain.java:157)
	at com.kms.katalon.core.main.TestCaseMain$startTestSuite$0.call(Unknown Source)
	at TempTestSuite1622212592997.run(TempTestSuite1622212592997.groovy:39)
Caused by: org.openqa.selenium.ElementClickInterceptedException: element click intercepted: Element <span class="status ">...</span> is not clickable at point (23, 523). Other element would receive the click: <div style="position: absolute; height: 6px; transition: opacity 500ms ease 0s; opacity: 0; right: 2px; bottom: 2px; left: 2px; border-radius: 3px;">...</div>
  (Session info: chrome=90.0.4430.212)
Build info: version: '3.141.59', revision: 'e82be7d358', time: '2018-11-14T08:25:53'
System info: host: 'DESKTOP-0HE72I0', ip: '192.168.243.2', os.name: 'Windows 10', os.arch: 'amd64', os.version: '10.0', java.version: '1.8.0_282'
Driver info: com.kms.katalon.selenium.driver.CChromeDriver
Capabilities {acceptInsecureCerts: false, browserName: chrome, browserVersion: 90.0.4430.212, chrome: {chromedriverVersion: 90.0.4430.24 (4c6d850f087da..., userDataDir: C:\Users\tanth\AppData\Loca...}, goog:chromeOptions: {debuggerAddress: localhost:59365}, javascriptEnabled: true, networkConnectionEnabled: false, pageLoadStrategy: normal, platform: WINDOWS, platformName: WINDOWS, proxy: Proxy(), setWindowRect: true, strictFileInteractability: false, timeouts: {implicit: 0, pageLoad: 300000, script: 30000}, unhandledPromptBehavior: dismiss and notify, webauthn:extension:largeBlob: true, webauthn:virtualAuthenticators: true}
Session ID: 0165db0cd75d4c3d1f0397f2a521fad4
	at org.openqa.selenium.remote.http.W3CHttpResponseCodec.createException(W3CHttpResponseCodec.java:187)
	at org.openqa.selenium.remote.http.W3CHttpResponseCodec.decode(W3CHttpResponseCodec.java:122)
	at org.openqa.selenium.remote.http.W3CHttpResponseCodec.decode(W3CHttpResponseCodec.java:49)
	at org.openqa.selenium.remote.HttpCommandExecutor.execute(HttpCommandExecutor.java:158)
	at org.openqa.selenium.remote.service.DriverCommandExecutor.execute(DriverCommandExecutor.java:83)
	at org.openqa.selenium.remote.RemoteWebDriver.execute(RemoteWebDriver.java:552)
	at com.kms.katalon.selenium.driver.CChromeDriver.execute(CChromeDriver.java:19)
	at org.openqa.selenium.remote.RemoteWebElement.execute(RemoteWebElement.java:285)
	at org.openqa.selenium.remote.RemoteWebElement.click(RemoteWebElement.java:84)
	at org.openqa.selenium.support.events.EventFiringWebDriver$EventFiringWebElement.lambda$new$0(EventFiringWebDriver.java:404)
	at com.sun.proxy.$Proxy11.click(Unknown Source)
	at org.openqa.selenium.support.events.EventFiringWebDriver$EventFiringWebElement.click(EventFiringWebDriver.java:417)
	at com.kms.katalon.core.webui.keyword.builtin.ClickKeyword$_click_closure1.doCall(ClickKeyword.groovy:68)
	at com.kms.katalon.core.webui.keyword.builtin.ClickKeyword$_click_closure1.call(ClickKeyword.groovy)
	at com.kms.katalon.core.webui.keyword.internal.WebUIKeywordMain.runKeyword(WebUIKeywordMain.groovy:20)
	... 19 more]]></system-err>
      </testcase>
      <testcase name="Test Cases/UnpinMessage" time="89.005" classname="Test Cases/UnpinMessage" status="FAILED">
         <failure type="FAILED" message="Test Cases/UnpinMessage FAILED.
Reason:
com.kms.katalon.core.exception.StepFailedException: Unable to move mouse over object 'Object Repository/FixElement/Page_Test 123 - Team Mattermost/div_Pinnedngoctin123451059 PMMessage'
	at com.kms.katalon.core.webui.keyword.internal.WebUIKeywordMain.stepFailed(WebUIKeywordMain.groovy:64)
	at com.kms.katalon.core.webui.keyword.internal.WebUIKeywordMain.runKeyword(WebUIKeywordMain.groovy:26)
	at com.kms.katalon.core.webui.keyword.builtin.MouseOverKeyword.mouseOver(MouseOverKeyword.groovy:66)
	at com.kms.katalon.core.webui.keyword.builtin.MouseOverKeyword.execute(MouseOverKeyword.groovy:40)
	at com.kms.katalon.core.keyword.internal.KeywordExecutor.executeKeywordForPlatform(KeywordExecutor.groovy:73)
	at com.kms.katalon.core.webui.keyword.WebUiBuiltInKeywords.mouseOver(WebUiBuiltInKeywords.groovy:805)
	at com.kms.katalon.core.webui.keyword.WebUiBuiltInKeywords$mouseOver$9.call(Unknown Source)
	at UnpinMessage.run(UnpinMessage:43)
	at com.kms.katalon.core.main.ScriptEngine.run(ScriptEngine.java:194)
	at com.kms.katalon.core.main.ScriptEngine.runScriptAsRawText(ScriptEngine.java:119)
	at com.kms.katalon.core.main.TestCaseExecutor.runScript(TestCaseExecutor.java:398)
	at com.kms.katalon.core.main.TestCaseExecutor.doExecute(TestCaseExecutor.java:389)
	at com.kms.katalon.core.main.TestCaseExecutor.processExecutionPhase(TestCaseExecutor.java:368)
	at com.kms.katalon.core.main.TestCaseExecutor.accessMainPhase(TestCaseExecutor.java:360)
	at com.kms.katalon.core.main.TestCaseExecutor.execute(TestCaseExecutor.java:255)
	at com.kms.katalon.core.main.TestSuiteExecutor.accessTestCaseMainPhase(TestSuiteExecutor.java:203)
	at com.kms.katalon.core.main.TestSuiteExecutor.accessTestSuiteMainPhase(TestSuiteExecutor.java:152)
	at com.kms.katalon.core.main.TestSuiteExecutor.execute(TestSuiteExecutor.java:95)
	at com.kms.katalon.core.main.TestCaseMain.startTestSuite(TestCaseMain.java:157)
	at com.kms.katalon.core.main.TestCaseMain$startTestSuite$0.call(Unknown Source)
	at TempTestSuite1622212592997.run(TempTestSuite1622212592997.groovy:39)
Caused by: com.kms.katalon.core.webui.exception.WebElementNotFoundException: Web element with id: 'Object Repository/FixElement/Page_Test 123 - Team Mattermost/div_Pinnedngoctin123451059 PMMessage' located by '//div[@id='post_cbnbttpn1ig5jg13jidu64xfbc']' not found
	at com.kms.katalon.core.webui.common.WebUiCommonHelper.findWebElement(WebUiCommonHelper.java:1368)
	at com.kms.katalon.core.webui.keyword.internal.WebUIAbstractKeyword.findWebElement(WebUIAbstractKeyword.groovy:27)
	at com.kms.katalon.core.webui.keyword.internal.WebUIAbstractKeyword.findWebElement(WebUIAbstractKeyword.groovy:26)
	at com.kms.katalon.core.webui.keyword.builtin.MouseOverKeyword$_mouseOver_closure1.doCall(MouseOverKeyword.groovy:54)
	at com.kms.katalon.core.webui.keyword.builtin.MouseOverKeyword$_mouseOver_closure1.call(MouseOverKeyword.groovy)
	at com.kms.katalon.core.webui.keyword.internal.WebUIKeywordMain.runKeyword(WebUIKeywordMain.groovy:20)
	... 19 more
"/>
         <system-out><![CDATA[2021-05-28 22:19:54 - [TEST_CASE][FAILED] - Test Cases/UnpinMessage: Test Cases/UnpinMessage FAILED.
Reason:
com.kms.katalon.core.exception.StepFailedException: Unable to move mouse over object 'Object Repository/FixElement/Page_Test 123 - Team Mattermost/div_Pinnedngoctin123451059 PMMessage'
	at com.kms.katalon.core.webui.keyword.internal.WebUIKeywordMain.stepFailed(WebUIKeywordMain.groovy:64)
	at com.kms.katalon.core.webui.keyword.internal.WebUIKeywordMain.runKeyword(WebUIKeywordMain.groovy:26)
	at com.kms.katalon.core.webui.keyword.builtin.MouseOverKeyword.mouseOver(MouseOverKeyword.groovy:66)
	at com.kms.katalon.core.webui.keyword.builtin.MouseOverKeyword.execute(MouseOverKeyword.groovy:40)
	at com.kms.katalon.core.keyword.internal.KeywordExecutor.executeKeywordForPlatform(KeywordExecutor.groovy:73)
	at com.kms.katalon.core.webui.keyword.WebUiBuiltInKeywords.mouseOver(WebUiBuiltInKeywords.groovy:805)
	at com.kms.katalon.core.webui.keyword.WebUiBuiltInKeywords$mouseOver$9.call(Unknown Source)
	at UnpinMessage.run(UnpinMessage:43)
	at com.kms.katalon.core.main.ScriptEngine.run(ScriptEngine.java:194)
	at com.kms.katalon.core.main.ScriptEngine.runScriptAsRawText(ScriptEngine.java:119)
	at com.kms.katalon.core.main.TestCaseExecutor.runScript(TestCaseExecutor.java:398)
	at com.kms.katalon.core.main.TestCaseExecutor.doExecute(TestCaseExecutor.java:389)
	at com.kms.katalon.core.main.TestCaseExecutor.processExecutionPhase(TestCaseExecutor.java:368)
	at com.kms.katalon.core.main.TestCaseExecutor.accessMainPhase(TestCaseExecutor.java:360)
	at com.kms.katalon.core.main.TestCaseExecutor.execute(TestCaseExecutor.java:255)
	at com.kms.katalon.core.main.TestSuiteExecutor.accessTestCaseMainPhase(TestSuiteExecutor.java:203)
	at com.kms.katalon.core.main.TestSuiteExecutor.accessTestSuiteMainPhase(TestSuiteExecutor.java:152)
	at com.kms.katalon.core.main.TestSuiteExecutor.execute(TestSuiteExecutor.java:95)
	at com.kms.katalon.core.main.TestCaseMain.startTestSuite(TestCaseMain.java:157)
	at com.kms.katalon.core.main.TestCaseMain$startTestSuite$0.call(Unknown Source)
	at TempTestSuite1622212592997.run(TempTestSuite1622212592997.groovy:39)
Caused by: com.kms.katalon.core.webui.exception.WebElementNotFoundException: Web element with id: 'Object Repository/FixElement/Page_Test 123 - Team Mattermost/div_Pinnedngoctin123451059 PMMessage' located by '//div[@id='post_cbnbttpn1ig5jg13jidu64xfbc']' not found
	at com.kms.katalon.core.webui.common.WebUiCommonHelper.findWebElement(WebUiCommonHelper.java:1368)
	at com.kms.katalon.core.webui.keyword.internal.WebUIAbstractKeyword.findWebElement(WebUIAbstractKeyword.groovy:27)
	at com.kms.katalon.core.webui.keyword.internal.WebUIAbstractKeyword.findWebElement(WebUIAbstractKeyword.groovy:26)
	at com.kms.katalon.core.webui.keyword.builtin.MouseOverKeyword$_mouseOver_closure1.doCall(MouseOverKeyword.groovy:54)
	at com.kms.katalon.core.webui.keyword.builtin.MouseOverKeyword$_mouseOver_closure1.call(MouseOverKeyword.groovy)
	at com.kms.katalon.core.webui.keyword.internal.WebUIKeywordMain.runKeyword(WebUIKeywordMain.groovy:20)
	... 19 more


2021-05-28 22:19:55 - [TEST_STEP][PASSED] - openBrowser(""): Browser is opened with url: ''

2021-05-28 22:19:55 - [MESSAGE][WARNING] - A browser is already opened. Closing browser and opening a new one

2021-05-28 22:19:56 - [MESSAGE][INFO] - Starting 'Chrome' driver

2021-05-28 22:19:56 - [MESSAGE][INFO] - Action delay is set to 0 milliseconds

2021-05-28 22:19:58 - [MESSAGE][PASSED] - Browser is opened with url: ''

2021-05-28 22:19:58 - [TEST_STEP][PASSED] - navigateToUrl("https://cdnc-group2.herokuapp.com/login"): Navigate to 'https://cdnc-group2.herokuapp.com/login' successfully

2021-05-28 22:20:10 - [MESSAGE][PASSED] - Navigate to 'https://cdnc-group2.herokuapp.com/login' successfully

2021-05-28 22:20:10 - [TEST_STEP][PASSED] - setText(findTestObject("Object Repository/DeleteMessage_OR/Page_Mattermost/input_All team communication in one place, _dcc84b"), "ngoctin040999@gmail.com"): Text 'ngoctin040999@gmail.com' is set on object 'Object Repository/DeleteMessage_OR/Page_Mattermost/input_All team communication in one place, _dcc84b'

2021-05-28 22:20:14 - [MESSAGE][PASSED] - Text 'ngoctin040999@gmail.com' is set on object 'Object Repository/DeleteMessage_OR/Page_Mattermost/input_All team communication in one place, _dcc84b'

2021-05-28 22:20:14 - [TEST_STEP][PASSED] - setEncryptedText(findTestObject("Object Repository/DeleteMessage_OR/Page_Mattermost/input_All team communication in one place, _a3edc6"), "S8w1SJvl7D1hts9IdMV+NQ=="): Text ****** has been set on object 'Object Repository/DeleteMessage_OR/Page_Mattermost/input_All team communication in one place, _a3edc6'

2021-05-28 22:20:15 - [MESSAGE][PASSED] - Text ****** has been set on object 'Object Repository/DeleteMessage_OR/Page_Mattermost/input_All team communication in one place, _a3edc6'

2021-05-28 22:20:15 - [TEST_STEP][PASSED] - sendKeys(findTestObject("Object Repository/DeleteMessage_OR/Page_Mattermost/input_All team communication in one place, _a3edc6"), Keys.chord(ENTER)): Keys 'ENTER + ' sent to object: 'Object Repository/DeleteMessage_OR/Page_Mattermost/input_All team communication in one place, _a3edc6'

2021-05-28 22:20:16 - [MESSAGE][PASSED] - Keys 'ENTER + ' sent to object: 'Object Repository/DeleteMessage_OR/Page_Mattermost/input_All team communication in one place, _a3edc6'

2021-05-28 22:20:16 - [TEST_STEP][PASSED] - a = findTestObject("Object Repository/DeleteMessage_OR/Page_Town Square - TOKEN_UPDATED Mattermost/span_Test 77777"): null

2021-05-28 22:20:16 - [TEST_STEP][PASSED] - b = findTestObject("Object Repository/FixElement/Page_Test 123 - Team Mattermost/div_Pinnedngoctin123451059 PMMessage"): null

2021-05-28 22:20:16 - [TEST_STEP][PASSED] - c = findTestObject("Object Repository/FixElement/Page_Test 123 - Team Mattermost/button_ngoctin12345_CENTER_button_cbnbttpn1ig5jg13jidu64xfbc"): null

2021-05-28 22:20:16 - [TEST_STEP][PASSED] - d = findTestObject("Object Repository/FixElement/Page_Test 123 - Team Mattermost/div_Pinnedngoctin123451059 PMMessage"): null

2021-05-28 22:20:16 - [TEST_STEP][FAILED] - if (a != null && b != null && c != null && d != null): Unable to move mouse over object 'Object Repository/FixElement/Page_Test 123 - Team Mattermost/div_Pinnedngoctin123451059 PMMessage' (Root cause: com.kms.katalon.core.exception.StepFailedException: Unable to move mouse over object 'Object Repository/FixElement/Page_Test 123 - Team Mattermost/div_Pinnedngoctin123451059 PMMessage'
	at com.kms.katalon.core.webui.keyword.internal.WebUIKeywordMain.stepFailed(WebUIKeywordMain.groovy:64)
	at com.kms.katalon.core.webui.keyword.internal.WebUIKeywordMain.runKeyword(WebUIKeywordMain.groovy:26)
	at com.kms.katalon.core.webui.keyword.builtin.MouseOverKeyword.mouseOver(MouseOverKeyword.groovy:66)
	at com.kms.katalon.core.webui.keyword.builtin.MouseOverKeyword.execute(MouseOverKeyword.groovy:40)
	at com.kms.katalon.core.keyword.internal.KeywordExecutor.executeKeywordForPlatform(KeywordExecutor.groovy:73)
	at com.kms.katalon.core.webui.keyword.WebUiBuiltInKeywords.mouseOver(WebUiBuiltInKeywords.groovy:805)
	at com.kms.katalon.core.webui.keyword.WebUiBuiltInKeywords$mouseOver$9.call(Unknown Source)
	at UnpinMessage.run(UnpinMessage:43)
	at com.kms.katalon.core.main.ScriptEngine.run(ScriptEngine.java:194)
	at com.kms.katalon.core.main.ScriptEngine.runScriptAsRawText(ScriptEngine.java:119)
	at com.kms.katalon.core.main.TestCaseExecutor.runScript(TestCaseExecutor.java:398)
	at com.kms.katalon.core.main.TestCaseExecutor.doExecute(TestCaseExecutor.java:389)
	at com.kms.katalon.core.main.TestCaseExecutor.processExecutionPhase(TestCaseExecutor.java:368)
	at com.kms.katalon.core.main.TestCaseExecutor.accessMainPhase(TestCaseExecutor.java:360)
	at com.kms.katalon.core.main.TestCaseExecutor.execute(TestCaseExecutor.java:255)
	at com.kms.katalon.core.main.TestSuiteExecutor.accessTestCaseMainPhase(TestSuiteExecutor.java:203)
	at com.kms.katalon.core.main.TestSuiteExecutor.accessTestSuiteMainPhase(TestSuiteExecutor.java:152)
	at com.kms.katalon.core.main.TestSuiteExecutor.execute(TestSuiteExecutor.java:95)
	at com.kms.katalon.core.main.TestCaseMain.startTestSuite(TestCaseMain.java:157)
	at com.kms.katalon.core.main.TestCaseMain$startTestSuite$0.call(Unknown Source)
	at TempTestSuite1622212592997.run(TempTestSuite1622212592997.groovy:39)
Caused by: com.kms.katalon.core.webui.exception.WebElementNotFoundException: Web element with id: 'Object Repository/FixElement/Page_Test 123 - Team Mattermost/div_Pinnedngoctin123451059 PMMessage' located by '//div[@id='post_cbnbttpn1ig5jg13jidu64xfbc']' not found
	at com.kms.katalon.core.webui.common.WebUiCommonHelper.findWebElement(WebUiCommonHelper.java:1368)
	at com.kms.katalon.core.webui.keyword.internal.WebUIAbstractKeyword.findWebElement(WebUIAbstractKeyword.groovy:27)
	at com.kms.katalon.core.webui.keyword.internal.WebUIAbstractKeyword.findWebElement(WebUIAbstractKeyword.groovy:26)
	at com.kms.katalon.core.webui.keyword.builtin.MouseOverKeyword$_mouseOver_closure1.doCall(MouseOverKeyword.groovy:54)
	at com.kms.katalon.core.webui.keyword.builtin.MouseOverKeyword$_mouseOver_closure1.call(MouseOverKeyword.groovy)
	at com.kms.katalon.core.webui.keyword.internal.WebUIKeywordMain.runKeyword(WebUIKeywordMain.groovy:20)
	at com.kms.katalon.core.webui.keyword.builtin.MouseOverKeyword.mouseOver(MouseOverKeyword.groovy:66)
	at com.kms.katalon.core.webui.keyword.builtin.MouseOverKeyword.execute(MouseOverKeyword.groovy:40)
	at com.kms.katalon.core.keyword.internal.KeywordExecutor.executeKeywordForPlatform(KeywordExecutor.groovy:73)
	at com.kms.katalon.core.webui.keyword.WebUiBuiltInKeywords.mouseOver(WebUiBuiltInKeywords.groovy:805)
	at com.kms.katalon.core.webui.keyword.WebUiBuiltInKeywords$mouseOver$9.call(Unknown Source)
	at Script1621733057057.run(Script1621733057057.groovy:43)
	... 13 more
)

2021-05-28 22:20:16 - [TEST_STEP][PASSED] - click(a): Object: 'Object Repository/DeleteMessage_OR/Page_Town Square - TOKEN_UPDATED Mattermost/span_Test 77777' is clicked on

2021-05-28 22:20:48 - [MESSAGE][INFO] - Unable to find the element located by 'By.xpath: //*[(text() = 'Test 77777' or . = 'Test 77777')]'. Please recheck the objects properties to make sure the desired element is located. 

2021-05-28 22:20:48 - [MESSAGE][WARNING] - [SELF-HEALING] Failed to find element with id 'Object Repository/DeleteMessage_OR/Page_Town Square - TOKEN_UPDATED Mattermost/span_Test 77777'. Try using Self-healing.

2021-05-28 22:20:48 - [MESSAGE][WARNING] - [SELF-HEALING] The current locator of test object 'Object Repository/DeleteMessage_OR/Page_Town Square - TOKEN_UPDATED Mattermost/span_Test 77777' was broken. Propose an alternative one: '(.//*[normalize-space(text()) and normalize-space(.)='Test 111223'])[1]/preceding::span[2]'.

2021-05-28 22:20:48 - [MESSAGE][PASSED] - Object: 'Object Repository/DeleteMessage_OR/Page_Town Square - TOKEN_UPDATED Mattermost/span_Test 77777' is clicked on

2021-05-28 22:20:48 - [TEST_STEP][PASSED] - scrollToPosition(50, 60): Browser is scrolled to position x = 50, y = 60

2021-05-28 22:20:48 - [MESSAGE][PASSED] - Browser is scrolled to position x = 50, y = 60

2021-05-28 22:20:48 - [TEST_STEP][FAILED] - mouseOver(b): Unable to move mouse over object 'Object Repository/FixElement/Page_Test 123 - Team Mattermost/div_Pinnedngoctin123451059 PMMessage' (Root cause: com.kms.katalon.core.exception.StepFailedException: Unable to move mouse over object 'Object Repository/FixElement/Page_Test 123 - Team Mattermost/div_Pinnedngoctin123451059 PMMessage'
	at com.kms.katalon.core.webui.keyword.internal.WebUIKeywordMain.stepFailed(WebUIKeywordMain.groovy:64)
	at com.kms.katalon.core.webui.keyword.internal.WebUIKeywordMain.runKeyword(WebUIKeywordMain.groovy:26)
	at com.kms.katalon.core.webui.keyword.builtin.MouseOverKeyword.mouseOver(MouseOverKeyword.groovy:66)
	at com.kms.katalon.core.webui.keyword.builtin.MouseOverKeyword.execute(MouseOverKeyword.groovy:40)
	at com.kms.katalon.core.keyword.internal.KeywordExecutor.executeKeywordForPlatform(KeywordExecutor.groovy:73)
	at com.kms.katalon.core.webui.keyword.WebUiBuiltInKeywords.mouseOver(WebUiBuiltInKeywords.groovy:805)
	at com.kms.katalon.core.webui.keyword.WebUiBuiltInKeywords$mouseOver$9.call(Unknown Source)
	at UnpinMessage.run(UnpinMessage:43)
	at com.kms.katalon.core.main.ScriptEngine.run(ScriptEngine.java:194)
	at com.kms.katalon.core.main.ScriptEngine.runScriptAsRawText(ScriptEngine.java:119)
	at com.kms.katalon.core.main.TestCaseExecutor.runScript(TestCaseExecutor.java:398)
	at com.kms.katalon.core.main.TestCaseExecutor.doExecute(TestCaseExecutor.java:389)
	at com.kms.katalon.core.main.TestCaseExecutor.processExecutionPhase(TestCaseExecutor.java:368)
	at com.kms.katalon.core.main.TestCaseExecutor.accessMainPhase(TestCaseExecutor.java:360)
	at com.kms.katalon.core.main.TestCaseExecutor.execute(TestCaseExecutor.java:255)
	at com.kms.katalon.core.main.TestSuiteExecutor.accessTestCaseMainPhase(TestSuiteExecutor.java:203)
	at com.kms.katalon.core.main.TestSuiteExecutor.accessTestSuiteMainPhase(TestSuiteExecutor.java:152)
	at com.kms.katalon.core.main.TestSuiteExecutor.execute(TestSuiteExecutor.java:95)
	at com.kms.katalon.core.main.TestCaseMain.startTestSuite(TestCaseMain.java:157)
	at com.kms.katalon.core.main.TestCaseMain$startTestSuite$0.call(Unknown Source)
	at TempTestSuite1622212592997.run(TempTestSuite1622212592997.groovy:39)
Caused by: com.kms.katalon.core.webui.exception.WebElementNotFoundException: Web element with id: 'Object Repository/FixElement/Page_Test 123 - Team Mattermost/div_Pinnedngoctin123451059 PMMessage' located by '//div[@id='post_cbnbttpn1ig5jg13jidu64xfbc']' not found
	at com.kms.katalon.core.webui.common.WebUiCommonHelper.findWebElement(WebUiCommonHelper.java:1368)
	at com.kms.katalon.core.webui.keyword.internal.WebUIAbstractKeyword.findWebElement(WebUIAbstractKeyword.groovy:27)
	at com.kms.katalon.core.webui.keyword.internal.WebUIAbstractKeyword.findWebElement(WebUIAbstractKeyword.groovy:26)
	at com.kms.katalon.core.webui.keyword.builtin.MouseOverKeyword$_mouseOver_closure1.doCall(MouseOverKeyword.groovy:54)
	at com.kms.katalon.core.webui.keyword.builtin.MouseOverKeyword$_mouseOver_closure1.call(MouseOverKeyword.groovy)
	at com.kms.katalon.core.webui.keyword.internal.WebUIKeywordMain.runKeyword(WebUIKeywordMain.groovy:20)
	at com.kms.katalon.core.webui.keyword.builtin.MouseOverKeyword.mouseOver(MouseOverKeyword.groovy:66)
	at com.kms.katalon.core.webui.keyword.builtin.MouseOverKeyword.execute(MouseOverKeyword.groovy:40)
	at com.kms.katalon.core.keyword.internal.KeywordExecutor.executeKeywordForPlatform(KeywordExecutor.groovy:73)
	at com.kms.katalon.core.webui.keyword.WebUiBuiltInKeywords.mouseOver(WebUiBuiltInKeywords.groovy:805)
	at com.kms.katalon.core.webui.keyword.WebUiBuiltInKeywords$mouseOver$9.call(Unknown Source)
	at Script1621733057057.run(Script1621733057057.groovy:43)
	... 13 more
)

2021-05-28 22:21:19 - [MESSAGE][INFO] - Unable to find the element located by 'By.xpath: //div[@id='post_cbnbttpn1ig5jg13jidu64xfbc']'. Please recheck the objects properties to make sure the desired element is located. 

2021-05-28 22:21:19 - [MESSAGE][WARNING] - [SELF-HEALING] Failed to find element with id 'Object Repository/FixElement/Page_Test 123 - Team Mattermost/div_Pinnedngoctin123451059 PMMessage'. Try using Self-healing.

2021-05-28 22:21:19 - [MESSAGE][INFO] - [SELF-HEALING] Failed Locator: '//div[@id='post_cbnbttpn1ig5jg13jidu64xfbc']'.

2021-05-28 22:21:20 - [MESSAGE][INFO] - [SELF-HEALING] Failed Locator: '//div[@id='postListContent']/div/div[2]/div/div[59]/div/div'.

2021-05-28 22:21:20 - [MESSAGE][INFO] - [SELF-HEALING] Failed Locator: '(.//*[normalize-space(text()) and normalize-space(.)='ngoctin12345'])[55]/following::div[19]'.

2021-05-28 22:21:20 - [MESSAGE][INFO] - [SELF-HEALING] Failed Locator: '(.//*[normalize-space(text()) and normalize-space(.)='ngoctin12345'])[54]/following::div[43]'.

2021-05-28 22:21:21 - [MESSAGE][INFO] - [SELF-HEALING] Failed Locator: '//div[59]/div/div'.

2021-05-28 22:21:22 - [MESSAGE][INFO] - Unable to find the element located by 'By.xpath: //*[@id = 'post_cbnbttpn1ig5jg13jidu64xfbc' and (text() = 'Pinnedngoctin1234510:59 PMMessage' or . = 'Pinnedngoctin1234510:59 PMMessage')]'. Please recheck the objects properties to make sure the desired element is located. 

2021-05-28 22:21:23 - [MESSAGE][INFO] - Unable to find the element located by 'By.cssSelector: #post_cbnbttpn1ig5jg13jidu64xfbc'. Please recheck the objects properties to make sure the desired element is located. 

2021-05-28 22:21:23 - [MESSAGE][FAILED] - Unable to move mouse over object 'Object Repository/FixElement/Page_Test 123 - Team Mattermost/div_Pinnedngoctin123451059 PMMessage' (Root cause: com.kms.katalon.core.exception.StepFailedException: Unable to move mouse over object 'Object Repository/FixElement/Page_Test 123 - Team Mattermost/div_Pinnedngoctin123451059 PMMessage'
	at com.kms.katalon.core.webui.keyword.internal.WebUIKeywordMain.stepFailed(WebUIKeywordMain.groovy:64)
	at com.kms.katalon.core.webui.keyword.internal.WebUIKeywordMain.runKeyword(WebUIKeywordMain.groovy:26)
	at com.kms.katalon.core.webui.keyword.builtin.MouseOverKeyword.mouseOver(MouseOverKeyword.groovy:66)
	at com.kms.katalon.core.webui.keyword.builtin.MouseOverKeyword.execute(MouseOverKeyword.groovy:40)
	at com.kms.katalon.core.keyword.internal.KeywordExecutor.executeKeywordForPlatform(KeywordExecutor.groovy:73)
	at com.kms.katalon.core.webui.keyword.WebUiBuiltInKeywords.mouseOver(WebUiBuiltInKeywords.groovy:805)
	at com.kms.katalon.core.webui.keyword.WebUiBuiltInKeywords$mouseOver$9.call(Unknown Source)
	at UnpinMessage.run(UnpinMessage:43)
	at com.kms.katalon.core.main.ScriptEngine.run(ScriptEngine.java:194)
	at com.kms.katalon.core.main.ScriptEngine.runScriptAsRawText(ScriptEngine.java:119)
	at com.kms.katalon.core.main.TestCaseExecutor.runScript(TestCaseExecutor.java:398)
	at com.kms.katalon.core.main.TestCaseExecutor.doExecute(TestCaseExecutor.java:389)
	at com.kms.katalon.core.main.TestCaseExecutor.processExecutionPhase(TestCaseExecutor.java:368)
	at com.kms.katalon.core.main.TestCaseExecutor.accessMainPhase(TestCaseExecutor.java:360)
	at com.kms.katalon.core.main.TestCaseExecutor.execute(TestCaseExecutor.java:255)
	at com.kms.katalon.core.main.TestSuiteExecutor.accessTestCaseMainPhase(TestSuiteExecutor.java:203)
	at com.kms.katalon.core.main.TestSuiteExecutor.accessTestSuiteMainPhase(TestSuiteExecutor.java:152)
	at com.kms.katalon.core.main.TestSuiteExecutor.execute(TestSuiteExecutor.java:95)
	at com.kms.katalon.core.main.TestCaseMain.startTestSuite(TestCaseMain.java:157)
	at com.kms.katalon.core.main.TestCaseMain$startTestSuite$0.call(Unknown Source)
	at TempTestSuite1622212592997.run(TempTestSuite1622212592997.groovy:39)
Caused by: com.kms.katalon.core.webui.exception.WebElementNotFoundException: Web element with id: 'Object Repository/FixElement/Page_Test 123 - Team Mattermost/div_Pinnedngoctin123451059 PMMessage' located by '//div[@id='post_cbnbttpn1ig5jg13jidu64xfbc']' not found
	at com.kms.katalon.core.webui.common.WebUiCommonHelper.findWebElement(WebUiCommonHelper.java:1368)
	at com.kms.katalon.core.webui.keyword.internal.WebUIAbstractKeyword.findWebElement(WebUIAbstractKeyword.groovy:27)
	at com.kms.katalon.core.webui.keyword.internal.WebUIAbstractKeyword.findWebElement(WebUIAbstractKeyword.groovy:26)
	at com.kms.katalon.core.webui.keyword.builtin.MouseOverKeyword$_mouseOver_closure1.doCall(MouseOverKeyword.groovy:54)
	at com.kms.katalon.core.webui.keyword.builtin.MouseOverKeyword$_mouseOver_closure1.call(MouseOverKeyword.groovy)
	at com.kms.katalon.core.webui.keyword.internal.WebUIKeywordMain.runKeyword(WebUIKeywordMain.groovy:20)
	at com.kms.katalon.core.webui.keyword.builtin.MouseOverKeyword.mouseOver(MouseOverKeyword.groovy:66)
	at com.kms.katalon.core.webui.keyword.builtin.MouseOverKeyword.execute(MouseOverKeyword.groovy:40)
	at com.kms.katalon.core.keyword.internal.KeywordExecutor.executeKeywordForPlatform(KeywordExecutor.groovy:73)
	at com.kms.katalon.core.webui.keyword.WebUiBuiltInKeywords.mouseOver(WebUiBuiltInKeywords.groovy:805)
	at com.kms.katalon.core.webui.keyword.WebUiBuiltInKeywords$mouseOver$9.call(Unknown Source)
	at Script1621733057057.run(Script1621733057057.groovy:43)
	... 13 more
)
[[ATTACHMENT|C:\\Users\\tanth\\git\\katalon\\Reports\\20210528_213632\\Run all test cases\\20210528_213632\\1622215283384.png]]]]></system-out>
         <system-err><![CDATA[2021-05-28 22:19:54 - [TEST_CASE][FAILED] - Test Cases/UnpinMessage: Test Cases/UnpinMessage FAILED.
Reason:
com.kms.katalon.core.exception.StepFailedException: Unable to move mouse over object 'Object Repository/FixElement/Page_Test 123 - Team Mattermost/div_Pinnedngoctin123451059 PMMessage'
	at com.kms.katalon.core.webui.keyword.internal.WebUIKeywordMain.stepFailed(WebUIKeywordMain.groovy:64)
	at com.kms.katalon.core.webui.keyword.internal.WebUIKeywordMain.runKeyword(WebUIKeywordMain.groovy:26)
	at com.kms.katalon.core.webui.keyword.builtin.MouseOverKeyword.mouseOver(MouseOverKeyword.groovy:66)
	at com.kms.katalon.core.webui.keyword.builtin.MouseOverKeyword.execute(MouseOverKeyword.groovy:40)
	at com.kms.katalon.core.keyword.internal.KeywordExecutor.executeKeywordForPlatform(KeywordExecutor.groovy:73)
	at com.kms.katalon.core.webui.keyword.WebUiBuiltInKeywords.mouseOver(WebUiBuiltInKeywords.groovy:805)
	at com.kms.katalon.core.webui.keyword.WebUiBuiltInKeywords$mouseOver$9.call(Unknown Source)
	at UnpinMessage.run(UnpinMessage:43)
	at com.kms.katalon.core.main.ScriptEngine.run(ScriptEngine.java:194)
	at com.kms.katalon.core.main.ScriptEngine.runScriptAsRawText(ScriptEngine.java:119)
	at com.kms.katalon.core.main.TestCaseExecutor.runScript(TestCaseExecutor.java:398)
	at com.kms.katalon.core.main.TestCaseExecutor.doExecute(TestCaseExecutor.java:389)
	at com.kms.katalon.core.main.TestCaseExecutor.processExecutionPhase(TestCaseExecutor.java:368)
	at com.kms.katalon.core.main.TestCaseExecutor.accessMainPhase(TestCaseExecutor.java:360)
	at com.kms.katalon.core.main.TestCaseExecutor.execute(TestCaseExecutor.java:255)
	at com.kms.katalon.core.main.TestSuiteExecutor.accessTestCaseMainPhase(TestSuiteExecutor.java:203)
	at com.kms.katalon.core.main.TestSuiteExecutor.accessTestSuiteMainPhase(TestSuiteExecutor.java:152)
	at com.kms.katalon.core.main.TestSuiteExecutor.execute(TestSuiteExecutor.java:95)
	at com.kms.katalon.core.main.TestCaseMain.startTestSuite(TestCaseMain.java:157)
	at com.kms.katalon.core.main.TestCaseMain$startTestSuite$0.call(Unknown Source)
	at TempTestSuite1622212592997.run(TempTestSuite1622212592997.groovy:39)
Caused by: com.kms.katalon.core.webui.exception.WebElementNotFoundException: Web element with id: 'Object Repository/FixElement/Page_Test 123 - Team Mattermost/div_Pinnedngoctin123451059 PMMessage' located by '//div[@id='post_cbnbttpn1ig5jg13jidu64xfbc']' not found
	at com.kms.katalon.core.webui.common.WebUiCommonHelper.findWebElement(WebUiCommonHelper.java:1368)
	at com.kms.katalon.core.webui.keyword.internal.WebUIAbstractKeyword.findWebElement(WebUIAbstractKeyword.groovy:27)
	at com.kms.katalon.core.webui.keyword.internal.WebUIAbstractKeyword.findWebElement(WebUIAbstractKeyword.groovy:26)
	at com.kms.katalon.core.webui.keyword.builtin.MouseOverKeyword$_mouseOver_closure1.doCall(MouseOverKeyword.groovy:54)
	at com.kms.katalon.core.webui.keyword.builtin.MouseOverKeyword$_mouseOver_closure1.call(MouseOverKeyword.groovy)
	at com.kms.katalon.core.webui.keyword.internal.WebUIKeywordMain.runKeyword(WebUIKeywordMain.groovy:20)
	... 19 more]]></system-err>
      </testcase>
      <testcase name="Test Cases/WriteDirectMessage" time="54.689" classname="Test Cases/WriteDirectMessage" status="FAILED">
         <failure type="FAILED" message="Test Cases/WriteDirectMessage FAILED.
Reason:
com.kms.katalon.core.exception.StepFailedException: Unable to click on object 'Object Repository/Page_Town Square - TOKEN_UPDATED Mattermost/div_Search and add members'
	at com.kms.katalon.core.webui.keyword.internal.WebUIKeywordMain.stepFailed(WebUIKeywordMain.groovy:64)
	at com.kms.katalon.core.webui.keyword.internal.WebUIKeywordMain.runKeyword(WebUIKeywordMain.groovy:26)
	at com.kms.katalon.core.webui.keyword.builtin.ClickKeyword.click(ClickKeyword.groovy:75)
	at com.kms.katalon.core.webui.keyword.builtin.ClickKeyword.execute(ClickKeyword.groovy:42)
	at com.kms.katalon.core.keyword.internal.KeywordExecutor.executeKeywordForPlatform(KeywordExecutor.groovy:73)
	at com.kms.katalon.core.webui.keyword.WebUiBuiltInKeywords.click(WebUiBuiltInKeywords.groovy:619)
	at com.kms.katalon.core.webui.keyword.WebUiBuiltInKeywords$click$4.call(Unknown Source)
	at WriteDirectMessage.run(WriteDirectMessage:41)
	at com.kms.katalon.core.main.ScriptEngine.run(ScriptEngine.java:194)
	at com.kms.katalon.core.main.ScriptEngine.runScriptAsRawText(ScriptEngine.java:119)
	at com.kms.katalon.core.main.TestCaseExecutor.runScript(TestCaseExecutor.java:398)
	at com.kms.katalon.core.main.TestCaseExecutor.doExecute(TestCaseExecutor.java:389)
	at com.kms.katalon.core.main.TestCaseExecutor.processExecutionPhase(TestCaseExecutor.java:368)
	at com.kms.katalon.core.main.TestCaseExecutor.accessMainPhase(TestCaseExecutor.java:360)
	at com.kms.katalon.core.main.TestCaseExecutor.execute(TestCaseExecutor.java:255)
	at com.kms.katalon.core.main.TestSuiteExecutor.accessTestCaseMainPhase(TestSuiteExecutor.java:203)
	at com.kms.katalon.core.main.TestSuiteExecutor.accessTestSuiteMainPhase(TestSuiteExecutor.java:152)
	at com.kms.katalon.core.main.TestSuiteExecutor.execute(TestSuiteExecutor.java:95)
	at com.kms.katalon.core.main.TestCaseMain.startTestSuite(TestCaseMain.java:157)
	at com.kms.katalon.core.main.TestCaseMain$startTestSuite$0.call(Unknown Source)
	at TempTestSuite1622212592997.run(TempTestSuite1622212592997.groovy:39)
Caused by: com.kms.katalon.core.webui.exception.WebElementNotFoundException: Web element with id: 'Object Repository/Page_Town Square - TOKEN_UPDATED Mattermost/div_Search and add members' located by '//div[@id='selectItems']/div/div' not found
	at com.kms.katalon.core.webui.common.WebUiCommonHelper.findWebElement(WebUiCommonHelper.java:1368)
	at com.kms.katalon.core.webui.keyword.internal.WebUIAbstractKeyword.findWebElement(WebUIAbstractKeyword.groovy:27)
	at com.kms.katalon.core.webui.keyword.internal.WebUIAbstractKeyword.findWebElement(WebUIAbstractKeyword.groovy:26)
	at com.kms.katalon.core.webui.keyword.builtin.ClickKeyword$_click_closure1.doCall(ClickKeyword.groovy:66)
	at com.kms.katalon.core.webui.keyword.builtin.ClickKeyword$_click_closure1.call(ClickKeyword.groovy)
	at com.kms.katalon.core.webui.keyword.internal.WebUIKeywordMain.runKeyword(WebUIKeywordMain.groovy:20)
	... 19 more
"/>
         <system-out><![CDATA[2021-05-28 22:21:23 - [TEST_CASE][FAILED] - Test Cases/WriteDirectMessage: Test Cases/WriteDirectMessage FAILED.
Reason:
com.kms.katalon.core.exception.StepFailedException: Unable to click on object 'Object Repository/Page_Town Square - TOKEN_UPDATED Mattermost/div_Search and add members'
	at com.kms.katalon.core.webui.keyword.internal.WebUIKeywordMain.stepFailed(WebUIKeywordMain.groovy:64)
	at com.kms.katalon.core.webui.keyword.internal.WebUIKeywordMain.runKeyword(WebUIKeywordMain.groovy:26)
	at com.kms.katalon.core.webui.keyword.builtin.ClickKeyword.click(ClickKeyword.groovy:75)
	at com.kms.katalon.core.webui.keyword.builtin.ClickKeyword.execute(ClickKeyword.groovy:42)
	at com.kms.katalon.core.keyword.internal.KeywordExecutor.executeKeywordForPlatform(KeywordExecutor.groovy:73)
	at com.kms.katalon.core.webui.keyword.WebUiBuiltInKeywords.click(WebUiBuiltInKeywords.groovy:619)
	at com.kms.katalon.core.webui.keyword.WebUiBuiltInKeywords$click$4.call(Unknown Source)
	at WriteDirectMessage.run(WriteDirectMessage:41)
	at com.kms.katalon.core.main.ScriptEngine.run(ScriptEngine.java:194)
	at com.kms.katalon.core.main.ScriptEngine.runScriptAsRawText(ScriptEngine.java:119)
	at com.kms.katalon.core.main.TestCaseExecutor.runScript(TestCaseExecutor.java:398)
	at com.kms.katalon.core.main.TestCaseExecutor.doExecute(TestCaseExecutor.java:389)
	at com.kms.katalon.core.main.TestCaseExecutor.processExecutionPhase(TestCaseExecutor.java:368)
	at com.kms.katalon.core.main.TestCaseExecutor.accessMainPhase(TestCaseExecutor.java:360)
	at com.kms.katalon.core.main.TestCaseExecutor.execute(TestCaseExecutor.java:255)
	at com.kms.katalon.core.main.TestSuiteExecutor.accessTestCaseMainPhase(TestSuiteExecutor.java:203)
	at com.kms.katalon.core.main.TestSuiteExecutor.accessTestSuiteMainPhase(TestSuiteExecutor.java:152)
	at com.kms.katalon.core.main.TestSuiteExecutor.execute(TestSuiteExecutor.java:95)
	at com.kms.katalon.core.main.TestCaseMain.startTestSuite(TestCaseMain.java:157)
	at com.kms.katalon.core.main.TestCaseMain$startTestSuite$0.call(Unknown Source)
	at TempTestSuite1622212592997.run(TempTestSuite1622212592997.groovy:39)
Caused by: com.kms.katalon.core.webui.exception.WebElementNotFoundException: Web element with id: 'Object Repository/Page_Town Square - TOKEN_UPDATED Mattermost/div_Search and add members' located by '//div[@id='selectItems']/div/div' not found
	at com.kms.katalon.core.webui.common.WebUiCommonHelper.findWebElement(WebUiCommonHelper.java:1368)
	at com.kms.katalon.core.webui.keyword.internal.WebUIAbstractKeyword.findWebElement(WebUIAbstractKeyword.groovy:27)
	at com.kms.katalon.core.webui.keyword.internal.WebUIAbstractKeyword.findWebElement(WebUIAbstractKeyword.groovy:26)
	at com.kms.katalon.core.webui.keyword.builtin.ClickKeyword$_click_closure1.doCall(ClickKeyword.groovy:66)
	at com.kms.katalon.core.webui.keyword.builtin.ClickKeyword$_click_closure1.call(ClickKeyword.groovy)
	at com.kms.katalon.core.webui.keyword.internal.WebUIKeywordMain.runKeyword(WebUIKeywordMain.groovy:20)
	... 19 more


2021-05-28 22:21:24 - [TEST_STEP][PASSED] - openBrowser(""): Browser is opened with url: ''

2021-05-28 22:21:24 - [MESSAGE][WARNING] - A browser is already opened. Closing browser and opening a new one

2021-05-28 22:21:25 - [MESSAGE][INFO] - Starting 'Chrome' driver

2021-05-28 22:21:25 - [MESSAGE][INFO] - Action delay is set to 0 milliseconds

2021-05-28 22:21:27 - [MESSAGE][PASSED] - Browser is opened with url: ''

2021-05-28 22:21:27 - [TEST_STEP][PASSED] - navigateToUrl("https://cdnc-group2.herokuapp.com/"): Navigate to 'https://cdnc-group2.herokuapp.com/' successfully

2021-05-28 22:21:31 - [MESSAGE][PASSED] - Navigate to 'https://cdnc-group2.herokuapp.com/' successfully

2021-05-28 22:21:31 - [TEST_STEP][PASSED] - setText(findTestObject("Object Repository/Page_Mattermost/input_All team communication in one place, _dcc84b"), "ngoctin040999@gmail.com"): Text 'ngoctin040999@gmail.com' is set on object 'Object Repository/Page_Mattermost/input_All team communication in one place, _dcc84b'

2021-05-28 22:21:36 - [MESSAGE][PASSED] - Text 'ngoctin040999@gmail.com' is set on object 'Object Repository/Page_Mattermost/input_All team communication in one place, _dcc84b'

2021-05-28 22:21:36 - [TEST_STEP][PASSED] - setEncryptedText(findTestObject("Object Repository/Page_Mattermost/input_All team communication in one place, _a3edc6"), "S8w1SJvl7D1hts9IdMV+NQ=="): Text ****** has been set on object 'Object Repository/Page_Mattermost/input_All team communication in one place, _a3edc6'

2021-05-28 22:21:37 - [MESSAGE][PASSED] - Text ****** has been set on object 'Object Repository/Page_Mattermost/input_All team communication in one place, _a3edc6'

2021-05-28 22:21:37 - [TEST_STEP][PASSED] - click(findTestObject("Object Repository/Page_Mattermost/span_Sign in")): Object: 'Object Repository/Page_Mattermost/span_Sign in' is clicked on

2021-05-28 22:21:37 - [MESSAGE][PASSED] - Object: 'Object Repository/Page_Mattermost/span_Sign in' is clicked on

2021-05-28 22:21:37 - [TEST_STEP][PASSED] - if (findTestObject("Object Repository/Page_Town Square - TOKEN_UPDATED Mattermost/span_") == null): null

2021-05-28 22:21:38 - [TEST_STEP][PASSED] - click(findTestObject("Object Repository/Page_Town Square - TOKEN_UPDATED Mattermost/span_")): Object: 'Object Repository/Page_Town Square - TOKEN_UPDATED Mattermost/span_' is clicked on

2021-05-28 22:21:42 - [MESSAGE][PASSED] - Object: 'Object Repository/Page_Town Square - TOKEN_UPDATED Mattermost/span_' is clicked on

2021-05-28 22:21:42 - [TEST_STEP][PASSED] - if (findTestObject("Object Repository/Page_Town Square - TOKEN_UPDATED Mattermost/div_Search and add members") == null): null

2021-05-28 22:21:42 - [TEST_STEP][FAILED] - click(findTestObject("Object Repository/Page_Town Square - TOKEN_UPDATED Mattermost/div_Search and add members")): Unable to click on object 'Object Repository/Page_Town Square - TOKEN_UPDATED Mattermost/div_Search and add members' (Root cause: com.kms.katalon.core.exception.StepFailedException: Unable to click on object 'Object Repository/Page_Town Square - TOKEN_UPDATED Mattermost/div_Search and add members'
	at com.kms.katalon.core.webui.keyword.internal.WebUIKeywordMain.stepFailed(WebUIKeywordMain.groovy:64)
	at com.kms.katalon.core.webui.keyword.internal.WebUIKeywordMain.runKeyword(WebUIKeywordMain.groovy:26)
	at com.kms.katalon.core.webui.keyword.builtin.ClickKeyword.click(ClickKeyword.groovy:75)
	at com.kms.katalon.core.webui.keyword.builtin.ClickKeyword.execute(ClickKeyword.groovy:42)
	at com.kms.katalon.core.keyword.internal.KeywordExecutor.executeKeywordForPlatform(KeywordExecutor.groovy:73)
	at com.kms.katalon.core.webui.keyword.WebUiBuiltInKeywords.click(WebUiBuiltInKeywords.groovy:619)
	at com.kms.katalon.core.webui.keyword.WebUiBuiltInKeywords$click$4.call(Unknown Source)
	at WriteDirectMessage.run(WriteDirectMessage:41)
	at com.kms.katalon.core.main.ScriptEngine.run(ScriptEngine.java:194)
	at com.kms.katalon.core.main.ScriptEngine.runScriptAsRawText(ScriptEngine.java:119)
	at com.kms.katalon.core.main.TestCaseExecutor.runScript(TestCaseExecutor.java:398)
	at com.kms.katalon.core.main.TestCaseExecutor.doExecute(TestCaseExecutor.java:389)
	at com.kms.katalon.core.main.TestCaseExecutor.processExecutionPhase(TestCaseExecutor.java:368)
	at com.kms.katalon.core.main.TestCaseExecutor.accessMainPhase(TestCaseExecutor.java:360)
	at com.kms.katalon.core.main.TestCaseExecutor.execute(TestCaseExecutor.java:255)
	at com.kms.katalon.core.main.TestSuiteExecutor.accessTestCaseMainPhase(TestSuiteExecutor.java:203)
	at com.kms.katalon.core.main.TestSuiteExecutor.accessTestSuiteMainPhase(TestSuiteExecutor.java:152)
	at com.kms.katalon.core.main.TestSuiteExecutor.execute(TestSuiteExecutor.java:95)
	at com.kms.katalon.core.main.TestCaseMain.startTestSuite(TestCaseMain.java:157)
	at com.kms.katalon.core.main.TestCaseMain$startTestSuite$0.call(Unknown Source)
	at TempTestSuite1622212592997.run(TempTestSuite1622212592997.groovy:39)
Caused by: com.kms.katalon.core.webui.exception.WebElementNotFoundException: Web element with id: 'Object Repository/Page_Town Square - TOKEN_UPDATED Mattermost/div_Search and add members' located by '//div[@id='selectItems']/div/div' not found
	at com.kms.katalon.core.webui.common.WebUiCommonHelper.findWebElement(WebUiCommonHelper.java:1368)
	at com.kms.katalon.core.webui.keyword.internal.WebUIAbstractKeyword.findWebElement(WebUIAbstractKeyword.groovy:27)
	at com.kms.katalon.core.webui.keyword.internal.WebUIAbstractKeyword.findWebElement(WebUIAbstractKeyword.groovy:26)
	at com.kms.katalon.core.webui.keyword.builtin.ClickKeyword$_click_closure1.doCall(ClickKeyword.groovy:66)
	at com.kms.katalon.core.webui.keyword.builtin.ClickKeyword$_click_closure1.call(ClickKeyword.groovy)
	at com.kms.katalon.core.webui.keyword.internal.WebUIKeywordMain.runKeyword(WebUIKeywordMain.groovy:20)
	at com.kms.katalon.core.webui.keyword.builtin.ClickKeyword.click(ClickKeyword.groovy:75)
	at com.kms.katalon.core.webui.keyword.builtin.ClickKeyword.execute(ClickKeyword.groovy:42)
	at com.kms.katalon.core.keyword.internal.KeywordExecutor.executeKeywordForPlatform(KeywordExecutor.groovy:73)
	at com.kms.katalon.core.webui.keyword.WebUiBuiltInKeywords.click(WebUiBuiltInKeywords.groovy:619)
	at com.kms.katalon.core.webui.keyword.WebUiBuiltInKeywords$click$4.call(Unknown Source)
	at Script1621675791083.run(Script1621675791083.groovy:41)
	... 13 more
)

2021-05-28 22:22:13 - [MESSAGE][INFO] - Unable to find the element located by 'By.xpath: //div[@id='selectItems']/div/div'. Please recheck the objects properties to make sure the desired element is located. 

2021-05-28 22:22:13 - [MESSAGE][WARNING] - [SELF-HEALING] Failed to find element with id 'Object Repository/Page_Town Square - TOKEN_UPDATED Mattermost/div_Search and add members'. Try using Self-healing.

2021-05-28 22:22:14 - [MESSAGE][INFO] - [SELF-HEALING] Failed Locator: '//div[@id='selectItems']/div/div'.

2021-05-28 22:22:14 - [MESSAGE][INFO] - [SELF-HEALING] Failed Locator: '(.//*[normalize-space(text()) and normalize-space(.)='Direct Messages'])[1]/following::div[7]'.

2021-05-28 22:22:15 - [MESSAGE][INFO] - [SELF-HEALING] Failed Locator: '(.//*[normalize-space(text()) and normalize-space(.)='Close'])[1]/following::div[7]'.

2021-05-28 22:22:15 - [MESSAGE][INFO] - [SELF-HEALING] Failed Locator: '(.//*[normalize-space(text()) and normalize-space(.)='Go'])[1]/preceding::div[5]'.

2021-05-28 22:22:15 - [MESSAGE][INFO] - [SELF-HEALING] Failed Locator: '//div[2]/div/div/div[2]/div/div/div/div/div/div'.

2021-05-28 22:22:16 - [MESSAGE][INFO] - Unable to find the element located by 'By.xpath: //*[(text() = 'Search and add members' or . = 'Search and add members')]'. Please recheck the objects properties to make sure the desired element is located. 

2021-05-28 22:22:17 - [MESSAGE][INFO] - Unable to find the element located by 'By.cssSelector: div.css-1hwfws3.react-select-auto.react-select__value-container.react-select-auto.react-select__value-container--is-multi'. Please recheck the objects properties to make sure the desired element is located. 

2021-05-28 22:22:18 - [MESSAGE][FAILED] - Unable to click on object 'Object Repository/Page_Town Square - TOKEN_UPDATED Mattermost/div_Search and add members' (Root cause: com.kms.katalon.core.exception.StepFailedException: Unable to click on object 'Object Repository/Page_Town Square - TOKEN_UPDATED Mattermost/div_Search and add members'
	at com.kms.katalon.core.webui.keyword.internal.WebUIKeywordMain.stepFailed(WebUIKeywordMain.groovy:64)
	at com.kms.katalon.core.webui.keyword.internal.WebUIKeywordMain.runKeyword(WebUIKeywordMain.groovy:26)
	at com.kms.katalon.core.webui.keyword.builtin.ClickKeyword.click(ClickKeyword.groovy:75)
	at com.kms.katalon.core.webui.keyword.builtin.ClickKeyword.execute(ClickKeyword.groovy:42)
	at com.kms.katalon.core.keyword.internal.KeywordExecutor.executeKeywordForPlatform(KeywordExecutor.groovy:73)
	at com.kms.katalon.core.webui.keyword.WebUiBuiltInKeywords.click(WebUiBuiltInKeywords.groovy:619)
	at com.kms.katalon.core.webui.keyword.WebUiBuiltInKeywords$click$4.call(Unknown Source)
	at WriteDirectMessage.run(WriteDirectMessage:41)
	at com.kms.katalon.core.main.ScriptEngine.run(ScriptEngine.java:194)
	at com.kms.katalon.core.main.ScriptEngine.runScriptAsRawText(ScriptEngine.java:119)
	at com.kms.katalon.core.main.TestCaseExecutor.runScript(TestCaseExecutor.java:398)
	at com.kms.katalon.core.main.TestCaseExecutor.doExecute(TestCaseExecutor.java:389)
	at com.kms.katalon.core.main.TestCaseExecutor.processExecutionPhase(TestCaseExecutor.java:368)
	at com.kms.katalon.core.main.TestCaseExecutor.accessMainPhase(TestCaseExecutor.java:360)
	at com.kms.katalon.core.main.TestCaseExecutor.execute(TestCaseExecutor.java:255)
	at com.kms.katalon.core.main.TestSuiteExecutor.accessTestCaseMainPhase(TestSuiteExecutor.java:203)
	at com.kms.katalon.core.main.TestSuiteExecutor.accessTestSuiteMainPhase(TestSuiteExecutor.java:152)
	at com.kms.katalon.core.main.TestSuiteExecutor.execute(TestSuiteExecutor.java:95)
	at com.kms.katalon.core.main.TestCaseMain.startTestSuite(TestCaseMain.java:157)
	at com.kms.katalon.core.main.TestCaseMain$startTestSuite$0.call(Unknown Source)
	at TempTestSuite1622212592997.run(TempTestSuite1622212592997.groovy:39)
Caused by: com.kms.katalon.core.webui.exception.WebElementNotFoundException: Web element with id: 'Object Repository/Page_Town Square - TOKEN_UPDATED Mattermost/div_Search and add members' located by '//div[@id='selectItems']/div/div' not found
	at com.kms.katalon.core.webui.common.WebUiCommonHelper.findWebElement(WebUiCommonHelper.java:1368)
	at com.kms.katalon.core.webui.keyword.internal.WebUIAbstractKeyword.findWebElement(WebUIAbstractKeyword.groovy:27)
	at com.kms.katalon.core.webui.keyword.internal.WebUIAbstractKeyword.findWebElement(WebUIAbstractKeyword.groovy:26)
	at com.kms.katalon.core.webui.keyword.builtin.ClickKeyword$_click_closure1.doCall(ClickKeyword.groovy:66)
	at com.kms.katalon.core.webui.keyword.builtin.ClickKeyword$_click_closure1.call(ClickKeyword.groovy)
	at com.kms.katalon.core.webui.keyword.internal.WebUIKeywordMain.runKeyword(WebUIKeywordMain.groovy:20)
	at com.kms.katalon.core.webui.keyword.builtin.ClickKeyword.click(ClickKeyword.groovy:75)
	at com.kms.katalon.core.webui.keyword.builtin.ClickKeyword.execute(ClickKeyword.groovy:42)
	at com.kms.katalon.core.keyword.internal.KeywordExecutor.executeKeywordForPlatform(KeywordExecutor.groovy:73)
	at com.kms.katalon.core.webui.keyword.WebUiBuiltInKeywords.click(WebUiBuiltInKeywords.groovy:619)
	at com.kms.katalon.core.webui.keyword.WebUiBuiltInKeywords$click$4.call(Unknown Source)
	at Script1621675791083.run(Script1621675791083.groovy:41)
	... 13 more
)
[[ATTACHMENT|C:\\Users\\tanth\\git\\katalon\\Reports\\20210528_213632\\Run all test cases\\20210528_213632\\1622215337995.png]]]]></system-out>
         <system-err><![CDATA[2021-05-28 22:21:23 - [TEST_CASE][FAILED] - Test Cases/WriteDirectMessage: Test Cases/WriteDirectMessage FAILED.
Reason:
com.kms.katalon.core.exception.StepFailedException: Unable to click on object 'Object Repository/Page_Town Square - TOKEN_UPDATED Mattermost/div_Search and add members'
	at com.kms.katalon.core.webui.keyword.internal.WebUIKeywordMain.stepFailed(WebUIKeywordMain.groovy:64)
	at com.kms.katalon.core.webui.keyword.internal.WebUIKeywordMain.runKeyword(WebUIKeywordMain.groovy:26)
	at com.kms.katalon.core.webui.keyword.builtin.ClickKeyword.click(ClickKeyword.groovy:75)
	at com.kms.katalon.core.webui.keyword.builtin.ClickKeyword.execute(ClickKeyword.groovy:42)
	at com.kms.katalon.core.keyword.internal.KeywordExecutor.executeKeywordForPlatform(KeywordExecutor.groovy:73)
	at com.kms.katalon.core.webui.keyword.WebUiBuiltInKeywords.click(WebUiBuiltInKeywords.groovy:619)
	at com.kms.katalon.core.webui.keyword.WebUiBuiltInKeywords$click$4.call(Unknown Source)
	at WriteDirectMessage.run(WriteDirectMessage:41)
	at com.kms.katalon.core.main.ScriptEngine.run(ScriptEngine.java:194)
	at com.kms.katalon.core.main.ScriptEngine.runScriptAsRawText(ScriptEngine.java:119)
	at com.kms.katalon.core.main.TestCaseExecutor.runScript(TestCaseExecutor.java:398)
	at com.kms.katalon.core.main.TestCaseExecutor.doExecute(TestCaseExecutor.java:389)
	at com.kms.katalon.core.main.TestCaseExecutor.processExecutionPhase(TestCaseExecutor.java:368)
	at com.kms.katalon.core.main.TestCaseExecutor.accessMainPhase(TestCaseExecutor.java:360)
	at com.kms.katalon.core.main.TestCaseExecutor.execute(TestCaseExecutor.java:255)
	at com.kms.katalon.core.main.TestSuiteExecutor.accessTestCaseMainPhase(TestSuiteExecutor.java:203)
	at com.kms.katalon.core.main.TestSuiteExecutor.accessTestSuiteMainPhase(TestSuiteExecutor.java:152)
	at com.kms.katalon.core.main.TestSuiteExecutor.execute(TestSuiteExecutor.java:95)
	at com.kms.katalon.core.main.TestCaseMain.startTestSuite(TestCaseMain.java:157)
	at com.kms.katalon.core.main.TestCaseMain$startTestSuite$0.call(Unknown Source)
	at TempTestSuite1622212592997.run(TempTestSuite1622212592997.groovy:39)
Caused by: com.kms.katalon.core.webui.exception.WebElementNotFoundException: Web element with id: 'Object Repository/Page_Town Square - TOKEN_UPDATED Mattermost/div_Search and add members' located by '//div[@id='selectItems']/div/div' not found
	at com.kms.katalon.core.webui.common.WebUiCommonHelper.findWebElement(WebUiCommonHelper.java:1368)
	at com.kms.katalon.core.webui.keyword.internal.WebUIAbstractKeyword.findWebElement(WebUIAbstractKeyword.groovy:27)
	at com.kms.katalon.core.webui.keyword.internal.WebUIAbstractKeyword.findWebElement(WebUIAbstractKeyword.groovy:26)
	at com.kms.katalon.core.webui.keyword.builtin.ClickKeyword$_click_closure1.doCall(ClickKeyword.groovy:66)
	at com.kms.katalon.core.webui.keyword.builtin.ClickKeyword$_click_closure1.call(ClickKeyword.groovy)
	at com.kms.katalon.core.webui.keyword.internal.WebUIKeywordMain.runKeyword(WebUIKeywordMain.groovy:20)
	... 19 more]]></system-err>
      </testcase>
      <testcase name="Test Cases/ViewChannelInfo" time="26.484" classname="Test Cases/ViewChannelInfo" status="PASSED">
         <system-out><![CDATA[2021-05-28 22:22:18 - [TEST_CASE][PASSED] - Test Cases/ViewChannelInfo: Test Cases/ViewChannelInfo

2021-05-28 22:22:19 - [TEST_STEP][PASSED] - openBrowser(""): Browser is opened with url: ''

2021-05-28 22:22:19 - [MESSAGE][WARNING] - A browser is already opened. Closing browser and opening a new one

2021-05-28 22:22:20 - [MESSAGE][INFO] - Starting 'Chrome' driver

2021-05-28 22:22:20 - [MESSAGE][INFO] - Action delay is set to 0 milliseconds

2021-05-28 22:22:21 - [MESSAGE][PASSED] - Browser is opened with url: ''

2021-05-28 22:22:21 - [TEST_STEP][PASSED] - navigateToUrl("https://cdnc-group2.herokuapp.com/"): Navigate to 'https://cdnc-group2.herokuapp.com/' successfully

2021-05-28 22:22:26 - [MESSAGE][PASSED] - Navigate to 'https://cdnc-group2.herokuapp.com/' successfully

2021-05-28 22:22:26 - [TEST_STEP][PASSED] - setText(findTestObject("Object Repository/Page_Mattermost/input_All team communication in one place, _dcc84b (1)"), "ngoctin0409999@gmail.com"): Text 'ngoctin0409999@gmail.com' is set on object 'Object Repository/Page_Mattermost/input_All team communication in one place, _dcc84b (1)'

2021-05-28 22:22:32 - [MESSAGE][PASSED] - Text 'ngoctin0409999@gmail.com' is set on object 'Object Repository/Page_Mattermost/input_All team communication in one place, _dcc84b (1)'

2021-05-28 22:22:32 - [TEST_STEP][PASSED] - setEncryptedText(findTestObject("Object Repository/Page_Mattermost/input_All team communication in one place, _a3edc6 (1)"), "S8w1SJvl7D1hts9IdMV+NQ=="): Text ****** has been set on object 'Object Repository/Page_Mattermost/input_All team communication in one place, _a3edc6 (1)'

2021-05-28 22:22:33 - [MESSAGE][PASSED] - Text ****** has been set on object 'Object Repository/Page_Mattermost/input_All team communication in one place, _a3edc6 (1)'

2021-05-28 22:22:33 - [TEST_STEP][PASSED] - sendKeys(findTestObject("Object Repository/Page_Mattermost/input_All team communication in one place, _a3edc6 (1)"), Keys.chord(ENTER)): Keys 'ENTER + ' sent to object: 'Object Repository/Page_Mattermost/input_All team communication in one place, _a3edc6 (1)'

2021-05-28 22:22:34 - [MESSAGE][PASSED] - Keys 'ENTER + ' sent to object: 'Object Repository/Page_Mattermost/input_All team communication in one place, _a3edc6 (1)'

2021-05-28 22:22:34 - [TEST_STEP][PASSED] - setText(findTestObject("Object Repository/Page_Mattermost/input_All team communication in one place, _dcc84b (1)"), "ngoctin040999@gmail.com"): Text 'ngoctin040999@gmail.com' is set on object 'Object Repository/Page_Mattermost/input_All team communication in one place, _dcc84b (1)'

2021-05-28 22:22:36 - [MESSAGE][PASSED] - Text 'ngoctin040999@gmail.com' is set on object 'Object Repository/Page_Mattermost/input_All team communication in one place, _dcc84b (1)'

2021-05-28 22:22:36 - [TEST_STEP][PASSED] - click(findTestObject("Object Repository/Page_Mattermost/div_MattermostAll team communication in one_93cd78")): Object: 'Object Repository/Page_Mattermost/div_MattermostAll team communication in one_93cd78' is clicked on

2021-05-28 22:22:37 - [MESSAGE][PASSED] - Object: 'Object Repository/Page_Mattermost/div_MattermostAll team communication in one_93cd78' is clicked on

2021-05-28 22:22:37 - [TEST_STEP][PASSED] - click(findTestObject("Object Repository/Page_Mattermost/span_Sign in (1)")): Object: 'Object Repository/Page_Mattermost/span_Sign in (1)' is clicked on

2021-05-28 22:22:37 - [MESSAGE][PASSED] - Object: 'Object Repository/Page_Mattermost/span_Sign in (1)' is clicked on

2021-05-28 22:22:37 - [TEST_STEP][PASSED] - click(findTestObject("Object Repository/Page_Town Square - TOKEN_UPDATED Mattermost/span_Town Square_channelHeaderDropdownIcon")): Object: 'Object Repository/Page_Town Square - TOKEN_UPDATED Mattermost/span_Town Square_channelHeaderDropdownIcon' is clicked on

2021-05-28 22:22:41 - [MESSAGE][PASSED] - Object: 'Object Repository/Page_Town Square - TOKEN_UPDATED Mattermost/span_Town Square_channelHeaderDropdownIcon' is clicked on

2021-05-28 22:22:41 - [TEST_STEP][PASSED] - click(findTestObject("Object Repository/Page_Town Square - TOKEN_UPDATED Mattermost/button_View Info")): Object: 'Object Repository/Page_Town Square - TOKEN_UPDATED Mattermost/button_View Info' is clicked on

2021-05-28 22:22:42 - [MESSAGE][PASSED] - Object: 'Object Repository/Page_Town Square - TOKEN_UPDATED Mattermost/button_View Info' is clicked on

2021-05-28 22:22:42 - [TEST_STEP][PASSED] - click(findTestObject("Object Repository/Page_Town Square - TOKEN_UPDATED Mattermost/span_Post messages here that you want every_f1827f")): Object: 'Object Repository/Page_Town Square - TOKEN_UPDATED Mattermost/span_Post messages here that you want every_f1827f' is clicked on

2021-05-28 22:22:43 - [MESSAGE][PASSED] - Object: 'Object Repository/Page_Town Square - TOKEN_UPDATED Mattermost/span_Post messages here that you want every_f1827f' is clicked on

2021-05-28 22:22:43 - [TEST_STEP][PASSED] - closeBrowser(): Browser is closed

2021-05-28 22:22:44 - [MESSAGE][PASSED] - Browser is closed]]></system-out>
         <system-err><![CDATA[]]></system-err>
      </testcase>
      <testcase name="Test Cases/ChangePassword" time="28.993" classname="Test Cases/ChangePassword" status="PASSED">
         <system-out><![CDATA[2021-05-28 22:22:44 - [TEST_CASE][PASSED] - Test Cases/ChangePassword: Test Cases/ChangePassword

2021-05-28 22:22:45 - [TEST_STEP][PASSED] - openBrowser("https://cdnc-group2.herokuapp.com/"): Browser is opened with url: 'https://cdnc-group2.herokuapp.com/'

2021-05-28 22:22:45 - [MESSAGE][INFO] - Starting 'Chrome' driver

2021-05-28 22:22:45 - [MESSAGE][INFO] - Action delay is set to 0 milliseconds

2021-05-28 22:22:52 - [MESSAGE][PASSED] - Browser is opened with url: 'https://cdnc-group2.herokuapp.com/'

2021-05-28 22:22:52 - [TEST_STEP][PASSED] - setText(findTestObject("Login/input_Email"), "ngoctin040999@gmail.com"): Text 'ngoctin040999@gmail.com' is set on object 'Object Repository/Login/input_Email'

2021-05-28 22:22:58 - [MESSAGE][PASSED] - Text 'ngoctin040999@gmail.com' is set on object 'Object Repository/Login/input_Email'

2021-05-28 22:22:58 - [TEST_STEP][PASSED] - setText(findTestObject("Login/input_Password"), "ngoctin1"): Text 'ngoctin1' is set on object 'Object Repository/Login/input_Password'

2021-05-28 22:22:59 - [MESSAGE][PASSED] - Text 'ngoctin1' is set on object 'Object Repository/Login/input_Password'

2021-05-28 22:22:59 - [TEST_STEP][PASSED] - click(findTestObject("Login/button_Sign in")): Object: 'Object Repository/Login/button_Sign in' is clicked on

2021-05-28 22:22:59 - [MESSAGE][PASSED] - Object: 'Object Repository/Login/button_Sign in' is clicked on

2021-05-28 22:22:59 - [TEST_STEP][PASSED] - delay(2): Delayed 2 second(s)

2021-05-28 22:23:01 - [MESSAGE][PASSED] - Delayed 2 second(s)

2021-05-28 22:23:01 - [TEST_STEP][PASSED] - click(findTestObject("UpdatePassword/button_Option")): Object: 'Object Repository/UpdatePassword/button_Option' is clicked on

2021-05-28 22:23:04 - [MESSAGE][PASSED] - Object: 'Object Repository/UpdatePassword/button_Option' is clicked on

2021-05-28 22:23:04 - [TEST_STEP][PASSED] - click(findTestObject("UpdatePassword/button_Account Settings")): Object: 'Object Repository/UpdatePassword/button_Account Settings' is clicked on

2021-05-28 22:23:05 - [MESSAGE][PASSED] - Object: 'Object Repository/UpdatePassword/button_Account Settings' is clicked on

2021-05-28 22:23:05 - [TEST_STEP][PASSED] - click(findTestObject("UpdatePassword/button_Security")): Object: 'Object Repository/UpdatePassword/button_Security' is clicked on

2021-05-28 22:23:06 - [MESSAGE][PASSED] - Object: 'Object Repository/UpdatePassword/button_Security' is clicked on

2021-05-28 22:23:06 - [TEST_STEP][PASSED] - click(findTestObject("UpdatePassword/button_Edit")): Object: 'Object Repository/UpdatePassword/button_Edit' is clicked on

2021-05-28 22:23:06 - [MESSAGE][PASSED] - Object: 'Object Repository/UpdatePassword/button_Edit' is clicked on

2021-05-28 22:23:06 - [TEST_STEP][PASSED] - setText(findTestObject("UpdatePassword/input_Current Password_currentPassword"), "ngoctin1"): Text 'ngoctin1' is set on object 'Object Repository/UpdatePassword/input_Current Password_currentPassword'

2021-05-28 22:23:07 - [MESSAGE][PASSED] - Text 'ngoctin1' is set on object 'Object Repository/UpdatePassword/input_Current Password_currentPassword'

2021-05-28 22:23:07 - [TEST_STEP][PASSED] - setText(findTestObject("UpdatePassword/input_New Password_newPassword"), "ngoctin2"): Text 'ngoctin2' is set on object 'Object Repository/UpdatePassword/input_New Password_newPassword'

2021-05-28 22:23:08 - [MESSAGE][PASSED] - Text 'ngoctin2' is set on object 'Object Repository/UpdatePassword/input_New Password_newPassword'

2021-05-28 22:23:08 - [TEST_STEP][PASSED] - setText(findTestObject("UpdatePassword/input_Retype New Password_confirmPassword"), "ngoctin2"): Text 'ngoctin2' is set on object 'Object Repository/UpdatePassword/input_Retype New Password_confirmPassword'

2021-05-28 22:23:09 - [MESSAGE][PASSED] - Text 'ngoctin2' is set on object 'Object Repository/UpdatePassword/input_Retype New Password_confirmPassword'

2021-05-28 22:23:09 - [TEST_STEP][PASSED] - click(findTestObject("UpdatePassword/button_Save")): Object: 'Object Repository/UpdatePassword/button_Save' is clicked on

2021-05-28 22:23:10 - [MESSAGE][PASSED] - Object: 'Object Repository/UpdatePassword/button_Save' is clicked on

2021-05-28 22:23:10 - [TEST_STEP][PASSED] - delay(2): Delayed 2 second(s)

2021-05-28 22:23:12 - [MESSAGE][PASSED] - Delayed 2 second(s)

2021-05-28 22:23:12 - [TEST_STEP][PASSED] - verifyElementText(findTestObject("UpdatePassword/h4_Password"), "Password"): Actual text and expected text of test object 'Object Repository/UpdatePassword/h4_Password' are matched.

2021-05-28 22:23:12 - [MESSAGE][PASSED] - Actual text and expected text of test object 'Object Repository/UpdatePassword/h4_Password' are matched.

2021-05-28 22:23:12 - [TEST_STEP][PASSED] - closeBrowser(): Browser is closed

2021-05-28 22:23:13 - [MESSAGE][PASSED] - Browser is closed]]></system-out>
         <system-err><![CDATA[]]></system-err>
      </testcase>
      <system-out><![CDATA[2021-05-28 21:36:59 - [TEST_SUITE][FAILED] - Run all test cases: Test Cases/UpdateMemberRole FAILED.
Reason:
com.kms.katalon.core.exception.StepFailedException: Unable to click on object 'Object Repository/Update Member Role/button_Member'
	at com.kms.katalon.core.webui.keyword.internal.WebUIKeywordMain.stepFailed(WebUIKeywordMain.groovy:64)
	at com.kms.katalon.core.webui.keyword.internal.WebUIKeywordMain.runKeyword(WebUIKeywordMain.groovy:26)
	at com.kms.katalon.core.webui.keyword.builtin.ClickKeyword.click(ClickKeyword.groovy:75)
	at com.kms.katalon.core.webui.keyword.builtin.ClickKeyword.execute(ClickKeyword.groovy:42)
	at com.kms.katalon.core.keyword.internal.KeywordExecutor.executeKeywordForPlatform(KeywordExecutor.groovy:73)
	at com.kms.katalon.core.webui.keyword.WebUiBuiltInKeywords.click(WebUiBuiltInKeywords.groovy:619)
	at com.kms.katalon.core.webui.keyword.WebUiBuiltInKeywords$click$4.call(Unknown Source)
	at UpdateMemberRole.run(UpdateMemberRole:34)
	at com.kms.katalon.core.main.ScriptEngine.run(ScriptEngine.java:194)
	at com.kms.katalon.core.main.ScriptEngine.runScriptAsRawText(ScriptEngine.java:119)
	at com.kms.katalon.core.main.TestCaseExecutor.runScript(TestCaseExecutor.java:398)
	at com.kms.katalon.core.main.TestCaseExecutor.doExecute(TestCaseExecutor.java:389)
	at com.kms.katalon.core.main.TestCaseExecutor.processExecutionPhase(TestCaseExecutor.java:368)
	at com.kms.katalon.core.main.TestCaseExecutor.accessMainPhase(TestCaseExecutor.java:360)
	at com.kms.katalon.core.main.TestCaseExecutor.execute(TestCaseExecutor.java:255)
	at com.kms.katalon.core.main.TestSuiteExecutor.accessTestCaseMainPhase(TestSuiteExecutor.java:203)
	at com.kms.katalon.core.main.TestSuiteExecutor.accessTestSuiteMainPhase(TestSuiteExecutor.java:152)
	at com.kms.katalon.core.main.TestSuiteExecutor.execute(TestSuiteExecutor.java:95)
	at com.kms.katalon.core.main.TestCaseMain.startTestSuite(TestCaseMain.java:157)
	at com.kms.katalon.core.main.TestCaseMain$startTestSuite$0.call(Unknown Source)
	at TempTestSuite1622212592997.run(TempTestSuite1622212592997.groovy:39)
Caused by: org.openqa.selenium.ElementClickInterceptedException: element click intercepted: Element <button type="button" id="fileUploadButton" aria-label="attachment" class="style--none post-action icon icon--attachment">...</button> is not clickable at point (956, 520). Other element would receive the click: <div role="dialog" aria-labelledby="teamMemberModalLabel" id="teamMembersModal" tabindex="-1" class="fade in modal" style="display: block;">...</div>
  (Session info: chrome=90.0.4430.212)
Build info: version: '3.141.59', revision: 'e82be7d358', time: '2018-11-14T08:25:53'
System info: host: 'DESKTOP-0HE72I0', ip: '192.168.243.2', os.name: 'Windows 10', os.arch: 'amd64', os.version: '10.0', java.version: '1.8.0_282'
Driver info: com.kms.katalon.selenium.driver.CChromeDriver
Capabilities {acceptInsecureCerts: false, browserName: chrome, browserVersion: 90.0.4430.212, chrome: {chromedriverVersion: 90.0.4430.24 (4c6d850f087da..., userDataDir: C:\Users\tanth\AppData\Loca...}, goog:chromeOptions: {debuggerAddress: localhost:56777}, javascriptEnabled: true, networkConnectionEnabled: false, pageLoadStrategy: normal, platform: WINDOWS, platformName: WINDOWS, proxy: Proxy(), setWindowRect: true, strictFileInteractability: false, timeouts: {implicit: 0, pageLoad: 300000, script: 30000}, unhandledPromptBehavior: dismiss and notify, webauthn:extension:largeBlob: true, webauthn:virtualAuthenticators: true}
Session ID: a48313aeb1e7df4e03069b6084802c85
	at org.openqa.selenium.remote.http.W3CHttpResponseCodec.createException(W3CHttpResponseCodec.java:187)
	at org.openqa.selenium.remote.http.W3CHttpResponseCodec.decode(W3CHttpResponseCodec.java:122)
	at org.openqa.selenium.remote.http.W3CHttpResponseCodec.decode(W3CHttpResponseCodec.java:49)
	at org.openqa.selenium.remote.HttpCommandExecutor.execute(HttpCommandExecutor.java:158)
	at org.openqa.selenium.remote.service.DriverCommandExecutor.execute(DriverCommandExecutor.java:83)
	at org.openqa.selenium.remote.RemoteWebDriver.execute(RemoteWebDriver.java:552)
	at com.kms.katalon.selenium.driver.CChromeDriver.execute(CChromeDriver.java:19)
	at org.openqa.selenium.remote.RemoteWebElement.execute(RemoteWebElement.java:285)
	at org.openqa.selenium.remote.RemoteWebElement.click(RemoteWebElement.java:84)
	at org.openqa.selenium.support.events.EventFiringWebDriver$EventFiringWebElement.lambda$new$0(EventFiringWebDriver.java:404)
	at com.sun.proxy.$Proxy11.click(Unknown Source)
	at org.openqa.selenium.support.events.EventFiringWebDriver$EventFiringWebElement.click(EventFiringWebDriver.java:417)
	at com.kms.katalon.core.webui.keyword.builtin.ClickKeyword$_click_closure1.doCall(ClickKeyword.groovy:68)
	at com.kms.katalon.core.webui.keyword.builtin.ClickKeyword$_click_closure1.call(ClickKeyword.groovy)
	at com.kms.katalon.core.webui.keyword.internal.WebUIKeywordMain.runKeyword(WebUIKeywordMain.groovy:20)
	... 19 more]]></system-out>
      <system-err><![CDATA[2021-05-28 21:36:59 - [TEST_SUITE][FAILED] - Run all test cases: Test Cases/UpdateMemberRole FAILED.
Reason:
com.kms.katalon.core.exception.StepFailedException: Unable to click on object 'Object Repository/Update Member Role/button_Member'
	at com.kms.katalon.core.webui.keyword.internal.WebUIKeywordMain.stepFailed(WebUIKeywordMain.groovy:64)
	at com.kms.katalon.core.webui.keyword.internal.WebUIKeywordMain.runKeyword(WebUIKeywordMain.groovy:26)
	at com.kms.katalon.core.webui.keyword.builtin.ClickKeyword.click(ClickKeyword.groovy:75)
	at com.kms.katalon.core.webui.keyword.builtin.ClickKeyword.execute(ClickKeyword.groovy:42)
	at com.kms.katalon.core.keyword.internal.KeywordExecutor.executeKeywordForPlatform(KeywordExecutor.groovy:73)
	at com.kms.katalon.core.webui.keyword.WebUiBuiltInKeywords.click(WebUiBuiltInKeywords.groovy:619)
	at com.kms.katalon.core.webui.keyword.WebUiBuiltInKeywords$click$4.call(Unknown Source)
	at UpdateMemberRole.run(UpdateMemberRole:34)
	at com.kms.katalon.core.main.ScriptEngine.run(ScriptEngine.java:194)
	at com.kms.katalon.core.main.ScriptEngine.runScriptAsRawText(ScriptEngine.java:119)
	at com.kms.katalon.core.main.TestCaseExecutor.runScript(TestCaseExecutor.java:398)
	at com.kms.katalon.core.main.TestCaseExecutor.doExecute(TestCaseExecutor.java:389)
	at com.kms.katalon.core.main.TestCaseExecutor.processExecutionPhase(TestCaseExecutor.java:368)
	at com.kms.katalon.core.main.TestCaseExecutor.accessMainPhase(TestCaseExecutor.java:360)
	at com.kms.katalon.core.main.TestCaseExecutor.execute(TestCaseExecutor.java:255)
	at com.kms.katalon.core.main.TestSuiteExecutor.accessTestCaseMainPhase(TestSuiteExecutor.java:203)
	at com.kms.katalon.core.main.TestSuiteExecutor.accessTestSuiteMainPhase(TestSuiteExecutor.java:152)
	at com.kms.katalon.core.main.TestSuiteExecutor.execute(TestSuiteExecutor.java:95)
	at com.kms.katalon.core.main.TestCaseMain.startTestSuite(TestCaseMain.java:157)
	at com.kms.katalon.core.main.TestCaseMain$startTestSuite$0.call(Unknown Source)
	at TempTestSuite1622212592997.run(TempTestSuite1622212592997.groovy:39)
Caused by: org.openqa.selenium.ElementClickInterceptedException: element click intercepted: Element <button type="button" id="fileUploadButton" aria-label="attachment" class="style--none post-action icon icon--attachment">...</button> is not clickable at point (956, 520). Other element would receive the click: <div role="dialog" aria-labelledby="teamMemberModalLabel" id="teamMembersModal" tabindex="-1" class="fade in modal" style="display: block;">...</div>
  (Session info: chrome=90.0.4430.212)
Build info: version: '3.141.59', revision: 'e82be7d358', time: '2018-11-14T08:25:53'
System info: host: 'DESKTOP-0HE72I0', ip: '192.168.243.2', os.name: 'Windows 10', os.arch: 'amd64', os.version: '10.0', java.version: '1.8.0_282'
Driver info: com.kms.katalon.selenium.driver.CChromeDriver
Capabilities {acceptInsecureCerts: false, browserName: chrome, browserVersion: 90.0.4430.212, chrome: {chromedriverVersion: 90.0.4430.24 (4c6d850f087da..., userDataDir: C:\Users\tanth\AppData\Loca...}, goog:chromeOptions: {debuggerAddress: localhost:56777}, javascriptEnabled: true, networkConnectionEnabled: false, pageLoadStrategy: normal, platform: WINDOWS, platformName: WINDOWS, proxy: Proxy(), setWindowRect: true, strictFileInteractability: false, timeouts: {implicit: 0, pageLoad: 300000, script: 30000}, unhandledPromptBehavior: dismiss and notify, webauthn:extension:largeBlob: true, webauthn:virtualAuthenticators: true}
Session ID: a48313aeb1e7df4e03069b6084802c85
	at org.openqa.selenium.remote.http.W3CHttpResponseCodec.createException(W3CHttpResponseCodec.java:187)
	at org.openqa.selenium.remote.http.W3CHttpResponseCodec.decode(W3CHttpResponseCodec.java:122)
	at org.openqa.selenium.remote.http.W3CHttpResponseCodec.decode(W3CHttpResponseCodec.java:49)
	at org.openqa.selenium.remote.HttpCommandExecutor.execute(HttpCommandExecutor.java:158)
	at org.openqa.selenium.remote.service.DriverCommandExecutor.execute(DriverCommandExecutor.java:83)
	at org.openqa.selenium.remote.RemoteWebDriver.execute(RemoteWebDriver.java:552)
	at com.kms.katalon.selenium.driver.CChromeDriver.execute(CChromeDriver.java:19)
	at org.openqa.selenium.remote.RemoteWebElement.execute(RemoteWebElement.java:285)
	at org.openqa.selenium.remote.RemoteWebElement.click(RemoteWebElement.java:84)
	at org.openqa.selenium.support.events.EventFiringWebDriver$EventFiringWebElement.lambda$new$0(EventFiringWebDriver.java:404)
	at com.sun.proxy.$Proxy11.click(Unknown Source)
	at org.openqa.selenium.support.events.EventFiringWebDriver$EventFiringWebElement.click(EventFiringWebDriver.java:417)
	at com.kms.katalon.core.webui.keyword.builtin.ClickKeyword$_click_closure1.doCall(ClickKeyword.groovy:68)
	at com.kms.katalon.core.webui.keyword.builtin.ClickKeyword$_click_closure1.call(ClickKeyword.groovy)
	at com.kms.katalon.core.webui.keyword.internal.WebUIKeywordMain.runKeyword(WebUIKeywordMain.groovy:20)
	... 19 more]]></system-err>
   </testsuite>
</testsuites>
