<?xml version="1.0" encoding="UTF-8"?>
<testsuites name="Run Interation 2" time="1588.631" tests="51" failures="9" errors="0">
   <testsuite name="Run Interation 2" tests="51" failures="9" errors="0" time="1588.631" skipped="0" timestamp="2021-05-28 17:39:54" hostname="DELL - DESKTOP-4EMC2JH" id="Test Suites/Run Interation 2">
      <properties>
         <property name="deviceName" value=""/>
         <property name="devicePlatform" value=""/>
         <property name="logFolder" value="G:\\HCMUS\\Nam4\\HK2\\Deadline\\2\\katalon\\Reports\\20210528_173936\\Run Interation 2\\20210528_173936"/>
         <property name="logFiles" value="G:\\HCMUS\\Nam4\\HK2\\Deadline\\2\\katalon\\Reports\\20210528_173936\\Run Interation 2\\20210528_173936\\execution0.log"/>
         <property name="attachments" value="G:\\HCMUS\\Nam4\\HK2\\Deadline\\2\\katalon\\Reports\\20210528_173936\\Run Interation 2\\20210528_173936\\1622198450485.png, G:\\HCMUS\\Nam4\\HK2\\Deadline\\2\\katalon\\Reports\\20210528_173936\\Run Interation 2\\20210528_173936\\1622198616107.png, G:\\HCMUS\\Nam4\\HK2\\Deadline\\2\\katalon\\Reports\\20210528_173936\\Run Interation 2\\20210528_173936\\1622198840168.png, G:\\HCMUS\\Nam4\\HK2\\Deadline\\2\\katalon\\Reports\\20210528_173936\\Run Interation 2\\20210528_173936\\1622198887217.png, G:\\HCMUS\\Nam4\\HK2\\Deadline\\2\\katalon\\Reports\\20210528_173936\\Run Interation 2\\20210528_173936\\1622198935368.png, G:\\HCMUS\\Nam4\\HK2\\Deadline\\2\\katalon\\Reports\\20210528_173936\\Run Interation 2\\20210528_173936\\1622199097627.png, G:\\HCMUS\\Nam4\\HK2\\Deadline\\2\\katalon\\Reports\\20210528_173936\\Run Interation 2\\20210528_173936\\1622199498325.png, G:\\HCMUS\\Nam4\\HK2\\Deadline\\2\\katalon\\Reports\\20210528_173936\\Run Interation 2\\20210528_173936\\1622199630707.png, G:\\HCMUS\\Nam4\\HK2\\Deadline\\2\\katalon\\Reports\\20210528_173936\\Run Interation 2\\20210528_173936\\1622199860863.png"/>
         <property name="hostName" value="DELL - DESKTOP-4EMC2JH"/>
         <property name="os" value="Windows 10 64bit"/>
         <property name="katalonVersion" value="8.0.0.208"/>
         <property name="browser" value="Chrome 90.0.4430.212"/>
         <property name="hostAddress" value="172.16.0.2"/>
         <property name="sessionId" value="b3855e852e7be9c0782ca371d9987f5f"/>
         <property name="seleniumVersion" value="3.141.59"/>
         <property name="proxyInformation" value="ProxyInformation { proxyOption=NO_PROXY, proxyServerType=HTTP, username=, password=********, proxyServerAddress=, proxyServerPort=0, executionList=&quot;&quot;, isApplyToDesiredCapabilities=true }"/>
         <property name="platform" value="Windows 10"/>
      </properties>
      <testcase name="Test Cases/Chat" time="54.39" classname="Test Cases/Chat" status="FAILED">
         <failure type="FAILED" message="Test Cases/Chat FAILED.
Reason:
com.kms.katalon.core.exception.StepFailedException: Unable to click on object 'Object Repository/Chat_Mattermose_OR/Page_Town Square - TOKEN Mattermost/span_Test 77777'
	at com.kms.katalon.core.webui.keyword.internal.WebUIKeywordMain.stepFailed(WebUIKeywordMain.groovy:64)
	at com.kms.katalon.core.webui.keyword.internal.WebUIKeywordMain.runKeyword(WebUIKeywordMain.groovy:26)
	at com.kms.katalon.core.webui.keyword.builtin.ClickKeyword.click(ClickKeyword.groovy:75)
	at com.kms.katalon.core.webui.keyword.builtin.ClickKeyword.execute(ClickKeyword.groovy:42)
	at com.kms.katalon.core.keyword.internal.KeywordExecutor.executeKeywordForPlatform(KeywordExecutor.groovy:73)
	at com.kms.katalon.core.webui.keyword.WebUiBuiltInKeywords.click(WebUiBuiltInKeywords.groovy:619)
	at com.kms.katalon.core.webui.keyword.WebUiBuiltInKeywords$click$4.call(Unknown Source)
	at Chat.run(Chat:33)
	at com.kms.katalon.core.main.ScriptEngine.run(ScriptEngine.java:194)
	at com.kms.katalon.core.main.ScriptEngine.runScriptAsRawText(ScriptEngine.java:119)
	at com.kms.katalon.core.main.TestCaseExecutor.runScript(TestCaseExecutor.java:398)
	at com.kms.katalon.core.main.TestCaseExecutor.doExecute(TestCaseExecutor.java:389)
	at com.kms.katalon.core.main.TestCaseExecutor.processExecutionPhase(TestCaseExecutor.java:368)
	at com.kms.katalon.core.main.TestCaseExecutor.accessMainPhase(TestCaseExecutor.java:360)
	at com.kms.katalon.core.main.TestCaseExecutor.execute(TestCaseExecutor.java:255)
	at com.kms.katalon.core.main.TestSuiteExecutor.accessTestCaseMainPhase(TestSuiteExecutor.java:203)
	at com.kms.katalon.core.main.TestSuiteExecutor.accessTestSuiteMainPhase(TestSuiteExecutor.java:152)
	at com.kms.katalon.core.main.TestSuiteExecutor.execute(TestSuiteExecutor.java:95)
	at com.kms.katalon.core.main.TestCaseMain.startTestSuite(TestCaseMain.java:157)
	at com.kms.katalon.core.main.TestCaseMain$startTestSuite$0.call(Unknown Source)
	at TempTestSuite1622198376741.run(TempTestSuite1622198376741.groovy:39)
Caused by: com.kms.katalon.core.webui.exception.WebElementNotFoundException: Web element with id: 'Object Repository/Chat_Mattermose_OR/Page_Town Square - TOKEN Mattermost/span_Test 77777' located by '//a[@id='sidebarItem_test-77777']/span[2]/span' not found
	at com.kms.katalon.core.webui.common.WebUiCommonHelper.findWebElement(WebUiCommonHelper.java:1368)
	at com.kms.katalon.core.webui.keyword.internal.WebUIAbstractKeyword.findWebElement(WebUIAbstractKeyword.groovy:27)
	at com.kms.katalon.core.webui.keyword.internal.WebUIAbstractKeyword.findWebElement(WebUIAbstractKeyword.groovy:26)
	at com.kms.katalon.core.webui.keyword.builtin.ClickKeyword$_click_closure1.doCall(ClickKeyword.groovy:66)
	at com.kms.katalon.core.webui.keyword.builtin.ClickKeyword$_click_closure1.call(ClickKeyword.groovy)
	at com.kms.katalon.core.webui.keyword.internal.WebUIKeywordMain.runKeyword(WebUIKeywordMain.groovy:20)
	... 19 more
"/>
         <system-out><![CDATA[2021-05-28 17:39:56 - [TEST_CASE][FAILED] - Test Cases/Chat: Test Cases/Chat FAILED.
Reason:
com.kms.katalon.core.exception.StepFailedException: Unable to click on object 'Object Repository/Chat_Mattermose_OR/Page_Town Square - TOKEN Mattermost/span_Test 77777'
	at com.kms.katalon.core.webui.keyword.internal.WebUIKeywordMain.stepFailed(WebUIKeywordMain.groovy:64)
	at com.kms.katalon.core.webui.keyword.internal.WebUIKeywordMain.runKeyword(WebUIKeywordMain.groovy:26)
	at com.kms.katalon.core.webui.keyword.builtin.ClickKeyword.click(ClickKeyword.groovy:75)
	at com.kms.katalon.core.webui.keyword.builtin.ClickKeyword.execute(ClickKeyword.groovy:42)
	at com.kms.katalon.core.keyword.internal.KeywordExecutor.executeKeywordForPlatform(KeywordExecutor.groovy:73)
	at com.kms.katalon.core.webui.keyword.WebUiBuiltInKeywords.click(WebUiBuiltInKeywords.groovy:619)
	at com.kms.katalon.core.webui.keyword.WebUiBuiltInKeywords$click$4.call(Unknown Source)
	at Chat.run(Chat:33)
	at com.kms.katalon.core.main.ScriptEngine.run(ScriptEngine.java:194)
	at com.kms.katalon.core.main.ScriptEngine.runScriptAsRawText(ScriptEngine.java:119)
	at com.kms.katalon.core.main.TestCaseExecutor.runScript(TestCaseExecutor.java:398)
	at com.kms.katalon.core.main.TestCaseExecutor.doExecute(TestCaseExecutor.java:389)
	at com.kms.katalon.core.main.TestCaseExecutor.processExecutionPhase(TestCaseExecutor.java:368)
	at com.kms.katalon.core.main.TestCaseExecutor.accessMainPhase(TestCaseExecutor.java:360)
	at com.kms.katalon.core.main.TestCaseExecutor.execute(TestCaseExecutor.java:255)
	at com.kms.katalon.core.main.TestSuiteExecutor.accessTestCaseMainPhase(TestSuiteExecutor.java:203)
	at com.kms.katalon.core.main.TestSuiteExecutor.accessTestSuiteMainPhase(TestSuiteExecutor.java:152)
	at com.kms.katalon.core.main.TestSuiteExecutor.execute(TestSuiteExecutor.java:95)
	at com.kms.katalon.core.main.TestCaseMain.startTestSuite(TestCaseMain.java:157)
	at com.kms.katalon.core.main.TestCaseMain$startTestSuite$0.call(Unknown Source)
	at TempTestSuite1622198376741.run(TempTestSuite1622198376741.groovy:39)
Caused by: com.kms.katalon.core.webui.exception.WebElementNotFoundException: Web element with id: 'Object Repository/Chat_Mattermose_OR/Page_Town Square - TOKEN Mattermost/span_Test 77777' located by '//a[@id='sidebarItem_test-77777']/span[2]/span' not found
	at com.kms.katalon.core.webui.common.WebUiCommonHelper.findWebElement(WebUiCommonHelper.java:1368)
	at com.kms.katalon.core.webui.keyword.internal.WebUIAbstractKeyword.findWebElement(WebUIAbstractKeyword.groovy:27)
	at com.kms.katalon.core.webui.keyword.internal.WebUIAbstractKeyword.findWebElement(WebUIAbstractKeyword.groovy:26)
	at com.kms.katalon.core.webui.keyword.builtin.ClickKeyword$_click_closure1.doCall(ClickKeyword.groovy:66)
	at com.kms.katalon.core.webui.keyword.builtin.ClickKeyword$_click_closure1.call(ClickKeyword.groovy)
	at com.kms.katalon.core.webui.keyword.internal.WebUIKeywordMain.runKeyword(WebUIKeywordMain.groovy:20)
	... 19 more


2021-05-28 17:39:57 - [TEST_STEP][PASSED] - openBrowser(""): Browser is opened with url: ''

2021-05-28 17:39:57 - [MESSAGE][INFO] - Starting 'Chrome' driver

2021-05-28 17:39:57 - [MESSAGE][INFO] - Action delay is set to 0 milliseconds

2021-05-28 17:40:01 - [MESSAGE][PASSED] - Browser is opened with url: ''

2021-05-28 17:40:01 - [TEST_STEP][PASSED] - navigateToUrl("https://cdnc-group2.herokuapp.com/"): Navigate to 'https://cdnc-group2.herokuapp.com/' successfully

2021-05-28 17:40:06 - [MESSAGE][PASSED] - Navigate to 'https://cdnc-group2.herokuapp.com/' successfully

2021-05-28 17:40:06 - [TEST_STEP][PASSED] - setText(findTestObject("Object Repository/Chat_Mattermose_OR/Page_Mattermost/input_All team communication in one place, _dcc84b"), "ngoctin040999@gmail.com"): Text 'ngoctin040999@gmail.com' is set on object 'Object Repository/Chat_Mattermose_OR/Page_Mattermost/input_All team communication in one place, _dcc84b'

2021-05-28 17:40:11 - [MESSAGE][PASSED] - Text 'ngoctin040999@gmail.com' is set on object 'Object Repository/Chat_Mattermose_OR/Page_Mattermost/input_All team communication in one place, _dcc84b'

2021-05-28 17:40:11 - [TEST_STEP][PASSED] - setEncryptedText(findTestObject("Object Repository/Chat_Mattermose_OR/Page_Mattermost/input_All team communication in one place, _a3edc6"), "S8w1SJvl7D1hts9IdMV+NQ=="): Text ****** has been set on object 'Object Repository/Chat_Mattermose_OR/Page_Mattermost/input_All team communication in one place, _a3edc6'

2021-05-28 17:40:12 - [MESSAGE][PASSED] - Text ****** has been set on object 'Object Repository/Chat_Mattermose_OR/Page_Mattermost/input_All team communication in one place, _a3edc6'

2021-05-28 17:40:12 - [TEST_STEP][PASSED] - sendKeys(findTestObject("Object Repository/Chat_Mattermose_OR/Page_Mattermost/input_All team communication in one place, _a3edc6"), Keys.chord(ENTER)): Keys 'ENTER + ' sent to object: 'Object Repository/Chat_Mattermose_OR/Page_Mattermost/input_All team communication in one place, _a3edc6'

2021-05-28 17:40:12 - [MESSAGE][PASSED] - Keys 'ENTER + ' sent to object: 'Object Repository/Chat_Mattermose_OR/Page_Mattermost/input_All team communication in one place, _a3edc6'

2021-05-28 17:40:12 - [TEST_STEP][FAILED] - click(findTestObject("Object Repository/Chat_Mattermose_OR/Page_Town Square - TOKEN Mattermost/span_Test 77777")): Unable to click on object 'Object Repository/Chat_Mattermose_OR/Page_Town Square - TOKEN Mattermost/span_Test 77777' (Root cause: com.kms.katalon.core.exception.StepFailedException: Unable to click on object 'Object Repository/Chat_Mattermose_OR/Page_Town Square - TOKEN Mattermost/span_Test 77777'
	at com.kms.katalon.core.webui.keyword.internal.WebUIKeywordMain.stepFailed(WebUIKeywordMain.groovy:64)
	at com.kms.katalon.core.webui.keyword.internal.WebUIKeywordMain.runKeyword(WebUIKeywordMain.groovy:26)
	at com.kms.katalon.core.webui.keyword.builtin.ClickKeyword.click(ClickKeyword.groovy:75)
	at com.kms.katalon.core.webui.keyword.builtin.ClickKeyword.execute(ClickKeyword.groovy:42)
	at com.kms.katalon.core.keyword.internal.KeywordExecutor.executeKeywordForPlatform(KeywordExecutor.groovy:73)
	at com.kms.katalon.core.webui.keyword.WebUiBuiltInKeywords.click(WebUiBuiltInKeywords.groovy:619)
	at com.kms.katalon.core.webui.keyword.WebUiBuiltInKeywords$click$4.call(Unknown Source)
	at Chat.run(Chat:33)
	at com.kms.katalon.core.main.ScriptEngine.run(ScriptEngine.java:194)
	at com.kms.katalon.core.main.ScriptEngine.runScriptAsRawText(ScriptEngine.java:119)
	at com.kms.katalon.core.main.TestCaseExecutor.runScript(TestCaseExecutor.java:398)
	at com.kms.katalon.core.main.TestCaseExecutor.doExecute(TestCaseExecutor.java:389)
	at com.kms.katalon.core.main.TestCaseExecutor.processExecutionPhase(TestCaseExecutor.java:368)
	at com.kms.katalon.core.main.TestCaseExecutor.accessMainPhase(TestCaseExecutor.java:360)
	at com.kms.katalon.core.main.TestCaseExecutor.execute(TestCaseExecutor.java:255)
	at com.kms.katalon.core.main.TestSuiteExecutor.accessTestCaseMainPhase(TestSuiteExecutor.java:203)
	at com.kms.katalon.core.main.TestSuiteExecutor.accessTestSuiteMainPhase(TestSuiteExecutor.java:152)
	at com.kms.katalon.core.main.TestSuiteExecutor.execute(TestSuiteExecutor.java:95)
	at com.kms.katalon.core.main.TestCaseMain.startTestSuite(TestCaseMain.java:157)
	at com.kms.katalon.core.main.TestCaseMain$startTestSuite$0.call(Unknown Source)
	at TempTestSuite1622198376741.run(TempTestSuite1622198376741.groovy:39)
Caused by: com.kms.katalon.core.webui.exception.WebElementNotFoundException: Web element with id: 'Object Repository/Chat_Mattermose_OR/Page_Town Square - TOKEN Mattermost/span_Test 77777' located by '//a[@id='sidebarItem_test-77777']/span[2]/span' not found
	at com.kms.katalon.core.webui.common.WebUiCommonHelper.findWebElement(WebUiCommonHelper.java:1368)
	at com.kms.katalon.core.webui.keyword.internal.WebUIAbstractKeyword.findWebElement(WebUIAbstractKeyword.groovy:27)
	at com.kms.katalon.core.webui.keyword.internal.WebUIAbstractKeyword.findWebElement(WebUIAbstractKeyword.groovy:26)
	at com.kms.katalon.core.webui.keyword.builtin.ClickKeyword$_click_closure1.doCall(ClickKeyword.groovy:66)
	at com.kms.katalon.core.webui.keyword.builtin.ClickKeyword$_click_closure1.call(ClickKeyword.groovy)
	at com.kms.katalon.core.webui.keyword.internal.WebUIKeywordMain.runKeyword(WebUIKeywordMain.groovy:20)
	at com.kms.katalon.core.webui.keyword.builtin.ClickKeyword.click(ClickKeyword.groovy:75)
	at com.kms.katalon.core.webui.keyword.builtin.ClickKeyword.execute(ClickKeyword.groovy:42)
	at com.kms.katalon.core.keyword.internal.KeywordExecutor.executeKeywordForPlatform(KeywordExecutor.groovy:73)
	at com.kms.katalon.core.webui.keyword.WebUiBuiltInKeywords.click(WebUiBuiltInKeywords.groovy:619)
	at com.kms.katalon.core.webui.keyword.WebUiBuiltInKeywords$click$4.call(Unknown Source)
	at Script1621483987754.run(Script1621483987754.groovy:33)
	... 13 more
)

2021-05-28 17:40:44 - [MESSAGE][INFO] - Unable to find the element located by 'By.xpath: //a[@id='sidebarItem_test-77777']/span[2]/span'. Please recheck the objects properties to make sure the desired element is located. 

2021-05-28 17:40:44 - [MESSAGE][WARNING] - [SELF-HEALING] Failed to find element with id 'Object Repository/Chat_Mattermose_OR/Page_Town Square - TOKEN Mattermost/span_Test 77777'. Try using Self-healing.

2021-05-28 17:40:45 - [MESSAGE][INFO] - Unable to find the element located by 'By.xpath: (.//*[normalize-space(text()) and normalize-space(.)='Test 111223'])[1]/preceding::span[2]'. Please recheck the objects properties to make sure the desired element is located. 

2021-05-28 17:40:46 - [MESSAGE][INFO] - Unable to find the element located by 'By.xpath: //*/text()[normalize-space(.)='Test 77777']/parent::*'. Please recheck the objects properties to make sure the desired element is located. 

2021-05-28 17:40:46 - [MESSAGE][INFO] - [SELF-HEALING] Failed Locator: '//a[@id='sidebarItem_test-77777']/span[2]/span'.

2021-05-28 17:40:46 - [MESSAGE][INFO] - [SELF-HEALING] Failed Locator: '(.//*[normalize-space(text()) and normalize-space(.)='Test 147 456'])[1]/following::span[3]'.

2021-05-28 17:40:47 - [MESSAGE][INFO] - [SELF-HEALING] Failed Locator: '(.//*[normalize-space(text()) and normalize-space(.)='Test'])[1]/following::span[6]'.

2021-05-28 17:40:47 - [MESSAGE][INFO] - [SELF-HEALING] Failed Locator: '(.//*[normalize-space(text()) and normalize-space(.)='Test 111223'])[1]/preceding::span[2]'.

2021-05-28 17:40:47 - [MESSAGE][INFO] - [SELF-HEALING] Failed Locator: '(.//*[normalize-space(text()) and normalize-space(.)='Test 111224'])[1]/preceding::span[5]'.

2021-05-28 17:40:47 - [MESSAGE][INFO] - [SELF-HEALING] Failed Locator: '//*/text()[normalize-space(.)='Test 77777']/parent::*'.

2021-05-28 17:40:48 - [MESSAGE][INFO] - [SELF-HEALING] Failed Locator: '//li[5]/a/span[2]/span'.

2021-05-28 17:40:49 - [MESSAGE][INFO] - Unable to find the element located by 'By.xpath: //*[(text() = 'Test 77777' or . = 'Test 77777')]'. Please recheck the objects properties to make sure the desired element is located. 

2021-05-28 17:40:50 - [MESSAGE][INFO] - Unable to find the element located by 'By.cssSelector: #sidebarItem_test-77777 > span.sidebar-item__name > span'. Please recheck the objects properties to make sure the desired element is located. 

2021-05-28 17:40:50 - [MESSAGE][FAILED] - Unable to click on object 'Object Repository/Chat_Mattermose_OR/Page_Town Square - TOKEN Mattermost/span_Test 77777' (Root cause: com.kms.katalon.core.exception.StepFailedException: Unable to click on object 'Object Repository/Chat_Mattermose_OR/Page_Town Square - TOKEN Mattermost/span_Test 77777'
	at com.kms.katalon.core.webui.keyword.internal.WebUIKeywordMain.stepFailed(WebUIKeywordMain.groovy:64)
	at com.kms.katalon.core.webui.keyword.internal.WebUIKeywordMain.runKeyword(WebUIKeywordMain.groovy:26)
	at com.kms.katalon.core.webui.keyword.builtin.ClickKeyword.click(ClickKeyword.groovy:75)
	at com.kms.katalon.core.webui.keyword.builtin.ClickKeyword.execute(ClickKeyword.groovy:42)
	at com.kms.katalon.core.keyword.internal.KeywordExecutor.executeKeywordForPlatform(KeywordExecutor.groovy:73)
	at com.kms.katalon.core.webui.keyword.WebUiBuiltInKeywords.click(WebUiBuiltInKeywords.groovy:619)
	at com.kms.katalon.core.webui.keyword.WebUiBuiltInKeywords$click$4.call(Unknown Source)
	at Chat.run(Chat:33)
	at com.kms.katalon.core.main.ScriptEngine.run(ScriptEngine.java:194)
	at com.kms.katalon.core.main.ScriptEngine.runScriptAsRawText(ScriptEngine.java:119)
	at com.kms.katalon.core.main.TestCaseExecutor.runScript(TestCaseExecutor.java:398)
	at com.kms.katalon.core.main.TestCaseExecutor.doExecute(TestCaseExecutor.java:389)
	at com.kms.katalon.core.main.TestCaseExecutor.processExecutionPhase(TestCaseExecutor.java:368)
	at com.kms.katalon.core.main.TestCaseExecutor.accessMainPhase(TestCaseExecutor.java:360)
	at com.kms.katalon.core.main.TestCaseExecutor.execute(TestCaseExecutor.java:255)
	at com.kms.katalon.core.main.TestSuiteExecutor.accessTestCaseMainPhase(TestSuiteExecutor.java:203)
	at com.kms.katalon.core.main.TestSuiteExecutor.accessTestSuiteMainPhase(TestSuiteExecutor.java:152)
	at com.kms.katalon.core.main.TestSuiteExecutor.execute(TestSuiteExecutor.java:95)
	at com.kms.katalon.core.main.TestCaseMain.startTestSuite(TestCaseMain.java:157)
	at com.kms.katalon.core.main.TestCaseMain$startTestSuite$0.call(Unknown Source)
	at TempTestSuite1622198376741.run(TempTestSuite1622198376741.groovy:39)
Caused by: com.kms.katalon.core.webui.exception.WebElementNotFoundException: Web element with id: 'Object Repository/Chat_Mattermose_OR/Page_Town Square - TOKEN Mattermost/span_Test 77777' located by '//a[@id='sidebarItem_test-77777']/span[2]/span' not found
	at com.kms.katalon.core.webui.common.WebUiCommonHelper.findWebElement(WebUiCommonHelper.java:1368)
	at com.kms.katalon.core.webui.keyword.internal.WebUIAbstractKeyword.findWebElement(WebUIAbstractKeyword.groovy:27)
	at com.kms.katalon.core.webui.keyword.internal.WebUIAbstractKeyword.findWebElement(WebUIAbstractKeyword.groovy:26)
	at com.kms.katalon.core.webui.keyword.builtin.ClickKeyword$_click_closure1.doCall(ClickKeyword.groovy:66)
	at com.kms.katalon.core.webui.keyword.builtin.ClickKeyword$_click_closure1.call(ClickKeyword.groovy)
	at com.kms.katalon.core.webui.keyword.internal.WebUIKeywordMain.runKeyword(WebUIKeywordMain.groovy:20)
	at com.kms.katalon.core.webui.keyword.builtin.ClickKeyword.click(ClickKeyword.groovy:75)
	at com.kms.katalon.core.webui.keyword.builtin.ClickKeyword.execute(ClickKeyword.groovy:42)
	at com.kms.katalon.core.keyword.internal.KeywordExecutor.executeKeywordForPlatform(KeywordExecutor.groovy:73)
	at com.kms.katalon.core.webui.keyword.WebUiBuiltInKeywords.click(WebUiBuiltInKeywords.groovy:619)
	at com.kms.katalon.core.webui.keyword.WebUiBuiltInKeywords$click$4.call(Unknown Source)
	at Script1621483987754.run(Script1621483987754.groovy:33)
	... 13 more
)
[[ATTACHMENT|G:\\HCMUS\\Nam4\\HK2\\Deadline\\2\\katalon\\Reports\\20210528_173936\\Run Interation 2\\20210528_173936\\1622198450485.png]]]]></system-out>
         <system-err><![CDATA[2021-05-28 17:39:56 - [TEST_CASE][FAILED] - Test Cases/Chat: Test Cases/Chat FAILED.
Reason:
com.kms.katalon.core.exception.StepFailedException: Unable to click on object 'Object Repository/Chat_Mattermose_OR/Page_Town Square - TOKEN Mattermost/span_Test 77777'
	at com.kms.katalon.core.webui.keyword.internal.WebUIKeywordMain.stepFailed(WebUIKeywordMain.groovy:64)
	at com.kms.katalon.core.webui.keyword.internal.WebUIKeywordMain.runKeyword(WebUIKeywordMain.groovy:26)
	at com.kms.katalon.core.webui.keyword.builtin.ClickKeyword.click(ClickKeyword.groovy:75)
	at com.kms.katalon.core.webui.keyword.builtin.ClickKeyword.execute(ClickKeyword.groovy:42)
	at com.kms.katalon.core.keyword.internal.KeywordExecutor.executeKeywordForPlatform(KeywordExecutor.groovy:73)
	at com.kms.katalon.core.webui.keyword.WebUiBuiltInKeywords.click(WebUiBuiltInKeywords.groovy:619)
	at com.kms.katalon.core.webui.keyword.WebUiBuiltInKeywords$click$4.call(Unknown Source)
	at Chat.run(Chat:33)
	at com.kms.katalon.core.main.ScriptEngine.run(ScriptEngine.java:194)
	at com.kms.katalon.core.main.ScriptEngine.runScriptAsRawText(ScriptEngine.java:119)
	at com.kms.katalon.core.main.TestCaseExecutor.runScript(TestCaseExecutor.java:398)
	at com.kms.katalon.core.main.TestCaseExecutor.doExecute(TestCaseExecutor.java:389)
	at com.kms.katalon.core.main.TestCaseExecutor.processExecutionPhase(TestCaseExecutor.java:368)
	at com.kms.katalon.core.main.TestCaseExecutor.accessMainPhase(TestCaseExecutor.java:360)
	at com.kms.katalon.core.main.TestCaseExecutor.execute(TestCaseExecutor.java:255)
	at com.kms.katalon.core.main.TestSuiteExecutor.accessTestCaseMainPhase(TestSuiteExecutor.java:203)
	at com.kms.katalon.core.main.TestSuiteExecutor.accessTestSuiteMainPhase(TestSuiteExecutor.java:152)
	at com.kms.katalon.core.main.TestSuiteExecutor.execute(TestSuiteExecutor.java:95)
	at com.kms.katalon.core.main.TestCaseMain.startTestSuite(TestCaseMain.java:157)
	at com.kms.katalon.core.main.TestCaseMain$startTestSuite$0.call(Unknown Source)
	at TempTestSuite1622198376741.run(TempTestSuite1622198376741.groovy:39)
Caused by: com.kms.katalon.core.webui.exception.WebElementNotFoundException: Web element with id: 'Object Repository/Chat_Mattermose_OR/Page_Town Square - TOKEN Mattermost/span_Test 77777' located by '//a[@id='sidebarItem_test-77777']/span[2]/span' not found
	at com.kms.katalon.core.webui.common.WebUiCommonHelper.findWebElement(WebUiCommonHelper.java:1368)
	at com.kms.katalon.core.webui.keyword.internal.WebUIAbstractKeyword.findWebElement(WebUIAbstractKeyword.groovy:27)
	at com.kms.katalon.core.webui.keyword.internal.WebUIAbstractKeyword.findWebElement(WebUIAbstractKeyword.groovy:26)
	at com.kms.katalon.core.webui.keyword.builtin.ClickKeyword$_click_closure1.doCall(ClickKeyword.groovy:66)
	at com.kms.katalon.core.webui.keyword.builtin.ClickKeyword$_click_closure1.call(ClickKeyword.groovy)
	at com.kms.katalon.core.webui.keyword.internal.WebUIKeywordMain.runKeyword(WebUIKeywordMain.groovy:20)
	... 19 more]]></system-err>
      </testcase>
      <testcase name="Test Cases/Login" time="18.338" classname="Test Cases/Login" status="PASSED">
         <system-out><![CDATA[2021-05-28 17:40:50 - [TEST_CASE][PASSED] - Test Cases/Login: Test Cases/Login

2021-05-28 17:40:51 - [TEST_STEP][PASSED] - openBrowser(""): Browser is opened with url: ''

2021-05-28 17:40:51 - [MESSAGE][WARNING] - A browser is already opened. Closing browser and opening a new one

2021-05-28 17:40:52 - [MESSAGE][INFO] - Starting 'Chrome' driver

2021-05-28 17:40:52 - [MESSAGE][INFO] - Action delay is set to 0 milliseconds

2021-05-28 17:40:54 - [MESSAGE][PASSED] - Browser is opened with url: ''

2021-05-28 17:40:54 - [TEST_STEP][PASSED] - navigateToUrl("https://cdnc-group2.herokuapp.com/"): Navigate to 'https://cdnc-group2.herokuapp.com/' successfully

2021-05-28 17:40:58 - [MESSAGE][PASSED] - Navigate to 'https://cdnc-group2.herokuapp.com/' successfully

2021-05-28 17:40:58 - [TEST_STEP][PASSED] - setText(findTestObject("Login_Mattermost_OR/input_All team communication in one place, _dcc84b"), Username): Text 'ngoctin040999@gmail.com' is set on object 'Object Repository/Login_Mattermost_OR/input_All team communication in one place, _dcc84b'

2021-05-28 17:41:03 - [MESSAGE][PASSED] - Text 'ngoctin040999@gmail.com' is set on object 'Object Repository/Login_Mattermost_OR/input_All team communication in one place, _dcc84b'

2021-05-28 17:41:03 - [TEST_STEP][PASSED] - setText(findTestObject("Login_Mattermost_OR/input_All team communication in one place, _a3edc6"), Password): Text 'ngoctin1' is set on object 'Object Repository/Login_Mattermost_OR/input_All team communication in one place, _a3edc6'

2021-05-28 17:41:04 - [MESSAGE][PASSED] - Text 'ngoctin1' is set on object 'Object Repository/Login_Mattermost_OR/input_All team communication in one place, _a3edc6'

2021-05-28 17:41:04 - [TEST_STEP][PASSED] - click(findTestObject("Login_Mattermost_OR/span_Sign in")): Object: 'Object Repository/Login_Mattermost_OR/span_Sign in' is clicked on

2021-05-28 17:41:04 - [MESSAGE][PASSED] - Object: 'Object Repository/Login_Mattermost_OR/span_Sign in' is clicked on

2021-05-28 17:41:04 - [TEST_STEP][PASSED] - if (Username != "ngoctin040999@gmail.com"): null

2021-05-28 17:41:04 - [TEST_STEP][PASSED] - else: Object 'Object Repository/Login_Mattermost_OR/h1_fsdfsdf' is present

2021-05-28 17:41:04 - [TEST_STEP][PASSED] - Thread.sleep(3000): null

2021-05-28 17:41:07 - [TEST_STEP][PASSED] - verifyElementPresent(findTestObject("Object Repository/Login_Mattermost_OR/h1_fsdfsdf"), 0): Object 'Object Repository/Login_Mattermost_OR/h1_fsdfsdf' is present

2021-05-28 17:41:07 - [MESSAGE][WARNING] - Timeout '0' is invalid. Using default page load timeout: '30'

2021-05-28 17:41:08 - [MESSAGE][PASSED] - Object 'Object Repository/Login_Mattermost_OR/h1_fsdfsdf' is present

2021-05-28 17:41:08 - [TEST_STEP][PASSED] - closeBrowser(): Browser is closed

2021-05-28 17:41:09 - [MESSAGE][PASSED] - Browser is closed]]></system-out>
         <system-err><![CDATA[]]></system-err>
      </testcase>
      <testcase name="Test Cases/Login" time="14.61" classname="Test Cases/Login" status="PASSED">
         <system-out><![CDATA[2021-05-28 17:41:09 - [TEST_CASE][PASSED] - Test Cases/Login: Test Cases/Login

2021-05-28 17:41:09 - [TEST_STEP][PASSED] - openBrowser(""): Browser is opened with url: ''

2021-05-28 17:41:09 - [MESSAGE][INFO] - Starting 'Chrome' driver

2021-05-28 17:41:09 - [MESSAGE][INFO] - Action delay is set to 0 milliseconds

2021-05-28 17:41:11 - [MESSAGE][PASSED] - Browser is opened with url: ''

2021-05-28 17:41:11 - [TEST_STEP][PASSED] - navigateToUrl("https://cdnc-group2.herokuapp.com/"): Navigate to 'https://cdnc-group2.herokuapp.com/' successfully

2021-05-28 17:41:15 - [MESSAGE][PASSED] - Navigate to 'https://cdnc-group2.herokuapp.com/' successfully

2021-05-28 17:41:15 - [TEST_STEP][PASSED] - setText(findTestObject("Login_Mattermost_OR/input_All team communication in one place, _dcc84b"), Username): Text 'ngoctin040999' is set on object 'Object Repository/Login_Mattermost_OR/input_All team communication in one place, _dcc84b'

2021-05-28 17:41:20 - [MESSAGE][PASSED] - Text 'ngoctin040999' is set on object 'Object Repository/Login_Mattermost_OR/input_All team communication in one place, _dcc84b'

2021-05-28 17:41:20 - [TEST_STEP][PASSED] - setText(findTestObject("Login_Mattermost_OR/input_All team communication in one place, _a3edc6"), Password): Text 'ngoctin1' is set on object 'Object Repository/Login_Mattermost_OR/input_All team communication in one place, _a3edc6'

2021-05-28 17:41:21 - [MESSAGE][PASSED] - Text 'ngoctin1' is set on object 'Object Repository/Login_Mattermost_OR/input_All team communication in one place, _a3edc6'

2021-05-28 17:41:21 - [TEST_STEP][PASSED] - click(findTestObject("Login_Mattermost_OR/span_Sign in")): Object: 'Object Repository/Login_Mattermost_OR/span_Sign in' is clicked on

2021-05-28 17:41:22 - [MESSAGE][PASSED] - Object: 'Object Repository/Login_Mattermost_OR/span_Sign in' is clicked on

2021-05-28 17:41:22 - [TEST_STEP][PASSED] - if (Username != "ngoctin040999@gmail.com"): Object 'Object Repository/Login_Mattermost_OR/label_Enter a valid email or username andor password' is present

2021-05-28 17:41:22 - [TEST_STEP][PASSED] - verifyElementPresent(findTestObject("Object Repository/Login_Mattermost_OR/label_Enter a valid email or username andor password"), 0): Object 'Object Repository/Login_Mattermost_OR/label_Enter a valid email or username andor password' is present

2021-05-28 17:41:22 - [MESSAGE][WARNING] - Timeout '0' is invalid. Using default page load timeout: '30'

2021-05-28 17:41:23 - [MESSAGE][PASSED] - Object 'Object Repository/Login_Mattermost_OR/label_Enter a valid email or username andor password' is present

2021-05-28 17:41:23 - [TEST_STEP][PASSED] - closeBrowser(): Browser is closed

2021-05-28 17:41:23 - [MESSAGE][PASSED] - Browser is closed]]></system-out>
         <system-err><![CDATA[]]></system-err>
      </testcase>
      <testcase name="Test Cases/Login" time="14.148" classname="Test Cases/Login" status="PASSED">
         <system-out><![CDATA[2021-05-28 17:41:24 - [TEST_CASE][PASSED] - Test Cases/Login: Test Cases/Login

2021-05-28 17:41:24 - [TEST_STEP][PASSED] - openBrowser(""): Browser is opened with url: ''

2021-05-28 17:41:24 - [MESSAGE][INFO] - Starting 'Chrome' driver

2021-05-28 17:41:24 - [MESSAGE][INFO] - Action delay is set to 0 milliseconds

2021-05-28 17:41:25 - [MESSAGE][PASSED] - Browser is opened with url: ''

2021-05-28 17:41:25 - [TEST_STEP][PASSED] - navigateToUrl("https://cdnc-group2.herokuapp.com/"): Navigate to 'https://cdnc-group2.herokuapp.com/' successfully

2021-05-28 17:41:30 - [MESSAGE][PASSED] - Navigate to 'https://cdnc-group2.herokuapp.com/' successfully

2021-05-28 17:41:30 - [TEST_STEP][PASSED] - setText(findTestObject("Login_Mattermost_OR/input_All team communication in one place, _dcc84b"), Username): Text 'testing123@gmail.com' is set on object 'Object Repository/Login_Mattermost_OR/input_All team communication in one place, _dcc84b'

2021-05-28 17:41:35 - [MESSAGE][PASSED] - Text 'testing123@gmail.com' is set on object 'Object Repository/Login_Mattermost_OR/input_All team communication in one place, _dcc84b'

2021-05-28 17:41:35 - [TEST_STEP][PASSED] - setText(findTestObject("Login_Mattermost_OR/input_All team communication in one place, _a3edc6"), Password): Text 'test12' is set on object 'Object Repository/Login_Mattermost_OR/input_All team communication in one place, _a3edc6'

2021-05-28 17:41:36 - [MESSAGE][PASSED] - Text 'test12' is set on object 'Object Repository/Login_Mattermost_OR/input_All team communication in one place, _a3edc6'

2021-05-28 17:41:36 - [TEST_STEP][PASSED] - click(findTestObject("Login_Mattermost_OR/span_Sign in")): Object: 'Object Repository/Login_Mattermost_OR/span_Sign in' is clicked on

2021-05-28 17:41:36 - [MESSAGE][PASSED] - Object: 'Object Repository/Login_Mattermost_OR/span_Sign in' is clicked on

2021-05-28 17:41:36 - [TEST_STEP][PASSED] - if (Username != "ngoctin040999@gmail.com"): Object 'Object Repository/Login_Mattermost_OR/label_Enter a valid email or username andor password' is present

2021-05-28 17:41:36 - [TEST_STEP][PASSED] - verifyElementPresent(findTestObject("Object Repository/Login_Mattermost_OR/label_Enter a valid email or username andor password"), 0): Object 'Object Repository/Login_Mattermost_OR/label_Enter a valid email or username andor password' is present

2021-05-28 17:41:36 - [MESSAGE][WARNING] - Timeout '0' is invalid. Using default page load timeout: '30'

2021-05-28 17:41:37 - [MESSAGE][PASSED] - Object 'Object Repository/Login_Mattermost_OR/label_Enter a valid email or username andor password' is present

2021-05-28 17:41:37 - [TEST_STEP][PASSED] - closeBrowser(): Browser is closed

2021-05-28 17:41:38 - [MESSAGE][PASSED] - Browser is closed]]></system-out>
         <system-err><![CDATA[]]></system-err>
      </testcase>
      <testcase name="Test Cases/Login" time="16.851" classname="Test Cases/Login" status="PASSED">
         <system-out><![CDATA[2021-05-28 17:41:38 - [TEST_CASE][PASSED] - Test Cases/Login: Test Cases/Login

2021-05-28 17:41:38 - [TEST_STEP][PASSED] - openBrowser(""): Browser is opened with url: ''

2021-05-28 17:41:38 - [MESSAGE][INFO] - Starting 'Chrome' driver

2021-05-28 17:41:38 - [MESSAGE][INFO] - Action delay is set to 0 milliseconds

2021-05-28 17:41:40 - [MESSAGE][PASSED] - Browser is opened with url: ''

2021-05-28 17:41:40 - [TEST_STEP][PASSED] - navigateToUrl("https://cdnc-group2.herokuapp.com/"): Navigate to 'https://cdnc-group2.herokuapp.com/' successfully

2021-05-28 17:41:46 - [MESSAGE][PASSED] - Navigate to 'https://cdnc-group2.herokuapp.com/' successfully

2021-05-28 17:41:46 - [TEST_STEP][PASSED] - setText(findTestObject("Login_Mattermost_OR/input_All team communication in one place, _dcc84b"), Username): Text 'admin' is set on object 'Object Repository/Login_Mattermost_OR/input_All team communication in one place, _dcc84b'

2021-05-28 17:41:52 - [MESSAGE][PASSED] - Text 'admin' is set on object 'Object Repository/Login_Mattermost_OR/input_All team communication in one place, _dcc84b'

2021-05-28 17:41:52 - [TEST_STEP][PASSED] - setText(findTestObject("Login_Mattermost_OR/input_All team communication in one place, _a3edc6"), Password): Text 'admin' is set on object 'Object Repository/Login_Mattermost_OR/input_All team communication in one place, _a3edc6'

2021-05-28 17:41:52 - [MESSAGE][PASSED] - Text 'admin' is set on object 'Object Repository/Login_Mattermost_OR/input_All team communication in one place, _a3edc6'

2021-05-28 17:41:52 - [TEST_STEP][PASSED] - click(findTestObject("Login_Mattermost_OR/span_Sign in")): Object: 'Object Repository/Login_Mattermost_OR/span_Sign in' is clicked on

2021-05-28 17:41:53 - [MESSAGE][PASSED] - Object: 'Object Repository/Login_Mattermost_OR/span_Sign in' is clicked on

2021-05-28 17:41:53 - [TEST_STEP][PASSED] - if (Username != "ngoctin040999@gmail.com"): Object 'Object Repository/Login_Mattermost_OR/label_Enter a valid email or username andor password' is present

2021-05-28 17:41:53 - [TEST_STEP][PASSED] - verifyElementPresent(findTestObject("Object Repository/Login_Mattermost_OR/label_Enter a valid email or username andor password"), 0): Object 'Object Repository/Login_Mattermost_OR/label_Enter a valid email or username andor password' is present

2021-05-28 17:41:53 - [MESSAGE][WARNING] - Timeout '0' is invalid. Using default page load timeout: '30'

2021-05-28 17:41:54 - [MESSAGE][PASSED] - Object 'Object Repository/Login_Mattermost_OR/label_Enter a valid email or username andor password' is present

2021-05-28 17:41:54 - [TEST_STEP][PASSED] - closeBrowser(): Browser is closed

2021-05-28 17:41:55 - [MESSAGE][PASSED] - Browser is closed]]></system-out>
         <system-err><![CDATA[]]></system-err>
      </testcase>
      <testcase name="Test Cases/Login" time="13.424" classname="Test Cases/Login" status="PASSED">
         <system-out><![CDATA[2021-05-28 17:41:55 - [TEST_CASE][PASSED] - Test Cases/Login: Test Cases/Login

2021-05-28 17:41:55 - [TEST_STEP][PASSED] - openBrowser(""): Browser is opened with url: ''

2021-05-28 17:41:55 - [MESSAGE][INFO] - Starting 'Chrome' driver

2021-05-28 17:41:55 - [MESSAGE][INFO] - Action delay is set to 0 milliseconds

2021-05-28 17:41:56 - [MESSAGE][PASSED] - Browser is opened with url: ''

2021-05-28 17:41:56 - [TEST_STEP][PASSED] - navigateToUrl("https://cdnc-group2.herokuapp.com/"): Navigate to 'https://cdnc-group2.herokuapp.com/' successfully

2021-05-28 17:42:01 - [MESSAGE][PASSED] - Navigate to 'https://cdnc-group2.herokuapp.com/' successfully

2021-05-28 17:42:01 - [TEST_STEP][PASSED] - setText(findTestObject("Login_Mattermost_OR/input_All team communication in one place, _dcc84b"), Username): Text 'admin@outlook.com' is set on object 'Object Repository/Login_Mattermost_OR/input_All team communication in one place, _dcc84b'

2021-05-28 17:42:05 - [MESSAGE][PASSED] - Text 'admin@outlook.com' is set on object 'Object Repository/Login_Mattermost_OR/input_All team communication in one place, _dcc84b'

2021-05-28 17:42:05 - [TEST_STEP][PASSED] - setText(findTestObject("Login_Mattermost_OR/input_All team communication in one place, _a3edc6"), Password): Text '123456789' is set on object 'Object Repository/Login_Mattermost_OR/input_All team communication in one place, _a3edc6'

2021-05-28 17:42:06 - [MESSAGE][PASSED] - Text '123456789' is set on object 'Object Repository/Login_Mattermost_OR/input_All team communication in one place, _a3edc6'

2021-05-28 17:42:06 - [TEST_STEP][PASSED] - click(findTestObject("Login_Mattermost_OR/span_Sign in")): Object: 'Object Repository/Login_Mattermost_OR/span_Sign in' is clicked on

2021-05-28 17:42:06 - [MESSAGE][PASSED] - Object: 'Object Repository/Login_Mattermost_OR/span_Sign in' is clicked on

2021-05-28 17:42:06 - [TEST_STEP][PASSED] - if (Username != "ngoctin040999@gmail.com"): Object 'Object Repository/Login_Mattermost_OR/label_Enter a valid email or username andor password' is present

2021-05-28 17:42:06 - [TEST_STEP][PASSED] - verifyElementPresent(findTestObject("Object Repository/Login_Mattermost_OR/label_Enter a valid email or username andor password"), 0): Object 'Object Repository/Login_Mattermost_OR/label_Enter a valid email or username andor password' is present

2021-05-28 17:42:06 - [MESSAGE][WARNING] - Timeout '0' is invalid. Using default page load timeout: '30'

2021-05-28 17:42:07 - [MESSAGE][PASSED] - Object 'Object Repository/Login_Mattermost_OR/label_Enter a valid email or username andor password' is present

2021-05-28 17:42:07 - [TEST_STEP][PASSED] - closeBrowser(): Browser is closed

2021-05-28 17:42:08 - [MESSAGE][PASSED] - Browser is closed]]></system-out>
         <system-err><![CDATA[]]></system-err>
      </testcase>
      <testcase name="Test Cases/Login" time="16.559" classname="Test Cases/Login" status="PASSED">
         <system-out><![CDATA[2021-05-28 17:42:08 - [TEST_CASE][PASSED] - Test Cases/Login: Test Cases/Login

2021-05-28 17:42:08 - [TEST_STEP][PASSED] - openBrowser(""): Browser is opened with url: ''

2021-05-28 17:42:08 - [MESSAGE][INFO] - Starting 'Chrome' driver

2021-05-28 17:42:08 - [MESSAGE][INFO] - Action delay is set to 0 milliseconds

2021-05-28 17:42:10 - [MESSAGE][PASSED] - Browser is opened with url: ''

2021-05-28 17:42:10 - [TEST_STEP][PASSED] - navigateToUrl("https://cdnc-group2.herokuapp.com/"): Navigate to 'https://cdnc-group2.herokuapp.com/' successfully

2021-05-28 17:42:14 - [MESSAGE][PASSED] - Navigate to 'https://cdnc-group2.herokuapp.com/' successfully

2021-05-28 17:42:14 - [TEST_STEP][PASSED] - setText(findTestObject("Login_Mattermost_OR/input_All team communication in one place, _dcc84b"), Username): Text 'admin@outlook.com' is set on object 'Object Repository/Login_Mattermost_OR/input_All team communication in one place, _dcc84b'

2021-05-28 17:42:22 - [MESSAGE][PASSED] - Text 'admin@outlook.com' is set on object 'Object Repository/Login_Mattermost_OR/input_All team communication in one place, _dcc84b'

2021-05-28 17:42:22 - [TEST_STEP][PASSED] - setText(findTestObject("Login_Mattermost_OR/input_All team communication in one place, _a3edc6"), Password): Text '' is set on object 'Object Repository/Login_Mattermost_OR/input_All team communication in one place, _a3edc6'

2021-05-28 17:42:23 - [MESSAGE][PASSED] - Text '' is set on object 'Object Repository/Login_Mattermost_OR/input_All team communication in one place, _a3edc6'

2021-05-28 17:42:23 - [TEST_STEP][PASSED] - click(findTestObject("Login_Mattermost_OR/span_Sign in")): Object: 'Object Repository/Login_Mattermost_OR/span_Sign in' is clicked on

2021-05-28 17:42:23 - [MESSAGE][PASSED] - Object: 'Object Repository/Login_Mattermost_OR/span_Sign in' is clicked on

2021-05-28 17:42:23 - [TEST_STEP][PASSED] - if (Username != "ngoctin040999@gmail.com"): Object 'Object Repository/Login_Mattermost_OR/label_Enter a valid email or username andor password' is present

2021-05-28 17:42:23 - [TEST_STEP][PASSED] - verifyElementPresent(findTestObject("Object Repository/Login_Mattermost_OR/label_Enter a valid email or username andor password"), 0): Object 'Object Repository/Login_Mattermost_OR/label_Enter a valid email or username andor password' is present

2021-05-28 17:42:23 - [MESSAGE][WARNING] - Timeout '0' is invalid. Using default page load timeout: '30'

2021-05-28 17:42:24 - [MESSAGE][PASSED] - Object 'Object Repository/Login_Mattermost_OR/label_Enter a valid email or username andor password' is present

2021-05-28 17:42:24 - [TEST_STEP][PASSED] - closeBrowser(): Browser is closed

2021-05-28 17:42:25 - [MESSAGE][PASSED] - Browser is closed]]></system-out>
         <system-err><![CDATA[]]></system-err>
      </testcase>
      <testcase name="Test Cases/UpdateFullNameAccount" time="21.05" classname="Test Cases/UpdateFullNameAccount" status="PASSED">
         <system-out><![CDATA[2021-05-28 17:42:25 - [TEST_CASE][PASSED] - Test Cases/UpdateFullNameAccount: Test Cases/UpdateFullNameAccount

2021-05-28 17:42:25 - [TEST_STEP][PASSED] - openBrowser(""): Browser is opened with url: ''

2021-05-28 17:42:25 - [MESSAGE][INFO] - Starting 'Chrome' driver

2021-05-28 17:42:25 - [MESSAGE][INFO] - Action delay is set to 0 milliseconds

2021-05-28 17:42:27 - [MESSAGE][PASSED] - Browser is opened with url: ''

2021-05-28 17:42:27 - [TEST_STEP][PASSED] - navigateToUrl("https://cdnc-group2.herokuapp.com/"): Navigate to 'https://cdnc-group2.herokuapp.com/' successfully

2021-05-28 17:42:31 - [MESSAGE][PASSED] - Navigate to 'https://cdnc-group2.herokuapp.com/' successfully

2021-05-28 17:42:31 - [TEST_STEP][PASSED] - setText(findTestObject("Object Repository/Page_Mattermost/input_All team communication in one place, _dcc84b"), "ngoctin040999@gmail.com"): Text 'ngoctin040999@gmail.com' is set on object 'Object Repository/Page_Mattermost/input_All team communication in one place, _dcc84b'

2021-05-28 17:42:36 - [MESSAGE][PASSED] - Text 'ngoctin040999@gmail.com' is set on object 'Object Repository/Page_Mattermost/input_All team communication in one place, _dcc84b'

2021-05-28 17:42:36 - [TEST_STEP][PASSED] - setEncryptedText(findTestObject("Object Repository/Page_Mattermost/input_All team communication in one place, _a3edc6"), "S8w1SJvl7D1hts9IdMV+NQ=="): Text ****** has been set on object 'Object Repository/Page_Mattermost/input_All team communication in one place, _a3edc6'

2021-05-28 17:42:37 - [MESSAGE][PASSED] - Text ****** has been set on object 'Object Repository/Page_Mattermost/input_All team communication in one place, _a3edc6'

2021-05-28 17:42:37 - [TEST_STEP][PASSED] - click(findTestObject("Object Repository/Page_Mattermost/span_Sign in")): Object: 'Object Repository/Page_Mattermost/span_Sign in' is clicked on

2021-05-28 17:42:37 - [MESSAGE][PASSED] - Object: 'Object Repository/Page_Mattermost/span_Sign in' is clicked on

2021-05-28 17:42:37 - [TEST_STEP][PASSED] - click(findTestObject("Object Repository/Page_Town Square - Team Mattermost/span")): Object: 'Object Repository/Page_Town Square - Team Mattermost/span' is clicked on

2021-05-28 17:42:41 - [MESSAGE][PASSED] - Object: 'Object Repository/Page_Town Square - Team Mattermost/span' is clicked on

2021-05-28 17:42:41 - [TEST_STEP][PASSED] - click(findTestObject("Object Repository/Page_Town Square - Team Mattermost/button_Account Settings")): Object: 'Object Repository/Page_Town Square - Team Mattermost/button_Account Settings' is clicked on

2021-05-28 17:42:42 - [MESSAGE][PASSED] - Object: 'Object Repository/Page_Town Square - Team Mattermost/button_Account Settings' is clicked on

2021-05-28 17:42:42 - [TEST_STEP][PASSED] - click(findTestObject("Object Repository/Page_Town Square - Team Mattermost/button_Edit")): Object: 'Object Repository/Page_Town Square - Team Mattermost/button_Edit' is clicked on

2021-05-28 17:42:42 - [MESSAGE][PASSED] - Object: 'Object Repository/Page_Town Square - Team Mattermost/button_Edit' is clicked on

2021-05-28 17:42:42 - [TEST_STEP][PASSED] - setText(findTestObject("Object Repository/Page_Town Square - Team Mattermost/input_First Name_firstName"), "Tin"): Text 'Tin' is set on object 'Object Repository/Page_Town Square - Team Mattermost/input_First Name_firstName'

2021-05-28 17:42:43 - [MESSAGE][PASSED] - Text 'Tin' is set on object 'Object Repository/Page_Town Square - Team Mattermost/input_First Name_firstName'

2021-05-28 17:42:43 - [TEST_STEP][PASSED] - setText(findTestObject("Object Repository/Page_Town Square - Team Mattermost/input_Last Name_lastName"), "Nguyen Ngoc"): Text 'Nguyen Ngoc' is set on object 'Object Repository/Page_Town Square - Team Mattermost/input_Last Name_lastName'

2021-05-28 17:42:44 - [MESSAGE][PASSED] - Text 'Nguyen Ngoc' is set on object 'Object Repository/Page_Town Square - Team Mattermost/input_Last Name_lastName'

2021-05-28 17:42:44 - [TEST_STEP][PASSED] - click(findTestObject("Object Repository/Page_Town Square - Team Mattermost/span_Save")): Object: 'Object Repository/Page_Town Square - Team Mattermost/span_Save' is clicked on

2021-05-28 17:42:44 - [MESSAGE][PASSED] - Object: 'Object Repository/Page_Town Square - Team Mattermost/span_Save' is clicked on

2021-05-28 17:42:44 - [TEST_STEP][PASSED] - click(findTestObject("Object Repository/Page_Town Square - Team Mattermost/button_Close")): Object: 'Object Repository/Page_Town Square - Team Mattermost/button_Close' is clicked on

2021-05-28 17:42:45 - [MESSAGE][PASSED] - Object: 'Object Repository/Page_Town Square - Team Mattermost/button_Close' is clicked on

2021-05-28 17:42:45 - [TEST_STEP][PASSED] - closeBrowser(): Browser is closed

2021-05-28 17:42:46 - [MESSAGE][PASSED] - Browser is closed]]></system-out>
         <system-err><![CDATA[]]></system-err>
      </testcase>
      <testcase name="Test Cases/UpdateMemberRole" time="50.077" classname="Test Cases/UpdateMemberRole" status="FAILED">
         <failure type="FAILED" message="Test Cases/UpdateMemberRole FAILED.
Reason:
com.kms.katalon.core.exception.StepFailedException: Unable to click on object 'Object Repository/Update Member Role/button_Member'
	at com.kms.katalon.core.webui.keyword.internal.WebUIKeywordMain.stepFailed(WebUIKeywordMain.groovy:64)
	at com.kms.katalon.core.webui.keyword.internal.WebUIKeywordMain.runKeyword(WebUIKeywordMain.groovy:26)
	at com.kms.katalon.core.webui.keyword.builtin.ClickKeyword.click(ClickKeyword.groovy:75)
	at com.kms.katalon.core.webui.keyword.builtin.ClickKeyword.execute(ClickKeyword.groovy:42)
	at com.kms.katalon.core.keyword.internal.KeywordExecutor.executeKeywordForPlatform(KeywordExecutor.groovy:73)
	at com.kms.katalon.core.webui.keyword.WebUiBuiltInKeywords.click(WebUiBuiltInKeywords.groovy:619)
	at com.kms.katalon.core.webui.keyword.WebUiBuiltInKeywords$click$4.call(Unknown Source)
	at UpdateMemberRole.run(UpdateMemberRole:34)
	at com.kms.katalon.core.main.ScriptEngine.run(ScriptEngine.java:194)
	at com.kms.katalon.core.main.ScriptEngine.runScriptAsRawText(ScriptEngine.java:119)
	at com.kms.katalon.core.main.TestCaseExecutor.runScript(TestCaseExecutor.java:398)
	at com.kms.katalon.core.main.TestCaseExecutor.doExecute(TestCaseExecutor.java:389)
	at com.kms.katalon.core.main.TestCaseExecutor.processExecutionPhase(TestCaseExecutor.java:368)
	at com.kms.katalon.core.main.TestCaseExecutor.accessMainPhase(TestCaseExecutor.java:360)
	at com.kms.katalon.core.main.TestCaseExecutor.execute(TestCaseExecutor.java:255)
	at com.kms.katalon.core.main.TestSuiteExecutor.accessTestCaseMainPhase(TestSuiteExecutor.java:203)
	at com.kms.katalon.core.main.TestSuiteExecutor.accessTestSuiteMainPhase(TestSuiteExecutor.java:152)
	at com.kms.katalon.core.main.TestSuiteExecutor.execute(TestSuiteExecutor.java:95)
	at com.kms.katalon.core.main.TestCaseMain.startTestSuite(TestCaseMain.java:157)
	at com.kms.katalon.core.main.TestCaseMain$startTestSuite$0.call(Unknown Source)
	at TempTestSuite1622198376741.run(TempTestSuite1622198376741.groovy:39)
Caused by: org.openqa.selenium.ElementClickInterceptedException: element click intercepted: Element &lt;button type=&quot;button&quot; id=&quot;fileUploadButton&quot; aria-label=&quot;attachment&quot; class=&quot;style--none post-action icon icon--attachment&quot;>...&lt;/button> is not clickable at point (958, 658). Other element would receive the click: &lt;div role=&quot;dialog&quot; aria-labelledby=&quot;teamMemberModalLabel&quot; id=&quot;teamMembersModal&quot; tabindex=&quot;-1&quot; class=&quot;fade in modal&quot; style=&quot;display: block;&quot;>...&lt;/div>
  (Session info: chrome=90.0.4430.212)
Build info: version: '3.141.59', revision: 'e82be7d358', time: '2018-11-14T08:25:53'
System info: host: 'DESKTOP-4EMC2JH', ip: '172.16.0.2', os.name: 'Windows 10', os.arch: 'amd64', os.version: '10.0', java.version: '1.8.0_282'
Driver info: com.kms.katalon.selenium.driver.CChromeDriver
Capabilities {acceptInsecureCerts: false, browserName: chrome, browserVersion: 90.0.4430.212, chrome: {chromedriverVersion: 90.0.4430.24 (4c6d850f087da..., userDataDir: C:\Users\DELL\AppData\Local...}, goog:chromeOptions: {debuggerAddress: localhost:64915}, javascriptEnabled: true, networkConnectionEnabled: false, pageLoadStrategy: normal, platform: WINDOWS, platformName: WINDOWS, proxy: Proxy(), setWindowRect: true, strictFileInteractability: false, timeouts: {implicit: 0, pageLoad: 300000, script: 30000}, unhandledPromptBehavior: dismiss and notify, webauthn:extension:largeBlob: true, webauthn:virtualAuthenticators: true}
Session ID: add9602ed82bc89645c5f09509e555a4
	at org.openqa.selenium.remote.http.W3CHttpResponseCodec.createException(W3CHttpResponseCodec.java:187)
	at org.openqa.selenium.remote.http.W3CHttpResponseCodec.decode(W3CHttpResponseCodec.java:122)
	at org.openqa.selenium.remote.http.W3CHttpResponseCodec.decode(W3CHttpResponseCodec.java:49)
	at org.openqa.selenium.remote.HttpCommandExecutor.execute(HttpCommandExecutor.java:158)
	at org.openqa.selenium.remote.service.DriverCommandExecutor.execute(DriverCommandExecutor.java:83)
	at org.openqa.selenium.remote.RemoteWebDriver.execute(RemoteWebDriver.java:552)
	at com.kms.katalon.selenium.driver.CChromeDriver.execute(CChromeDriver.java:19)
	at org.openqa.selenium.remote.RemoteWebElement.execute(RemoteWebElement.java:285)
	at org.openqa.selenium.remote.RemoteWebElement.click(RemoteWebElement.java:84)
	at org.openqa.selenium.support.events.EventFiringWebDriver$EventFiringWebElement.lambda$new$0(EventFiringWebDriver.java:404)
	at com.sun.proxy.$Proxy11.click(Unknown Source)
	at org.openqa.selenium.support.events.EventFiringWebDriver$EventFiringWebElement.click(EventFiringWebDriver.java:417)
	at com.kms.katalon.core.webui.keyword.builtin.ClickKeyword$_click_closure1.doCall(ClickKeyword.groovy:68)
	at com.kms.katalon.core.webui.keyword.builtin.ClickKeyword$_click_closure1.call(ClickKeyword.groovy)
	at com.kms.katalon.core.webui.keyword.internal.WebUIKeywordMain.runKeyword(WebUIKeywordMain.groovy:20)
	... 19 more
"/>
         <system-out><![CDATA[2021-05-28 17:42:46 - [TEST_CASE][FAILED] - Test Cases/UpdateMemberRole: Test Cases/UpdateMemberRole FAILED.
Reason:
com.kms.katalon.core.exception.StepFailedException: Unable to click on object 'Object Repository/Update Member Role/button_Member'
	at com.kms.katalon.core.webui.keyword.internal.WebUIKeywordMain.stepFailed(WebUIKeywordMain.groovy:64)
	at com.kms.katalon.core.webui.keyword.internal.WebUIKeywordMain.runKeyword(WebUIKeywordMain.groovy:26)
	at com.kms.katalon.core.webui.keyword.builtin.ClickKeyword.click(ClickKeyword.groovy:75)
	at com.kms.katalon.core.webui.keyword.builtin.ClickKeyword.execute(ClickKeyword.groovy:42)
	at com.kms.katalon.core.keyword.internal.KeywordExecutor.executeKeywordForPlatform(KeywordExecutor.groovy:73)
	at com.kms.katalon.core.webui.keyword.WebUiBuiltInKeywords.click(WebUiBuiltInKeywords.groovy:619)
	at com.kms.katalon.core.webui.keyword.WebUiBuiltInKeywords$click$4.call(Unknown Source)
	at UpdateMemberRole.run(UpdateMemberRole:34)
	at com.kms.katalon.core.main.ScriptEngine.run(ScriptEngine.java:194)
	at com.kms.katalon.core.main.ScriptEngine.runScriptAsRawText(ScriptEngine.java:119)
	at com.kms.katalon.core.main.TestCaseExecutor.runScript(TestCaseExecutor.java:398)
	at com.kms.katalon.core.main.TestCaseExecutor.doExecute(TestCaseExecutor.java:389)
	at com.kms.katalon.core.main.TestCaseExecutor.processExecutionPhase(TestCaseExecutor.java:368)
	at com.kms.katalon.core.main.TestCaseExecutor.accessMainPhase(TestCaseExecutor.java:360)
	at com.kms.katalon.core.main.TestCaseExecutor.execute(TestCaseExecutor.java:255)
	at com.kms.katalon.core.main.TestSuiteExecutor.accessTestCaseMainPhase(TestSuiteExecutor.java:203)
	at com.kms.katalon.core.main.TestSuiteExecutor.accessTestSuiteMainPhase(TestSuiteExecutor.java:152)
	at com.kms.katalon.core.main.TestSuiteExecutor.execute(TestSuiteExecutor.java:95)
	at com.kms.katalon.core.main.TestCaseMain.startTestSuite(TestCaseMain.java:157)
	at com.kms.katalon.core.main.TestCaseMain$startTestSuite$0.call(Unknown Source)
	at TempTestSuite1622198376741.run(TempTestSuite1622198376741.groovy:39)
Caused by: org.openqa.selenium.ElementClickInterceptedException: element click intercepted: Element <button type="button" id="fileUploadButton" aria-label="attachment" class="style--none post-action icon icon--attachment">...</button> is not clickable at point (958, 658). Other element would receive the click: <div role="dialog" aria-labelledby="teamMemberModalLabel" id="teamMembersModal" tabindex="-1" class="fade in modal" style="display: block;">...</div>
  (Session info: chrome=90.0.4430.212)
Build info: version: '3.141.59', revision: 'e82be7d358', time: '2018-11-14T08:25:53'
System info: host: 'DESKTOP-4EMC2JH', ip: '172.16.0.2', os.name: 'Windows 10', os.arch: 'amd64', os.version: '10.0', java.version: '1.8.0_282'
Driver info: com.kms.katalon.selenium.driver.CChromeDriver
Capabilities {acceptInsecureCerts: false, browserName: chrome, browserVersion: 90.0.4430.212, chrome: {chromedriverVersion: 90.0.4430.24 (4c6d850f087da..., userDataDir: C:\Users\DELL\AppData\Local...}, goog:chromeOptions: {debuggerAddress: localhost:64915}, javascriptEnabled: true, networkConnectionEnabled: false, pageLoadStrategy: normal, platform: WINDOWS, platformName: WINDOWS, proxy: Proxy(), setWindowRect: true, strictFileInteractability: false, timeouts: {implicit: 0, pageLoad: 300000, script: 30000}, unhandledPromptBehavior: dismiss and notify, webauthn:extension:largeBlob: true, webauthn:virtualAuthenticators: true}
Session ID: add9602ed82bc89645c5f09509e555a4
	at org.openqa.selenium.remote.http.W3CHttpResponseCodec.createException(W3CHttpResponseCodec.java:187)
	at org.openqa.selenium.remote.http.W3CHttpResponseCodec.decode(W3CHttpResponseCodec.java:122)
	at org.openqa.selenium.remote.http.W3CHttpResponseCodec.decode(W3CHttpResponseCodec.java:49)
	at org.openqa.selenium.remote.HttpCommandExecutor.execute(HttpCommandExecutor.java:158)
	at org.openqa.selenium.remote.service.DriverCommandExecutor.execute(DriverCommandExecutor.java:83)
	at org.openqa.selenium.remote.RemoteWebDriver.execute(RemoteWebDriver.java:552)
	at com.kms.katalon.selenium.driver.CChromeDriver.execute(CChromeDriver.java:19)
	at org.openqa.selenium.remote.RemoteWebElement.execute(RemoteWebElement.java:285)
	at org.openqa.selenium.remote.RemoteWebElement.click(RemoteWebElement.java:84)
	at org.openqa.selenium.support.events.EventFiringWebDriver$EventFiringWebElement.lambda$new$0(EventFiringWebDriver.java:404)
	at com.sun.proxy.$Proxy11.click(Unknown Source)
	at org.openqa.selenium.support.events.EventFiringWebDriver$EventFiringWebElement.click(EventFiringWebDriver.java:417)
	at com.kms.katalon.core.webui.keyword.builtin.ClickKeyword$_click_closure1.doCall(ClickKeyword.groovy:68)
	at com.kms.katalon.core.webui.keyword.builtin.ClickKeyword$_click_closure1.call(ClickKeyword.groovy)
	at com.kms.katalon.core.webui.keyword.internal.WebUIKeywordMain.runKeyword(WebUIKeywordMain.groovy:20)
	... 19 more


2021-05-28 17:42:46 - [TEST_STEP][PASSED] - openBrowser("https://cdnc-group2.herokuapp.com/"): Browser is opened with url: 'https://cdnc-group2.herokuapp.com/'

2021-05-28 17:42:46 - [MESSAGE][INFO] - Starting 'Chrome' driver

2021-05-28 17:42:46 - [MESSAGE][INFO] - Action delay is set to 0 milliseconds

2021-05-28 17:42:52 - [MESSAGE][PASSED] - Browser is opened with url: 'https://cdnc-group2.herokuapp.com/'

2021-05-28 17:42:52 - [TEST_STEP][PASSED] - setText(findTestObject("Login/input_Email"), "ngoctin040999@gmail.com"): Text 'ngoctin040999@gmail.com' is set on object 'Object Repository/Login/input_Email'

2021-05-28 17:42:57 - [MESSAGE][PASSED] - Text 'ngoctin040999@gmail.com' is set on object 'Object Repository/Login/input_Email'

2021-05-28 17:42:57 - [TEST_STEP][PASSED] - setText(findTestObject("Login/input_Password"), "ngoctin1"): Text 'ngoctin1' is set on object 'Object Repository/Login/input_Password'

2021-05-28 17:42:58 - [MESSAGE][PASSED] - Text 'ngoctin1' is set on object 'Object Repository/Login/input_Password'

2021-05-28 17:42:58 - [TEST_STEP][PASSED] - click(findTestObject("Login/button_Sign in")): Object: 'Object Repository/Login/button_Sign in' is clicked on

2021-05-28 17:42:59 - [MESSAGE][PASSED] - Object: 'Object Repository/Login/button_Sign in' is clicked on

2021-05-28 17:42:59 - [TEST_STEP][PASSED] - delay(2): Delayed 2 second(s)

2021-05-28 17:43:01 - [MESSAGE][PASSED] - Delayed 2 second(s)

2021-05-28 17:43:01 - [TEST_STEP][PASSED] - click(findTestObject("UpdatePassword/button_Option")): Object: 'Object Repository/UpdatePassword/button_Option' is clicked on

2021-05-28 17:43:02 - [MESSAGE][PASSED] - Object: 'Object Repository/UpdatePassword/button_Option' is clicked on

2021-05-28 17:43:02 - [TEST_STEP][PASSED] - click(findTestObject("Update Member Role/button_Manage Members")): Object: 'Object Repository/Update Member Role/button_Manage Members' is clicked on

2021-05-28 17:43:03 - [MESSAGE][PASSED] - Object: 'Object Repository/Update Member Role/button_Manage Members' is clicked on

2021-05-28 17:43:03 - [TEST_STEP][FAILED] - click(findTestObject("Update Member Role/button_Member")): Unable to click on object 'Object Repository/Update Member Role/button_Member' (Root cause: com.kms.katalon.core.exception.StepFailedException: Unable to click on object 'Object Repository/Update Member Role/button_Member'
	at com.kms.katalon.core.webui.keyword.internal.WebUIKeywordMain.stepFailed(WebUIKeywordMain.groovy:64)
	at com.kms.katalon.core.webui.keyword.internal.WebUIKeywordMain.runKeyword(WebUIKeywordMain.groovy:26)
	at com.kms.katalon.core.webui.keyword.builtin.ClickKeyword.click(ClickKeyword.groovy:75)
	at com.kms.katalon.core.webui.keyword.builtin.ClickKeyword.execute(ClickKeyword.groovy:42)
	at com.kms.katalon.core.keyword.internal.KeywordExecutor.executeKeywordForPlatform(KeywordExecutor.groovy:73)
	at com.kms.katalon.core.webui.keyword.WebUiBuiltInKeywords.click(WebUiBuiltInKeywords.groovy:619)
	at com.kms.katalon.core.webui.keyword.WebUiBuiltInKeywords$click$4.call(Unknown Source)
	at UpdateMemberRole.run(UpdateMemberRole:34)
	at com.kms.katalon.core.main.ScriptEngine.run(ScriptEngine.java:194)
	at com.kms.katalon.core.main.ScriptEngine.runScriptAsRawText(ScriptEngine.java:119)
	at com.kms.katalon.core.main.TestCaseExecutor.runScript(TestCaseExecutor.java:398)
	at com.kms.katalon.core.main.TestCaseExecutor.doExecute(TestCaseExecutor.java:389)
	at com.kms.katalon.core.main.TestCaseExecutor.processExecutionPhase(TestCaseExecutor.java:368)
	at com.kms.katalon.core.main.TestCaseExecutor.accessMainPhase(TestCaseExecutor.java:360)
	at com.kms.katalon.core.main.TestCaseExecutor.execute(TestCaseExecutor.java:255)
	at com.kms.katalon.core.main.TestSuiteExecutor.accessTestCaseMainPhase(TestSuiteExecutor.java:203)
	at com.kms.katalon.core.main.TestSuiteExecutor.accessTestSuiteMainPhase(TestSuiteExecutor.java:152)
	at com.kms.katalon.core.main.TestSuiteExecutor.execute(TestSuiteExecutor.java:95)
	at com.kms.katalon.core.main.TestCaseMain.startTestSuite(TestCaseMain.java:157)
	at com.kms.katalon.core.main.TestCaseMain$startTestSuite$0.call(Unknown Source)
	at TempTestSuite1622198376741.run(TempTestSuite1622198376741.groovy:39)
Caused by: org.openqa.selenium.ElementClickInterceptedException: element click intercepted: Element <button type="button" id="fileUploadButton" aria-label="attachment" class="style--none post-action icon icon--attachment">...</button> is not clickable at point (958, 658). Other element would receive the click: <div role="dialog" aria-labelledby="teamMemberModalLabel" id="teamMembersModal" tabindex="-1" class="fade in modal" style="display: block;">...</div>
  (Session info: chrome=90.0.4430.212)
Build info: version: '3.141.59', revision: 'e82be7d358', time: '2018-11-14T08:25:53'
System info: host: 'DESKTOP-4EMC2JH', ip: '172.16.0.2', os.name: 'Windows 10', os.arch: 'amd64', os.version: '10.0', java.version: '1.8.0_282'
Driver info: com.kms.katalon.selenium.driver.CChromeDriver
Capabilities {acceptInsecureCerts: false, browserName: chrome, browserVersion: 90.0.4430.212, chrome: {chromedriverVersion: 90.0.4430.24 (4c6d850f087da..., userDataDir: C:\Users\DELL\AppData\Local...}, goog:chromeOptions: {debuggerAddress: localhost:64915}, javascriptEnabled: true, networkConnectionEnabled: false, pageLoadStrategy: normal, platform: WINDOWS, platformName: WINDOWS, proxy: Proxy(), setWindowRect: true, strictFileInteractability: false, timeouts: {implicit: 0, pageLoad: 300000, script: 30000}, unhandledPromptBehavior: dismiss and notify, webauthn:extension:largeBlob: true, webauthn:virtualAuthenticators: true}
Session ID: add9602ed82bc89645c5f09509e555a4
	at org.openqa.selenium.remote.http.W3CHttpResponseCodec.createException(W3CHttpResponseCodec.java:187)
	at org.openqa.selenium.remote.http.W3CHttpResponseCodec.decode(W3CHttpResponseCodec.java:122)
	at org.openqa.selenium.remote.http.W3CHttpResponseCodec.decode(W3CHttpResponseCodec.java:49)
	at org.openqa.selenium.remote.HttpCommandExecutor.execute(HttpCommandExecutor.java:158)
	at org.openqa.selenium.remote.service.DriverCommandExecutor.execute(DriverCommandExecutor.java:83)
	at org.openqa.selenium.remote.RemoteWebDriver.execute(RemoteWebDriver.java:552)
	at com.kms.katalon.selenium.driver.CChromeDriver.execute(CChromeDriver.java:19)
	at org.openqa.selenium.remote.RemoteWebElement.execute(RemoteWebElement.java:285)
	at org.openqa.selenium.remote.RemoteWebElement.click(RemoteWebElement.java:84)
	at org.openqa.selenium.support.events.EventFiringWebDriver$EventFiringWebElement.lambda$new$0(EventFiringWebDriver.java:404)
	at com.sun.proxy.$Proxy11.click(Unknown Source)
	at org.openqa.selenium.support.events.EventFiringWebDriver$EventFiringWebElement.click(EventFiringWebDriver.java:417)
	at com.kms.katalon.core.webui.keyword.builtin.ClickKeyword$_click_closure1.doCall(ClickKeyword.groovy:68)
	at com.kms.katalon.core.webui.keyword.builtin.ClickKeyword$_click_closure1.call(ClickKeyword.groovy)
	at com.kms.katalon.core.webui.keyword.internal.WebUIKeywordMain.runKeyword(WebUIKeywordMain.groovy:20)
	at com.kms.katalon.core.webui.keyword.builtin.ClickKeyword.click(ClickKeyword.groovy:75)
	at com.kms.katalon.core.webui.keyword.builtin.ClickKeyword.execute(ClickKeyword.groovy:42)
	at com.kms.katalon.core.keyword.internal.KeywordExecutor.executeKeywordForPlatform(KeywordExecutor.groovy:73)
	at com.kms.katalon.core.webui.keyword.WebUiBuiltInKeywords.click(WebUiBuiltInKeywords.groovy:619)
	at com.kms.katalon.core.webui.keyword.WebUiBuiltInKeywords$click$4.call(Unknown Source)
	at Script1621952286864.run(Script1621952286864.groovy:34)
	... 13 more
)

2021-05-28 17:43:34 - [MESSAGE][INFO] - Unable to find the element located by 'By.xpath: //button[@id='teamMembersDropdown_test1']'. Please recheck the objects properties to make sure the desired element is located. 

2021-05-28 17:43:34 - [MESSAGE][WARNING] - [SELF-HEALING] Failed to find element with id 'Object Repository/Update Member Role/button_Member'. Try using Self-healing.

2021-05-28 17:43:34 - [MESSAGE][WARNING] - [SELF-HEALING] The current locator of test object 'Object Repository/Update Member Role/button_Member' was broken. Propose an alternative one: '(.//*[normalize-space(text()) and normalize-space(.)='@test1'])[3]/following::button[1]'.

2021-05-28 17:43:36 - [MESSAGE][FAILED] - Unable to click on object 'Object Repository/Update Member Role/button_Member' (Root cause: com.kms.katalon.core.exception.StepFailedException: Unable to click on object 'Object Repository/Update Member Role/button_Member'
	at com.kms.katalon.core.webui.keyword.internal.WebUIKeywordMain.stepFailed(WebUIKeywordMain.groovy:64)
	at com.kms.katalon.core.webui.keyword.internal.WebUIKeywordMain.runKeyword(WebUIKeywordMain.groovy:26)
	at com.kms.katalon.core.webui.keyword.builtin.ClickKeyword.click(ClickKeyword.groovy:75)
	at com.kms.katalon.core.webui.keyword.builtin.ClickKeyword.execute(ClickKeyword.groovy:42)
	at com.kms.katalon.core.keyword.internal.KeywordExecutor.executeKeywordForPlatform(KeywordExecutor.groovy:73)
	at com.kms.katalon.core.webui.keyword.WebUiBuiltInKeywords.click(WebUiBuiltInKeywords.groovy:619)
	at com.kms.katalon.core.webui.keyword.WebUiBuiltInKeywords$click$4.call(Unknown Source)
	at UpdateMemberRole.run(UpdateMemberRole:34)
	at com.kms.katalon.core.main.ScriptEngine.run(ScriptEngine.java:194)
	at com.kms.katalon.core.main.ScriptEngine.runScriptAsRawText(ScriptEngine.java:119)
	at com.kms.katalon.core.main.TestCaseExecutor.runScript(TestCaseExecutor.java:398)
	at com.kms.katalon.core.main.TestCaseExecutor.doExecute(TestCaseExecutor.java:389)
	at com.kms.katalon.core.main.TestCaseExecutor.processExecutionPhase(TestCaseExecutor.java:368)
	at com.kms.katalon.core.main.TestCaseExecutor.accessMainPhase(TestCaseExecutor.java:360)
	at com.kms.katalon.core.main.TestCaseExecutor.execute(TestCaseExecutor.java:255)
	at com.kms.katalon.core.main.TestSuiteExecutor.accessTestCaseMainPhase(TestSuiteExecutor.java:203)
	at com.kms.katalon.core.main.TestSuiteExecutor.accessTestSuiteMainPhase(TestSuiteExecutor.java:152)
	at com.kms.katalon.core.main.TestSuiteExecutor.execute(TestSuiteExecutor.java:95)
	at com.kms.katalon.core.main.TestCaseMain.startTestSuite(TestCaseMain.java:157)
	at com.kms.katalon.core.main.TestCaseMain$startTestSuite$0.call(Unknown Source)
	at TempTestSuite1622198376741.run(TempTestSuite1622198376741.groovy:39)
Caused by: org.openqa.selenium.ElementClickInterceptedException: element click intercepted: Element <button type="button" id="fileUploadButton" aria-label="attachment" class="style--none post-action icon icon--attachment">...</button> is not clickable at point (958, 658). Other element would receive the click: <div role="dialog" aria-labelledby="teamMemberModalLabel" id="teamMembersModal" tabindex="-1" class="fade in modal" style="display: block;">...</div>
  (Session info: chrome=90.0.4430.212)
Build info: version: '3.141.59', revision: 'e82be7d358', time: '2018-11-14T08:25:53'
System info: host: 'DESKTOP-4EMC2JH', ip: '172.16.0.2', os.name: 'Windows 10', os.arch: 'amd64', os.version: '10.0', java.version: '1.8.0_282'
Driver info: com.kms.katalon.selenium.driver.CChromeDriver
Capabilities {acceptInsecureCerts: false, browserName: chrome, browserVersion: 90.0.4430.212, chrome: {chromedriverVersion: 90.0.4430.24 (4c6d850f087da..., userDataDir: C:\Users\DELL\AppData\Local...}, goog:chromeOptions: {debuggerAddress: localhost:64915}, javascriptEnabled: true, networkConnectionEnabled: false, pageLoadStrategy: normal, platform: WINDOWS, platformName: WINDOWS, proxy: Proxy(), setWindowRect: true, strictFileInteractability: false, timeouts: {implicit: 0, pageLoad: 300000, script: 30000}, unhandledPromptBehavior: dismiss and notify, webauthn:extension:largeBlob: true, webauthn:virtualAuthenticators: true}
Session ID: add9602ed82bc89645c5f09509e555a4
	at org.openqa.selenium.remote.http.W3CHttpResponseCodec.createException(W3CHttpResponseCodec.java:187)
	at org.openqa.selenium.remote.http.W3CHttpResponseCodec.decode(W3CHttpResponseCodec.java:122)
	at org.openqa.selenium.remote.http.W3CHttpResponseCodec.decode(W3CHttpResponseCodec.java:49)
	at org.openqa.selenium.remote.HttpCommandExecutor.execute(HttpCommandExecutor.java:158)
	at org.openqa.selenium.remote.service.DriverCommandExecutor.execute(DriverCommandExecutor.java:83)
	at org.openqa.selenium.remote.RemoteWebDriver.execute(RemoteWebDriver.java:552)
	at com.kms.katalon.selenium.driver.CChromeDriver.execute(CChromeDriver.java:19)
	at org.openqa.selenium.remote.RemoteWebElement.execute(RemoteWebElement.java:285)
	at org.openqa.selenium.remote.RemoteWebElement.click(RemoteWebElement.java:84)
	at org.openqa.selenium.support.events.EventFiringWebDriver$EventFiringWebElement.lambda$new$0(EventFiringWebDriver.java:404)
	at com.sun.proxy.$Proxy11.click(Unknown Source)
	at org.openqa.selenium.support.events.EventFiringWebDriver$EventFiringWebElement.click(EventFiringWebDriver.java:417)
	at com.kms.katalon.core.webui.keyword.builtin.ClickKeyword$_click_closure1.doCall(ClickKeyword.groovy:68)
	at com.kms.katalon.core.webui.keyword.builtin.ClickKeyword$_click_closure1.call(ClickKeyword.groovy)
	at com.kms.katalon.core.webui.keyword.internal.WebUIKeywordMain.runKeyword(WebUIKeywordMain.groovy:20)
	at com.kms.katalon.core.webui.keyword.builtin.ClickKeyword.click(ClickKeyword.groovy:75)
	at com.kms.katalon.core.webui.keyword.builtin.ClickKeyword.execute(ClickKeyword.groovy:42)
	at com.kms.katalon.core.keyword.internal.KeywordExecutor.executeKeywordForPlatform(KeywordExecutor.groovy:73)
	at com.kms.katalon.core.webui.keyword.WebUiBuiltInKeywords.click(WebUiBuiltInKeywords.groovy:619)
	at com.kms.katalon.core.webui.keyword.WebUiBuiltInKeywords$click$4.call(Unknown Source)
	at Script1621952286864.run(Script1621952286864.groovy:34)
	... 13 more
)
[[ATTACHMENT|G:\\HCMUS\\Nam4\\HK2\\Deadline\\2\\katalon\\Reports\\20210528_173936\\Run Interation 2\\20210528_173936\\1622198616107.png]]]]></system-out>
         <system-err><![CDATA[2021-05-28 17:42:46 - [TEST_CASE][FAILED] - Test Cases/UpdateMemberRole: Test Cases/UpdateMemberRole FAILED.
Reason:
com.kms.katalon.core.exception.StepFailedException: Unable to click on object 'Object Repository/Update Member Role/button_Member'
	at com.kms.katalon.core.webui.keyword.internal.WebUIKeywordMain.stepFailed(WebUIKeywordMain.groovy:64)
	at com.kms.katalon.core.webui.keyword.internal.WebUIKeywordMain.runKeyword(WebUIKeywordMain.groovy:26)
	at com.kms.katalon.core.webui.keyword.builtin.ClickKeyword.click(ClickKeyword.groovy:75)
	at com.kms.katalon.core.webui.keyword.builtin.ClickKeyword.execute(ClickKeyword.groovy:42)
	at com.kms.katalon.core.keyword.internal.KeywordExecutor.executeKeywordForPlatform(KeywordExecutor.groovy:73)
	at com.kms.katalon.core.webui.keyword.WebUiBuiltInKeywords.click(WebUiBuiltInKeywords.groovy:619)
	at com.kms.katalon.core.webui.keyword.WebUiBuiltInKeywords$click$4.call(Unknown Source)
	at UpdateMemberRole.run(UpdateMemberRole:34)
	at com.kms.katalon.core.main.ScriptEngine.run(ScriptEngine.java:194)
	at com.kms.katalon.core.main.ScriptEngine.runScriptAsRawText(ScriptEngine.java:119)
	at com.kms.katalon.core.main.TestCaseExecutor.runScript(TestCaseExecutor.java:398)
	at com.kms.katalon.core.main.TestCaseExecutor.doExecute(TestCaseExecutor.java:389)
	at com.kms.katalon.core.main.TestCaseExecutor.processExecutionPhase(TestCaseExecutor.java:368)
	at com.kms.katalon.core.main.TestCaseExecutor.accessMainPhase(TestCaseExecutor.java:360)
	at com.kms.katalon.core.main.TestCaseExecutor.execute(TestCaseExecutor.java:255)
	at com.kms.katalon.core.main.TestSuiteExecutor.accessTestCaseMainPhase(TestSuiteExecutor.java:203)
	at com.kms.katalon.core.main.TestSuiteExecutor.accessTestSuiteMainPhase(TestSuiteExecutor.java:152)
	at com.kms.katalon.core.main.TestSuiteExecutor.execute(TestSuiteExecutor.java:95)
	at com.kms.katalon.core.main.TestCaseMain.startTestSuite(TestCaseMain.java:157)
	at com.kms.katalon.core.main.TestCaseMain$startTestSuite$0.call(Unknown Source)
	at TempTestSuite1622198376741.run(TempTestSuite1622198376741.groovy:39)
Caused by: org.openqa.selenium.ElementClickInterceptedException: element click intercepted: Element <button type="button" id="fileUploadButton" aria-label="attachment" class="style--none post-action icon icon--attachment">...</button> is not clickable at point (958, 658). Other element would receive the click: <div role="dialog" aria-labelledby="teamMemberModalLabel" id="teamMembersModal" tabindex="-1" class="fade in modal" style="display: block;">...</div>
  (Session info: chrome=90.0.4430.212)
Build info: version: '3.141.59', revision: 'e82be7d358', time: '2018-11-14T08:25:53'
System info: host: 'DESKTOP-4EMC2JH', ip: '172.16.0.2', os.name: 'Windows 10', os.arch: 'amd64', os.version: '10.0', java.version: '1.8.0_282'
Driver info: com.kms.katalon.selenium.driver.CChromeDriver
Capabilities {acceptInsecureCerts: false, browserName: chrome, browserVersion: 90.0.4430.212, chrome: {chromedriverVersion: 90.0.4430.24 (4c6d850f087da..., userDataDir: C:\Users\DELL\AppData\Local...}, goog:chromeOptions: {debuggerAddress: localhost:64915}, javascriptEnabled: true, networkConnectionEnabled: false, pageLoadStrategy: normal, platform: WINDOWS, platformName: WINDOWS, proxy: Proxy(), setWindowRect: true, strictFileInteractability: false, timeouts: {implicit: 0, pageLoad: 300000, script: 30000}, unhandledPromptBehavior: dismiss and notify, webauthn:extension:largeBlob: true, webauthn:virtualAuthenticators: true}
Session ID: add9602ed82bc89645c5f09509e555a4
	at org.openqa.selenium.remote.http.W3CHttpResponseCodec.createException(W3CHttpResponseCodec.java:187)
	at org.openqa.selenium.remote.http.W3CHttpResponseCodec.decode(W3CHttpResponseCodec.java:122)
	at org.openqa.selenium.remote.http.W3CHttpResponseCodec.decode(W3CHttpResponseCodec.java:49)
	at org.openqa.selenium.remote.HttpCommandExecutor.execute(HttpCommandExecutor.java:158)
	at org.openqa.selenium.remote.service.DriverCommandExecutor.execute(DriverCommandExecutor.java:83)
	at org.openqa.selenium.remote.RemoteWebDriver.execute(RemoteWebDriver.java:552)
	at com.kms.katalon.selenium.driver.CChromeDriver.execute(CChromeDriver.java:19)
	at org.openqa.selenium.remote.RemoteWebElement.execute(RemoteWebElement.java:285)
	at org.openqa.selenium.remote.RemoteWebElement.click(RemoteWebElement.java:84)
	at org.openqa.selenium.support.events.EventFiringWebDriver$EventFiringWebElement.lambda$new$0(EventFiringWebDriver.java:404)
	at com.sun.proxy.$Proxy11.click(Unknown Source)
	at org.openqa.selenium.support.events.EventFiringWebDriver$EventFiringWebElement.click(EventFiringWebDriver.java:417)
	at com.kms.katalon.core.webui.keyword.builtin.ClickKeyword$_click_closure1.doCall(ClickKeyword.groovy:68)
	at com.kms.katalon.core.webui.keyword.builtin.ClickKeyword$_click_closure1.call(ClickKeyword.groovy)
	at com.kms.katalon.core.webui.keyword.internal.WebUIKeywordMain.runKeyword(WebUIKeywordMain.groovy:20)
	... 19 more]]></system-err>
      </testcase>
      <testcase name="Test Cases/UpdateUsernameAccount" time="22.53" classname="Test Cases/UpdateUsernameAccount" status="PASSED">
         <system-out><![CDATA[2021-05-28 17:43:36 - [TEST_CASE][PASSED] - Test Cases/UpdateUsernameAccount: Test Cases/UpdateUsernameAccount

2021-05-28 17:43:36 - [TEST_STEP][PASSED] - openBrowser(""): Browser is opened with url: ''

2021-05-28 17:43:36 - [MESSAGE][WARNING] - A browser is already opened. Closing browser and opening a new one

2021-05-28 17:43:37 - [MESSAGE][INFO] - Starting 'Chrome' driver

2021-05-28 17:43:37 - [MESSAGE][INFO] - Action delay is set to 0 milliseconds

2021-05-28 17:43:39 - [MESSAGE][PASSED] - Browser is opened with url: ''

2021-05-28 17:43:39 - [TEST_STEP][PASSED] - navigateToUrl("https://cdnc-group2.herokuapp.com/"): Navigate to 'https://cdnc-group2.herokuapp.com/' successfully

2021-05-28 17:43:43 - [MESSAGE][PASSED] - Navigate to 'https://cdnc-group2.herokuapp.com/' successfully

2021-05-28 17:43:43 - [TEST_STEP][PASSED] - setText(findTestObject("Object Repository/Page_Mattermost/input_All team communication in one place, _dcc84b"), "ngoctin040999@gmail.com"): Text 'ngoctin040999@gmail.com' is set on object 'Object Repository/Page_Mattermost/input_All team communication in one place, _dcc84b'

2021-05-28 17:43:49 - [MESSAGE][PASSED] - Text 'ngoctin040999@gmail.com' is set on object 'Object Repository/Page_Mattermost/input_All team communication in one place, _dcc84b'

2021-05-28 17:43:49 - [TEST_STEP][PASSED] - setEncryptedText(findTestObject("Object Repository/Page_Mattermost/input_All team communication in one place, _a3edc6"), "S8w1SJvl7D1hts9IdMV+NQ=="): Text ****** has been set on object 'Object Repository/Page_Mattermost/input_All team communication in one place, _a3edc6'

2021-05-28 17:43:50 - [MESSAGE][PASSED] - Text ****** has been set on object 'Object Repository/Page_Mattermost/input_All team communication in one place, _a3edc6'

2021-05-28 17:43:50 - [TEST_STEP][PASSED] - click(findTestObject("Object Repository/Page_Mattermost/button_Sign in")): Object: 'Object Repository/Page_Mattermost/button_Sign in' is clicked on

2021-05-28 17:43:50 - [MESSAGE][PASSED] - Object: 'Object Repository/Page_Mattermost/button_Sign in' is clicked on

2021-05-28 17:43:50 - [TEST_STEP][PASSED] - click(findTestObject("Object Repository/Page_Town Square - TOKEN_UPDATED Mattermost/button_ngoctin02806_style--none sidebar-hea_8af0e1")): Object: 'Object Repository/Page_Town Square - TOKEN_UPDATED Mattermost/button_ngoctin02806_style--none sidebar-hea_8af0e1' is clicked on

2021-05-28 17:43:54 - [MESSAGE][PASSED] - Object: 'Object Repository/Page_Town Square - TOKEN_UPDATED Mattermost/button_ngoctin02806_style--none sidebar-hea_8af0e1' is clicked on

2021-05-28 17:43:54 - [TEST_STEP][PASSED] - click(findTestObject("Object Repository/Page_Town Square - TOKEN_UPDATED Mattermost/button_Account Settings")): Object: 'Object Repository/Page_Town Square - TOKEN_UPDATED Mattermost/button_Account Settings' is clicked on

2021-05-28 17:43:55 - [MESSAGE][PASSED] - Object: 'Object Repository/Page_Town Square - TOKEN_UPDATED Mattermost/button_Account Settings' is clicked on

2021-05-28 17:43:55 - [TEST_STEP][PASSED] - click(findTestObject("Object Repository/Page_Town Square - TOKEN_UPDATED Mattermost/span_Edit")): Object: 'Object Repository/Page_Town Square - TOKEN_UPDATED Mattermost/span_Edit' is clicked on

2021-05-28 17:43:56 - [MESSAGE][PASSED] - Object: 'Object Repository/Page_Town Square - TOKEN_UPDATED Mattermost/span_Edit' is clicked on

2021-05-28 17:43:56 - [TEST_STEP][PASSED] - setText(findTestObject("Object Repository/Page_Town Square - TOKEN_UPDATED Mattermost/input_Username_username"), "ngoctin12345"): Text 'ngoctin12345' is set on object 'Object Repository/Page_Town Square - TOKEN_UPDATED Mattermost/input_Username_username'

2021-05-28 17:43:56 - [MESSAGE][PASSED] - Text 'ngoctin12345' is set on object 'Object Repository/Page_Town Square - TOKEN_UPDATED Mattermost/input_Username_username'

2021-05-28 17:43:56 - [TEST_STEP][PASSED] - click(findTestObject("Object Repository/Page_Town Square - TOKEN_UPDATED Mattermost/button_Save")): Object: 'Object Repository/Page_Town Square - TOKEN_UPDATED Mattermost/button_Save' is clicked on

2021-05-28 17:43:57 - [MESSAGE][PASSED] - Object: 'Object Repository/Page_Town Square - TOKEN_UPDATED Mattermost/button_Save' is clicked on

2021-05-28 17:43:57 - [TEST_STEP][PASSED] - click(findTestObject("Object Repository/Page_Town Square - TOKEN_UPDATED Mattermost/button_Close")): Object: 'Object Repository/Page_Town Square - TOKEN_UPDATED Mattermost/button_Close' is clicked on

2021-05-28 17:43:57 - [MESSAGE][PASSED] - Object: 'Object Repository/Page_Town Square - TOKEN_UPDATED Mattermost/button_Close' is clicked on

2021-05-28 17:43:57 - [TEST_STEP][PASSED] - closeBrowser(): Browser is closed

2021-05-28 17:43:58 - [MESSAGE][PASSED] - Browser is closed]]></system-out>
         <system-err><![CDATA[]]></system-err>
      </testcase>
      <testcase name="Test Cases/EditClockDiplsy" time="24.561" classname="Test Cases/EditClockDiplsy" status="PASSED">
         <system-out><![CDATA[2021-05-28 17:43:58 - [TEST_CASE][PASSED] - Test Cases/EditClockDiplsy: Test Cases/EditClockDiplsy

2021-05-28 17:43:59 - [TEST_STEP][PASSED] - openBrowser("https://cdnc-group2.herokuapp.com/"): Browser is opened with url: 'https://cdnc-group2.herokuapp.com/'

2021-05-28 17:43:59 - [MESSAGE][INFO] - Starting 'Chrome' driver

2021-05-28 17:43:59 - [MESSAGE][INFO] - Action delay is set to 0 milliseconds

2021-05-28 17:44:04 - [MESSAGE][PASSED] - Browser is opened with url: 'https://cdnc-group2.herokuapp.com/'

2021-05-28 17:44:04 - [TEST_STEP][PASSED] - setText(findTestObject("Login/input_Email"), "ngoctin040999@gmail.com"): Text 'ngoctin040999@gmail.com' is set on object 'Object Repository/Login/input_Email'

2021-05-28 17:44:09 - [MESSAGE][PASSED] - Text 'ngoctin040999@gmail.com' is set on object 'Object Repository/Login/input_Email'

2021-05-28 17:44:09 - [TEST_STEP][PASSED] - setText(findTestObject("Login/input_Password"), "ngoctin1"): Text 'ngoctin1' is set on object 'Object Repository/Login/input_Password'

2021-05-28 17:44:10 - [MESSAGE][PASSED] - Text 'ngoctin1' is set on object 'Object Repository/Login/input_Password'

2021-05-28 17:44:10 - [TEST_STEP][PASSED] - click(findTestObject("Login/button_Sign in")): Object: 'Object Repository/Login/button_Sign in' is clicked on

2021-05-28 17:44:11 - [MESSAGE][PASSED] - Object: 'Object Repository/Login/button_Sign in' is clicked on

2021-05-28 17:44:11 - [TEST_STEP][PASSED] - delay(2): Delayed 2 second(s)

2021-05-28 17:44:13 - [MESSAGE][PASSED] - Delayed 2 second(s)

2021-05-28 17:44:13 - [TEST_STEP][PASSED] - click(findTestObject("UpdatePassword/button_Option")): Object: 'Object Repository/UpdatePassword/button_Option' is clicked on

2021-05-28 17:44:15 - [MESSAGE][PASSED] - Object: 'Object Repository/UpdatePassword/button_Option' is clicked on

2021-05-28 17:44:15 - [TEST_STEP][PASSED] - click(findTestObject("UpdatePassword/button_Account Settings")): Object: 'Object Repository/UpdatePassword/button_Account Settings' is clicked on

2021-05-28 17:44:16 - [MESSAGE][PASSED] - Object: 'Object Repository/UpdatePassword/button_Account Settings' is clicked on

2021-05-28 17:44:16 - [TEST_STEP][PASSED] - click(findTestObject("Edit Theme/button_Display")): Object: 'Object Repository/Edit Theme/button_Display' is clicked on

2021-05-28 17:44:16 - [MESSAGE][PASSED] - Object: 'Object Repository/Edit Theme/button_Display' is clicked on

2021-05-28 17:44:16 - [TEST_STEP][PASSED] - click(findTestObject("Edit Clock Display/button_Edit")): Object: 'Object Repository/Edit Clock Display/button_Edit' is clicked on

2021-05-28 17:44:17 - [MESSAGE][PASSED] - Object: 'Object Repository/Edit Clock Display/button_Edit' is clicked on

2021-05-28 17:44:17 - [TEST_STEP][PASSED] - click(findTestObject("Edit Clock Display/input_Clock Display_24")): Object: 'Object Repository/Edit Clock Display/input_Clock Display_24' is clicked on

2021-05-28 17:44:18 - [MESSAGE][PASSED] - Object: 'Object Repository/Edit Clock Display/input_Clock Display_24' is clicked on

2021-05-28 17:44:18 - [TEST_STEP][PASSED] - click(findTestObject("Edit Clock Display/button_Save")): Object: 'Object Repository/Edit Clock Display/button_Save' is clicked on

2021-05-28 17:44:19 - [MESSAGE][PASSED] - Object: 'Object Repository/Edit Clock Display/button_Save' is clicked on

2021-05-28 17:44:19 - [TEST_STEP][PASSED] - delay(1): Delayed 1 second(s)

2021-05-28 17:44:20 - [MESSAGE][PASSED] - Delayed 1 second(s)

2021-05-28 17:44:20 - [TEST_STEP][PASSED] - click(findTestObject("Edit Clock Display/button_Edit")): Object: 'Object Repository/Edit Clock Display/button_Edit' is clicked on

2021-05-28 17:44:20 - [MESSAGE][PASSED] - Object: 'Object Repository/Edit Clock Display/button_Edit' is clicked on

2021-05-28 17:44:20 - [TEST_STEP][PASSED] - click(findTestObject("Edit Clock Display/input_Clock Display_12")): Object: 'Object Repository/Edit Clock Display/input_Clock Display_12' is clicked on

2021-05-28 17:44:21 - [MESSAGE][PASSED] - Object: 'Object Repository/Edit Clock Display/input_Clock Display_12' is clicked on

2021-05-28 17:44:21 - [TEST_STEP][PASSED] - click(findTestObject("Edit Clock Display/button_Save")): Object: 'Object Repository/Edit Clock Display/button_Save' is clicked on

2021-05-28 17:44:21 - [MESSAGE][PASSED] - Object: 'Object Repository/Edit Clock Display/button_Save' is clicked on

2021-05-28 17:44:21 - [TEST_STEP][PASSED] - delay(1): Delayed 1 second(s)

2021-05-28 17:44:22 - [MESSAGE][PASSED] - Delayed 1 second(s)

2021-05-28 17:44:22 - [TEST_STEP][PASSED] - closeBrowser(): Browser is closed

2021-05-28 17:44:23 - [MESSAGE][PASSED] - Browser is closed]]></system-out>
         <system-err><![CDATA[]]></system-err>
      </testcase>
      <testcase name="Test Cases/EditSideBar" time="24.955" classname="Test Cases/EditSideBar" status="PASSED">
         <system-out><![CDATA[2021-05-28 17:44:23 - [TEST_CASE][PASSED] - Test Cases/EditSideBar: Test Cases/EditSideBar

2021-05-28 17:44:23 - [TEST_STEP][PASSED] - openBrowser("https://cdnc-group2.herokuapp.com/"): Browser is opened with url: 'https://cdnc-group2.herokuapp.com/'

2021-05-28 17:44:23 - [MESSAGE][INFO] - Starting 'Chrome' driver

2021-05-28 17:44:23 - [MESSAGE][INFO] - Action delay is set to 0 milliseconds

2021-05-28 17:44:30 - [MESSAGE][PASSED] - Browser is opened with url: 'https://cdnc-group2.herokuapp.com/'

2021-05-28 17:44:30 - [TEST_STEP][PASSED] - setText(findTestObject("Login/input_Email"), "ngoctin040999@gmail.com"): Text 'ngoctin040999@gmail.com' is set on object 'Object Repository/Login/input_Email'

2021-05-28 17:44:35 - [MESSAGE][PASSED] - Text 'ngoctin040999@gmail.com' is set on object 'Object Repository/Login/input_Email'

2021-05-28 17:44:35 - [TEST_STEP][PASSED] - setText(findTestObject("Login/input_Password"), "ngoctin1"): Text 'ngoctin1' is set on object 'Object Repository/Login/input_Password'

2021-05-28 17:44:36 - [MESSAGE][PASSED] - Text 'ngoctin1' is set on object 'Object Repository/Login/input_Password'

2021-05-28 17:44:36 - [TEST_STEP][PASSED] - click(findTestObject("Login/button_Sign in")): Object: 'Object Repository/Login/button_Sign in' is clicked on

2021-05-28 17:44:37 - [MESSAGE][PASSED] - Object: 'Object Repository/Login/button_Sign in' is clicked on

2021-05-28 17:44:37 - [TEST_STEP][PASSED] - delay(2): Delayed 2 second(s)

2021-05-28 17:44:39 - [MESSAGE][PASSED] - Delayed 2 second(s)

2021-05-28 17:44:39 - [TEST_STEP][PASSED] - click(findTestObject("UpdatePassword/button_Option")): Object: 'Object Repository/UpdatePassword/button_Option' is clicked on

2021-05-28 17:44:41 - [MESSAGE][PASSED] - Object: 'Object Repository/UpdatePassword/button_Option' is clicked on

2021-05-28 17:44:41 - [TEST_STEP][PASSED] - click(findTestObject("UpdatePassword/button_Account Settings")): Object: 'Object Repository/UpdatePassword/button_Account Settings' is clicked on

2021-05-28 17:44:41 - [MESSAGE][PASSED] - Object: 'Object Repository/UpdatePassword/button_Account Settings' is clicked on

2021-05-28 17:44:41 - [TEST_STEP][PASSED] - click(findTestObject("Edit SideBar/button_Sidebar")): Object: 'Object Repository/Edit SideBar/button_Sidebar' is clicked on

2021-05-28 17:44:42 - [MESSAGE][PASSED] - Object: 'Object Repository/Edit SideBar/button_Sidebar' is clicked on

2021-05-28 17:44:42 - [TEST_STEP][PASSED] - click(findTestObject("Edit SideBar/button_Edit")): Object: 'Object Repository/Edit SideBar/button_Edit' is clicked on

2021-05-28 17:44:43 - [MESSAGE][PASSED] - Object: 'Object Repository/Edit SideBar/button_Edit' is clicked on

2021-05-28 17:44:43 - [TEST_STEP][PASSED] - click(findTestObject("Edit SideBar/input_Off")): Object: 'Object Repository/Edit SideBar/input_Off' is clicked on

2021-05-28 17:44:43 - [MESSAGE][PASSED] - Object: 'Object Repository/Edit SideBar/input_Off' is clicked on

2021-05-28 17:44:43 - [TEST_STEP][PASSED] - click(findTestObject("Edit SideBar/button_Save")): Object: 'Object Repository/Edit SideBar/button_Save' is clicked on

2021-05-28 17:44:44 - [MESSAGE][PASSED] - Object: 'Object Repository/Edit SideBar/button_Save' is clicked on

2021-05-28 17:44:44 - [TEST_STEP][PASSED] - delay(1): Delayed 1 second(s)

2021-05-28 17:44:45 - [MESSAGE][PASSED] - Delayed 1 second(s)

2021-05-28 17:44:45 - [TEST_STEP][PASSED] - click(findTestObject("Edit SideBar/button_Edit")): Object: 'Object Repository/Edit SideBar/button_Edit' is clicked on

2021-05-28 17:44:45 - [MESSAGE][PASSED] - Object: 'Object Repository/Edit SideBar/button_Edit' is clicked on

2021-05-28 17:44:45 - [TEST_STEP][PASSED] - click(findTestObject("Edit SideBar/input_On")): Object: 'Object Repository/Edit SideBar/input_On' is clicked on

2021-05-28 17:44:46 - [MESSAGE][PASSED] - Object: 'Object Repository/Edit SideBar/input_On' is clicked on

2021-05-28 17:44:46 - [TEST_STEP][PASSED] - click(findTestObject("Edit SideBar/button_Save")): Object: 'Object Repository/Edit SideBar/button_Save' is clicked on

2021-05-28 17:44:46 - [MESSAGE][PASSED] - Object: 'Object Repository/Edit SideBar/button_Save' is clicked on

2021-05-28 17:44:46 - [TEST_STEP][PASSED] - delay(1): Delayed 1 second(s)

2021-05-28 17:44:47 - [MESSAGE][PASSED] - Delayed 1 second(s)

2021-05-28 17:44:47 - [TEST_STEP][PASSED] - closeBrowser(): Browser is closed

2021-05-28 17:44:48 - [MESSAGE][PASSED] - Browser is closed]]></system-out>
         <system-err><![CDATA[]]></system-err>
      </testcase>
      <testcase name="Test Cases/EditTheme" time="32.898" classname="Test Cases/EditTheme" status="PASSED">
         <system-out><![CDATA[2021-05-28 17:44:48 - [TEST_CASE][PASSED] - Test Cases/EditTheme: Test Cases/EditTheme

2021-05-28 17:44:48 - [TEST_STEP][PASSED] - openBrowser("https://cdnc-group2.herokuapp.com/"): Browser is opened with url: 'https://cdnc-group2.herokuapp.com/'

2021-05-28 17:44:48 - [MESSAGE][INFO] - Starting 'Chrome' driver

2021-05-28 17:44:48 - [MESSAGE][INFO] - Action delay is set to 0 milliseconds

2021-05-28 17:44:57 - [MESSAGE][PASSED] - Browser is opened with url: 'https://cdnc-group2.herokuapp.com/'

2021-05-28 17:44:57 - [TEST_STEP][PASSED] - setText(findTestObject("Login/input_Email"), "ngoctin040999@gmail.com"): Text 'ngoctin040999@gmail.com' is set on object 'Object Repository/Login/input_Email'

2021-05-28 17:45:01 - [MESSAGE][PASSED] - Text 'ngoctin040999@gmail.com' is set on object 'Object Repository/Login/input_Email'

2021-05-28 17:45:01 - [TEST_STEP][PASSED] - setText(findTestObject("Login/input_Password"), "ngoctin1"): Text 'ngoctin1' is set on object 'Object Repository/Login/input_Password'

2021-05-28 17:45:02 - [MESSAGE][PASSED] - Text 'ngoctin1' is set on object 'Object Repository/Login/input_Password'

2021-05-28 17:45:02 - [TEST_STEP][PASSED] - click(findTestObject("Login/button_Sign in")): Object: 'Object Repository/Login/button_Sign in' is clicked on

2021-05-28 17:45:03 - [MESSAGE][PASSED] - Object: 'Object Repository/Login/button_Sign in' is clicked on

2021-05-28 17:45:03 - [TEST_STEP][PASSED] - delay(2): Delayed 2 second(s)

2021-05-28 17:45:05 - [MESSAGE][PASSED] - Delayed 2 second(s)

2021-05-28 17:45:05 - [TEST_STEP][PASSED] - click(findTestObject("UpdatePassword/button_Option")): Object: 'Object Repository/UpdatePassword/button_Option' is clicked on

2021-05-28 17:45:07 - [MESSAGE][PASSED] - Object: 'Object Repository/UpdatePassword/button_Option' is clicked on

2021-05-28 17:45:07 - [TEST_STEP][PASSED] - click(findTestObject("UpdatePassword/button_Account Settings")): Object: 'Object Repository/UpdatePassword/button_Account Settings' is clicked on

2021-05-28 17:45:07 - [MESSAGE][PASSED] - Object: 'Object Repository/UpdatePassword/button_Account Settings' is clicked on

2021-05-28 17:45:07 - [TEST_STEP][PASSED] - click(findTestObject("Edit Theme/button_Display")): Object: 'Object Repository/Edit Theme/button_Display' is clicked on

2021-05-28 17:45:08 - [MESSAGE][PASSED] - Object: 'Object Repository/Edit Theme/button_Display' is clicked on

2021-05-28 17:45:08 - [TEST_STEP][PASSED] - click(findTestObject("Edit Theme/button_Edit")): Object: 'Object Repository/Edit Theme/button_Edit' is clicked on

2021-05-28 17:45:09 - [MESSAGE][PASSED] - Object: 'Object Repository/Edit Theme/button_Edit' is clicked on

2021-05-28 17:45:09 - [TEST_STEP][PASSED] - click(findTestObject("Edit Theme/img_Mattermost Dark_img-responsive")): Object: 'Object Repository/Edit Theme/img_Mattermost Dark_img-responsive' is clicked on

2021-05-28 17:45:10 - [MESSAGE][PASSED] - Object: 'Object Repository/Edit Theme/img_Mattermost Dark_img-responsive' is clicked on

2021-05-28 17:45:10 - [TEST_STEP][PASSED] - click(findTestObject("Edit Theme/button_Save")): Object: 'Object Repository/Edit Theme/button_Save' is clicked on

2021-05-28 17:45:10 - [MESSAGE][PASSED] - Object: 'Object Repository/Edit Theme/button_Save' is clicked on

2021-05-28 17:45:10 - [TEST_STEP][PASSED] - delay(2): Delayed 2 second(s)

2021-05-28 17:45:12 - [MESSAGE][PASSED] - Delayed 2 second(s)

2021-05-28 17:45:12 - [TEST_STEP][PASSED] - click(findTestObject("Edit Theme/button_Edit")): Object: 'Object Repository/Edit Theme/button_Edit' is clicked on

2021-05-28 17:45:13 - [MESSAGE][PASSED] - Object: 'Object Repository/Edit Theme/button_Edit' is clicked on

2021-05-28 17:45:13 - [TEST_STEP][PASSED] - click(findTestObject("Edit Theme/img_Mattermost_img-responsive")): Object: 'Object Repository/Edit Theme/img_Mattermost_img-responsive' is clicked on

2021-05-28 17:45:13 - [MESSAGE][PASSED] - Object: 'Object Repository/Edit Theme/img_Mattermost_img-responsive' is clicked on

2021-05-28 17:45:13 - [TEST_STEP][PASSED] - click(findTestObject("Edit Theme/button_Save")): Object: 'Object Repository/Edit Theme/button_Save' is clicked on

2021-05-28 17:45:14 - [MESSAGE][PASSED] - Object: 'Object Repository/Edit Theme/button_Save' is clicked on

2021-05-28 17:45:14 - [TEST_STEP][PASSED] - delay(2): Delayed 2 second(s)

2021-05-28 17:45:16 - [MESSAGE][PASSED] - Delayed 2 second(s)

2021-05-28 17:45:16 - [TEST_STEP][PASSED] - click(findTestObject("Edit Theme/button_Edit")): Object: 'Object Repository/Edit Theme/button_Edit' is clicked on

2021-05-28 17:45:17 - [MESSAGE][PASSED] - Object: 'Object Repository/Edit Theme/button_Edit' is clicked on

2021-05-28 17:45:17 - [TEST_STEP][PASSED] - click(findTestObject("Edit Theme/img_Organization_img-responsive")): Object: 'Object Repository/Edit Theme/img_Organization_img-responsive' is clicked on

2021-05-28 17:45:17 - [MESSAGE][PASSED] - Object: 'Object Repository/Edit Theme/img_Organization_img-responsive' is clicked on

2021-05-28 17:45:17 - [TEST_STEP][PASSED] - click(findTestObject("Edit Theme/button_Save")): Object: 'Object Repository/Edit Theme/button_Save' is clicked on

2021-05-28 17:45:18 - [MESSAGE][PASSED] - Object: 'Object Repository/Edit Theme/button_Save' is clicked on

2021-05-28 17:45:18 - [TEST_STEP][PASSED] - delay(2): Delayed 2 second(s)

2021-05-28 17:45:20 - [MESSAGE][PASSED] - Delayed 2 second(s)

2021-05-28 17:45:20 - [TEST_STEP][PASSED] - closeBrowser(): Browser is closed

2021-05-28 17:45:21 - [MESSAGE][PASSED] - Browser is closed]]></system-out>
         <system-err><![CDATA[]]></system-err>
      </testcase>
      <testcase name="Test Cases/InviteMember" time="29.302" classname="Test Cases/InviteMember" status="PASSED">
         <system-out><![CDATA[2021-05-28 17:45:21 - [TEST_CASE][PASSED] - Test Cases/InviteMember: Test Cases/InviteMember

2021-05-28 17:45:21 - [TEST_STEP][PASSED] - openBrowser("https://cdnc-group2.herokuapp.com/"): Browser is opened with url: 'https://cdnc-group2.herokuapp.com/'

2021-05-28 17:45:21 - [MESSAGE][INFO] - Starting 'Chrome' driver

2021-05-28 17:45:21 - [MESSAGE][INFO] - Action delay is set to 0 milliseconds

2021-05-28 17:45:29 - [MESSAGE][PASSED] - Browser is opened with url: 'https://cdnc-group2.herokuapp.com/'

2021-05-28 17:45:29 - [TEST_STEP][PASSED] - setText(findTestObject("Login/input_Email"), "ngoctin040999@gmail.com"): Text 'ngoctin040999@gmail.com' is set on object 'Object Repository/Login/input_Email'

2021-05-28 17:45:35 - [MESSAGE][PASSED] - Text 'ngoctin040999@gmail.com' is set on object 'Object Repository/Login/input_Email'

2021-05-28 17:45:35 - [TEST_STEP][PASSED] - setText(findTestObject("Login/input_Password"), "ngoctin1"): Text 'ngoctin1' is set on object 'Object Repository/Login/input_Password'

2021-05-28 17:45:36 - [MESSAGE][PASSED] - Text 'ngoctin1' is set on object 'Object Repository/Login/input_Password'

2021-05-28 17:45:36 - [TEST_STEP][PASSED] - click(findTestObject("Login/button_Sign in")): Object: 'Object Repository/Login/button_Sign in' is clicked on

2021-05-28 17:45:37 - [MESSAGE][PASSED] - Object: 'Object Repository/Login/button_Sign in' is clicked on

2021-05-28 17:45:37 - [TEST_STEP][PASSED] - delay(2): Delayed 2 second(s)

2021-05-28 17:45:39 - [MESSAGE][PASSED] - Delayed 2 second(s)

2021-05-28 17:45:39 - [TEST_STEP][PASSED] - click(findTestObject("UpdatePassword/button_Option")): Object: 'Object Repository/UpdatePassword/button_Option' is clicked on

2021-05-28 17:45:40 - [MESSAGE][PASSED] - Object: 'Object Repository/UpdatePassword/button_Option' is clicked on

2021-05-28 17:45:40 - [TEST_STEP][PASSED] - click(findTestObject("Invite member/button_Invite PeopleAdd or invite people to the team")): Object: 'Object Repository/Invite member/button_Invite PeopleAdd or invite people to the team' is clicked on

2021-05-28 17:45:41 - [MESSAGE][PASSED] - Object: 'Object Repository/Invite member/button_Invite PeopleAdd or invite people to the team' is clicked on

2021-05-28 17:45:41 - [TEST_STEP][PASSED] - delay(1): Delayed 1 second(s)

2021-05-28 17:45:42 - [MESSAGE][PASSED] - Delayed 1 second(s)

2021-05-28 17:45:42 - [TEST_STEP][PASSED] - setText(findTestObject("Invite member/input_Add or Invite People_react-select-2-input"), "test1"): Text 'test1' is set on object 'Object Repository/Invite member/input_Add or Invite People_react-select-2-input'

2021-05-28 17:45:43 - [MESSAGE][PASSED] - Text 'test1' is set on object 'Object Repository/Invite member/input_Add or Invite People_react-select-2-input'

2021-05-28 17:45:43 - [TEST_STEP][PASSED] - delay(1): Delayed 1 second(s)

2021-05-28 17:45:44 - [MESSAGE][PASSED] - Delayed 1 second(s)

2021-05-28 17:45:44 - [TEST_STEP][PASSED] - click(findTestObject("Invite member/div_test1")): Object: 'Object Repository/Invite member/div_test1' is clicked on

2021-05-28 17:45:44 - [MESSAGE][PASSED] - Object: 'Object Repository/Invite member/div_test1' is clicked on

2021-05-28 17:45:44 - [TEST_STEP][PASSED] - click(findTestObject("Invite member/button_Invite Members")): Object: 'Object Repository/Invite member/button_Invite Members' is clicked on

2021-05-28 17:45:45 - [MESSAGE][PASSED] - Object: 'Object Repository/Invite member/button_Invite Members' is clicked on

2021-05-28 17:45:45 - [TEST_STEP][PASSED] - verifyElementVisible(findTestObject("Invite member/div_This member has been added to the team")): Object 'Object Repository/Invite member/div_This member has been added to the team' is visible

2021-05-28 17:45:47 - [MESSAGE][PASSED] - Object 'Object Repository/Invite member/div_This member has been added to the team' is visible

2021-05-28 17:45:47 - [TEST_STEP][PASSED] - click(findTestObject("Invite member/button_Done")): Object: 'Object Repository/Invite member/button_Done' is clicked on

2021-05-28 17:45:47 - [MESSAGE][PASSED] - Object: 'Object Repository/Invite member/button_Done' is clicked on

2021-05-28 17:45:47 - [TEST_STEP][PASSED] - delay(2): Delayed 2 second(s)

2021-05-28 17:45:49 - [MESSAGE][PASSED] - Delayed 2 second(s)

2021-05-28 17:45:49 - [TEST_STEP][PASSED] - closeBrowser(): Browser is closed

2021-05-28 17:45:50 - [MESSAGE][PASSED] - Browser is closed]]></system-out>
         <system-err><![CDATA[]]></system-err>
      </testcase>
      <testcase name="Test Cases/RemoveMember" time="22.588" classname="Test Cases/RemoveMember" status="PASSED">
         <system-out><![CDATA[2021-05-28 17:45:50 - [TEST_CASE][PASSED] - Test Cases/RemoveMember: Test Cases/RemoveMember

2021-05-28 17:45:50 - [TEST_STEP][PASSED] - openBrowser("https://cdnc-group2.herokuapp.com/"): Browser is opened with url: 'https://cdnc-group2.herokuapp.com/'

2021-05-28 17:45:50 - [MESSAGE][INFO] - Starting 'Chrome' driver

2021-05-28 17:45:50 - [MESSAGE][INFO] - Action delay is set to 0 milliseconds

2021-05-28 17:45:58 - [MESSAGE][PASSED] - Browser is opened with url: 'https://cdnc-group2.herokuapp.com/'

2021-05-28 17:45:58 - [TEST_STEP][PASSED] - setText(findTestObject("Login/input_Email"), "ngoctin040999@gmail.com"): Text 'ngoctin040999@gmail.com' is set on object 'Object Repository/Login/input_Email'

2021-05-28 17:46:02 - [MESSAGE][PASSED] - Text 'ngoctin040999@gmail.com' is set on object 'Object Repository/Login/input_Email'

2021-05-28 17:46:02 - [TEST_STEP][PASSED] - setText(findTestObject("Login/input_Password"), "ngoctin1"): Text 'ngoctin1' is set on object 'Object Repository/Login/input_Password'

2021-05-28 17:46:03 - [MESSAGE][PASSED] - Text 'ngoctin1' is set on object 'Object Repository/Login/input_Password'

2021-05-28 17:46:03 - [TEST_STEP][PASSED] - click(findTestObject("Login/button_Sign in")): Object: 'Object Repository/Login/button_Sign in' is clicked on

2021-05-28 17:46:04 - [MESSAGE][PASSED] - Object: 'Object Repository/Login/button_Sign in' is clicked on

2021-05-28 17:46:04 - [TEST_STEP][PASSED] - delay(2): Delayed 2 second(s)

2021-05-28 17:46:06 - [MESSAGE][PASSED] - Delayed 2 second(s)

2021-05-28 17:46:06 - [TEST_STEP][PASSED] - click(findTestObject("UpdatePassword/button_Option")): Object: 'Object Repository/UpdatePassword/button_Option' is clicked on

2021-05-28 17:46:08 - [MESSAGE][PASSED] - Object: 'Object Repository/UpdatePassword/button_Option' is clicked on

2021-05-28 17:46:08 - [TEST_STEP][PASSED] - click(findTestObject("Update Member Role/button_Manage Members")): Object: 'Object Repository/Update Member Role/button_Manage Members' is clicked on

2021-05-28 17:46:08 - [MESSAGE][PASSED] - Object: 'Object Repository/Update Member Role/button_Manage Members' is clicked on

2021-05-28 17:46:08 - [TEST_STEP][PASSED] - click(findTestObject("Update Member Role/button_Member")): Object: 'Object Repository/Update Member Role/button_Member' is clicked on

2021-05-28 17:46:09 - [MESSAGE][PASSED] - Object: 'Object Repository/Update Member Role/button_Member' is clicked on

2021-05-28 17:46:09 - [TEST_STEP][PASSED] - click(findTestObject("Remove Member/button_Remove from Team")): Object: 'Object Repository/Remove Member/button_Remove from Team' is clicked on

2021-05-28 17:46:10 - [MESSAGE][PASSED] - Object: 'Object Repository/Remove Member/button_Remove from Team' is clicked on

2021-05-28 17:46:10 - [TEST_STEP][PASSED] - delay(2): Delayed 2 second(s)

2021-05-28 17:46:12 - [MESSAGE][PASSED] - Delayed 2 second(s)

2021-05-28 17:46:12 - [TEST_STEP][PASSED] - closeBrowser(): Browser is closed

2021-05-28 17:46:13 - [MESSAGE][PASSED] - Browser is closed]]></system-out>
         <system-err><![CDATA[]]></system-err>
      </testcase>
      <testcase name="Test Cases/IgnoreMentions" time="21.712" classname="Test Cases/IgnoreMentions" status="PASSED">
         <system-out><![CDATA[2021-05-28 17:46:13 - [TEST_CASE][PASSED] - Test Cases/IgnoreMentions: Test Cases/IgnoreMentions

2021-05-28 17:46:13 - [TEST_STEP][PASSED] - openBrowser("https://cdnc-group2.herokuapp.com/"): Browser is opened with url: 'https://cdnc-group2.herokuapp.com/'

2021-05-28 17:46:13 - [MESSAGE][INFO] - Starting 'Chrome' driver

2021-05-28 17:46:13 - [MESSAGE][INFO] - Action delay is set to 0 milliseconds

2021-05-28 17:46:19 - [MESSAGE][PASSED] - Browser is opened with url: 'https://cdnc-group2.herokuapp.com/'

2021-05-28 17:46:19 - [TEST_STEP][PASSED] - setText(findTestObject("Login/input_Email"), "ngoctin040999@gmail.com"): Text 'ngoctin040999@gmail.com' is set on object 'Object Repository/Login/input_Email'

2021-05-28 17:46:24 - [MESSAGE][PASSED] - Text 'ngoctin040999@gmail.com' is set on object 'Object Repository/Login/input_Email'

2021-05-28 17:46:24 - [TEST_STEP][PASSED] - setText(findTestObject("Login/input_Password"), "ngoctin1"): Text 'ngoctin1' is set on object 'Object Repository/Login/input_Password'

2021-05-28 17:46:25 - [MESSAGE][PASSED] - Text 'ngoctin1' is set on object 'Object Repository/Login/input_Password'

2021-05-28 17:46:25 - [TEST_STEP][PASSED] - click(findTestObject("Login/button_Sign in")): Object: 'Object Repository/Login/button_Sign in' is clicked on

2021-05-28 17:46:26 - [MESSAGE][PASSED] - Object: 'Object Repository/Login/button_Sign in' is clicked on

2021-05-28 17:46:26 - [TEST_STEP][PASSED] - delay(2): Delayed 2 second(s)

2021-05-28 17:46:28 - [MESSAGE][PASSED] - Delayed 2 second(s)

2021-05-28 17:46:28 - [TEST_STEP][PASSED] - click(findTestObject("Ignore mentions/button_Town Square")): Object: 'Object Repository/Ignore mentions/button_Town Square' is clicked on

2021-05-28 17:46:30 - [MESSAGE][PASSED] - Object: 'Object Repository/Ignore mentions/button_Town Square' is clicked on

2021-05-28 17:46:30 - [TEST_STEP][PASSED] - click(findTestObject("Ignore mentions/button_Notification Preferences")): Object: 'Object Repository/Ignore mentions/button_Notification Preferences' is clicked on

2021-05-28 17:46:30 - [MESSAGE][PASSED] - Object: 'Object Repository/Ignore mentions/button_Notification Preferences' is clicked on

2021-05-28 17:46:30 - [TEST_STEP][PASSED] - click(findTestObject("Ignore mentions/button_Edit")): Object: 'Object Repository/Ignore mentions/button_Edit' is clicked on

2021-05-28 17:46:31 - [MESSAGE][PASSED] - Object: 'Object Repository/Ignore mentions/button_Edit' is clicked on

2021-05-28 17:46:31 - [TEST_STEP][PASSED] - click(findTestObject("Ignore mentions/input_Ignore mentions for channel, here and all_ignoreChannelMentions")): Object: 'Object Repository/Ignore mentions/input_Ignore mentions for channel, here and all_ignoreChannelMentions' is clicked on

2021-05-28 17:46:31 - [MESSAGE][PASSED] - Object: 'Object Repository/Ignore mentions/input_Ignore mentions for channel, here and all_ignoreChannelMentions' is clicked on

2021-05-28 17:46:31 - [TEST_STEP][PASSED] - click(findTestObject("Ignore mentions/button_Save")): Object: 'Object Repository/Ignore mentions/button_Save' is clicked on

2021-05-28 17:46:32 - [MESSAGE][PASSED] - Object: 'Object Repository/Ignore mentions/button_Save' is clicked on

2021-05-28 17:46:32 - [TEST_STEP][PASSED] - verifyElementVisible(findTestObject("Ignore mentions/span_On")): Object 'Object Repository/Ignore mentions/span_On' is visible

2021-05-28 17:46:33 - [MESSAGE][PASSED] - Object 'Object Repository/Ignore mentions/span_On' is visible

2021-05-28 17:46:33 - [TEST_STEP][PASSED] - delay(1): Delayed 1 second(s)

2021-05-28 17:46:34 - [MESSAGE][PASSED] - Delayed 1 second(s)

2021-05-28 17:46:34 - [TEST_STEP][PASSED] - closeBrowser(): Browser is closed

2021-05-28 17:46:34 - [MESSAGE][PASSED] - Browser is closed]]></system-out>
         <system-err><![CDATA[]]></system-err>
      </testcase>
      <testcase name="Test Cases/UpdateChannelName" time="45.462" classname="Test Cases/UpdateChannelName" status="FAILED">
         <failure type="FAILED" message="Test Cases/UpdateChannelName FAILED.
Reason:
com.kms.katalon.core.exception.StepFailedException: Unable to click on object 'Object Repository/Page_Test 123 - Team Mattermost/span_Test 123_channelHeaderDropdownIcon'
	at com.kms.katalon.core.webui.keyword.internal.WebUIKeywordMain.stepFailed(WebUIKeywordMain.groovy:64)
	at com.kms.katalon.core.webui.keyword.internal.WebUIKeywordMain.runKeyword(WebUIKeywordMain.groovy:26)
	at com.kms.katalon.core.webui.keyword.builtin.ClickKeyword.click(ClickKeyword.groovy:75)
	at com.kms.katalon.core.webui.keyword.builtin.ClickKeyword.execute(ClickKeyword.groovy:42)
	at com.kms.katalon.core.keyword.internal.KeywordExecutor.executeKeywordForPlatform(KeywordExecutor.groovy:73)
	at com.kms.katalon.core.webui.keyword.WebUiBuiltInKeywords.click(WebUiBuiltInKeywords.groovy:619)
	at com.kms.katalon.core.webui.keyword.WebUiBuiltInKeywords$click$4.call(Unknown Source)
	at UpdateChannelName.run(UpdateChannelName:34)
	at com.kms.katalon.core.main.ScriptEngine.run(ScriptEngine.java:194)
	at com.kms.katalon.core.main.ScriptEngine.runScriptAsRawText(ScriptEngine.java:119)
	at com.kms.katalon.core.main.TestCaseExecutor.runScript(TestCaseExecutor.java:398)
	at com.kms.katalon.core.main.TestCaseExecutor.doExecute(TestCaseExecutor.java:389)
	at com.kms.katalon.core.main.TestCaseExecutor.processExecutionPhase(TestCaseExecutor.java:368)
	at com.kms.katalon.core.main.TestCaseExecutor.accessMainPhase(TestCaseExecutor.java:360)
	at com.kms.katalon.core.main.TestCaseExecutor.execute(TestCaseExecutor.java:255)
	at com.kms.katalon.core.main.TestSuiteExecutor.accessTestCaseMainPhase(TestSuiteExecutor.java:203)
	at com.kms.katalon.core.main.TestSuiteExecutor.accessTestSuiteMainPhase(TestSuiteExecutor.java:152)
	at com.kms.katalon.core.main.TestSuiteExecutor.execute(TestSuiteExecutor.java:95)
	at com.kms.katalon.core.main.TestCaseMain.startTestSuite(TestCaseMain.java:157)
	at com.kms.katalon.core.main.TestCaseMain$startTestSuite$0.call(Unknown Source)
	at TempTestSuite1622198376741.run(TempTestSuite1622198376741.groovy:39)
Caused by: org.openqa.selenium.ElementClickInterceptedException: element click intercepted: Element &lt;span id=&quot;channelHeaderDropdownIcon&quot; class=&quot;fa fa-angle-down header-dropdown__icon&quot; aria-label=&quot;dropdown icon&quot;>&lt;/span> is not clickable at point (357, 54). Other element would receive the click: &lt;div role=&quot;dialog&quot; aria-labelledby=&quot;quickSwitchModalLabel&quot; tabindex=&quot;-1&quot; class=&quot;in modal&quot; style=&quot;display: block;&quot;>...&lt;/div>
  (Session info: chrome=90.0.4430.212)
Build info: version: '3.141.59', revision: 'e82be7d358', time: '2018-11-14T08:25:53'
System info: host: 'DESKTOP-4EMC2JH', ip: '172.16.0.2', os.name: 'Windows 10', os.arch: 'amd64', os.version: '10.0', java.version: '1.8.0_282'
Driver info: com.kms.katalon.selenium.driver.CChromeDriver
Capabilities {acceptInsecureCerts: false, browserName: chrome, browserVersion: 90.0.4430.212, chrome: {chromedriverVersion: 90.0.4430.24 (4c6d850f087da..., userDataDir: C:\Users\DELL\AppData\Local...}, goog:chromeOptions: {debuggerAddress: localhost:65202}, javascriptEnabled: true, networkConnectionEnabled: false, pageLoadStrategy: normal, platform: WINDOWS, platformName: WINDOWS, proxy: Proxy(), setWindowRect: true, strictFileInteractability: false, timeouts: {implicit: 0, pageLoad: 300000, script: 30000}, unhandledPromptBehavior: dismiss and notify, webauthn:extension:largeBlob: true, webauthn:virtualAuthenticators: true}
Session ID: dad30b051a3adffe30ce6ea2b8053049
	at org.openqa.selenium.remote.http.W3CHttpResponseCodec.createException(W3CHttpResponseCodec.java:187)
	at org.openqa.selenium.remote.http.W3CHttpResponseCodec.decode(W3CHttpResponseCodec.java:122)
	at org.openqa.selenium.remote.http.W3CHttpResponseCodec.decode(W3CHttpResponseCodec.java:49)
	at org.openqa.selenium.remote.HttpCommandExecutor.execute(HttpCommandExecutor.java:158)
	at org.openqa.selenium.remote.service.DriverCommandExecutor.execute(DriverCommandExecutor.java:83)
	at org.openqa.selenium.remote.RemoteWebDriver.execute(RemoteWebDriver.java:552)
	at com.kms.katalon.selenium.driver.CChromeDriver.execute(CChromeDriver.java:19)
	at org.openqa.selenium.remote.RemoteWebElement.execute(RemoteWebElement.java:285)
	at org.openqa.selenium.remote.RemoteWebElement.click(RemoteWebElement.java:84)
	at org.openqa.selenium.support.events.EventFiringWebDriver$EventFiringWebElement.lambda$new$0(EventFiringWebDriver.java:404)
	at com.sun.proxy.$Proxy11.click(Unknown Source)
	at org.openqa.selenium.support.events.EventFiringWebDriver$EventFiringWebElement.click(EventFiringWebDriver.java:417)
	at com.kms.katalon.core.webui.keyword.builtin.ClickKeyword$_click_closure1.doCall(ClickKeyword.groovy:68)
	at com.kms.katalon.core.webui.keyword.builtin.ClickKeyword$_click_closure1.call(ClickKeyword.groovy)
	at com.kms.katalon.core.webui.keyword.internal.WebUIKeywordMain.runKeyword(WebUIKeywordMain.groovy:20)
	... 19 more
"/>
         <system-out><![CDATA[2021-05-28 17:46:34 - [TEST_CASE][FAILED] - Test Cases/UpdateChannelName: Test Cases/UpdateChannelName FAILED.
Reason:
com.kms.katalon.core.exception.StepFailedException: Unable to click on object 'Object Repository/Page_Test 123 - Team Mattermost/span_Test 123_channelHeaderDropdownIcon'
	at com.kms.katalon.core.webui.keyword.internal.WebUIKeywordMain.stepFailed(WebUIKeywordMain.groovy:64)
	at com.kms.katalon.core.webui.keyword.internal.WebUIKeywordMain.runKeyword(WebUIKeywordMain.groovy:26)
	at com.kms.katalon.core.webui.keyword.builtin.ClickKeyword.click(ClickKeyword.groovy:75)
	at com.kms.katalon.core.webui.keyword.builtin.ClickKeyword.execute(ClickKeyword.groovy:42)
	at com.kms.katalon.core.keyword.internal.KeywordExecutor.executeKeywordForPlatform(KeywordExecutor.groovy:73)
	at com.kms.katalon.core.webui.keyword.WebUiBuiltInKeywords.click(WebUiBuiltInKeywords.groovy:619)
	at com.kms.katalon.core.webui.keyword.WebUiBuiltInKeywords$click$4.call(Unknown Source)
	at UpdateChannelName.run(UpdateChannelName:34)
	at com.kms.katalon.core.main.ScriptEngine.run(ScriptEngine.java:194)
	at com.kms.katalon.core.main.ScriptEngine.runScriptAsRawText(ScriptEngine.java:119)
	at com.kms.katalon.core.main.TestCaseExecutor.runScript(TestCaseExecutor.java:398)
	at com.kms.katalon.core.main.TestCaseExecutor.doExecute(TestCaseExecutor.java:389)
	at com.kms.katalon.core.main.TestCaseExecutor.processExecutionPhase(TestCaseExecutor.java:368)
	at com.kms.katalon.core.main.TestCaseExecutor.accessMainPhase(TestCaseExecutor.java:360)
	at com.kms.katalon.core.main.TestCaseExecutor.execute(TestCaseExecutor.java:255)
	at com.kms.katalon.core.main.TestSuiteExecutor.accessTestCaseMainPhase(TestSuiteExecutor.java:203)
	at com.kms.katalon.core.main.TestSuiteExecutor.accessTestSuiteMainPhase(TestSuiteExecutor.java:152)
	at com.kms.katalon.core.main.TestSuiteExecutor.execute(TestSuiteExecutor.java:95)
	at com.kms.katalon.core.main.TestCaseMain.startTestSuite(TestCaseMain.java:157)
	at com.kms.katalon.core.main.TestCaseMain$startTestSuite$0.call(Unknown Source)
	at TempTestSuite1622198376741.run(TempTestSuite1622198376741.groovy:39)
Caused by: org.openqa.selenium.ElementClickInterceptedException: element click intercepted: Element <span id="channelHeaderDropdownIcon" class="fa fa-angle-down header-dropdown__icon" aria-label="dropdown icon"></span> is not clickable at point (357, 54). Other element would receive the click: <div role="dialog" aria-labelledby="quickSwitchModalLabel" tabindex="-1" class="in modal" style="display: block;">...</div>
  (Session info: chrome=90.0.4430.212)
Build info: version: '3.141.59', revision: 'e82be7d358', time: '2018-11-14T08:25:53'
System info: host: 'DESKTOP-4EMC2JH', ip: '172.16.0.2', os.name: 'Windows 10', os.arch: 'amd64', os.version: '10.0', java.version: '1.8.0_282'
Driver info: com.kms.katalon.selenium.driver.CChromeDriver
Capabilities {acceptInsecureCerts: false, browserName: chrome, browserVersion: 90.0.4430.212, chrome: {chromedriverVersion: 90.0.4430.24 (4c6d850f087da..., userDataDir: C:\Users\DELL\AppData\Local...}, goog:chromeOptions: {debuggerAddress: localhost:65202}, javascriptEnabled: true, networkConnectionEnabled: false, pageLoadStrategy: normal, platform: WINDOWS, platformName: WINDOWS, proxy: Proxy(), setWindowRect: true, strictFileInteractability: false, timeouts: {implicit: 0, pageLoad: 300000, script: 30000}, unhandledPromptBehavior: dismiss and notify, webauthn:extension:largeBlob: true, webauthn:virtualAuthenticators: true}
Session ID: dad30b051a3adffe30ce6ea2b8053049
	at org.openqa.selenium.remote.http.W3CHttpResponseCodec.createException(W3CHttpResponseCodec.java:187)
	at org.openqa.selenium.remote.http.W3CHttpResponseCodec.decode(W3CHttpResponseCodec.java:122)
	at org.openqa.selenium.remote.http.W3CHttpResponseCodec.decode(W3CHttpResponseCodec.java:49)
	at org.openqa.selenium.remote.HttpCommandExecutor.execute(HttpCommandExecutor.java:158)
	at org.openqa.selenium.remote.service.DriverCommandExecutor.execute(DriverCommandExecutor.java:83)
	at org.openqa.selenium.remote.RemoteWebDriver.execute(RemoteWebDriver.java:552)
	at com.kms.katalon.selenium.driver.CChromeDriver.execute(CChromeDriver.java:19)
	at org.openqa.selenium.remote.RemoteWebElement.execute(RemoteWebElement.java:285)
	at org.openqa.selenium.remote.RemoteWebElement.click(RemoteWebElement.java:84)
	at org.openqa.selenium.support.events.EventFiringWebDriver$EventFiringWebElement.lambda$new$0(EventFiringWebDriver.java:404)
	at com.sun.proxy.$Proxy11.click(Unknown Source)
	at org.openqa.selenium.support.events.EventFiringWebDriver$EventFiringWebElement.click(EventFiringWebDriver.java:417)
	at com.kms.katalon.core.webui.keyword.builtin.ClickKeyword$_click_closure1.doCall(ClickKeyword.groovy:68)
	at com.kms.katalon.core.webui.keyword.builtin.ClickKeyword$_click_closure1.call(ClickKeyword.groovy)
	at com.kms.katalon.core.webui.keyword.internal.WebUIKeywordMain.runKeyword(WebUIKeywordMain.groovy:20)
	... 19 more


2021-05-28 17:46:35 - [TEST_STEP][PASSED] - openBrowser(""): Browser is opened with url: ''

2021-05-28 17:46:35 - [MESSAGE][INFO] - Starting 'Chrome' driver

2021-05-28 17:46:35 - [MESSAGE][INFO] - Action delay is set to 0 milliseconds

2021-05-28 17:46:36 - [MESSAGE][PASSED] - Browser is opened with url: ''

2021-05-28 17:46:36 - [TEST_STEP][PASSED] - navigateToUrl("https://cdnc-group2.herokuapp.com/"): Navigate to 'https://cdnc-group2.herokuapp.com/' successfully

2021-05-28 17:46:40 - [MESSAGE][PASSED] - Navigate to 'https://cdnc-group2.herokuapp.com/' successfully

2021-05-28 17:46:40 - [TEST_STEP][PASSED] - setText(findTestObject("Object Repository/Page_Mattermost/input_All team communication in one place, _dcc84b"), "ngoctin040999@gmail.com"): Text 'ngoctin040999@gmail.com' is set on object 'Object Repository/Page_Mattermost/input_All team communication in one place, _dcc84b'

2021-05-28 17:46:45 - [MESSAGE][PASSED] - Text 'ngoctin040999@gmail.com' is set on object 'Object Repository/Page_Mattermost/input_All team communication in one place, _dcc84b'

2021-05-28 17:46:45 - [TEST_STEP][PASSED] - setEncryptedText(findTestObject("Object Repository/Page_Mattermost/input_All team communication in one place, _a3edc6"), "S8w1SJvl7D1hts9IdMV+NQ=="): Text ****** has been set on object 'Object Repository/Page_Mattermost/input_All team communication in one place, _a3edc6'

2021-05-28 17:46:46 - [MESSAGE][PASSED] - Text ****** has been set on object 'Object Repository/Page_Mattermost/input_All team communication in one place, _a3edc6'

2021-05-28 17:46:46 - [TEST_STEP][PASSED] - sendKeys(findTestObject("Object Repository/Page_Mattermost/input_All team communication in one place, _a3edc6"), Keys.chord(ENTER)): Keys 'ENTER + ' sent to object: 'Object Repository/Page_Mattermost/input_All team communication in one place, _a3edc6'

2021-05-28 17:46:46 - [MESSAGE][PASSED] - Keys 'ENTER + ' sent to object: 'Object Repository/Page_Mattermost/input_All team communication in one place, _a3edc6'

2021-05-28 17:46:46 - [TEST_STEP][PASSED] - click(findTestObject("Object Repository/Page_Town Square - Team Mattermost/span_Test 123")): Object: 'Object Repository/Page_Town Square - Team Mattermost/span_Test 123' is clicked on

2021-05-28 17:47:17 - [MESSAGE][INFO] - Unable to find the element located by 'By.xpath: //a[@id='sidebarItem_test-123']/span[2]/span'. Please recheck the objects properties to make sure the desired element is located. 

2021-05-28 17:47:17 - [MESSAGE][WARNING] - [SELF-HEALING] Failed to find element with id 'Object Repository/Page_Town Square - Team Mattermost/span_Test 123'. Try using Self-healing.

2021-05-28 17:47:18 - [MESSAGE][WARNING] - [SELF-HEALING] The current locator of test object 'Object Repository/Page_Town Square - Team Mattermost/span_Test 123' was broken. Propose an alternative one: '(.//*[normalize-space(text()) and normalize-space(.)='+'])[2]/following::span[6]'.

2021-05-28 17:47:18 - [MESSAGE][PASSED] - Object: 'Object Repository/Page_Town Square - Team Mattermost/span_Test 123' is clicked on

2021-05-28 17:47:18 - [TEST_STEP][FAILED] - click(findTestObject("Object Repository/Page_Test 123 - Team Mattermost/span_Test 123_channelHeaderDropdownIcon")): Unable to click on object 'Object Repository/Page_Test 123 - Team Mattermost/span_Test 123_channelHeaderDropdownIcon' (Root cause: com.kms.katalon.core.exception.StepFailedException: Unable to click on object 'Object Repository/Page_Test 123 - Team Mattermost/span_Test 123_channelHeaderDropdownIcon'
	at com.kms.katalon.core.webui.keyword.internal.WebUIKeywordMain.stepFailed(WebUIKeywordMain.groovy:64)
	at com.kms.katalon.core.webui.keyword.internal.WebUIKeywordMain.runKeyword(WebUIKeywordMain.groovy:26)
	at com.kms.katalon.core.webui.keyword.builtin.ClickKeyword.click(ClickKeyword.groovy:75)
	at com.kms.katalon.core.webui.keyword.builtin.ClickKeyword.execute(ClickKeyword.groovy:42)
	at com.kms.katalon.core.keyword.internal.KeywordExecutor.executeKeywordForPlatform(KeywordExecutor.groovy:73)
	at com.kms.katalon.core.webui.keyword.WebUiBuiltInKeywords.click(WebUiBuiltInKeywords.groovy:619)
	at com.kms.katalon.core.webui.keyword.WebUiBuiltInKeywords$click$4.call(Unknown Source)
	at UpdateChannelName.run(UpdateChannelName:34)
	at com.kms.katalon.core.main.ScriptEngine.run(ScriptEngine.java:194)
	at com.kms.katalon.core.main.ScriptEngine.runScriptAsRawText(ScriptEngine.java:119)
	at com.kms.katalon.core.main.TestCaseExecutor.runScript(TestCaseExecutor.java:398)
	at com.kms.katalon.core.main.TestCaseExecutor.doExecute(TestCaseExecutor.java:389)
	at com.kms.katalon.core.main.TestCaseExecutor.processExecutionPhase(TestCaseExecutor.java:368)
	at com.kms.katalon.core.main.TestCaseExecutor.accessMainPhase(TestCaseExecutor.java:360)
	at com.kms.katalon.core.main.TestCaseExecutor.execute(TestCaseExecutor.java:255)
	at com.kms.katalon.core.main.TestSuiteExecutor.accessTestCaseMainPhase(TestSuiteExecutor.java:203)
	at com.kms.katalon.core.main.TestSuiteExecutor.accessTestSuiteMainPhase(TestSuiteExecutor.java:152)
	at com.kms.katalon.core.main.TestSuiteExecutor.execute(TestSuiteExecutor.java:95)
	at com.kms.katalon.core.main.TestCaseMain.startTestSuite(TestCaseMain.java:157)
	at com.kms.katalon.core.main.TestCaseMain$startTestSuite$0.call(Unknown Source)
	at TempTestSuite1622198376741.run(TempTestSuite1622198376741.groovy:39)
Caused by: org.openqa.selenium.ElementClickInterceptedException: element click intercepted: Element <span id="channelHeaderDropdownIcon" class="fa fa-angle-down header-dropdown__icon" aria-label="dropdown icon"></span> is not clickable at point (357, 54). Other element would receive the click: <div role="dialog" aria-labelledby="quickSwitchModalLabel" tabindex="-1" class="in modal" style="display: block;">...</div>
  (Session info: chrome=90.0.4430.212)
Build info: version: '3.141.59', revision: 'e82be7d358', time: '2018-11-14T08:25:53'
System info: host: 'DESKTOP-4EMC2JH', ip: '172.16.0.2', os.name: 'Windows 10', os.arch: 'amd64', os.version: '10.0', java.version: '1.8.0_282'
Driver info: com.kms.katalon.selenium.driver.CChromeDriver
Capabilities {acceptInsecureCerts: false, browserName: chrome, browserVersion: 90.0.4430.212, chrome: {chromedriverVersion: 90.0.4430.24 (4c6d850f087da..., userDataDir: C:\Users\DELL\AppData\Local...}, goog:chromeOptions: {debuggerAddress: localhost:65202}, javascriptEnabled: true, networkConnectionEnabled: false, pageLoadStrategy: normal, platform: WINDOWS, platformName: WINDOWS, proxy: Proxy(), setWindowRect: true, strictFileInteractability: false, timeouts: {implicit: 0, pageLoad: 300000, script: 30000}, unhandledPromptBehavior: dismiss and notify, webauthn:extension:largeBlob: true, webauthn:virtualAuthenticators: true}
Session ID: dad30b051a3adffe30ce6ea2b8053049
	at org.openqa.selenium.remote.http.W3CHttpResponseCodec.createException(W3CHttpResponseCodec.java:187)
	at org.openqa.selenium.remote.http.W3CHttpResponseCodec.decode(W3CHttpResponseCodec.java:122)
	at org.openqa.selenium.remote.http.W3CHttpResponseCodec.decode(W3CHttpResponseCodec.java:49)
	at org.openqa.selenium.remote.HttpCommandExecutor.execute(HttpCommandExecutor.java:158)
	at org.openqa.selenium.remote.service.DriverCommandExecutor.execute(DriverCommandExecutor.java:83)
	at org.openqa.selenium.remote.RemoteWebDriver.execute(RemoteWebDriver.java:552)
	at com.kms.katalon.selenium.driver.CChromeDriver.execute(CChromeDriver.java:19)
	at org.openqa.selenium.remote.RemoteWebElement.execute(RemoteWebElement.java:285)
	at org.openqa.selenium.remote.RemoteWebElement.click(RemoteWebElement.java:84)
	at org.openqa.selenium.support.events.EventFiringWebDriver$EventFiringWebElement.lambda$new$0(EventFiringWebDriver.java:404)
	at com.sun.proxy.$Proxy11.click(Unknown Source)
	at org.openqa.selenium.support.events.EventFiringWebDriver$EventFiringWebElement.click(EventFiringWebDriver.java:417)
	at com.kms.katalon.core.webui.keyword.builtin.ClickKeyword$_click_closure1.doCall(ClickKeyword.groovy:68)
	at com.kms.katalon.core.webui.keyword.builtin.ClickKeyword$_click_closure1.call(ClickKeyword.groovy)
	at com.kms.katalon.core.webui.keyword.internal.WebUIKeywordMain.runKeyword(WebUIKeywordMain.groovy:20)
	at com.kms.katalon.core.webui.keyword.builtin.ClickKeyword.click(ClickKeyword.groovy:75)
	at com.kms.katalon.core.webui.keyword.builtin.ClickKeyword.execute(ClickKeyword.groovy:42)
	at com.kms.katalon.core.keyword.internal.KeywordExecutor.executeKeywordForPlatform(KeywordExecutor.groovy:73)
	at com.kms.katalon.core.webui.keyword.WebUiBuiltInKeywords.click(WebUiBuiltInKeywords.groovy:619)
	at com.kms.katalon.core.webui.keyword.WebUiBuiltInKeywords$click$4.call(Unknown Source)
	at Script1621479955982.run(Script1621479955982.groovy:34)
	... 13 more
)

2021-05-28 17:47:20 - [MESSAGE][FAILED] - Unable to click on object 'Object Repository/Page_Test 123 - Team Mattermost/span_Test 123_channelHeaderDropdownIcon' (Root cause: com.kms.katalon.core.exception.StepFailedException: Unable to click on object 'Object Repository/Page_Test 123 - Team Mattermost/span_Test 123_channelHeaderDropdownIcon'
	at com.kms.katalon.core.webui.keyword.internal.WebUIKeywordMain.stepFailed(WebUIKeywordMain.groovy:64)
	at com.kms.katalon.core.webui.keyword.internal.WebUIKeywordMain.runKeyword(WebUIKeywordMain.groovy:26)
	at com.kms.katalon.core.webui.keyword.builtin.ClickKeyword.click(ClickKeyword.groovy:75)
	at com.kms.katalon.core.webui.keyword.builtin.ClickKeyword.execute(ClickKeyword.groovy:42)
	at com.kms.katalon.core.keyword.internal.KeywordExecutor.executeKeywordForPlatform(KeywordExecutor.groovy:73)
	at com.kms.katalon.core.webui.keyword.WebUiBuiltInKeywords.click(WebUiBuiltInKeywords.groovy:619)
	at com.kms.katalon.core.webui.keyword.WebUiBuiltInKeywords$click$4.call(Unknown Source)
	at UpdateChannelName.run(UpdateChannelName:34)
	at com.kms.katalon.core.main.ScriptEngine.run(ScriptEngine.java:194)
	at com.kms.katalon.core.main.ScriptEngine.runScriptAsRawText(ScriptEngine.java:119)
	at com.kms.katalon.core.main.TestCaseExecutor.runScript(TestCaseExecutor.java:398)
	at com.kms.katalon.core.main.TestCaseExecutor.doExecute(TestCaseExecutor.java:389)
	at com.kms.katalon.core.main.TestCaseExecutor.processExecutionPhase(TestCaseExecutor.java:368)
	at com.kms.katalon.core.main.TestCaseExecutor.accessMainPhase(TestCaseExecutor.java:360)
	at com.kms.katalon.core.main.TestCaseExecutor.execute(TestCaseExecutor.java:255)
	at com.kms.katalon.core.main.TestSuiteExecutor.accessTestCaseMainPhase(TestSuiteExecutor.java:203)
	at com.kms.katalon.core.main.TestSuiteExecutor.accessTestSuiteMainPhase(TestSuiteExecutor.java:152)
	at com.kms.katalon.core.main.TestSuiteExecutor.execute(TestSuiteExecutor.java:95)
	at com.kms.katalon.core.main.TestCaseMain.startTestSuite(TestCaseMain.java:157)
	at com.kms.katalon.core.main.TestCaseMain$startTestSuite$0.call(Unknown Source)
	at TempTestSuite1622198376741.run(TempTestSuite1622198376741.groovy:39)
Caused by: org.openqa.selenium.ElementClickInterceptedException: element click intercepted: Element <span id="channelHeaderDropdownIcon" class="fa fa-angle-down header-dropdown__icon" aria-label="dropdown icon"></span> is not clickable at point (357, 54). Other element would receive the click: <div role="dialog" aria-labelledby="quickSwitchModalLabel" tabindex="-1" class="in modal" style="display: block;">...</div>
  (Session info: chrome=90.0.4430.212)
Build info: version: '3.141.59', revision: 'e82be7d358', time: '2018-11-14T08:25:53'
System info: host: 'DESKTOP-4EMC2JH', ip: '172.16.0.2', os.name: 'Windows 10', os.arch: 'amd64', os.version: '10.0', java.version: '1.8.0_282'
Driver info: com.kms.katalon.selenium.driver.CChromeDriver
Capabilities {acceptInsecureCerts: false, browserName: chrome, browserVersion: 90.0.4430.212, chrome: {chromedriverVersion: 90.0.4430.24 (4c6d850f087da..., userDataDir: C:\Users\DELL\AppData\Local...}, goog:chromeOptions: {debuggerAddress: localhost:65202}, javascriptEnabled: true, networkConnectionEnabled: false, pageLoadStrategy: normal, platform: WINDOWS, platformName: WINDOWS, proxy: Proxy(), setWindowRect: true, strictFileInteractability: false, timeouts: {implicit: 0, pageLoad: 300000, script: 30000}, unhandledPromptBehavior: dismiss and notify, webauthn:extension:largeBlob: true, webauthn:virtualAuthenticators: true}
Session ID: dad30b051a3adffe30ce6ea2b8053049
	at org.openqa.selenium.remote.http.W3CHttpResponseCodec.createException(W3CHttpResponseCodec.java:187)
	at org.openqa.selenium.remote.http.W3CHttpResponseCodec.decode(W3CHttpResponseCodec.java:122)
	at org.openqa.selenium.remote.http.W3CHttpResponseCodec.decode(W3CHttpResponseCodec.java:49)
	at org.openqa.selenium.remote.HttpCommandExecutor.execute(HttpCommandExecutor.java:158)
	at org.openqa.selenium.remote.service.DriverCommandExecutor.execute(DriverCommandExecutor.java:83)
	at org.openqa.selenium.remote.RemoteWebDriver.execute(RemoteWebDriver.java:552)
	at com.kms.katalon.selenium.driver.CChromeDriver.execute(CChromeDriver.java:19)
	at org.openqa.selenium.remote.RemoteWebElement.execute(RemoteWebElement.java:285)
	at org.openqa.selenium.remote.RemoteWebElement.click(RemoteWebElement.java:84)
	at org.openqa.selenium.support.events.EventFiringWebDriver$EventFiringWebElement.lambda$new$0(EventFiringWebDriver.java:404)
	at com.sun.proxy.$Proxy11.click(Unknown Source)
	at org.openqa.selenium.support.events.EventFiringWebDriver$EventFiringWebElement.click(EventFiringWebDriver.java:417)
	at com.kms.katalon.core.webui.keyword.builtin.ClickKeyword$_click_closure1.doCall(ClickKeyword.groovy:68)
	at com.kms.katalon.core.webui.keyword.builtin.ClickKeyword$_click_closure1.call(ClickKeyword.groovy)
	at com.kms.katalon.core.webui.keyword.internal.WebUIKeywordMain.runKeyword(WebUIKeywordMain.groovy:20)
	at com.kms.katalon.core.webui.keyword.builtin.ClickKeyword.click(ClickKeyword.groovy:75)
	at com.kms.katalon.core.webui.keyword.builtin.ClickKeyword.execute(ClickKeyword.groovy:42)
	at com.kms.katalon.core.keyword.internal.KeywordExecutor.executeKeywordForPlatform(KeywordExecutor.groovy:73)
	at com.kms.katalon.core.webui.keyword.WebUiBuiltInKeywords.click(WebUiBuiltInKeywords.groovy:619)
	at com.kms.katalon.core.webui.keyword.WebUiBuiltInKeywords$click$4.call(Unknown Source)
	at Script1621479955982.run(Script1621479955982.groovy:34)
	... 13 more
)
[[ATTACHMENT|G:\\HCMUS\\Nam4\\HK2\\Deadline\\2\\katalon\\Reports\\20210528_173936\\Run Interation 2\\20210528_173936\\1622198840168.png]]]]></system-out>
         <system-err><![CDATA[2021-05-28 17:46:34 - [TEST_CASE][FAILED] - Test Cases/UpdateChannelName: Test Cases/UpdateChannelName FAILED.
Reason:
com.kms.katalon.core.exception.StepFailedException: Unable to click on object 'Object Repository/Page_Test 123 - Team Mattermost/span_Test 123_channelHeaderDropdownIcon'
	at com.kms.katalon.core.webui.keyword.internal.WebUIKeywordMain.stepFailed(WebUIKeywordMain.groovy:64)
	at com.kms.katalon.core.webui.keyword.internal.WebUIKeywordMain.runKeyword(WebUIKeywordMain.groovy:26)
	at com.kms.katalon.core.webui.keyword.builtin.ClickKeyword.click(ClickKeyword.groovy:75)
	at com.kms.katalon.core.webui.keyword.builtin.ClickKeyword.execute(ClickKeyword.groovy:42)
	at com.kms.katalon.core.keyword.internal.KeywordExecutor.executeKeywordForPlatform(KeywordExecutor.groovy:73)
	at com.kms.katalon.core.webui.keyword.WebUiBuiltInKeywords.click(WebUiBuiltInKeywords.groovy:619)
	at com.kms.katalon.core.webui.keyword.WebUiBuiltInKeywords$click$4.call(Unknown Source)
	at UpdateChannelName.run(UpdateChannelName:34)
	at com.kms.katalon.core.main.ScriptEngine.run(ScriptEngine.java:194)
	at com.kms.katalon.core.main.ScriptEngine.runScriptAsRawText(ScriptEngine.java:119)
	at com.kms.katalon.core.main.TestCaseExecutor.runScript(TestCaseExecutor.java:398)
	at com.kms.katalon.core.main.TestCaseExecutor.doExecute(TestCaseExecutor.java:389)
	at com.kms.katalon.core.main.TestCaseExecutor.processExecutionPhase(TestCaseExecutor.java:368)
	at com.kms.katalon.core.main.TestCaseExecutor.accessMainPhase(TestCaseExecutor.java:360)
	at com.kms.katalon.core.main.TestCaseExecutor.execute(TestCaseExecutor.java:255)
	at com.kms.katalon.core.main.TestSuiteExecutor.accessTestCaseMainPhase(TestSuiteExecutor.java:203)
	at com.kms.katalon.core.main.TestSuiteExecutor.accessTestSuiteMainPhase(TestSuiteExecutor.java:152)
	at com.kms.katalon.core.main.TestSuiteExecutor.execute(TestSuiteExecutor.java:95)
	at com.kms.katalon.core.main.TestCaseMain.startTestSuite(TestCaseMain.java:157)
	at com.kms.katalon.core.main.TestCaseMain$startTestSuite$0.call(Unknown Source)
	at TempTestSuite1622198376741.run(TempTestSuite1622198376741.groovy:39)
Caused by: org.openqa.selenium.ElementClickInterceptedException: element click intercepted: Element <span id="channelHeaderDropdownIcon" class="fa fa-angle-down header-dropdown__icon" aria-label="dropdown icon"></span> is not clickable at point (357, 54). Other element would receive the click: <div role="dialog" aria-labelledby="quickSwitchModalLabel" tabindex="-1" class="in modal" style="display: block;">...</div>
  (Session info: chrome=90.0.4430.212)
Build info: version: '3.141.59', revision: 'e82be7d358', time: '2018-11-14T08:25:53'
System info: host: 'DESKTOP-4EMC2JH', ip: '172.16.0.2', os.name: 'Windows 10', os.arch: 'amd64', os.version: '10.0', java.version: '1.8.0_282'
Driver info: com.kms.katalon.selenium.driver.CChromeDriver
Capabilities {acceptInsecureCerts: false, browserName: chrome, browserVersion: 90.0.4430.212, chrome: {chromedriverVersion: 90.0.4430.24 (4c6d850f087da..., userDataDir: C:\Users\DELL\AppData\Local...}, goog:chromeOptions: {debuggerAddress: localhost:65202}, javascriptEnabled: true, networkConnectionEnabled: false, pageLoadStrategy: normal, platform: WINDOWS, platformName: WINDOWS, proxy: Proxy(), setWindowRect: true, strictFileInteractability: false, timeouts: {implicit: 0, pageLoad: 300000, script: 30000}, unhandledPromptBehavior: dismiss and notify, webauthn:extension:largeBlob: true, webauthn:virtualAuthenticators: true}
Session ID: dad30b051a3adffe30ce6ea2b8053049
	at org.openqa.selenium.remote.http.W3CHttpResponseCodec.createException(W3CHttpResponseCodec.java:187)
	at org.openqa.selenium.remote.http.W3CHttpResponseCodec.decode(W3CHttpResponseCodec.java:122)
	at org.openqa.selenium.remote.http.W3CHttpResponseCodec.decode(W3CHttpResponseCodec.java:49)
	at org.openqa.selenium.remote.HttpCommandExecutor.execute(HttpCommandExecutor.java:158)
	at org.openqa.selenium.remote.service.DriverCommandExecutor.execute(DriverCommandExecutor.java:83)
	at org.openqa.selenium.remote.RemoteWebDriver.execute(RemoteWebDriver.java:552)
	at com.kms.katalon.selenium.driver.CChromeDriver.execute(CChromeDriver.java:19)
	at org.openqa.selenium.remote.RemoteWebElement.execute(RemoteWebElement.java:285)
	at org.openqa.selenium.remote.RemoteWebElement.click(RemoteWebElement.java:84)
	at org.openqa.selenium.support.events.EventFiringWebDriver$EventFiringWebElement.lambda$new$0(EventFiringWebDriver.java:404)
	at com.sun.proxy.$Proxy11.click(Unknown Source)
	at org.openqa.selenium.support.events.EventFiringWebDriver$EventFiringWebElement.click(EventFiringWebDriver.java:417)
	at com.kms.katalon.core.webui.keyword.builtin.ClickKeyword$_click_closure1.doCall(ClickKeyword.groovy:68)
	at com.kms.katalon.core.webui.keyword.builtin.ClickKeyword$_click_closure1.call(ClickKeyword.groovy)
	at com.kms.katalon.core.webui.keyword.internal.WebUIKeywordMain.runKeyword(WebUIKeywordMain.groovy:20)
	... 19 more]]></system-err>
      </testcase>
      <testcase name="Test Cases/UpdateDescriptionChannel" time="47.29" classname="Test Cases/UpdateDescriptionChannel" status="FAILED">
         <failure type="FAILED" message="Test Cases/UpdateDescriptionChannel FAILED.
Reason:
com.kms.katalon.core.exception.StepFailedException: Unable to click on object 'Object Repository/Page_Test 123 - Team Mattermost/span_Test 123_channelHeaderDropdownIcon'
	at com.kms.katalon.core.webui.keyword.internal.WebUIKeywordMain.stepFailed(WebUIKeywordMain.groovy:64)
	at com.kms.katalon.core.webui.keyword.internal.WebUIKeywordMain.runKeyword(WebUIKeywordMain.groovy:26)
	at com.kms.katalon.core.webui.keyword.builtin.ClickKeyword.click(ClickKeyword.groovy:75)
	at com.kms.katalon.core.webui.keyword.builtin.ClickKeyword.execute(ClickKeyword.groovy:42)
	at com.kms.katalon.core.keyword.internal.KeywordExecutor.executeKeywordForPlatform(KeywordExecutor.groovy:73)
	at com.kms.katalon.core.webui.keyword.WebUiBuiltInKeywords.click(WebUiBuiltInKeywords.groovy:619)
	at com.kms.katalon.core.webui.keyword.WebUiBuiltInKeywords$click$4.call(Unknown Source)
	at UpdateDescriptionChannel.run(UpdateDescriptionChannel:34)
	at com.kms.katalon.core.main.ScriptEngine.run(ScriptEngine.java:194)
	at com.kms.katalon.core.main.ScriptEngine.runScriptAsRawText(ScriptEngine.java:119)
	at com.kms.katalon.core.main.TestCaseExecutor.runScript(TestCaseExecutor.java:398)
	at com.kms.katalon.core.main.TestCaseExecutor.doExecute(TestCaseExecutor.java:389)
	at com.kms.katalon.core.main.TestCaseExecutor.processExecutionPhase(TestCaseExecutor.java:368)
	at com.kms.katalon.core.main.TestCaseExecutor.accessMainPhase(TestCaseExecutor.java:360)
	at com.kms.katalon.core.main.TestCaseExecutor.execute(TestCaseExecutor.java:255)
	at com.kms.katalon.core.main.TestSuiteExecutor.accessTestCaseMainPhase(TestSuiteExecutor.java:203)
	at com.kms.katalon.core.main.TestSuiteExecutor.accessTestSuiteMainPhase(TestSuiteExecutor.java:152)
	at com.kms.katalon.core.main.TestSuiteExecutor.execute(TestSuiteExecutor.java:95)
	at com.kms.katalon.core.main.TestCaseMain.startTestSuite(TestCaseMain.java:157)
	at com.kms.katalon.core.main.TestCaseMain$startTestSuite$0.call(Unknown Source)
	at TempTestSuite1622198376741.run(TempTestSuite1622198376741.groovy:39)
Caused by: org.openqa.selenium.ElementClickInterceptedException: element click intercepted: Element &lt;span id=&quot;channelHeaderDropdownIcon&quot; class=&quot;fa fa-angle-down header-dropdown__icon&quot; aria-label=&quot;dropdown icon&quot;>&lt;/span> is not clickable at point (357, 54). Other element would receive the click: &lt;div role=&quot;dialog&quot; aria-labelledby=&quot;quickSwitchModalLabel&quot; tabindex=&quot;-1&quot; class=&quot;in modal&quot; style=&quot;display: block;&quot;>...&lt;/div>
  (Session info: chrome=90.0.4430.212)
Build info: version: '3.141.59', revision: 'e82be7d358', time: '2018-11-14T08:25:53'
System info: host: 'DESKTOP-4EMC2JH', ip: '172.16.0.2', os.name: 'Windows 10', os.arch: 'amd64', os.version: '10.0', java.version: '1.8.0_282'
Driver info: com.kms.katalon.selenium.driver.CChromeDriver
Capabilities {acceptInsecureCerts: false, browserName: chrome, browserVersion: 90.0.4430.212, chrome: {chromedriverVersion: 90.0.4430.24 (4c6d850f087da..., userDataDir: C:\Users\DELL\AppData\Local...}, goog:chromeOptions: {debuggerAddress: localhost:65238}, javascriptEnabled: true, networkConnectionEnabled: false, pageLoadStrategy: normal, platform: WINDOWS, platformName: WINDOWS, proxy: Proxy(), setWindowRect: true, strictFileInteractability: false, timeouts: {implicit: 0, pageLoad: 300000, script: 30000}, unhandledPromptBehavior: dismiss and notify, webauthn:extension:largeBlob: true, webauthn:virtualAuthenticators: true}
Session ID: e2ee48c3c010566385bb4073c4873917
	at org.openqa.selenium.remote.http.W3CHttpResponseCodec.createException(W3CHttpResponseCodec.java:187)
	at org.openqa.selenium.remote.http.W3CHttpResponseCodec.decode(W3CHttpResponseCodec.java:122)
	at org.openqa.selenium.remote.http.W3CHttpResponseCodec.decode(W3CHttpResponseCodec.java:49)
	at org.openqa.selenium.remote.HttpCommandExecutor.execute(HttpCommandExecutor.java:158)
	at org.openqa.selenium.remote.service.DriverCommandExecutor.execute(DriverCommandExecutor.java:83)
	at org.openqa.selenium.remote.RemoteWebDriver.execute(RemoteWebDriver.java:552)
	at com.kms.katalon.selenium.driver.CChromeDriver.execute(CChromeDriver.java:19)
	at org.openqa.selenium.remote.RemoteWebElement.execute(RemoteWebElement.java:285)
	at org.openqa.selenium.remote.RemoteWebElement.click(RemoteWebElement.java:84)
	at org.openqa.selenium.support.events.EventFiringWebDriver$EventFiringWebElement.lambda$new$0(EventFiringWebDriver.java:404)
	at com.sun.proxy.$Proxy11.click(Unknown Source)
	at org.openqa.selenium.support.events.EventFiringWebDriver$EventFiringWebElement.click(EventFiringWebDriver.java:417)
	at com.kms.katalon.core.webui.keyword.builtin.ClickKeyword$_click_closure1.doCall(ClickKeyword.groovy:68)
	at com.kms.katalon.core.webui.keyword.builtin.ClickKeyword$_click_closure1.call(ClickKeyword.groovy)
	at com.kms.katalon.core.webui.keyword.internal.WebUIKeywordMain.runKeyword(WebUIKeywordMain.groovy:20)
	... 19 more
"/>
         <system-out><![CDATA[2021-05-28 17:47:20 - [TEST_CASE][FAILED] - Test Cases/UpdateDescriptionChannel: Test Cases/UpdateDescriptionChannel FAILED.
Reason:
com.kms.katalon.core.exception.StepFailedException: Unable to click on object 'Object Repository/Page_Test 123 - Team Mattermost/span_Test 123_channelHeaderDropdownIcon'
	at com.kms.katalon.core.webui.keyword.internal.WebUIKeywordMain.stepFailed(WebUIKeywordMain.groovy:64)
	at com.kms.katalon.core.webui.keyword.internal.WebUIKeywordMain.runKeyword(WebUIKeywordMain.groovy:26)
	at com.kms.katalon.core.webui.keyword.builtin.ClickKeyword.click(ClickKeyword.groovy:75)
	at com.kms.katalon.core.webui.keyword.builtin.ClickKeyword.execute(ClickKeyword.groovy:42)
	at com.kms.katalon.core.keyword.internal.KeywordExecutor.executeKeywordForPlatform(KeywordExecutor.groovy:73)
	at com.kms.katalon.core.webui.keyword.WebUiBuiltInKeywords.click(WebUiBuiltInKeywords.groovy:619)
	at com.kms.katalon.core.webui.keyword.WebUiBuiltInKeywords$click$4.call(Unknown Source)
	at UpdateDescriptionChannel.run(UpdateDescriptionChannel:34)
	at com.kms.katalon.core.main.ScriptEngine.run(ScriptEngine.java:194)
	at com.kms.katalon.core.main.ScriptEngine.runScriptAsRawText(ScriptEngine.java:119)
	at com.kms.katalon.core.main.TestCaseExecutor.runScript(TestCaseExecutor.java:398)
	at com.kms.katalon.core.main.TestCaseExecutor.doExecute(TestCaseExecutor.java:389)
	at com.kms.katalon.core.main.TestCaseExecutor.processExecutionPhase(TestCaseExecutor.java:368)
	at com.kms.katalon.core.main.TestCaseExecutor.accessMainPhase(TestCaseExecutor.java:360)
	at com.kms.katalon.core.main.TestCaseExecutor.execute(TestCaseExecutor.java:255)
	at com.kms.katalon.core.main.TestSuiteExecutor.accessTestCaseMainPhase(TestSuiteExecutor.java:203)
	at com.kms.katalon.core.main.TestSuiteExecutor.accessTestSuiteMainPhase(TestSuiteExecutor.java:152)
	at com.kms.katalon.core.main.TestSuiteExecutor.execute(TestSuiteExecutor.java:95)
	at com.kms.katalon.core.main.TestCaseMain.startTestSuite(TestCaseMain.java:157)
	at com.kms.katalon.core.main.TestCaseMain$startTestSuite$0.call(Unknown Source)
	at TempTestSuite1622198376741.run(TempTestSuite1622198376741.groovy:39)
Caused by: org.openqa.selenium.ElementClickInterceptedException: element click intercepted: Element <span id="channelHeaderDropdownIcon" class="fa fa-angle-down header-dropdown__icon" aria-label="dropdown icon"></span> is not clickable at point (357, 54). Other element would receive the click: <div role="dialog" aria-labelledby="quickSwitchModalLabel" tabindex="-1" class="in modal" style="display: block;">...</div>
  (Session info: chrome=90.0.4430.212)
Build info: version: '3.141.59', revision: 'e82be7d358', time: '2018-11-14T08:25:53'
System info: host: 'DESKTOP-4EMC2JH', ip: '172.16.0.2', os.name: 'Windows 10', os.arch: 'amd64', os.version: '10.0', java.version: '1.8.0_282'
Driver info: com.kms.katalon.selenium.driver.CChromeDriver
Capabilities {acceptInsecureCerts: false, browserName: chrome, browserVersion: 90.0.4430.212, chrome: {chromedriverVersion: 90.0.4430.24 (4c6d850f087da..., userDataDir: C:\Users\DELL\AppData\Local...}, goog:chromeOptions: {debuggerAddress: localhost:65238}, javascriptEnabled: true, networkConnectionEnabled: false, pageLoadStrategy: normal, platform: WINDOWS, platformName: WINDOWS, proxy: Proxy(), setWindowRect: true, strictFileInteractability: false, timeouts: {implicit: 0, pageLoad: 300000, script: 30000}, unhandledPromptBehavior: dismiss and notify, webauthn:extension:largeBlob: true, webauthn:virtualAuthenticators: true}
Session ID: e2ee48c3c010566385bb4073c4873917
	at org.openqa.selenium.remote.http.W3CHttpResponseCodec.createException(W3CHttpResponseCodec.java:187)
	at org.openqa.selenium.remote.http.W3CHttpResponseCodec.decode(W3CHttpResponseCodec.java:122)
	at org.openqa.selenium.remote.http.W3CHttpResponseCodec.decode(W3CHttpResponseCodec.java:49)
	at org.openqa.selenium.remote.HttpCommandExecutor.execute(HttpCommandExecutor.java:158)
	at org.openqa.selenium.remote.service.DriverCommandExecutor.execute(DriverCommandExecutor.java:83)
	at org.openqa.selenium.remote.RemoteWebDriver.execute(RemoteWebDriver.java:552)
	at com.kms.katalon.selenium.driver.CChromeDriver.execute(CChromeDriver.java:19)
	at org.openqa.selenium.remote.RemoteWebElement.execute(RemoteWebElement.java:285)
	at org.openqa.selenium.remote.RemoteWebElement.click(RemoteWebElement.java:84)
	at org.openqa.selenium.support.events.EventFiringWebDriver$EventFiringWebElement.lambda$new$0(EventFiringWebDriver.java:404)
	at com.sun.proxy.$Proxy11.click(Unknown Source)
	at org.openqa.selenium.support.events.EventFiringWebDriver$EventFiringWebElement.click(EventFiringWebDriver.java:417)
	at com.kms.katalon.core.webui.keyword.builtin.ClickKeyword$_click_closure1.doCall(ClickKeyword.groovy:68)
	at com.kms.katalon.core.webui.keyword.builtin.ClickKeyword$_click_closure1.call(ClickKeyword.groovy)
	at com.kms.katalon.core.webui.keyword.internal.WebUIKeywordMain.runKeyword(WebUIKeywordMain.groovy:20)
	... 19 more


2021-05-28 17:47:20 - [TEST_STEP][PASSED] - openBrowser(""): Browser is opened with url: ''

2021-05-28 17:47:20 - [MESSAGE][WARNING] - A browser is already opened. Closing browser and opening a new one

2021-05-28 17:47:21 - [MESSAGE][INFO] - Starting 'Chrome' driver

2021-05-28 17:47:21 - [MESSAGE][INFO] - Action delay is set to 0 milliseconds

2021-05-28 17:47:23 - [MESSAGE][PASSED] - Browser is opened with url: ''

2021-05-28 17:47:23 - [TEST_STEP][PASSED] - navigateToUrl("https://cdnc-group2.herokuapp.com/"): Navigate to 'https://cdnc-group2.herokuapp.com/' successfully

2021-05-28 17:47:27 - [MESSAGE][PASSED] - Navigate to 'https://cdnc-group2.herokuapp.com/' successfully

2021-05-28 17:47:27 - [TEST_STEP][PASSED] - setText(findTestObject("Object Repository/Page_Mattermost/input_All team communication in one place, _dcc84b"), "ngoctin040999@gmail.com"): Text 'ngoctin040999@gmail.com' is set on object 'Object Repository/Page_Mattermost/input_All team communication in one place, _dcc84b'

2021-05-28 17:47:33 - [MESSAGE][PASSED] - Text 'ngoctin040999@gmail.com' is set on object 'Object Repository/Page_Mattermost/input_All team communication in one place, _dcc84b'

2021-05-28 17:47:33 - [TEST_STEP][PASSED] - setEncryptedText(findTestObject("Object Repository/Page_Mattermost/input_All team communication in one place, _a3edc6"), "S8w1SJvl7D1hts9IdMV+NQ=="): Text ****** has been set on object 'Object Repository/Page_Mattermost/input_All team communication in one place, _a3edc6'

2021-05-28 17:47:33 - [MESSAGE][PASSED] - Text ****** has been set on object 'Object Repository/Page_Mattermost/input_All team communication in one place, _a3edc6'

2021-05-28 17:47:33 - [TEST_STEP][PASSED] - sendKeys(findTestObject("Object Repository/Page_Mattermost/input_All team communication in one place, _a3edc6"), Keys.chord(ENTER)): Keys 'ENTER + ' sent to object: 'Object Repository/Page_Mattermost/input_All team communication in one place, _a3edc6'

2021-05-28 17:47:34 - [MESSAGE][PASSED] - Keys 'ENTER + ' sent to object: 'Object Repository/Page_Mattermost/input_All team communication in one place, _a3edc6'

2021-05-28 17:47:34 - [TEST_STEP][PASSED] - click(findTestObject("Object Repository/Page_Town Square - Team Mattermost/span_Test 123")): Object: 'Object Repository/Page_Town Square - Team Mattermost/span_Test 123' is clicked on

2021-05-28 17:48:05 - [MESSAGE][INFO] - Unable to find the element located by 'By.xpath: //a[@id='sidebarItem_test-123']/span[2]/span'. Please recheck the objects properties to make sure the desired element is located. 

2021-05-28 17:48:05 - [MESSAGE][WARNING] - [SELF-HEALING] Failed to find element with id 'Object Repository/Page_Town Square - Team Mattermost/span_Test 123'. Try using Self-healing.

2021-05-28 17:48:05 - [MESSAGE][WARNING] - [SELF-HEALING] The current locator of test object 'Object Repository/Page_Town Square - Team Mattermost/span_Test 123' was broken. Propose an alternative one: '(.//*[normalize-space(text()) and normalize-space(.)='+'])[2]/following::span[6]'.

2021-05-28 17:48:05 - [MESSAGE][PASSED] - Object: 'Object Repository/Page_Town Square - Team Mattermost/span_Test 123' is clicked on

2021-05-28 17:48:05 - [TEST_STEP][FAILED] - click(findTestObject("Object Repository/Page_Test 123 - Team Mattermost/span_Test 123_channelHeaderDropdownIcon")): Unable to click on object 'Object Repository/Page_Test 123 - Team Mattermost/span_Test 123_channelHeaderDropdownIcon' (Root cause: com.kms.katalon.core.exception.StepFailedException: Unable to click on object 'Object Repository/Page_Test 123 - Team Mattermost/span_Test 123_channelHeaderDropdownIcon'
	at com.kms.katalon.core.webui.keyword.internal.WebUIKeywordMain.stepFailed(WebUIKeywordMain.groovy:64)
	at com.kms.katalon.core.webui.keyword.internal.WebUIKeywordMain.runKeyword(WebUIKeywordMain.groovy:26)
	at com.kms.katalon.core.webui.keyword.builtin.ClickKeyword.click(ClickKeyword.groovy:75)
	at com.kms.katalon.core.webui.keyword.builtin.ClickKeyword.execute(ClickKeyword.groovy:42)
	at com.kms.katalon.core.keyword.internal.KeywordExecutor.executeKeywordForPlatform(KeywordExecutor.groovy:73)
	at com.kms.katalon.core.webui.keyword.WebUiBuiltInKeywords.click(WebUiBuiltInKeywords.groovy:619)
	at com.kms.katalon.core.webui.keyword.WebUiBuiltInKeywords$click$4.call(Unknown Source)
	at UpdateDescriptionChannel.run(UpdateDescriptionChannel:34)
	at com.kms.katalon.core.main.ScriptEngine.run(ScriptEngine.java:194)
	at com.kms.katalon.core.main.ScriptEngine.runScriptAsRawText(ScriptEngine.java:119)
	at com.kms.katalon.core.main.TestCaseExecutor.runScript(TestCaseExecutor.java:398)
	at com.kms.katalon.core.main.TestCaseExecutor.doExecute(TestCaseExecutor.java:389)
	at com.kms.katalon.core.main.TestCaseExecutor.processExecutionPhase(TestCaseExecutor.java:368)
	at com.kms.katalon.core.main.TestCaseExecutor.accessMainPhase(TestCaseExecutor.java:360)
	at com.kms.katalon.core.main.TestCaseExecutor.execute(TestCaseExecutor.java:255)
	at com.kms.katalon.core.main.TestSuiteExecutor.accessTestCaseMainPhase(TestSuiteExecutor.java:203)
	at com.kms.katalon.core.main.TestSuiteExecutor.accessTestSuiteMainPhase(TestSuiteExecutor.java:152)
	at com.kms.katalon.core.main.TestSuiteExecutor.execute(TestSuiteExecutor.java:95)
	at com.kms.katalon.core.main.TestCaseMain.startTestSuite(TestCaseMain.java:157)
	at com.kms.katalon.core.main.TestCaseMain$startTestSuite$0.call(Unknown Source)
	at TempTestSuite1622198376741.run(TempTestSuite1622198376741.groovy:39)
Caused by: org.openqa.selenium.ElementClickInterceptedException: element click intercepted: Element <span id="channelHeaderDropdownIcon" class="fa fa-angle-down header-dropdown__icon" aria-label="dropdown icon"></span> is not clickable at point (357, 54). Other element would receive the click: <div role="dialog" aria-labelledby="quickSwitchModalLabel" tabindex="-1" class="in modal" style="display: block;">...</div>
  (Session info: chrome=90.0.4430.212)
Build info: version: '3.141.59', revision: 'e82be7d358', time: '2018-11-14T08:25:53'
System info: host: 'DESKTOP-4EMC2JH', ip: '172.16.0.2', os.name: 'Windows 10', os.arch: 'amd64', os.version: '10.0', java.version: '1.8.0_282'
Driver info: com.kms.katalon.selenium.driver.CChromeDriver
Capabilities {acceptInsecureCerts: false, browserName: chrome, browserVersion: 90.0.4430.212, chrome: {chromedriverVersion: 90.0.4430.24 (4c6d850f087da..., userDataDir: C:\Users\DELL\AppData\Local...}, goog:chromeOptions: {debuggerAddress: localhost:65238}, javascriptEnabled: true, networkConnectionEnabled: false, pageLoadStrategy: normal, platform: WINDOWS, platformName: WINDOWS, proxy: Proxy(), setWindowRect: true, strictFileInteractability: false, timeouts: {implicit: 0, pageLoad: 300000, script: 30000}, unhandledPromptBehavior: dismiss and notify, webauthn:extension:largeBlob: true, webauthn:virtualAuthenticators: true}
Session ID: e2ee48c3c010566385bb4073c4873917
	at org.openqa.selenium.remote.http.W3CHttpResponseCodec.createException(W3CHttpResponseCodec.java:187)
	at org.openqa.selenium.remote.http.W3CHttpResponseCodec.decode(W3CHttpResponseCodec.java:122)
	at org.openqa.selenium.remote.http.W3CHttpResponseCodec.decode(W3CHttpResponseCodec.java:49)
	at org.openqa.selenium.remote.HttpCommandExecutor.execute(HttpCommandExecutor.java:158)
	at org.openqa.selenium.remote.service.DriverCommandExecutor.execute(DriverCommandExecutor.java:83)
	at org.openqa.selenium.remote.RemoteWebDriver.execute(RemoteWebDriver.java:552)
	at com.kms.katalon.selenium.driver.CChromeDriver.execute(CChromeDriver.java:19)
	at org.openqa.selenium.remote.RemoteWebElement.execute(RemoteWebElement.java:285)
	at org.openqa.selenium.remote.RemoteWebElement.click(RemoteWebElement.java:84)
	at org.openqa.selenium.support.events.EventFiringWebDriver$EventFiringWebElement.lambda$new$0(EventFiringWebDriver.java:404)
	at com.sun.proxy.$Proxy11.click(Unknown Source)
	at org.openqa.selenium.support.events.EventFiringWebDriver$EventFiringWebElement.click(EventFiringWebDriver.java:417)
	at com.kms.katalon.core.webui.keyword.builtin.ClickKeyword$_click_closure1.doCall(ClickKeyword.groovy:68)
	at com.kms.katalon.core.webui.keyword.builtin.ClickKeyword$_click_closure1.call(ClickKeyword.groovy)
	at com.kms.katalon.core.webui.keyword.internal.WebUIKeywordMain.runKeyword(WebUIKeywordMain.groovy:20)
	at com.kms.katalon.core.webui.keyword.builtin.ClickKeyword.click(ClickKeyword.groovy:75)
	at com.kms.katalon.core.webui.keyword.builtin.ClickKeyword.execute(ClickKeyword.groovy:42)
	at com.kms.katalon.core.keyword.internal.KeywordExecutor.executeKeywordForPlatform(KeywordExecutor.groovy:73)
	at com.kms.katalon.core.webui.keyword.WebUiBuiltInKeywords.click(WebUiBuiltInKeywords.groovy:619)
	at com.kms.katalon.core.webui.keyword.WebUiBuiltInKeywords$click$4.call(Unknown Source)
	at Script1621482249072.run(Script1621482249072.groovy:34)
	... 13 more
)

2021-05-28 17:48:07 - [MESSAGE][FAILED] - Unable to click on object 'Object Repository/Page_Test 123 - Team Mattermost/span_Test 123_channelHeaderDropdownIcon' (Root cause: com.kms.katalon.core.exception.StepFailedException: Unable to click on object 'Object Repository/Page_Test 123 - Team Mattermost/span_Test 123_channelHeaderDropdownIcon'
	at com.kms.katalon.core.webui.keyword.internal.WebUIKeywordMain.stepFailed(WebUIKeywordMain.groovy:64)
	at com.kms.katalon.core.webui.keyword.internal.WebUIKeywordMain.runKeyword(WebUIKeywordMain.groovy:26)
	at com.kms.katalon.core.webui.keyword.builtin.ClickKeyword.click(ClickKeyword.groovy:75)
	at com.kms.katalon.core.webui.keyword.builtin.ClickKeyword.execute(ClickKeyword.groovy:42)
	at com.kms.katalon.core.keyword.internal.KeywordExecutor.executeKeywordForPlatform(KeywordExecutor.groovy:73)
	at com.kms.katalon.core.webui.keyword.WebUiBuiltInKeywords.click(WebUiBuiltInKeywords.groovy:619)
	at com.kms.katalon.core.webui.keyword.WebUiBuiltInKeywords$click$4.call(Unknown Source)
	at UpdateDescriptionChannel.run(UpdateDescriptionChannel:34)
	at com.kms.katalon.core.main.ScriptEngine.run(ScriptEngine.java:194)
	at com.kms.katalon.core.main.ScriptEngine.runScriptAsRawText(ScriptEngine.java:119)
	at com.kms.katalon.core.main.TestCaseExecutor.runScript(TestCaseExecutor.java:398)
	at com.kms.katalon.core.main.TestCaseExecutor.doExecute(TestCaseExecutor.java:389)
	at com.kms.katalon.core.main.TestCaseExecutor.processExecutionPhase(TestCaseExecutor.java:368)
	at com.kms.katalon.core.main.TestCaseExecutor.accessMainPhase(TestCaseExecutor.java:360)
	at com.kms.katalon.core.main.TestCaseExecutor.execute(TestCaseExecutor.java:255)
	at com.kms.katalon.core.main.TestSuiteExecutor.accessTestCaseMainPhase(TestSuiteExecutor.java:203)
	at com.kms.katalon.core.main.TestSuiteExecutor.accessTestSuiteMainPhase(TestSuiteExecutor.java:152)
	at com.kms.katalon.core.main.TestSuiteExecutor.execute(TestSuiteExecutor.java:95)
	at com.kms.katalon.core.main.TestCaseMain.startTestSuite(TestCaseMain.java:157)
	at com.kms.katalon.core.main.TestCaseMain$startTestSuite$0.call(Unknown Source)
	at TempTestSuite1622198376741.run(TempTestSuite1622198376741.groovy:39)
Caused by: org.openqa.selenium.ElementClickInterceptedException: element click intercepted: Element <span id="channelHeaderDropdownIcon" class="fa fa-angle-down header-dropdown__icon" aria-label="dropdown icon"></span> is not clickable at point (357, 54). Other element would receive the click: <div role="dialog" aria-labelledby="quickSwitchModalLabel" tabindex="-1" class="in modal" style="display: block;">...</div>
  (Session info: chrome=90.0.4430.212)
Build info: version: '3.141.59', revision: 'e82be7d358', time: '2018-11-14T08:25:53'
System info: host: 'DESKTOP-4EMC2JH', ip: '172.16.0.2', os.name: 'Windows 10', os.arch: 'amd64', os.version: '10.0', java.version: '1.8.0_282'
Driver info: com.kms.katalon.selenium.driver.CChromeDriver
Capabilities {acceptInsecureCerts: false, browserName: chrome, browserVersion: 90.0.4430.212, chrome: {chromedriverVersion: 90.0.4430.24 (4c6d850f087da..., userDataDir: C:\Users\DELL\AppData\Local...}, goog:chromeOptions: {debuggerAddress: localhost:65238}, javascriptEnabled: true, networkConnectionEnabled: false, pageLoadStrategy: normal, platform: WINDOWS, platformName: WINDOWS, proxy: Proxy(), setWindowRect: true, strictFileInteractability: false, timeouts: {implicit: 0, pageLoad: 300000, script: 30000}, unhandledPromptBehavior: dismiss and notify, webauthn:extension:largeBlob: true, webauthn:virtualAuthenticators: true}
Session ID: e2ee48c3c010566385bb4073c4873917
	at org.openqa.selenium.remote.http.W3CHttpResponseCodec.createException(W3CHttpResponseCodec.java:187)
	at org.openqa.selenium.remote.http.W3CHttpResponseCodec.decode(W3CHttpResponseCodec.java:122)
	at org.openqa.selenium.remote.http.W3CHttpResponseCodec.decode(W3CHttpResponseCodec.java:49)
	at org.openqa.selenium.remote.HttpCommandExecutor.execute(HttpCommandExecutor.java:158)
	at org.openqa.selenium.remote.service.DriverCommandExecutor.execute(DriverCommandExecutor.java:83)
	at org.openqa.selenium.remote.RemoteWebDriver.execute(RemoteWebDriver.java:552)
	at com.kms.katalon.selenium.driver.CChromeDriver.execute(CChromeDriver.java:19)
	at org.openqa.selenium.remote.RemoteWebElement.execute(RemoteWebElement.java:285)
	at org.openqa.selenium.remote.RemoteWebElement.click(RemoteWebElement.java:84)
	at org.openqa.selenium.support.events.EventFiringWebDriver$EventFiringWebElement.lambda$new$0(EventFiringWebDriver.java:404)
	at com.sun.proxy.$Proxy11.click(Unknown Source)
	at org.openqa.selenium.support.events.EventFiringWebDriver$EventFiringWebElement.click(EventFiringWebDriver.java:417)
	at com.kms.katalon.core.webui.keyword.builtin.ClickKeyword$_click_closure1.doCall(ClickKeyword.groovy:68)
	at com.kms.katalon.core.webui.keyword.builtin.ClickKeyword$_click_closure1.call(ClickKeyword.groovy)
	at com.kms.katalon.core.webui.keyword.internal.WebUIKeywordMain.runKeyword(WebUIKeywordMain.groovy:20)
	at com.kms.katalon.core.webui.keyword.builtin.ClickKeyword.click(ClickKeyword.groovy:75)
	at com.kms.katalon.core.webui.keyword.builtin.ClickKeyword.execute(ClickKeyword.groovy:42)
	at com.kms.katalon.core.keyword.internal.KeywordExecutor.executeKeywordForPlatform(KeywordExecutor.groovy:73)
	at com.kms.katalon.core.webui.keyword.WebUiBuiltInKeywords.click(WebUiBuiltInKeywords.groovy:619)
	at com.kms.katalon.core.webui.keyword.WebUiBuiltInKeywords$click$4.call(Unknown Source)
	at Script1621482249072.run(Script1621482249072.groovy:34)
	... 13 more
)
[[ATTACHMENT|G:\\HCMUS\\Nam4\\HK2\\Deadline\\2\\katalon\\Reports\\20210528_173936\\Run Interation 2\\20210528_173936\\1622198887217.png]]]]></system-out>
         <system-err><![CDATA[2021-05-28 17:47:20 - [TEST_CASE][FAILED] - Test Cases/UpdateDescriptionChannel: Test Cases/UpdateDescriptionChannel FAILED.
Reason:
com.kms.katalon.core.exception.StepFailedException: Unable to click on object 'Object Repository/Page_Test 123 - Team Mattermost/span_Test 123_channelHeaderDropdownIcon'
	at com.kms.katalon.core.webui.keyword.internal.WebUIKeywordMain.stepFailed(WebUIKeywordMain.groovy:64)
	at com.kms.katalon.core.webui.keyword.internal.WebUIKeywordMain.runKeyword(WebUIKeywordMain.groovy:26)
	at com.kms.katalon.core.webui.keyword.builtin.ClickKeyword.click(ClickKeyword.groovy:75)
	at com.kms.katalon.core.webui.keyword.builtin.ClickKeyword.execute(ClickKeyword.groovy:42)
	at com.kms.katalon.core.keyword.internal.KeywordExecutor.executeKeywordForPlatform(KeywordExecutor.groovy:73)
	at com.kms.katalon.core.webui.keyword.WebUiBuiltInKeywords.click(WebUiBuiltInKeywords.groovy:619)
	at com.kms.katalon.core.webui.keyword.WebUiBuiltInKeywords$click$4.call(Unknown Source)
	at UpdateDescriptionChannel.run(UpdateDescriptionChannel:34)
	at com.kms.katalon.core.main.ScriptEngine.run(ScriptEngine.java:194)
	at com.kms.katalon.core.main.ScriptEngine.runScriptAsRawText(ScriptEngine.java:119)
	at com.kms.katalon.core.main.TestCaseExecutor.runScript(TestCaseExecutor.java:398)
	at com.kms.katalon.core.main.TestCaseExecutor.doExecute(TestCaseExecutor.java:389)
	at com.kms.katalon.core.main.TestCaseExecutor.processExecutionPhase(TestCaseExecutor.java:368)
	at com.kms.katalon.core.main.TestCaseExecutor.accessMainPhase(TestCaseExecutor.java:360)
	at com.kms.katalon.core.main.TestCaseExecutor.execute(TestCaseExecutor.java:255)
	at com.kms.katalon.core.main.TestSuiteExecutor.accessTestCaseMainPhase(TestSuiteExecutor.java:203)
	at com.kms.katalon.core.main.TestSuiteExecutor.accessTestSuiteMainPhase(TestSuiteExecutor.java:152)
	at com.kms.katalon.core.main.TestSuiteExecutor.execute(TestSuiteExecutor.java:95)
	at com.kms.katalon.core.main.TestCaseMain.startTestSuite(TestCaseMain.java:157)
	at com.kms.katalon.core.main.TestCaseMain$startTestSuite$0.call(Unknown Source)
	at TempTestSuite1622198376741.run(TempTestSuite1622198376741.groovy:39)
Caused by: org.openqa.selenium.ElementClickInterceptedException: element click intercepted: Element <span id="channelHeaderDropdownIcon" class="fa fa-angle-down header-dropdown__icon" aria-label="dropdown icon"></span> is not clickable at point (357, 54). Other element would receive the click: <div role="dialog" aria-labelledby="quickSwitchModalLabel" tabindex="-1" class="in modal" style="display: block;">...</div>
  (Session info: chrome=90.0.4430.212)
Build info: version: '3.141.59', revision: 'e82be7d358', time: '2018-11-14T08:25:53'
System info: host: 'DESKTOP-4EMC2JH', ip: '172.16.0.2', os.name: 'Windows 10', os.arch: 'amd64', os.version: '10.0', java.version: '1.8.0_282'
Driver info: com.kms.katalon.selenium.driver.CChromeDriver
Capabilities {acceptInsecureCerts: false, browserName: chrome, browserVersion: 90.0.4430.212, chrome: {chromedriverVersion: 90.0.4430.24 (4c6d850f087da..., userDataDir: C:\Users\DELL\AppData\Local...}, goog:chromeOptions: {debuggerAddress: localhost:65238}, javascriptEnabled: true, networkConnectionEnabled: false, pageLoadStrategy: normal, platform: WINDOWS, platformName: WINDOWS, proxy: Proxy(), setWindowRect: true, strictFileInteractability: false, timeouts: {implicit: 0, pageLoad: 300000, script: 30000}, unhandledPromptBehavior: dismiss and notify, webauthn:extension:largeBlob: true, webauthn:virtualAuthenticators: true}
Session ID: e2ee48c3c010566385bb4073c4873917
	at org.openqa.selenium.remote.http.W3CHttpResponseCodec.createException(W3CHttpResponseCodec.java:187)
	at org.openqa.selenium.remote.http.W3CHttpResponseCodec.decode(W3CHttpResponseCodec.java:122)
	at org.openqa.selenium.remote.http.W3CHttpResponseCodec.decode(W3CHttpResponseCodec.java:49)
	at org.openqa.selenium.remote.HttpCommandExecutor.execute(HttpCommandExecutor.java:158)
	at org.openqa.selenium.remote.service.DriverCommandExecutor.execute(DriverCommandExecutor.java:83)
	at org.openqa.selenium.remote.RemoteWebDriver.execute(RemoteWebDriver.java:552)
	at com.kms.katalon.selenium.driver.CChromeDriver.execute(CChromeDriver.java:19)
	at org.openqa.selenium.remote.RemoteWebElement.execute(RemoteWebElement.java:285)
	at org.openqa.selenium.remote.RemoteWebElement.click(RemoteWebElement.java:84)
	at org.openqa.selenium.support.events.EventFiringWebDriver$EventFiringWebElement.lambda$new$0(EventFiringWebDriver.java:404)
	at com.sun.proxy.$Proxy11.click(Unknown Source)
	at org.openqa.selenium.support.events.EventFiringWebDriver$EventFiringWebElement.click(EventFiringWebDriver.java:417)
	at com.kms.katalon.core.webui.keyword.builtin.ClickKeyword$_click_closure1.doCall(ClickKeyword.groovy:68)
	at com.kms.katalon.core.webui.keyword.builtin.ClickKeyword$_click_closure1.call(ClickKeyword.groovy)
	at com.kms.katalon.core.webui.keyword.internal.WebUIKeywordMain.runKeyword(WebUIKeywordMain.groovy:20)
	... 19 more]]></system-err>
      </testcase>
      <testcase name="Test Cases/UpdatePurposeChannel" time="47.922" classname="Test Cases/UpdatePurposeChannel" status="FAILED">
         <failure type="FAILED" message="Test Cases/UpdatePurposeChannel FAILED.
Reason:
com.kms.katalon.core.exception.StepFailedException: Unable to click on object 'Object Repository/Page_Test 123 - Team Mattermost/span_Test 123_channelHeaderDropdownIcon'
	at com.kms.katalon.core.webui.keyword.internal.WebUIKeywordMain.stepFailed(WebUIKeywordMain.groovy:64)
	at com.kms.katalon.core.webui.keyword.internal.WebUIKeywordMain.runKeyword(WebUIKeywordMain.groovy:26)
	at com.kms.katalon.core.webui.keyword.builtin.ClickKeyword.click(ClickKeyword.groovy:75)
	at com.kms.katalon.core.webui.keyword.builtin.ClickKeyword.execute(ClickKeyword.groovy:42)
	at com.kms.katalon.core.keyword.internal.KeywordExecutor.executeKeywordForPlatform(KeywordExecutor.groovy:73)
	at com.kms.katalon.core.webui.keyword.WebUiBuiltInKeywords.click(WebUiBuiltInKeywords.groovy:619)
	at com.kms.katalon.core.webui.keyword.WebUiBuiltInKeywords$click$4.call(Unknown Source)
	at UpdatePurposeChannel.run(UpdatePurposeChannel:34)
	at com.kms.katalon.core.main.ScriptEngine.run(ScriptEngine.java:194)
	at com.kms.katalon.core.main.ScriptEngine.runScriptAsRawText(ScriptEngine.java:119)
	at com.kms.katalon.core.main.TestCaseExecutor.runScript(TestCaseExecutor.java:398)
	at com.kms.katalon.core.main.TestCaseExecutor.doExecute(TestCaseExecutor.java:389)
	at com.kms.katalon.core.main.TestCaseExecutor.processExecutionPhase(TestCaseExecutor.java:368)
	at com.kms.katalon.core.main.TestCaseExecutor.accessMainPhase(TestCaseExecutor.java:360)
	at com.kms.katalon.core.main.TestCaseExecutor.execute(TestCaseExecutor.java:255)
	at com.kms.katalon.core.main.TestSuiteExecutor.accessTestCaseMainPhase(TestSuiteExecutor.java:203)
	at com.kms.katalon.core.main.TestSuiteExecutor.accessTestSuiteMainPhase(TestSuiteExecutor.java:152)
	at com.kms.katalon.core.main.TestSuiteExecutor.execute(TestSuiteExecutor.java:95)
	at com.kms.katalon.core.main.TestCaseMain.startTestSuite(TestCaseMain.java:157)
	at com.kms.katalon.core.main.TestCaseMain$startTestSuite$0.call(Unknown Source)
	at TempTestSuite1622198376741.run(TempTestSuite1622198376741.groovy:39)
Caused by: org.openqa.selenium.ElementClickInterceptedException: element click intercepted: Element &lt;span id=&quot;channelHeaderDropdownIcon&quot; class=&quot;fa fa-angle-down header-dropdown__icon&quot; aria-label=&quot;dropdown icon&quot;>&lt;/span> is not clickable at point (357, 54). Other element would receive the click: &lt;div role=&quot;dialog&quot; aria-labelledby=&quot;quickSwitchModalLabel&quot; tabindex=&quot;-1&quot; class=&quot;in modal&quot; style=&quot;display: block;&quot;>...&lt;/div>
  (Session info: chrome=90.0.4430.212)
Build info: version: '3.141.59', revision: 'e82be7d358', time: '2018-11-14T08:25:53'
System info: host: 'DESKTOP-4EMC2JH', ip: '172.16.0.2', os.name: 'Windows 10', os.arch: 'amd64', os.version: '10.0', java.version: '1.8.0_282'
Driver info: com.kms.katalon.selenium.driver.CChromeDriver
Capabilities {acceptInsecureCerts: false, browserName: chrome, browserVersion: 90.0.4430.212, chrome: {chromedriverVersion: 90.0.4430.24 (4c6d850f087da..., userDataDir: C:\Users\DELL\AppData\Local...}, goog:chromeOptions: {debuggerAddress: localhost:65282}, javascriptEnabled: true, networkConnectionEnabled: false, pageLoadStrategy: normal, platform: WINDOWS, platformName: WINDOWS, proxy: Proxy(), setWindowRect: true, strictFileInteractability: false, timeouts: {implicit: 0, pageLoad: 300000, script: 30000}, unhandledPromptBehavior: dismiss and notify, webauthn:extension:largeBlob: true, webauthn:virtualAuthenticators: true}
Session ID: cf08a9541f2963791beac6f416335faa
	at org.openqa.selenium.remote.http.W3CHttpResponseCodec.createException(W3CHttpResponseCodec.java:187)
	at org.openqa.selenium.remote.http.W3CHttpResponseCodec.decode(W3CHttpResponseCodec.java:122)
	at org.openqa.selenium.remote.http.W3CHttpResponseCodec.decode(W3CHttpResponseCodec.java:49)
	at org.openqa.selenium.remote.HttpCommandExecutor.execute(HttpCommandExecutor.java:158)
	at org.openqa.selenium.remote.service.DriverCommandExecutor.execute(DriverCommandExecutor.java:83)
	at org.openqa.selenium.remote.RemoteWebDriver.execute(RemoteWebDriver.java:552)
	at com.kms.katalon.selenium.driver.CChromeDriver.execute(CChromeDriver.java:19)
	at org.openqa.selenium.remote.RemoteWebElement.execute(RemoteWebElement.java:285)
	at org.openqa.selenium.remote.RemoteWebElement.click(RemoteWebElement.java:84)
	at org.openqa.selenium.support.events.EventFiringWebDriver$EventFiringWebElement.lambda$new$0(EventFiringWebDriver.java:404)
	at com.sun.proxy.$Proxy11.click(Unknown Source)
	at org.openqa.selenium.support.events.EventFiringWebDriver$EventFiringWebElement.click(EventFiringWebDriver.java:417)
	at com.kms.katalon.core.webui.keyword.builtin.ClickKeyword$_click_closure1.doCall(ClickKeyword.groovy:68)
	at com.kms.katalon.core.webui.keyword.builtin.ClickKeyword$_click_closure1.call(ClickKeyword.groovy)
	at com.kms.katalon.core.webui.keyword.internal.WebUIKeywordMain.runKeyword(WebUIKeywordMain.groovy:20)
	... 19 more
"/>
         <system-out><![CDATA[2021-05-28 17:48:07 - [TEST_CASE][FAILED] - Test Cases/UpdatePurposeChannel: Test Cases/UpdatePurposeChannel FAILED.
Reason:
com.kms.katalon.core.exception.StepFailedException: Unable to click on object 'Object Repository/Page_Test 123 - Team Mattermost/span_Test 123_channelHeaderDropdownIcon'
	at com.kms.katalon.core.webui.keyword.internal.WebUIKeywordMain.stepFailed(WebUIKeywordMain.groovy:64)
	at com.kms.katalon.core.webui.keyword.internal.WebUIKeywordMain.runKeyword(WebUIKeywordMain.groovy:26)
	at com.kms.katalon.core.webui.keyword.builtin.ClickKeyword.click(ClickKeyword.groovy:75)
	at com.kms.katalon.core.webui.keyword.builtin.ClickKeyword.execute(ClickKeyword.groovy:42)
	at com.kms.katalon.core.keyword.internal.KeywordExecutor.executeKeywordForPlatform(KeywordExecutor.groovy:73)
	at com.kms.katalon.core.webui.keyword.WebUiBuiltInKeywords.click(WebUiBuiltInKeywords.groovy:619)
	at com.kms.katalon.core.webui.keyword.WebUiBuiltInKeywords$click$4.call(Unknown Source)
	at UpdatePurposeChannel.run(UpdatePurposeChannel:34)
	at com.kms.katalon.core.main.ScriptEngine.run(ScriptEngine.java:194)
	at com.kms.katalon.core.main.ScriptEngine.runScriptAsRawText(ScriptEngine.java:119)
	at com.kms.katalon.core.main.TestCaseExecutor.runScript(TestCaseExecutor.java:398)
	at com.kms.katalon.core.main.TestCaseExecutor.doExecute(TestCaseExecutor.java:389)
	at com.kms.katalon.core.main.TestCaseExecutor.processExecutionPhase(TestCaseExecutor.java:368)
	at com.kms.katalon.core.main.TestCaseExecutor.accessMainPhase(TestCaseExecutor.java:360)
	at com.kms.katalon.core.main.TestCaseExecutor.execute(TestCaseExecutor.java:255)
	at com.kms.katalon.core.main.TestSuiteExecutor.accessTestCaseMainPhase(TestSuiteExecutor.java:203)
	at com.kms.katalon.core.main.TestSuiteExecutor.accessTestSuiteMainPhase(TestSuiteExecutor.java:152)
	at com.kms.katalon.core.main.TestSuiteExecutor.execute(TestSuiteExecutor.java:95)
	at com.kms.katalon.core.main.TestCaseMain.startTestSuite(TestCaseMain.java:157)
	at com.kms.katalon.core.main.TestCaseMain$startTestSuite$0.call(Unknown Source)
	at TempTestSuite1622198376741.run(TempTestSuite1622198376741.groovy:39)
Caused by: org.openqa.selenium.ElementClickInterceptedException: element click intercepted: Element <span id="channelHeaderDropdownIcon" class="fa fa-angle-down header-dropdown__icon" aria-label="dropdown icon"></span> is not clickable at point (357, 54). Other element would receive the click: <div role="dialog" aria-labelledby="quickSwitchModalLabel" tabindex="-1" class="in modal" style="display: block;">...</div>
  (Session info: chrome=90.0.4430.212)
Build info: version: '3.141.59', revision: 'e82be7d358', time: '2018-11-14T08:25:53'
System info: host: 'DESKTOP-4EMC2JH', ip: '172.16.0.2', os.name: 'Windows 10', os.arch: 'amd64', os.version: '10.0', java.version: '1.8.0_282'
Driver info: com.kms.katalon.selenium.driver.CChromeDriver
Capabilities {acceptInsecureCerts: false, browserName: chrome, browserVersion: 90.0.4430.212, chrome: {chromedriverVersion: 90.0.4430.24 (4c6d850f087da..., userDataDir: C:\Users\DELL\AppData\Local...}, goog:chromeOptions: {debuggerAddress: localhost:65282}, javascriptEnabled: true, networkConnectionEnabled: false, pageLoadStrategy: normal, platform: WINDOWS, platformName: WINDOWS, proxy: Proxy(), setWindowRect: true, strictFileInteractability: false, timeouts: {implicit: 0, pageLoad: 300000, script: 30000}, unhandledPromptBehavior: dismiss and notify, webauthn:extension:largeBlob: true, webauthn:virtualAuthenticators: true}
Session ID: cf08a9541f2963791beac6f416335faa
	at org.openqa.selenium.remote.http.W3CHttpResponseCodec.createException(W3CHttpResponseCodec.java:187)
	at org.openqa.selenium.remote.http.W3CHttpResponseCodec.decode(W3CHttpResponseCodec.java:122)
	at org.openqa.selenium.remote.http.W3CHttpResponseCodec.decode(W3CHttpResponseCodec.java:49)
	at org.openqa.selenium.remote.HttpCommandExecutor.execute(HttpCommandExecutor.java:158)
	at org.openqa.selenium.remote.service.DriverCommandExecutor.execute(DriverCommandExecutor.java:83)
	at org.openqa.selenium.remote.RemoteWebDriver.execute(RemoteWebDriver.java:552)
	at com.kms.katalon.selenium.driver.CChromeDriver.execute(CChromeDriver.java:19)
	at org.openqa.selenium.remote.RemoteWebElement.execute(RemoteWebElement.java:285)
	at org.openqa.selenium.remote.RemoteWebElement.click(RemoteWebElement.java:84)
	at org.openqa.selenium.support.events.EventFiringWebDriver$EventFiringWebElement.lambda$new$0(EventFiringWebDriver.java:404)
	at com.sun.proxy.$Proxy11.click(Unknown Source)
	at org.openqa.selenium.support.events.EventFiringWebDriver$EventFiringWebElement.click(EventFiringWebDriver.java:417)
	at com.kms.katalon.core.webui.keyword.builtin.ClickKeyword$_click_closure1.doCall(ClickKeyword.groovy:68)
	at com.kms.katalon.core.webui.keyword.builtin.ClickKeyword$_click_closure1.call(ClickKeyword.groovy)
	at com.kms.katalon.core.webui.keyword.internal.WebUIKeywordMain.runKeyword(WebUIKeywordMain.groovy:20)
	... 19 more


2021-05-28 17:48:08 - [TEST_STEP][PASSED] - openBrowser(""): Browser is opened with url: ''

2021-05-28 17:48:08 - [MESSAGE][WARNING] - A browser is already opened. Closing browser and opening a new one

2021-05-28 17:48:09 - [MESSAGE][INFO] - Starting 'Chrome' driver

2021-05-28 17:48:09 - [MESSAGE][INFO] - Action delay is set to 0 milliseconds

2021-05-28 17:48:10 - [MESSAGE][PASSED] - Browser is opened with url: ''

2021-05-28 17:48:10 - [TEST_STEP][PASSED] - navigateToUrl("https://cdnc-group2.herokuapp.com/"): Navigate to 'https://cdnc-group2.herokuapp.com/' successfully

2021-05-28 17:48:15 - [MESSAGE][PASSED] - Navigate to 'https://cdnc-group2.herokuapp.com/' successfully

2021-05-28 17:48:15 - [TEST_STEP][PASSED] - setText(findTestObject("Object Repository/Page_Mattermost/input_All team communication in one place, _dcc84b"), "ngoctin040999@gmail.com"): Text 'ngoctin040999@gmail.com' is set on object 'Object Repository/Page_Mattermost/input_All team communication in one place, _dcc84b'

2021-05-28 17:48:21 - [MESSAGE][PASSED] - Text 'ngoctin040999@gmail.com' is set on object 'Object Repository/Page_Mattermost/input_All team communication in one place, _dcc84b'

2021-05-28 17:48:21 - [TEST_STEP][PASSED] - setEncryptedText(findTestObject("Object Repository/Page_Mattermost/input_All team communication in one place, _a3edc6"), "S8w1SJvl7D1hts9IdMV+NQ=="): Text ****** has been set on object 'Object Repository/Page_Mattermost/input_All team communication in one place, _a3edc6'

2021-05-28 17:48:21 - [MESSAGE][PASSED] - Text ****** has been set on object 'Object Repository/Page_Mattermost/input_All team communication in one place, _a3edc6'

2021-05-28 17:48:21 - [TEST_STEP][PASSED] - sendKeys(findTestObject("Object Repository/Page_Mattermost/input_All team communication in one place, _a3edc6"), Keys.chord(ENTER)): Keys 'ENTER + ' sent to object: 'Object Repository/Page_Mattermost/input_All team communication in one place, _a3edc6'

2021-05-28 17:48:22 - [MESSAGE][PASSED] - Keys 'ENTER + ' sent to object: 'Object Repository/Page_Mattermost/input_All team communication in one place, _a3edc6'

2021-05-28 17:48:22 - [TEST_STEP][PASSED] - click(findTestObject("Object Repository/Page_Town Square - Team Mattermost/span_Test 123")): Object: 'Object Repository/Page_Town Square - Team Mattermost/span_Test 123' is clicked on

2021-05-28 17:48:53 - [MESSAGE][INFO] - Unable to find the element located by 'By.xpath: //a[@id='sidebarItem_test-123']/span[2]/span'. Please recheck the objects properties to make sure the desired element is located. 

2021-05-28 17:48:53 - [MESSAGE][WARNING] - [SELF-HEALING] Failed to find element with id 'Object Repository/Page_Town Square - Team Mattermost/span_Test 123'. Try using Self-healing.

2021-05-28 17:48:53 - [MESSAGE][WARNING] - [SELF-HEALING] The current locator of test object 'Object Repository/Page_Town Square - Team Mattermost/span_Test 123' was broken. Propose an alternative one: '(.//*[normalize-space(text()) and normalize-space(.)='+'])[2]/following::span[6]'.

2021-05-28 17:48:53 - [MESSAGE][PASSED] - Object: 'Object Repository/Page_Town Square - Team Mattermost/span_Test 123' is clicked on

2021-05-28 17:48:53 - [TEST_STEP][FAILED] - click(findTestObject("Object Repository/Page_Test 123 - Team Mattermost/span_Test 123_channelHeaderDropdownIcon")): Unable to click on object 'Object Repository/Page_Test 123 - Team Mattermost/span_Test 123_channelHeaderDropdownIcon' (Root cause: com.kms.katalon.core.exception.StepFailedException: Unable to click on object 'Object Repository/Page_Test 123 - Team Mattermost/span_Test 123_channelHeaderDropdownIcon'
	at com.kms.katalon.core.webui.keyword.internal.WebUIKeywordMain.stepFailed(WebUIKeywordMain.groovy:64)
	at com.kms.katalon.core.webui.keyword.internal.WebUIKeywordMain.runKeyword(WebUIKeywordMain.groovy:26)
	at com.kms.katalon.core.webui.keyword.builtin.ClickKeyword.click(ClickKeyword.groovy:75)
	at com.kms.katalon.core.webui.keyword.builtin.ClickKeyword.execute(ClickKeyword.groovy:42)
	at com.kms.katalon.core.keyword.internal.KeywordExecutor.executeKeywordForPlatform(KeywordExecutor.groovy:73)
	at com.kms.katalon.core.webui.keyword.WebUiBuiltInKeywords.click(WebUiBuiltInKeywords.groovy:619)
	at com.kms.katalon.core.webui.keyword.WebUiBuiltInKeywords$click$4.call(Unknown Source)
	at UpdatePurposeChannel.run(UpdatePurposeChannel:34)
	at com.kms.katalon.core.main.ScriptEngine.run(ScriptEngine.java:194)
	at com.kms.katalon.core.main.ScriptEngine.runScriptAsRawText(ScriptEngine.java:119)
	at com.kms.katalon.core.main.TestCaseExecutor.runScript(TestCaseExecutor.java:398)
	at com.kms.katalon.core.main.TestCaseExecutor.doExecute(TestCaseExecutor.java:389)
	at com.kms.katalon.core.main.TestCaseExecutor.processExecutionPhase(TestCaseExecutor.java:368)
	at com.kms.katalon.core.main.TestCaseExecutor.accessMainPhase(TestCaseExecutor.java:360)
	at com.kms.katalon.core.main.TestCaseExecutor.execute(TestCaseExecutor.java:255)
	at com.kms.katalon.core.main.TestSuiteExecutor.accessTestCaseMainPhase(TestSuiteExecutor.java:203)
	at com.kms.katalon.core.main.TestSuiteExecutor.accessTestSuiteMainPhase(TestSuiteExecutor.java:152)
	at com.kms.katalon.core.main.TestSuiteExecutor.execute(TestSuiteExecutor.java:95)
	at com.kms.katalon.core.main.TestCaseMain.startTestSuite(TestCaseMain.java:157)
	at com.kms.katalon.core.main.TestCaseMain$startTestSuite$0.call(Unknown Source)
	at TempTestSuite1622198376741.run(TempTestSuite1622198376741.groovy:39)
Caused by: org.openqa.selenium.ElementClickInterceptedException: element click intercepted: Element <span id="channelHeaderDropdownIcon" class="fa fa-angle-down header-dropdown__icon" aria-label="dropdown icon"></span> is not clickable at point (357, 54). Other element would receive the click: <div role="dialog" aria-labelledby="quickSwitchModalLabel" tabindex="-1" class="in modal" style="display: block;">...</div>
  (Session info: chrome=90.0.4430.212)
Build info: version: '3.141.59', revision: 'e82be7d358', time: '2018-11-14T08:25:53'
System info: host: 'DESKTOP-4EMC2JH', ip: '172.16.0.2', os.name: 'Windows 10', os.arch: 'amd64', os.version: '10.0', java.version: '1.8.0_282'
Driver info: com.kms.katalon.selenium.driver.CChromeDriver
Capabilities {acceptInsecureCerts: false, browserName: chrome, browserVersion: 90.0.4430.212, chrome: {chromedriverVersion: 90.0.4430.24 (4c6d850f087da..., userDataDir: C:\Users\DELL\AppData\Local...}, goog:chromeOptions: {debuggerAddress: localhost:65282}, javascriptEnabled: true, networkConnectionEnabled: false, pageLoadStrategy: normal, platform: WINDOWS, platformName: WINDOWS, proxy: Proxy(), setWindowRect: true, strictFileInteractability: false, timeouts: {implicit: 0, pageLoad: 300000, script: 30000}, unhandledPromptBehavior: dismiss and notify, webauthn:extension:largeBlob: true, webauthn:virtualAuthenticators: true}
Session ID: cf08a9541f2963791beac6f416335faa
	at org.openqa.selenium.remote.http.W3CHttpResponseCodec.createException(W3CHttpResponseCodec.java:187)
	at org.openqa.selenium.remote.http.W3CHttpResponseCodec.decode(W3CHttpResponseCodec.java:122)
	at org.openqa.selenium.remote.http.W3CHttpResponseCodec.decode(W3CHttpResponseCodec.java:49)
	at org.openqa.selenium.remote.HttpCommandExecutor.execute(HttpCommandExecutor.java:158)
	at org.openqa.selenium.remote.service.DriverCommandExecutor.execute(DriverCommandExecutor.java:83)
	at org.openqa.selenium.remote.RemoteWebDriver.execute(RemoteWebDriver.java:552)
	at com.kms.katalon.selenium.driver.CChromeDriver.execute(CChromeDriver.java:19)
	at org.openqa.selenium.remote.RemoteWebElement.execute(RemoteWebElement.java:285)
	at org.openqa.selenium.remote.RemoteWebElement.click(RemoteWebElement.java:84)
	at org.openqa.selenium.support.events.EventFiringWebDriver$EventFiringWebElement.lambda$new$0(EventFiringWebDriver.java:404)
	at com.sun.proxy.$Proxy11.click(Unknown Source)
	at org.openqa.selenium.support.events.EventFiringWebDriver$EventFiringWebElement.click(EventFiringWebDriver.java:417)
	at com.kms.katalon.core.webui.keyword.builtin.ClickKeyword$_click_closure1.doCall(ClickKeyword.groovy:68)
	at com.kms.katalon.core.webui.keyword.builtin.ClickKeyword$_click_closure1.call(ClickKeyword.groovy)
	at com.kms.katalon.core.webui.keyword.internal.WebUIKeywordMain.runKeyword(WebUIKeywordMain.groovy:20)
	at com.kms.katalon.core.webui.keyword.builtin.ClickKeyword.click(ClickKeyword.groovy:75)
	at com.kms.katalon.core.webui.keyword.builtin.ClickKeyword.execute(ClickKeyword.groovy:42)
	at com.kms.katalon.core.keyword.internal.KeywordExecutor.executeKeywordForPlatform(KeywordExecutor.groovy:73)
	at com.kms.katalon.core.webui.keyword.WebUiBuiltInKeywords.click(WebUiBuiltInKeywords.groovy:619)
	at com.kms.katalon.core.webui.keyword.WebUiBuiltInKeywords$click$4.call(Unknown Source)
	at Script1621482856231.run(Script1621482856231.groovy:34)
	... 13 more
)

2021-05-28 17:48:55 - [MESSAGE][FAILED] - Unable to click on object 'Object Repository/Page_Test 123 - Team Mattermost/span_Test 123_channelHeaderDropdownIcon' (Root cause: com.kms.katalon.core.exception.StepFailedException: Unable to click on object 'Object Repository/Page_Test 123 - Team Mattermost/span_Test 123_channelHeaderDropdownIcon'
	at com.kms.katalon.core.webui.keyword.internal.WebUIKeywordMain.stepFailed(WebUIKeywordMain.groovy:64)
	at com.kms.katalon.core.webui.keyword.internal.WebUIKeywordMain.runKeyword(WebUIKeywordMain.groovy:26)
	at com.kms.katalon.core.webui.keyword.builtin.ClickKeyword.click(ClickKeyword.groovy:75)
	at com.kms.katalon.core.webui.keyword.builtin.ClickKeyword.execute(ClickKeyword.groovy:42)
	at com.kms.katalon.core.keyword.internal.KeywordExecutor.executeKeywordForPlatform(KeywordExecutor.groovy:73)
	at com.kms.katalon.core.webui.keyword.WebUiBuiltInKeywords.click(WebUiBuiltInKeywords.groovy:619)
	at com.kms.katalon.core.webui.keyword.WebUiBuiltInKeywords$click$4.call(Unknown Source)
	at UpdatePurposeChannel.run(UpdatePurposeChannel:34)
	at com.kms.katalon.core.main.ScriptEngine.run(ScriptEngine.java:194)
	at com.kms.katalon.core.main.ScriptEngine.runScriptAsRawText(ScriptEngine.java:119)
	at com.kms.katalon.core.main.TestCaseExecutor.runScript(TestCaseExecutor.java:398)
	at com.kms.katalon.core.main.TestCaseExecutor.doExecute(TestCaseExecutor.java:389)
	at com.kms.katalon.core.main.TestCaseExecutor.processExecutionPhase(TestCaseExecutor.java:368)
	at com.kms.katalon.core.main.TestCaseExecutor.accessMainPhase(TestCaseExecutor.java:360)
	at com.kms.katalon.core.main.TestCaseExecutor.execute(TestCaseExecutor.java:255)
	at com.kms.katalon.core.main.TestSuiteExecutor.accessTestCaseMainPhase(TestSuiteExecutor.java:203)
	at com.kms.katalon.core.main.TestSuiteExecutor.accessTestSuiteMainPhase(TestSuiteExecutor.java:152)
	at com.kms.katalon.core.main.TestSuiteExecutor.execute(TestSuiteExecutor.java:95)
	at com.kms.katalon.core.main.TestCaseMain.startTestSuite(TestCaseMain.java:157)
	at com.kms.katalon.core.main.TestCaseMain$startTestSuite$0.call(Unknown Source)
	at TempTestSuite1622198376741.run(TempTestSuite1622198376741.groovy:39)
Caused by: org.openqa.selenium.ElementClickInterceptedException: element click intercepted: Element <span id="channelHeaderDropdownIcon" class="fa fa-angle-down header-dropdown__icon" aria-label="dropdown icon"></span> is not clickable at point (357, 54). Other element would receive the click: <div role="dialog" aria-labelledby="quickSwitchModalLabel" tabindex="-1" class="in modal" style="display: block;">...</div>
  (Session info: chrome=90.0.4430.212)
Build info: version: '3.141.59', revision: 'e82be7d358', time: '2018-11-14T08:25:53'
System info: host: 'DESKTOP-4EMC2JH', ip: '172.16.0.2', os.name: 'Windows 10', os.arch: 'amd64', os.version: '10.0', java.version: '1.8.0_282'
Driver info: com.kms.katalon.selenium.driver.CChromeDriver
Capabilities {acceptInsecureCerts: false, browserName: chrome, browserVersion: 90.0.4430.212, chrome: {chromedriverVersion: 90.0.4430.24 (4c6d850f087da..., userDataDir: C:\Users\DELL\AppData\Local...}, goog:chromeOptions: {debuggerAddress: localhost:65282}, javascriptEnabled: true, networkConnectionEnabled: false, pageLoadStrategy: normal, platform: WINDOWS, platformName: WINDOWS, proxy: Proxy(), setWindowRect: true, strictFileInteractability: false, timeouts: {implicit: 0, pageLoad: 300000, script: 30000}, unhandledPromptBehavior: dismiss and notify, webauthn:extension:largeBlob: true, webauthn:virtualAuthenticators: true}
Session ID: cf08a9541f2963791beac6f416335faa
	at org.openqa.selenium.remote.http.W3CHttpResponseCodec.createException(W3CHttpResponseCodec.java:187)
	at org.openqa.selenium.remote.http.W3CHttpResponseCodec.decode(W3CHttpResponseCodec.java:122)
	at org.openqa.selenium.remote.http.W3CHttpResponseCodec.decode(W3CHttpResponseCodec.java:49)
	at org.openqa.selenium.remote.HttpCommandExecutor.execute(HttpCommandExecutor.java:158)
	at org.openqa.selenium.remote.service.DriverCommandExecutor.execute(DriverCommandExecutor.java:83)
	at org.openqa.selenium.remote.RemoteWebDriver.execute(RemoteWebDriver.java:552)
	at com.kms.katalon.selenium.driver.CChromeDriver.execute(CChromeDriver.java:19)
	at org.openqa.selenium.remote.RemoteWebElement.execute(RemoteWebElement.java:285)
	at org.openqa.selenium.remote.RemoteWebElement.click(RemoteWebElement.java:84)
	at org.openqa.selenium.support.events.EventFiringWebDriver$EventFiringWebElement.lambda$new$0(EventFiringWebDriver.java:404)
	at com.sun.proxy.$Proxy11.click(Unknown Source)
	at org.openqa.selenium.support.events.EventFiringWebDriver$EventFiringWebElement.click(EventFiringWebDriver.java:417)
	at com.kms.katalon.core.webui.keyword.builtin.ClickKeyword$_click_closure1.doCall(ClickKeyword.groovy:68)
	at com.kms.katalon.core.webui.keyword.builtin.ClickKeyword$_click_closure1.call(ClickKeyword.groovy)
	at com.kms.katalon.core.webui.keyword.internal.WebUIKeywordMain.runKeyword(WebUIKeywordMain.groovy:20)
	at com.kms.katalon.core.webui.keyword.builtin.ClickKeyword.click(ClickKeyword.groovy:75)
	at com.kms.katalon.core.webui.keyword.builtin.ClickKeyword.execute(ClickKeyword.groovy:42)
	at com.kms.katalon.core.keyword.internal.KeywordExecutor.executeKeywordForPlatform(KeywordExecutor.groovy:73)
	at com.kms.katalon.core.webui.keyword.WebUiBuiltInKeywords.click(WebUiBuiltInKeywords.groovy:619)
	at com.kms.katalon.core.webui.keyword.WebUiBuiltInKeywords$click$4.call(Unknown Source)
	at Script1621482856231.run(Script1621482856231.groovy:34)
	... 13 more
)
[[ATTACHMENT|G:\\HCMUS\\Nam4\\HK2\\Deadline\\2\\katalon\\Reports\\20210528_173936\\Run Interation 2\\20210528_173936\\1622198935368.png]]]]></system-out>
         <system-err><![CDATA[2021-05-28 17:48:07 - [TEST_CASE][FAILED] - Test Cases/UpdatePurposeChannel: Test Cases/UpdatePurposeChannel FAILED.
Reason:
com.kms.katalon.core.exception.StepFailedException: Unable to click on object 'Object Repository/Page_Test 123 - Team Mattermost/span_Test 123_channelHeaderDropdownIcon'
	at com.kms.katalon.core.webui.keyword.internal.WebUIKeywordMain.stepFailed(WebUIKeywordMain.groovy:64)
	at com.kms.katalon.core.webui.keyword.internal.WebUIKeywordMain.runKeyword(WebUIKeywordMain.groovy:26)
	at com.kms.katalon.core.webui.keyword.builtin.ClickKeyword.click(ClickKeyword.groovy:75)
	at com.kms.katalon.core.webui.keyword.builtin.ClickKeyword.execute(ClickKeyword.groovy:42)
	at com.kms.katalon.core.keyword.internal.KeywordExecutor.executeKeywordForPlatform(KeywordExecutor.groovy:73)
	at com.kms.katalon.core.webui.keyword.WebUiBuiltInKeywords.click(WebUiBuiltInKeywords.groovy:619)
	at com.kms.katalon.core.webui.keyword.WebUiBuiltInKeywords$click$4.call(Unknown Source)
	at UpdatePurposeChannel.run(UpdatePurposeChannel:34)
	at com.kms.katalon.core.main.ScriptEngine.run(ScriptEngine.java:194)
	at com.kms.katalon.core.main.ScriptEngine.runScriptAsRawText(ScriptEngine.java:119)
	at com.kms.katalon.core.main.TestCaseExecutor.runScript(TestCaseExecutor.java:398)
	at com.kms.katalon.core.main.TestCaseExecutor.doExecute(TestCaseExecutor.java:389)
	at com.kms.katalon.core.main.TestCaseExecutor.processExecutionPhase(TestCaseExecutor.java:368)
	at com.kms.katalon.core.main.TestCaseExecutor.accessMainPhase(TestCaseExecutor.java:360)
	at com.kms.katalon.core.main.TestCaseExecutor.execute(TestCaseExecutor.java:255)
	at com.kms.katalon.core.main.TestSuiteExecutor.accessTestCaseMainPhase(TestSuiteExecutor.java:203)
	at com.kms.katalon.core.main.TestSuiteExecutor.accessTestSuiteMainPhase(TestSuiteExecutor.java:152)
	at com.kms.katalon.core.main.TestSuiteExecutor.execute(TestSuiteExecutor.java:95)
	at com.kms.katalon.core.main.TestCaseMain.startTestSuite(TestCaseMain.java:157)
	at com.kms.katalon.core.main.TestCaseMain$startTestSuite$0.call(Unknown Source)
	at TempTestSuite1622198376741.run(TempTestSuite1622198376741.groovy:39)
Caused by: org.openqa.selenium.ElementClickInterceptedException: element click intercepted: Element <span id="channelHeaderDropdownIcon" class="fa fa-angle-down header-dropdown__icon" aria-label="dropdown icon"></span> is not clickable at point (357, 54). Other element would receive the click: <div role="dialog" aria-labelledby="quickSwitchModalLabel" tabindex="-1" class="in modal" style="display: block;">...</div>
  (Session info: chrome=90.0.4430.212)
Build info: version: '3.141.59', revision: 'e82be7d358', time: '2018-11-14T08:25:53'
System info: host: 'DESKTOP-4EMC2JH', ip: '172.16.0.2', os.name: 'Windows 10', os.arch: 'amd64', os.version: '10.0', java.version: '1.8.0_282'
Driver info: com.kms.katalon.selenium.driver.CChromeDriver
Capabilities {acceptInsecureCerts: false, browserName: chrome, browserVersion: 90.0.4430.212, chrome: {chromedriverVersion: 90.0.4430.24 (4c6d850f087da..., userDataDir: C:\Users\DELL\AppData\Local...}, goog:chromeOptions: {debuggerAddress: localhost:65282}, javascriptEnabled: true, networkConnectionEnabled: false, pageLoadStrategy: normal, platform: WINDOWS, platformName: WINDOWS, proxy: Proxy(), setWindowRect: true, strictFileInteractability: false, timeouts: {implicit: 0, pageLoad: 300000, script: 30000}, unhandledPromptBehavior: dismiss and notify, webauthn:extension:largeBlob: true, webauthn:virtualAuthenticators: true}
Session ID: cf08a9541f2963791beac6f416335faa
	at org.openqa.selenium.remote.http.W3CHttpResponseCodec.createException(W3CHttpResponseCodec.java:187)
	at org.openqa.selenium.remote.http.W3CHttpResponseCodec.decode(W3CHttpResponseCodec.java:122)
	at org.openqa.selenium.remote.http.W3CHttpResponseCodec.decode(W3CHttpResponseCodec.java:49)
	at org.openqa.selenium.remote.HttpCommandExecutor.execute(HttpCommandExecutor.java:158)
	at org.openqa.selenium.remote.service.DriverCommandExecutor.execute(DriverCommandExecutor.java:83)
	at org.openqa.selenium.remote.RemoteWebDriver.execute(RemoteWebDriver.java:552)
	at com.kms.katalon.selenium.driver.CChromeDriver.execute(CChromeDriver.java:19)
	at org.openqa.selenium.remote.RemoteWebElement.execute(RemoteWebElement.java:285)
	at org.openqa.selenium.remote.RemoteWebElement.click(RemoteWebElement.java:84)
	at org.openqa.selenium.support.events.EventFiringWebDriver$EventFiringWebElement.lambda$new$0(EventFiringWebDriver.java:404)
	at com.sun.proxy.$Proxy11.click(Unknown Source)
	at org.openqa.selenium.support.events.EventFiringWebDriver$EventFiringWebElement.click(EventFiringWebDriver.java:417)
	at com.kms.katalon.core.webui.keyword.builtin.ClickKeyword$_click_closure1.doCall(ClickKeyword.groovy:68)
	at com.kms.katalon.core.webui.keyword.builtin.ClickKeyword$_click_closure1.call(ClickKeyword.groovy)
	at com.kms.katalon.core.webui.keyword.internal.WebUIKeywordMain.runKeyword(WebUIKeywordMain.groovy:20)
	... 19 more]]></system-err>
      </testcase>
      <testcase name="Test Cases/UpdateTeamDescription" time="112.935" classname="Test Cases/UpdateTeamDescription" status="PASSED">
         <system-out><![CDATA[2021-05-28 17:48:55 - [TEST_CASE][PASSED] - Test Cases/UpdateTeamDescription: Test Cases/UpdateTeamDescription

2021-05-28 17:48:56 - [TEST_STEP][PASSED] - openBrowser(""): Browser is opened with url: ''

2021-05-28 17:48:56 - [MESSAGE][WARNING] - A browser is already opened. Closing browser and opening a new one

2021-05-28 17:48:57 - [MESSAGE][INFO] - Starting 'Chrome' driver

2021-05-28 17:48:57 - [MESSAGE][INFO] - Action delay is set to 0 milliseconds

2021-05-28 17:48:59 - [MESSAGE][PASSED] - Browser is opened with url: ''

2021-05-28 17:48:59 - [TEST_STEP][PASSED] - navigateToUrl("https://cdnc-group2.herokuapp.com/"): Navigate to 'https://cdnc-group2.herokuapp.com/' successfully

2021-05-28 17:49:02 - [MESSAGE][PASSED] - Navigate to 'https://cdnc-group2.herokuapp.com/' successfully

2021-05-28 17:49:02 - [TEST_STEP][PASSED] - setText(findTestObject("Object Repository/Page_Mattermost/input_All team communication in one place, _dcc84b"), "ngoctin040999@gmail.com"): Text 'ngoctin040999@gmail.com' is set on object 'Object Repository/Page_Mattermost/input_All team communication in one place, _dcc84b'

2021-05-28 17:49:08 - [MESSAGE][PASSED] - Text 'ngoctin040999@gmail.com' is set on object 'Object Repository/Page_Mattermost/input_All team communication in one place, _dcc84b'

2021-05-28 17:49:08 - [TEST_STEP][PASSED] - setEncryptedText(findTestObject("Object Repository/Page_Mattermost/input_All team communication in one place, _a3edc6"), "S8w1SJvl7D1hts9IdMV+NQ=="): Text ****** has been set on object 'Object Repository/Page_Mattermost/input_All team communication in one place, _a3edc6'

2021-05-28 17:49:08 - [MESSAGE][PASSED] - Text ****** has been set on object 'Object Repository/Page_Mattermost/input_All team communication in one place, _a3edc6'

2021-05-28 17:49:08 - [TEST_STEP][PASSED] - click(findTestObject("Object Repository/Page_Mattermost/button_Sign in")): Object: 'Object Repository/Page_Mattermost/button_Sign in' is clicked on

2021-05-28 17:49:09 - [MESSAGE][PASSED] - Object: 'Object Repository/Page_Mattermost/button_Sign in' is clicked on

2021-05-28 17:49:09 - [TEST_STEP][PASSED] - click(findTestObject("Object Repository/Page_Town Square - TOKEN_UPDATED Mattermost/div_TO")): Object: 'Object Repository/Page_Town Square - TOKEN_UPDATED Mattermost/div_TO' is clicked on

2021-05-28 17:49:40 - [MESSAGE][INFO] - Unable to find the element located by 'By.xpath: //a[@id='fsdfsdfTeamButton']/div/div/div/div'. Please recheck the objects properties to make sure the desired element is located. 

2021-05-28 17:49:40 - [MESSAGE][WARNING] - [SELF-HEALING] Failed to find element with id 'Object Repository/Page_Town Square - TOKEN_UPDATED Mattermost/div_TO'. Try using Self-healing.

2021-05-28 17:49:41 - [MESSAGE][WARNING] - [SELF-HEALING] The current locator of test object 'Object Repository/Page_Town Square - TOKEN_UPDATED Mattermost/div_TO' was broken. Propose an alternative one: '(.//*[normalize-space(text()) and normalize-space(.)='TOKEN_UPDATED'])[1]/following::div[11]'.

2021-05-28 17:49:41 - [MESSAGE][PASSED] - Object: 'Object Repository/Page_Town Square - TOKEN_UPDATED Mattermost/div_TO' is clicked on

2021-05-28 17:49:41 - [TEST_STEP][PASSED] - click(findTestObject("Object Repository/Page_Town Square - TOKEN_UPDATED Mattermost/path")): Object: 'Object Repository/Page_Town Square - TOKEN_UPDATED Mattermost/path' is clicked on

2021-05-28 17:50:12 - [MESSAGE][INFO] - Unable to find the element located by 'By.xpath: '. Please recheck the objects properties to make sure the desired element is located. 

2021-05-28 17:50:12 - [MESSAGE][WARNING] - [SELF-HEALING] Failed to find element with id 'Object Repository/Page_Town Square - TOKEN_UPDATED Mattermost/path'. Try using Self-healing.

2021-05-28 17:50:12 - [MESSAGE][WARNING] - [SELF-HEALING] The current locator of test object 'Object Repository/Page_Town Square - TOKEN_UPDATED Mattermost/path' was broken. Propose an alternative one: 'g > path'.

2021-05-28 17:50:12 - [MESSAGE][PASSED] - Object: 'Object Repository/Page_Town Square - TOKEN_UPDATED Mattermost/path' is clicked on

2021-05-28 17:50:12 - [TEST_STEP][PASSED] - click(findTestObject("Object Repository/Page_Town Square - TOKEN_UPDATED Mattermost/button_Team Settings")): Object: 'Object Repository/Page_Town Square - TOKEN_UPDATED Mattermost/button_Team Settings' is clicked on

2021-05-28 17:50:13 - [MESSAGE][PASSED] - Object: 'Object Repository/Page_Town Square - TOKEN_UPDATED Mattermost/button_Team Settings' is clicked on

2021-05-28 17:50:13 - [TEST_STEP][PASSED] - click(findTestObject("Object Repository/Page_Town Square - TOKEN_UPDATED Mattermost/span_Edit")): Object: 'Object Repository/Page_Town Square - TOKEN_UPDATED Mattermost/span_Edit' is clicked on

2021-05-28 17:50:45 - [MESSAGE][INFO] - Unable to find the element located by 'By.xpath: //button[@id='usernameEdit']/span'. Please recheck the objects properties to make sure the desired element is located. 

2021-05-28 17:50:45 - [MESSAGE][WARNING] - [SELF-HEALING] Failed to find element with id 'Object Repository/Page_Town Square - TOKEN_UPDATED Mattermost/span_Edit'. Try using Self-healing.

2021-05-28 17:50:45 - [MESSAGE][WARNING] - [SELF-HEALING] The current locator of test object 'Object Repository/Page_Town Square - TOKEN_UPDATED Mattermost/span_Edit' was broken. Propose an alternative one: '//div[4]/div/div/button/span'.

2021-05-28 17:50:45 - [MESSAGE][PASSED] - Object: 'Object Repository/Page_Town Square - TOKEN_UPDATED Mattermost/span_Edit' is clicked on

2021-05-28 17:50:45 - [TEST_STEP][PASSED] - setText(findTestObject("Object Repository/Page_Town Square - TOKEN_UPDATED Mattermost/input_Team Description_teamDescription"), "TOKEN TEAM 123"): Text 'TOKEN TEAM 123' is set on object 'Object Repository/Page_Town Square - TOKEN_UPDATED Mattermost/input_Team Description_teamDescription'

2021-05-28 17:50:46 - [MESSAGE][PASSED] - Text 'TOKEN TEAM 123' is set on object 'Object Repository/Page_Town Square - TOKEN_UPDATED Mattermost/input_Team Description_teamDescription'

2021-05-28 17:50:46 - [TEST_STEP][PASSED] - click(findTestObject("Object Repository/Page_Town Square - TOKEN_UPDATED Mattermost/span_Save")): Object: 'Object Repository/Page_Town Square - TOKEN_UPDATED Mattermost/span_Save' is clicked on

2021-05-28 17:50:47 - [MESSAGE][PASSED] - Object: 'Object Repository/Page_Town Square - TOKEN_UPDATED Mattermost/span_Save' is clicked on

2021-05-28 17:50:47 - [TEST_STEP][PASSED] - click(findTestObject("Object Repository/Page_Town Square - TOKEN_UPDATED Mattermost/span_")): Object: 'Object Repository/Page_Town Square - TOKEN_UPDATED Mattermost/span_' is clicked on

2021-05-28 17:50:47 - [MESSAGE][PASSED] - Object: 'Object Repository/Page_Town Square - TOKEN_UPDATED Mattermost/span_' is clicked on

2021-05-28 17:50:47 - [TEST_STEP][PASSED] - closeBrowser(): Browser is closed

2021-05-28 17:50:48 - [MESSAGE][PASSED] - Browser is closed]]></system-out>
         <system-err><![CDATA[]]></system-err>
      </testcase>
      <testcase name="Test Cases/UpdateTeamName" time="49.291" classname="Test Cases/UpdateTeamName" status="FAILED">
         <failure type="FAILED" message="Test Cases/UpdateTeamName FAILED.
Reason:
com.kms.katalon.core.exception.StepFailedException: Unable to click on object 'Object Repository/Page_Town Square - TOKEN Mattermost/div_TO'
	at com.kms.katalon.core.webui.keyword.internal.WebUIKeywordMain.stepFailed(WebUIKeywordMain.groovy:64)
	at com.kms.katalon.core.webui.keyword.internal.WebUIKeywordMain.runKeyword(WebUIKeywordMain.groovy:26)
	at com.kms.katalon.core.webui.keyword.builtin.ClickKeyword.click(ClickKeyword.groovy:75)
	at com.kms.katalon.core.webui.keyword.builtin.ClickKeyword.execute(ClickKeyword.groovy:42)
	at com.kms.katalon.core.keyword.internal.KeywordExecutor.executeKeywordForPlatform(KeywordExecutor.groovy:73)
	at com.kms.katalon.core.webui.keyword.WebUiBuiltInKeywords.click(WebUiBuiltInKeywords.groovy:619)
	at com.kms.katalon.core.webui.keyword.WebUiBuiltInKeywords$click$4.call(Unknown Source)
	at UpdateTeamName.run(UpdateTeamName:31)
	at com.kms.katalon.core.main.ScriptEngine.run(ScriptEngine.java:194)
	at com.kms.katalon.core.main.ScriptEngine.runScriptAsRawText(ScriptEngine.java:119)
	at com.kms.katalon.core.main.TestCaseExecutor.runScript(TestCaseExecutor.java:398)
	at com.kms.katalon.core.main.TestCaseExecutor.doExecute(TestCaseExecutor.java:389)
	at com.kms.katalon.core.main.TestCaseExecutor.processExecutionPhase(TestCaseExecutor.java:368)
	at com.kms.katalon.core.main.TestCaseExecutor.accessMainPhase(TestCaseExecutor.java:360)
	at com.kms.katalon.core.main.TestCaseExecutor.execute(TestCaseExecutor.java:255)
	at com.kms.katalon.core.main.TestSuiteExecutor.accessTestCaseMainPhase(TestSuiteExecutor.java:203)
	at com.kms.katalon.core.main.TestSuiteExecutor.accessTestSuiteMainPhase(TestSuiteExecutor.java:152)
	at com.kms.katalon.core.main.TestSuiteExecutor.execute(TestSuiteExecutor.java:95)
	at com.kms.katalon.core.main.TestCaseMain.startTestSuite(TestCaseMain.java:157)
	at com.kms.katalon.core.main.TestCaseMain$startTestSuite$0.call(Unknown Source)
	at TempTestSuite1622198376741.run(TempTestSuite1622198376741.groovy:39)
Caused by: com.kms.katalon.core.webui.exception.WebElementNotFoundException: Web element with id: 'Object Repository/Page_Town Square - TOKEN Mattermost/div_TO' located by '//a[@id='fsdfsdfTeamButton']/div/div/div/div' not found
	at com.kms.katalon.core.webui.common.WebUiCommonHelper.findWebElement(WebUiCommonHelper.java:1368)
	at com.kms.katalon.core.webui.keyword.internal.WebUIAbstractKeyword.findWebElement(WebUIAbstractKeyword.groovy:27)
	at com.kms.katalon.core.webui.keyword.internal.WebUIAbstractKeyword.findWebElement(WebUIAbstractKeyword.groovy:26)
	at com.kms.katalon.core.webui.keyword.builtin.ClickKeyword$_click_closure1.doCall(ClickKeyword.groovy:66)
	at com.kms.katalon.core.webui.keyword.builtin.ClickKeyword$_click_closure1.call(ClickKeyword.groovy)
	at com.kms.katalon.core.webui.keyword.internal.WebUIKeywordMain.runKeyword(WebUIKeywordMain.groovy:20)
	... 19 more
"/>
         <system-out><![CDATA[2021-05-28 17:50:48 - [TEST_CASE][FAILED] - Test Cases/UpdateTeamName: Test Cases/UpdateTeamName FAILED.
Reason:
com.kms.katalon.core.exception.StepFailedException: Unable to click on object 'Object Repository/Page_Town Square - TOKEN Mattermost/div_TO'
	at com.kms.katalon.core.webui.keyword.internal.WebUIKeywordMain.stepFailed(WebUIKeywordMain.groovy:64)
	at com.kms.katalon.core.webui.keyword.internal.WebUIKeywordMain.runKeyword(WebUIKeywordMain.groovy:26)
	at com.kms.katalon.core.webui.keyword.builtin.ClickKeyword.click(ClickKeyword.groovy:75)
	at com.kms.katalon.core.webui.keyword.builtin.ClickKeyword.execute(ClickKeyword.groovy:42)
	at com.kms.katalon.core.keyword.internal.KeywordExecutor.executeKeywordForPlatform(KeywordExecutor.groovy:73)
	at com.kms.katalon.core.webui.keyword.WebUiBuiltInKeywords.click(WebUiBuiltInKeywords.groovy:619)
	at com.kms.katalon.core.webui.keyword.WebUiBuiltInKeywords$click$4.call(Unknown Source)
	at UpdateTeamName.run(UpdateTeamName:31)
	at com.kms.katalon.core.main.ScriptEngine.run(ScriptEngine.java:194)
	at com.kms.katalon.core.main.ScriptEngine.runScriptAsRawText(ScriptEngine.java:119)
	at com.kms.katalon.core.main.TestCaseExecutor.runScript(TestCaseExecutor.java:398)
	at com.kms.katalon.core.main.TestCaseExecutor.doExecute(TestCaseExecutor.java:389)
	at com.kms.katalon.core.main.TestCaseExecutor.processExecutionPhase(TestCaseExecutor.java:368)
	at com.kms.katalon.core.main.TestCaseExecutor.accessMainPhase(TestCaseExecutor.java:360)
	at com.kms.katalon.core.main.TestCaseExecutor.execute(TestCaseExecutor.java:255)
	at com.kms.katalon.core.main.TestSuiteExecutor.accessTestCaseMainPhase(TestSuiteExecutor.java:203)
	at com.kms.katalon.core.main.TestSuiteExecutor.accessTestSuiteMainPhase(TestSuiteExecutor.java:152)
	at com.kms.katalon.core.main.TestSuiteExecutor.execute(TestSuiteExecutor.java:95)
	at com.kms.katalon.core.main.TestCaseMain.startTestSuite(TestCaseMain.java:157)
	at com.kms.katalon.core.main.TestCaseMain$startTestSuite$0.call(Unknown Source)
	at TempTestSuite1622198376741.run(TempTestSuite1622198376741.groovy:39)
Caused by: com.kms.katalon.core.webui.exception.WebElementNotFoundException: Web element with id: 'Object Repository/Page_Town Square - TOKEN Mattermost/div_TO' located by '//a[@id='fsdfsdfTeamButton']/div/div/div/div' not found
	at com.kms.katalon.core.webui.common.WebUiCommonHelper.findWebElement(WebUiCommonHelper.java:1368)
	at com.kms.katalon.core.webui.keyword.internal.WebUIAbstractKeyword.findWebElement(WebUIAbstractKeyword.groovy:27)
	at com.kms.katalon.core.webui.keyword.internal.WebUIAbstractKeyword.findWebElement(WebUIAbstractKeyword.groovy:26)
	at com.kms.katalon.core.webui.keyword.builtin.ClickKeyword$_click_closure1.doCall(ClickKeyword.groovy:66)
	at com.kms.katalon.core.webui.keyword.builtin.ClickKeyword$_click_closure1.call(ClickKeyword.groovy)
	at com.kms.katalon.core.webui.keyword.internal.WebUIKeywordMain.runKeyword(WebUIKeywordMain.groovy:20)
	... 19 more


2021-05-28 17:50:48 - [TEST_STEP][PASSED] - openBrowser(""): Browser is opened with url: ''

2021-05-28 17:50:48 - [MESSAGE][INFO] - Starting 'Chrome' driver

2021-05-28 17:50:48 - [MESSAGE][INFO] - Action delay is set to 0 milliseconds

2021-05-28 17:50:50 - [MESSAGE][PASSED] - Browser is opened with url: ''

2021-05-28 17:50:50 - [TEST_STEP][PASSED] - navigateToUrl("https://cdnc-group2.herokuapp.com/"): Navigate to 'https://cdnc-group2.herokuapp.com/' successfully

2021-05-28 17:50:54 - [MESSAGE][PASSED] - Navigate to 'https://cdnc-group2.herokuapp.com/' successfully

2021-05-28 17:50:54 - [TEST_STEP][PASSED] - setText(findTestObject("Object Repository/Page_Mattermost/input_All team communication in one place, _dcc84b"), "ngoctin040999@gmail.com"): Text 'ngoctin040999@gmail.com' is set on object 'Object Repository/Page_Mattermost/input_All team communication in one place, _dcc84b'

2021-05-28 17:51:00 - [MESSAGE][PASSED] - Text 'ngoctin040999@gmail.com' is set on object 'Object Repository/Page_Mattermost/input_All team communication in one place, _dcc84b'

2021-05-28 17:51:00 - [TEST_STEP][PASSED] - setEncryptedText(findTestObject("Object Repository/Page_Mattermost/input_All team communication in one place, _a3edc6"), "S8w1SJvl7D1hts9IdMV+NQ=="): Text ****** has been set on object 'Object Repository/Page_Mattermost/input_All team communication in one place, _a3edc6'

2021-05-28 17:51:00 - [MESSAGE][PASSED] - Text ****** has been set on object 'Object Repository/Page_Mattermost/input_All team communication in one place, _a3edc6'

2021-05-28 17:51:00 - [TEST_STEP][PASSED] - click(findTestObject("Object Repository/Page_Mattermost/span_Sign in")): Object: 'Object Repository/Page_Mattermost/span_Sign in' is clicked on

2021-05-28 17:51:01 - [MESSAGE][PASSED] - Object: 'Object Repository/Page_Mattermost/span_Sign in' is clicked on

2021-05-28 17:51:01 - [TEST_STEP][FAILED] - click(findTestObject("Object Repository/Page_Town Square - TOKEN Mattermost/div_TO")): Unable to click on object 'Object Repository/Page_Town Square - TOKEN Mattermost/div_TO' (Root cause: com.kms.katalon.core.exception.StepFailedException: Unable to click on object 'Object Repository/Page_Town Square - TOKEN Mattermost/div_TO'
	at com.kms.katalon.core.webui.keyword.internal.WebUIKeywordMain.stepFailed(WebUIKeywordMain.groovy:64)
	at com.kms.katalon.core.webui.keyword.internal.WebUIKeywordMain.runKeyword(WebUIKeywordMain.groovy:26)
	at com.kms.katalon.core.webui.keyword.builtin.ClickKeyword.click(ClickKeyword.groovy:75)
	at com.kms.katalon.core.webui.keyword.builtin.ClickKeyword.execute(ClickKeyword.groovy:42)
	at com.kms.katalon.core.keyword.internal.KeywordExecutor.executeKeywordForPlatform(KeywordExecutor.groovy:73)
	at com.kms.katalon.core.webui.keyword.WebUiBuiltInKeywords.click(WebUiBuiltInKeywords.groovy:619)
	at com.kms.katalon.core.webui.keyword.WebUiBuiltInKeywords$click$4.call(Unknown Source)
	at UpdateTeamName.run(UpdateTeamName:31)
	at com.kms.katalon.core.main.ScriptEngine.run(ScriptEngine.java:194)
	at com.kms.katalon.core.main.ScriptEngine.runScriptAsRawText(ScriptEngine.java:119)
	at com.kms.katalon.core.main.TestCaseExecutor.runScript(TestCaseExecutor.java:398)
	at com.kms.katalon.core.main.TestCaseExecutor.doExecute(TestCaseExecutor.java:389)
	at com.kms.katalon.core.main.TestCaseExecutor.processExecutionPhase(TestCaseExecutor.java:368)
	at com.kms.katalon.core.main.TestCaseExecutor.accessMainPhase(TestCaseExecutor.java:360)
	at com.kms.katalon.core.main.TestCaseExecutor.execute(TestCaseExecutor.java:255)
	at com.kms.katalon.core.main.TestSuiteExecutor.accessTestCaseMainPhase(TestSuiteExecutor.java:203)
	at com.kms.katalon.core.main.TestSuiteExecutor.accessTestSuiteMainPhase(TestSuiteExecutor.java:152)
	at com.kms.katalon.core.main.TestSuiteExecutor.execute(TestSuiteExecutor.java:95)
	at com.kms.katalon.core.main.TestCaseMain.startTestSuite(TestCaseMain.java:157)
	at com.kms.katalon.core.main.TestCaseMain$startTestSuite$0.call(Unknown Source)
	at TempTestSuite1622198376741.run(TempTestSuite1622198376741.groovy:39)
Caused by: com.kms.katalon.core.webui.exception.WebElementNotFoundException: Web element with id: 'Object Repository/Page_Town Square - TOKEN Mattermost/div_TO' located by '//a[@id='fsdfsdfTeamButton']/div/div/div/div' not found
	at com.kms.katalon.core.webui.common.WebUiCommonHelper.findWebElement(WebUiCommonHelper.java:1368)
	at com.kms.katalon.core.webui.keyword.internal.WebUIAbstractKeyword.findWebElement(WebUIAbstractKeyword.groovy:27)
	at com.kms.katalon.core.webui.keyword.internal.WebUIAbstractKeyword.findWebElement(WebUIAbstractKeyword.groovy:26)
	at com.kms.katalon.core.webui.keyword.builtin.ClickKeyword$_click_closure1.doCall(ClickKeyword.groovy:66)
	at com.kms.katalon.core.webui.keyword.builtin.ClickKeyword$_click_closure1.call(ClickKeyword.groovy)
	at com.kms.katalon.core.webui.keyword.internal.WebUIKeywordMain.runKeyword(WebUIKeywordMain.groovy:20)
	at com.kms.katalon.core.webui.keyword.builtin.ClickKeyword.click(ClickKeyword.groovy:75)
	at com.kms.katalon.core.webui.keyword.builtin.ClickKeyword.execute(ClickKeyword.groovy:42)
	at com.kms.katalon.core.keyword.internal.KeywordExecutor.executeKeywordForPlatform(KeywordExecutor.groovy:73)
	at com.kms.katalon.core.webui.keyword.WebUiBuiltInKeywords.click(WebUiBuiltInKeywords.groovy:619)
	at com.kms.katalon.core.webui.keyword.WebUiBuiltInKeywords$click$4.call(Unknown Source)
	at Script1621606097014.run(Script1621606097014.groovy:31)
	... 13 more
)

2021-05-28 17:51:32 - [MESSAGE][INFO] - Unable to find the element located by 'By.xpath: //a[@id='fsdfsdfTeamButton']/div/div/div/div'. Please recheck the objects properties to make sure the desired element is located. 

2021-05-28 17:51:32 - [MESSAGE][WARNING] - [SELF-HEALING] Failed to find element with id 'Object Repository/Page_Town Square - TOKEN Mattermost/div_TO'. Try using Self-healing.

2021-05-28 17:51:33 - [MESSAGE][INFO] - Unable to find the element located by 'By.xpath: //a/div/div/div/div'. Please recheck the objects properties to make sure the desired element is located. 

2021-05-28 17:51:34 - [MESSAGE][INFO] - [SELF-HEALING] Failed Locator: '//a[@id='fsdfsdfTeamButton']/div/div/div/div'.

2021-05-28 17:51:34 - [MESSAGE][INFO] - [SELF-HEALING] Failed Locator: '(.//*[normalize-space(text()) and normalize-space(.)='TOKEN'])[1]/following::div[11]'.

2021-05-28 17:51:34 - [MESSAGE][INFO] - [SELF-HEALING] Failed Locator: '(.//*[normalize-space(text()) and normalize-space(.)='Up'])[1]/preceding::div[1]'.

2021-05-28 17:51:34 - [MESSAGE][INFO] - [SELF-HEALING] Failed Locator: '(.//*[normalize-space(text()) and normalize-space(.)='Up'])[2]/preceding::div[6]'.

2021-05-28 17:51:35 - [MESSAGE][INFO] - [SELF-HEALING] Failed Locator: '//*/text()[normalize-space(.)='TO']/parent::*'.

2021-05-28 17:51:35 - [MESSAGE][INFO] - [SELF-HEALING] Failed Locator: '//a/div/div/div/div'.

2021-05-28 17:51:36 - [MESSAGE][INFO] - Unable to find the element located by 'By.xpath: //*[(text() = 'TO' or . = 'TO')]'. Please recheck the objects properties to make sure the desired element is located. 

2021-05-28 17:51:37 - [MESSAGE][INFO] - Unable to find the element located by 'By.cssSelector: div.TeamIcon__initials.TeamIcon__initials__md'. Please recheck the objects properties to make sure the desired element is located. 

2021-05-28 17:51:37 - [MESSAGE][FAILED] - Unable to click on object 'Object Repository/Page_Town Square - TOKEN Mattermost/div_TO' (Root cause: com.kms.katalon.core.exception.StepFailedException: Unable to click on object 'Object Repository/Page_Town Square - TOKEN Mattermost/div_TO'
	at com.kms.katalon.core.webui.keyword.internal.WebUIKeywordMain.stepFailed(WebUIKeywordMain.groovy:64)
	at com.kms.katalon.core.webui.keyword.internal.WebUIKeywordMain.runKeyword(WebUIKeywordMain.groovy:26)
	at com.kms.katalon.core.webui.keyword.builtin.ClickKeyword.click(ClickKeyword.groovy:75)
	at com.kms.katalon.core.webui.keyword.builtin.ClickKeyword.execute(ClickKeyword.groovy:42)
	at com.kms.katalon.core.keyword.internal.KeywordExecutor.executeKeywordForPlatform(KeywordExecutor.groovy:73)
	at com.kms.katalon.core.webui.keyword.WebUiBuiltInKeywords.click(WebUiBuiltInKeywords.groovy:619)
	at com.kms.katalon.core.webui.keyword.WebUiBuiltInKeywords$click$4.call(Unknown Source)
	at UpdateTeamName.run(UpdateTeamName:31)
	at com.kms.katalon.core.main.ScriptEngine.run(ScriptEngine.java:194)
	at com.kms.katalon.core.main.ScriptEngine.runScriptAsRawText(ScriptEngine.java:119)
	at com.kms.katalon.core.main.TestCaseExecutor.runScript(TestCaseExecutor.java:398)
	at com.kms.katalon.core.main.TestCaseExecutor.doExecute(TestCaseExecutor.java:389)
	at com.kms.katalon.core.main.TestCaseExecutor.processExecutionPhase(TestCaseExecutor.java:368)
	at com.kms.katalon.core.main.TestCaseExecutor.accessMainPhase(TestCaseExecutor.java:360)
	at com.kms.katalon.core.main.TestCaseExecutor.execute(TestCaseExecutor.java:255)
	at com.kms.katalon.core.main.TestSuiteExecutor.accessTestCaseMainPhase(TestSuiteExecutor.java:203)
	at com.kms.katalon.core.main.TestSuiteExecutor.accessTestSuiteMainPhase(TestSuiteExecutor.java:152)
	at com.kms.katalon.core.main.TestSuiteExecutor.execute(TestSuiteExecutor.java:95)
	at com.kms.katalon.core.main.TestCaseMain.startTestSuite(TestCaseMain.java:157)
	at com.kms.katalon.core.main.TestCaseMain$startTestSuite$0.call(Unknown Source)
	at TempTestSuite1622198376741.run(TempTestSuite1622198376741.groovy:39)
Caused by: com.kms.katalon.core.webui.exception.WebElementNotFoundException: Web element with id: 'Object Repository/Page_Town Square - TOKEN Mattermost/div_TO' located by '//a[@id='fsdfsdfTeamButton']/div/div/div/div' not found
	at com.kms.katalon.core.webui.common.WebUiCommonHelper.findWebElement(WebUiCommonHelper.java:1368)
	at com.kms.katalon.core.webui.keyword.internal.WebUIAbstractKeyword.findWebElement(WebUIAbstractKeyword.groovy:27)
	at com.kms.katalon.core.webui.keyword.internal.WebUIAbstractKeyword.findWebElement(WebUIAbstractKeyword.groovy:26)
	at com.kms.katalon.core.webui.keyword.builtin.ClickKeyword$_click_closure1.doCall(ClickKeyword.groovy:66)
	at com.kms.katalon.core.webui.keyword.builtin.ClickKeyword$_click_closure1.call(ClickKeyword.groovy)
	at com.kms.katalon.core.webui.keyword.internal.WebUIKeywordMain.runKeyword(WebUIKeywordMain.groovy:20)
	at com.kms.katalon.core.webui.keyword.builtin.ClickKeyword.click(ClickKeyword.groovy:75)
	at com.kms.katalon.core.webui.keyword.builtin.ClickKeyword.execute(ClickKeyword.groovy:42)
	at com.kms.katalon.core.keyword.internal.KeywordExecutor.executeKeywordForPlatform(KeywordExecutor.groovy:73)
	at com.kms.katalon.core.webui.keyword.WebUiBuiltInKeywords.click(WebUiBuiltInKeywords.groovy:619)
	at com.kms.katalon.core.webui.keyword.WebUiBuiltInKeywords$click$4.call(Unknown Source)
	at Script1621606097014.run(Script1621606097014.groovy:31)
	... 13 more
)
[[ATTACHMENT|G:\\HCMUS\\Nam4\\HK2\\Deadline\\2\\katalon\\Reports\\20210528_173936\\Run Interation 2\\20210528_173936\\1622199097627.png]]]]></system-out>
         <system-err><![CDATA[2021-05-28 17:50:48 - [TEST_CASE][FAILED] - Test Cases/UpdateTeamName: Test Cases/UpdateTeamName FAILED.
Reason:
com.kms.katalon.core.exception.StepFailedException: Unable to click on object 'Object Repository/Page_Town Square - TOKEN Mattermost/div_TO'
	at com.kms.katalon.core.webui.keyword.internal.WebUIKeywordMain.stepFailed(WebUIKeywordMain.groovy:64)
	at com.kms.katalon.core.webui.keyword.internal.WebUIKeywordMain.runKeyword(WebUIKeywordMain.groovy:26)
	at com.kms.katalon.core.webui.keyword.builtin.ClickKeyword.click(ClickKeyword.groovy:75)
	at com.kms.katalon.core.webui.keyword.builtin.ClickKeyword.execute(ClickKeyword.groovy:42)
	at com.kms.katalon.core.keyword.internal.KeywordExecutor.executeKeywordForPlatform(KeywordExecutor.groovy:73)
	at com.kms.katalon.core.webui.keyword.WebUiBuiltInKeywords.click(WebUiBuiltInKeywords.groovy:619)
	at com.kms.katalon.core.webui.keyword.WebUiBuiltInKeywords$click$4.call(Unknown Source)
	at UpdateTeamName.run(UpdateTeamName:31)
	at com.kms.katalon.core.main.ScriptEngine.run(ScriptEngine.java:194)
	at com.kms.katalon.core.main.ScriptEngine.runScriptAsRawText(ScriptEngine.java:119)
	at com.kms.katalon.core.main.TestCaseExecutor.runScript(TestCaseExecutor.java:398)
	at com.kms.katalon.core.main.TestCaseExecutor.doExecute(TestCaseExecutor.java:389)
	at com.kms.katalon.core.main.TestCaseExecutor.processExecutionPhase(TestCaseExecutor.java:368)
	at com.kms.katalon.core.main.TestCaseExecutor.accessMainPhase(TestCaseExecutor.java:360)
	at com.kms.katalon.core.main.TestCaseExecutor.execute(TestCaseExecutor.java:255)
	at com.kms.katalon.core.main.TestSuiteExecutor.accessTestCaseMainPhase(TestSuiteExecutor.java:203)
	at com.kms.katalon.core.main.TestSuiteExecutor.accessTestSuiteMainPhase(TestSuiteExecutor.java:152)
	at com.kms.katalon.core.main.TestSuiteExecutor.execute(TestSuiteExecutor.java:95)
	at com.kms.katalon.core.main.TestCaseMain.startTestSuite(TestCaseMain.java:157)
	at com.kms.katalon.core.main.TestCaseMain$startTestSuite$0.call(Unknown Source)
	at TempTestSuite1622198376741.run(TempTestSuite1622198376741.groovy:39)
Caused by: com.kms.katalon.core.webui.exception.WebElementNotFoundException: Web element with id: 'Object Repository/Page_Town Square - TOKEN Mattermost/div_TO' located by '//a[@id='fsdfsdfTeamButton']/div/div/div/div' not found
	at com.kms.katalon.core.webui.common.WebUiCommonHelper.findWebElement(WebUiCommonHelper.java:1368)
	at com.kms.katalon.core.webui.keyword.internal.WebUIAbstractKeyword.findWebElement(WebUIAbstractKeyword.groovy:27)
	at com.kms.katalon.core.webui.keyword.internal.WebUIAbstractKeyword.findWebElement(WebUIAbstractKeyword.groovy:26)
	at com.kms.katalon.core.webui.keyword.builtin.ClickKeyword$_click_closure1.doCall(ClickKeyword.groovy:66)
	at com.kms.katalon.core.webui.keyword.builtin.ClickKeyword$_click_closure1.call(ClickKeyword.groovy)
	at com.kms.katalon.core.webui.keyword.internal.WebUIKeywordMain.runKeyword(WebUIKeywordMain.groovy:20)
	... 19 more]]></system-err>
      </testcase>
      <testcase name="Test Cases/SwitchChannels" time="21.833" classname="Test Cases/SwitchChannels" status="PASSED">
         <system-out><![CDATA[2021-05-28 17:51:37 - [TEST_CASE][PASSED] - Test Cases/SwitchChannels: Test Cases/SwitchChannels

2021-05-28 17:51:38 - [TEST_STEP][PASSED] - openBrowser(""): Browser is opened with url: ''

2021-05-28 17:51:38 - [MESSAGE][WARNING] - A browser is already opened. Closing browser and opening a new one

2021-05-28 17:51:39 - [MESSAGE][INFO] - Starting 'Chrome' driver

2021-05-28 17:51:39 - [MESSAGE][INFO] - Action delay is set to 0 milliseconds

2021-05-28 17:51:40 - [MESSAGE][PASSED] - Browser is opened with url: ''

2021-05-28 17:51:40 - [TEST_STEP][PASSED] - navigateToUrl("https://cdnc-group2.herokuapp.com/"): Navigate to 'https://cdnc-group2.herokuapp.com/' successfully

2021-05-28 17:51:47 - [MESSAGE][PASSED] - Navigate to 'https://cdnc-group2.herokuapp.com/' successfully

2021-05-28 17:51:47 - [TEST_STEP][PASSED] - setText(findTestObject("Object Repository/Page_Mattermost/input_All team communication in one place, _dcc84b"), "ngoctin040999@gmail.com"): Text 'ngoctin040999@gmail.com' is set on object 'Object Repository/Page_Mattermost/input_All team communication in one place, _dcc84b'

2021-05-28 17:51:52 - [MESSAGE][PASSED] - Text 'ngoctin040999@gmail.com' is set on object 'Object Repository/Page_Mattermost/input_All team communication in one place, _dcc84b'

2021-05-28 17:51:52 - [TEST_STEP][PASSED] - setEncryptedText(findTestObject("Object Repository/Page_Mattermost/input_All team communication in one place, _a3edc6"), "S8w1SJvl7D1hts9IdMV+NQ=="): Text ****** has been set on object 'Object Repository/Page_Mattermost/input_All team communication in one place, _a3edc6'

2021-05-28 17:51:53 - [MESSAGE][PASSED] - Text ****** has been set on object 'Object Repository/Page_Mattermost/input_All team communication in one place, _a3edc6'

2021-05-28 17:51:53 - [TEST_STEP][PASSED] - click(findTestObject("Object Repository/Page_Mattermost/span_Sign in")): Object: 'Object Repository/Page_Mattermost/span_Sign in' is clicked on

2021-05-28 17:51:53 - [MESSAGE][PASSED] - Object: 'Object Repository/Page_Mattermost/span_Sign in' is clicked on

2021-05-28 17:51:53 - [TEST_STEP][PASSED] - click(findTestObject("Object Repository/Page_Town Square - TOKEN Mattermost/span_Switch Channels")): Object: 'Object Repository/Page_Town Square - TOKEN Mattermost/span_Switch Channels' is clicked on

2021-05-28 17:51:57 - [MESSAGE][PASSED] - Object: 'Object Repository/Page_Town Square - TOKEN Mattermost/span_Switch Channels' is clicked on

2021-05-28 17:51:57 - [TEST_STEP][PASSED] - setText(findTestObject("Object Repository/Page_Town Square - TOKEN Mattermost/input_ESC_quickSwitchInput"), "Test 111224"): Text 'Test 111224' is set on object 'Object Repository/Page_Town Square - TOKEN Mattermost/input_ESC_quickSwitchInput'

2021-05-28 17:51:58 - [MESSAGE][PASSED] - Text 'Test 111224' is set on object 'Object Repository/Page_Town Square - TOKEN Mattermost/input_ESC_quickSwitchInput'

2021-05-28 17:51:58 - [TEST_STEP][PASSED] - if (findTestObject("Object Repository/Page_Town Square - TOKEN Mattermost/span_Test 111224") == null): null

2021-05-28 17:51:58 - [TEST_STEP][PASSED] - click(findTestObject("Object Repository/Page_Town Square - TOKEN Mattermost/span_Test 111224")): Object: 'Object Repository/Page_Town Square - TOKEN Mattermost/span_Test 111224' is clicked on

2021-05-28 17:51:59 - [MESSAGE][PASSED] - Object: 'Object Repository/Page_Town Square - TOKEN Mattermost/span_Test 111224' is clicked on]]></system-out>
         <system-err><![CDATA[]]></system-err>
      </testcase>
      <testcase name="Test Cases/CreateRoom" time="25.226" classname="Test Cases/CreateRoom" status="PASSED">
         <system-out><![CDATA[2021-05-28 17:51:59 - [TEST_CASE][PASSED] - Test Cases/CreateRoom: Test Cases/CreateRoom

2021-05-28 17:52:00 - [TEST_STEP][PASSED] - openBrowser(""): Browser is opened with url: ''

2021-05-28 17:52:00 - [MESSAGE][WARNING] - A browser is already opened. Closing browser and opening a new one

2021-05-28 17:52:00 - [MESSAGE][INFO] - Starting 'Chrome' driver

2021-05-28 17:52:00 - [MESSAGE][INFO] - Action delay is set to 0 milliseconds

2021-05-28 17:52:02 - [MESSAGE][PASSED] - Browser is opened with url: ''

2021-05-28 17:52:02 - [TEST_STEP][PASSED] - navigateToUrl("https://cdnc-group2.herokuapp.com"): Navigate to 'https://cdnc-group2.herokuapp.com' successfully

2021-05-28 17:52:09 - [MESSAGE][PASSED] - Navigate to 'https://cdnc-group2.herokuapp.com' successfully

2021-05-28 17:52:09 - [TEST_STEP][PASSED] - setText(findTestObject("Object Repository/Login_Mattermost_OR/input_All team communication in one place, _dcc84b"), "ngoctin040999@gmail.com"): Text 'ngoctin040999@gmail.com' is set on object 'Object Repository/Login_Mattermost_OR/input_All team communication in one place, _dcc84b'

2021-05-28 17:52:14 - [MESSAGE][PASSED] - Text 'ngoctin040999@gmail.com' is set on object 'Object Repository/Login_Mattermost_OR/input_All team communication in one place, _dcc84b'

2021-05-28 17:52:14 - [TEST_STEP][PASSED] - setText(findTestObject("Object Repository/Login_Mattermost_OR/input_All team communication in one place, _a3edc6"), "ngoctin1"): Text 'ngoctin1' is set on object 'Object Repository/Login_Mattermost_OR/input_All team communication in one place, _a3edc6'

2021-05-28 17:52:14 - [MESSAGE][PASSED] - Text 'ngoctin1' is set on object 'Object Repository/Login_Mattermost_OR/input_All team communication in one place, _a3edc6'

2021-05-28 17:52:14 - [TEST_STEP][PASSED] - click(findTestObject("Object Repository/Login_Mattermost_OR/span_Sign in")): Object: 'Object Repository/Login_Mattermost_OR/span_Sign in' is clicked on

2021-05-28 17:52:15 - [MESSAGE][PASSED] - Object: 'Object Repository/Login_Mattermost_OR/span_Sign in' is clicked on

2021-05-28 17:52:15 - [TEST_STEP][PASSED] - click(findTestObject("CreateRoom_Mattermose_OR/span_")): Object: 'Object Repository/CreateRoom_Mattermose_OR/span_' is clicked on

2021-05-28 17:52:19 - [MESSAGE][PASSED] - Object: 'Object Repository/CreateRoom_Mattermose_OR/span_' is clicked on

2021-05-28 17:52:19 - [TEST_STEP][PASSED] - verifyElementPresent(findTestObject("CreateRoom_Mattermose_OR/span_New Channel"), 0): Object 'Object Repository/CreateRoom_Mattermose_OR/span_New Channel' is present

2021-05-28 17:52:19 - [MESSAGE][WARNING] - Timeout '0' is invalid. Using default page load timeout: '30'

2021-05-28 17:52:19 - [MESSAGE][PASSED] - Object 'Object Repository/CreateRoom_Mattermose_OR/span_New Channel' is present

2021-05-28 17:52:19 - [TEST_STEP][PASSED] - switch (Type): null

2021-05-28 17:52:19 - [TEST_STEP][PASSED] - case "Public":: null

2021-05-28 17:52:19 - [TEST_STEP][PASSED] - click(findTestObject("CreateRoom_Mattermose_OR/input_Type_channelType")): Object: 'Object Repository/CreateRoom_Mattermose_OR/input_Type_channelType' is clicked on

2021-05-28 17:52:20 - [MESSAGE][PASSED] - Object: 'Object Repository/CreateRoom_Mattermose_OR/input_Type_channelType' is clicked on

2021-05-28 17:52:20 - [TEST_STEP][PASSED] - break: null

2021-05-28 17:52:20 - [TEST_STEP][PASSED] - setText(findTestObject("CreateRoom_Mattermose_OR/input_Name_newChannelName"), ChannelName): Text 'Test 123' is set on object 'Object Repository/CreateRoom_Mattermose_OR/input_Name_newChannelName'

2021-05-28 17:52:20 - [MESSAGE][PASSED] - Text 'Test 123' is set on object 'Object Repository/CreateRoom_Mattermose_OR/input_Name_newChannelName'

2021-05-28 17:52:20 - [TEST_STEP][PASSED] - setText(findTestObject("CreateRoom_Mattermose_OR/textarea_(optional)_newChannelPurpose"), Purpose): Text 'Data test 1' is set on object 'Object Repository/CreateRoom_Mattermose_OR/textarea_(optional)_newChannelPurpose'

2021-05-28 17:52:21 - [MESSAGE][PASSED] - Text 'Data test 1' is set on object 'Object Repository/CreateRoom_Mattermose_OR/textarea_(optional)_newChannelPurpose'

2021-05-28 17:52:21 - [TEST_STEP][PASSED] - setText(findTestObject("CreateRoom_Mattermose_OR/textarea_(optional)_newChannelHeader"), Description): Text 'Test Description' is set on object 'Object Repository/CreateRoom_Mattermose_OR/textarea_(optional)_newChannelHeader'

2021-05-28 17:52:22 - [MESSAGE][PASSED] - Text 'Test Description' is set on object 'Object Repository/CreateRoom_Mattermose_OR/textarea_(optional)_newChannelHeader'

2021-05-28 17:52:22 - [TEST_STEP][PASSED] - click(findTestObject("CreateRoom_Mattermose_OR/button_Create Channel")): Object: 'Object Repository/CreateRoom_Mattermose_OR/button_Create Channel' is clicked on

2021-05-28 17:52:23 - [MESSAGE][PASSED] - Object: 'Object Repository/CreateRoom_Mattermose_OR/button_Create Channel' is clicked on

2021-05-28 17:52:23 - [TEST_STEP][PASSED] - if (verifyElementPresent(findTestObject("CreateRoom_Mattermose_OR/p_A channel with that name already exists on the same team"), 0, OPTIONAL)): null

2021-05-28 17:52:23 - [MESSAGE][WARNING] - Timeout '0' is invalid. Using default page load timeout: '30'

2021-05-28 17:52:24 - [MESSAGE][PASSED] - Object 'Object Repository/CreateRoom_Mattermose_OR/p_A channel with that name already exists on the same team' is present

2021-05-28 17:52:24 - [TEST_STEP][PASSED] - closeBrowser(): Browser is closed

2021-05-28 17:52:24 - [MESSAGE][PASSED] - Browser is closed]]></system-out>
         <system-err><![CDATA[]]></system-err>
      </testcase>
      <testcase name="Test Cases/CreateRoom" time="22.388" classname="Test Cases/CreateRoom" status="PASSED">
         <system-out><![CDATA[2021-05-28 17:52:24 - [TEST_CASE][PASSED] - Test Cases/CreateRoom: Test Cases/CreateRoom

2021-05-28 17:52:24 - [TEST_STEP][PASSED] - openBrowser(""): Browser is opened with url: ''

2021-05-28 17:52:24 - [MESSAGE][INFO] - Starting 'Chrome' driver

2021-05-28 17:52:24 - [MESSAGE][INFO] - Action delay is set to 0 milliseconds

2021-05-28 17:52:26 - [MESSAGE][PASSED] - Browser is opened with url: ''

2021-05-28 17:52:26 - [TEST_STEP][PASSED] - navigateToUrl("https://cdnc-group2.herokuapp.com"): Navigate to 'https://cdnc-group2.herokuapp.com' successfully

2021-05-28 17:52:30 - [MESSAGE][PASSED] - Navigate to 'https://cdnc-group2.herokuapp.com' successfully

2021-05-28 17:52:30 - [TEST_STEP][PASSED] - setText(findTestObject("Object Repository/Login_Mattermost_OR/input_All team communication in one place, _dcc84b"), "ngoctin040999@gmail.com"): Text 'ngoctin040999@gmail.com' is set on object 'Object Repository/Login_Mattermost_OR/input_All team communication in one place, _dcc84b'

2021-05-28 17:52:35 - [MESSAGE][PASSED] - Text 'ngoctin040999@gmail.com' is set on object 'Object Repository/Login_Mattermost_OR/input_All team communication in one place, _dcc84b'

2021-05-28 17:52:35 - [TEST_STEP][PASSED] - setText(findTestObject("Object Repository/Login_Mattermost_OR/input_All team communication in one place, _a3edc6"), "ngoctin1"): Text 'ngoctin1' is set on object 'Object Repository/Login_Mattermost_OR/input_All team communication in one place, _a3edc6'

2021-05-28 17:52:36 - [MESSAGE][PASSED] - Text 'ngoctin1' is set on object 'Object Repository/Login_Mattermost_OR/input_All team communication in one place, _a3edc6'

2021-05-28 17:52:36 - [TEST_STEP][PASSED] - click(findTestObject("Object Repository/Login_Mattermost_OR/span_Sign in")): Object: 'Object Repository/Login_Mattermost_OR/span_Sign in' is clicked on

2021-05-28 17:52:37 - [MESSAGE][PASSED] - Object: 'Object Repository/Login_Mattermost_OR/span_Sign in' is clicked on

2021-05-28 17:52:37 - [TEST_STEP][PASSED] - click(findTestObject("CreateRoom_Mattermose_OR/span_")): Object: 'Object Repository/CreateRoom_Mattermose_OR/span_' is clicked on

2021-05-28 17:52:41 - [MESSAGE][PASSED] - Object: 'Object Repository/CreateRoom_Mattermose_OR/span_' is clicked on

2021-05-28 17:52:41 - [TEST_STEP][PASSED] - verifyElementPresent(findTestObject("CreateRoom_Mattermose_OR/span_New Channel"), 0): Object 'Object Repository/CreateRoom_Mattermose_OR/span_New Channel' is present

2021-05-28 17:52:41 - [MESSAGE][WARNING] - Timeout '0' is invalid. Using default page load timeout: '30'

2021-05-28 17:52:41 - [MESSAGE][PASSED] - Object 'Object Repository/CreateRoom_Mattermose_OR/span_New Channel' is present

2021-05-28 17:52:41 - [TEST_STEP][PASSED] - switch (Type): null

2021-05-28 17:52:41 - [TEST_STEP][PASSED] - case "Private":: null

2021-05-28 17:52:41 - [TEST_STEP][PASSED] - click(findTestObject("CreateRoom_Mattermose_OR/input_- Anyone can join this channel_channelType")): Object: 'Object Repository/CreateRoom_Mattermose_OR/input_- Anyone can join this channel_channelType' is clicked on

2021-05-28 17:52:42 - [MESSAGE][PASSED] - Object: 'Object Repository/CreateRoom_Mattermose_OR/input_- Anyone can join this channel_channelType' is clicked on

2021-05-28 17:52:42 - [TEST_STEP][PASSED] - break: null

2021-05-28 17:52:42 - [TEST_STEP][PASSED] - setText(findTestObject("CreateRoom_Mattermose_OR/input_Name_newChannelName"), ChannelName): Text 'Test 456' is set on object 'Object Repository/CreateRoom_Mattermose_OR/input_Name_newChannelName'

2021-05-28 17:52:42 - [MESSAGE][PASSED] - Text 'Test 456' is set on object 'Object Repository/CreateRoom_Mattermose_OR/input_Name_newChannelName'

2021-05-28 17:52:42 - [TEST_STEP][PASSED] - setText(findTestObject("CreateRoom_Mattermose_OR/textarea_(optional)_newChannelPurpose"), Purpose): Text 'Data test 1' is set on object 'Object Repository/CreateRoom_Mattermose_OR/textarea_(optional)_newChannelPurpose'

2021-05-28 17:52:44 - [MESSAGE][PASSED] - Text 'Data test 1' is set on object 'Object Repository/CreateRoom_Mattermose_OR/textarea_(optional)_newChannelPurpose'

2021-05-28 17:52:44 - [TEST_STEP][PASSED] - setText(findTestObject("CreateRoom_Mattermose_OR/textarea_(optional)_newChannelHeader"), Description): Text 'Test Description' is set on object 'Object Repository/CreateRoom_Mattermose_OR/textarea_(optional)_newChannelHeader'

2021-05-28 17:52:45 - [MESSAGE][PASSED] - Text 'Test Description' is set on object 'Object Repository/CreateRoom_Mattermose_OR/textarea_(optional)_newChannelHeader'

2021-05-28 17:52:45 - [TEST_STEP][PASSED] - click(findTestObject("CreateRoom_Mattermose_OR/button_Create Channel")): Object: 'Object Repository/CreateRoom_Mattermose_OR/button_Create Channel' is clicked on

2021-05-28 17:52:45 - [MESSAGE][PASSED] - Object: 'Object Repository/CreateRoom_Mattermose_OR/button_Create Channel' is clicked on

2021-05-28 17:52:45 - [TEST_STEP][PASSED] - if (verifyElementPresent(findTestObject("CreateRoom_Mattermose_OR/p_A channel with that name already exists on the same team"), 0, OPTIONAL)): null

2021-05-28 17:52:45 - [MESSAGE][WARNING] - Timeout '0' is invalid. Using default page load timeout: '30'

2021-05-28 17:52:46 - [MESSAGE][PASSED] - Object 'Object Repository/CreateRoom_Mattermose_OR/p_A channel with that name already exists on the same team' is present

2021-05-28 17:52:46 - [TEST_STEP][PASSED] - closeBrowser(): Browser is closed

2021-05-28 17:52:47 - [MESSAGE][PASSED] - Browser is closed]]></system-out>
         <system-err><![CDATA[]]></system-err>
      </testcase>
      <testcase name="Test Cases/CreateRoom" time="21.718" classname="Test Cases/CreateRoom" status="PASSED">
         <system-out><![CDATA[2021-05-28 17:52:47 - [TEST_CASE][PASSED] - Test Cases/CreateRoom: Test Cases/CreateRoom

2021-05-28 17:52:47 - [TEST_STEP][PASSED] - openBrowser(""): Browser is opened with url: ''

2021-05-28 17:52:47 - [MESSAGE][INFO] - Starting 'Chrome' driver

2021-05-28 17:52:47 - [MESSAGE][INFO] - Action delay is set to 0 milliseconds

2021-05-28 17:52:48 - [MESSAGE][PASSED] - Browser is opened with url: ''

2021-05-28 17:52:48 - [TEST_STEP][PASSED] - navigateToUrl("https://cdnc-group2.herokuapp.com"): Navigate to 'https://cdnc-group2.herokuapp.com' successfully

2021-05-28 17:52:52 - [MESSAGE][PASSED] - Navigate to 'https://cdnc-group2.herokuapp.com' successfully

2021-05-28 17:52:52 - [TEST_STEP][PASSED] - setText(findTestObject("Object Repository/Login_Mattermost_OR/input_All team communication in one place, _dcc84b"), "ngoctin040999@gmail.com"): Text 'ngoctin040999@gmail.com' is set on object 'Object Repository/Login_Mattermost_OR/input_All team communication in one place, _dcc84b'

2021-05-28 17:52:58 - [MESSAGE][PASSED] - Text 'ngoctin040999@gmail.com' is set on object 'Object Repository/Login_Mattermost_OR/input_All team communication in one place, _dcc84b'

2021-05-28 17:52:58 - [TEST_STEP][PASSED] - setText(findTestObject("Object Repository/Login_Mattermost_OR/input_All team communication in one place, _a3edc6"), "ngoctin1"): Text 'ngoctin1' is set on object 'Object Repository/Login_Mattermost_OR/input_All team communication in one place, _a3edc6'

2021-05-28 17:52:59 - [MESSAGE][PASSED] - Text 'ngoctin1' is set on object 'Object Repository/Login_Mattermost_OR/input_All team communication in one place, _a3edc6'

2021-05-28 17:52:59 - [TEST_STEP][PASSED] - click(findTestObject("Object Repository/Login_Mattermost_OR/span_Sign in")): Object: 'Object Repository/Login_Mattermost_OR/span_Sign in' is clicked on

2021-05-28 17:52:59 - [MESSAGE][PASSED] - Object: 'Object Repository/Login_Mattermost_OR/span_Sign in' is clicked on

2021-05-28 17:52:59 - [TEST_STEP][PASSED] - click(findTestObject("CreateRoom_Mattermose_OR/span_")): Object: 'Object Repository/CreateRoom_Mattermose_OR/span_' is clicked on

2021-05-28 17:53:03 - [MESSAGE][PASSED] - Object: 'Object Repository/CreateRoom_Mattermose_OR/span_' is clicked on

2021-05-28 17:53:03 - [TEST_STEP][PASSED] - verifyElementPresent(findTestObject("CreateRoom_Mattermose_OR/span_New Channel"), 0): Object 'Object Repository/CreateRoom_Mattermose_OR/span_New Channel' is present

2021-05-28 17:53:03 - [MESSAGE][WARNING] - Timeout '0' is invalid. Using default page load timeout: '30'

2021-05-28 17:53:04 - [MESSAGE][PASSED] - Object 'Object Repository/CreateRoom_Mattermose_OR/span_New Channel' is present

2021-05-28 17:53:04 - [TEST_STEP][PASSED] - switch (Type): null

2021-05-28 17:53:04 - [TEST_STEP][PASSED] - case "Private":: null

2021-05-28 17:53:04 - [TEST_STEP][PASSED] - click(findTestObject("CreateRoom_Mattermose_OR/input_- Anyone can join this channel_channelType")): Object: 'Object Repository/CreateRoom_Mattermose_OR/input_- Anyone can join this channel_channelType' is clicked on

2021-05-28 17:53:04 - [MESSAGE][PASSED] - Object: 'Object Repository/CreateRoom_Mattermose_OR/input_- Anyone can join this channel_channelType' is clicked on

2021-05-28 17:53:04 - [TEST_STEP][PASSED] - break: null

2021-05-28 17:53:04 - [TEST_STEP][PASSED] - setText(findTestObject("CreateRoom_Mattermose_OR/input_Name_newChannelName"), ChannelName): Text 'Test 4474' is set on object 'Object Repository/CreateRoom_Mattermose_OR/input_Name_newChannelName'

2021-05-28 17:53:05 - [MESSAGE][PASSED] - Text 'Test 4474' is set on object 'Object Repository/CreateRoom_Mattermose_OR/input_Name_newChannelName'

2021-05-28 17:53:05 - [TEST_STEP][PASSED] - setText(findTestObject("CreateRoom_Mattermose_OR/textarea_(optional)_newChannelPurpose"), Purpose): Text 'Data test 1' is set on object 'Object Repository/CreateRoom_Mattermose_OR/textarea_(optional)_newChannelPurpose'

2021-05-28 17:53:06 - [MESSAGE][PASSED] - Text 'Data test 1' is set on object 'Object Repository/CreateRoom_Mattermose_OR/textarea_(optional)_newChannelPurpose'

2021-05-28 17:53:06 - [TEST_STEP][PASSED] - setText(findTestObject("CreateRoom_Mattermose_OR/textarea_(optional)_newChannelHeader"), Description): Text 'Test Description' is set on object 'Object Repository/CreateRoom_Mattermose_OR/textarea_(optional)_newChannelHeader'

2021-05-28 17:53:07 - [MESSAGE][PASSED] - Text 'Test Description' is set on object 'Object Repository/CreateRoom_Mattermose_OR/textarea_(optional)_newChannelHeader'

2021-05-28 17:53:07 - [TEST_STEP][PASSED] - click(findTestObject("CreateRoom_Mattermose_OR/button_Create Channel")): Object: 'Object Repository/CreateRoom_Mattermose_OR/button_Create Channel' is clicked on

2021-05-28 17:53:07 - [MESSAGE][PASSED] - Object: 'Object Repository/CreateRoom_Mattermose_OR/button_Create Channel' is clicked on

2021-05-28 17:53:07 - [TEST_STEP][PASSED] - if (verifyElementPresent(findTestObject("CreateRoom_Mattermose_OR/p_A channel with that name already exists on the same team"), 0, OPTIONAL)): null

2021-05-28 17:53:07 - [MESSAGE][WARNING] - Timeout '0' is invalid. Using default page load timeout: '30'

2021-05-28 17:53:08 - [MESSAGE][PASSED] - Object 'Object Repository/CreateRoom_Mattermose_OR/p_A channel with that name already exists on the same team' is present

2021-05-28 17:53:08 - [TEST_STEP][PASSED] - closeBrowser(): Browser is closed

2021-05-28 17:53:09 - [MESSAGE][PASSED] - Browser is closed]]></system-out>
         <system-err><![CDATA[]]></system-err>
      </testcase>
      <testcase name="Test Cases/CreateRoom" time="23.292" classname="Test Cases/CreateRoom" status="PASSED">
         <system-out><![CDATA[2021-05-28 17:53:09 - [TEST_CASE][PASSED] - Test Cases/CreateRoom: Test Cases/CreateRoom

2021-05-28 17:53:09 - [TEST_STEP][PASSED] - openBrowser(""): Browser is opened with url: ''

2021-05-28 17:53:09 - [MESSAGE][INFO] - Starting 'Chrome' driver

2021-05-28 17:53:09 - [MESSAGE][INFO] - Action delay is set to 0 milliseconds

2021-05-28 17:53:10 - [MESSAGE][PASSED] - Browser is opened with url: ''

2021-05-28 17:53:10 - [TEST_STEP][PASSED] - navigateToUrl("https://cdnc-group2.herokuapp.com"): Navigate to 'https://cdnc-group2.herokuapp.com' successfully

2021-05-28 17:53:16 - [MESSAGE][PASSED] - Navigate to 'https://cdnc-group2.herokuapp.com' successfully

2021-05-28 17:53:16 - [TEST_STEP][PASSED] - setText(findTestObject("Object Repository/Login_Mattermost_OR/input_All team communication in one place, _dcc84b"), "ngoctin040999@gmail.com"): Text 'ngoctin040999@gmail.com' is set on object 'Object Repository/Login_Mattermost_OR/input_All team communication in one place, _dcc84b'

2021-05-28 17:53:21 - [MESSAGE][PASSED] - Text 'ngoctin040999@gmail.com' is set on object 'Object Repository/Login_Mattermost_OR/input_All team communication in one place, _dcc84b'

2021-05-28 17:53:21 - [TEST_STEP][PASSED] - setText(findTestObject("Object Repository/Login_Mattermost_OR/input_All team communication in one place, _a3edc6"), "ngoctin1"): Text 'ngoctin1' is set on object 'Object Repository/Login_Mattermost_OR/input_All team communication in one place, _a3edc6'

2021-05-28 17:53:21 - [MESSAGE][PASSED] - Text 'ngoctin1' is set on object 'Object Repository/Login_Mattermost_OR/input_All team communication in one place, _a3edc6'

2021-05-28 17:53:21 - [TEST_STEP][PASSED] - click(findTestObject("Object Repository/Login_Mattermost_OR/span_Sign in")): Object: 'Object Repository/Login_Mattermost_OR/span_Sign in' is clicked on

2021-05-28 17:53:22 - [MESSAGE][PASSED] - Object: 'Object Repository/Login_Mattermost_OR/span_Sign in' is clicked on

2021-05-28 17:53:22 - [TEST_STEP][PASSED] - click(findTestObject("CreateRoom_Mattermose_OR/span_")): Object: 'Object Repository/CreateRoom_Mattermose_OR/span_' is clicked on

2021-05-28 17:53:26 - [MESSAGE][PASSED] - Object: 'Object Repository/CreateRoom_Mattermose_OR/span_' is clicked on

2021-05-28 17:53:26 - [TEST_STEP][PASSED] - verifyElementPresent(findTestObject("CreateRoom_Mattermose_OR/span_New Channel"), 0): Object 'Object Repository/CreateRoom_Mattermose_OR/span_New Channel' is present

2021-05-28 17:53:26 - [MESSAGE][WARNING] - Timeout '0' is invalid. Using default page load timeout: '30'

2021-05-28 17:53:27 - [MESSAGE][PASSED] - Object 'Object Repository/CreateRoom_Mattermose_OR/span_New Channel' is present

2021-05-28 17:53:27 - [TEST_STEP][PASSED] - switch (Type): null

2021-05-28 17:53:27 - [TEST_STEP][PASSED] - setText(findTestObject("CreateRoom_Mattermose_OR/input_Name_newChannelName"), ChannelName): Text 'Test 111223' is set on object 'Object Repository/CreateRoom_Mattermose_OR/input_Name_newChannelName'

2021-05-28 17:53:27 - [MESSAGE][PASSED] - Text 'Test 111223' is set on object 'Object Repository/CreateRoom_Mattermose_OR/input_Name_newChannelName'

2021-05-28 17:53:27 - [TEST_STEP][PASSED] - setText(findTestObject("CreateRoom_Mattermose_OR/textarea_(optional)_newChannelPurpose"), Purpose): Text 'Data test 2' is set on object 'Object Repository/CreateRoom_Mattermose_OR/textarea_(optional)_newChannelPurpose'

2021-05-28 17:53:29 - [MESSAGE][PASSED] - Text 'Data test 2' is set on object 'Object Repository/CreateRoom_Mattermose_OR/textarea_(optional)_newChannelPurpose'

2021-05-28 17:53:29 - [TEST_STEP][PASSED] - setText(findTestObject("CreateRoom_Mattermose_OR/textarea_(optional)_newChannelHeader"), Description): Text 'Test Description' is set on object 'Object Repository/CreateRoom_Mattermose_OR/textarea_(optional)_newChannelHeader'

2021-05-28 17:53:30 - [MESSAGE][PASSED] - Text 'Test Description' is set on object 'Object Repository/CreateRoom_Mattermose_OR/textarea_(optional)_newChannelHeader'

2021-05-28 17:53:30 - [TEST_STEP][PASSED] - click(findTestObject("CreateRoom_Mattermose_OR/button_Create Channel")): Object: 'Object Repository/CreateRoom_Mattermose_OR/button_Create Channel' is clicked on

2021-05-28 17:53:30 - [MESSAGE][PASSED] - Object: 'Object Repository/CreateRoom_Mattermose_OR/button_Create Channel' is clicked on

2021-05-28 17:53:30 - [TEST_STEP][PASSED] - if (verifyElementPresent(findTestObject("CreateRoom_Mattermose_OR/p_A channel with that name already exists on the same team"), 0, OPTIONAL)): null

2021-05-28 17:53:30 - [MESSAGE][WARNING] - Timeout '0' is invalid. Using default page load timeout: '30'

2021-05-28 17:53:31 - [MESSAGE][PASSED] - Object 'Object Repository/CreateRoom_Mattermose_OR/p_A channel with that name already exists on the same team' is present

2021-05-28 17:53:31 - [TEST_STEP][PASSED] - closeBrowser(): Browser is closed

2021-05-28 17:53:32 - [MESSAGE][PASSED] - Browser is closed]]></system-out>
         <system-err><![CDATA[]]></system-err>
      </testcase>
      <testcase name="Test Cases/CreateRoom" time="22.074" classname="Test Cases/CreateRoom" status="PASSED">
         <system-out><![CDATA[2021-05-28 17:53:32 - [TEST_CASE][PASSED] - Test Cases/CreateRoom: Test Cases/CreateRoom

2021-05-28 17:53:32 - [TEST_STEP][PASSED] - openBrowser(""): Browser is opened with url: ''

2021-05-28 17:53:32 - [MESSAGE][INFO] - Starting 'Chrome' driver

2021-05-28 17:53:32 - [MESSAGE][INFO] - Action delay is set to 0 milliseconds

2021-05-28 17:53:34 - [MESSAGE][PASSED] - Browser is opened with url: ''

2021-05-28 17:53:34 - [TEST_STEP][PASSED] - navigateToUrl("https://cdnc-group2.herokuapp.com"): Navigate to 'https://cdnc-group2.herokuapp.com' successfully

2021-05-28 17:53:38 - [MESSAGE][PASSED] - Navigate to 'https://cdnc-group2.herokuapp.com' successfully

2021-05-28 17:53:38 - [TEST_STEP][PASSED] - setText(findTestObject("Object Repository/Login_Mattermost_OR/input_All team communication in one place, _dcc84b"), "ngoctin040999@gmail.com"): Text 'ngoctin040999@gmail.com' is set on object 'Object Repository/Login_Mattermost_OR/input_All team communication in one place, _dcc84b'

2021-05-28 17:53:43 - [MESSAGE][PASSED] - Text 'ngoctin040999@gmail.com' is set on object 'Object Repository/Login_Mattermost_OR/input_All team communication in one place, _dcc84b'

2021-05-28 17:53:43 - [TEST_STEP][PASSED] - setText(findTestObject("Object Repository/Login_Mattermost_OR/input_All team communication in one place, _a3edc6"), "ngoctin1"): Text 'ngoctin1' is set on object 'Object Repository/Login_Mattermost_OR/input_All team communication in one place, _a3edc6'

2021-05-28 17:53:43 - [MESSAGE][PASSED] - Text 'ngoctin1' is set on object 'Object Repository/Login_Mattermost_OR/input_All team communication in one place, _a3edc6'

2021-05-28 17:53:43 - [TEST_STEP][PASSED] - click(findTestObject("Object Repository/Login_Mattermost_OR/span_Sign in")): Object: 'Object Repository/Login_Mattermost_OR/span_Sign in' is clicked on

2021-05-28 17:53:44 - [MESSAGE][PASSED] - Object: 'Object Repository/Login_Mattermost_OR/span_Sign in' is clicked on

2021-05-28 17:53:44 - [TEST_STEP][PASSED] - click(findTestObject("CreateRoom_Mattermose_OR/span_")): Object: 'Object Repository/CreateRoom_Mattermose_OR/span_' is clicked on

2021-05-28 17:53:48 - [MESSAGE][PASSED] - Object: 'Object Repository/CreateRoom_Mattermose_OR/span_' is clicked on

2021-05-28 17:53:48 - [TEST_STEP][PASSED] - verifyElementPresent(findTestObject("CreateRoom_Mattermose_OR/span_New Channel"), 0): Object 'Object Repository/CreateRoom_Mattermose_OR/span_New Channel' is present

2021-05-28 17:53:48 - [MESSAGE][WARNING] - Timeout '0' is invalid. Using default page load timeout: '30'

2021-05-28 17:53:49 - [MESSAGE][PASSED] - Object 'Object Repository/CreateRoom_Mattermose_OR/span_New Channel' is present

2021-05-28 17:53:49 - [TEST_STEP][PASSED] - switch (Type): null

2021-05-28 17:53:49 - [TEST_STEP][PASSED] - setText(findTestObject("CreateRoom_Mattermose_OR/input_Name_newChannelName"), ChannelName): Text 'Test 111224' is set on object 'Object Repository/CreateRoom_Mattermose_OR/input_Name_newChannelName'

2021-05-28 17:53:49 - [MESSAGE][PASSED] - Text 'Test 111224' is set on object 'Object Repository/CreateRoom_Mattermose_OR/input_Name_newChannelName'

2021-05-28 17:53:49 - [TEST_STEP][PASSED] - setText(findTestObject("CreateRoom_Mattermose_OR/textarea_(optional)_newChannelPurpose"), Purpose): Text 'Data test 3' is set on object 'Object Repository/CreateRoom_Mattermose_OR/textarea_(optional)_newChannelPurpose'

2021-05-28 17:53:51 - [MESSAGE][PASSED] - Text 'Data test 3' is set on object 'Object Repository/CreateRoom_Mattermose_OR/textarea_(optional)_newChannelPurpose'

2021-05-28 17:53:51 - [TEST_STEP][PASSED] - setText(findTestObject("CreateRoom_Mattermose_OR/textarea_(optional)_newChannelHeader"), Description): Text 'Test Description' is set on object 'Object Repository/CreateRoom_Mattermose_OR/textarea_(optional)_newChannelHeader'

2021-05-28 17:53:52 - [MESSAGE][PASSED] - Text 'Test Description' is set on object 'Object Repository/CreateRoom_Mattermose_OR/textarea_(optional)_newChannelHeader'

2021-05-28 17:53:52 - [TEST_STEP][PASSED] - click(findTestObject("CreateRoom_Mattermose_OR/button_Create Channel")): Object: 'Object Repository/CreateRoom_Mattermose_OR/button_Create Channel' is clicked on

2021-05-28 17:53:52 - [MESSAGE][PASSED] - Object: 'Object Repository/CreateRoom_Mattermose_OR/button_Create Channel' is clicked on

2021-05-28 17:53:52 - [TEST_STEP][PASSED] - if (verifyElementPresent(findTestObject("CreateRoom_Mattermose_OR/p_A channel with that name already exists on the same team"), 0, OPTIONAL)): null

2021-05-28 17:53:53 - [MESSAGE][WARNING] - Timeout '0' is invalid. Using default page load timeout: '30'

2021-05-28 17:53:53 - [MESSAGE][PASSED] - Object 'Object Repository/CreateRoom_Mattermose_OR/p_A channel with that name already exists on the same team' is present

2021-05-28 17:53:53 - [TEST_STEP][PASSED] - closeBrowser(): Browser is closed

2021-05-28 17:53:54 - [MESSAGE][PASSED] - Browser is closed]]></system-out>
         <system-err><![CDATA[]]></system-err>
      </testcase>
      <testcase name="Test Cases/CreateRoom" time="22.159" classname="Test Cases/CreateRoom" status="PASSED">
         <system-out><![CDATA[2021-05-28 17:53:54 - [TEST_CASE][PASSED] - Test Cases/CreateRoom: Test Cases/CreateRoom

2021-05-28 17:53:54 - [TEST_STEP][PASSED] - openBrowser(""): Browser is opened with url: ''

2021-05-28 17:53:54 - [MESSAGE][INFO] - Starting 'Chrome' driver

2021-05-28 17:53:54 - [MESSAGE][INFO] - Action delay is set to 0 milliseconds

2021-05-28 17:53:56 - [MESSAGE][PASSED] - Browser is opened with url: ''

2021-05-28 17:53:56 - [TEST_STEP][PASSED] - navigateToUrl("https://cdnc-group2.herokuapp.com"): Navigate to 'https://cdnc-group2.herokuapp.com' successfully

2021-05-28 17:54:00 - [MESSAGE][PASSED] - Navigate to 'https://cdnc-group2.herokuapp.com' successfully

2021-05-28 17:54:00 - [TEST_STEP][PASSED] - setText(findTestObject("Object Repository/Login_Mattermost_OR/input_All team communication in one place, _dcc84b"), "ngoctin040999@gmail.com"): Text 'ngoctin040999@gmail.com' is set on object 'Object Repository/Login_Mattermost_OR/input_All team communication in one place, _dcc84b'

2021-05-28 17:54:05 - [MESSAGE][PASSED] - Text 'ngoctin040999@gmail.com' is set on object 'Object Repository/Login_Mattermost_OR/input_All team communication in one place, _dcc84b'

2021-05-28 17:54:05 - [TEST_STEP][PASSED] - setText(findTestObject("Object Repository/Login_Mattermost_OR/input_All team communication in one place, _a3edc6"), "ngoctin1"): Text 'ngoctin1' is set on object 'Object Repository/Login_Mattermost_OR/input_All team communication in one place, _a3edc6'

2021-05-28 17:54:06 - [MESSAGE][PASSED] - Text 'ngoctin1' is set on object 'Object Repository/Login_Mattermost_OR/input_All team communication in one place, _a3edc6'

2021-05-28 17:54:06 - [TEST_STEP][PASSED] - click(findTestObject("Object Repository/Login_Mattermost_OR/span_Sign in")): Object: 'Object Repository/Login_Mattermost_OR/span_Sign in' is clicked on

2021-05-28 17:54:06 - [MESSAGE][PASSED] - Object: 'Object Repository/Login_Mattermost_OR/span_Sign in' is clicked on

2021-05-28 17:54:06 - [TEST_STEP][PASSED] - click(findTestObject("CreateRoom_Mattermose_OR/span_")): Object: 'Object Repository/CreateRoom_Mattermose_OR/span_' is clicked on

2021-05-28 17:54:10 - [MESSAGE][PASSED] - Object: 'Object Repository/CreateRoom_Mattermose_OR/span_' is clicked on

2021-05-28 17:54:10 - [TEST_STEP][PASSED] - verifyElementPresent(findTestObject("CreateRoom_Mattermose_OR/span_New Channel"), 0): Object 'Object Repository/CreateRoom_Mattermose_OR/span_New Channel' is present

2021-05-28 17:54:10 - [MESSAGE][WARNING] - Timeout '0' is invalid. Using default page load timeout: '30'

2021-05-28 17:54:11 - [MESSAGE][PASSED] - Object 'Object Repository/CreateRoom_Mattermose_OR/span_New Channel' is present

2021-05-28 17:54:11 - [TEST_STEP][PASSED] - switch (Type): null

2021-05-28 17:54:11 - [TEST_STEP][PASSED] - setText(findTestObject("CreateRoom_Mattermose_OR/input_Name_newChannelName"), ChannelName): Text 'Test 111225' is set on object 'Object Repository/CreateRoom_Mattermose_OR/input_Name_newChannelName'

2021-05-28 17:54:12 - [MESSAGE][PASSED] - Text 'Test 111225' is set on object 'Object Repository/CreateRoom_Mattermose_OR/input_Name_newChannelName'

2021-05-28 17:54:12 - [TEST_STEP][PASSED] - setText(findTestObject("CreateRoom_Mattermose_OR/textarea_(optional)_newChannelPurpose"), Purpose): Text 'Data test 4' is set on object 'Object Repository/CreateRoom_Mattermose_OR/textarea_(optional)_newChannelPurpose'

2021-05-28 17:54:13 - [MESSAGE][PASSED] - Text 'Data test 4' is set on object 'Object Repository/CreateRoom_Mattermose_OR/textarea_(optional)_newChannelPurpose'

2021-05-28 17:54:13 - [TEST_STEP][PASSED] - setText(findTestObject("CreateRoom_Mattermose_OR/textarea_(optional)_newChannelHeader"), Description): Text 'Test Description' is set on object 'Object Repository/CreateRoom_Mattermose_OR/textarea_(optional)_newChannelHeader'

2021-05-28 17:54:14 - [MESSAGE][PASSED] - Text 'Test Description' is set on object 'Object Repository/CreateRoom_Mattermose_OR/textarea_(optional)_newChannelHeader'

2021-05-28 17:54:14 - [TEST_STEP][PASSED] - click(findTestObject("CreateRoom_Mattermose_OR/button_Create Channel")): Object: 'Object Repository/CreateRoom_Mattermose_OR/button_Create Channel' is clicked on

2021-05-28 17:54:15 - [MESSAGE][PASSED] - Object: 'Object Repository/CreateRoom_Mattermose_OR/button_Create Channel' is clicked on

2021-05-28 17:54:15 - [TEST_STEP][PASSED] - if (verifyElementPresent(findTestObject("CreateRoom_Mattermose_OR/p_A channel with that name already exists on the same team"), 0, OPTIONAL)): null

2021-05-28 17:54:15 - [MESSAGE][WARNING] - Timeout '0' is invalid. Using default page load timeout: '30'

2021-05-28 17:54:16 - [MESSAGE][PASSED] - Object 'Object Repository/CreateRoom_Mattermose_OR/p_A channel with that name already exists on the same team' is present

2021-05-28 17:54:16 - [TEST_STEP][PASSED] - closeBrowser(): Browser is closed

2021-05-28 17:54:16 - [MESSAGE][PASSED] - Browser is closed]]></system-out>
         <system-err><![CDATA[]]></system-err>
      </testcase>
      <testcase name="Test Cases/CreateRoom" time="21.445" classname="Test Cases/CreateRoom" status="PASSED">
         <system-out><![CDATA[2021-05-28 17:54:16 - [TEST_CASE][PASSED] - Test Cases/CreateRoom: Test Cases/CreateRoom

2021-05-28 17:54:16 - [TEST_STEP][PASSED] - openBrowser(""): Browser is opened with url: ''

2021-05-28 17:54:16 - [MESSAGE][INFO] - Starting 'Chrome' driver

2021-05-28 17:54:16 - [MESSAGE][INFO] - Action delay is set to 0 milliseconds

2021-05-28 17:54:18 - [MESSAGE][PASSED] - Browser is opened with url: ''

2021-05-28 17:54:18 - [TEST_STEP][PASSED] - navigateToUrl("https://cdnc-group2.herokuapp.com"): Navigate to 'https://cdnc-group2.herokuapp.com' successfully

2021-05-28 17:54:22 - [MESSAGE][PASSED] - Navigate to 'https://cdnc-group2.herokuapp.com' successfully

2021-05-28 17:54:22 - [TEST_STEP][PASSED] - setText(findTestObject("Object Repository/Login_Mattermost_OR/input_All team communication in one place, _dcc84b"), "ngoctin040999@gmail.com"): Text 'ngoctin040999@gmail.com' is set on object 'Object Repository/Login_Mattermost_OR/input_All team communication in one place, _dcc84b'

2021-05-28 17:54:27 - [MESSAGE][PASSED] - Text 'ngoctin040999@gmail.com' is set on object 'Object Repository/Login_Mattermost_OR/input_All team communication in one place, _dcc84b'

2021-05-28 17:54:27 - [TEST_STEP][PASSED] - setText(findTestObject("Object Repository/Login_Mattermost_OR/input_All team communication in one place, _a3edc6"), "ngoctin1"): Text 'ngoctin1' is set on object 'Object Repository/Login_Mattermost_OR/input_All team communication in one place, _a3edc6'

2021-05-28 17:54:28 - [MESSAGE][PASSED] - Text 'ngoctin1' is set on object 'Object Repository/Login_Mattermost_OR/input_All team communication in one place, _a3edc6'

2021-05-28 17:54:28 - [TEST_STEP][PASSED] - click(findTestObject("Object Repository/Login_Mattermost_OR/span_Sign in")): Object: 'Object Repository/Login_Mattermost_OR/span_Sign in' is clicked on

2021-05-28 17:54:28 - [MESSAGE][PASSED] - Object: 'Object Repository/Login_Mattermost_OR/span_Sign in' is clicked on

2021-05-28 17:54:28 - [TEST_STEP][PASSED] - click(findTestObject("CreateRoom_Mattermose_OR/span_")): Object: 'Object Repository/CreateRoom_Mattermose_OR/span_' is clicked on

2021-05-28 17:54:32 - [MESSAGE][PASSED] - Object: 'Object Repository/CreateRoom_Mattermose_OR/span_' is clicked on

2021-05-28 17:54:32 - [TEST_STEP][PASSED] - verifyElementPresent(findTestObject("CreateRoom_Mattermose_OR/span_New Channel"), 0): Object 'Object Repository/CreateRoom_Mattermose_OR/span_New Channel' is present

2021-05-28 17:54:32 - [MESSAGE][WARNING] - Timeout '0' is invalid. Using default page load timeout: '30'

2021-05-28 17:54:33 - [MESSAGE][PASSED] - Object 'Object Repository/CreateRoom_Mattermose_OR/span_New Channel' is present

2021-05-28 17:54:33 - [TEST_STEP][PASSED] - switch (Type): null

2021-05-28 17:54:33 - [TEST_STEP][PASSED] - setText(findTestObject("CreateRoom_Mattermose_OR/input_Name_newChannelName"), ChannelName): Text 'Test 111227' is set on object 'Object Repository/CreateRoom_Mattermose_OR/input_Name_newChannelName'

2021-05-28 17:54:34 - [MESSAGE][PASSED] - Text 'Test 111227' is set on object 'Object Repository/CreateRoom_Mattermose_OR/input_Name_newChannelName'

2021-05-28 17:54:34 - [TEST_STEP][PASSED] - setText(findTestObject("CreateRoom_Mattermose_OR/textarea_(optional)_newChannelPurpose"), Purpose): Text 'Data test 5' is set on object 'Object Repository/CreateRoom_Mattermose_OR/textarea_(optional)_newChannelPurpose'

2021-05-28 17:54:35 - [MESSAGE][PASSED] - Text 'Data test 5' is set on object 'Object Repository/CreateRoom_Mattermose_OR/textarea_(optional)_newChannelPurpose'

2021-05-28 17:54:35 - [TEST_STEP][PASSED] - setText(findTestObject("CreateRoom_Mattermose_OR/textarea_(optional)_newChannelHeader"), Description): Text 'Test Description' is set on object 'Object Repository/CreateRoom_Mattermose_OR/textarea_(optional)_newChannelHeader'

2021-05-28 17:54:36 - [MESSAGE][PASSED] - Text 'Test Description' is set on object 'Object Repository/CreateRoom_Mattermose_OR/textarea_(optional)_newChannelHeader'

2021-05-28 17:54:36 - [TEST_STEP][PASSED] - click(findTestObject("CreateRoom_Mattermose_OR/button_Create Channel")): Object: 'Object Repository/CreateRoom_Mattermose_OR/button_Create Channel' is clicked on

2021-05-28 17:54:36 - [MESSAGE][PASSED] - Object: 'Object Repository/CreateRoom_Mattermose_OR/button_Create Channel' is clicked on

2021-05-28 17:54:36 - [TEST_STEP][PASSED] - if (verifyElementPresent(findTestObject("CreateRoom_Mattermose_OR/p_A channel with that name already exists on the same team"), 0, OPTIONAL)): null

2021-05-28 17:54:36 - [MESSAGE][WARNING] - Timeout '0' is invalid. Using default page load timeout: '30'

2021-05-28 17:54:37 - [MESSAGE][PASSED] - Object 'Object Repository/CreateRoom_Mattermose_OR/p_A channel with that name already exists on the same team' is present

2021-05-28 17:54:37 - [TEST_STEP][PASSED] - closeBrowser(): Browser is closed

2021-05-28 17:54:38 - [MESSAGE][PASSED] - Browser is closed]]></system-out>
         <system-err><![CDATA[]]></system-err>
      </testcase>
      <testcase name="Test Cases/CreateRoom" time="23.913" classname="Test Cases/CreateRoom" status="PASSED">
         <system-out><![CDATA[2021-05-28 17:54:38 - [TEST_CASE][PASSED] - Test Cases/CreateRoom: Test Cases/CreateRoom

2021-05-28 17:54:38 - [TEST_STEP][PASSED] - openBrowser(""): Browser is opened with url: ''

2021-05-28 17:54:38 - [MESSAGE][INFO] - Starting 'Chrome' driver

2021-05-28 17:54:38 - [MESSAGE][INFO] - Action delay is set to 0 milliseconds

2021-05-28 17:54:39 - [MESSAGE][PASSED] - Browser is opened with url: ''

2021-05-28 17:54:39 - [TEST_STEP][PASSED] - navigateToUrl("https://cdnc-group2.herokuapp.com"): Navigate to 'https://cdnc-group2.herokuapp.com' successfully

2021-05-28 17:54:46 - [MESSAGE][PASSED] - Navigate to 'https://cdnc-group2.herokuapp.com' successfully

2021-05-28 17:54:46 - [TEST_STEP][PASSED] - setText(findTestObject("Object Repository/Login_Mattermost_OR/input_All team communication in one place, _dcc84b"), "ngoctin040999@gmail.com"): Text 'ngoctin040999@gmail.com' is set on object 'Object Repository/Login_Mattermost_OR/input_All team communication in one place, _dcc84b'

2021-05-28 17:54:51 - [MESSAGE][PASSED] - Text 'ngoctin040999@gmail.com' is set on object 'Object Repository/Login_Mattermost_OR/input_All team communication in one place, _dcc84b'

2021-05-28 17:54:51 - [TEST_STEP][PASSED] - setText(findTestObject("Object Repository/Login_Mattermost_OR/input_All team communication in one place, _a3edc6"), "ngoctin1"): Text 'ngoctin1' is set on object 'Object Repository/Login_Mattermost_OR/input_All team communication in one place, _a3edc6'

2021-05-28 17:54:52 - [MESSAGE][PASSED] - Text 'ngoctin1' is set on object 'Object Repository/Login_Mattermost_OR/input_All team communication in one place, _a3edc6'

2021-05-28 17:54:52 - [TEST_STEP][PASSED] - click(findTestObject("Object Repository/Login_Mattermost_OR/span_Sign in")): Object: 'Object Repository/Login_Mattermost_OR/span_Sign in' is clicked on

2021-05-28 17:54:52 - [MESSAGE][PASSED] - Object: 'Object Repository/Login_Mattermost_OR/span_Sign in' is clicked on

2021-05-28 17:54:52 - [TEST_STEP][PASSED] - click(findTestObject("CreateRoom_Mattermose_OR/span_")): Object: 'Object Repository/CreateRoom_Mattermose_OR/span_' is clicked on

2021-05-28 17:54:56 - [MESSAGE][PASSED] - Object: 'Object Repository/CreateRoom_Mattermose_OR/span_' is clicked on

2021-05-28 17:54:56 - [TEST_STEP][PASSED] - verifyElementPresent(findTestObject("CreateRoom_Mattermose_OR/span_New Channel"), 0): Object 'Object Repository/CreateRoom_Mattermose_OR/span_New Channel' is present

2021-05-28 17:54:56 - [MESSAGE][WARNING] - Timeout '0' is invalid. Using default page load timeout: '30'

2021-05-28 17:54:57 - [MESSAGE][PASSED] - Object 'Object Repository/CreateRoom_Mattermose_OR/span_New Channel' is present

2021-05-28 17:54:57 - [TEST_STEP][PASSED] - switch (Type): null

2021-05-28 17:54:57 - [TEST_STEP][PASSED] - setText(findTestObject("CreateRoom_Mattermose_OR/input_Name_newChannelName"), ChannelName): Text 'Test 111227' is set on object 'Object Repository/CreateRoom_Mattermose_OR/input_Name_newChannelName'

2021-05-28 17:54:57 - [MESSAGE][PASSED] - Text 'Test 111227' is set on object 'Object Repository/CreateRoom_Mattermose_OR/input_Name_newChannelName'

2021-05-28 17:54:57 - [TEST_STEP][PASSED] - setText(findTestObject("CreateRoom_Mattermose_OR/textarea_(optional)_newChannelPurpose"), Purpose): Text 'Data test 6' is set on object 'Object Repository/CreateRoom_Mattermose_OR/textarea_(optional)_newChannelPurpose'

2021-05-28 17:54:58 - [MESSAGE][PASSED] - Text 'Data test 6' is set on object 'Object Repository/CreateRoom_Mattermose_OR/textarea_(optional)_newChannelPurpose'

2021-05-28 17:54:58 - [TEST_STEP][PASSED] - setText(findTestObject("CreateRoom_Mattermose_OR/textarea_(optional)_newChannelHeader"), Description): Text 'Test Description' is set on object 'Object Repository/CreateRoom_Mattermose_OR/textarea_(optional)_newChannelHeader'

2021-05-28 17:55:00 - [MESSAGE][PASSED] - Text 'Test Description' is set on object 'Object Repository/CreateRoom_Mattermose_OR/textarea_(optional)_newChannelHeader'

2021-05-28 17:55:00 - [TEST_STEP][PASSED] - click(findTestObject("CreateRoom_Mattermose_OR/button_Create Channel")): Object: 'Object Repository/CreateRoom_Mattermose_OR/button_Create Channel' is clicked on

2021-05-28 17:55:00 - [MESSAGE][PASSED] - Object: 'Object Repository/CreateRoom_Mattermose_OR/button_Create Channel' is clicked on

2021-05-28 17:55:00 - [TEST_STEP][PASSED] - if (verifyElementPresent(findTestObject("CreateRoom_Mattermose_OR/p_A channel with that name already exists on the same team"), 0, OPTIONAL)): null

2021-05-28 17:55:00 - [MESSAGE][WARNING] - Timeout '0' is invalid. Using default page load timeout: '30'

2021-05-28 17:55:01 - [MESSAGE][PASSED] - Object 'Object Repository/CreateRoom_Mattermose_OR/p_A channel with that name already exists on the same team' is present

2021-05-28 17:55:01 - [TEST_STEP][PASSED] - closeBrowser(): Browser is closed

2021-05-28 17:55:02 - [MESSAGE][PASSED] - Browser is closed]]></system-out>
         <system-err><![CDATA[]]></system-err>
      </testcase>
      <testcase name="Test Cases/CreateRoom" time="21.311" classname="Test Cases/CreateRoom" status="PASSED">
         <system-out><![CDATA[2021-05-28 17:55:02 - [TEST_CASE][PASSED] - Test Cases/CreateRoom: Test Cases/CreateRoom

2021-05-28 17:55:02 - [TEST_STEP][PASSED] - openBrowser(""): Browser is opened with url: ''

2021-05-28 17:55:02 - [MESSAGE][INFO] - Starting 'Chrome' driver

2021-05-28 17:55:02 - [MESSAGE][INFO] - Action delay is set to 0 milliseconds

2021-05-28 17:55:03 - [MESSAGE][PASSED] - Browser is opened with url: ''

2021-05-28 17:55:03 - [TEST_STEP][PASSED] - navigateToUrl("https://cdnc-group2.herokuapp.com"): Navigate to 'https://cdnc-group2.herokuapp.com' successfully

2021-05-28 17:55:07 - [MESSAGE][PASSED] - Navigate to 'https://cdnc-group2.herokuapp.com' successfully

2021-05-28 17:55:07 - [TEST_STEP][PASSED] - setText(findTestObject("Object Repository/Login_Mattermost_OR/input_All team communication in one place, _dcc84b"), "ngoctin040999@gmail.com"): Text 'ngoctin040999@gmail.com' is set on object 'Object Repository/Login_Mattermost_OR/input_All team communication in one place, _dcc84b'

2021-05-28 17:55:12 - [MESSAGE][PASSED] - Text 'ngoctin040999@gmail.com' is set on object 'Object Repository/Login_Mattermost_OR/input_All team communication in one place, _dcc84b'

2021-05-28 17:55:12 - [TEST_STEP][PASSED] - setText(findTestObject("Object Repository/Login_Mattermost_OR/input_All team communication in one place, _a3edc6"), "ngoctin1"): Text 'ngoctin1' is set on object 'Object Repository/Login_Mattermost_OR/input_All team communication in one place, _a3edc6'

2021-05-28 17:55:13 - [MESSAGE][PASSED] - Text 'ngoctin1' is set on object 'Object Repository/Login_Mattermost_OR/input_All team communication in one place, _a3edc6'

2021-05-28 17:55:13 - [TEST_STEP][PASSED] - click(findTestObject("Object Repository/Login_Mattermost_OR/span_Sign in")): Object: 'Object Repository/Login_Mattermost_OR/span_Sign in' is clicked on

2021-05-28 17:55:13 - [MESSAGE][PASSED] - Object: 'Object Repository/Login_Mattermost_OR/span_Sign in' is clicked on

2021-05-28 17:55:13 - [TEST_STEP][PASSED] - click(findTestObject("CreateRoom_Mattermose_OR/span_")): Object: 'Object Repository/CreateRoom_Mattermose_OR/span_' is clicked on

2021-05-28 17:55:17 - [MESSAGE][PASSED] - Object: 'Object Repository/CreateRoom_Mattermose_OR/span_' is clicked on

2021-05-28 17:55:17 - [TEST_STEP][PASSED] - verifyElementPresent(findTestObject("CreateRoom_Mattermose_OR/span_New Channel"), 0): Object 'Object Repository/CreateRoom_Mattermose_OR/span_New Channel' is present

2021-05-28 17:55:18 - [MESSAGE][WARNING] - Timeout '0' is invalid. Using default page load timeout: '30'

2021-05-28 17:55:18 - [MESSAGE][PASSED] - Object 'Object Repository/CreateRoom_Mattermose_OR/span_New Channel' is present

2021-05-28 17:55:18 - [TEST_STEP][PASSED] - switch (Type): null

2021-05-28 17:55:18 - [TEST_STEP][PASSED] - case "Private":: null

2021-05-28 17:55:18 - [TEST_STEP][PASSED] - click(findTestObject("CreateRoom_Mattermose_OR/input_- Anyone can join this channel_channelType")): Object: 'Object Repository/CreateRoom_Mattermose_OR/input_- Anyone can join this channel_channelType' is clicked on

2021-05-28 17:55:18 - [MESSAGE][PASSED] - Object: 'Object Repository/CreateRoom_Mattermose_OR/input_- Anyone can join this channel_channelType' is clicked on

2021-05-28 17:55:18 - [TEST_STEP][PASSED] - break: null

2021-05-28 17:55:18 - [TEST_STEP][PASSED] - setText(findTestObject("CreateRoom_Mattermose_OR/input_Name_newChannelName"), ChannelName): Text 'Test 111227' is set on object 'Object Repository/CreateRoom_Mattermose_OR/input_Name_newChannelName'

2021-05-28 17:55:19 - [MESSAGE][PASSED] - Text 'Test 111227' is set on object 'Object Repository/CreateRoom_Mattermose_OR/input_Name_newChannelName'

2021-05-28 17:55:19 - [TEST_STEP][PASSED] - setText(findTestObject("CreateRoom_Mattermose_OR/textarea_(optional)_newChannelPurpose"), Purpose): Text 'Data test 7' is set on object 'Object Repository/CreateRoom_Mattermose_OR/textarea_(optional)_newChannelPurpose'

2021-05-28 17:55:20 - [MESSAGE][PASSED] - Text 'Data test 7' is set on object 'Object Repository/CreateRoom_Mattermose_OR/textarea_(optional)_newChannelPurpose'

2021-05-28 17:55:20 - [TEST_STEP][PASSED] - setText(findTestObject("CreateRoom_Mattermose_OR/textarea_(optional)_newChannelHeader"), Description): Text 'Test Description' is set on object 'Object Repository/CreateRoom_Mattermose_OR/textarea_(optional)_newChannelHeader'

2021-05-28 17:55:21 - [MESSAGE][PASSED] - Text 'Test Description' is set on object 'Object Repository/CreateRoom_Mattermose_OR/textarea_(optional)_newChannelHeader'

2021-05-28 17:55:21 - [TEST_STEP][PASSED] - click(findTestObject("CreateRoom_Mattermose_OR/button_Create Channel")): Object: 'Object Repository/CreateRoom_Mattermose_OR/button_Create Channel' is clicked on

2021-05-28 17:55:22 - [MESSAGE][PASSED] - Object: 'Object Repository/CreateRoom_Mattermose_OR/button_Create Channel' is clicked on

2021-05-28 17:55:22 - [TEST_STEP][PASSED] - if (verifyElementPresent(findTestObject("CreateRoom_Mattermose_OR/p_A channel with that name already exists on the same team"), 0, OPTIONAL)): null

2021-05-28 17:55:22 - [MESSAGE][WARNING] - Timeout '0' is invalid. Using default page load timeout: '30'

2021-05-28 17:55:23 - [MESSAGE][PASSED] - Object 'Object Repository/CreateRoom_Mattermose_OR/p_A channel with that name already exists on the same team' is present

2021-05-28 17:55:23 - [TEST_STEP][PASSED] - closeBrowser(): Browser is closed

2021-05-28 17:55:23 - [MESSAGE][PASSED] - Browser is closed]]></system-out>
         <system-err><![CDATA[]]></system-err>
      </testcase>
      <testcase name="Test Cases/CreateRoom" time="21.692" classname="Test Cases/CreateRoom" status="PASSED">
         <system-out><![CDATA[2021-05-28 17:55:23 - [TEST_CASE][PASSED] - Test Cases/CreateRoom: Test Cases/CreateRoom

2021-05-28 17:55:23 - [TEST_STEP][PASSED] - openBrowser(""): Browser is opened with url: ''

2021-05-28 17:55:23 - [MESSAGE][INFO] - Starting 'Chrome' driver

2021-05-28 17:55:23 - [MESSAGE][INFO] - Action delay is set to 0 milliseconds

2021-05-28 17:55:25 - [MESSAGE][PASSED] - Browser is opened with url: ''

2021-05-28 17:55:25 - [TEST_STEP][PASSED] - navigateToUrl("https://cdnc-group2.herokuapp.com"): Navigate to 'https://cdnc-group2.herokuapp.com' successfully

2021-05-28 17:55:29 - [MESSAGE][PASSED] - Navigate to 'https://cdnc-group2.herokuapp.com' successfully

2021-05-28 17:55:29 - [TEST_STEP][PASSED] - setText(findTestObject("Object Repository/Login_Mattermost_OR/input_All team communication in one place, _dcc84b"), "ngoctin040999@gmail.com"): Text 'ngoctin040999@gmail.com' is set on object 'Object Repository/Login_Mattermost_OR/input_All team communication in one place, _dcc84b'

2021-05-28 17:55:34 - [MESSAGE][PASSED] - Text 'ngoctin040999@gmail.com' is set on object 'Object Repository/Login_Mattermost_OR/input_All team communication in one place, _dcc84b'

2021-05-28 17:55:34 - [TEST_STEP][PASSED] - setText(findTestObject("Object Repository/Login_Mattermost_OR/input_All team communication in one place, _a3edc6"), "ngoctin1"): Text 'ngoctin1' is set on object 'Object Repository/Login_Mattermost_OR/input_All team communication in one place, _a3edc6'

2021-05-28 17:55:35 - [MESSAGE][PASSED] - Text 'ngoctin1' is set on object 'Object Repository/Login_Mattermost_OR/input_All team communication in one place, _a3edc6'

2021-05-28 17:55:35 - [TEST_STEP][PASSED] - click(findTestObject("Object Repository/Login_Mattermost_OR/span_Sign in")): Object: 'Object Repository/Login_Mattermost_OR/span_Sign in' is clicked on

2021-05-28 17:55:35 - [MESSAGE][PASSED] - Object: 'Object Repository/Login_Mattermost_OR/span_Sign in' is clicked on

2021-05-28 17:55:35 - [TEST_STEP][PASSED] - click(findTestObject("CreateRoom_Mattermose_OR/span_")): Object: 'Object Repository/CreateRoom_Mattermose_OR/span_' is clicked on

2021-05-28 17:55:39 - [MESSAGE][PASSED] - Object: 'Object Repository/CreateRoom_Mattermose_OR/span_' is clicked on

2021-05-28 17:55:39 - [TEST_STEP][PASSED] - verifyElementPresent(findTestObject("CreateRoom_Mattermose_OR/span_New Channel"), 0): Object 'Object Repository/CreateRoom_Mattermose_OR/span_New Channel' is present

2021-05-28 17:55:39 - [MESSAGE][WARNING] - Timeout '0' is invalid. Using default page load timeout: '30'

2021-05-28 17:55:39 - [MESSAGE][PASSED] - Object 'Object Repository/CreateRoom_Mattermose_OR/span_New Channel' is present

2021-05-28 17:55:39 - [TEST_STEP][PASSED] - switch (Type): null

2021-05-28 17:55:39 - [TEST_STEP][PASSED] - case "Private":: null

2021-05-28 17:55:39 - [TEST_STEP][PASSED] - click(findTestObject("CreateRoom_Mattermose_OR/input_- Anyone can join this channel_channelType")): Object: 'Object Repository/CreateRoom_Mattermose_OR/input_- Anyone can join this channel_channelType' is clicked on

2021-05-28 17:55:40 - [MESSAGE][PASSED] - Object: 'Object Repository/CreateRoom_Mattermose_OR/input_- Anyone can join this channel_channelType' is clicked on

2021-05-28 17:55:40 - [TEST_STEP][PASSED] - break: null

2021-05-28 17:55:40 - [TEST_STEP][PASSED] - setText(findTestObject("CreateRoom_Mattermose_OR/input_Name_newChannelName"), ChannelName): Text 'Test 111228' is set on object 'Object Repository/CreateRoom_Mattermose_OR/input_Name_newChannelName'

2021-05-28 17:55:41 - [MESSAGE][PASSED] - Text 'Test 111228' is set on object 'Object Repository/CreateRoom_Mattermose_OR/input_Name_newChannelName'

2021-05-28 17:55:41 - [TEST_STEP][PASSED] - setText(findTestObject("CreateRoom_Mattermose_OR/textarea_(optional)_newChannelPurpose"), Purpose): Text 'Data test 8' is set on object 'Object Repository/CreateRoom_Mattermose_OR/textarea_(optional)_newChannelPurpose'

2021-05-28 17:55:42 - [MESSAGE][PASSED] - Text 'Data test 8' is set on object 'Object Repository/CreateRoom_Mattermose_OR/textarea_(optional)_newChannelPurpose'

2021-05-28 17:55:42 - [TEST_STEP][PASSED] - setText(findTestObject("CreateRoom_Mattermose_OR/textarea_(optional)_newChannelHeader"), Description): Text 'Test Description' is set on object 'Object Repository/CreateRoom_Mattermose_OR/textarea_(optional)_newChannelHeader'

2021-05-28 17:55:43 - [MESSAGE][PASSED] - Text 'Test Description' is set on object 'Object Repository/CreateRoom_Mattermose_OR/textarea_(optional)_newChannelHeader'

2021-05-28 17:55:43 - [TEST_STEP][PASSED] - click(findTestObject("CreateRoom_Mattermose_OR/button_Create Channel")): Object: 'Object Repository/CreateRoom_Mattermose_OR/button_Create Channel' is clicked on

2021-05-28 17:55:43 - [MESSAGE][PASSED] - Object: 'Object Repository/CreateRoom_Mattermose_OR/button_Create Channel' is clicked on

2021-05-28 17:55:43 - [TEST_STEP][PASSED] - if (verifyElementPresent(findTestObject("CreateRoom_Mattermose_OR/p_A channel with that name already exists on the same team"), 0, OPTIONAL)): null

2021-05-28 17:55:43 - [MESSAGE][WARNING] - Timeout '0' is invalid. Using default page load timeout: '30'

2021-05-28 17:55:44 - [MESSAGE][PASSED] - Object 'Object Repository/CreateRoom_Mattermose_OR/p_A channel with that name already exists on the same team' is present

2021-05-28 17:55:44 - [TEST_STEP][PASSED] - closeBrowser(): Browser is closed

2021-05-28 17:55:45 - [MESSAGE][PASSED] - Browser is closed]]></system-out>
         <system-err><![CDATA[]]></system-err>
      </testcase>
      <testcase name="Test Cases/CreateRoom" time="22.114" classname="Test Cases/CreateRoom" status="PASSED">
         <system-out><![CDATA[2021-05-28 17:55:45 - [TEST_CASE][PASSED] - Test Cases/CreateRoom: Test Cases/CreateRoom

2021-05-28 17:55:45 - [TEST_STEP][PASSED] - openBrowser(""): Browser is opened with url: ''

2021-05-28 17:55:45 - [MESSAGE][INFO] - Starting 'Chrome' driver

2021-05-28 17:55:45 - [MESSAGE][INFO] - Action delay is set to 0 milliseconds

2021-05-28 17:55:47 - [MESSAGE][PASSED] - Browser is opened with url: ''

2021-05-28 17:55:47 - [TEST_STEP][PASSED] - navigateToUrl("https://cdnc-group2.herokuapp.com"): Navigate to 'https://cdnc-group2.herokuapp.com' successfully

2021-05-28 17:55:51 - [MESSAGE][PASSED] - Navigate to 'https://cdnc-group2.herokuapp.com' successfully

2021-05-28 17:55:51 - [TEST_STEP][PASSED] - setText(findTestObject("Object Repository/Login_Mattermost_OR/input_All team communication in one place, _dcc84b"), "ngoctin040999@gmail.com"): Text 'ngoctin040999@gmail.com' is set on object 'Object Repository/Login_Mattermost_OR/input_All team communication in one place, _dcc84b'

2021-05-28 17:55:56 - [MESSAGE][PASSED] - Text 'ngoctin040999@gmail.com' is set on object 'Object Repository/Login_Mattermost_OR/input_All team communication in one place, _dcc84b'

2021-05-28 17:55:56 - [TEST_STEP][PASSED] - setText(findTestObject("Object Repository/Login_Mattermost_OR/input_All team communication in one place, _a3edc6"), "ngoctin1"): Text 'ngoctin1' is set on object 'Object Repository/Login_Mattermost_OR/input_All team communication in one place, _a3edc6'

2021-05-28 17:55:57 - [MESSAGE][PASSED] - Text 'ngoctin1' is set on object 'Object Repository/Login_Mattermost_OR/input_All team communication in one place, _a3edc6'

2021-05-28 17:55:57 - [TEST_STEP][PASSED] - click(findTestObject("Object Repository/Login_Mattermost_OR/span_Sign in")): Object: 'Object Repository/Login_Mattermost_OR/span_Sign in' is clicked on

2021-05-28 17:55:57 - [MESSAGE][PASSED] - Object: 'Object Repository/Login_Mattermost_OR/span_Sign in' is clicked on

2021-05-28 17:55:57 - [TEST_STEP][PASSED] - click(findTestObject("CreateRoom_Mattermose_OR/span_")): Object: 'Object Repository/CreateRoom_Mattermose_OR/span_' is clicked on

2021-05-28 17:56:01 - [MESSAGE][PASSED] - Object: 'Object Repository/CreateRoom_Mattermose_OR/span_' is clicked on

2021-05-28 17:56:01 - [TEST_STEP][PASSED] - verifyElementPresent(findTestObject("CreateRoom_Mattermose_OR/span_New Channel"), 0): Object 'Object Repository/CreateRoom_Mattermose_OR/span_New Channel' is present

2021-05-28 17:56:01 - [MESSAGE][WARNING] - Timeout '0' is invalid. Using default page load timeout: '30'

2021-05-28 17:56:02 - [MESSAGE][PASSED] - Object 'Object Repository/CreateRoom_Mattermose_OR/span_New Channel' is present

2021-05-28 17:56:02 - [TEST_STEP][PASSED] - switch (Type): null

2021-05-28 17:56:02 - [TEST_STEP][PASSED] - case "Private":: null

2021-05-28 17:56:02 - [TEST_STEP][PASSED] - click(findTestObject("CreateRoom_Mattermose_OR/input_- Anyone can join this channel_channelType")): Object: 'Object Repository/CreateRoom_Mattermose_OR/input_- Anyone can join this channel_channelType' is clicked on

2021-05-28 17:56:02 - [MESSAGE][PASSED] - Object: 'Object Repository/CreateRoom_Mattermose_OR/input_- Anyone can join this channel_channelType' is clicked on

2021-05-28 17:56:02 - [TEST_STEP][PASSED] - break: null

2021-05-28 17:56:02 - [TEST_STEP][PASSED] - setText(findTestObject("CreateRoom_Mattermose_OR/input_Name_newChannelName"), ChannelName): Text 'Test 111229' is set on object 'Object Repository/CreateRoom_Mattermose_OR/input_Name_newChannelName'

2021-05-28 17:56:03 - [MESSAGE][PASSED] - Text 'Test 111229' is set on object 'Object Repository/CreateRoom_Mattermose_OR/input_Name_newChannelName'

2021-05-28 17:56:03 - [TEST_STEP][PASSED] - setText(findTestObject("CreateRoom_Mattermose_OR/textarea_(optional)_newChannelPurpose"), Purpose): Text 'Data test 9' is set on object 'Object Repository/CreateRoom_Mattermose_OR/textarea_(optional)_newChannelPurpose'

2021-05-28 17:56:04 - [MESSAGE][PASSED] - Text 'Data test 9' is set on object 'Object Repository/CreateRoom_Mattermose_OR/textarea_(optional)_newChannelPurpose'

2021-05-28 17:56:04 - [TEST_STEP][PASSED] - setText(findTestObject("CreateRoom_Mattermose_OR/textarea_(optional)_newChannelHeader"), Description): Text 'Test Description' is set on object 'Object Repository/CreateRoom_Mattermose_OR/textarea_(optional)_newChannelHeader'

2021-05-28 17:56:05 - [MESSAGE][PASSED] - Text 'Test Description' is set on object 'Object Repository/CreateRoom_Mattermose_OR/textarea_(optional)_newChannelHeader'

2021-05-28 17:56:05 - [TEST_STEP][PASSED] - click(findTestObject("CreateRoom_Mattermose_OR/button_Create Channel")): Object: 'Object Repository/CreateRoom_Mattermose_OR/button_Create Channel' is clicked on

2021-05-28 17:56:06 - [MESSAGE][PASSED] - Object: 'Object Repository/CreateRoom_Mattermose_OR/button_Create Channel' is clicked on

2021-05-28 17:56:06 - [TEST_STEP][PASSED] - if (verifyElementPresent(findTestObject("CreateRoom_Mattermose_OR/p_A channel with that name already exists on the same team"), 0, OPTIONAL)): null

2021-05-28 17:56:06 - [MESSAGE][WARNING] - Timeout '0' is invalid. Using default page load timeout: '30'

2021-05-28 17:56:06 - [MESSAGE][PASSED] - Object 'Object Repository/CreateRoom_Mattermose_OR/p_A channel with that name already exists on the same team' is present

2021-05-28 17:56:06 - [TEST_STEP][PASSED] - closeBrowser(): Browser is closed

2021-05-28 17:56:07 - [MESSAGE][PASSED] - Browser is closed]]></system-out>
         <system-err><![CDATA[]]></system-err>
      </testcase>
      <testcase name="Test Cases/CreateRoom" time="21.798" classname="Test Cases/CreateRoom" status="PASSED">
         <system-out><![CDATA[2021-05-28 17:56:07 - [TEST_CASE][PASSED] - Test Cases/CreateRoom: Test Cases/CreateRoom

2021-05-28 17:56:07 - [TEST_STEP][PASSED] - openBrowser(""): Browser is opened with url: ''

2021-05-28 17:56:07 - [MESSAGE][INFO] - Starting 'Chrome' driver

2021-05-28 17:56:07 - [MESSAGE][INFO] - Action delay is set to 0 milliseconds

2021-05-28 17:56:09 - [MESSAGE][PASSED] - Browser is opened with url: ''

2021-05-28 17:56:09 - [TEST_STEP][PASSED] - navigateToUrl("https://cdnc-group2.herokuapp.com"): Navigate to 'https://cdnc-group2.herokuapp.com' successfully

2021-05-28 17:56:13 - [MESSAGE][PASSED] - Navigate to 'https://cdnc-group2.herokuapp.com' successfully

2021-05-28 17:56:13 - [TEST_STEP][PASSED] - setText(findTestObject("Object Repository/Login_Mattermost_OR/input_All team communication in one place, _dcc84b"), "ngoctin040999@gmail.com"): Text 'ngoctin040999@gmail.com' is set on object 'Object Repository/Login_Mattermost_OR/input_All team communication in one place, _dcc84b'

2021-05-28 17:56:18 - [MESSAGE][PASSED] - Text 'ngoctin040999@gmail.com' is set on object 'Object Repository/Login_Mattermost_OR/input_All team communication in one place, _dcc84b'

2021-05-28 17:56:18 - [TEST_STEP][PASSED] - setText(findTestObject("Object Repository/Login_Mattermost_OR/input_All team communication in one place, _a3edc6"), "ngoctin1"): Text 'ngoctin1' is set on object 'Object Repository/Login_Mattermost_OR/input_All team communication in one place, _a3edc6'

2021-05-28 17:56:19 - [MESSAGE][PASSED] - Text 'ngoctin1' is set on object 'Object Repository/Login_Mattermost_OR/input_All team communication in one place, _a3edc6'

2021-05-28 17:56:19 - [TEST_STEP][PASSED] - click(findTestObject("Object Repository/Login_Mattermost_OR/span_Sign in")): Object: 'Object Repository/Login_Mattermost_OR/span_Sign in' is clicked on

2021-05-28 17:56:20 - [MESSAGE][PASSED] - Object: 'Object Repository/Login_Mattermost_OR/span_Sign in' is clicked on

2021-05-28 17:56:20 - [TEST_STEP][PASSED] - click(findTestObject("CreateRoom_Mattermose_OR/span_")): Object: 'Object Repository/CreateRoom_Mattermose_OR/span_' is clicked on

2021-05-28 17:56:23 - [MESSAGE][PASSED] - Object: 'Object Repository/CreateRoom_Mattermose_OR/span_' is clicked on

2021-05-28 17:56:23 - [TEST_STEP][PASSED] - verifyElementPresent(findTestObject("CreateRoom_Mattermose_OR/span_New Channel"), 0): Object 'Object Repository/CreateRoom_Mattermose_OR/span_New Channel' is present

2021-05-28 17:56:23 - [MESSAGE][WARNING] - Timeout '0' is invalid. Using default page load timeout: '30'

2021-05-28 17:56:24 - [MESSAGE][PASSED] - Object 'Object Repository/CreateRoom_Mattermose_OR/span_New Channel' is present

2021-05-28 17:56:24 - [TEST_STEP][PASSED] - switch (Type): null

2021-05-28 17:56:24 - [TEST_STEP][PASSED] - case "Private":: null

2021-05-28 17:56:24 - [TEST_STEP][PASSED] - click(findTestObject("CreateRoom_Mattermose_OR/input_- Anyone can join this channel_channelType")): Object: 'Object Repository/CreateRoom_Mattermose_OR/input_- Anyone can join this channel_channelType' is clicked on

2021-05-28 17:56:24 - [MESSAGE][PASSED] - Object: 'Object Repository/CreateRoom_Mattermose_OR/input_- Anyone can join this channel_channelType' is clicked on

2021-05-28 17:56:24 - [TEST_STEP][PASSED] - break: null

2021-05-28 17:56:24 - [TEST_STEP][PASSED] - setText(findTestObject("CreateRoom_Mattermose_OR/input_Name_newChannelName"), ChannelName): Text 'Test 111230' is set on object 'Object Repository/CreateRoom_Mattermose_OR/input_Name_newChannelName'

2021-05-28 17:56:25 - [MESSAGE][PASSED] - Text 'Test 111230' is set on object 'Object Repository/CreateRoom_Mattermose_OR/input_Name_newChannelName'

2021-05-28 17:56:25 - [TEST_STEP][PASSED] - setText(findTestObject("CreateRoom_Mattermose_OR/textarea_(optional)_newChannelPurpose"), Purpose): Text 'Data test 10' is set on object 'Object Repository/CreateRoom_Mattermose_OR/textarea_(optional)_newChannelPurpose'

2021-05-28 17:56:26 - [MESSAGE][PASSED] - Text 'Data test 10' is set on object 'Object Repository/CreateRoom_Mattermose_OR/textarea_(optional)_newChannelPurpose'

2021-05-28 17:56:26 - [TEST_STEP][PASSED] - setText(findTestObject("CreateRoom_Mattermose_OR/textarea_(optional)_newChannelHeader"), Description): Text 'Test Description' is set on object 'Object Repository/CreateRoom_Mattermose_OR/textarea_(optional)_newChannelHeader'

2021-05-28 17:56:27 - [MESSAGE][PASSED] - Text 'Test Description' is set on object 'Object Repository/CreateRoom_Mattermose_OR/textarea_(optional)_newChannelHeader'

2021-05-28 17:56:27 - [TEST_STEP][PASSED] - click(findTestObject("CreateRoom_Mattermose_OR/button_Create Channel")): Object: 'Object Repository/CreateRoom_Mattermose_OR/button_Create Channel' is clicked on

2021-05-28 17:56:27 - [MESSAGE][PASSED] - Object: 'Object Repository/CreateRoom_Mattermose_OR/button_Create Channel' is clicked on

2021-05-28 17:56:27 - [TEST_STEP][PASSED] - if (verifyElementPresent(findTestObject("CreateRoom_Mattermose_OR/p_A channel with that name already exists on the same team"), 0, OPTIONAL)): null

2021-05-28 17:56:28 - [MESSAGE][WARNING] - Timeout '0' is invalid. Using default page load timeout: '30'

2021-05-28 17:56:28 - [MESSAGE][PASSED] - Object 'Object Repository/CreateRoom_Mattermose_OR/p_A channel with that name already exists on the same team' is present

2021-05-28 17:56:28 - [TEST_STEP][PASSED] - closeBrowser(): Browser is closed

2021-05-28 17:56:29 - [MESSAGE][PASSED] - Browser is closed]]></system-out>
         <system-err><![CDATA[]]></system-err>
      </testcase>
      <testcase name="Test Cases/CreateTeam" time="53.775" classname="Test Cases/CreateTeam" status="PASSED">
         <system-out><![CDATA[2021-05-28 17:56:29 - [TEST_CASE][PASSED] - Test Cases/CreateTeam: Test Cases/CreateTeam

2021-05-28 17:56:29 - [TEST_STEP][PASSED] - openBrowser(""): Browser is opened with url: ''

2021-05-28 17:56:29 - [MESSAGE][INFO] - Starting 'Chrome' driver

2021-05-28 17:56:29 - [MESSAGE][INFO] - Action delay is set to 0 milliseconds

2021-05-28 17:56:31 - [MESSAGE][PASSED] - Browser is opened with url: ''

2021-05-28 17:56:31 - [TEST_STEP][PASSED] - navigateToUrl("https://cdnc-group2.herokuapp.com/"): Navigate to 'https://cdnc-group2.herokuapp.com/' successfully

2021-05-28 17:56:37 - [MESSAGE][PASSED] - Navigate to 'https://cdnc-group2.herokuapp.com/' successfully

2021-05-28 17:56:37 - [TEST_STEP][PASSED] - setText(findTestObject("Object Repository/Page_Mattermost/input_All team communication in one place, _dcc84b"), "ngoctin040999@gmail.com"): Text 'ngoctin040999@gmail.com' is set on object 'Object Repository/Page_Mattermost/input_All team communication in one place, _dcc84b'

2021-05-28 17:56:43 - [MESSAGE][PASSED] - Text 'ngoctin040999@gmail.com' is set on object 'Object Repository/Page_Mattermost/input_All team communication in one place, _dcc84b'

2021-05-28 17:56:43 - [TEST_STEP][PASSED] - setEncryptedText(findTestObject("Object Repository/Page_Mattermost/input_All team communication in one place, _a3edc6"), "S8w1SJvl7D1hts9IdMV+NQ=="): Text ****** has been set on object 'Object Repository/Page_Mattermost/input_All team communication in one place, _a3edc6'

2021-05-28 17:56:44 - [MESSAGE][PASSED] - Text ****** has been set on object 'Object Repository/Page_Mattermost/input_All team communication in one place, _a3edc6'

2021-05-28 17:56:44 - [TEST_STEP][PASSED] - click(findTestObject("Object Repository/Page_Mattermost/button_Sign in")): Object: 'Object Repository/Page_Mattermost/button_Sign in' is clicked on

2021-05-28 17:56:44 - [MESSAGE][PASSED] - Object: 'Object Repository/Page_Mattermost/button_Sign in' is clicked on

2021-05-28 17:56:44 - [TEST_STEP][PASSED] - click(findTestObject("Object Repository/Page_Town Square - Thanh Tien test Mattermost/svg")): Object: 'Object Repository/Page_Town Square - Thanh Tien test Mattermost/svg' is clicked on

2021-05-28 17:57:15 - [MESSAGE][INFO] - Unable to find the element located by 'By.xpath: (.//*[normalize-space(text()) and normalize-space(.)='@ngoctin02806'])[1]/following::*[name()='svg'][1]'. Please recheck the objects properties to make sure the desired element is located. 

2021-05-28 17:57:15 - [MESSAGE][WARNING] - [SELF-HEALING] Failed to find element with id 'Object Repository/Page_Town Square - Thanh Tien test Mattermost/svg'. Try using Self-healing.

2021-05-28 17:57:16 - [MESSAGE][WARNING] - [SELF-HEALING] The current locator of test object 'Object Repository/Page_Town Square - Thanh Tien test Mattermost/svg' was broken. Propose an alternative one: '(.//*[normalize-space(text()) and normalize-space(.)='More Unreads'])[1]/preceding::*[name()='svg'][1]'.

2021-05-28 17:57:16 - [MESSAGE][PASSED] - Object: 'Object Repository/Page_Town Square - Thanh Tien test Mattermost/svg' is clicked on

2021-05-28 17:57:16 - [TEST_STEP][PASSED] - click(findTestObject("Object Repository/Page_Town Square - Thanh Tien test Mattermost/span_Create a Team")): Object: 'Object Repository/Page_Town Square - Thanh Tien test Mattermost/span_Create a Team' is clicked on

2021-05-28 17:57:16 - [MESSAGE][PASSED] - Object: 'Object Repository/Page_Town Square - Thanh Tien test Mattermost/span_Create a Team' is clicked on

2021-05-28 17:57:16 - [TEST_STEP][PASSED] - setText(findTestObject("Object Repository/Page_Town Square - Thanh Tien test Mattermost/input_Team Name_teamNameInput"), "NewTeam1"): Text 'NewTeam1' is set on object 'Object Repository/Page_Town Square - Thanh Tien test Mattermost/input_Team Name_teamNameInput'

2021-05-28 17:57:18 - [MESSAGE][PASSED] - Text 'NewTeam1' is set on object 'Object Repository/Page_Town Square - Thanh Tien test Mattermost/input_Team Name_teamNameInput'

2021-05-28 17:57:18 - [TEST_STEP][PASSED] - click(findTestObject("Object Repository/Page_Town Square - Thanh Tien test Mattermost/button_Next")): Object: 'Object Repository/Page_Town Square - Thanh Tien test Mattermost/button_Next' is clicked on

2021-05-28 17:57:18 - [MESSAGE][PASSED] - Object: 'Object Repository/Page_Town Square - Thanh Tien test Mattermost/button_Next' is clicked on

2021-05-28 17:57:18 - [TEST_STEP][PASSED] - click(findTestObject("Object Repository/Page_Town Square - Thanh Tien test Mattermost/input_httpscdnc-group2.herokuapp.com_teamURLInput")): Object: 'Object Repository/Page_Town Square - Thanh Tien test Mattermost/input_httpscdnc-group2.herokuapp.com_teamURLInput' is clicked on

2021-05-28 17:57:19 - [MESSAGE][PASSED] - Object: 'Object Repository/Page_Town Square - Thanh Tien test Mattermost/input_httpscdnc-group2.herokuapp.com_teamURLInput' is clicked on

2021-05-28 17:57:19 - [TEST_STEP][PASSED] - setText(findTestObject("Object Repository/Page_Town Square - Thanh Tien test Mattermost/input_httpscdnc-group2.herokuapp.com_teamURLInput"), "newteam1"): Text 'newteam1' is set on object 'Object Repository/Page_Town Square - Thanh Tien test Mattermost/input_httpscdnc-group2.herokuapp.com_teamURLInput'

2021-05-28 17:57:20 - [MESSAGE][PASSED] - Text 'newteam1' is set on object 'Object Repository/Page_Town Square - Thanh Tien test Mattermost/input_httpscdnc-group2.herokuapp.com_teamURLInput'

2021-05-28 17:57:20 - [TEST_STEP][PASSED] - click(findTestObject("Object Repository/Page_Town Square - Thanh Tien test Mattermost/span_Finish")): Object: 'Object Repository/Page_Town Square - Thanh Tien test Mattermost/span_Finish' is clicked on

2021-05-28 17:57:21 - [MESSAGE][PASSED] - Object: 'Object Repository/Page_Town Square - Thanh Tien test Mattermost/span_Finish' is clicked on

2021-05-28 17:57:21 - [TEST_STEP][PASSED] - closeBrowser(): Browser is closed

2021-05-28 17:57:23 - [MESSAGE][PASSED] - Browser is closed]]></system-out>
         <system-err><![CDATA[]]></system-err>
      </testcase>
      <testcase name="Test Cases/Main/TestcaseAddDMsToFavorites" time="55.256" classname="Test Cases/Main/TestcaseAddDMsToFavorites" status="FAILED">
         <failure type="FAILED" message="Test Cases/Main/TestcaseAddDMsToFavorites FAILED.
Reason:
com.kms.katalon.core.exception.StepFailedException: Unable to click on object 'Object Repository/AddDMsToFavorites/Page_test1 - 123 Mattermost/i_Drop a file to upload it_icon fa fa-star-o'
	at com.kms.katalon.core.webui.keyword.internal.WebUIKeywordMain.stepFailed(WebUIKeywordMain.groovy:64)
	at com.kms.katalon.core.webui.keyword.internal.WebUIKeywordMain.runKeyword(WebUIKeywordMain.groovy:26)
	at com.kms.katalon.core.webui.keyword.builtin.ClickKeyword.click(ClickKeyword.groovy:75)
	at com.kms.katalon.core.webui.keyword.builtin.ClickKeyword.execute(ClickKeyword.groovy:42)
	at com.kms.katalon.core.keyword.internal.KeywordExecutor.executeKeywordForPlatform(KeywordExecutor.groovy:73)
	at com.kms.katalon.core.webui.keyword.WebUiBuiltInKeywords.click(WebUiBuiltInKeywords.groovy:619)
	at com.kms.katalon.core.webui.keyword.WebUiBuiltInKeywords$click$4.call(Unknown Source)
	at TestcaseAddDMsToFavorites.run(TestcaseAddDMsToFavorites:28)
	at com.kms.katalon.core.main.ScriptEngine.run(ScriptEngine.java:194)
	at com.kms.katalon.core.main.ScriptEngine.runScriptAsRawText(ScriptEngine.java:119)
	at com.kms.katalon.core.main.TestCaseExecutor.runScript(TestCaseExecutor.java:398)
	at com.kms.katalon.core.main.TestCaseExecutor.doExecute(TestCaseExecutor.java:389)
	at com.kms.katalon.core.main.TestCaseExecutor.processExecutionPhase(TestCaseExecutor.java:368)
	at com.kms.katalon.core.main.TestCaseExecutor.accessMainPhase(TestCaseExecutor.java:360)
	at com.kms.katalon.core.main.TestCaseExecutor.execute(TestCaseExecutor.java:255)
	at com.kms.katalon.core.main.TestSuiteExecutor.accessTestCaseMainPhase(TestSuiteExecutor.java:203)
	at com.kms.katalon.core.main.TestSuiteExecutor.accessTestSuiteMainPhase(TestSuiteExecutor.java:152)
	at com.kms.katalon.core.main.TestSuiteExecutor.execute(TestSuiteExecutor.java:95)
	at com.kms.katalon.core.main.TestCaseMain.startTestSuite(TestCaseMain.java:157)
	at com.kms.katalon.core.main.TestCaseMain$startTestSuite$0.call(Unknown Source)
	at TempTestSuite1622198376741.run(TempTestSuite1622198376741.groovy:39)
Caused by: org.openqa.selenium.ElementClickInterceptedException: element click intercepted: Element &lt;i class=&quot;icon fa fa-star-o&quot;>&lt;/i> is not clickable at point (243, 55). Other element would receive the click: &lt;div role=&quot;dialog&quot; aria-labelledby=&quot;quickSwitchModalLabel&quot; tabindex=&quot;-1&quot; class=&quot;in modal&quot; style=&quot;display: block;&quot;>...&lt;/div>
  (Session info: chrome=90.0.4430.212)
Build info: version: '3.141.59', revision: 'e82be7d358', time: '2018-11-14T08:25:53'
System info: host: 'DESKTOP-4EMC2JH', ip: '172.16.0.2', os.name: 'Windows 10', os.arch: 'amd64', os.version: '10.0', java.version: '1.8.0_282'
Driver info: com.kms.katalon.selenium.driver.CChromeDriver
Capabilities {acceptInsecureCerts: false, browserName: chrome, browserVersion: 90.0.4430.212, chrome: {chromedriverVersion: 90.0.4430.24 (4c6d850f087da..., userDataDir: C:\Users\DELL\AppData\Local...}, goog:chromeOptions: {debuggerAddress: localhost:49540}, javascriptEnabled: true, networkConnectionEnabled: false, pageLoadStrategy: normal, platform: WINDOWS, platformName: WINDOWS, proxy: Proxy(), setWindowRect: true, strictFileInteractability: false, timeouts: {implicit: 0, pageLoad: 300000, script: 30000}, unhandledPromptBehavior: dismiss and notify, webauthn:extension:largeBlob: true, webauthn:virtualAuthenticators: true}
Session ID: 75be1c7ab4d5641c77ab7219fa61de18
	at org.openqa.selenium.remote.http.W3CHttpResponseCodec.createException(W3CHttpResponseCodec.java:187)
	at org.openqa.selenium.remote.http.W3CHttpResponseCodec.decode(W3CHttpResponseCodec.java:122)
	at org.openqa.selenium.remote.http.W3CHttpResponseCodec.decode(W3CHttpResponseCodec.java:49)
	at org.openqa.selenium.remote.HttpCommandExecutor.execute(HttpCommandExecutor.java:158)
	at org.openqa.selenium.remote.service.DriverCommandExecutor.execute(DriverCommandExecutor.java:83)
	at org.openqa.selenium.remote.RemoteWebDriver.execute(RemoteWebDriver.java:552)
	at com.kms.katalon.selenium.driver.CChromeDriver.execute(CChromeDriver.java:19)
	at org.openqa.selenium.remote.RemoteWebElement.execute(RemoteWebElement.java:285)
	at org.openqa.selenium.remote.RemoteWebElement.click(RemoteWebElement.java:84)
	at org.openqa.selenium.support.events.EventFiringWebDriver$EventFiringWebElement.lambda$new$0(EventFiringWebDriver.java:404)
	at com.sun.proxy.$Proxy11.click(Unknown Source)
	at org.openqa.selenium.support.events.EventFiringWebDriver$EventFiringWebElement.click(EventFiringWebDriver.java:417)
	at com.kms.katalon.core.webui.keyword.builtin.ClickKeyword$_click_closure1.doCall(ClickKeyword.groovy:68)
	at com.kms.katalon.core.webui.keyword.builtin.ClickKeyword$_click_closure1.call(ClickKeyword.groovy)
	at com.kms.katalon.core.webui.keyword.internal.WebUIKeywordMain.runKeyword(WebUIKeywordMain.groovy:20)
	... 19 more
"/>
         <system-out><![CDATA[2021-05-28 17:57:23 - [TEST_CASE][FAILED] - Test Cases/Main/TestcaseAddDMsToFavorites: Test Cases/Main/TestcaseAddDMsToFavorites FAILED.
Reason:
com.kms.katalon.core.exception.StepFailedException: Unable to click on object 'Object Repository/AddDMsToFavorites/Page_test1 - 123 Mattermost/i_Drop a file to upload it_icon fa fa-star-o'
	at com.kms.katalon.core.webui.keyword.internal.WebUIKeywordMain.stepFailed(WebUIKeywordMain.groovy:64)
	at com.kms.katalon.core.webui.keyword.internal.WebUIKeywordMain.runKeyword(WebUIKeywordMain.groovy:26)
	at com.kms.katalon.core.webui.keyword.builtin.ClickKeyword.click(ClickKeyword.groovy:75)
	at com.kms.katalon.core.webui.keyword.builtin.ClickKeyword.execute(ClickKeyword.groovy:42)
	at com.kms.katalon.core.keyword.internal.KeywordExecutor.executeKeywordForPlatform(KeywordExecutor.groovy:73)
	at com.kms.katalon.core.webui.keyword.WebUiBuiltInKeywords.click(WebUiBuiltInKeywords.groovy:619)
	at com.kms.katalon.core.webui.keyword.WebUiBuiltInKeywords$click$4.call(Unknown Source)
	at TestcaseAddDMsToFavorites.run(TestcaseAddDMsToFavorites:28)
	at com.kms.katalon.core.main.ScriptEngine.run(ScriptEngine.java:194)
	at com.kms.katalon.core.main.ScriptEngine.runScriptAsRawText(ScriptEngine.java:119)
	at com.kms.katalon.core.main.TestCaseExecutor.runScript(TestCaseExecutor.java:398)
	at com.kms.katalon.core.main.TestCaseExecutor.doExecute(TestCaseExecutor.java:389)
	at com.kms.katalon.core.main.TestCaseExecutor.processExecutionPhase(TestCaseExecutor.java:368)
	at com.kms.katalon.core.main.TestCaseExecutor.accessMainPhase(TestCaseExecutor.java:360)
	at com.kms.katalon.core.main.TestCaseExecutor.execute(TestCaseExecutor.java:255)
	at com.kms.katalon.core.main.TestSuiteExecutor.accessTestCaseMainPhase(TestSuiteExecutor.java:203)
	at com.kms.katalon.core.main.TestSuiteExecutor.accessTestSuiteMainPhase(TestSuiteExecutor.java:152)
	at com.kms.katalon.core.main.TestSuiteExecutor.execute(TestSuiteExecutor.java:95)
	at com.kms.katalon.core.main.TestCaseMain.startTestSuite(TestCaseMain.java:157)
	at com.kms.katalon.core.main.TestCaseMain$startTestSuite$0.call(Unknown Source)
	at TempTestSuite1622198376741.run(TempTestSuite1622198376741.groovy:39)
Caused by: org.openqa.selenium.ElementClickInterceptedException: element click intercepted: Element <i class="icon fa fa-star-o"></i> is not clickable at point (243, 55). Other element would receive the click: <div role="dialog" aria-labelledby="quickSwitchModalLabel" tabindex="-1" class="in modal" style="display: block;">...</div>
  (Session info: chrome=90.0.4430.212)
Build info: version: '3.141.59', revision: 'e82be7d358', time: '2018-11-14T08:25:53'
System info: host: 'DESKTOP-4EMC2JH', ip: '172.16.0.2', os.name: 'Windows 10', os.arch: 'amd64', os.version: '10.0', java.version: '1.8.0_282'
Driver info: com.kms.katalon.selenium.driver.CChromeDriver
Capabilities {acceptInsecureCerts: false, browserName: chrome, browserVersion: 90.0.4430.212, chrome: {chromedriverVersion: 90.0.4430.24 (4c6d850f087da..., userDataDir: C:\Users\DELL\AppData\Local...}, goog:chromeOptions: {debuggerAddress: localhost:49540}, javascriptEnabled: true, networkConnectionEnabled: false, pageLoadStrategy: normal, platform: WINDOWS, platformName: WINDOWS, proxy: Proxy(), setWindowRect: true, strictFileInteractability: false, timeouts: {implicit: 0, pageLoad: 300000, script: 30000}, unhandledPromptBehavior: dismiss and notify, webauthn:extension:largeBlob: true, webauthn:virtualAuthenticators: true}
Session ID: 75be1c7ab4d5641c77ab7219fa61de18
	at org.openqa.selenium.remote.http.W3CHttpResponseCodec.createException(W3CHttpResponseCodec.java:187)
	at org.openqa.selenium.remote.http.W3CHttpResponseCodec.decode(W3CHttpResponseCodec.java:122)
	at org.openqa.selenium.remote.http.W3CHttpResponseCodec.decode(W3CHttpResponseCodec.java:49)
	at org.openqa.selenium.remote.HttpCommandExecutor.execute(HttpCommandExecutor.java:158)
	at org.openqa.selenium.remote.service.DriverCommandExecutor.execute(DriverCommandExecutor.java:83)
	at org.openqa.selenium.remote.RemoteWebDriver.execute(RemoteWebDriver.java:552)
	at com.kms.katalon.selenium.driver.CChromeDriver.execute(CChromeDriver.java:19)
	at org.openqa.selenium.remote.RemoteWebElement.execute(RemoteWebElement.java:285)
	at org.openqa.selenium.remote.RemoteWebElement.click(RemoteWebElement.java:84)
	at org.openqa.selenium.support.events.EventFiringWebDriver$EventFiringWebElement.lambda$new$0(EventFiringWebDriver.java:404)
	at com.sun.proxy.$Proxy11.click(Unknown Source)
	at org.openqa.selenium.support.events.EventFiringWebDriver$EventFiringWebElement.click(EventFiringWebDriver.java:417)
	at com.kms.katalon.core.webui.keyword.builtin.ClickKeyword$_click_closure1.doCall(ClickKeyword.groovy:68)
	at com.kms.katalon.core.webui.keyword.builtin.ClickKeyword$_click_closure1.call(ClickKeyword.groovy)
	at com.kms.katalon.core.webui.keyword.internal.WebUIKeywordMain.runKeyword(WebUIKeywordMain.groovy:20)
	... 19 more


2021-05-28 17:57:24 - [TEST_STEP][PASSED] - callTestCase(findTestCase("PreCondition/Login"), [:], STOP_ON_FAILURE): Call Test Case 'Test Cases/PreCondition/Login' successfully

2021-05-28 17:57:24 - [TEST_CASE][PASSED] - Test Cases/PreCondition/Login: Test Cases/PreCondition/Login

2021-05-28 17:57:25 - [TEST_STEP][PASSED] - openBrowser(""): Browser is opened with url: ''

2021-05-28 17:57:25 - [MESSAGE][INFO] - Starting 'Chrome' driver

2021-05-28 17:57:25 - [MESSAGE][INFO] - Action delay is set to 0 milliseconds

2021-05-28 17:57:27 - [MESSAGE][PASSED] - Browser is opened with url: ''

2021-05-28 17:57:27 - [TEST_STEP][PASSED] - navigateToUrl("https://cdnc-group2.herokuapp.com/"): Navigate to 'https://cdnc-group2.herokuapp.com/' successfully

2021-05-28 17:57:35 - [MESSAGE][PASSED] - Navigate to 'https://cdnc-group2.herokuapp.com/' successfully

2021-05-28 17:57:35 - [TEST_STEP][PASSED] - setText(findTestObject("Object Repository/Login/Page_Mattermost/input_All team communication in one place, _dcc84b"), "ngoctin040999@gmail.com"): Text 'ngoctin040999@gmail.com' is set on object 'Object Repository/Login/Page_Mattermost/input_All team communication in one place, _dcc84b'

2021-05-28 17:57:41 - [MESSAGE][PASSED] - Text 'ngoctin040999@gmail.com' is set on object 'Object Repository/Login/Page_Mattermost/input_All team communication in one place, _dcc84b'

2021-05-28 17:57:41 - [TEST_STEP][PASSED] - setEncryptedText(findTestObject("Object Repository/Login/Page_Mattermost/input_All team communication in one place, _a3edc6"), "S8w1SJvl7D1hts9IdMV+NQ=="): Text ****** has been set on object 'Object Repository/Login/Page_Mattermost/input_All team communication in one place, _a3edc6'

2021-05-28 17:57:42 - [MESSAGE][PASSED] - Text ****** has been set on object 'Object Repository/Login/Page_Mattermost/input_All team communication in one place, _a3edc6'

2021-05-28 17:57:42 - [TEST_STEP][PASSED] - click(findTestObject("Object Repository/Login/Page_Mattermost/button_Sign in")): Object: 'Object Repository/Login/Page_Mattermost/button_Sign in' is clicked on

2021-05-28 17:57:43 - [MESSAGE][PASSED] - Object: 'Object Repository/Login/Page_Mattermost/button_Sign in' is clicked on

2021-05-28 17:57:43 - [MESSAGE][PASSED] - Call Test Case 'Test Cases/PreCondition/Login' successfully

2021-05-28 17:57:43 - [TEST_STEP][PASSED] - btnTest1DMs = findTestObject("Object Repository/SaveMsgInDMs/Page_Town Square - 123 Mattermost/span_test1"): null

2021-05-28 17:57:43 - [TEST_STEP][PASSED] - btnStar = findTestObject("Object Repository/AddDMsToFavorites/Page_test1 - 123 Mattermost/i_Drop a file to upload it_icon fa fa-star-o"): null

2021-05-28 17:57:43 - [TEST_STEP][FAILED] - if (btnTest1DMs != null && btnStar != null): Unable to click on object 'Object Repository/AddDMsToFavorites/Page_test1 - 123 Mattermost/i_Drop a file to upload it_icon fa fa-star-o' (Root cause: com.kms.katalon.core.exception.StepFailedException: Unable to click on object 'Object Repository/AddDMsToFavorites/Page_test1 - 123 Mattermost/i_Drop a file to upload it_icon fa fa-star-o'
	at com.kms.katalon.core.webui.keyword.internal.WebUIKeywordMain.stepFailed(WebUIKeywordMain.groovy:64)
	at com.kms.katalon.core.webui.keyword.internal.WebUIKeywordMain.runKeyword(WebUIKeywordMain.groovy:26)
	at com.kms.katalon.core.webui.keyword.builtin.ClickKeyword.click(ClickKeyword.groovy:75)
	at com.kms.katalon.core.webui.keyword.builtin.ClickKeyword.execute(ClickKeyword.groovy:42)
	at com.kms.katalon.core.keyword.internal.KeywordExecutor.executeKeywordForPlatform(KeywordExecutor.groovy:73)
	at com.kms.katalon.core.webui.keyword.WebUiBuiltInKeywords.click(WebUiBuiltInKeywords.groovy:619)
	at com.kms.katalon.core.webui.keyword.WebUiBuiltInKeywords$click$4.call(Unknown Source)
	at TestcaseAddDMsToFavorites.run(TestcaseAddDMsToFavorites:28)
	at com.kms.katalon.core.main.ScriptEngine.run(ScriptEngine.java:194)
	at com.kms.katalon.core.main.ScriptEngine.runScriptAsRawText(ScriptEngine.java:119)
	at com.kms.katalon.core.main.TestCaseExecutor.runScript(TestCaseExecutor.java:398)
	at com.kms.katalon.core.main.TestCaseExecutor.doExecute(TestCaseExecutor.java:389)
	at com.kms.katalon.core.main.TestCaseExecutor.processExecutionPhase(TestCaseExecutor.java:368)
	at com.kms.katalon.core.main.TestCaseExecutor.accessMainPhase(TestCaseExecutor.java:360)
	at com.kms.katalon.core.main.TestCaseExecutor.execute(TestCaseExecutor.java:255)
	at com.kms.katalon.core.main.TestSuiteExecutor.accessTestCaseMainPhase(TestSuiteExecutor.java:203)
	at com.kms.katalon.core.main.TestSuiteExecutor.accessTestSuiteMainPhase(TestSuiteExecutor.java:152)
	at com.kms.katalon.core.main.TestSuiteExecutor.execute(TestSuiteExecutor.java:95)
	at com.kms.katalon.core.main.TestCaseMain.startTestSuite(TestCaseMain.java:157)
	at com.kms.katalon.core.main.TestCaseMain$startTestSuite$0.call(Unknown Source)
	at TempTestSuite1622198376741.run(TempTestSuite1622198376741.groovy:39)
Caused by: org.openqa.selenium.ElementClickInterceptedException: element click intercepted: Element <i class="icon fa fa-star-o"></i> is not clickable at point (243, 55). Other element would receive the click: <div role="dialog" aria-labelledby="quickSwitchModalLabel" tabindex="-1" class="in modal" style="display: block;">...</div>
  (Session info: chrome=90.0.4430.212)
Build info: version: '3.141.59', revision: 'e82be7d358', time: '2018-11-14T08:25:53'
System info: host: 'DESKTOP-4EMC2JH', ip: '172.16.0.2', os.name: 'Windows 10', os.arch: 'amd64', os.version: '10.0', java.version: '1.8.0_282'
Driver info: com.kms.katalon.selenium.driver.CChromeDriver
Capabilities {acceptInsecureCerts: false, browserName: chrome, browserVersion: 90.0.4430.212, chrome: {chromedriverVersion: 90.0.4430.24 (4c6d850f087da..., userDataDir: C:\Users\DELL\AppData\Local...}, goog:chromeOptions: {debuggerAddress: localhost:49540}, javascriptEnabled: true, networkConnectionEnabled: false, pageLoadStrategy: normal, platform: WINDOWS, platformName: WINDOWS, proxy: Proxy(), setWindowRect: true, strictFileInteractability: false, timeouts: {implicit: 0, pageLoad: 300000, script: 30000}, unhandledPromptBehavior: dismiss and notify, webauthn:extension:largeBlob: true, webauthn:virtualAuthenticators: true}
Session ID: 75be1c7ab4d5641c77ab7219fa61de18
	at org.openqa.selenium.remote.http.W3CHttpResponseCodec.createException(W3CHttpResponseCodec.java:187)
	at org.openqa.selenium.remote.http.W3CHttpResponseCodec.decode(W3CHttpResponseCodec.java:122)
	at org.openqa.selenium.remote.http.W3CHttpResponseCodec.decode(W3CHttpResponseCodec.java:49)
	at org.openqa.selenium.remote.HttpCommandExecutor.execute(HttpCommandExecutor.java:158)
	at org.openqa.selenium.remote.service.DriverCommandExecutor.execute(DriverCommandExecutor.java:83)
	at org.openqa.selenium.remote.RemoteWebDriver.execute(RemoteWebDriver.java:552)
	at com.kms.katalon.selenium.driver.CChromeDriver.execute(CChromeDriver.java:19)
	at org.openqa.selenium.remote.RemoteWebElement.execute(RemoteWebElement.java:285)
	at org.openqa.selenium.remote.RemoteWebElement.click(RemoteWebElement.java:84)
	at org.openqa.selenium.support.events.EventFiringWebDriver$EventFiringWebElement.lambda$new$0(EventFiringWebDriver.java:404)
	at com.sun.proxy.$Proxy11.click(Unknown Source)
	at org.openqa.selenium.support.events.EventFiringWebDriver$EventFiringWebElement.click(EventFiringWebDriver.java:417)
	at com.kms.katalon.core.webui.keyword.builtin.ClickKeyword$_click_closure1.doCall(ClickKeyword.groovy:68)
	at com.kms.katalon.core.webui.keyword.builtin.ClickKeyword$_click_closure1.call(ClickKeyword.groovy)
	at com.kms.katalon.core.webui.keyword.internal.WebUIKeywordMain.runKeyword(WebUIKeywordMain.groovy:20)
	at com.kms.katalon.core.webui.keyword.builtin.ClickKeyword.click(ClickKeyword.groovy:75)
	at com.kms.katalon.core.webui.keyword.builtin.ClickKeyword.execute(ClickKeyword.groovy:42)
	at com.kms.katalon.core.keyword.internal.KeywordExecutor.executeKeywordForPlatform(KeywordExecutor.groovy:73)
	at com.kms.katalon.core.webui.keyword.WebUiBuiltInKeywords.click(WebUiBuiltInKeywords.groovy:619)
	at com.kms.katalon.core.webui.keyword.WebUiBuiltInKeywords$click$4.call(Unknown Source)
	at Script1622021365436.run(Script1622021365436.groovy:28)
	... 13 more
)

2021-05-28 17:57:43 - [TEST_STEP][PASSED] - click(btnTest1DMs): Object: 'Object Repository/SaveMsgInDMs/Page_Town Square - 123 Mattermost/span_test1' is clicked on

2021-05-28 17:58:14 - [MESSAGE][INFO] - Unable to find the element located by 'By.xpath: //a[@id='sidebarItem_jhu7o6ikc7n49jwsmusnszmefe__tto3zmi1cpbtfqcc4xr8cjdcbw']/span[2]/span'. Please recheck the objects properties to make sure the desired element is located. 

2021-05-28 17:58:14 - [MESSAGE][WARNING] - [SELF-HEALING] Failed to find element with id 'Object Repository/SaveMsgInDMs/Page_Town Square - 123 Mattermost/span_test1'. Try using Self-healing.

2021-05-28 17:58:15 - [MESSAGE][INFO] - [SELF-HEALING] Failed Locator: '//a[@id='sidebarItem_jhu7o6ikc7n49jwsmusnszmefe__tto3zmi1cpbtfqcc4xr8cjdcbw']/span[2]/span'.

2021-05-28 17:58:15 - [MESSAGE][INFO] - [SELF-HEALING] Failed Locator: '(.//*[normalize-space(text()) and normalize-space(.)='+'])[4]/following::span[3]'.

2021-05-28 17:58:16 - [MESSAGE][INFO] - [SELF-HEALING] Working Locator: '(.//*[normalize-space(text()) and normalize-space(.)='DIRECT MESSAGES'])[1]/following::span[4]'.

2021-05-28 17:58:16 - [MESSAGE][INFO] - [SELF-HEALING] Screenshot: G:/HCMUS/Nam4/HK2/Deadline/2/katalon/Reports/Self-healing/Object Repository/SaveMsgInDMs/Page_Town Square - 123 Mattermost/span_test1_neighbor.png

2021-05-28 17:58:16 - [MESSAGE][WARNING] - [SELF-HEALING] The current locator of test object 'Object Repository/SaveMsgInDMs/Page_Town Square - 123 Mattermost/span_test1' was broken. Propose an alternative one: '(.//*[normalize-space(text()) and normalize-space(.)='DIRECT MESSAGES'])[1]/following::span[4]'.

2021-05-28 17:58:16 - [MESSAGE][PASSED] - Object: 'Object Repository/SaveMsgInDMs/Page_Town Square - 123 Mattermost/span_test1' is clicked on

2021-05-28 17:58:16 - [TEST_STEP][FAILED] - click(btnStar): Unable to click on object 'Object Repository/AddDMsToFavorites/Page_test1 - 123 Mattermost/i_Drop a file to upload it_icon fa fa-star-o' (Root cause: com.kms.katalon.core.exception.StepFailedException: Unable to click on object 'Object Repository/AddDMsToFavorites/Page_test1 - 123 Mattermost/i_Drop a file to upload it_icon fa fa-star-o'
	at com.kms.katalon.core.webui.keyword.internal.WebUIKeywordMain.stepFailed(WebUIKeywordMain.groovy:64)
	at com.kms.katalon.core.webui.keyword.internal.WebUIKeywordMain.runKeyword(WebUIKeywordMain.groovy:26)
	at com.kms.katalon.core.webui.keyword.builtin.ClickKeyword.click(ClickKeyword.groovy:75)
	at com.kms.katalon.core.webui.keyword.builtin.ClickKeyword.execute(ClickKeyword.groovy:42)
	at com.kms.katalon.core.keyword.internal.KeywordExecutor.executeKeywordForPlatform(KeywordExecutor.groovy:73)
	at com.kms.katalon.core.webui.keyword.WebUiBuiltInKeywords.click(WebUiBuiltInKeywords.groovy:619)
	at com.kms.katalon.core.webui.keyword.WebUiBuiltInKeywords$click$4.call(Unknown Source)
	at TestcaseAddDMsToFavorites.run(TestcaseAddDMsToFavorites:28)
	at com.kms.katalon.core.main.ScriptEngine.run(ScriptEngine.java:194)
	at com.kms.katalon.core.main.ScriptEngine.runScriptAsRawText(ScriptEngine.java:119)
	at com.kms.katalon.core.main.TestCaseExecutor.runScript(TestCaseExecutor.java:398)
	at com.kms.katalon.core.main.TestCaseExecutor.doExecute(TestCaseExecutor.java:389)
	at com.kms.katalon.core.main.TestCaseExecutor.processExecutionPhase(TestCaseExecutor.java:368)
	at com.kms.katalon.core.main.TestCaseExecutor.accessMainPhase(TestCaseExecutor.java:360)
	at com.kms.katalon.core.main.TestCaseExecutor.execute(TestCaseExecutor.java:255)
	at com.kms.katalon.core.main.TestSuiteExecutor.accessTestCaseMainPhase(TestSuiteExecutor.java:203)
	at com.kms.katalon.core.main.TestSuiteExecutor.accessTestSuiteMainPhase(TestSuiteExecutor.java:152)
	at com.kms.katalon.core.main.TestSuiteExecutor.execute(TestSuiteExecutor.java:95)
	at com.kms.katalon.core.main.TestCaseMain.startTestSuite(TestCaseMain.java:157)
	at com.kms.katalon.core.main.TestCaseMain$startTestSuite$0.call(Unknown Source)
	at TempTestSuite1622198376741.run(TempTestSuite1622198376741.groovy:39)
Caused by: org.openqa.selenium.ElementClickInterceptedException: element click intercepted: Element <i class="icon fa fa-star-o"></i> is not clickable at point (243, 55). Other element would receive the click: <div role="dialog" aria-labelledby="quickSwitchModalLabel" tabindex="-1" class="in modal" style="display: block;">...</div>
  (Session info: chrome=90.0.4430.212)
Build info: version: '3.141.59', revision: 'e82be7d358', time: '2018-11-14T08:25:53'
System info: host: 'DESKTOP-4EMC2JH', ip: '172.16.0.2', os.name: 'Windows 10', os.arch: 'amd64', os.version: '10.0', java.version: '1.8.0_282'
Driver info: com.kms.katalon.selenium.driver.CChromeDriver
Capabilities {acceptInsecureCerts: false, browserName: chrome, browserVersion: 90.0.4430.212, chrome: {chromedriverVersion: 90.0.4430.24 (4c6d850f087da..., userDataDir: C:\Users\DELL\AppData\Local...}, goog:chromeOptions: {debuggerAddress: localhost:49540}, javascriptEnabled: true, networkConnectionEnabled: false, pageLoadStrategy: normal, platform: WINDOWS, platformName: WINDOWS, proxy: Proxy(), setWindowRect: true, strictFileInteractability: false, timeouts: {implicit: 0, pageLoad: 300000, script: 30000}, unhandledPromptBehavior: dismiss and notify, webauthn:extension:largeBlob: true, webauthn:virtualAuthenticators: true}
Session ID: 75be1c7ab4d5641c77ab7219fa61de18
	at org.openqa.selenium.remote.http.W3CHttpResponseCodec.createException(W3CHttpResponseCodec.java:187)
	at org.openqa.selenium.remote.http.W3CHttpResponseCodec.decode(W3CHttpResponseCodec.java:122)
	at org.openqa.selenium.remote.http.W3CHttpResponseCodec.decode(W3CHttpResponseCodec.java:49)
	at org.openqa.selenium.remote.HttpCommandExecutor.execute(HttpCommandExecutor.java:158)
	at org.openqa.selenium.remote.service.DriverCommandExecutor.execute(DriverCommandExecutor.java:83)
	at org.openqa.selenium.remote.RemoteWebDriver.execute(RemoteWebDriver.java:552)
	at com.kms.katalon.selenium.driver.CChromeDriver.execute(CChromeDriver.java:19)
	at org.openqa.selenium.remote.RemoteWebElement.execute(RemoteWebElement.java:285)
	at org.openqa.selenium.remote.RemoteWebElement.click(RemoteWebElement.java:84)
	at org.openqa.selenium.support.events.EventFiringWebDriver$EventFiringWebElement.lambda$new$0(EventFiringWebDriver.java:404)
	at com.sun.proxy.$Proxy11.click(Unknown Source)
	at org.openqa.selenium.support.events.EventFiringWebDriver$EventFiringWebElement.click(EventFiringWebDriver.java:417)
	at com.kms.katalon.core.webui.keyword.builtin.ClickKeyword$_click_closure1.doCall(ClickKeyword.groovy:68)
	at com.kms.katalon.core.webui.keyword.builtin.ClickKeyword$_click_closure1.call(ClickKeyword.groovy)
	at com.kms.katalon.core.webui.keyword.internal.WebUIKeywordMain.runKeyword(WebUIKeywordMain.groovy:20)
	at com.kms.katalon.core.webui.keyword.builtin.ClickKeyword.click(ClickKeyword.groovy:75)
	at com.kms.katalon.core.webui.keyword.builtin.ClickKeyword.execute(ClickKeyword.groovy:42)
	at com.kms.katalon.core.keyword.internal.KeywordExecutor.executeKeywordForPlatform(KeywordExecutor.groovy:73)
	at com.kms.katalon.core.webui.keyword.WebUiBuiltInKeywords.click(WebUiBuiltInKeywords.groovy:619)
	at com.kms.katalon.core.webui.keyword.WebUiBuiltInKeywords$click$4.call(Unknown Source)
	at Script1622021365436.run(Script1622021365436.groovy:28)
	... 13 more
)

2021-05-28 17:58:18 - [MESSAGE][FAILED] - Unable to click on object 'Object Repository/AddDMsToFavorites/Page_test1 - 123 Mattermost/i_Drop a file to upload it_icon fa fa-star-o' (Root cause: com.kms.katalon.core.exception.StepFailedException: Unable to click on object 'Object Repository/AddDMsToFavorites/Page_test1 - 123 Mattermost/i_Drop a file to upload it_icon fa fa-star-o'
	at com.kms.katalon.core.webui.keyword.internal.WebUIKeywordMain.stepFailed(WebUIKeywordMain.groovy:64)
	at com.kms.katalon.core.webui.keyword.internal.WebUIKeywordMain.runKeyword(WebUIKeywordMain.groovy:26)
	at com.kms.katalon.core.webui.keyword.builtin.ClickKeyword.click(ClickKeyword.groovy:75)
	at com.kms.katalon.core.webui.keyword.builtin.ClickKeyword.execute(ClickKeyword.groovy:42)
	at com.kms.katalon.core.keyword.internal.KeywordExecutor.executeKeywordForPlatform(KeywordExecutor.groovy:73)
	at com.kms.katalon.core.webui.keyword.WebUiBuiltInKeywords.click(WebUiBuiltInKeywords.groovy:619)
	at com.kms.katalon.core.webui.keyword.WebUiBuiltInKeywords$click$4.call(Unknown Source)
	at TestcaseAddDMsToFavorites.run(TestcaseAddDMsToFavorites:28)
	at com.kms.katalon.core.main.ScriptEngine.run(ScriptEngine.java:194)
	at com.kms.katalon.core.main.ScriptEngine.runScriptAsRawText(ScriptEngine.java:119)
	at com.kms.katalon.core.main.TestCaseExecutor.runScript(TestCaseExecutor.java:398)
	at com.kms.katalon.core.main.TestCaseExecutor.doExecute(TestCaseExecutor.java:389)
	at com.kms.katalon.core.main.TestCaseExecutor.processExecutionPhase(TestCaseExecutor.java:368)
	at com.kms.katalon.core.main.TestCaseExecutor.accessMainPhase(TestCaseExecutor.java:360)
	at com.kms.katalon.core.main.TestCaseExecutor.execute(TestCaseExecutor.java:255)
	at com.kms.katalon.core.main.TestSuiteExecutor.accessTestCaseMainPhase(TestSuiteExecutor.java:203)
	at com.kms.katalon.core.main.TestSuiteExecutor.accessTestSuiteMainPhase(TestSuiteExecutor.java:152)
	at com.kms.katalon.core.main.TestSuiteExecutor.execute(TestSuiteExecutor.java:95)
	at com.kms.katalon.core.main.TestCaseMain.startTestSuite(TestCaseMain.java:157)
	at com.kms.katalon.core.main.TestCaseMain$startTestSuite$0.call(Unknown Source)
	at TempTestSuite1622198376741.run(TempTestSuite1622198376741.groovy:39)
Caused by: org.openqa.selenium.ElementClickInterceptedException: element click intercepted: Element <i class="icon fa fa-star-o"></i> is not clickable at point (243, 55). Other element would receive the click: <div role="dialog" aria-labelledby="quickSwitchModalLabel" tabindex="-1" class="in modal" style="display: block;">...</div>
  (Session info: chrome=90.0.4430.212)
Build info: version: '3.141.59', revision: 'e82be7d358', time: '2018-11-14T08:25:53'
System info: host: 'DESKTOP-4EMC2JH', ip: '172.16.0.2', os.name: 'Windows 10', os.arch: 'amd64', os.version: '10.0', java.version: '1.8.0_282'
Driver info: com.kms.katalon.selenium.driver.CChromeDriver
Capabilities {acceptInsecureCerts: false, browserName: chrome, browserVersion: 90.0.4430.212, chrome: {chromedriverVersion: 90.0.4430.24 (4c6d850f087da..., userDataDir: C:\Users\DELL\AppData\Local...}, goog:chromeOptions: {debuggerAddress: localhost:49540}, javascriptEnabled: true, networkConnectionEnabled: false, pageLoadStrategy: normal, platform: WINDOWS, platformName: WINDOWS, proxy: Proxy(), setWindowRect: true, strictFileInteractability: false, timeouts: {implicit: 0, pageLoad: 300000, script: 30000}, unhandledPromptBehavior: dismiss and notify, webauthn:extension:largeBlob: true, webauthn:virtualAuthenticators: true}
Session ID: 75be1c7ab4d5641c77ab7219fa61de18
	at org.openqa.selenium.remote.http.W3CHttpResponseCodec.createException(W3CHttpResponseCodec.java:187)
	at org.openqa.selenium.remote.http.W3CHttpResponseCodec.decode(W3CHttpResponseCodec.java:122)
	at org.openqa.selenium.remote.http.W3CHttpResponseCodec.decode(W3CHttpResponseCodec.java:49)
	at org.openqa.selenium.remote.HttpCommandExecutor.execute(HttpCommandExecutor.java:158)
	at org.openqa.selenium.remote.service.DriverCommandExecutor.execute(DriverCommandExecutor.java:83)
	at org.openqa.selenium.remote.RemoteWebDriver.execute(RemoteWebDriver.java:552)
	at com.kms.katalon.selenium.driver.CChromeDriver.execute(CChromeDriver.java:19)
	at org.openqa.selenium.remote.RemoteWebElement.execute(RemoteWebElement.java:285)
	at org.openqa.selenium.remote.RemoteWebElement.click(RemoteWebElement.java:84)
	at org.openqa.selenium.support.events.EventFiringWebDriver$EventFiringWebElement.lambda$new$0(EventFiringWebDriver.java:404)
	at com.sun.proxy.$Proxy11.click(Unknown Source)
	at org.openqa.selenium.support.events.EventFiringWebDriver$EventFiringWebElement.click(EventFiringWebDriver.java:417)
	at com.kms.katalon.core.webui.keyword.builtin.ClickKeyword$_click_closure1.doCall(ClickKeyword.groovy:68)
	at com.kms.katalon.core.webui.keyword.builtin.ClickKeyword$_click_closure1.call(ClickKeyword.groovy)
	at com.kms.katalon.core.webui.keyword.internal.WebUIKeywordMain.runKeyword(WebUIKeywordMain.groovy:20)
	at com.kms.katalon.core.webui.keyword.builtin.ClickKeyword.click(ClickKeyword.groovy:75)
	at com.kms.katalon.core.webui.keyword.builtin.ClickKeyword.execute(ClickKeyword.groovy:42)
	at com.kms.katalon.core.keyword.internal.KeywordExecutor.executeKeywordForPlatform(KeywordExecutor.groovy:73)
	at com.kms.katalon.core.webui.keyword.WebUiBuiltInKeywords.click(WebUiBuiltInKeywords.groovy:619)
	at com.kms.katalon.core.webui.keyword.WebUiBuiltInKeywords$click$4.call(Unknown Source)
	at Script1622021365436.run(Script1622021365436.groovy:28)
	... 13 more
)
[[ATTACHMENT|G:\\HCMUS\\Nam4\\HK2\\Deadline\\2\\katalon\\Reports\\20210528_173936\\Run Interation 2\\20210528_173936\\1622199498325.png]]]]></system-out>
         <system-err><![CDATA[2021-05-28 17:57:23 - [TEST_CASE][FAILED] - Test Cases/Main/TestcaseAddDMsToFavorites: Test Cases/Main/TestcaseAddDMsToFavorites FAILED.
Reason:
com.kms.katalon.core.exception.StepFailedException: Unable to click on object 'Object Repository/AddDMsToFavorites/Page_test1 - 123 Mattermost/i_Drop a file to upload it_icon fa fa-star-o'
	at com.kms.katalon.core.webui.keyword.internal.WebUIKeywordMain.stepFailed(WebUIKeywordMain.groovy:64)
	at com.kms.katalon.core.webui.keyword.internal.WebUIKeywordMain.runKeyword(WebUIKeywordMain.groovy:26)
	at com.kms.katalon.core.webui.keyword.builtin.ClickKeyword.click(ClickKeyword.groovy:75)
	at com.kms.katalon.core.webui.keyword.builtin.ClickKeyword.execute(ClickKeyword.groovy:42)
	at com.kms.katalon.core.keyword.internal.KeywordExecutor.executeKeywordForPlatform(KeywordExecutor.groovy:73)
	at com.kms.katalon.core.webui.keyword.WebUiBuiltInKeywords.click(WebUiBuiltInKeywords.groovy:619)
	at com.kms.katalon.core.webui.keyword.WebUiBuiltInKeywords$click$4.call(Unknown Source)
	at TestcaseAddDMsToFavorites.run(TestcaseAddDMsToFavorites:28)
	at com.kms.katalon.core.main.ScriptEngine.run(ScriptEngine.java:194)
	at com.kms.katalon.core.main.ScriptEngine.runScriptAsRawText(ScriptEngine.java:119)
	at com.kms.katalon.core.main.TestCaseExecutor.runScript(TestCaseExecutor.java:398)
	at com.kms.katalon.core.main.TestCaseExecutor.doExecute(TestCaseExecutor.java:389)
	at com.kms.katalon.core.main.TestCaseExecutor.processExecutionPhase(TestCaseExecutor.java:368)
	at com.kms.katalon.core.main.TestCaseExecutor.accessMainPhase(TestCaseExecutor.java:360)
	at com.kms.katalon.core.main.TestCaseExecutor.execute(TestCaseExecutor.java:255)
	at com.kms.katalon.core.main.TestSuiteExecutor.accessTestCaseMainPhase(TestSuiteExecutor.java:203)
	at com.kms.katalon.core.main.TestSuiteExecutor.accessTestSuiteMainPhase(TestSuiteExecutor.java:152)
	at com.kms.katalon.core.main.TestSuiteExecutor.execute(TestSuiteExecutor.java:95)
	at com.kms.katalon.core.main.TestCaseMain.startTestSuite(TestCaseMain.java:157)
	at com.kms.katalon.core.main.TestCaseMain$startTestSuite$0.call(Unknown Source)
	at TempTestSuite1622198376741.run(TempTestSuite1622198376741.groovy:39)
Caused by: org.openqa.selenium.ElementClickInterceptedException: element click intercepted: Element <i class="icon fa fa-star-o"></i> is not clickable at point (243, 55). Other element would receive the click: <div role="dialog" aria-labelledby="quickSwitchModalLabel" tabindex="-1" class="in modal" style="display: block;">...</div>
  (Session info: chrome=90.0.4430.212)
Build info: version: '3.141.59', revision: 'e82be7d358', time: '2018-11-14T08:25:53'
System info: host: 'DESKTOP-4EMC2JH', ip: '172.16.0.2', os.name: 'Windows 10', os.arch: 'amd64', os.version: '10.0', java.version: '1.8.0_282'
Driver info: com.kms.katalon.selenium.driver.CChromeDriver
Capabilities {acceptInsecureCerts: false, browserName: chrome, browserVersion: 90.0.4430.212, chrome: {chromedriverVersion: 90.0.4430.24 (4c6d850f087da..., userDataDir: C:\Users\DELL\AppData\Local...}, goog:chromeOptions: {debuggerAddress: localhost:49540}, javascriptEnabled: true, networkConnectionEnabled: false, pageLoadStrategy: normal, platform: WINDOWS, platformName: WINDOWS, proxy: Proxy(), setWindowRect: true, strictFileInteractability: false, timeouts: {implicit: 0, pageLoad: 300000, script: 30000}, unhandledPromptBehavior: dismiss and notify, webauthn:extension:largeBlob: true, webauthn:virtualAuthenticators: true}
Session ID: 75be1c7ab4d5641c77ab7219fa61de18
	at org.openqa.selenium.remote.http.W3CHttpResponseCodec.createException(W3CHttpResponseCodec.java:187)
	at org.openqa.selenium.remote.http.W3CHttpResponseCodec.decode(W3CHttpResponseCodec.java:122)
	at org.openqa.selenium.remote.http.W3CHttpResponseCodec.decode(W3CHttpResponseCodec.java:49)
	at org.openqa.selenium.remote.HttpCommandExecutor.execute(HttpCommandExecutor.java:158)
	at org.openqa.selenium.remote.service.DriverCommandExecutor.execute(DriverCommandExecutor.java:83)
	at org.openqa.selenium.remote.RemoteWebDriver.execute(RemoteWebDriver.java:552)
	at com.kms.katalon.selenium.driver.CChromeDriver.execute(CChromeDriver.java:19)
	at org.openqa.selenium.remote.RemoteWebElement.execute(RemoteWebElement.java:285)
	at org.openqa.selenium.remote.RemoteWebElement.click(RemoteWebElement.java:84)
	at org.openqa.selenium.support.events.EventFiringWebDriver$EventFiringWebElement.lambda$new$0(EventFiringWebDriver.java:404)
	at com.sun.proxy.$Proxy11.click(Unknown Source)
	at org.openqa.selenium.support.events.EventFiringWebDriver$EventFiringWebElement.click(EventFiringWebDriver.java:417)
	at com.kms.katalon.core.webui.keyword.builtin.ClickKeyword$_click_closure1.doCall(ClickKeyword.groovy:68)
	at com.kms.katalon.core.webui.keyword.builtin.ClickKeyword$_click_closure1.call(ClickKeyword.groovy)
	at com.kms.katalon.core.webui.keyword.internal.WebUIKeywordMain.runKeyword(WebUIKeywordMain.groovy:20)
	... 19 more]]></system-err>
      </testcase>
      <testcase name="Test Cases/Main/TestCaseCreateDirectMessages" time="22.404" classname="Test Cases/Main/TestCaseCreateDirectMessages" status="PASSED">
         <system-out><![CDATA[2021-05-28 17:58:18 - [TEST_CASE][PASSED] - Test Cases/Main/TestCaseCreateDirectMessages: Test Cases/Main/TestCaseCreateDirectMessages

2021-05-28 17:58:19 - [TEST_STEP][PASSED] - callTestCase(findTestCase("PreCondition/Login"), [:], STOP_ON_FAILURE): Call Test Case 'Test Cases/PreCondition/Login' successfully

2021-05-28 17:58:19 - [TEST_CASE][PASSED] - Test Cases/PreCondition/Login: Test Cases/PreCondition/Login

2021-05-28 17:58:19 - [TEST_STEP][PASSED] - openBrowser(""): Browser is opened with url: ''

2021-05-28 17:58:19 - [MESSAGE][WARNING] - A browser is already opened. Closing browser and opening a new one

2021-05-28 17:58:19 - [MESSAGE][INFO] - Starting 'Chrome' driver

2021-05-28 17:58:19 - [MESSAGE][INFO] - Action delay is set to 0 milliseconds

2021-05-28 17:58:22 - [MESSAGE][PASSED] - Browser is opened with url: ''

2021-05-28 17:58:22 - [TEST_STEP][PASSED] - navigateToUrl("https://cdnc-group2.herokuapp.com/"): Navigate to 'https://cdnc-group2.herokuapp.com/' successfully

2021-05-28 17:58:27 - [MESSAGE][PASSED] - Navigate to 'https://cdnc-group2.herokuapp.com/' successfully

2021-05-28 17:58:27 - [TEST_STEP][PASSED] - setText(findTestObject("Object Repository/Login/Page_Mattermost/input_All team communication in one place, _dcc84b"), "ngoctin040999@gmail.com"): Text 'ngoctin040999@gmail.com' is set on object 'Object Repository/Login/Page_Mattermost/input_All team communication in one place, _dcc84b'

2021-05-28 17:58:32 - [MESSAGE][PASSED] - Text 'ngoctin040999@gmail.com' is set on object 'Object Repository/Login/Page_Mattermost/input_All team communication in one place, _dcc84b'

2021-05-28 17:58:32 - [TEST_STEP][PASSED] - setEncryptedText(findTestObject("Object Repository/Login/Page_Mattermost/input_All team communication in one place, _a3edc6"), "S8w1SJvl7D1hts9IdMV+NQ=="): Text ****** has been set on object 'Object Repository/Login/Page_Mattermost/input_All team communication in one place, _a3edc6'

2021-05-28 17:58:33 - [MESSAGE][PASSED] - Text ****** has been set on object 'Object Repository/Login/Page_Mattermost/input_All team communication in one place, _a3edc6'

2021-05-28 17:58:33 - [TEST_STEP][PASSED] - click(findTestObject("Object Repository/Login/Page_Mattermost/button_Sign in")): Object: 'Object Repository/Login/Page_Mattermost/button_Sign in' is clicked on

2021-05-28 17:58:34 - [MESSAGE][PASSED] - Object: 'Object Repository/Login/Page_Mattermost/button_Sign in' is clicked on

2021-05-28 17:58:34 - [MESSAGE][PASSED] - Call Test Case 'Test Cases/PreCondition/Login' successfully

2021-05-28 17:58:34 - [TEST_STEP][PASSED] - click(findTestObject("Object Repository/CreateDirectMessages/Page_Town Square - 123 Mattermost/span_")): Object: 'Object Repository/CreateDirectMessages/Page_Town Square - 123 Mattermost/span_' is clicked on

2021-05-28 17:58:38 - [MESSAGE][PASSED] - Object: 'Object Repository/CreateDirectMessages/Page_Town Square - 123 Mattermost/span_' is clicked on

2021-05-28 17:58:38 - [TEST_STEP][PASSED] - click(findTestObject("Object Repository/CreateDirectMessages/Page_Town Square - 123 Mattermost/i_test1gmail.com_fa fa-plus")): Object: 'Object Repository/CreateDirectMessages/Page_Town Square - 123 Mattermost/i_test1gmail.com_fa fa-plus' is clicked on

2021-05-28 17:58:39 - [MESSAGE][PASSED] - Object: 'Object Repository/CreateDirectMessages/Page_Town Square - 123 Mattermost/i_test1gmail.com_fa fa-plus' is clicked on

2021-05-28 17:58:39 - [TEST_STEP][PASSED] - click(findTestObject("Object Repository/CreateDirectMessages/Page_Town Square - 123 Mattermost/span_Go")): Object: 'Object Repository/CreateDirectMessages/Page_Town Square - 123 Mattermost/span_Go' is clicked on

2021-05-28 17:58:40 - [MESSAGE][PASSED] - Object: 'Object Repository/CreateDirectMessages/Page_Town Square - 123 Mattermost/span_Go' is clicked on]]></system-out>
         <system-err><![CDATA[]]></system-err>
      </testcase>
      <testcase name="Test Cases/Main/TestCaseCreateMsgInDMs" time="24.664" classname="Test Cases/Main/TestCaseCreateMsgInDMs" status="PASSED">
         <system-out><![CDATA[2021-05-28 17:58:40 - [TEST_CASE][PASSED] - Test Cases/Main/TestCaseCreateMsgInDMs: Test Cases/Main/TestCaseCreateMsgInDMs

2021-05-28 17:58:41 - [TEST_STEP][PASSED] - callTestCase(findTestCase("PreCondition/Login"), [:], STOP_ON_FAILURE): Call Test Case 'Test Cases/PreCondition/Login' successfully

2021-05-28 17:58:41 - [TEST_CASE][PASSED] - Test Cases/PreCondition/Login: Test Cases/PreCondition/Login

2021-05-28 17:58:41 - [TEST_STEP][PASSED] - openBrowser(""): Browser is opened with url: ''

2021-05-28 17:58:41 - [MESSAGE][WARNING] - A browser is already opened. Closing browser and opening a new one

2021-05-28 17:58:42 - [MESSAGE][INFO] - Starting 'Chrome' driver

2021-05-28 17:58:42 - [MESSAGE][INFO] - Action delay is set to 0 milliseconds

2021-05-28 17:58:44 - [MESSAGE][PASSED] - Browser is opened with url: ''

2021-05-28 17:58:44 - [TEST_STEP][PASSED] - navigateToUrl("https://cdnc-group2.herokuapp.com/"): Navigate to 'https://cdnc-group2.herokuapp.com/' successfully

2021-05-28 17:58:50 - [MESSAGE][PASSED] - Navigate to 'https://cdnc-group2.herokuapp.com/' successfully

2021-05-28 17:58:50 - [TEST_STEP][PASSED] - setText(findTestObject("Object Repository/Login/Page_Mattermost/input_All team communication in one place, _dcc84b"), "ngoctin040999@gmail.com"): Text 'ngoctin040999@gmail.com' is set on object 'Object Repository/Login/Page_Mattermost/input_All team communication in one place, _dcc84b'

2021-05-28 17:58:56 - [MESSAGE][PASSED] - Text 'ngoctin040999@gmail.com' is set on object 'Object Repository/Login/Page_Mattermost/input_All team communication in one place, _dcc84b'

2021-05-28 17:58:56 - [TEST_STEP][PASSED] - setEncryptedText(findTestObject("Object Repository/Login/Page_Mattermost/input_All team communication in one place, _a3edc6"), "S8w1SJvl7D1hts9IdMV+NQ=="): Text ****** has been set on object 'Object Repository/Login/Page_Mattermost/input_All team communication in one place, _a3edc6'

2021-05-28 17:58:57 - [MESSAGE][PASSED] - Text ****** has been set on object 'Object Repository/Login/Page_Mattermost/input_All team communication in one place, _a3edc6'

2021-05-28 17:58:57 - [TEST_STEP][PASSED] - click(findTestObject("Object Repository/Login/Page_Mattermost/button_Sign in")): Object: 'Object Repository/Login/Page_Mattermost/button_Sign in' is clicked on

2021-05-28 17:58:58 - [MESSAGE][PASSED] - Object: 'Object Repository/Login/Page_Mattermost/button_Sign in' is clicked on

2021-05-28 17:58:58 - [MESSAGE][PASSED] - Call Test Case 'Test Cases/PreCondition/Login' successfully

2021-05-28 17:58:58 - [TEST_STEP][PASSED] - click(findTestObject("Object Repository/CreateMsgInDMs/Page_Town Square - 123 Mattermost/span_test1")): Object: 'Object Repository/CreateMsgInDMs/Page_Town Square - 123 Mattermost/span_test1' is clicked on

2021-05-28 17:59:02 - [MESSAGE][PASSED] - Object: 'Object Repository/CreateMsgInDMs/Page_Town Square - 123 Mattermost/span_test1' is clicked on

2021-05-28 17:59:02 - [TEST_STEP][PASSED] - setText(findTestObject("Object Repository/CreateMsgInDMs/Page_test1 - 123 Mattermost/textarea_chat"), "hello you"): Text 'hello you' is set on object 'Object Repository/CreateMsgInDMs/Page_test1 - 123 Mattermost/textarea_chat'

2021-05-28 17:59:04 - [MESSAGE][PASSED] - Text 'hello you' is set on object 'Object Repository/CreateMsgInDMs/Page_test1 - 123 Mattermost/textarea_chat'

2021-05-28 17:59:04 - [TEST_STEP][PASSED] - sendKeys(findTestObject("Object Repository/CreateMsgInDMs/Page_test1 - 123 Mattermost/textarea_chat"), Keys.chord(ENTER)): Keys 'ENTER + ' sent to object: 'Object Repository/CreateMsgInDMs/Page_test1 - 123 Mattermost/textarea_chat'

2021-05-28 17:59:05 - [MESSAGE][PASSED] - Keys 'ENTER + ' sent to object: 'Object Repository/CreateMsgInDMs/Page_test1 - 123 Mattermost/textarea_chat']]></system-out>
         <system-err><![CDATA[]]></system-err>
      </testcase>
      <testcase name="Test Cases/Main/TestcaseDeleteMsgInDMs" time="21.588" classname="Test Cases/Main/TestcaseDeleteMsgInDMs" status="PASSED">
         <system-out><![CDATA[2021-05-28 17:59:05 - [TEST_CASE][PASSED] - Test Cases/Main/TestcaseDeleteMsgInDMs: Test Cases/Main/TestcaseDeleteMsgInDMs

2021-05-28 17:59:06 - [TEST_STEP][PASSED] - callTestCase(findTestCase("PreCondition/Login"), [:], STOP_ON_FAILURE): Call Test Case 'Test Cases/PreCondition/Login' successfully

2021-05-28 17:59:06 - [TEST_CASE][PASSED] - Test Cases/PreCondition/Login: Test Cases/PreCondition/Login

2021-05-28 17:59:06 - [TEST_STEP][PASSED] - openBrowser(""): Browser is opened with url: ''

2021-05-28 17:59:06 - [MESSAGE][WARNING] - A browser is already opened. Closing browser and opening a new one

2021-05-28 17:59:07 - [MESSAGE][INFO] - Starting 'Chrome' driver

2021-05-28 17:59:07 - [MESSAGE][INFO] - Action delay is set to 0 milliseconds

2021-05-28 17:59:09 - [MESSAGE][PASSED] - Browser is opened with url: ''

2021-05-28 17:59:09 - [TEST_STEP][PASSED] - navigateToUrl("https://cdnc-group2.herokuapp.com/"): Navigate to 'https://cdnc-group2.herokuapp.com/' successfully

2021-05-28 17:59:14 - [MESSAGE][PASSED] - Navigate to 'https://cdnc-group2.herokuapp.com/' successfully

2021-05-28 17:59:14 - [TEST_STEP][PASSED] - setText(findTestObject("Object Repository/Login/Page_Mattermost/input_All team communication in one place, _dcc84b"), "ngoctin040999@gmail.com"): Text 'ngoctin040999@gmail.com' is set on object 'Object Repository/Login/Page_Mattermost/input_All team communication in one place, _dcc84b'

2021-05-28 17:59:20 - [MESSAGE][PASSED] - Text 'ngoctin040999@gmail.com' is set on object 'Object Repository/Login/Page_Mattermost/input_All team communication in one place, _dcc84b'

2021-05-28 17:59:20 - [TEST_STEP][PASSED] - setEncryptedText(findTestObject("Object Repository/Login/Page_Mattermost/input_All team communication in one place, _a3edc6"), "S8w1SJvl7D1hts9IdMV+NQ=="): Text ****** has been set on object 'Object Repository/Login/Page_Mattermost/input_All team communication in one place, _a3edc6'

2021-05-28 17:59:21 - [MESSAGE][PASSED] - Text ****** has been set on object 'Object Repository/Login/Page_Mattermost/input_All team communication in one place, _a3edc6'

2021-05-28 17:59:21 - [TEST_STEP][PASSED] - click(findTestObject("Object Repository/Login/Page_Mattermost/button_Sign in")): Object: 'Object Repository/Login/Page_Mattermost/button_Sign in' is clicked on

2021-05-28 17:59:22 - [MESSAGE][PASSED] - Object: 'Object Repository/Login/Page_Mattermost/button_Sign in' is clicked on

2021-05-28 17:59:22 - [MESSAGE][PASSED] - Call Test Case 'Test Cases/PreCondition/Login' successfully

2021-05-28 17:59:22 - [TEST_STEP][PASSED] - click(findTestObject("Object Repository/DeleteMsgInDMs/Page_Town Square - 123 Mattermost/span_test1")): Object: 'Object Repository/DeleteMsgInDMs/Page_Town Square - 123 Mattermost/span_test1' is clicked on

2021-05-28 17:59:26 - [MESSAGE][PASSED] - Object: 'Object Repository/DeleteMsgInDMs/Page_Town Square - 123 Mattermost/span_test1' is clicked on

2021-05-28 17:59:26 - [TEST_STEP][PASSED] - pMsg = findTestObject("Object Repository/DeleteMsgInDMs/Page_test1 - 123 Mattermost/p_hello"): null

2021-05-28 17:59:26 - [TEST_STEP][PASSED] - iconMore = findTestObject("Object Repository/DeleteMsgInDMs/Page_test1 - 123 Mattermost/button_ngoctin02806_CENTER_button_fk8osp8hr_51f43c"): null

2021-05-28 17:59:26 - [TEST_STEP][PASSED] - btnDelete = findTestObject("Object Repository/DeleteMsgInDMs/Page_test1 - 123 Mattermost/button_Delete"): null

2021-05-28 17:59:27 - [TEST_STEP][PASSED] - btnSubmitDeleted = findTestObject("Object Repository/DeleteMsgInDMs/Page_test1 - 123 Mattermost/button_Delete_1"): null

2021-05-28 17:59:27 - [TEST_STEP][PASSED] - if (pMsg != null && iconMore == null && btnDelete != null && btnSubmitDeleted == null): null]]></system-out>
         <system-err><![CDATA[]]></system-err>
      </testcase>
      <testcase name="Test Cases/Main/TestcaseEditMsgInDMs" time="63.816" classname="Test Cases/Main/TestcaseEditMsgInDMs" status="FAILED">
         <failure type="FAILED" message="Test Cases/Main/TestcaseEditMsgInDMs FAILED.
Reason:
com.kms.katalon.core.exception.StepFailedException: Unable to set text 'edited n times' of object 'Object Repository/EditMsgInDMs/Page_test1 - 123 Mattermost/button_Edit'
	at com.kms.katalon.core.webui.keyword.internal.WebUIKeywordMain.stepFailed(WebUIKeywordMain.groovy:64)
	at com.kms.katalon.core.webui.keyword.internal.WebUIKeywordMain.runKeyword(WebUIKeywordMain.groovy:26)
	at com.kms.katalon.core.webui.keyword.builtin.SetTextKeyword.setText(SetTextKeyword.groovy:66)
	at com.kms.katalon.core.webui.keyword.builtin.SetTextKeyword.execute(SetTextKeyword.groovy:37)
	at com.kms.katalon.core.keyword.internal.KeywordExecutor.executeKeywordForPlatform(KeywordExecutor.groovy:73)
	at com.kms.katalon.core.webui.keyword.WebUiBuiltInKeywords.setText(WebUiBuiltInKeywords.groovy:979)
	at com.kms.katalon.core.webui.keyword.WebUiBuiltInKeywords$setText$1.call(Unknown Source)
	at TestcaseEditMsgInDMs.run(TestcaseEditMsgInDMs:34)
	at com.kms.katalon.core.main.ScriptEngine.run(ScriptEngine.java:194)
	at com.kms.katalon.core.main.ScriptEngine.runScriptAsRawText(ScriptEngine.java:119)
	at com.kms.katalon.core.main.TestCaseExecutor.runScript(TestCaseExecutor.java:398)
	at com.kms.katalon.core.main.TestCaseExecutor.doExecute(TestCaseExecutor.java:389)
	at com.kms.katalon.core.main.TestCaseExecutor.processExecutionPhase(TestCaseExecutor.java:368)
	at com.kms.katalon.core.main.TestCaseExecutor.accessMainPhase(TestCaseExecutor.java:360)
	at com.kms.katalon.core.main.TestCaseExecutor.execute(TestCaseExecutor.java:255)
	at com.kms.katalon.core.main.TestSuiteExecutor.accessTestCaseMainPhase(TestSuiteExecutor.java:203)
	at com.kms.katalon.core.main.TestSuiteExecutor.accessTestSuiteMainPhase(TestSuiteExecutor.java:152)
	at com.kms.katalon.core.main.TestSuiteExecutor.execute(TestSuiteExecutor.java:95)
	at com.kms.katalon.core.main.TestCaseMain.startTestSuite(TestCaseMain.java:157)
	at com.kms.katalon.core.main.TestCaseMain$startTestSuite$0.call(Unknown Source)
	at TempTestSuite1622198376741.run(TempTestSuite1622198376741.groovy:39)
Caused by: com.kms.katalon.core.webui.exception.WebElementNotFoundException: Web element with id: 'Object Repository/EditMsgInDMs/Page_test1 - 123 Mattermost/button_Edit' located by '//li[@id='edit_post_1fktzgahk3rq8cbwgejm8twfpr']/button' not found
	at com.kms.katalon.core.webui.common.WebUiCommonHelper.findWebElement(WebUiCommonHelper.java:1368)
	at com.kms.katalon.core.webui.keyword.internal.WebUIAbstractKeyword.findWebElement(WebUIAbstractKeyword.groovy:27)
	at com.kms.katalon.core.webui.keyword.internal.WebUIAbstractKeyword.findWebElement(WebUIAbstractKeyword.groovy:26)
	at com.kms.katalon.core.webui.keyword.builtin.SetTextKeyword$_setText_closure1.doCall(SetTextKeyword.groovy:51)
	at com.kms.katalon.core.webui.keyword.builtin.SetTextKeyword$_setText_closure1.call(SetTextKeyword.groovy)
	at com.kms.katalon.core.webui.keyword.internal.WebUIKeywordMain.runKeyword(WebUIKeywordMain.groovy:20)
	... 19 more
"/>
         <system-out><![CDATA[2021-05-28 17:59:27 - [TEST_CASE][FAILED] - Test Cases/Main/TestcaseEditMsgInDMs: Test Cases/Main/TestcaseEditMsgInDMs FAILED.
Reason:
com.kms.katalon.core.exception.StepFailedException: Unable to set text 'edited n times' of object 'Object Repository/EditMsgInDMs/Page_test1 - 123 Mattermost/button_Edit'
	at com.kms.katalon.core.webui.keyword.internal.WebUIKeywordMain.stepFailed(WebUIKeywordMain.groovy:64)
	at com.kms.katalon.core.webui.keyword.internal.WebUIKeywordMain.runKeyword(WebUIKeywordMain.groovy:26)
	at com.kms.katalon.core.webui.keyword.builtin.SetTextKeyword.setText(SetTextKeyword.groovy:66)
	at com.kms.katalon.core.webui.keyword.builtin.SetTextKeyword.execute(SetTextKeyword.groovy:37)
	at com.kms.katalon.core.keyword.internal.KeywordExecutor.executeKeywordForPlatform(KeywordExecutor.groovy:73)
	at com.kms.katalon.core.webui.keyword.WebUiBuiltInKeywords.setText(WebUiBuiltInKeywords.groovy:979)
	at com.kms.katalon.core.webui.keyword.WebUiBuiltInKeywords$setText$1.call(Unknown Source)
	at TestcaseEditMsgInDMs.run(TestcaseEditMsgInDMs:34)
	at com.kms.katalon.core.main.ScriptEngine.run(ScriptEngine.java:194)
	at com.kms.katalon.core.main.ScriptEngine.runScriptAsRawText(ScriptEngine.java:119)
	at com.kms.katalon.core.main.TestCaseExecutor.runScript(TestCaseExecutor.java:398)
	at com.kms.katalon.core.main.TestCaseExecutor.doExecute(TestCaseExecutor.java:389)
	at com.kms.katalon.core.main.TestCaseExecutor.processExecutionPhase(TestCaseExecutor.java:368)
	at com.kms.katalon.core.main.TestCaseExecutor.accessMainPhase(TestCaseExecutor.java:360)
	at com.kms.katalon.core.main.TestCaseExecutor.execute(TestCaseExecutor.java:255)
	at com.kms.katalon.core.main.TestSuiteExecutor.accessTestCaseMainPhase(TestSuiteExecutor.java:203)
	at com.kms.katalon.core.main.TestSuiteExecutor.accessTestSuiteMainPhase(TestSuiteExecutor.java:152)
	at com.kms.katalon.core.main.TestSuiteExecutor.execute(TestSuiteExecutor.java:95)
	at com.kms.katalon.core.main.TestCaseMain.startTestSuite(TestCaseMain.java:157)
	at com.kms.katalon.core.main.TestCaseMain$startTestSuite$0.call(Unknown Source)
	at TempTestSuite1622198376741.run(TempTestSuite1622198376741.groovy:39)
Caused by: com.kms.katalon.core.webui.exception.WebElementNotFoundException: Web element with id: 'Object Repository/EditMsgInDMs/Page_test1 - 123 Mattermost/button_Edit' located by '//li[@id='edit_post_1fktzgahk3rq8cbwgejm8twfpr']/button' not found
	at com.kms.katalon.core.webui.common.WebUiCommonHelper.findWebElement(WebUiCommonHelper.java:1368)
	at com.kms.katalon.core.webui.keyword.internal.WebUIAbstractKeyword.findWebElement(WebUIAbstractKeyword.groovy:27)
	at com.kms.katalon.core.webui.keyword.internal.WebUIAbstractKeyword.findWebElement(WebUIAbstractKeyword.groovy:26)
	at com.kms.katalon.core.webui.keyword.builtin.SetTextKeyword$_setText_closure1.doCall(SetTextKeyword.groovy:51)
	at com.kms.katalon.core.webui.keyword.builtin.SetTextKeyword$_setText_closure1.call(SetTextKeyword.groovy)
	at com.kms.katalon.core.webui.keyword.internal.WebUIKeywordMain.runKeyword(WebUIKeywordMain.groovy:20)
	... 19 more


2021-05-28 17:59:28 - [TEST_STEP][PASSED] - callTestCase(findTestCase("PreCondition/Login"), [:], STOP_ON_FAILURE): Call Test Case 'Test Cases/PreCondition/Login' successfully

2021-05-28 17:59:28 - [TEST_CASE][PASSED] - Test Cases/PreCondition/Login: Test Cases/PreCondition/Login

2021-05-28 17:59:28 - [TEST_STEP][PASSED] - openBrowser(""): Browser is opened with url: ''

2021-05-28 17:59:28 - [MESSAGE][WARNING] - A browser is already opened. Closing browser and opening a new one

2021-05-28 17:59:29 - [MESSAGE][INFO] - Starting 'Chrome' driver

2021-05-28 17:59:29 - [MESSAGE][INFO] - Action delay is set to 0 milliseconds

2021-05-28 17:59:31 - [MESSAGE][PASSED] - Browser is opened with url: ''

2021-05-28 17:59:31 - [TEST_STEP][PASSED] - navigateToUrl("https://cdnc-group2.herokuapp.com/"): Navigate to 'https://cdnc-group2.herokuapp.com/' successfully

2021-05-28 17:59:36 - [MESSAGE][PASSED] - Navigate to 'https://cdnc-group2.herokuapp.com/' successfully

2021-05-28 17:59:36 - [TEST_STEP][PASSED] - setText(findTestObject("Object Repository/Login/Page_Mattermost/input_All team communication in one place, _dcc84b"), "ngoctin040999@gmail.com"): Text 'ngoctin040999@gmail.com' is set on object 'Object Repository/Login/Page_Mattermost/input_All team communication in one place, _dcc84b'

2021-05-28 17:59:47 - [MESSAGE][PASSED] - Text 'ngoctin040999@gmail.com' is set on object 'Object Repository/Login/Page_Mattermost/input_All team communication in one place, _dcc84b'

2021-05-28 17:59:47 - [TEST_STEP][PASSED] - setEncryptedText(findTestObject("Object Repository/Login/Page_Mattermost/input_All team communication in one place, _a3edc6"), "S8w1SJvl7D1hts9IdMV+NQ=="): Text ****** has been set on object 'Object Repository/Login/Page_Mattermost/input_All team communication in one place, _a3edc6'

2021-05-28 17:59:47 - [MESSAGE][PASSED] - Text ****** has been set on object 'Object Repository/Login/Page_Mattermost/input_All team communication in one place, _a3edc6'

2021-05-28 17:59:47 - [TEST_STEP][PASSED] - click(findTestObject("Object Repository/Login/Page_Mattermost/button_Sign in")): Object: 'Object Repository/Login/Page_Mattermost/button_Sign in' is clicked on

2021-05-28 17:59:48 - [MESSAGE][PASSED] - Object: 'Object Repository/Login/Page_Mattermost/button_Sign in' is clicked on

2021-05-28 17:59:48 - [MESSAGE][PASSED] - Call Test Case 'Test Cases/PreCondition/Login' successfully

2021-05-28 17:59:48 - [TEST_STEP][PASSED] - click(findTestObject("Object Repository/EditMsgInDMs/Page_Town Square - 123 Mattermost/span_test1")): Object: 'Object Repository/EditMsgInDMs/Page_Town Square - 123 Mattermost/span_test1' is clicked on

2021-05-28 17:59:52 - [MESSAGE][PASSED] - Object: 'Object Repository/EditMsgInDMs/Page_Town Square - 123 Mattermost/span_test1' is clicked on

2021-05-28 17:59:52 - [TEST_STEP][PASSED] - pMsg = findTestObject("Object Repository/EditMsgInDMs/Page_test1 - 123 Mattermost/div_edited(edited)"): null

2021-05-28 17:59:52 - [TEST_STEP][PASSED] - iconMore = findTestObject("Object Repository/EditMsgInDMs/Page_test1 - 123 Mattermost/button_ngoctin02806_CENTER_button_1fktzgahk3rq8cbwgejm8twfpr"): null

2021-05-28 17:59:52 - [TEST_STEP][PASSED] - btnEdit = findTestObject("Object Repository/EditMsgInDMs/Page_test1 - 123 Mattermost/button_Edit"): null

2021-05-28 17:59:53 - [TEST_STEP][PASSED] - btnSubmitEdited = findTestObject("Object Repository/EditMsgInDMs/Page_test1 - 123 Mattermost/span_Save"): null

2021-05-28 17:59:53 - [TEST_STEP][FAILED] - if (pMsg != null && iconMore != null && btnEdit != null && btnSubmitEdited != null): Unable to set text 'edited n times' of object 'Object Repository/EditMsgInDMs/Page_test1 - 123 Mattermost/button_Edit' (Root cause: com.kms.katalon.core.exception.StepFailedException: Unable to set text 'edited n times' of object 'Object Repository/EditMsgInDMs/Page_test1 - 123 Mattermost/button_Edit'
	at com.kms.katalon.core.webui.keyword.internal.WebUIKeywordMain.stepFailed(WebUIKeywordMain.groovy:64)
	at com.kms.katalon.core.webui.keyword.internal.WebUIKeywordMain.runKeyword(WebUIKeywordMain.groovy:26)
	at com.kms.katalon.core.webui.keyword.builtin.SetTextKeyword.setText(SetTextKeyword.groovy:66)
	at com.kms.katalon.core.webui.keyword.builtin.SetTextKeyword.execute(SetTextKeyword.groovy:37)
	at com.kms.katalon.core.keyword.internal.KeywordExecutor.executeKeywordForPlatform(KeywordExecutor.groovy:73)
	at com.kms.katalon.core.webui.keyword.WebUiBuiltInKeywords.setText(WebUiBuiltInKeywords.groovy:979)
	at com.kms.katalon.core.webui.keyword.WebUiBuiltInKeywords$setText$1.call(Unknown Source)
	at TestcaseEditMsgInDMs.run(TestcaseEditMsgInDMs:34)
	at com.kms.katalon.core.main.ScriptEngine.run(ScriptEngine.java:194)
	at com.kms.katalon.core.main.ScriptEngine.runScriptAsRawText(ScriptEngine.java:119)
	at com.kms.katalon.core.main.TestCaseExecutor.runScript(TestCaseExecutor.java:398)
	at com.kms.katalon.core.main.TestCaseExecutor.doExecute(TestCaseExecutor.java:389)
	at com.kms.katalon.core.main.TestCaseExecutor.processExecutionPhase(TestCaseExecutor.java:368)
	at com.kms.katalon.core.main.TestCaseExecutor.accessMainPhase(TestCaseExecutor.java:360)
	at com.kms.katalon.core.main.TestCaseExecutor.execute(TestCaseExecutor.java:255)
	at com.kms.katalon.core.main.TestSuiteExecutor.accessTestCaseMainPhase(TestSuiteExecutor.java:203)
	at com.kms.katalon.core.main.TestSuiteExecutor.accessTestSuiteMainPhase(TestSuiteExecutor.java:152)
	at com.kms.katalon.core.main.TestSuiteExecutor.execute(TestSuiteExecutor.java:95)
	at com.kms.katalon.core.main.TestCaseMain.startTestSuite(TestCaseMain.java:157)
	at com.kms.katalon.core.main.TestCaseMain$startTestSuite$0.call(Unknown Source)
	at TempTestSuite1622198376741.run(TempTestSuite1622198376741.groovy:39)
Caused by: com.kms.katalon.core.webui.exception.WebElementNotFoundException: Web element with id: 'Object Repository/EditMsgInDMs/Page_test1 - 123 Mattermost/button_Edit' located by '//li[@id='edit_post_1fktzgahk3rq8cbwgejm8twfpr']/button' not found
	at com.kms.katalon.core.webui.common.WebUiCommonHelper.findWebElement(WebUiCommonHelper.java:1368)
	at com.kms.katalon.core.webui.keyword.internal.WebUIAbstractKeyword.findWebElement(WebUIAbstractKeyword.groovy:27)
	at com.kms.katalon.core.webui.keyword.internal.WebUIAbstractKeyword.findWebElement(WebUIAbstractKeyword.groovy:26)
	at com.kms.katalon.core.webui.keyword.builtin.SetTextKeyword$_setText_closure1.doCall(SetTextKeyword.groovy:51)
	at com.kms.katalon.core.webui.keyword.builtin.SetTextKeyword$_setText_closure1.call(SetTextKeyword.groovy)
	at com.kms.katalon.core.webui.keyword.internal.WebUIKeywordMain.runKeyword(WebUIKeywordMain.groovy:20)
	at com.kms.katalon.core.webui.keyword.builtin.SetTextKeyword.setText(SetTextKeyword.groovy:66)
	at com.kms.katalon.core.webui.keyword.builtin.SetTextKeyword.execute(SetTextKeyword.groovy:37)
	at com.kms.katalon.core.keyword.internal.KeywordExecutor.executeKeywordForPlatform(KeywordExecutor.groovy:73)
	at com.kms.katalon.core.webui.keyword.WebUiBuiltInKeywords.setText(WebUiBuiltInKeywords.groovy:979)
	at com.kms.katalon.core.webui.keyword.WebUiBuiltInKeywords$setText$1.call(Unknown Source)
	at Script1622012653167.run(Script1622012653167.groovy:34)
	... 13 more
)

2021-05-28 17:59:53 - [TEST_STEP][PASSED] - mouseOver(pMsg): Object: 'Object Repository/EditMsgInDMs/Page_test1 - 123 Mattermost/div_edited(edited)' is hovered

2021-05-28 17:59:54 - [MESSAGE][PASSED] - Object: 'Object Repository/EditMsgInDMs/Page_test1 - 123 Mattermost/div_edited(edited)' is hovered

2021-05-28 17:59:54 - [TEST_STEP][PASSED] - click(iconMore): Object: 'Object Repository/EditMsgInDMs/Page_test1 - 123 Mattermost/button_ngoctin02806_CENTER_button_1fktzgahk3rq8cbwgejm8twfpr' is clicked on

2021-05-28 17:59:55 - [MESSAGE][PASSED] - Object: 'Object Repository/EditMsgInDMs/Page_test1 - 123 Mattermost/button_ngoctin02806_CENTER_button_1fktzgahk3rq8cbwgejm8twfpr' is clicked on

2021-05-28 17:59:55 - [TEST_STEP][PASSED] - click(btnEdit): Object: 'Object Repository/EditMsgInDMs/Page_test1 - 123 Mattermost/button_Edit' is clicked on

2021-05-28 17:59:56 - [MESSAGE][PASSED] - Object: 'Object Repository/EditMsgInDMs/Page_test1 - 123 Mattermost/button_Edit' is clicked on

2021-05-28 17:59:56 - [TEST_STEP][FAILED] - setText(btnEdit, "edited n times"): Unable to set text 'edited n times' of object 'Object Repository/EditMsgInDMs/Page_test1 - 123 Mattermost/button_Edit' (Root cause: com.kms.katalon.core.exception.StepFailedException: Unable to set text 'edited n times' of object 'Object Repository/EditMsgInDMs/Page_test1 - 123 Mattermost/button_Edit'
	at com.kms.katalon.core.webui.keyword.internal.WebUIKeywordMain.stepFailed(WebUIKeywordMain.groovy:64)
	at com.kms.katalon.core.webui.keyword.internal.WebUIKeywordMain.runKeyword(WebUIKeywordMain.groovy:26)
	at com.kms.katalon.core.webui.keyword.builtin.SetTextKeyword.setText(SetTextKeyword.groovy:66)
	at com.kms.katalon.core.webui.keyword.builtin.SetTextKeyword.execute(SetTextKeyword.groovy:37)
	at com.kms.katalon.core.keyword.internal.KeywordExecutor.executeKeywordForPlatform(KeywordExecutor.groovy:73)
	at com.kms.katalon.core.webui.keyword.WebUiBuiltInKeywords.setText(WebUiBuiltInKeywords.groovy:979)
	at com.kms.katalon.core.webui.keyword.WebUiBuiltInKeywords$setText$1.call(Unknown Source)
	at TestcaseEditMsgInDMs.run(TestcaseEditMsgInDMs:34)
	at com.kms.katalon.core.main.ScriptEngine.run(ScriptEngine.java:194)
	at com.kms.katalon.core.main.ScriptEngine.runScriptAsRawText(ScriptEngine.java:119)
	at com.kms.katalon.core.main.TestCaseExecutor.runScript(TestCaseExecutor.java:398)
	at com.kms.katalon.core.main.TestCaseExecutor.doExecute(TestCaseExecutor.java:389)
	at com.kms.katalon.core.main.TestCaseExecutor.processExecutionPhase(TestCaseExecutor.java:368)
	at com.kms.katalon.core.main.TestCaseExecutor.accessMainPhase(TestCaseExecutor.java:360)
	at com.kms.katalon.core.main.TestCaseExecutor.execute(TestCaseExecutor.java:255)
	at com.kms.katalon.core.main.TestSuiteExecutor.accessTestCaseMainPhase(TestSuiteExecutor.java:203)
	at com.kms.katalon.core.main.TestSuiteExecutor.accessTestSuiteMainPhase(TestSuiteExecutor.java:152)
	at com.kms.katalon.core.main.TestSuiteExecutor.execute(TestSuiteExecutor.java:95)
	at com.kms.katalon.core.main.TestCaseMain.startTestSuite(TestCaseMain.java:157)
	at com.kms.katalon.core.main.TestCaseMain$startTestSuite$0.call(Unknown Source)
	at TempTestSuite1622198376741.run(TempTestSuite1622198376741.groovy:39)
Caused by: com.kms.katalon.core.webui.exception.WebElementNotFoundException: Web element with id: 'Object Repository/EditMsgInDMs/Page_test1 - 123 Mattermost/button_Edit' located by '//li[@id='edit_post_1fktzgahk3rq8cbwgejm8twfpr']/button' not found
	at com.kms.katalon.core.webui.common.WebUiCommonHelper.findWebElement(WebUiCommonHelper.java:1368)
	at com.kms.katalon.core.webui.keyword.internal.WebUIAbstractKeyword.findWebElement(WebUIAbstractKeyword.groovy:27)
	at com.kms.katalon.core.webui.keyword.internal.WebUIAbstractKeyword.findWebElement(WebUIAbstractKeyword.groovy:26)
	at com.kms.katalon.core.webui.keyword.builtin.SetTextKeyword$_setText_closure1.doCall(SetTextKeyword.groovy:51)
	at com.kms.katalon.core.webui.keyword.builtin.SetTextKeyword$_setText_closure1.call(SetTextKeyword.groovy)
	at com.kms.katalon.core.webui.keyword.internal.WebUIKeywordMain.runKeyword(WebUIKeywordMain.groovy:20)
	at com.kms.katalon.core.webui.keyword.builtin.SetTextKeyword.setText(SetTextKeyword.groovy:66)
	at com.kms.katalon.core.webui.keyword.builtin.SetTextKeyword.execute(SetTextKeyword.groovy:37)
	at com.kms.katalon.core.keyword.internal.KeywordExecutor.executeKeywordForPlatform(KeywordExecutor.groovy:73)
	at com.kms.katalon.core.webui.keyword.WebUiBuiltInKeywords.setText(WebUiBuiltInKeywords.groovy:979)
	at com.kms.katalon.core.webui.keyword.WebUiBuiltInKeywords$setText$1.call(Unknown Source)
	at Script1622012653167.run(Script1622012653167.groovy:34)
	... 13 more
)

2021-05-28 18:00:27 - [MESSAGE][INFO] - Unable to find the element located by 'By.xpath: //li[@id='edit_post_1fktzgahk3rq8cbwgejm8twfpr']/button'. Please recheck the objects properties to make sure the desired element is located. 

2021-05-28 18:00:27 - [MESSAGE][WARNING] - [SELF-HEALING] Failed to find element with id 'Object Repository/EditMsgInDMs/Page_test1 - 123 Mattermost/button_Edit'. Try using Self-healing.

2021-05-28 18:00:27 - [MESSAGE][INFO] - [SELF-HEALING] Failed Locator: '//li[@id='edit_post_1fktzgahk3rq8cbwgejm8twfpr']/button'.

2021-05-28 18:00:27 - [MESSAGE][INFO] - [SELF-HEALING] Failed Locator: '(.//*[normalize-space(text()) and normalize-space(.)='Pin to Channel'])[1]/following::button[1]'.

2021-05-28 18:00:27 - [MESSAGE][INFO] - [SELF-HEALING] Failed Locator: '(.//*[normalize-space(text()) and normalize-space(.)='Copy Link'])[1]/following::button[2]'.

2021-05-28 18:00:28 - [MESSAGE][INFO] - [SELF-HEALING] Failed Locator: '(.//*[normalize-space(text()) and normalize-space(.)='Delete'])[1]/preceding::button[1]'.

2021-05-28 18:00:28 - [MESSAGE][INFO] - [SELF-HEALING] Failed Locator: '//li[6]/button'.

2021-05-28 18:00:29 - [MESSAGE][INFO] - Unable to find the element located by 'By.xpath: //*[(text() = 'Edit' or . = 'Edit')]'. Please recheck the objects properties to make sure the desired element is located. 

2021-05-28 18:00:30 - [MESSAGE][INFO] - Unable to find the element located by 'By.cssSelector: #edit_post_1fktzgahk3rq8cbwgejm8twfpr > button.style--none'. Please recheck the objects properties to make sure the desired element is located. 

2021-05-28 18:00:31 - [MESSAGE][FAILED] - Unable to set text 'edited n times' of object 'Object Repository/EditMsgInDMs/Page_test1 - 123 Mattermost/button_Edit' (Root cause: com.kms.katalon.core.exception.StepFailedException: Unable to set text 'edited n times' of object 'Object Repository/EditMsgInDMs/Page_test1 - 123 Mattermost/button_Edit'
	at com.kms.katalon.core.webui.keyword.internal.WebUIKeywordMain.stepFailed(WebUIKeywordMain.groovy:64)
	at com.kms.katalon.core.webui.keyword.internal.WebUIKeywordMain.runKeyword(WebUIKeywordMain.groovy:26)
	at com.kms.katalon.core.webui.keyword.builtin.SetTextKeyword.setText(SetTextKeyword.groovy:66)
	at com.kms.katalon.core.webui.keyword.builtin.SetTextKeyword.execute(SetTextKeyword.groovy:37)
	at com.kms.katalon.core.keyword.internal.KeywordExecutor.executeKeywordForPlatform(KeywordExecutor.groovy:73)
	at com.kms.katalon.core.webui.keyword.WebUiBuiltInKeywords.setText(WebUiBuiltInKeywords.groovy:979)
	at com.kms.katalon.core.webui.keyword.WebUiBuiltInKeywords$setText$1.call(Unknown Source)
	at TestcaseEditMsgInDMs.run(TestcaseEditMsgInDMs:34)
	at com.kms.katalon.core.main.ScriptEngine.run(ScriptEngine.java:194)
	at com.kms.katalon.core.main.ScriptEngine.runScriptAsRawText(ScriptEngine.java:119)
	at com.kms.katalon.core.main.TestCaseExecutor.runScript(TestCaseExecutor.java:398)
	at com.kms.katalon.core.main.TestCaseExecutor.doExecute(TestCaseExecutor.java:389)
	at com.kms.katalon.core.main.TestCaseExecutor.processExecutionPhase(TestCaseExecutor.java:368)
	at com.kms.katalon.core.main.TestCaseExecutor.accessMainPhase(TestCaseExecutor.java:360)
	at com.kms.katalon.core.main.TestCaseExecutor.execute(TestCaseExecutor.java:255)
	at com.kms.katalon.core.main.TestSuiteExecutor.accessTestCaseMainPhase(TestSuiteExecutor.java:203)
	at com.kms.katalon.core.main.TestSuiteExecutor.accessTestSuiteMainPhase(TestSuiteExecutor.java:152)
	at com.kms.katalon.core.main.TestSuiteExecutor.execute(TestSuiteExecutor.java:95)
	at com.kms.katalon.core.main.TestCaseMain.startTestSuite(TestCaseMain.java:157)
	at com.kms.katalon.core.main.TestCaseMain$startTestSuite$0.call(Unknown Source)
	at TempTestSuite1622198376741.run(TempTestSuite1622198376741.groovy:39)
Caused by: com.kms.katalon.core.webui.exception.WebElementNotFoundException: Web element with id: 'Object Repository/EditMsgInDMs/Page_test1 - 123 Mattermost/button_Edit' located by '//li[@id='edit_post_1fktzgahk3rq8cbwgejm8twfpr']/button' not found
	at com.kms.katalon.core.webui.common.WebUiCommonHelper.findWebElement(WebUiCommonHelper.java:1368)
	at com.kms.katalon.core.webui.keyword.internal.WebUIAbstractKeyword.findWebElement(WebUIAbstractKeyword.groovy:27)
	at com.kms.katalon.core.webui.keyword.internal.WebUIAbstractKeyword.findWebElement(WebUIAbstractKeyword.groovy:26)
	at com.kms.katalon.core.webui.keyword.builtin.SetTextKeyword$_setText_closure1.doCall(SetTextKeyword.groovy:51)
	at com.kms.katalon.core.webui.keyword.builtin.SetTextKeyword$_setText_closure1.call(SetTextKeyword.groovy)
	at com.kms.katalon.core.webui.keyword.internal.WebUIKeywordMain.runKeyword(WebUIKeywordMain.groovy:20)
	at com.kms.katalon.core.webui.keyword.builtin.SetTextKeyword.setText(SetTextKeyword.groovy:66)
	at com.kms.katalon.core.webui.keyword.builtin.SetTextKeyword.execute(SetTextKeyword.groovy:37)
	at com.kms.katalon.core.keyword.internal.KeywordExecutor.executeKeywordForPlatform(KeywordExecutor.groovy:73)
	at com.kms.katalon.core.webui.keyword.WebUiBuiltInKeywords.setText(WebUiBuiltInKeywords.groovy:979)
	at com.kms.katalon.core.webui.keyword.WebUiBuiltInKeywords$setText$1.call(Unknown Source)
	at Script1622012653167.run(Script1622012653167.groovy:34)
	... 13 more
)
[[ATTACHMENT|G:\\HCMUS\\Nam4\\HK2\\Deadline\\2\\katalon\\Reports\\20210528_173936\\Run Interation 2\\20210528_173936\\1622199630707.png]]]]></system-out>
         <system-err><![CDATA[2021-05-28 17:59:27 - [TEST_CASE][FAILED] - Test Cases/Main/TestcaseEditMsgInDMs: Test Cases/Main/TestcaseEditMsgInDMs FAILED.
Reason:
com.kms.katalon.core.exception.StepFailedException: Unable to set text 'edited n times' of object 'Object Repository/EditMsgInDMs/Page_test1 - 123 Mattermost/button_Edit'
	at com.kms.katalon.core.webui.keyword.internal.WebUIKeywordMain.stepFailed(WebUIKeywordMain.groovy:64)
	at com.kms.katalon.core.webui.keyword.internal.WebUIKeywordMain.runKeyword(WebUIKeywordMain.groovy:26)
	at com.kms.katalon.core.webui.keyword.builtin.SetTextKeyword.setText(SetTextKeyword.groovy:66)
	at com.kms.katalon.core.webui.keyword.builtin.SetTextKeyword.execute(SetTextKeyword.groovy:37)
	at com.kms.katalon.core.keyword.internal.KeywordExecutor.executeKeywordForPlatform(KeywordExecutor.groovy:73)
	at com.kms.katalon.core.webui.keyword.WebUiBuiltInKeywords.setText(WebUiBuiltInKeywords.groovy:979)
	at com.kms.katalon.core.webui.keyword.WebUiBuiltInKeywords$setText$1.call(Unknown Source)
	at TestcaseEditMsgInDMs.run(TestcaseEditMsgInDMs:34)
	at com.kms.katalon.core.main.ScriptEngine.run(ScriptEngine.java:194)
	at com.kms.katalon.core.main.ScriptEngine.runScriptAsRawText(ScriptEngine.java:119)
	at com.kms.katalon.core.main.TestCaseExecutor.runScript(TestCaseExecutor.java:398)
	at com.kms.katalon.core.main.TestCaseExecutor.doExecute(TestCaseExecutor.java:389)
	at com.kms.katalon.core.main.TestCaseExecutor.processExecutionPhase(TestCaseExecutor.java:368)
	at com.kms.katalon.core.main.TestCaseExecutor.accessMainPhase(TestCaseExecutor.java:360)
	at com.kms.katalon.core.main.TestCaseExecutor.execute(TestCaseExecutor.java:255)
	at com.kms.katalon.core.main.TestSuiteExecutor.accessTestCaseMainPhase(TestSuiteExecutor.java:203)
	at com.kms.katalon.core.main.TestSuiteExecutor.accessTestSuiteMainPhase(TestSuiteExecutor.java:152)
	at com.kms.katalon.core.main.TestSuiteExecutor.execute(TestSuiteExecutor.java:95)
	at com.kms.katalon.core.main.TestCaseMain.startTestSuite(TestCaseMain.java:157)
	at com.kms.katalon.core.main.TestCaseMain$startTestSuite$0.call(Unknown Source)
	at TempTestSuite1622198376741.run(TempTestSuite1622198376741.groovy:39)
Caused by: com.kms.katalon.core.webui.exception.WebElementNotFoundException: Web element with id: 'Object Repository/EditMsgInDMs/Page_test1 - 123 Mattermost/button_Edit' located by '//li[@id='edit_post_1fktzgahk3rq8cbwgejm8twfpr']/button' not found
	at com.kms.katalon.core.webui.common.WebUiCommonHelper.findWebElement(WebUiCommonHelper.java:1368)
	at com.kms.katalon.core.webui.keyword.internal.WebUIAbstractKeyword.findWebElement(WebUIAbstractKeyword.groovy:27)
	at com.kms.katalon.core.webui.keyword.internal.WebUIAbstractKeyword.findWebElement(WebUIAbstractKeyword.groovy:26)
	at com.kms.katalon.core.webui.keyword.builtin.SetTextKeyword$_setText_closure1.doCall(SetTextKeyword.groovy:51)
	at com.kms.katalon.core.webui.keyword.builtin.SetTextKeyword$_setText_closure1.call(SetTextKeyword.groovy)
	at com.kms.katalon.core.webui.keyword.internal.WebUIKeywordMain.runKeyword(WebUIKeywordMain.groovy:20)
	... 19 more]]></system-err>
      </testcase>
      <testcase name="Test Cases/Main/TestcaseMarkUnreadMsgInDMs" time="22.679" classname="Test Cases/Main/TestcaseMarkUnreadMsgInDMs" status="PASSED">
         <system-out><![CDATA[2021-05-28 18:00:31 - [TEST_CASE][PASSED] - Test Cases/Main/TestcaseMarkUnreadMsgInDMs: Test Cases/Main/TestcaseMarkUnreadMsgInDMs

2021-05-28 18:00:31 - [TEST_STEP][PASSED] - callTestCase(findTestCase("PreCondition/Login"), [:], STOP_ON_FAILURE): Call Test Case 'Test Cases/PreCondition/Login' successfully

2021-05-28 18:00:31 - [TEST_CASE][PASSED] - Test Cases/PreCondition/Login: Test Cases/PreCondition/Login

2021-05-28 18:00:31 - [TEST_STEP][PASSED] - openBrowser(""): Browser is opened with url: ''

2021-05-28 18:00:31 - [MESSAGE][WARNING] - A browser is already opened. Closing browser and opening a new one

2021-05-28 18:00:32 - [MESSAGE][INFO] - Starting 'Chrome' driver

2021-05-28 18:00:32 - [MESSAGE][INFO] - Action delay is set to 0 milliseconds

2021-05-28 18:00:34 - [MESSAGE][PASSED] - Browser is opened with url: ''

2021-05-28 18:00:34 - [TEST_STEP][PASSED] - navigateToUrl("https://cdnc-group2.herokuapp.com/"): Navigate to 'https://cdnc-group2.herokuapp.com/' successfully

2021-05-28 18:00:39 - [MESSAGE][PASSED] - Navigate to 'https://cdnc-group2.herokuapp.com/' successfully

2021-05-28 18:00:39 - [TEST_STEP][PASSED] - setText(findTestObject("Object Repository/Login/Page_Mattermost/input_All team communication in one place, _dcc84b"), "ngoctin040999@gmail.com"): Text 'ngoctin040999@gmail.com' is set on object 'Object Repository/Login/Page_Mattermost/input_All team communication in one place, _dcc84b'

2021-05-28 18:00:44 - [MESSAGE][PASSED] - Text 'ngoctin040999@gmail.com' is set on object 'Object Repository/Login/Page_Mattermost/input_All team communication in one place, _dcc84b'

2021-05-28 18:00:44 - [TEST_STEP][PASSED] - setEncryptedText(findTestObject("Object Repository/Login/Page_Mattermost/input_All team communication in one place, _a3edc6"), "S8w1SJvl7D1hts9IdMV+NQ=="): Text ****** has been set on object 'Object Repository/Login/Page_Mattermost/input_All team communication in one place, _a3edc6'

2021-05-28 18:00:45 - [MESSAGE][PASSED] - Text ****** has been set on object 'Object Repository/Login/Page_Mattermost/input_All team communication in one place, _a3edc6'

2021-05-28 18:00:45 - [TEST_STEP][PASSED] - click(findTestObject("Object Repository/Login/Page_Mattermost/button_Sign in")): Object: 'Object Repository/Login/Page_Mattermost/button_Sign in' is clicked on

2021-05-28 18:00:46 - [MESSAGE][PASSED] - Object: 'Object Repository/Login/Page_Mattermost/button_Sign in' is clicked on

2021-05-28 18:00:46 - [MESSAGE][PASSED] - Call Test Case 'Test Cases/PreCondition/Login' successfully

2021-05-28 18:00:46 - [TEST_STEP][PASSED] - click(findTestObject("Object Repository/MarkUnreadMsgInDMs/Page_Town Square - 123 Mattermost/span_test1")): Object: 'Object Repository/MarkUnreadMsgInDMs/Page_Town Square - 123 Mattermost/span_test1' is clicked on

2021-05-28 18:00:50 - [MESSAGE][PASSED] - Object: 'Object Repository/MarkUnreadMsgInDMs/Page_Town Square - 123 Mattermost/span_test1' is clicked on

2021-05-28 18:00:50 - [TEST_STEP][PASSED] - pMsg = findTestObject("Object Repository/MarkUnreadMsgInDMs/Page_test1 - 123 Mattermost/div_ngoctin02806314 PM3Commented on ngoctin02806s message helloreply nek"): null

2021-05-28 18:00:50 - [TEST_STEP][PASSED] - iconMore = findTestObject("Object Repository/MarkUnreadMsgInDMs/Page_test1 - 123 Mattermost/button_ngoctin02806_CENTER_button_gwb3omtcgpngpebj9sr6f7zkuw"): null

2021-05-28 18:00:50 - [TEST_STEP][PASSED] - btnMarkUnread = findTestObject("Object Repository/MarkUnreadMsgInDMs/Page_test1 - 123 Mattermost/button_Mark as Unread"): null

2021-05-28 18:00:50 - [TEST_STEP][PASSED] - if (pMsg != null && iconMore != null && btnMarkUnread != null): Object: 'Object Repository/MarkUnreadMsgInDMs/Page_test1 - 123 Mattermost/button_Mark as Unread' is clicked on

2021-05-28 18:00:50 - [TEST_STEP][PASSED] - mouseOver(pMsg): Object: 'Object Repository/MarkUnreadMsgInDMs/Page_test1 - 123 Mattermost/div_ngoctin02806314 PM3Commented on ngoctin02806s message helloreply nek' is hovered

2021-05-28 18:00:52 - [MESSAGE][PASSED] - Object: 'Object Repository/MarkUnreadMsgInDMs/Page_test1 - 123 Mattermost/div_ngoctin02806314 PM3Commented on ngoctin02806s message helloreply nek' is hovered

2021-05-28 18:00:52 - [TEST_STEP][PASSED] - click(iconMore): Object: 'Object Repository/MarkUnreadMsgInDMs/Page_test1 - 123 Mattermost/button_ngoctin02806_CENTER_button_gwb3omtcgpngpebj9sr6f7zkuw' is clicked on

2021-05-28 18:00:53 - [MESSAGE][PASSED] - Object: 'Object Repository/MarkUnreadMsgInDMs/Page_test1 - 123 Mattermost/button_ngoctin02806_CENTER_button_gwb3omtcgpngpebj9sr6f7zkuw' is clicked on

2021-05-28 18:00:53 - [TEST_STEP][PASSED] - click(btnMarkUnread): Object: 'Object Repository/MarkUnreadMsgInDMs/Page_test1 - 123 Mattermost/button_Mark as Unread' is clicked on

2021-05-28 18:00:53 - [MESSAGE][PASSED] - Object: 'Object Repository/MarkUnreadMsgInDMs/Page_test1 - 123 Mattermost/button_Mark as Unread' is clicked on]]></system-out>
         <system-err><![CDATA[]]></system-err>
      </testcase>
      <testcase name="Test Cases/Main/TestCasePinMsgInDMs" time="24.166" classname="Test Cases/Main/TestCasePinMsgInDMs" status="PASSED">
         <system-out><![CDATA[2021-05-28 18:00:53 - [TEST_CASE][PASSED] - Test Cases/Main/TestCasePinMsgInDMs: Test Cases/Main/TestCasePinMsgInDMs

2021-05-28 18:00:54 - [TEST_STEP][PASSED] - callTestCase(findTestCase("PreCondition/Login"), [:], STOP_ON_FAILURE): Call Test Case 'Test Cases/PreCondition/Login' successfully

2021-05-28 18:00:54 - [TEST_CASE][PASSED] - Test Cases/PreCondition/Login: Test Cases/PreCondition/Login

2021-05-28 18:00:54 - [TEST_STEP][PASSED] - openBrowser(""): Browser is opened with url: ''

2021-05-28 18:00:54 - [MESSAGE][WARNING] - A browser is already opened. Closing browser and opening a new one

2021-05-28 18:00:55 - [MESSAGE][INFO] - Starting 'Chrome' driver

2021-05-28 18:00:55 - [MESSAGE][INFO] - Action delay is set to 0 milliseconds

2021-05-28 18:00:57 - [MESSAGE][PASSED] - Browser is opened with url: ''

2021-05-28 18:00:57 - [TEST_STEP][PASSED] - navigateToUrl("https://cdnc-group2.herokuapp.com/"): Navigate to 'https://cdnc-group2.herokuapp.com/' successfully

2021-05-28 18:01:01 - [MESSAGE][PASSED] - Navigate to 'https://cdnc-group2.herokuapp.com/' successfully

2021-05-28 18:01:01 - [TEST_STEP][PASSED] - setText(findTestObject("Object Repository/Login/Page_Mattermost/input_All team communication in one place, _dcc84b"), "ngoctin040999@gmail.com"): Text 'ngoctin040999@gmail.com' is set on object 'Object Repository/Login/Page_Mattermost/input_All team communication in one place, _dcc84b'

2021-05-28 18:01:07 - [MESSAGE][PASSED] - Text 'ngoctin040999@gmail.com' is set on object 'Object Repository/Login/Page_Mattermost/input_All team communication in one place, _dcc84b'

2021-05-28 18:01:07 - [TEST_STEP][PASSED] - setEncryptedText(findTestObject("Object Repository/Login/Page_Mattermost/input_All team communication in one place, _a3edc6"), "S8w1SJvl7D1hts9IdMV+NQ=="): Text ****** has been set on object 'Object Repository/Login/Page_Mattermost/input_All team communication in one place, _a3edc6'

2021-05-28 18:01:08 - [MESSAGE][PASSED] - Text ****** has been set on object 'Object Repository/Login/Page_Mattermost/input_All team communication in one place, _a3edc6'

2021-05-28 18:01:08 - [TEST_STEP][PASSED] - click(findTestObject("Object Repository/Login/Page_Mattermost/button_Sign in")): Object: 'Object Repository/Login/Page_Mattermost/button_Sign in' is clicked on

2021-05-28 18:01:09 - [MESSAGE][PASSED] - Object: 'Object Repository/Login/Page_Mattermost/button_Sign in' is clicked on

2021-05-28 18:01:09 - [MESSAGE][PASSED] - Call Test Case 'Test Cases/PreCondition/Login' successfully

2021-05-28 18:01:09 - [TEST_STEP][PASSED] - click(findTestObject("Object Repository/PinMsgInDMs/Page_Town Square - 123 Mattermost/span_test1")): Object: 'Object Repository/PinMsgInDMs/Page_Town Square - 123 Mattermost/span_test1' is clicked on

2021-05-28 18:01:13 - [MESSAGE][PASSED] - Object: 'Object Repository/PinMsgInDMs/Page_Town Square - 123 Mattermost/span_test1' is clicked on

2021-05-28 18:01:13 - [TEST_STEP][PASSED] - pMsg = findTestObject("Object Repository/PinMsgInDMs/Page_test1 - 123 Mattermost/div_ngoctin02806107 PM15ba58ab6023994f93ab3a4e701cf8b8.jpg"): null

2021-05-28 18:01:13 - [TEST_STEP][PASSED] - iconMore = findTestObject("Object Repository/PinMsgInDMs/Page_test1 - 123 Mattermost/button_ngoctin02806_CENTER_button_4xttwiq7ktb45ctc1z5yoqj5ko"): null

2021-05-28 18:01:13 - [TEST_STEP][PASSED] - btnPin = findTestObject("Object Repository/PinMsgInDMs/Page_test1 - 123 Mattermost/button_Pin to Channel"): null

2021-05-28 18:01:14 - [TEST_STEP][PASSED] - if (pMsg != null && iconMore != null && btnPin != null): Object: 'Object Repository/PinMsgInDMs/Page_test1 - 123 Mattermost/button_Pin to Channel' is clicked on

2021-05-28 18:01:14 - [TEST_STEP][PASSED] - mouseOver(pMsg): Object: 'Object Repository/PinMsgInDMs/Page_test1 - 123 Mattermost/div_ngoctin02806107 PM15ba58ab6023994f93ab3a4e701cf8b8.jpg' is hovered

2021-05-28 18:01:15 - [MESSAGE][PASSED] - Object: 'Object Repository/PinMsgInDMs/Page_test1 - 123 Mattermost/div_ngoctin02806107 PM15ba58ab6023994f93ab3a4e701cf8b8.jpg' is hovered

2021-05-28 18:01:15 - [TEST_STEP][PASSED] - click(iconMore): Object: 'Object Repository/PinMsgInDMs/Page_test1 - 123 Mattermost/button_ngoctin02806_CENTER_button_4xttwiq7ktb45ctc1z5yoqj5ko' is clicked on

2021-05-28 18:01:17 - [MESSAGE][PASSED] - Object: 'Object Repository/PinMsgInDMs/Page_test1 - 123 Mattermost/button_ngoctin02806_CENTER_button_4xttwiq7ktb45ctc1z5yoqj5ko' is clicked on

2021-05-28 18:01:17 - [TEST_STEP][PASSED] - click(btnPin): Object: 'Object Repository/PinMsgInDMs/Page_test1 - 123 Mattermost/button_Pin to Channel' is clicked on

2021-05-28 18:01:17 - [MESSAGE][PASSED] - Object: 'Object Repository/PinMsgInDMs/Page_test1 - 123 Mattermost/button_Pin to Channel' is clicked on]]></system-out>
         <system-err><![CDATA[]]></system-err>
      </testcase>
      <testcase name="Test Cases/Main/TestCaseReactMsgInDMs" time="28.337" classname="Test Cases/Main/TestCaseReactMsgInDMs" status="PASSED">
         <system-out><![CDATA[2021-05-28 18:01:17 - [TEST_CASE][PASSED] - Test Cases/Main/TestCaseReactMsgInDMs: Test Cases/Main/TestCaseReactMsgInDMs

2021-05-28 18:01:18 - [TEST_STEP][PASSED] - callTestCase(findTestCase("PreCondition/Login"), [:], STOP_ON_FAILURE): Call Test Case 'Test Cases/PreCondition/Login' successfully

2021-05-28 18:01:18 - [TEST_CASE][PASSED] - Test Cases/PreCondition/Login: Test Cases/PreCondition/Login

2021-05-28 18:01:18 - [TEST_STEP][PASSED] - openBrowser(""): Browser is opened with url: ''

2021-05-28 18:01:18 - [MESSAGE][WARNING] - A browser is already opened. Closing browser and opening a new one

2021-05-28 18:01:19 - [MESSAGE][INFO] - Starting 'Chrome' driver

2021-05-28 18:01:19 - [MESSAGE][INFO] - Action delay is set to 0 milliseconds

2021-05-28 18:01:21 - [MESSAGE][PASSED] - Browser is opened with url: ''

2021-05-28 18:01:21 - [TEST_STEP][PASSED] - navigateToUrl("https://cdnc-group2.herokuapp.com/"): Navigate to 'https://cdnc-group2.herokuapp.com/' successfully

2021-05-28 18:01:27 - [MESSAGE][PASSED] - Navigate to 'https://cdnc-group2.herokuapp.com/' successfully

2021-05-28 18:01:27 - [TEST_STEP][PASSED] - setText(findTestObject("Object Repository/Login/Page_Mattermost/input_All team communication in one place, _dcc84b"), "ngoctin040999@gmail.com"): Text 'ngoctin040999@gmail.com' is set on object 'Object Repository/Login/Page_Mattermost/input_All team communication in one place, _dcc84b'

2021-05-28 18:01:35 - [MESSAGE][PASSED] - Text 'ngoctin040999@gmail.com' is set on object 'Object Repository/Login/Page_Mattermost/input_All team communication in one place, _dcc84b'

2021-05-28 18:01:35 - [TEST_STEP][PASSED] - setEncryptedText(findTestObject("Object Repository/Login/Page_Mattermost/input_All team communication in one place, _a3edc6"), "S8w1SJvl7D1hts9IdMV+NQ=="): Text ****** has been set on object 'Object Repository/Login/Page_Mattermost/input_All team communication in one place, _a3edc6'

2021-05-28 18:01:36 - [MESSAGE][PASSED] - Text ****** has been set on object 'Object Repository/Login/Page_Mattermost/input_All team communication in one place, _a3edc6'

2021-05-28 18:01:36 - [TEST_STEP][PASSED] - click(findTestObject("Object Repository/Login/Page_Mattermost/button_Sign in")): Object: 'Object Repository/Login/Page_Mattermost/button_Sign in' is clicked on

2021-05-28 18:01:37 - [MESSAGE][PASSED] - Object: 'Object Repository/Login/Page_Mattermost/button_Sign in' is clicked on

2021-05-28 18:01:37 - [MESSAGE][PASSED] - Call Test Case 'Test Cases/PreCondition/Login' successfully

2021-05-28 18:01:37 - [TEST_STEP][PASSED] - click(findTestObject("Object Repository/ReactMsgInDMs/Page_Town Square - 123 Mattermost/span_test1")): Object: 'Object Repository/ReactMsgInDMs/Page_Town Square - 123 Mattermost/span_test1' is clicked on

2021-05-28 18:01:41 - [MESSAGE][PASSED] - Object: 'Object Repository/ReactMsgInDMs/Page_Town Square - 123 Mattermost/span_test1' is clicked on

2021-05-28 18:01:41 - [TEST_STEP][PASSED] - pMsg = findTestObject("Object Repository/ReactMsgInDMs/Page_test1 - 123 Mattermost/div_ngoctin02806203 PMedited3(edited)1"): null

2021-05-28 18:01:41 - [TEST_STEP][PASSED] - btnReact = findTestObject("Object Repository/ReactMsgInDMs/Page_test1 - 123 Mattermost/button_ngoctin02806_CENTER_reaction_1fktzgahk3rq8cbwgejm8twfpr"): null

2021-05-28 18:01:41 - [TEST_STEP][PASSED] - selectedEmotion = findTestObject("Object Repository/ReactMsgInDMs/Page_test1 - 123 Mattermost/img_People_emoji-1f601"): null

2021-05-28 18:01:42 - [TEST_STEP][PASSED] - if (pMsg != null && btnReact != null && selectedEmotion != null): Object: 'Object Repository/ReactMsgInDMs/Page_test1 - 123 Mattermost/img_People_emoji-1f601' is clicked on

2021-05-28 18:01:42 - [TEST_STEP][PASSED] - mouseOver(pMsg): Object: 'Object Repository/ReactMsgInDMs/Page_test1 - 123 Mattermost/div_ngoctin02806203 PMedited3(edited)1' is hovered

2021-05-28 18:01:43 - [MESSAGE][PASSED] - Object: 'Object Repository/ReactMsgInDMs/Page_test1 - 123 Mattermost/div_ngoctin02806203 PMedited3(edited)1' is hovered

2021-05-28 18:01:43 - [TEST_STEP][PASSED] - click(btnReact): Object: 'Object Repository/ReactMsgInDMs/Page_test1 - 123 Mattermost/button_ngoctin02806_CENTER_reaction_1fktzgahk3rq8cbwgejm8twfpr' is clicked on

2021-05-28 18:01:44 - [MESSAGE][PASSED] - Object: 'Object Repository/ReactMsgInDMs/Page_test1 - 123 Mattermost/button_ngoctin02806_CENTER_reaction_1fktzgahk3rq8cbwgejm8twfpr' is clicked on

2021-05-28 18:01:44 - [TEST_STEP][PASSED] - click(selectedEmotion): Object: 'Object Repository/ReactMsgInDMs/Page_test1 - 123 Mattermost/img_People_emoji-1f601' is clicked on

2021-05-28 18:01:46 - [MESSAGE][PASSED] - Object: 'Object Repository/ReactMsgInDMs/Page_test1 - 123 Mattermost/img_People_emoji-1f601' is clicked on]]></system-out>
         <system-err><![CDATA[]]></system-err>
      </testcase>
      <testcase name="Test Cases/Main/TestCaseReplyMsgInDMs" time="154.837" classname="Test Cases/Main/TestCaseReplyMsgInDMs" status="FAILED">
         <failure type="FAILED" message="Test Cases/Main/TestCaseReplyMsgInDMs FAILED.
Reason:
com.kms.katalon.core.exception.StepFailedException: Unable to click on object 'Object Repository/ReplyMsgInDMs/Page_test1 - 123 Mattermost/input_Help_addCommentButton'
	at com.kms.katalon.core.webui.keyword.internal.WebUIKeywordMain.stepFailed(WebUIKeywordMain.groovy:64)
	at com.kms.katalon.core.webui.keyword.internal.WebUIKeywordMain.runKeyword(WebUIKeywordMain.groovy:26)
	at com.kms.katalon.core.webui.keyword.builtin.ClickKeyword.click(ClickKeyword.groovy:75)
	at com.kms.katalon.core.webui.keyword.builtin.ClickKeyword.execute(ClickKeyword.groovy:42)
	at com.kms.katalon.core.keyword.internal.KeywordExecutor.executeKeywordForPlatform(KeywordExecutor.groovy:73)
	at com.kms.katalon.core.webui.keyword.WebUiBuiltInKeywords.click(WebUiBuiltInKeywords.groovy:619)
	at com.kms.katalon.core.webui.keyword.WebUiBuiltInKeywords$click$4.call(Unknown Source)
	at TestCaseReplyMsgInDMs.run(TestCaseReplyMsgInDMs:31)
	at com.kms.katalon.core.main.ScriptEngine.run(ScriptEngine.java:194)
	at com.kms.katalon.core.main.ScriptEngine.runScriptAsRawText(ScriptEngine.java:119)
	at com.kms.katalon.core.main.TestCaseExecutor.runScript(TestCaseExecutor.java:398)
	at com.kms.katalon.core.main.TestCaseExecutor.doExecute(TestCaseExecutor.java:389)
	at com.kms.katalon.core.main.TestCaseExecutor.processExecutionPhase(TestCaseExecutor.java:368)
	at com.kms.katalon.core.main.TestCaseExecutor.accessMainPhase(TestCaseExecutor.java:360)
	at com.kms.katalon.core.main.TestCaseExecutor.execute(TestCaseExecutor.java:255)
	at com.kms.katalon.core.main.TestSuiteExecutor.accessTestCaseMainPhase(TestSuiteExecutor.java:203)
	at com.kms.katalon.core.main.TestSuiteExecutor.accessTestSuiteMainPhase(TestSuiteExecutor.java:152)
	at com.kms.katalon.core.main.TestSuiteExecutor.execute(TestSuiteExecutor.java:95)
	at com.kms.katalon.core.main.TestCaseMain.startTestSuite(TestCaseMain.java:157)
	at com.kms.katalon.core.main.TestCaseMain$startTestSuite$0.call(Unknown Source)
	at TempTestSuite1622198376741.run(TempTestSuite1622198376741.groovy:39)
Caused by: com.kms.katalon.core.webui.exception.WebElementNotFoundException: Web element with id: 'Object Repository/ReplyMsgInDMs/Page_test1 - 123 Mattermost/input_Help_addCommentButton' located by '//input[@id='addCommentButton']' not found
	at com.kms.katalon.core.webui.common.WebUiCommonHelper.findWebElement(WebUiCommonHelper.java:1368)
	at com.kms.katalon.core.webui.keyword.internal.WebUIAbstractKeyword.findWebElement(WebUIAbstractKeyword.groovy:27)
	at com.kms.katalon.core.webui.keyword.internal.WebUIAbstractKeyword.findWebElement(WebUIAbstractKeyword.groovy:26)
	at com.kms.katalon.core.webui.keyword.builtin.ClickKeyword$_click_closure1.doCall(ClickKeyword.groovy:66)
	at com.kms.katalon.core.webui.keyword.builtin.ClickKeyword$_click_closure1.call(ClickKeyword.groovy)
	at com.kms.katalon.core.webui.keyword.internal.WebUIKeywordMain.runKeyword(WebUIKeywordMain.groovy:20)
	... 19 more
"/>
         <system-out><![CDATA[2021-05-28 18:01:46 - [TEST_CASE][FAILED] - Test Cases/Main/TestCaseReplyMsgInDMs: Test Cases/Main/TestCaseReplyMsgInDMs FAILED.
Reason:
com.kms.katalon.core.exception.StepFailedException: Unable to click on object 'Object Repository/ReplyMsgInDMs/Page_test1 - 123 Mattermost/input_Help_addCommentButton'
	at com.kms.katalon.core.webui.keyword.internal.WebUIKeywordMain.stepFailed(WebUIKeywordMain.groovy:64)
	at com.kms.katalon.core.webui.keyword.internal.WebUIKeywordMain.runKeyword(WebUIKeywordMain.groovy:26)
	at com.kms.katalon.core.webui.keyword.builtin.ClickKeyword.click(ClickKeyword.groovy:75)
	at com.kms.katalon.core.webui.keyword.builtin.ClickKeyword.execute(ClickKeyword.groovy:42)
	at com.kms.katalon.core.keyword.internal.KeywordExecutor.executeKeywordForPlatform(KeywordExecutor.groovy:73)
	at com.kms.katalon.core.webui.keyword.WebUiBuiltInKeywords.click(WebUiBuiltInKeywords.groovy:619)
	at com.kms.katalon.core.webui.keyword.WebUiBuiltInKeywords$click$4.call(Unknown Source)
	at TestCaseReplyMsgInDMs.run(TestCaseReplyMsgInDMs:31)
	at com.kms.katalon.core.main.ScriptEngine.run(ScriptEngine.java:194)
	at com.kms.katalon.core.main.ScriptEngine.runScriptAsRawText(ScriptEngine.java:119)
	at com.kms.katalon.core.main.TestCaseExecutor.runScript(TestCaseExecutor.java:398)
	at com.kms.katalon.core.main.TestCaseExecutor.doExecute(TestCaseExecutor.java:389)
	at com.kms.katalon.core.main.TestCaseExecutor.processExecutionPhase(TestCaseExecutor.java:368)
	at com.kms.katalon.core.main.TestCaseExecutor.accessMainPhase(TestCaseExecutor.java:360)
	at com.kms.katalon.core.main.TestCaseExecutor.execute(TestCaseExecutor.java:255)
	at com.kms.katalon.core.main.TestSuiteExecutor.accessTestCaseMainPhase(TestSuiteExecutor.java:203)
	at com.kms.katalon.core.main.TestSuiteExecutor.accessTestSuiteMainPhase(TestSuiteExecutor.java:152)
	at com.kms.katalon.core.main.TestSuiteExecutor.execute(TestSuiteExecutor.java:95)
	at com.kms.katalon.core.main.TestCaseMain.startTestSuite(TestCaseMain.java:157)
	at com.kms.katalon.core.main.TestCaseMain$startTestSuite$0.call(Unknown Source)
	at TempTestSuite1622198376741.run(TempTestSuite1622198376741.groovy:39)
Caused by: com.kms.katalon.core.webui.exception.WebElementNotFoundException: Web element with id: 'Object Repository/ReplyMsgInDMs/Page_test1 - 123 Mattermost/input_Help_addCommentButton' located by '//input[@id='addCommentButton']' not found
	at com.kms.katalon.core.webui.common.WebUiCommonHelper.findWebElement(WebUiCommonHelper.java:1368)
	at com.kms.katalon.core.webui.keyword.internal.WebUIAbstractKeyword.findWebElement(WebUIAbstractKeyword.groovy:27)
	at com.kms.katalon.core.webui.keyword.internal.WebUIAbstractKeyword.findWebElement(WebUIAbstractKeyword.groovy:26)
	at com.kms.katalon.core.webui.keyword.builtin.ClickKeyword$_click_closure1.doCall(ClickKeyword.groovy:66)
	at com.kms.katalon.core.webui.keyword.builtin.ClickKeyword$_click_closure1.call(ClickKeyword.groovy)
	at com.kms.katalon.core.webui.keyword.internal.WebUIKeywordMain.runKeyword(WebUIKeywordMain.groovy:20)
	... 19 more


2021-05-28 18:01:46 - [TEST_STEP][PASSED] - callTestCase(findTestCase("PreCondition/Login"), [:], STOP_ON_FAILURE): Call Test Case 'Test Cases/PreCondition/Login' successfully

2021-05-28 18:01:46 - [TEST_CASE][PASSED] - Test Cases/PreCondition/Login: Test Cases/PreCondition/Login

2021-05-28 18:01:46 - [TEST_STEP][PASSED] - openBrowser(""): Browser is opened with url: ''

2021-05-28 18:01:46 - [MESSAGE][WARNING] - A browser is already opened. Closing browser and opening a new one

2021-05-28 18:01:47 - [MESSAGE][INFO] - Starting 'Chrome' driver

2021-05-28 18:01:47 - [MESSAGE][INFO] - Action delay is set to 0 milliseconds

2021-05-28 18:01:49 - [MESSAGE][PASSED] - Browser is opened with url: ''

2021-05-28 18:01:49 - [TEST_STEP][PASSED] - navigateToUrl("https://cdnc-group2.herokuapp.com/"): Navigate to 'https://cdnc-group2.herokuapp.com/' successfully

2021-05-28 18:01:56 - [MESSAGE][PASSED] - Navigate to 'https://cdnc-group2.herokuapp.com/' successfully

2021-05-28 18:01:56 - [TEST_STEP][PASSED] - setText(findTestObject("Object Repository/Login/Page_Mattermost/input_All team communication in one place, _dcc84b"), "ngoctin040999@gmail.com"): Text 'ngoctin040999@gmail.com' is set on object 'Object Repository/Login/Page_Mattermost/input_All team communication in one place, _dcc84b'

2021-05-28 18:02:02 - [MESSAGE][PASSED] - Text 'ngoctin040999@gmail.com' is set on object 'Object Repository/Login/Page_Mattermost/input_All team communication in one place, _dcc84b'

2021-05-28 18:02:02 - [TEST_STEP][PASSED] - setEncryptedText(findTestObject("Object Repository/Login/Page_Mattermost/input_All team communication in one place, _a3edc6"), "S8w1SJvl7D1hts9IdMV+NQ=="): Text ****** has been set on object 'Object Repository/Login/Page_Mattermost/input_All team communication in one place, _a3edc6'

2021-05-28 18:02:02 - [MESSAGE][PASSED] - Text ****** has been set on object 'Object Repository/Login/Page_Mattermost/input_All team communication in one place, _a3edc6'

2021-05-28 18:02:02 - [TEST_STEP][PASSED] - click(findTestObject("Object Repository/Login/Page_Mattermost/button_Sign in")): Object: 'Object Repository/Login/Page_Mattermost/button_Sign in' is clicked on

2021-05-28 18:02:03 - [MESSAGE][PASSED] - Object: 'Object Repository/Login/Page_Mattermost/button_Sign in' is clicked on

2021-05-28 18:02:03 - [MESSAGE][PASSED] - Call Test Case 'Test Cases/PreCondition/Login' successfully

2021-05-28 18:02:03 - [TEST_STEP][PASSED] - click(findTestObject("Object Repository/ReplyMsgInDMs/Page_Town Square - 123 Mattermost/span_test1")): Object: 'Object Repository/ReplyMsgInDMs/Page_Town Square - 123 Mattermost/span_test1' is clicked on

2021-05-28 18:02:09 - [MESSAGE][PASSED] - Object: 'Object Repository/ReplyMsgInDMs/Page_Town Square - 123 Mattermost/span_test1' is clicked on

2021-05-28 18:02:09 - [TEST_STEP][PASSED] - btnReply = findTestObject("Object Repository/ReplyMsgInDMs/Page_test1 - 123 Mattermost/svg"): null

2021-05-28 18:02:09 - [TEST_STEP][PASSED] - inputReply = findTestObject("Object Repository/ReplyMsgInDMs/Page_test1 - 123 Mattermost/textarea_lo la"): null

2021-05-28 18:02:09 - [TEST_STEP][PASSED] - btnSubmitReply = findTestObject("Object Repository/ReplyMsgInDMs/Page_test1 - 123 Mattermost/input_Help_addCommentButton"): null

2021-05-28 18:02:09 - [TEST_STEP][FAILED] - if (btnReply != null && inputReply != null && btnSubmitReply != null): Unable to click on object 'Object Repository/ReplyMsgInDMs/Page_test1 - 123 Mattermost/input_Help_addCommentButton' (Root cause: com.kms.katalon.core.exception.StepFailedException: Unable to click on object 'Object Repository/ReplyMsgInDMs/Page_test1 - 123 Mattermost/input_Help_addCommentButton'
	at com.kms.katalon.core.webui.keyword.internal.WebUIKeywordMain.stepFailed(WebUIKeywordMain.groovy:64)
	at com.kms.katalon.core.webui.keyword.internal.WebUIKeywordMain.runKeyword(WebUIKeywordMain.groovy:26)
	at com.kms.katalon.core.webui.keyword.builtin.ClickKeyword.click(ClickKeyword.groovy:75)
	at com.kms.katalon.core.webui.keyword.builtin.ClickKeyword.execute(ClickKeyword.groovy:42)
	at com.kms.katalon.core.keyword.internal.KeywordExecutor.executeKeywordForPlatform(KeywordExecutor.groovy:73)
	at com.kms.katalon.core.webui.keyword.WebUiBuiltInKeywords.click(WebUiBuiltInKeywords.groovy:619)
	at com.kms.katalon.core.webui.keyword.WebUiBuiltInKeywords$click$4.call(Unknown Source)
	at TestCaseReplyMsgInDMs.run(TestCaseReplyMsgInDMs:31)
	at com.kms.katalon.core.main.ScriptEngine.run(ScriptEngine.java:194)
	at com.kms.katalon.core.main.ScriptEngine.runScriptAsRawText(ScriptEngine.java:119)
	at com.kms.katalon.core.main.TestCaseExecutor.runScript(TestCaseExecutor.java:398)
	at com.kms.katalon.core.main.TestCaseExecutor.doExecute(TestCaseExecutor.java:389)
	at com.kms.katalon.core.main.TestCaseExecutor.processExecutionPhase(TestCaseExecutor.java:368)
	at com.kms.katalon.core.main.TestCaseExecutor.accessMainPhase(TestCaseExecutor.java:360)
	at com.kms.katalon.core.main.TestCaseExecutor.execute(TestCaseExecutor.java:255)
	at com.kms.katalon.core.main.TestSuiteExecutor.accessTestCaseMainPhase(TestSuiteExecutor.java:203)
	at com.kms.katalon.core.main.TestSuiteExecutor.accessTestSuiteMainPhase(TestSuiteExecutor.java:152)
	at com.kms.katalon.core.main.TestSuiteExecutor.execute(TestSuiteExecutor.java:95)
	at com.kms.katalon.core.main.TestCaseMain.startTestSuite(TestCaseMain.java:157)
	at com.kms.katalon.core.main.TestCaseMain$startTestSuite$0.call(Unknown Source)
	at TempTestSuite1622198376741.run(TempTestSuite1622198376741.groovy:39)
Caused by: com.kms.katalon.core.webui.exception.WebElementNotFoundException: Web element with id: 'Object Repository/ReplyMsgInDMs/Page_test1 - 123 Mattermost/input_Help_addCommentButton' located by '//input[@id='addCommentButton']' not found
	at com.kms.katalon.core.webui.common.WebUiCommonHelper.findWebElement(WebUiCommonHelper.java:1368)
	at com.kms.katalon.core.webui.keyword.internal.WebUIAbstractKeyword.findWebElement(WebUIAbstractKeyword.groovy:27)
	at com.kms.katalon.core.webui.keyword.internal.WebUIAbstractKeyword.findWebElement(WebUIAbstractKeyword.groovy:26)
	at com.kms.katalon.core.webui.keyword.builtin.ClickKeyword$_click_closure1.doCall(ClickKeyword.groovy:66)
	at com.kms.katalon.core.webui.keyword.builtin.ClickKeyword$_click_closure1.call(ClickKeyword.groovy)
	at com.kms.katalon.core.webui.keyword.internal.WebUIKeywordMain.runKeyword(WebUIKeywordMain.groovy:20)
	at com.kms.katalon.core.webui.keyword.builtin.ClickKeyword.click(ClickKeyword.groovy:75)
	at com.kms.katalon.core.webui.keyword.builtin.ClickKeyword.execute(ClickKeyword.groovy:42)
	at com.kms.katalon.core.keyword.internal.KeywordExecutor.executeKeywordForPlatform(KeywordExecutor.groovy:73)
	at com.kms.katalon.core.webui.keyword.WebUiBuiltInKeywords.click(WebUiBuiltInKeywords.groovy:619)
	at com.kms.katalon.core.webui.keyword.WebUiBuiltInKeywords$click$4.call(Unknown Source)
	at Script1622016814737.run(Script1622016814737.groovy:31)
	... 13 more
)

2021-05-28 18:02:09 - [TEST_STEP][PASSED] - click(btnReply): Object: 'Object Repository/ReplyMsgInDMs/Page_test1 - 123 Mattermost/svg' is clicked on

2021-05-28 18:02:41 - [MESSAGE][INFO] - Unable to find the element located by 'By.xpath: (.//*[normalize-space(text()) and normalize-space(.)='ngoctin02806'])[50]/following::*[name()='svg'][4]'. Please recheck the objects properties to make sure the desired element is located. 

2021-05-28 18:02:41 - [MESSAGE][WARNING] - [SELF-HEALING] Failed to find element with id 'Object Repository/ReplyMsgInDMs/Page_test1 - 123 Mattermost/svg'. Try using Self-healing.

2021-05-28 18:02:41 - [MESSAGE][WARNING] - [SELF-HEALING] The current locator of test object 'Object Repository/ReplyMsgInDMs/Page_test1 - 123 Mattermost/svg' was broken. Propose an alternative one: '(.//*[normalize-space(text()) and normalize-space(.)='(edited)'])[1]/preceding::*[name()='svg'][2]'.

2021-05-28 18:02:41 - [MESSAGE][PASSED] - Object: 'Object Repository/ReplyMsgInDMs/Page_test1 - 123 Mattermost/svg' is clicked on

2021-05-28 18:02:41 - [TEST_STEP][PASSED] - setText(inputReply, "reply 123"): Text 'reply 123' is set on object 'Object Repository/ReplyMsgInDMs/Page_test1 - 123 Mattermost/textarea_lo la'

2021-05-28 18:03:12 - [MESSAGE][INFO] - Unable to find the element located by 'By.xpath: //textarea[@id='reply_textbox']'. Please recheck the objects properties to make sure the desired element is located. 

2021-05-28 18:03:12 - [MESSAGE][WARNING] - [SELF-HEALING] Failed to find element with id 'Object Repository/ReplyMsgInDMs/Page_test1 - 123 Mattermost/textarea_lo la'. Try using Self-healing.

2021-05-28 18:03:12 - [MESSAGE][INFO] - [SELF-HEALING] Failed Locator: '//textarea[@id='reply_textbox']'.

2021-05-28 18:03:13 - [MESSAGE][INFO] - [SELF-HEALING] Failed Locator: '//div[@id='6bh5sr8n33ff58snaogrwo4ise']/div/div/div/div[2]/div/textarea'.

2021-05-28 18:03:13 - [MESSAGE][INFO] - [SELF-HEALING] Failed Locator: '(.//*[normalize-space(text()) and normalize-space(.)='ngoctin02806'])[2]/following::textarea[1]'.

2021-05-28 18:03:13 - [MESSAGE][INFO] - [SELF-HEALING] Failed Locator: '(.//*[normalize-space(text()) and normalize-space(.)='ngoctin02806'])[1]/following::textarea[1]'.

2021-05-28 18:03:13 - [MESSAGE][INFO] - [SELF-HEALING] Working Locator: '(.//*[normalize-space(text()) and normalize-space(.)='**bold**'])[1]/preceding::textarea[2]'.

2021-05-28 18:03:14 - [MESSAGE][INFO] - [SELF-HEALING] Screenshot: G:/HCMUS/Nam4/HK2/Deadline/2/katalon/Reports/Self-healing/Object Repository/ReplyMsgInDMs/Page_test1 - 123 Mattermost/textarea_lo la_neighbor.png

2021-05-28 18:03:14 - [MESSAGE][WARNING] - [SELF-HEALING] The current locator of test object 'Object Repository/ReplyMsgInDMs/Page_test1 - 123 Mattermost/textarea_lo la' was broken. Propose an alternative one: '(.//*[normalize-space(text()) and normalize-space(.)='**bold**'])[1]/preceding::textarea[2]'.

2021-05-28 18:03:45 - [MESSAGE][INFO] - Unable to find the element located by 'By.xpath: //textarea[@id='reply_textbox']'. Please recheck the objects properties to make sure the desired element is located. 

2021-05-28 18:03:45 - [MESSAGE][WARNING] - [SELF-HEALING] Failed to find element with id 'Object Repository/ReplyMsgInDMs/Page_test1 - 123 Mattermost/textarea_lo la'. Try using Self-healing.

2021-05-28 18:03:45 - [MESSAGE][WARNING] - [SELF-HEALING] The current locator of test object 'Object Repository/ReplyMsgInDMs/Page_test1 - 123 Mattermost/textarea_lo la' was broken. Propose an alternative one: '(.//*[normalize-space(text()) and normalize-space(.)='**bold**'])[1]/preceding::textarea[2]'.

2021-05-28 18:03:45 - [MESSAGE][PASSED] - Text 'reply 123' is set on object 'Object Repository/ReplyMsgInDMs/Page_test1 - 123 Mattermost/textarea_lo la'

2021-05-28 18:03:45 - [TEST_STEP][FAILED] - click(btnSubmitReply): Unable to click on object 'Object Repository/ReplyMsgInDMs/Page_test1 - 123 Mattermost/input_Help_addCommentButton' (Root cause: com.kms.katalon.core.exception.StepFailedException: Unable to click on object 'Object Repository/ReplyMsgInDMs/Page_test1 - 123 Mattermost/input_Help_addCommentButton'
	at com.kms.katalon.core.webui.keyword.internal.WebUIKeywordMain.stepFailed(WebUIKeywordMain.groovy:64)
	at com.kms.katalon.core.webui.keyword.internal.WebUIKeywordMain.runKeyword(WebUIKeywordMain.groovy:26)
	at com.kms.katalon.core.webui.keyword.builtin.ClickKeyword.click(ClickKeyword.groovy:75)
	at com.kms.katalon.core.webui.keyword.builtin.ClickKeyword.execute(ClickKeyword.groovy:42)
	at com.kms.katalon.core.keyword.internal.KeywordExecutor.executeKeywordForPlatform(KeywordExecutor.groovy:73)
	at com.kms.katalon.core.webui.keyword.WebUiBuiltInKeywords.click(WebUiBuiltInKeywords.groovy:619)
	at com.kms.katalon.core.webui.keyword.WebUiBuiltInKeywords$click$4.call(Unknown Source)
	at TestCaseReplyMsgInDMs.run(TestCaseReplyMsgInDMs:31)
	at com.kms.katalon.core.main.ScriptEngine.run(ScriptEngine.java:194)
	at com.kms.katalon.core.main.ScriptEngine.runScriptAsRawText(ScriptEngine.java:119)
	at com.kms.katalon.core.main.TestCaseExecutor.runScript(TestCaseExecutor.java:398)
	at com.kms.katalon.core.main.TestCaseExecutor.doExecute(TestCaseExecutor.java:389)
	at com.kms.katalon.core.main.TestCaseExecutor.processExecutionPhase(TestCaseExecutor.java:368)
	at com.kms.katalon.core.main.TestCaseExecutor.accessMainPhase(TestCaseExecutor.java:360)
	at com.kms.katalon.core.main.TestCaseExecutor.execute(TestCaseExecutor.java:255)
	at com.kms.katalon.core.main.TestSuiteExecutor.accessTestCaseMainPhase(TestSuiteExecutor.java:203)
	at com.kms.katalon.core.main.TestSuiteExecutor.accessTestSuiteMainPhase(TestSuiteExecutor.java:152)
	at com.kms.katalon.core.main.TestSuiteExecutor.execute(TestSuiteExecutor.java:95)
	at com.kms.katalon.core.main.TestCaseMain.startTestSuite(TestCaseMain.java:157)
	at com.kms.katalon.core.main.TestCaseMain$startTestSuite$0.call(Unknown Source)
	at TempTestSuite1622198376741.run(TempTestSuite1622198376741.groovy:39)
Caused by: com.kms.katalon.core.webui.exception.WebElementNotFoundException: Web element with id: 'Object Repository/ReplyMsgInDMs/Page_test1 - 123 Mattermost/input_Help_addCommentButton' located by '//input[@id='addCommentButton']' not found
	at com.kms.katalon.core.webui.common.WebUiCommonHelper.findWebElement(WebUiCommonHelper.java:1368)
	at com.kms.katalon.core.webui.keyword.internal.WebUIAbstractKeyword.findWebElement(WebUIAbstractKeyword.groovy:27)
	at com.kms.katalon.core.webui.keyword.internal.WebUIAbstractKeyword.findWebElement(WebUIAbstractKeyword.groovy:26)
	at com.kms.katalon.core.webui.keyword.builtin.ClickKeyword$_click_closure1.doCall(ClickKeyword.groovy:66)
	at com.kms.katalon.core.webui.keyword.builtin.ClickKeyword$_click_closure1.call(ClickKeyword.groovy)
	at com.kms.katalon.core.webui.keyword.internal.WebUIKeywordMain.runKeyword(WebUIKeywordMain.groovy:20)
	at com.kms.katalon.core.webui.keyword.builtin.ClickKeyword.click(ClickKeyword.groovy:75)
	at com.kms.katalon.core.webui.keyword.builtin.ClickKeyword.execute(ClickKeyword.groovy:42)
	at com.kms.katalon.core.keyword.internal.KeywordExecutor.executeKeywordForPlatform(KeywordExecutor.groovy:73)
	at com.kms.katalon.core.webui.keyword.WebUiBuiltInKeywords.click(WebUiBuiltInKeywords.groovy:619)
	at com.kms.katalon.core.webui.keyword.WebUiBuiltInKeywords$click$4.call(Unknown Source)
	at Script1622016814737.run(Script1622016814737.groovy:31)
	... 13 more
)

2021-05-28 18:04:17 - [MESSAGE][INFO] - Unable to find the element located by 'By.xpath: //input[@id='addCommentButton']'. Please recheck the objects properties to make sure the desired element is located. 

2021-05-28 18:04:17 - [MESSAGE][WARNING] - [SELF-HEALING] Failed to find element with id 'Object Repository/ReplyMsgInDMs/Page_test1 - 123 Mattermost/input_Help_addCommentButton'. Try using Self-healing.

2021-05-28 18:04:17 - [MESSAGE][INFO] - [SELF-HEALING] Failed Locator: '//input[@id='addCommentButton']'.

2021-05-28 18:04:17 - [MESSAGE][INFO] - [SELF-HEALING] Failed Locator: '//div[@id='rhsFooter']/div[2]/div[2]/input'.

2021-05-28 18:04:17 - [MESSAGE][INFO] - [SELF-HEALING] Failed Locator: '//div[2]/div[2]/input'.

2021-05-28 18:04:18 - [MESSAGE][INFO] - [SELF-HEALING] Failed Locator: '//input[@id='addCommentButton']'.

2021-05-28 18:04:18 - [MESSAGE][INFO] - [SELF-HEALING] Failed Locator: '//div[@id='rhsFooter']/div[2]/div[2]/input'.

2021-05-28 18:04:18 - [MESSAGE][INFO] - [SELF-HEALING] Failed Locator: '//div[2]/div[2]/input'.

2021-05-28 18:04:19 - [MESSAGE][INFO] - Unable to find the element located by 'By.xpath: //*[@type = 'button' and @id = 'addCommentButton']'. Please recheck the objects properties to make sure the desired element is located. 

2021-05-28 18:04:20 - [MESSAGE][INFO] - Unable to find the element located by 'By.cssSelector: #addCommentButton'. Please recheck the objects properties to make sure the desired element is located. 

2021-05-28 18:04:21 - [MESSAGE][FAILED] - Unable to click on object 'Object Repository/ReplyMsgInDMs/Page_test1 - 123 Mattermost/input_Help_addCommentButton' (Root cause: com.kms.katalon.core.exception.StepFailedException: Unable to click on object 'Object Repository/ReplyMsgInDMs/Page_test1 - 123 Mattermost/input_Help_addCommentButton'
	at com.kms.katalon.core.webui.keyword.internal.WebUIKeywordMain.stepFailed(WebUIKeywordMain.groovy:64)
	at com.kms.katalon.core.webui.keyword.internal.WebUIKeywordMain.runKeyword(WebUIKeywordMain.groovy:26)
	at com.kms.katalon.core.webui.keyword.builtin.ClickKeyword.click(ClickKeyword.groovy:75)
	at com.kms.katalon.core.webui.keyword.builtin.ClickKeyword.execute(ClickKeyword.groovy:42)
	at com.kms.katalon.core.keyword.internal.KeywordExecutor.executeKeywordForPlatform(KeywordExecutor.groovy:73)
	at com.kms.katalon.core.webui.keyword.WebUiBuiltInKeywords.click(WebUiBuiltInKeywords.groovy:619)
	at com.kms.katalon.core.webui.keyword.WebUiBuiltInKeywords$click$4.call(Unknown Source)
	at TestCaseReplyMsgInDMs.run(TestCaseReplyMsgInDMs:31)
	at com.kms.katalon.core.main.ScriptEngine.run(ScriptEngine.java:194)
	at com.kms.katalon.core.main.ScriptEngine.runScriptAsRawText(ScriptEngine.java:119)
	at com.kms.katalon.core.main.TestCaseExecutor.runScript(TestCaseExecutor.java:398)
	at com.kms.katalon.core.main.TestCaseExecutor.doExecute(TestCaseExecutor.java:389)
	at com.kms.katalon.core.main.TestCaseExecutor.processExecutionPhase(TestCaseExecutor.java:368)
	at com.kms.katalon.core.main.TestCaseExecutor.accessMainPhase(TestCaseExecutor.java:360)
	at com.kms.katalon.core.main.TestCaseExecutor.execute(TestCaseExecutor.java:255)
	at com.kms.katalon.core.main.TestSuiteExecutor.accessTestCaseMainPhase(TestSuiteExecutor.java:203)
	at com.kms.katalon.core.main.TestSuiteExecutor.accessTestSuiteMainPhase(TestSuiteExecutor.java:152)
	at com.kms.katalon.core.main.TestSuiteExecutor.execute(TestSuiteExecutor.java:95)
	at com.kms.katalon.core.main.TestCaseMain.startTestSuite(TestCaseMain.java:157)
	at com.kms.katalon.core.main.TestCaseMain$startTestSuite$0.call(Unknown Source)
	at TempTestSuite1622198376741.run(TempTestSuite1622198376741.groovy:39)
Caused by: com.kms.katalon.core.webui.exception.WebElementNotFoundException: Web element with id: 'Object Repository/ReplyMsgInDMs/Page_test1 - 123 Mattermost/input_Help_addCommentButton' located by '//input[@id='addCommentButton']' not found
	at com.kms.katalon.core.webui.common.WebUiCommonHelper.findWebElement(WebUiCommonHelper.java:1368)
	at com.kms.katalon.core.webui.keyword.internal.WebUIAbstractKeyword.findWebElement(WebUIAbstractKeyword.groovy:27)
	at com.kms.katalon.core.webui.keyword.internal.WebUIAbstractKeyword.findWebElement(WebUIAbstractKeyword.groovy:26)
	at com.kms.katalon.core.webui.keyword.builtin.ClickKeyword$_click_closure1.doCall(ClickKeyword.groovy:66)
	at com.kms.katalon.core.webui.keyword.builtin.ClickKeyword$_click_closure1.call(ClickKeyword.groovy)
	at com.kms.katalon.core.webui.keyword.internal.WebUIKeywordMain.runKeyword(WebUIKeywordMain.groovy:20)
	at com.kms.katalon.core.webui.keyword.builtin.ClickKeyword.click(ClickKeyword.groovy:75)
	at com.kms.katalon.core.webui.keyword.builtin.ClickKeyword.execute(ClickKeyword.groovy:42)
	at com.kms.katalon.core.keyword.internal.KeywordExecutor.executeKeywordForPlatform(KeywordExecutor.groovy:73)
	at com.kms.katalon.core.webui.keyword.WebUiBuiltInKeywords.click(WebUiBuiltInKeywords.groovy:619)
	at com.kms.katalon.core.webui.keyword.WebUiBuiltInKeywords$click$4.call(Unknown Source)
	at Script1622016814737.run(Script1622016814737.groovy:31)
	... 13 more
)
[[ATTACHMENT|G:\\HCMUS\\Nam4\\HK2\\Deadline\\2\\katalon\\Reports\\20210528_173936\\Run Interation 2\\20210528_173936\\1622199860863.png]]]]></system-out>
         <system-err><![CDATA[2021-05-28 18:01:46 - [TEST_CASE][FAILED] - Test Cases/Main/TestCaseReplyMsgInDMs: Test Cases/Main/TestCaseReplyMsgInDMs FAILED.
Reason:
com.kms.katalon.core.exception.StepFailedException: Unable to click on object 'Object Repository/ReplyMsgInDMs/Page_test1 - 123 Mattermost/input_Help_addCommentButton'
	at com.kms.katalon.core.webui.keyword.internal.WebUIKeywordMain.stepFailed(WebUIKeywordMain.groovy:64)
	at com.kms.katalon.core.webui.keyword.internal.WebUIKeywordMain.runKeyword(WebUIKeywordMain.groovy:26)
	at com.kms.katalon.core.webui.keyword.builtin.ClickKeyword.click(ClickKeyword.groovy:75)
	at com.kms.katalon.core.webui.keyword.builtin.ClickKeyword.execute(ClickKeyword.groovy:42)
	at com.kms.katalon.core.keyword.internal.KeywordExecutor.executeKeywordForPlatform(KeywordExecutor.groovy:73)
	at com.kms.katalon.core.webui.keyword.WebUiBuiltInKeywords.click(WebUiBuiltInKeywords.groovy:619)
	at com.kms.katalon.core.webui.keyword.WebUiBuiltInKeywords$click$4.call(Unknown Source)
	at TestCaseReplyMsgInDMs.run(TestCaseReplyMsgInDMs:31)
	at com.kms.katalon.core.main.ScriptEngine.run(ScriptEngine.java:194)
	at com.kms.katalon.core.main.ScriptEngine.runScriptAsRawText(ScriptEngine.java:119)
	at com.kms.katalon.core.main.TestCaseExecutor.runScript(TestCaseExecutor.java:398)
	at com.kms.katalon.core.main.TestCaseExecutor.doExecute(TestCaseExecutor.java:389)
	at com.kms.katalon.core.main.TestCaseExecutor.processExecutionPhase(TestCaseExecutor.java:368)
	at com.kms.katalon.core.main.TestCaseExecutor.accessMainPhase(TestCaseExecutor.java:360)
	at com.kms.katalon.core.main.TestCaseExecutor.execute(TestCaseExecutor.java:255)
	at com.kms.katalon.core.main.TestSuiteExecutor.accessTestCaseMainPhase(TestSuiteExecutor.java:203)
	at com.kms.katalon.core.main.TestSuiteExecutor.accessTestSuiteMainPhase(TestSuiteExecutor.java:152)
	at com.kms.katalon.core.main.TestSuiteExecutor.execute(TestSuiteExecutor.java:95)
	at com.kms.katalon.core.main.TestCaseMain.startTestSuite(TestCaseMain.java:157)
	at com.kms.katalon.core.main.TestCaseMain$startTestSuite$0.call(Unknown Source)
	at TempTestSuite1622198376741.run(TempTestSuite1622198376741.groovy:39)
Caused by: com.kms.katalon.core.webui.exception.WebElementNotFoundException: Web element with id: 'Object Repository/ReplyMsgInDMs/Page_test1 - 123 Mattermost/input_Help_addCommentButton' located by '//input[@id='addCommentButton']' not found
	at com.kms.katalon.core.webui.common.WebUiCommonHelper.findWebElement(WebUiCommonHelper.java:1368)
	at com.kms.katalon.core.webui.keyword.internal.WebUIAbstractKeyword.findWebElement(WebUIAbstractKeyword.groovy:27)
	at com.kms.katalon.core.webui.keyword.internal.WebUIAbstractKeyword.findWebElement(WebUIAbstractKeyword.groovy:26)
	at com.kms.katalon.core.webui.keyword.builtin.ClickKeyword$_click_closure1.doCall(ClickKeyword.groovy:66)
	at com.kms.katalon.core.webui.keyword.builtin.ClickKeyword$_click_closure1.call(ClickKeyword.groovy)
	at com.kms.katalon.core.webui.keyword.internal.WebUIKeywordMain.runKeyword(WebUIKeywordMain.groovy:20)
	... 19 more]]></system-err>
      </testcase>
      <testcase name="Test Cases/Main/TestCaseSaveMsgInDMs" time="20.434" classname="Test Cases/Main/TestCaseSaveMsgInDMs" status="PASSED">
         <system-out><![CDATA[2021-05-28 18:04:21 - [TEST_CASE][PASSED] - Test Cases/Main/TestCaseSaveMsgInDMs: Test Cases/Main/TestCaseSaveMsgInDMs

2021-05-28 18:04:21 - [TEST_STEP][PASSED] - callTestCase(findTestCase("PreCondition/Login"), [:], STOP_ON_FAILURE): Call Test Case 'Test Cases/PreCondition/Login' successfully

2021-05-28 18:04:21 - [TEST_CASE][PASSED] - Test Cases/PreCondition/Login: Test Cases/PreCondition/Login

2021-05-28 18:04:21 - [TEST_STEP][PASSED] - openBrowser(""): Browser is opened with url: ''

2021-05-28 18:04:21 - [MESSAGE][WARNING] - A browser is already opened. Closing browser and opening a new one

2021-05-28 18:04:22 - [MESSAGE][INFO] - Starting 'Chrome' driver

2021-05-28 18:04:22 - [MESSAGE][INFO] - Action delay is set to 0 milliseconds

2021-05-28 18:04:24 - [MESSAGE][PASSED] - Browser is opened with url: ''

2021-05-28 18:04:24 - [TEST_STEP][PASSED] - navigateToUrl("https://cdnc-group2.herokuapp.com/"): Navigate to 'https://cdnc-group2.herokuapp.com/' successfully

2021-05-28 18:04:28 - [MESSAGE][PASSED] - Navigate to 'https://cdnc-group2.herokuapp.com/' successfully

2021-05-28 18:04:28 - [TEST_STEP][PASSED] - setText(findTestObject("Object Repository/Login/Page_Mattermost/input_All team communication in one place, _dcc84b"), "ngoctin040999@gmail.com"): Text 'ngoctin040999@gmail.com' is set on object 'Object Repository/Login/Page_Mattermost/input_All team communication in one place, _dcc84b'

2021-05-28 18:04:33 - [MESSAGE][PASSED] - Text 'ngoctin040999@gmail.com' is set on object 'Object Repository/Login/Page_Mattermost/input_All team communication in one place, _dcc84b'

2021-05-28 18:04:33 - [TEST_STEP][PASSED] - setEncryptedText(findTestObject("Object Repository/Login/Page_Mattermost/input_All team communication in one place, _a3edc6"), "S8w1SJvl7D1hts9IdMV+NQ=="): Text ****** has been set on object 'Object Repository/Login/Page_Mattermost/input_All team communication in one place, _a3edc6'

2021-05-28 18:04:34 - [MESSAGE][PASSED] - Text ****** has been set on object 'Object Repository/Login/Page_Mattermost/input_All team communication in one place, _a3edc6'

2021-05-28 18:04:34 - [TEST_STEP][PASSED] - click(findTestObject("Object Repository/Login/Page_Mattermost/button_Sign in")): Object: 'Object Repository/Login/Page_Mattermost/button_Sign in' is clicked on

2021-05-28 18:04:34 - [MESSAGE][PASSED] - Object: 'Object Repository/Login/Page_Mattermost/button_Sign in' is clicked on

2021-05-28 18:04:34 - [MESSAGE][PASSED] - Call Test Case 'Test Cases/PreCondition/Login' successfully

2021-05-28 18:04:34 - [TEST_STEP][PASSED] - click(findTestObject("Object Repository/SaveMsgInDMs/Page_Town Square - 123 Mattermost/span_test1")): Object: 'Object Repository/SaveMsgInDMs/Page_Town Square - 123 Mattermost/span_test1' is clicked on

2021-05-28 18:04:38 - [MESSAGE][PASSED] - Object: 'Object Repository/SaveMsgInDMs/Page_Town Square - 123 Mattermost/span_test1' is clicked on

2021-05-28 18:04:38 - [TEST_STEP][PASSED] - pMsg = findTestObject("Object Repository/SaveMsgInDMs/Page_test1 - 123 Mattermost/div_ngoctin02806203 PMedited3(edited)11"): null

2021-05-28 18:04:38 - [TEST_STEP][PASSED] - btnSave = findTestObject("Object Repository/SaveMsgInDMs/Page_test1 - 123 Mattermost/button_ngoctin02806_CENTER_flagIcon_1fktzgahk3rq8cbwgejm8twfpr"): null

2021-05-28 18:04:38 - [TEST_STEP][PASSED] - if (pMsg != null && btnSave != null): Object: 'Object Repository/SaveMsgInDMs/Page_test1 - 123 Mattermost/button_ngoctin02806_CENTER_flagIcon_1fktzgahk3rq8cbwgejm8twfpr' is clicked on

2021-05-28 18:04:38 - [TEST_STEP][PASSED] - mouseOver(pMsg): Object: 'Object Repository/SaveMsgInDMs/Page_test1 - 123 Mattermost/div_ngoctin02806203 PMedited3(edited)11' is hovered

2021-05-28 18:04:40 - [MESSAGE][PASSED] - Object: 'Object Repository/SaveMsgInDMs/Page_test1 - 123 Mattermost/div_ngoctin02806203 PMedited3(edited)11' is hovered

2021-05-28 18:04:40 - [TEST_STEP][PASSED] - click(btnSave): Object: 'Object Repository/SaveMsgInDMs/Page_test1 - 123 Mattermost/button_ngoctin02806_CENTER_flagIcon_1fktzgahk3rq8cbwgejm8twfpr' is clicked on

2021-05-28 18:04:41 - [MESSAGE][PASSED] - Object: 'Object Repository/SaveMsgInDMs/Page_test1 - 123 Mattermost/button_ngoctin02806_CENTER_flagIcon_1fktzgahk3rq8cbwgejm8twfpr' is clicked on]]></system-out>
         <system-err><![CDATA[]]></system-err>
      </testcase>
      <testcase name="Test Cases/ForgetPassword" time="16.514" classname="Test Cases/ForgetPassword" status="PASSED">
         <system-out><![CDATA[2021-05-28 18:04:41 - [TEST_CASE][PASSED] - Test Cases/ForgetPassword: Test Cases/ForgetPassword

2021-05-28 18:04:42 - [TEST_STEP][PASSED] - openBrowser(""): Browser is opened with url: ''

2021-05-28 18:04:42 - [MESSAGE][WARNING] - A browser is already opened. Closing browser and opening a new one

2021-05-28 18:04:42 - [MESSAGE][INFO] - Starting 'Chrome' driver

2021-05-28 18:04:42 - [MESSAGE][INFO] - Action delay is set to 0 milliseconds

2021-05-28 18:04:44 - [MESSAGE][PASSED] - Browser is opened with url: ''

2021-05-28 18:04:44 - [TEST_STEP][PASSED] - navigateToUrl("https://cdnc-group2.herokuapp.com/"): Navigate to 'https://cdnc-group2.herokuapp.com/' successfully

2021-05-28 18:04:48 - [MESSAGE][PASSED] - Navigate to 'https://cdnc-group2.herokuapp.com/' successfully

2021-05-28 18:04:48 - [TEST_STEP][PASSED] - click(findTestObject("Object Repository/ForgetPassword_Mattermost_OR/span_I forgot my password")): Object: 'Object Repository/ForgetPassword_Mattermost_OR/span_I forgot my password' is clicked on

2021-05-28 18:04:54 - [MESSAGE][PASSED] - Object: 'Object Repository/ForgetPassword_Mattermost_OR/span_I forgot my password' is clicked on

2021-05-28 18:04:54 - [TEST_STEP][PASSED] - setText(findTestObject("Object Repository/ForgetPassword_Mattermost_OR/input_To reset your password, enter the email address you used to sign up_email"), "ngoctin040999@gmail.com"): Text 'ngoctin040999@gmail.com' is set on object 'Object Repository/ForgetPassword_Mattermost_OR/input_To reset your password, enter the email address you used to sign up_email'

2021-05-28 18:04:55 - [MESSAGE][PASSED] - Text 'ngoctin040999@gmail.com' is set on object 'Object Repository/ForgetPassword_Mattermost_OR/input_To reset your password, enter the email address you used to sign up_email'

2021-05-28 18:04:55 - [TEST_STEP][PASSED] - click(findTestObject("Object Repository/ForgetPassword_Mattermost_OR/button_Reset my password")): Object: 'Object Repository/ForgetPassword_Mattermost_OR/button_Reset my password' is clicked on

2021-05-28 18:04:55 - [MESSAGE][PASSED] - Object: 'Object Repository/ForgetPassword_Mattermost_OR/button_Reset my password' is clicked on

2021-05-28 18:04:55 - [TEST_STEP][PASSED] - verifyElementPresent(findTestObject("Object Repository/ForgetPassword_Mattermost_OR/label_Failed to send password reset email successfully"), 1000): Object 'Object Repository/ForgetPassword_Mattermost_OR/label_Failed to send password reset email successfully' is present

2021-05-28 18:04:57 - [MESSAGE][PASSED] - Object 'Object Repository/ForgetPassword_Mattermost_OR/label_Failed to send password reset email successfully' is present

2021-05-28 18:04:57 - [TEST_STEP][PASSED] - closeBrowser(): Browser is closed

2021-05-28 18:04:58 - [MESSAGE][PASSED] - Browser is closed]]></system-out>
         <system-err><![CDATA[]]></system-err>
      </testcase>
      <testcase name="Test Cases/ForgetPassword" time="14.95" classname="Test Cases/ForgetPassword" status="PASSED">
         <system-out><![CDATA[2021-05-28 18:04:58 - [TEST_CASE][PASSED] - Test Cases/ForgetPassword: Test Cases/ForgetPassword

2021-05-28 18:04:58 - [TEST_STEP][PASSED] - openBrowser(""): Browser is opened with url: ''

2021-05-28 18:04:58 - [MESSAGE][INFO] - Starting 'Chrome' driver

2021-05-28 18:04:58 - [MESSAGE][INFO] - Action delay is set to 0 milliseconds

2021-05-28 18:04:59 - [MESSAGE][PASSED] - Browser is opened with url: ''

2021-05-28 18:04:59 - [TEST_STEP][PASSED] - navigateToUrl("https://cdnc-group2.herokuapp.com/"): Navigate to 'https://cdnc-group2.herokuapp.com/' successfully

2021-05-28 18:05:03 - [MESSAGE][PASSED] - Navigate to 'https://cdnc-group2.herokuapp.com/' successfully

2021-05-28 18:05:03 - [TEST_STEP][PASSED] - click(findTestObject("Object Repository/ForgetPassword_Mattermost_OR/span_I forgot my password")): Object: 'Object Repository/ForgetPassword_Mattermost_OR/span_I forgot my password' is clicked on

2021-05-28 18:05:09 - [MESSAGE][PASSED] - Object: 'Object Repository/ForgetPassword_Mattermost_OR/span_I forgot my password' is clicked on

2021-05-28 18:05:09 - [TEST_STEP][PASSED] - setText(findTestObject("Object Repository/ForgetPassword_Mattermost_OR/input_To reset your password, enter the email address you used to sign up_email"), "ngoctin040999@gmail.com"): Text 'ngoctin040999@gmail.com' is set on object 'Object Repository/ForgetPassword_Mattermost_OR/input_To reset your password, enter the email address you used to sign up_email'

2021-05-28 18:05:10 - [MESSAGE][PASSED] - Text 'ngoctin040999@gmail.com' is set on object 'Object Repository/ForgetPassword_Mattermost_OR/input_To reset your password, enter the email address you used to sign up_email'

2021-05-28 18:05:10 - [TEST_STEP][PASSED] - click(findTestObject("Object Repository/ForgetPassword_Mattermost_OR/button_Reset my password")): Object: 'Object Repository/ForgetPassword_Mattermost_OR/button_Reset my password' is clicked on

2021-05-28 18:05:10 - [MESSAGE][PASSED] - Object: 'Object Repository/ForgetPassword_Mattermost_OR/button_Reset my password' is clicked on

2021-05-28 18:05:10 - [TEST_STEP][PASSED] - verifyElementPresent(findTestObject("Object Repository/ForgetPassword_Mattermost_OR/label_Failed to send password reset email successfully"), 1000): Object 'Object Repository/ForgetPassword_Mattermost_OR/label_Failed to send password reset email successfully' is present

2021-05-28 18:05:11 - [MESSAGE][PASSED] - Object 'Object Repository/ForgetPassword_Mattermost_OR/label_Failed to send password reset email successfully' is present

2021-05-28 18:05:11 - [TEST_STEP][PASSED] - closeBrowser(): Browser is closed

2021-05-28 18:05:13 - [MESSAGE][PASSED] - Browser is closed]]></system-out>
         <system-err><![CDATA[]]></system-err>
      </testcase>
      <testcase name="Test Cases/ForgetPassword" time="17.719" classname="Test Cases/ForgetPassword" status="PASSED">
         <system-out><![CDATA[2021-05-28 18:05:13 - [TEST_CASE][PASSED] - Test Cases/ForgetPassword: Test Cases/ForgetPassword

2021-05-28 18:05:13 - [TEST_STEP][PASSED] - openBrowser(""): Browser is opened with url: ''

2021-05-28 18:05:13 - [MESSAGE][INFO] - Starting 'Chrome' driver

2021-05-28 18:05:13 - [MESSAGE][INFO] - Action delay is set to 0 milliseconds

2021-05-28 18:05:14 - [MESSAGE][PASSED] - Browser is opened with url: ''

2021-05-28 18:05:14 - [TEST_STEP][PASSED] - navigateToUrl("https://cdnc-group2.herokuapp.com/"): Navigate to 'https://cdnc-group2.herokuapp.com/' successfully

2021-05-28 18:05:19 - [MESSAGE][PASSED] - Navigate to 'https://cdnc-group2.herokuapp.com/' successfully

2021-05-28 18:05:19 - [TEST_STEP][PASSED] - click(findTestObject("Object Repository/ForgetPassword_Mattermost_OR/span_I forgot my password")): Object: 'Object Repository/ForgetPassword_Mattermost_OR/span_I forgot my password' is clicked on

2021-05-28 18:05:27 - [MESSAGE][PASSED] - Object: 'Object Repository/ForgetPassword_Mattermost_OR/span_I forgot my password' is clicked on

2021-05-28 18:05:27 - [TEST_STEP][PASSED] - setText(findTestObject("Object Repository/ForgetPassword_Mattermost_OR/input_To reset your password, enter the email address you used to sign up_email"), "ngoctin040999@gmail.com"): Text 'ngoctin040999@gmail.com' is set on object 'Object Repository/ForgetPassword_Mattermost_OR/input_To reset your password, enter the email address you used to sign up_email'

2021-05-28 18:05:28 - [MESSAGE][PASSED] - Text 'ngoctin040999@gmail.com' is set on object 'Object Repository/ForgetPassword_Mattermost_OR/input_To reset your password, enter the email address you used to sign up_email'

2021-05-28 18:05:28 - [TEST_STEP][PASSED] - click(findTestObject("Object Repository/ForgetPassword_Mattermost_OR/button_Reset my password")): Object: 'Object Repository/ForgetPassword_Mattermost_OR/button_Reset my password' is clicked on

2021-05-28 18:05:28 - [MESSAGE][PASSED] - Object: 'Object Repository/ForgetPassword_Mattermost_OR/button_Reset my password' is clicked on

2021-05-28 18:05:28 - [TEST_STEP][PASSED] - verifyElementPresent(findTestObject("Object Repository/ForgetPassword_Mattermost_OR/label_Failed to send password reset email successfully"), 1000): Object 'Object Repository/ForgetPassword_Mattermost_OR/label_Failed to send password reset email successfully' is present

2021-05-28 18:05:29 - [MESSAGE][PASSED] - Object 'Object Repository/ForgetPassword_Mattermost_OR/label_Failed to send password reset email successfully' is present

2021-05-28 18:05:29 - [TEST_STEP][PASSED] - closeBrowser(): Browser is closed

2021-05-28 18:05:30 - [MESSAGE][PASSED] - Browser is closed]]></system-out>
         <system-err><![CDATA[]]></system-err>
      </testcase>
      <testcase name="Test Cases/ForgetPassword" time="17.177" classname="Test Cases/ForgetPassword" status="PASSED">
         <system-out><![CDATA[2021-05-28 18:05:30 - [TEST_CASE][PASSED] - Test Cases/ForgetPassword: Test Cases/ForgetPassword

2021-05-28 18:05:30 - [TEST_STEP][PASSED] - openBrowser(""): Browser is opened with url: ''

2021-05-28 18:05:30 - [MESSAGE][INFO] - Starting 'Chrome' driver

2021-05-28 18:05:30 - [MESSAGE][INFO] - Action delay is set to 0 milliseconds

2021-05-28 18:05:32 - [MESSAGE][PASSED] - Browser is opened with url: ''

2021-05-28 18:05:32 - [TEST_STEP][PASSED] - navigateToUrl("https://cdnc-group2.herokuapp.com/"): Navigate to 'https://cdnc-group2.herokuapp.com/' successfully

2021-05-28 18:05:38 - [MESSAGE][PASSED] - Navigate to 'https://cdnc-group2.herokuapp.com/' successfully

2021-05-28 18:05:38 - [TEST_STEP][PASSED] - click(findTestObject("Object Repository/ForgetPassword_Mattermost_OR/span_I forgot my password")): Object: 'Object Repository/ForgetPassword_Mattermost_OR/span_I forgot my password' is clicked on

2021-05-28 18:05:43 - [MESSAGE][PASSED] - Object: 'Object Repository/ForgetPassword_Mattermost_OR/span_I forgot my password' is clicked on

2021-05-28 18:05:43 - [TEST_STEP][PASSED] - setText(findTestObject("Object Repository/ForgetPassword_Mattermost_OR/input_To reset your password, enter the email address you used to sign up_email"), "ngoctin040999@gmail.com"): Text 'ngoctin040999@gmail.com' is set on object 'Object Repository/ForgetPassword_Mattermost_OR/input_To reset your password, enter the email address you used to sign up_email'

2021-05-28 18:05:44 - [MESSAGE][PASSED] - Text 'ngoctin040999@gmail.com' is set on object 'Object Repository/ForgetPassword_Mattermost_OR/input_To reset your password, enter the email address you used to sign up_email'

2021-05-28 18:05:44 - [TEST_STEP][PASSED] - click(findTestObject("Object Repository/ForgetPassword_Mattermost_OR/button_Reset my password")): Object: 'Object Repository/ForgetPassword_Mattermost_OR/button_Reset my password' is clicked on

2021-05-28 18:05:45 - [MESSAGE][PASSED] - Object: 'Object Repository/ForgetPassword_Mattermost_OR/button_Reset my password' is clicked on

2021-05-28 18:05:45 - [TEST_STEP][PASSED] - verifyElementPresent(findTestObject("Object Repository/ForgetPassword_Mattermost_OR/label_Failed to send password reset email successfully"), 1000): Object 'Object Repository/ForgetPassword_Mattermost_OR/label_Failed to send password reset email successfully' is present

2021-05-28 18:05:46 - [MESSAGE][PASSED] - Object 'Object Repository/ForgetPassword_Mattermost_OR/label_Failed to send password reset email successfully' is present

2021-05-28 18:05:46 - [TEST_STEP][PASSED] - closeBrowser(): Browser is closed

2021-05-28 18:05:47 - [MESSAGE][PASSED] - Browser is closed]]></system-out>
         <system-err><![CDATA[]]></system-err>
      </testcase>
      <testcase name="Test Cases/ForgetPassword" time="17.939" classname="Test Cases/ForgetPassword" status="PASSED">
         <system-out><![CDATA[2021-05-28 18:05:47 - [TEST_CASE][PASSED] - Test Cases/ForgetPassword: Test Cases/ForgetPassword

2021-05-28 18:05:47 - [TEST_STEP][PASSED] - openBrowser(""): Browser is opened with url: ''

2021-05-28 18:05:47 - [MESSAGE][INFO] - Starting 'Chrome' driver

2021-05-28 18:05:47 - [MESSAGE][INFO] - Action delay is set to 0 milliseconds

2021-05-28 18:05:49 - [MESSAGE][PASSED] - Browser is opened with url: ''

2021-05-28 18:05:49 - [TEST_STEP][PASSED] - navigateToUrl("https://cdnc-group2.herokuapp.com/"): Navigate to 'https://cdnc-group2.herokuapp.com/' successfully

2021-05-28 18:05:57 - [MESSAGE][PASSED] - Navigate to 'https://cdnc-group2.herokuapp.com/' successfully

2021-05-28 18:05:57 - [TEST_STEP][PASSED] - click(findTestObject("Object Repository/ForgetPassword_Mattermost_OR/span_I forgot my password")): Object: 'Object Repository/ForgetPassword_Mattermost_OR/span_I forgot my password' is clicked on

2021-05-28 18:06:02 - [MESSAGE][PASSED] - Object: 'Object Repository/ForgetPassword_Mattermost_OR/span_I forgot my password' is clicked on

2021-05-28 18:06:02 - [TEST_STEP][PASSED] - setText(findTestObject("Object Repository/ForgetPassword_Mattermost_OR/input_To reset your password, enter the email address you used to sign up_email"), "ngoctin040999@gmail.com"): Text 'ngoctin040999@gmail.com' is set on object 'Object Repository/ForgetPassword_Mattermost_OR/input_To reset your password, enter the email address you used to sign up_email'

2021-05-28 18:06:03 - [MESSAGE][PASSED] - Text 'ngoctin040999@gmail.com' is set on object 'Object Repository/ForgetPassword_Mattermost_OR/input_To reset your password, enter the email address you used to sign up_email'

2021-05-28 18:06:03 - [TEST_STEP][PASSED] - click(findTestObject("Object Repository/ForgetPassword_Mattermost_OR/button_Reset my password")): Object: 'Object Repository/ForgetPassword_Mattermost_OR/button_Reset my password' is clicked on

2021-05-28 18:06:03 - [MESSAGE][PASSED] - Object: 'Object Repository/ForgetPassword_Mattermost_OR/button_Reset my password' is clicked on

2021-05-28 18:06:03 - [TEST_STEP][PASSED] - verifyElementPresent(findTestObject("Object Repository/ForgetPassword_Mattermost_OR/label_Failed to send password reset email successfully"), 1000): Object 'Object Repository/ForgetPassword_Mattermost_OR/label_Failed to send password reset email successfully' is present

2021-05-28 18:06:05 - [MESSAGE][PASSED] - Object 'Object Repository/ForgetPassword_Mattermost_OR/label_Failed to send password reset email successfully' is present

2021-05-28 18:06:05 - [TEST_STEP][PASSED] - closeBrowser(): Browser is closed

2021-05-28 18:06:05 - [MESSAGE][PASSED] - Browser is closed]]></system-out>
         <system-err><![CDATA[]]></system-err>
      </testcase>
      <testcase name="Test Cases/ForgetPassword" time="14.784" classname="Test Cases/ForgetPassword" status="PASSED">
         <system-out><![CDATA[2021-05-28 18:06:05 - [TEST_CASE][PASSED] - Test Cases/ForgetPassword: Test Cases/ForgetPassword

2021-05-28 18:06:05 - [TEST_STEP][PASSED] - openBrowser(""): Browser is opened with url: ''

2021-05-28 18:06:05 - [MESSAGE][INFO] - Starting 'Chrome' driver

2021-05-28 18:06:05 - [MESSAGE][INFO] - Action delay is set to 0 milliseconds

2021-05-28 18:06:07 - [MESSAGE][PASSED] - Browser is opened with url: ''

2021-05-28 18:06:07 - [TEST_STEP][PASSED] - navigateToUrl("https://cdnc-group2.herokuapp.com/"): Navigate to 'https://cdnc-group2.herokuapp.com/' successfully

2021-05-28 18:06:12 - [MESSAGE][PASSED] - Navigate to 'https://cdnc-group2.herokuapp.com/' successfully

2021-05-28 18:06:12 - [TEST_STEP][PASSED] - click(findTestObject("Object Repository/ForgetPassword_Mattermost_OR/span_I forgot my password")): Object: 'Object Repository/ForgetPassword_Mattermost_OR/span_I forgot my password' is clicked on

2021-05-28 18:06:17 - [MESSAGE][PASSED] - Object: 'Object Repository/ForgetPassword_Mattermost_OR/span_I forgot my password' is clicked on

2021-05-28 18:06:17 - [TEST_STEP][PASSED] - setText(findTestObject("Object Repository/ForgetPassword_Mattermost_OR/input_To reset your password, enter the email address you used to sign up_email"), "ngoctin040999@gmail.com"): Text 'ngoctin040999@gmail.com' is set on object 'Object Repository/ForgetPassword_Mattermost_OR/input_To reset your password, enter the email address you used to sign up_email'

2021-05-28 18:06:18 - [MESSAGE][PASSED] - Text 'ngoctin040999@gmail.com' is set on object 'Object Repository/ForgetPassword_Mattermost_OR/input_To reset your password, enter the email address you used to sign up_email'

2021-05-28 18:06:18 - [TEST_STEP][PASSED] - click(findTestObject("Object Repository/ForgetPassword_Mattermost_OR/button_Reset my password")): Object: 'Object Repository/ForgetPassword_Mattermost_OR/button_Reset my password' is clicked on

2021-05-28 18:06:19 - [MESSAGE][PASSED] - Object: 'Object Repository/ForgetPassword_Mattermost_OR/button_Reset my password' is clicked on

2021-05-28 18:06:19 - [TEST_STEP][PASSED] - verifyElementPresent(findTestObject("Object Repository/ForgetPassword_Mattermost_OR/label_Failed to send password reset email successfully"), 1000): Object 'Object Repository/ForgetPassword_Mattermost_OR/label_Failed to send password reset email successfully' is present

2021-05-28 18:06:19 - [MESSAGE][PASSED] - Object 'Object Repository/ForgetPassword_Mattermost_OR/label_Failed to send password reset email successfully' is present

2021-05-28 18:06:19 - [TEST_STEP][PASSED] - closeBrowser(): Browser is closed

2021-05-28 18:06:20 - [MESSAGE][PASSED] - Browser is closed]]></system-out>
         <system-err><![CDATA[]]></system-err>
      </testcase>
      <system-out><![CDATA[2021-05-28 17:39:54 - [TEST_SUITE][FAILED] - Run Interation 2: Test Cases/Chat FAILED.
Reason:
com.kms.katalon.core.exception.StepFailedException: Unable to click on object 'Object Repository/Chat_Mattermose_OR/Page_Town Square - TOKEN Mattermost/span_Test 77777'
	at com.kms.katalon.core.webui.keyword.internal.WebUIKeywordMain.stepFailed(WebUIKeywordMain.groovy:64)
	at com.kms.katalon.core.webui.keyword.internal.WebUIKeywordMain.runKeyword(WebUIKeywordMain.groovy:26)
	at com.kms.katalon.core.webui.keyword.builtin.ClickKeyword.click(ClickKeyword.groovy:75)
	at com.kms.katalon.core.webui.keyword.builtin.ClickKeyword.execute(ClickKeyword.groovy:42)
	at com.kms.katalon.core.keyword.internal.KeywordExecutor.executeKeywordForPlatform(KeywordExecutor.groovy:73)
	at com.kms.katalon.core.webui.keyword.WebUiBuiltInKeywords.click(WebUiBuiltInKeywords.groovy:619)
	at com.kms.katalon.core.webui.keyword.WebUiBuiltInKeywords$click$4.call(Unknown Source)
	at Chat.run(Chat:33)
	at com.kms.katalon.core.main.ScriptEngine.run(ScriptEngine.java:194)
	at com.kms.katalon.core.main.ScriptEngine.runScriptAsRawText(ScriptEngine.java:119)
	at com.kms.katalon.core.main.TestCaseExecutor.runScript(TestCaseExecutor.java:398)
	at com.kms.katalon.core.main.TestCaseExecutor.doExecute(TestCaseExecutor.java:389)
	at com.kms.katalon.core.main.TestCaseExecutor.processExecutionPhase(TestCaseExecutor.java:368)
	at com.kms.katalon.core.main.TestCaseExecutor.accessMainPhase(TestCaseExecutor.java:360)
	at com.kms.katalon.core.main.TestCaseExecutor.execute(TestCaseExecutor.java:255)
	at com.kms.katalon.core.main.TestSuiteExecutor.accessTestCaseMainPhase(TestSuiteExecutor.java:203)
	at com.kms.katalon.core.main.TestSuiteExecutor.accessTestSuiteMainPhase(TestSuiteExecutor.java:152)
	at com.kms.katalon.core.main.TestSuiteExecutor.execute(TestSuiteExecutor.java:95)
	at com.kms.katalon.core.main.TestCaseMain.startTestSuite(TestCaseMain.java:157)
	at com.kms.katalon.core.main.TestCaseMain$startTestSuite$0.call(Unknown Source)
	at TempTestSuite1622198376741.run(TempTestSuite1622198376741.groovy:39)
Caused by: com.kms.katalon.core.webui.exception.WebElementNotFoundException: Web element with id: 'Object Repository/Chat_Mattermose_OR/Page_Town Square - TOKEN Mattermost/span_Test 77777' located by '//a[@id='sidebarItem_test-77777']/span[2]/span' not found
	at com.kms.katalon.core.webui.common.WebUiCommonHelper.findWebElement(WebUiCommonHelper.java:1368)
	at com.kms.katalon.core.webui.keyword.internal.WebUIAbstractKeyword.findWebElement(WebUIAbstractKeyword.groovy:27)
	at com.kms.katalon.core.webui.keyword.internal.WebUIAbstractKeyword.findWebElement(WebUIAbstractKeyword.groovy:26)
	at com.kms.katalon.core.webui.keyword.builtin.ClickKeyword$_click_closure1.doCall(ClickKeyword.groovy:66)
	at com.kms.katalon.core.webui.keyword.builtin.ClickKeyword$_click_closure1.call(ClickKeyword.groovy)
	at com.kms.katalon.core.webui.keyword.internal.WebUIKeywordMain.runKeyword(WebUIKeywordMain.groovy:20)
	... 19 more]]></system-out>
      <system-err><![CDATA[2021-05-28 17:39:54 - [TEST_SUITE][FAILED] - Run Interation 2: Test Cases/Chat FAILED.
Reason:
com.kms.katalon.core.exception.StepFailedException: Unable to click on object 'Object Repository/Chat_Mattermose_OR/Page_Town Square - TOKEN Mattermost/span_Test 77777'
	at com.kms.katalon.core.webui.keyword.internal.WebUIKeywordMain.stepFailed(WebUIKeywordMain.groovy:64)
	at com.kms.katalon.core.webui.keyword.internal.WebUIKeywordMain.runKeyword(WebUIKeywordMain.groovy:26)
	at com.kms.katalon.core.webui.keyword.builtin.ClickKeyword.click(ClickKeyword.groovy:75)
	at com.kms.katalon.core.webui.keyword.builtin.ClickKeyword.execute(ClickKeyword.groovy:42)
	at com.kms.katalon.core.keyword.internal.KeywordExecutor.executeKeywordForPlatform(KeywordExecutor.groovy:73)
	at com.kms.katalon.core.webui.keyword.WebUiBuiltInKeywords.click(WebUiBuiltInKeywords.groovy:619)
	at com.kms.katalon.core.webui.keyword.WebUiBuiltInKeywords$click$4.call(Unknown Source)
	at Chat.run(Chat:33)
	at com.kms.katalon.core.main.ScriptEngine.run(ScriptEngine.java:194)
	at com.kms.katalon.core.main.ScriptEngine.runScriptAsRawText(ScriptEngine.java:119)
	at com.kms.katalon.core.main.TestCaseExecutor.runScript(TestCaseExecutor.java:398)
	at com.kms.katalon.core.main.TestCaseExecutor.doExecute(TestCaseExecutor.java:389)
	at com.kms.katalon.core.main.TestCaseExecutor.processExecutionPhase(TestCaseExecutor.java:368)
	at com.kms.katalon.core.main.TestCaseExecutor.accessMainPhase(TestCaseExecutor.java:360)
	at com.kms.katalon.core.main.TestCaseExecutor.execute(TestCaseExecutor.java:255)
	at com.kms.katalon.core.main.TestSuiteExecutor.accessTestCaseMainPhase(TestSuiteExecutor.java:203)
	at com.kms.katalon.core.main.TestSuiteExecutor.accessTestSuiteMainPhase(TestSuiteExecutor.java:152)
	at com.kms.katalon.core.main.TestSuiteExecutor.execute(TestSuiteExecutor.java:95)
	at com.kms.katalon.core.main.TestCaseMain.startTestSuite(TestCaseMain.java:157)
	at com.kms.katalon.core.main.TestCaseMain$startTestSuite$0.call(Unknown Source)
	at TempTestSuite1622198376741.run(TempTestSuite1622198376741.groovy:39)
Caused by: com.kms.katalon.core.webui.exception.WebElementNotFoundException: Web element with id: 'Object Repository/Chat_Mattermose_OR/Page_Town Square - TOKEN Mattermost/span_Test 77777' located by '//a[@id='sidebarItem_test-77777']/span[2]/span' not found
	at com.kms.katalon.core.webui.common.WebUiCommonHelper.findWebElement(WebUiCommonHelper.java:1368)
	at com.kms.katalon.core.webui.keyword.internal.WebUIAbstractKeyword.findWebElement(WebUIAbstractKeyword.groovy:27)
	at com.kms.katalon.core.webui.keyword.internal.WebUIAbstractKeyword.findWebElement(WebUIAbstractKeyword.groovy:26)
	at com.kms.katalon.core.webui.keyword.builtin.ClickKeyword$_click_closure1.doCall(ClickKeyword.groovy:66)
	at com.kms.katalon.core.webui.keyword.builtin.ClickKeyword$_click_closure1.call(ClickKeyword.groovy)
	at com.kms.katalon.core.webui.keyword.internal.WebUIKeywordMain.runKeyword(WebUIKeywordMain.groovy:20)
	... 19 more]]></system-err>
   </testsuite>
</testsuites>
