<?xml version="1.0" encoding="UTF-8"?>
<testsuites name="Run all test cases" time="2274.048" tests="61" failures="5" errors="1">
   <testsuite name="Run all test cases" tests="61" failures="5" errors="1" time="2274.048" skipped="0" timestamp="2021-05-28 20:40:46" hostname="DELL - DESKTOP-4EMC2JH" id="Test Suites/Run all test cases">
      <properties>
         <property name="deviceName" value=""/>
         <property name="devicePlatform" value=""/>
         <property name="logFolder" value="G:\\HCMUS\\Nam4\\HK2\\Deadline\\2\\katalon\\Reports\\20210528_204011\\Run all test cases\\20210528_204011"/>
         <property name="logFiles" value="G:\\HCMUS\\Nam4\\HK2\\Deadline\\2\\katalon\\Reports\\20210528_204011\\Run all test cases\\20210528_204011\\execution0.log"/>
         <property name="attachments" value="G:\\HCMUS\\Nam4\\HK2\\Deadline\\2\\katalon\\Reports\\20210528_204011\\Run all test cases\\20210528_204011\\1622209562099.png, G:\\HCMUS\\Nam4\\HK2\\Deadline\\2\\katalon\\Reports\\20210528_204011\\Run all test cases\\20210528_204011\\1622210025787.png, G:\\HCMUS\\Nam4\\HK2\\Deadline\\2\\katalon\\Reports\\20210528_204011\\Run all test cases\\20210528_204011\\1622210835670.png, G:\\HCMUS\\Nam4\\HK2\\Deadline\\2\\katalon\\Reports\\20210528_204011\\Run all test cases\\20210528_204011\\1622210835893.png, G:\\HCMUS\\Nam4\\HK2\\Deadline\\2\\katalon\\Reports\\20210528_204011\\Run all test cases\\20210528_204011\\1622211082006.png, G:\\HCMUS\\Nam4\\HK2\\Deadline\\2\\katalon\\Reports\\20210528_204011\\Run all test cases\\20210528_204011\\1622211405601.png"/>
         <property name="hostName" value="DELL - DESKTOP-4EMC2JH"/>
         <property name="os" value="Windows 10 64bit"/>
         <property name="katalonVersion" value="8.0.0.208"/>
         <property name="browser" value="Chrome 90.0.4430.212"/>
         <property name="hostAddress" value="172.17.183.241"/>
         <property name="sessionId" value="c6459e418ce1a98e8dfba0f2ec8b29c2"/>
         <property name="seleniumVersion" value="3.141.59"/>
         <property name="proxyInformation" value="ProxyInformation { proxyOption=NO_PROXY, proxyServerType=HTTP, username=, password=********, proxyServerAddress=, proxyServerPort=0, executionList=&quot;&quot;, isApplyToDesiredCapabilities=true }"/>
         <property name="platform" value="Windows 10"/>
      </properties>
      <testcase name="Test Cases/Chat" time="133.18" classname="Test Cases/Chat" status="PASSED">
         <system-out><![CDATA[2021-05-28 20:40:49 - [TEST_CASE][PASSED] - Test Cases/Chat: Test Cases/Chat

2021-05-28 20:40:51 - [TEST_STEP][PASSED] - openBrowser(""): Browser is opened with url: ''

2021-05-28 20:40:52 - [MESSAGE][INFO] - Starting 'Chrome' driver

2021-05-28 20:40:52 - [MESSAGE][INFO] - Action delay is set to 0 milliseconds

2021-05-28 20:40:57 - [MESSAGE][PASSED] - Browser is opened with url: ''

2021-05-28 20:40:57 - [TEST_STEP][PASSED] - navigateToUrl("https://cdnc-group2.herokuapp.com/"): Navigate to 'https://cdnc-group2.herokuapp.com/' successfully

2021-05-28 20:41:04 - [MESSAGE][PASSED] - Navigate to 'https://cdnc-group2.herokuapp.com/' successfully

2021-05-28 20:41:04 - [TEST_STEP][PASSED] - setText(findTestObject("Object Repository/Chat_Mattermose_OR/Page_Mattermost/input_All team communication in one place, _dcc84b"), "ngoctin040999@gmail.com"): Text 'ngoctin040999@gmail.com' is set on object 'Object Repository/Chat_Mattermose_OR/Page_Mattermost/input_All team communication in one place, _dcc84b'

2021-05-28 20:41:10 - [MESSAGE][PASSED] - Text 'ngoctin040999@gmail.com' is set on object 'Object Repository/Chat_Mattermose_OR/Page_Mattermost/input_All team communication in one place, _dcc84b'

2021-05-28 20:41:10 - [TEST_STEP][PASSED] - setEncryptedText(findTestObject("Object Repository/Chat_Mattermose_OR/Page_Mattermost/input_All team communication in one place, _a3edc6"), "S8w1SJvl7D1hts9IdMV+NQ=="): Text ****** has been set on object 'Object Repository/Chat_Mattermose_OR/Page_Mattermost/input_All team communication in one place, _a3edc6'

2021-05-28 20:41:11 - [MESSAGE][PASSED] - Text ****** has been set on object 'Object Repository/Chat_Mattermose_OR/Page_Mattermost/input_All team communication in one place, _a3edc6'

2021-05-28 20:41:11 - [TEST_STEP][PASSED] - sendKeys(findTestObject("Object Repository/Chat_Mattermose_OR/Page_Mattermost/input_All team communication in one place, _a3edc6"), Keys.chord(ENTER)): Keys 'ENTER + ' sent to object: 'Object Repository/Chat_Mattermose_OR/Page_Mattermost/input_All team communication in one place, _a3edc6'

2021-05-28 20:41:11 - [MESSAGE][PASSED] - Keys 'ENTER + ' sent to object: 'Object Repository/Chat_Mattermose_OR/Page_Mattermost/input_All team communication in one place, _a3edc6'

2021-05-28 20:41:11 - [TEST_STEP][PASSED] - click(findTestObject("Object Repository/Chat_Mattermose_OR/Page_Town Square - TOKEN Mattermost/span_Test 77777")): Object: 'Object Repository/Chat_Mattermose_OR/Page_Town Square - TOKEN Mattermost/span_Test 77777' is clicked on

2021-05-28 20:41:42 - [MESSAGE][INFO] - Unable to find the element located by 'By.xpath: //a[@id='sidebarItem_test-77777']/span[2]/span'. Please recheck the objects properties to make sure the desired element is located. 

2021-05-28 20:41:42 - [MESSAGE][WARNING] - [SELF-HEALING] Failed to find element with id 'Object Repository/Chat_Mattermose_OR/Page_Town Square - TOKEN Mattermost/span_Test 77777'. Try using Self-healing.

2021-05-28 20:41:43 - [MESSAGE][WARNING] - [SELF-HEALING] The current locator of test object 'Object Repository/Chat_Mattermose_OR/Page_Town Square - TOKEN Mattermost/span_Test 77777' was broken. Propose an alternative one: '(.//*[normalize-space(text()) and normalize-space(.)='Test 111223'])[1]/preceding::span[2]'.

2021-05-28 20:41:43 - [MESSAGE][PASSED] - Object: 'Object Repository/Chat_Mattermose_OR/Page_Town Square - TOKEN Mattermost/span_Test 77777' is clicked on

2021-05-28 20:41:43 - [TEST_STEP][PASSED] - data = chatMessagePackage.ChatMessageDataTest.findChatTestMessage("DataTest\ChatMessageDataTest.csv"): chatMessagePackage.ChatMessageDataTest.findChatTestMessage is PASSED

2021-05-28 20:41:43 - [MESSAGE][PASSED] - chatMessagePackage.ChatMessageDataTest.findChatTestMessage is PASSED

2021-05-28 20:41:43 - [TEST_STEP][PASSED] - for ([rowNum = 0, rowNum < data.size(), (rowNum++)]): Keys 'ENTER + ' sent to object: 'Object Repository/Chat_Mattermose_OR/Page_Test 77777 - TOKEN Mattermost/textarea_1'

2021-05-28 20:41:43 - [TEST_STEP][PASSED] - setText(findTestObject("Object Repository/Chat_Mattermose_OR/Page_Test 77777 - TOKEN Mattermost/textarea_1"), data.get(rowNum)): Text 'Message' is set on object 'Object Repository/Chat_Mattermose_OR/Page_Test 77777 - TOKEN Mattermost/textarea_1'

2021-05-28 20:41:45 - [MESSAGE][PASSED] - Text 'Message' is set on object 'Object Repository/Chat_Mattermose_OR/Page_Test 77777 - TOKEN Mattermost/textarea_1'

2021-05-28 20:41:45 - [TEST_STEP][PASSED] - sendKeys(findTestObject("Object Repository/Chat_Mattermose_OR/Page_Test 77777 - TOKEN Mattermost/textarea_1"), Keys.chord(ENTER)): Keys 'ENTER + ' sent to object: 'Object Repository/Chat_Mattermose_OR/Page_Test 77777 - TOKEN Mattermost/textarea_1'

2021-05-28 20:41:46 - [MESSAGE][PASSED] - Keys 'ENTER + ' sent to object: 'Object Repository/Chat_Mattermose_OR/Page_Test 77777 - TOKEN Mattermost/textarea_1'

2021-05-28 20:41:46 - [TEST_STEP][PASSED] - setText(findTestObject("Object Repository/Chat_Mattermose_OR/Page_Test 77777 - TOKEN Mattermost/textarea_1"), data.get(rowNum)): Text 'Test message 1' is set on object 'Object Repository/Chat_Mattermose_OR/Page_Test 77777 - TOKEN Mattermost/textarea_1'

2021-05-28 20:41:47 - [MESSAGE][PASSED] - Text 'Test message 1' is set on object 'Object Repository/Chat_Mattermose_OR/Page_Test 77777 - TOKEN Mattermost/textarea_1'

2021-05-28 20:41:47 - [TEST_STEP][PASSED] - sendKeys(findTestObject("Object Repository/Chat_Mattermose_OR/Page_Test 77777 - TOKEN Mattermost/textarea_1"), Keys.chord(ENTER)): Keys 'ENTER + ' sent to object: 'Object Repository/Chat_Mattermose_OR/Page_Test 77777 - TOKEN Mattermost/textarea_1'

2021-05-28 20:41:48 - [MESSAGE][PASSED] - Keys 'ENTER + ' sent to object: 'Object Repository/Chat_Mattermose_OR/Page_Test 77777 - TOKEN Mattermost/textarea_1'

2021-05-28 20:41:48 - [TEST_STEP][PASSED] - setText(findTestObject("Object Repository/Chat_Mattermose_OR/Page_Test 77777 - TOKEN Mattermost/textarea_1"), data.get(rowNum)): Text 'Test message 2' is set on object 'Object Repository/Chat_Mattermose_OR/Page_Test 77777 - TOKEN Mattermost/textarea_1'

2021-05-28 20:41:49 - [MESSAGE][PASSED] - Text 'Test message 2' is set on object 'Object Repository/Chat_Mattermose_OR/Page_Test 77777 - TOKEN Mattermost/textarea_1'

2021-05-28 20:41:49 - [TEST_STEP][PASSED] - sendKeys(findTestObject("Object Repository/Chat_Mattermose_OR/Page_Test 77777 - TOKEN Mattermost/textarea_1"), Keys.chord(ENTER)): Keys 'ENTER + ' sent to object: 'Object Repository/Chat_Mattermose_OR/Page_Test 77777 - TOKEN Mattermost/textarea_1'

2021-05-28 20:41:50 - [MESSAGE][PASSED] - Keys 'ENTER + ' sent to object: 'Object Repository/Chat_Mattermose_OR/Page_Test 77777 - TOKEN Mattermost/textarea_1'

2021-05-28 20:41:50 - [TEST_STEP][PASSED] - setText(findTestObject("Object Repository/Chat_Mattermose_OR/Page_Test 77777 - TOKEN Mattermost/textarea_1"), data.get(rowNum)): Text 'Test message 3' is set on object 'Object Repository/Chat_Mattermose_OR/Page_Test 77777 - TOKEN Mattermost/textarea_1'

2021-05-28 20:41:51 - [MESSAGE][PASSED] - Text 'Test message 3' is set on object 'Object Repository/Chat_Mattermose_OR/Page_Test 77777 - TOKEN Mattermost/textarea_1'

2021-05-28 20:41:51 - [TEST_STEP][PASSED] - sendKeys(findTestObject("Object Repository/Chat_Mattermose_OR/Page_Test 77777 - TOKEN Mattermost/textarea_1"), Keys.chord(ENTER)): Keys 'ENTER + ' sent to object: 'Object Repository/Chat_Mattermose_OR/Page_Test 77777 - TOKEN Mattermost/textarea_1'

2021-05-28 20:41:52 - [MESSAGE][PASSED] - Keys 'ENTER + ' sent to object: 'Object Repository/Chat_Mattermose_OR/Page_Test 77777 - TOKEN Mattermost/textarea_1'

2021-05-28 20:41:52 - [TEST_STEP][PASSED] - setText(findTestObject("Object Repository/Chat_Mattermose_OR/Page_Test 77777 - TOKEN Mattermost/textarea_1"), data.get(rowNum)): Text 'Test message 4' is set on object 'Object Repository/Chat_Mattermose_OR/Page_Test 77777 - TOKEN Mattermost/textarea_1'

2021-05-28 20:41:53 - [MESSAGE][PASSED] - Text 'Test message 4' is set on object 'Object Repository/Chat_Mattermose_OR/Page_Test 77777 - TOKEN Mattermost/textarea_1'

2021-05-28 20:41:53 - [TEST_STEP][PASSED] - sendKeys(findTestObject("Object Repository/Chat_Mattermose_OR/Page_Test 77777 - TOKEN Mattermost/textarea_1"), Keys.chord(ENTER)): Keys 'ENTER + ' sent to object: 'Object Repository/Chat_Mattermose_OR/Page_Test 77777 - TOKEN Mattermost/textarea_1'

2021-05-28 20:41:54 - [MESSAGE][PASSED] - Keys 'ENTER + ' sent to object: 'Object Repository/Chat_Mattermose_OR/Page_Test 77777 - TOKEN Mattermost/textarea_1'

2021-05-28 20:41:54 - [TEST_STEP][PASSED] - setText(findTestObject("Object Repository/Chat_Mattermose_OR/Page_Test 77777 - TOKEN Mattermost/textarea_1"), data.get(rowNum)): Text 'Test message 5' is set on object 'Object Repository/Chat_Mattermose_OR/Page_Test 77777 - TOKEN Mattermost/textarea_1'

2021-05-28 20:41:55 - [MESSAGE][PASSED] - Text 'Test message 5' is set on object 'Object Repository/Chat_Mattermose_OR/Page_Test 77777 - TOKEN Mattermost/textarea_1'

2021-05-28 20:41:55 - [TEST_STEP][PASSED] - sendKeys(findTestObject("Object Repository/Chat_Mattermose_OR/Page_Test 77777 - TOKEN Mattermost/textarea_1"), Keys.chord(ENTER)): Keys 'ENTER + ' sent to object: 'Object Repository/Chat_Mattermose_OR/Page_Test 77777 - TOKEN Mattermost/textarea_1'

2021-05-28 20:41:56 - [MESSAGE][PASSED] - Keys 'ENTER + ' sent to object: 'Object Repository/Chat_Mattermose_OR/Page_Test 77777 - TOKEN Mattermost/textarea_1'

2021-05-28 20:41:56 - [TEST_STEP][PASSED] - setText(findTestObject("Object Repository/Chat_Mattermose_OR/Page_Test 77777 - TOKEN Mattermost/textarea_1"), data.get(rowNum)): Text 'Test message 6' is set on object 'Object Repository/Chat_Mattermose_OR/Page_Test 77777 - TOKEN Mattermost/textarea_1'

2021-05-28 20:41:57 - [MESSAGE][PASSED] - Text 'Test message 6' is set on object 'Object Repository/Chat_Mattermose_OR/Page_Test 77777 - TOKEN Mattermost/textarea_1'

2021-05-28 20:41:57 - [TEST_STEP][PASSED] - sendKeys(findTestObject("Object Repository/Chat_Mattermose_OR/Page_Test 77777 - TOKEN Mattermost/textarea_1"), Keys.chord(ENTER)): Keys 'ENTER + ' sent to object: 'Object Repository/Chat_Mattermose_OR/Page_Test 77777 - TOKEN Mattermost/textarea_1'

2021-05-28 20:41:58 - [MESSAGE][PASSED] - Keys 'ENTER + ' sent to object: 'Object Repository/Chat_Mattermose_OR/Page_Test 77777 - TOKEN Mattermost/textarea_1'

2021-05-28 20:41:58 - [TEST_STEP][PASSED] - setText(findTestObject("Object Repository/Chat_Mattermose_OR/Page_Test 77777 - TOKEN Mattermost/textarea_1"), data.get(rowNum)): Text 'Test message 7' is set on object 'Object Repository/Chat_Mattermose_OR/Page_Test 77777 - TOKEN Mattermost/textarea_1'

2021-05-28 20:42:00 - [MESSAGE][PASSED] - Text 'Test message 7' is set on object 'Object Repository/Chat_Mattermose_OR/Page_Test 77777 - TOKEN Mattermost/textarea_1'

2021-05-28 20:42:00 - [TEST_STEP][PASSED] - sendKeys(findTestObject("Object Repository/Chat_Mattermose_OR/Page_Test 77777 - TOKEN Mattermost/textarea_1"), Keys.chord(ENTER)): Keys 'ENTER + ' sent to object: 'Object Repository/Chat_Mattermose_OR/Page_Test 77777 - TOKEN Mattermost/textarea_1'

2021-05-28 20:42:00 - [MESSAGE][PASSED] - Keys 'ENTER + ' sent to object: 'Object Repository/Chat_Mattermose_OR/Page_Test 77777 - TOKEN Mattermost/textarea_1'

2021-05-28 20:42:00 - [TEST_STEP][PASSED] - setText(findTestObject("Object Repository/Chat_Mattermose_OR/Page_Test 77777 - TOKEN Mattermost/textarea_1"), data.get(rowNum)): Text 'Test message 8' is set on object 'Object Repository/Chat_Mattermose_OR/Page_Test 77777 - TOKEN Mattermost/textarea_1'

2021-05-28 20:42:03 - [MESSAGE][PASSED] - Text 'Test message 8' is set on object 'Object Repository/Chat_Mattermose_OR/Page_Test 77777 - TOKEN Mattermost/textarea_1'

2021-05-28 20:42:03 - [TEST_STEP][PASSED] - sendKeys(findTestObject("Object Repository/Chat_Mattermose_OR/Page_Test 77777 - TOKEN Mattermost/textarea_1"), Keys.chord(ENTER)): Keys 'ENTER + ' sent to object: 'Object Repository/Chat_Mattermose_OR/Page_Test 77777 - TOKEN Mattermost/textarea_1'

2021-05-28 20:42:05 - [MESSAGE][PASSED] - Keys 'ENTER + ' sent to object: 'Object Repository/Chat_Mattermose_OR/Page_Test 77777 - TOKEN Mattermost/textarea_1'

2021-05-28 20:42:05 - [TEST_STEP][PASSED] - setText(findTestObject("Object Repository/Chat_Mattermose_OR/Page_Test 77777 - TOKEN Mattermost/textarea_1"), data.get(rowNum)): Text 'Test message 9' is set on object 'Object Repository/Chat_Mattermose_OR/Page_Test 77777 - TOKEN Mattermost/textarea_1'

2021-05-28 20:42:06 - [MESSAGE][PASSED] - Text 'Test message 9' is set on object 'Object Repository/Chat_Mattermose_OR/Page_Test 77777 - TOKEN Mattermost/textarea_1'

2021-05-28 20:42:06 - [TEST_STEP][PASSED] - sendKeys(findTestObject("Object Repository/Chat_Mattermose_OR/Page_Test 77777 - TOKEN Mattermost/textarea_1"), Keys.chord(ENTER)): Keys 'ENTER + ' sent to object: 'Object Repository/Chat_Mattermose_OR/Page_Test 77777 - TOKEN Mattermost/textarea_1'

2021-05-28 20:42:07 - [MESSAGE][PASSED] - Keys 'ENTER + ' sent to object: 'Object Repository/Chat_Mattermose_OR/Page_Test 77777 - TOKEN Mattermost/textarea_1'

2021-05-28 20:42:07 - [TEST_STEP][PASSED] - setText(findTestObject("Object Repository/Chat_Mattermose_OR/Page_Test 77777 - TOKEN Mattermost/textarea_1"), data.get(rowNum)): Text 'Test message 10' is set on object 'Object Repository/Chat_Mattermose_OR/Page_Test 77777 - TOKEN Mattermost/textarea_1'

2021-05-28 20:42:09 - [MESSAGE][PASSED] - Text 'Test message 10' is set on object 'Object Repository/Chat_Mattermose_OR/Page_Test 77777 - TOKEN Mattermost/textarea_1'

2021-05-28 20:42:09 - [TEST_STEP][PASSED] - sendKeys(findTestObject("Object Repository/Chat_Mattermose_OR/Page_Test 77777 - TOKEN Mattermost/textarea_1"), Keys.chord(ENTER)): Keys 'ENTER + ' sent to object: 'Object Repository/Chat_Mattermose_OR/Page_Test 77777 - TOKEN Mattermost/textarea_1'

2021-05-28 20:42:10 - [MESSAGE][PASSED] - Keys 'ENTER + ' sent to object: 'Object Repository/Chat_Mattermose_OR/Page_Test 77777 - TOKEN Mattermost/textarea_1'

2021-05-28 20:42:10 - [TEST_STEP][PASSED] - setText(findTestObject("Object Repository/Chat_Mattermose_OR/Page_Test 77777 - TOKEN Mattermost/textarea_1"), data.get(rowNum)): Text 'Test message 11' is set on object 'Object Repository/Chat_Mattermose_OR/Page_Test 77777 - TOKEN Mattermost/textarea_1'

2021-05-28 20:42:12 - [MESSAGE][PASSED] - Text 'Test message 11' is set on object 'Object Repository/Chat_Mattermose_OR/Page_Test 77777 - TOKEN Mattermost/textarea_1'

2021-05-28 20:42:12 - [TEST_STEP][PASSED] - sendKeys(findTestObject("Object Repository/Chat_Mattermose_OR/Page_Test 77777 - TOKEN Mattermost/textarea_1"), Keys.chord(ENTER)): Keys 'ENTER + ' sent to object: 'Object Repository/Chat_Mattermose_OR/Page_Test 77777 - TOKEN Mattermost/textarea_1'

2021-05-28 20:42:12 - [MESSAGE][PASSED] - Keys 'ENTER + ' sent to object: 'Object Repository/Chat_Mattermose_OR/Page_Test 77777 - TOKEN Mattermost/textarea_1'

2021-05-28 20:42:12 - [TEST_STEP][PASSED] - setText(findTestObject("Object Repository/Chat_Mattermose_OR/Page_Test 77777 - TOKEN Mattermost/textarea_1"), data.get(rowNum)): Text 'Test message 12' is set on object 'Object Repository/Chat_Mattermose_OR/Page_Test 77777 - TOKEN Mattermost/textarea_1'

2021-05-28 20:42:14 - [MESSAGE][PASSED] - Text 'Test message 12' is set on object 'Object Repository/Chat_Mattermose_OR/Page_Test 77777 - TOKEN Mattermost/textarea_1'

2021-05-28 20:42:14 - [TEST_STEP][PASSED] - sendKeys(findTestObject("Object Repository/Chat_Mattermose_OR/Page_Test 77777 - TOKEN Mattermost/textarea_1"), Keys.chord(ENTER)): Keys 'ENTER + ' sent to object: 'Object Repository/Chat_Mattermose_OR/Page_Test 77777 - TOKEN Mattermost/textarea_1'

2021-05-28 20:42:14 - [MESSAGE][PASSED] - Keys 'ENTER + ' sent to object: 'Object Repository/Chat_Mattermose_OR/Page_Test 77777 - TOKEN Mattermost/textarea_1'

2021-05-28 20:42:14 - [TEST_STEP][PASSED] - setText(findTestObject("Object Repository/Chat_Mattermose_OR/Page_Test 77777 - TOKEN Mattermost/textarea_1"), data.get(rowNum)): Text 'Test message 13' is set on object 'Object Repository/Chat_Mattermose_OR/Page_Test 77777 - TOKEN Mattermost/textarea_1'

2021-05-28 20:42:16 - [MESSAGE][PASSED] - Text 'Test message 13' is set on object 'Object Repository/Chat_Mattermose_OR/Page_Test 77777 - TOKEN Mattermost/textarea_1'

2021-05-28 20:42:16 - [TEST_STEP][PASSED] - sendKeys(findTestObject("Object Repository/Chat_Mattermose_OR/Page_Test 77777 - TOKEN Mattermost/textarea_1"), Keys.chord(ENTER)): Keys 'ENTER + ' sent to object: 'Object Repository/Chat_Mattermose_OR/Page_Test 77777 - TOKEN Mattermost/textarea_1'

2021-05-28 20:42:16 - [MESSAGE][PASSED] - Keys 'ENTER + ' sent to object: 'Object Repository/Chat_Mattermose_OR/Page_Test 77777 - TOKEN Mattermost/textarea_1'

2021-05-28 20:42:16 - [TEST_STEP][PASSED] - setText(findTestObject("Object Repository/Chat_Mattermose_OR/Page_Test 77777 - TOKEN Mattermost/textarea_1"), data.get(rowNum)): Text 'Test message 14' is set on object 'Object Repository/Chat_Mattermose_OR/Page_Test 77777 - TOKEN Mattermost/textarea_1'

2021-05-28 20:42:18 - [MESSAGE][PASSED] - Text 'Test message 14' is set on object 'Object Repository/Chat_Mattermose_OR/Page_Test 77777 - TOKEN Mattermost/textarea_1'

2021-05-28 20:42:18 - [TEST_STEP][PASSED] - sendKeys(findTestObject("Object Repository/Chat_Mattermose_OR/Page_Test 77777 - TOKEN Mattermost/textarea_1"), Keys.chord(ENTER)): Keys 'ENTER + ' sent to object: 'Object Repository/Chat_Mattermose_OR/Page_Test 77777 - TOKEN Mattermost/textarea_1'

2021-05-28 20:42:19 - [MESSAGE][PASSED] - Keys 'ENTER + ' sent to object: 'Object Repository/Chat_Mattermose_OR/Page_Test 77777 - TOKEN Mattermost/textarea_1'

2021-05-28 20:42:19 - [TEST_STEP][PASSED] - setText(findTestObject("Object Repository/Chat_Mattermose_OR/Page_Test 77777 - TOKEN Mattermost/textarea_1"), data.get(rowNum)): Text 'Test message 15' is set on object 'Object Repository/Chat_Mattermose_OR/Page_Test 77777 - TOKEN Mattermost/textarea_1'

2021-05-28 20:42:21 - [MESSAGE][PASSED] - Text 'Test message 15' is set on object 'Object Repository/Chat_Mattermose_OR/Page_Test 77777 - TOKEN Mattermost/textarea_1'

2021-05-28 20:42:21 - [TEST_STEP][PASSED] - sendKeys(findTestObject("Object Repository/Chat_Mattermose_OR/Page_Test 77777 - TOKEN Mattermost/textarea_1"), Keys.chord(ENTER)): Keys 'ENTER + ' sent to object: 'Object Repository/Chat_Mattermose_OR/Page_Test 77777 - TOKEN Mattermost/textarea_1'

2021-05-28 20:42:21 - [MESSAGE][PASSED] - Keys 'ENTER + ' sent to object: 'Object Repository/Chat_Mattermose_OR/Page_Test 77777 - TOKEN Mattermost/textarea_1'

2021-05-28 20:42:21 - [TEST_STEP][PASSED] - setText(findTestObject("Object Repository/Chat_Mattermose_OR/Page_Test 77777 - TOKEN Mattermost/textarea_1"), data.get(rowNum)): Text 'Test message 16' is set on object 'Object Repository/Chat_Mattermose_OR/Page_Test 77777 - TOKEN Mattermost/textarea_1'

2021-05-28 20:42:23 - [MESSAGE][PASSED] - Text 'Test message 16' is set on object 'Object Repository/Chat_Mattermose_OR/Page_Test 77777 - TOKEN Mattermost/textarea_1'

2021-05-28 20:42:23 - [TEST_STEP][PASSED] - sendKeys(findTestObject("Object Repository/Chat_Mattermose_OR/Page_Test 77777 - TOKEN Mattermost/textarea_1"), Keys.chord(ENTER)): Keys 'ENTER + ' sent to object: 'Object Repository/Chat_Mattermose_OR/Page_Test 77777 - TOKEN Mattermost/textarea_1'

2021-05-28 20:42:24 - [MESSAGE][PASSED] - Keys 'ENTER + ' sent to object: 'Object Repository/Chat_Mattermose_OR/Page_Test 77777 - TOKEN Mattermost/textarea_1'

2021-05-28 20:42:24 - [TEST_STEP][PASSED] - setText(findTestObject("Object Repository/Chat_Mattermose_OR/Page_Test 77777 - TOKEN Mattermost/textarea_1"), data.get(rowNum)): Text 'Test message 17' is set on object 'Object Repository/Chat_Mattermose_OR/Page_Test 77777 - TOKEN Mattermost/textarea_1'

2021-05-28 20:42:26 - [MESSAGE][PASSED] - Text 'Test message 17' is set on object 'Object Repository/Chat_Mattermose_OR/Page_Test 77777 - TOKEN Mattermost/textarea_1'

2021-05-28 20:42:26 - [TEST_STEP][PASSED] - sendKeys(findTestObject("Object Repository/Chat_Mattermose_OR/Page_Test 77777 - TOKEN Mattermost/textarea_1"), Keys.chord(ENTER)): Keys 'ENTER + ' sent to object: 'Object Repository/Chat_Mattermose_OR/Page_Test 77777 - TOKEN Mattermost/textarea_1'

2021-05-28 20:42:26 - [MESSAGE][PASSED] - Keys 'ENTER + ' sent to object: 'Object Repository/Chat_Mattermose_OR/Page_Test 77777 - TOKEN Mattermost/textarea_1'

2021-05-28 20:42:26 - [TEST_STEP][PASSED] - setText(findTestObject("Object Repository/Chat_Mattermose_OR/Page_Test 77777 - TOKEN Mattermost/textarea_1"), data.get(rowNum)): Text 'Test message 18' is set on object 'Object Repository/Chat_Mattermose_OR/Page_Test 77777 - TOKEN Mattermost/textarea_1'

2021-05-28 20:42:28 - [MESSAGE][PASSED] - Text 'Test message 18' is set on object 'Object Repository/Chat_Mattermose_OR/Page_Test 77777 - TOKEN Mattermost/textarea_1'

2021-05-28 20:42:28 - [TEST_STEP][PASSED] - sendKeys(findTestObject("Object Repository/Chat_Mattermose_OR/Page_Test 77777 - TOKEN Mattermost/textarea_1"), Keys.chord(ENTER)): Keys 'ENTER + ' sent to object: 'Object Repository/Chat_Mattermose_OR/Page_Test 77777 - TOKEN Mattermost/textarea_1'

2021-05-28 20:42:28 - [MESSAGE][PASSED] - Keys 'ENTER + ' sent to object: 'Object Repository/Chat_Mattermose_OR/Page_Test 77777 - TOKEN Mattermost/textarea_1'

2021-05-28 20:42:28 - [TEST_STEP][PASSED] - setText(findTestObject("Object Repository/Chat_Mattermose_OR/Page_Test 77777 - TOKEN Mattermost/textarea_1"), data.get(rowNum)): Text 'Test message 19' is set on object 'Object Repository/Chat_Mattermose_OR/Page_Test 77777 - TOKEN Mattermost/textarea_1'

2021-05-28 20:42:30 - [MESSAGE][PASSED] - Text 'Test message 19' is set on object 'Object Repository/Chat_Mattermose_OR/Page_Test 77777 - TOKEN Mattermost/textarea_1'

2021-05-28 20:42:30 - [TEST_STEP][PASSED] - sendKeys(findTestObject("Object Repository/Chat_Mattermose_OR/Page_Test 77777 - TOKEN Mattermost/textarea_1"), Keys.chord(ENTER)): Keys 'ENTER + ' sent to object: 'Object Repository/Chat_Mattermose_OR/Page_Test 77777 - TOKEN Mattermost/textarea_1'

2021-05-28 20:42:30 - [MESSAGE][PASSED] - Keys 'ENTER + ' sent to object: 'Object Repository/Chat_Mattermose_OR/Page_Test 77777 - TOKEN Mattermost/textarea_1'

2021-05-28 20:42:30 - [TEST_STEP][PASSED] - setText(findTestObject("Object Repository/Chat_Mattermose_OR/Page_Test 77777 - TOKEN Mattermost/textarea_1"), data.get(rowNum)): Text 'Test message 20' is set on object 'Object Repository/Chat_Mattermose_OR/Page_Test 77777 - TOKEN Mattermost/textarea_1'

2021-05-28 20:42:32 - [MESSAGE][PASSED] - Text 'Test message 20' is set on object 'Object Repository/Chat_Mattermose_OR/Page_Test 77777 - TOKEN Mattermost/textarea_1'

2021-05-28 20:42:32 - [TEST_STEP][PASSED] - sendKeys(findTestObject("Object Repository/Chat_Mattermose_OR/Page_Test 77777 - TOKEN Mattermost/textarea_1"), Keys.chord(ENTER)): Keys 'ENTER + ' sent to object: 'Object Repository/Chat_Mattermose_OR/Page_Test 77777 - TOKEN Mattermost/textarea_1'

2021-05-28 20:42:32 - [MESSAGE][PASSED] - Keys 'ENTER + ' sent to object: 'Object Repository/Chat_Mattermose_OR/Page_Test 77777 - TOKEN Mattermost/textarea_1'

2021-05-28 20:42:32 - [TEST_STEP][PASSED] - setText(findTestObject("Object Repository/Chat_Mattermose_OR/Page_Test 77777 - TOKEN Mattermost/textarea_1"), data.get(rowNum)): Text 'Test message 21' is set on object 'Object Repository/Chat_Mattermose_OR/Page_Test 77777 - TOKEN Mattermost/textarea_1'

2021-05-28 20:42:34 - [MESSAGE][PASSED] - Text 'Test message 21' is set on object 'Object Repository/Chat_Mattermose_OR/Page_Test 77777 - TOKEN Mattermost/textarea_1'

2021-05-28 20:42:34 - [TEST_STEP][PASSED] - sendKeys(findTestObject("Object Repository/Chat_Mattermose_OR/Page_Test 77777 - TOKEN Mattermost/textarea_1"), Keys.chord(ENTER)): Keys 'ENTER + ' sent to object: 'Object Repository/Chat_Mattermose_OR/Page_Test 77777 - TOKEN Mattermost/textarea_1'

2021-05-28 20:42:34 - [MESSAGE][PASSED] - Keys 'ENTER + ' sent to object: 'Object Repository/Chat_Mattermose_OR/Page_Test 77777 - TOKEN Mattermost/textarea_1'

2021-05-28 20:42:34 - [TEST_STEP][PASSED] - setText(findTestObject("Object Repository/Chat_Mattermose_OR/Page_Test 77777 - TOKEN Mattermost/textarea_1"), data.get(rowNum)): Text 'Test message 22' is set on object 'Object Repository/Chat_Mattermose_OR/Page_Test 77777 - TOKEN Mattermost/textarea_1'

2021-05-28 20:42:36 - [MESSAGE][PASSED] - Text 'Test message 22' is set on object 'Object Repository/Chat_Mattermose_OR/Page_Test 77777 - TOKEN Mattermost/textarea_1'

2021-05-28 20:42:36 - [TEST_STEP][PASSED] - sendKeys(findTestObject("Object Repository/Chat_Mattermose_OR/Page_Test 77777 - TOKEN Mattermost/textarea_1"), Keys.chord(ENTER)): Keys 'ENTER + ' sent to object: 'Object Repository/Chat_Mattermose_OR/Page_Test 77777 - TOKEN Mattermost/textarea_1'

2021-05-28 20:42:37 - [MESSAGE][PASSED] - Keys 'ENTER + ' sent to object: 'Object Repository/Chat_Mattermose_OR/Page_Test 77777 - TOKEN Mattermost/textarea_1'

2021-05-28 20:42:37 - [TEST_STEP][PASSED] - setText(findTestObject("Object Repository/Chat_Mattermose_OR/Page_Test 77777 - TOKEN Mattermost/textarea_1"), data.get(rowNum)): Text 'Test message 23' is set on object 'Object Repository/Chat_Mattermose_OR/Page_Test 77777 - TOKEN Mattermost/textarea_1'

2021-05-28 20:42:38 - [MESSAGE][PASSED] - Text 'Test message 23' is set on object 'Object Repository/Chat_Mattermose_OR/Page_Test 77777 - TOKEN Mattermost/textarea_1'

2021-05-28 20:42:38 - [TEST_STEP][PASSED] - sendKeys(findTestObject("Object Repository/Chat_Mattermose_OR/Page_Test 77777 - TOKEN Mattermost/textarea_1"), Keys.chord(ENTER)): Keys 'ENTER + ' sent to object: 'Object Repository/Chat_Mattermose_OR/Page_Test 77777 - TOKEN Mattermost/textarea_1'

2021-05-28 20:42:39 - [MESSAGE][PASSED] - Keys 'ENTER + ' sent to object: 'Object Repository/Chat_Mattermose_OR/Page_Test 77777 - TOKEN Mattermost/textarea_1'

2021-05-28 20:42:39 - [TEST_STEP][PASSED] - setText(findTestObject("Object Repository/Chat_Mattermose_OR/Page_Test 77777 - TOKEN Mattermost/textarea_1"), data.get(rowNum)): Text 'Test message 24' is set on object 'Object Repository/Chat_Mattermose_OR/Page_Test 77777 - TOKEN Mattermost/textarea_1'

2021-05-28 20:42:40 - [MESSAGE][PASSED] - Text 'Test message 24' is set on object 'Object Repository/Chat_Mattermose_OR/Page_Test 77777 - TOKEN Mattermost/textarea_1'

2021-05-28 20:42:40 - [TEST_STEP][PASSED] - sendKeys(findTestObject("Object Repository/Chat_Mattermose_OR/Page_Test 77777 - TOKEN Mattermost/textarea_1"), Keys.chord(ENTER)): Keys 'ENTER + ' sent to object: 'Object Repository/Chat_Mattermose_OR/Page_Test 77777 - TOKEN Mattermost/textarea_1'

2021-05-28 20:42:41 - [MESSAGE][PASSED] - Keys 'ENTER + ' sent to object: 'Object Repository/Chat_Mattermose_OR/Page_Test 77777 - TOKEN Mattermost/textarea_1'

2021-05-28 20:42:41 - [TEST_STEP][PASSED] - setText(findTestObject("Object Repository/Chat_Mattermose_OR/Page_Test 77777 - TOKEN Mattermost/textarea_1"), data.get(rowNum)): Text 'Test message 25' is set on object 'Object Repository/Chat_Mattermose_OR/Page_Test 77777 - TOKEN Mattermost/textarea_1'

2021-05-28 20:42:42 - [MESSAGE][PASSED] - Text 'Test message 25' is set on object 'Object Repository/Chat_Mattermose_OR/Page_Test 77777 - TOKEN Mattermost/textarea_1'

2021-05-28 20:42:42 - [TEST_STEP][PASSED] - sendKeys(findTestObject("Object Repository/Chat_Mattermose_OR/Page_Test 77777 - TOKEN Mattermost/textarea_1"), Keys.chord(ENTER)): Keys 'ENTER + ' sent to object: 'Object Repository/Chat_Mattermose_OR/Page_Test 77777 - TOKEN Mattermost/textarea_1'

2021-05-28 20:42:43 - [MESSAGE][PASSED] - Keys 'ENTER + ' sent to object: 'Object Repository/Chat_Mattermose_OR/Page_Test 77777 - TOKEN Mattermost/textarea_1'

2021-05-28 20:42:43 - [TEST_STEP][PASSED] - setText(findTestObject("Object Repository/Chat_Mattermose_OR/Page_Test 77777 - TOKEN Mattermost/textarea_1"), data.get(rowNum)): Text 'Test message 26' is set on object 'Object Repository/Chat_Mattermose_OR/Page_Test 77777 - TOKEN Mattermost/textarea_1'

2021-05-28 20:42:44 - [MESSAGE][PASSED] - Text 'Test message 26' is set on object 'Object Repository/Chat_Mattermose_OR/Page_Test 77777 - TOKEN Mattermost/textarea_1'

2021-05-28 20:42:44 - [TEST_STEP][PASSED] - sendKeys(findTestObject("Object Repository/Chat_Mattermose_OR/Page_Test 77777 - TOKEN Mattermost/textarea_1"), Keys.chord(ENTER)): Keys 'ENTER + ' sent to object: 'Object Repository/Chat_Mattermose_OR/Page_Test 77777 - TOKEN Mattermost/textarea_1'

2021-05-28 20:42:45 - [MESSAGE][PASSED] - Keys 'ENTER + ' sent to object: 'Object Repository/Chat_Mattermose_OR/Page_Test 77777 - TOKEN Mattermost/textarea_1'

2021-05-28 20:42:45 - [TEST_STEP][PASSED] - setText(findTestObject("Object Repository/Chat_Mattermose_OR/Page_Test 77777 - TOKEN Mattermost/textarea_1"), data.get(rowNum)): Text 'Test message 27' is set on object 'Object Repository/Chat_Mattermose_OR/Page_Test 77777 - TOKEN Mattermost/textarea_1'

2021-05-28 20:42:47 - [MESSAGE][PASSED] - Text 'Test message 27' is set on object 'Object Repository/Chat_Mattermose_OR/Page_Test 77777 - TOKEN Mattermost/textarea_1'

2021-05-28 20:42:47 - [TEST_STEP][PASSED] - sendKeys(findTestObject("Object Repository/Chat_Mattermose_OR/Page_Test 77777 - TOKEN Mattermost/textarea_1"), Keys.chord(ENTER)): Keys 'ENTER + ' sent to object: 'Object Repository/Chat_Mattermose_OR/Page_Test 77777 - TOKEN Mattermost/textarea_1'

2021-05-28 20:42:47 - [MESSAGE][PASSED] - Keys 'ENTER + ' sent to object: 'Object Repository/Chat_Mattermose_OR/Page_Test 77777 - TOKEN Mattermost/textarea_1'

2021-05-28 20:42:47 - [TEST_STEP][PASSED] - setText(findTestObject("Object Repository/Chat_Mattermose_OR/Page_Test 77777 - TOKEN Mattermost/textarea_1"), data.get(rowNum)): Text 'Test message 28' is set on object 'Object Repository/Chat_Mattermose_OR/Page_Test 77777 - TOKEN Mattermost/textarea_1'

2021-05-28 20:42:49 - [MESSAGE][PASSED] - Text 'Test message 28' is set on object 'Object Repository/Chat_Mattermose_OR/Page_Test 77777 - TOKEN Mattermost/textarea_1'

2021-05-28 20:42:49 - [TEST_STEP][PASSED] - sendKeys(findTestObject("Object Repository/Chat_Mattermose_OR/Page_Test 77777 - TOKEN Mattermost/textarea_1"), Keys.chord(ENTER)): Keys 'ENTER + ' sent to object: 'Object Repository/Chat_Mattermose_OR/Page_Test 77777 - TOKEN Mattermost/textarea_1'

2021-05-28 20:42:49 - [MESSAGE][PASSED] - Keys 'ENTER + ' sent to object: 'Object Repository/Chat_Mattermose_OR/Page_Test 77777 - TOKEN Mattermost/textarea_1'

2021-05-28 20:42:49 - [TEST_STEP][PASSED] - setText(findTestObject("Object Repository/Chat_Mattermose_OR/Page_Test 77777 - TOKEN Mattermost/textarea_1"), data.get(rowNum)): Text 'Test message 29' is set on object 'Object Repository/Chat_Mattermose_OR/Page_Test 77777 - TOKEN Mattermost/textarea_1'

2021-05-28 20:42:51 - [MESSAGE][PASSED] - Text 'Test message 29' is set on object 'Object Repository/Chat_Mattermose_OR/Page_Test 77777 - TOKEN Mattermost/textarea_1'

2021-05-28 20:42:51 - [TEST_STEP][PASSED] - sendKeys(findTestObject("Object Repository/Chat_Mattermose_OR/Page_Test 77777 - TOKEN Mattermost/textarea_1"), Keys.chord(ENTER)): Keys 'ENTER + ' sent to object: 'Object Repository/Chat_Mattermose_OR/Page_Test 77777 - TOKEN Mattermost/textarea_1'

2021-05-28 20:42:52 - [MESSAGE][PASSED] - Keys 'ENTER + ' sent to object: 'Object Repository/Chat_Mattermose_OR/Page_Test 77777 - TOKEN Mattermost/textarea_1'

2021-05-28 20:42:52 - [TEST_STEP][PASSED] - setText(findTestObject("Object Repository/Chat_Mattermose_OR/Page_Test 77777 - TOKEN Mattermost/textarea_1"), data.get(rowNum)): Text 'Test message 30' is set on object 'Object Repository/Chat_Mattermose_OR/Page_Test 77777 - TOKEN Mattermost/textarea_1'

2021-05-28 20:42:54 - [MESSAGE][PASSED] - Text 'Test message 30' is set on object 'Object Repository/Chat_Mattermose_OR/Page_Test 77777 - TOKEN Mattermost/textarea_1'

2021-05-28 20:42:54 - [TEST_STEP][PASSED] - sendKeys(findTestObject("Object Repository/Chat_Mattermose_OR/Page_Test 77777 - TOKEN Mattermost/textarea_1"), Keys.chord(ENTER)): Keys 'ENTER + ' sent to object: 'Object Repository/Chat_Mattermose_OR/Page_Test 77777 - TOKEN Mattermost/textarea_1'

2021-05-28 20:42:54 - [MESSAGE][PASSED] - Keys 'ENTER + ' sent to object: 'Object Repository/Chat_Mattermose_OR/Page_Test 77777 - TOKEN Mattermost/textarea_1'

2021-05-28 20:42:54 - [TEST_STEP][PASSED] - setText(findTestObject("Object Repository/Chat_Mattermose_OR/Page_Test 77777 - TOKEN Mattermost/textarea_1"), data.get(rowNum)): Text 'Test message 31' is set on object 'Object Repository/Chat_Mattermose_OR/Page_Test 77777 - TOKEN Mattermost/textarea_1'

2021-05-28 20:42:56 - [MESSAGE][PASSED] - Text 'Test message 31' is set on object 'Object Repository/Chat_Mattermose_OR/Page_Test 77777 - TOKEN Mattermost/textarea_1'

2021-05-28 20:42:56 - [TEST_STEP][PASSED] - sendKeys(findTestObject("Object Repository/Chat_Mattermose_OR/Page_Test 77777 - TOKEN Mattermost/textarea_1"), Keys.chord(ENTER)): Keys 'ENTER + ' sent to object: 'Object Repository/Chat_Mattermose_OR/Page_Test 77777 - TOKEN Mattermost/textarea_1'

2021-05-28 20:42:57 - [MESSAGE][PASSED] - Keys 'ENTER + ' sent to object: 'Object Repository/Chat_Mattermose_OR/Page_Test 77777 - TOKEN Mattermost/textarea_1'

2021-05-28 20:42:57 - [TEST_STEP][PASSED] - setText(findTestObject("Object Repository/Chat_Mattermose_OR/Page_Test 77777 - TOKEN Mattermost/textarea_1"), data.get(rowNum)): Text 'Test message 32' is set on object 'Object Repository/Chat_Mattermose_OR/Page_Test 77777 - TOKEN Mattermost/textarea_1'

2021-05-28 20:42:59 - [MESSAGE][PASSED] - Text 'Test message 32' is set on object 'Object Repository/Chat_Mattermose_OR/Page_Test 77777 - TOKEN Mattermost/textarea_1'

2021-05-28 20:42:59 - [TEST_STEP][PASSED] - sendKeys(findTestObject("Object Repository/Chat_Mattermose_OR/Page_Test 77777 - TOKEN Mattermost/textarea_1"), Keys.chord(ENTER)): Keys 'ENTER + ' sent to object: 'Object Repository/Chat_Mattermose_OR/Page_Test 77777 - TOKEN Mattermost/textarea_1'

2021-05-28 20:42:59 - [MESSAGE][PASSED] - Keys 'ENTER + ' sent to object: 'Object Repository/Chat_Mattermose_OR/Page_Test 77777 - TOKEN Mattermost/textarea_1'

2021-05-28 20:42:59 - [TEST_STEP][PASSED] - setText(findTestObject("Object Repository/Chat_Mattermose_OR/Page_Test 77777 - TOKEN Mattermost/textarea_1"), data.get(rowNum)): Text 'Test message 33' is set on object 'Object Repository/Chat_Mattermose_OR/Page_Test 77777 - TOKEN Mattermost/textarea_1'

2021-05-28 20:43:01 - [MESSAGE][PASSED] - Text 'Test message 33' is set on object 'Object Repository/Chat_Mattermose_OR/Page_Test 77777 - TOKEN Mattermost/textarea_1'

2021-05-28 20:43:01 - [TEST_STEP][PASSED] - sendKeys(findTestObject("Object Repository/Chat_Mattermose_OR/Page_Test 77777 - TOKEN Mattermost/textarea_1"), Keys.chord(ENTER)): Keys 'ENTER + ' sent to object: 'Object Repository/Chat_Mattermose_OR/Page_Test 77777 - TOKEN Mattermost/textarea_1'

2021-05-28 20:43:02 - [MESSAGE][PASSED] - Keys 'ENTER + ' sent to object: 'Object Repository/Chat_Mattermose_OR/Page_Test 77777 - TOKEN Mattermost/textarea_1'

2021-05-28 20:43:02 - [TEST_STEP][PASSED] - closeBrowser(): Browser is closed

2021-05-28 20:43:03 - [MESSAGE][PASSED] - Browser is closed]]></system-out>
         <system-err><![CDATA[]]></system-err>
      </testcase>
      <testcase name="Test Cases/Login" time="17.403" classname="Test Cases/Login" status="PASSED">
         <system-out><![CDATA[2021-05-28 20:43:03 - [TEST_CASE][PASSED] - Test Cases/Login: Test Cases/Login

2021-05-28 20:43:03 - [TEST_STEP][PASSED] - openBrowser(""): Browser is opened with url: ''

2021-05-28 20:43:03 - [MESSAGE][INFO] - Starting 'Chrome' driver

2021-05-28 20:43:03 - [MESSAGE][INFO] - Action delay is set to 0 milliseconds

2021-05-28 20:43:06 - [MESSAGE][PASSED] - Browser is opened with url: ''

2021-05-28 20:43:06 - [TEST_STEP][PASSED] - navigateToUrl("https://cdnc-group2.herokuapp.com/"): Navigate to 'https://cdnc-group2.herokuapp.com/' successfully

2021-05-28 20:43:10 - [MESSAGE][PASSED] - Navigate to 'https://cdnc-group2.herokuapp.com/' successfully

2021-05-28 20:43:10 - [TEST_STEP][PASSED] - setText(findTestObject("Login_Mattermost_OR/input_All team communication in one place, _dcc84b"), Username): Text 'ngoctin040999@gmail.com' is set on object 'Object Repository/Login_Mattermost_OR/input_All team communication in one place, _dcc84b'

2021-05-28 20:43:14 - [MESSAGE][PASSED] - Text 'ngoctin040999@gmail.com' is set on object 'Object Repository/Login_Mattermost_OR/input_All team communication in one place, _dcc84b'

2021-05-28 20:43:14 - [TEST_STEP][PASSED] - setText(findTestObject("Login_Mattermost_OR/input_All team communication in one place, _a3edc6"), Password): Text 'ngoctin1' is set on object 'Object Repository/Login_Mattermost_OR/input_All team communication in one place, _a3edc6'

2021-05-28 20:43:15 - [MESSAGE][PASSED] - Text 'ngoctin1' is set on object 'Object Repository/Login_Mattermost_OR/input_All team communication in one place, _a3edc6'

2021-05-28 20:43:15 - [TEST_STEP][PASSED] - click(findTestObject("Login_Mattermost_OR/span_Sign in")): Object: 'Object Repository/Login_Mattermost_OR/span_Sign in' is clicked on

2021-05-28 20:43:16 - [MESSAGE][PASSED] - Object: 'Object Repository/Login_Mattermost_OR/span_Sign in' is clicked on

2021-05-28 20:43:16 - [TEST_STEP][PASSED] - if (Username != "ngoctin040999@gmail.com"): null

2021-05-28 20:43:16 - [TEST_STEP][PASSED] - else: Object 'Object Repository/Login_Mattermost_OR/h1_fsdfsdf' is present

2021-05-28 20:43:16 - [TEST_STEP][PASSED] - Thread.sleep(3000): null

2021-05-28 20:43:19 - [TEST_STEP][PASSED] - verifyElementPresent(findTestObject("Object Repository/Login_Mattermost_OR/h1_fsdfsdf"), 0): Object 'Object Repository/Login_Mattermost_OR/h1_fsdfsdf' is present

2021-05-28 20:43:19 - [MESSAGE][WARNING] - Timeout '0' is invalid. Using default page load timeout: '30'

2021-05-28 20:43:19 - [MESSAGE][PASSED] - Object 'Object Repository/Login_Mattermost_OR/h1_fsdfsdf' is present

2021-05-28 20:43:19 - [TEST_STEP][PASSED] - closeBrowser(): Browser is closed

2021-05-28 20:43:20 - [MESSAGE][PASSED] - Browser is closed]]></system-out>
         <system-err><![CDATA[]]></system-err>
      </testcase>
      <testcase name="Test Cases/Login" time="16.028" classname="Test Cases/Login" status="PASSED">
         <system-out><![CDATA[2021-05-28 20:43:20 - [TEST_CASE][PASSED] - Test Cases/Login: Test Cases/Login

2021-05-28 20:43:20 - [TEST_STEP][PASSED] - openBrowser(""): Browser is opened with url: ''

2021-05-28 20:43:20 - [MESSAGE][INFO] - Starting 'Chrome' driver

2021-05-28 20:43:20 - [MESSAGE][INFO] - Action delay is set to 0 milliseconds

2021-05-28 20:43:22 - [MESSAGE][PASSED] - Browser is opened with url: ''

2021-05-28 20:43:22 - [TEST_STEP][PASSED] - navigateToUrl("https://cdnc-group2.herokuapp.com/"): Navigate to 'https://cdnc-group2.herokuapp.com/' successfully

2021-05-28 20:43:27 - [MESSAGE][PASSED] - Navigate to 'https://cdnc-group2.herokuapp.com/' successfully

2021-05-28 20:43:27 - [TEST_STEP][PASSED] - setText(findTestObject("Login_Mattermost_OR/input_All team communication in one place, _dcc84b"), Username): Text 'ngoctin040999' is set on object 'Object Repository/Login_Mattermost_OR/input_All team communication in one place, _dcc84b'

2021-05-28 20:43:33 - [MESSAGE][PASSED] - Text 'ngoctin040999' is set on object 'Object Repository/Login_Mattermost_OR/input_All team communication in one place, _dcc84b'

2021-05-28 20:43:33 - [TEST_STEP][PASSED] - setText(findTestObject("Login_Mattermost_OR/input_All team communication in one place, _a3edc6"), Password): Text 'ngoctin1' is set on object 'Object Repository/Login_Mattermost_OR/input_All team communication in one place, _a3edc6'

2021-05-28 20:43:34 - [MESSAGE][PASSED] - Text 'ngoctin1' is set on object 'Object Repository/Login_Mattermost_OR/input_All team communication in one place, _a3edc6'

2021-05-28 20:43:34 - [TEST_STEP][PASSED] - click(findTestObject("Login_Mattermost_OR/span_Sign in")): Object: 'Object Repository/Login_Mattermost_OR/span_Sign in' is clicked on

2021-05-28 20:43:34 - [MESSAGE][PASSED] - Object: 'Object Repository/Login_Mattermost_OR/span_Sign in' is clicked on

2021-05-28 20:43:34 - [TEST_STEP][PASSED] - if (Username != "ngoctin040999@gmail.com"): Object 'Object Repository/Login_Mattermost_OR/label_Enter a valid email or username andor password' is present

2021-05-28 20:43:34 - [TEST_STEP][PASSED] - verifyElementPresent(findTestObject("Object Repository/Login_Mattermost_OR/label_Enter a valid email or username andor password"), 0): Object 'Object Repository/Login_Mattermost_OR/label_Enter a valid email or username andor password' is present

2021-05-28 20:43:34 - [MESSAGE][WARNING] - Timeout '0' is invalid. Using default page load timeout: '30'

2021-05-28 20:43:35 - [MESSAGE][PASSED] - Object 'Object Repository/Login_Mattermost_OR/label_Enter a valid email or username andor password' is present

2021-05-28 20:43:35 - [TEST_STEP][PASSED] - closeBrowser(): Browser is closed

2021-05-28 20:43:36 - [MESSAGE][PASSED] - Browser is closed]]></system-out>
         <system-err><![CDATA[]]></system-err>
      </testcase>
      <testcase name="Test Cases/Login" time="17.108" classname="Test Cases/Login" status="PASSED">
         <system-out><![CDATA[2021-05-28 20:43:36 - [TEST_CASE][PASSED] - Test Cases/Login: Test Cases/Login

2021-05-28 20:43:36 - [TEST_STEP][PASSED] - openBrowser(""): Browser is opened with url: ''

2021-05-28 20:43:36 - [MESSAGE][INFO] - Starting 'Chrome' driver

2021-05-28 20:43:36 - [MESSAGE][INFO] - Action delay is set to 0 milliseconds

2021-05-28 20:43:39 - [MESSAGE][PASSED] - Browser is opened with url: ''

2021-05-28 20:43:39 - [TEST_STEP][PASSED] - navigateToUrl("https://cdnc-group2.herokuapp.com/"): Navigate to 'https://cdnc-group2.herokuapp.com/' successfully

2021-05-28 20:43:44 - [MESSAGE][PASSED] - Navigate to 'https://cdnc-group2.herokuapp.com/' successfully

2021-05-28 20:43:44 - [TEST_STEP][PASSED] - setText(findTestObject("Login_Mattermost_OR/input_All team communication in one place, _dcc84b"), Username): Text 'testing123@gmail.com' is set on object 'Object Repository/Login_Mattermost_OR/input_All team communication in one place, _dcc84b'

2021-05-28 20:43:49 - [MESSAGE][PASSED] - Text 'testing123@gmail.com' is set on object 'Object Repository/Login_Mattermost_OR/input_All team communication in one place, _dcc84b'

2021-05-28 20:43:49 - [TEST_STEP][PASSED] - setText(findTestObject("Login_Mattermost_OR/input_All team communication in one place, _a3edc6"), Password): Text 'test12' is set on object 'Object Repository/Login_Mattermost_OR/input_All team communication in one place, _a3edc6'

2021-05-28 20:43:50 - [MESSAGE][PASSED] - Text 'test12' is set on object 'Object Repository/Login_Mattermost_OR/input_All team communication in one place, _a3edc6'

2021-05-28 20:43:50 - [TEST_STEP][PASSED] - click(findTestObject("Login_Mattermost_OR/span_Sign in")): Object: 'Object Repository/Login_Mattermost_OR/span_Sign in' is clicked on

2021-05-28 20:43:51 - [MESSAGE][PASSED] - Object: 'Object Repository/Login_Mattermost_OR/span_Sign in' is clicked on

2021-05-28 20:43:51 - [TEST_STEP][PASSED] - if (Username != "ngoctin040999@gmail.com"): Object 'Object Repository/Login_Mattermost_OR/label_Enter a valid email or username andor password' is present

2021-05-28 20:43:51 - [TEST_STEP][PASSED] - verifyElementPresent(findTestObject("Object Repository/Login_Mattermost_OR/label_Enter a valid email or username andor password"), 0): Object 'Object Repository/Login_Mattermost_OR/label_Enter a valid email or username andor password' is present

2021-05-28 20:43:51 - [MESSAGE][WARNING] - Timeout '0' is invalid. Using default page load timeout: '30'

2021-05-28 20:43:52 - [MESSAGE][PASSED] - Object 'Object Repository/Login_Mattermost_OR/label_Enter a valid email or username andor password' is present

2021-05-28 20:43:52 - [TEST_STEP][PASSED] - closeBrowser(): Browser is closed

2021-05-28 20:43:53 - [MESSAGE][PASSED] - Browser is closed]]></system-out>
         <system-err><![CDATA[]]></system-err>
      </testcase>
      <testcase name="Test Cases/Login" time="17.098" classname="Test Cases/Login" status="PASSED">
         <system-out><![CDATA[2021-05-28 20:43:54 - [TEST_CASE][PASSED] - Test Cases/Login: Test Cases/Login

2021-05-28 20:43:54 - [TEST_STEP][PASSED] - openBrowser(""): Browser is opened with url: ''

2021-05-28 20:43:54 - [MESSAGE][INFO] - Starting 'Chrome' driver

2021-05-28 20:43:54 - [MESSAGE][INFO] - Action delay is set to 0 milliseconds

2021-05-28 20:43:56 - [MESSAGE][PASSED] - Browser is opened with url: ''

2021-05-28 20:43:56 - [TEST_STEP][PASSED] - navigateToUrl("https://cdnc-group2.herokuapp.com/"): Navigate to 'https://cdnc-group2.herokuapp.com/' successfully

2021-05-28 20:44:00 - [MESSAGE][PASSED] - Navigate to 'https://cdnc-group2.herokuapp.com/' successfully

2021-05-28 20:44:00 - [TEST_STEP][PASSED] - setText(findTestObject("Login_Mattermost_OR/input_All team communication in one place, _dcc84b"), Username): Text 'admin' is set on object 'Object Repository/Login_Mattermost_OR/input_All team communication in one place, _dcc84b'

2021-05-28 20:44:07 - [MESSAGE][PASSED] - Text 'admin' is set on object 'Object Repository/Login_Mattermost_OR/input_All team communication in one place, _dcc84b'

2021-05-28 20:44:07 - [TEST_STEP][PASSED] - setText(findTestObject("Login_Mattermost_OR/input_All team communication in one place, _a3edc6"), Password): Text 'admin' is set on object 'Object Repository/Login_Mattermost_OR/input_All team communication in one place, _a3edc6'

2021-05-28 20:44:08 - [MESSAGE][PASSED] - Text 'admin' is set on object 'Object Repository/Login_Mattermost_OR/input_All team communication in one place, _a3edc6'

2021-05-28 20:44:08 - [TEST_STEP][PASSED] - click(findTestObject("Login_Mattermost_OR/span_Sign in")): Object: 'Object Repository/Login_Mattermost_OR/span_Sign in' is clicked on

2021-05-28 20:44:08 - [MESSAGE][PASSED] - Object: 'Object Repository/Login_Mattermost_OR/span_Sign in' is clicked on

2021-05-28 20:44:09 - [TEST_STEP][PASSED] - if (Username != "ngoctin040999@gmail.com"): Object 'Object Repository/Login_Mattermost_OR/label_Enter a valid email or username andor password' is present

2021-05-28 20:44:09 - [TEST_STEP][PASSED] - verifyElementPresent(findTestObject("Object Repository/Login_Mattermost_OR/label_Enter a valid email or username andor password"), 0): Object 'Object Repository/Login_Mattermost_OR/label_Enter a valid email or username andor password' is present

2021-05-28 20:44:09 - [MESSAGE][WARNING] - Timeout '0' is invalid. Using default page load timeout: '30'

2021-05-28 20:44:09 - [MESSAGE][PASSED] - Object 'Object Repository/Login_Mattermost_OR/label_Enter a valid email or username andor password' is present

2021-05-28 20:44:09 - [TEST_STEP][PASSED] - closeBrowser(): Browser is closed

2021-05-28 20:44:11 - [MESSAGE][PASSED] - Browser is closed]]></system-out>
         <system-err><![CDATA[]]></system-err>
      </testcase>
      <testcase name="Test Cases/Login" time="15.557" classname="Test Cases/Login" status="PASSED">
         <system-out><![CDATA[2021-05-28 20:44:11 - [TEST_CASE][PASSED] - Test Cases/Login: Test Cases/Login

2021-05-28 20:44:11 - [TEST_STEP][PASSED] - openBrowser(""): Browser is opened with url: ''

2021-05-28 20:44:11 - [MESSAGE][INFO] - Starting 'Chrome' driver

2021-05-28 20:44:11 - [MESSAGE][INFO] - Action delay is set to 0 milliseconds

2021-05-28 20:44:14 - [MESSAGE][PASSED] - Browser is opened with url: ''

2021-05-28 20:44:14 - [TEST_STEP][PASSED] - navigateToUrl("https://cdnc-group2.herokuapp.com/"): Navigate to 'https://cdnc-group2.herokuapp.com/' successfully

2021-05-28 20:44:18 - [MESSAGE][PASSED] - Navigate to 'https://cdnc-group2.herokuapp.com/' successfully

2021-05-28 20:44:18 - [TEST_STEP][PASSED] - setText(findTestObject("Login_Mattermost_OR/input_All team communication in one place, _dcc84b"), Username): Text 'admin@outlook.com' is set on object 'Object Repository/Login_Mattermost_OR/input_All team communication in one place, _dcc84b'

2021-05-28 20:44:23 - [MESSAGE][PASSED] - Text 'admin@outlook.com' is set on object 'Object Repository/Login_Mattermost_OR/input_All team communication in one place, _dcc84b'

2021-05-28 20:44:23 - [TEST_STEP][PASSED] - setText(findTestObject("Login_Mattermost_OR/input_All team communication in one place, _a3edc6"), Password): Text '123456789' is set on object 'Object Repository/Login_Mattermost_OR/input_All team communication in one place, _a3edc6'

2021-05-28 20:44:24 - [MESSAGE][PASSED] - Text '123456789' is set on object 'Object Repository/Login_Mattermost_OR/input_All team communication in one place, _a3edc6'

2021-05-28 20:44:24 - [TEST_STEP][PASSED] - click(findTestObject("Login_Mattermost_OR/span_Sign in")): Object: 'Object Repository/Login_Mattermost_OR/span_Sign in' is clicked on

2021-05-28 20:44:24 - [MESSAGE][PASSED] - Object: 'Object Repository/Login_Mattermost_OR/span_Sign in' is clicked on

2021-05-28 20:44:24 - [TEST_STEP][PASSED] - if (Username != "ngoctin040999@gmail.com"): Object 'Object Repository/Login_Mattermost_OR/label_Enter a valid email or username andor password' is present

2021-05-28 20:44:24 - [TEST_STEP][PASSED] - verifyElementPresent(findTestObject("Object Repository/Login_Mattermost_OR/label_Enter a valid email or username andor password"), 0): Object 'Object Repository/Login_Mattermost_OR/label_Enter a valid email or username andor password' is present

2021-05-28 20:44:25 - [MESSAGE][WARNING] - Timeout '0' is invalid. Using default page load timeout: '30'

2021-05-28 20:44:25 - [MESSAGE][PASSED] - Object 'Object Repository/Login_Mattermost_OR/label_Enter a valid email or username andor password' is present

2021-05-28 20:44:25 - [TEST_STEP][PASSED] - closeBrowser(): Browser is closed

2021-05-28 20:44:26 - [MESSAGE][PASSED] - Browser is closed]]></system-out>
         <system-err><![CDATA[]]></system-err>
      </testcase>
      <testcase name="Test Cases/Login" time="21.293" classname="Test Cases/Login" status="PASSED">
         <system-out><![CDATA[2021-05-28 20:44:26 - [TEST_CASE][PASSED] - Test Cases/Login: Test Cases/Login

2021-05-28 20:44:26 - [TEST_STEP][PASSED] - openBrowser(""): Browser is opened with url: ''

2021-05-28 20:44:26 - [MESSAGE][INFO] - Starting 'Chrome' driver

2021-05-28 20:44:26 - [MESSAGE][INFO] - Action delay is set to 0 milliseconds

2021-05-28 20:44:28 - [MESSAGE][PASSED] - Browser is opened with url: ''

2021-05-28 20:44:28 - [TEST_STEP][PASSED] - navigateToUrl("https://cdnc-group2.herokuapp.com/"): Navigate to 'https://cdnc-group2.herokuapp.com/' successfully

2021-05-28 20:44:34 - [MESSAGE][PASSED] - Navigate to 'https://cdnc-group2.herokuapp.com/' successfully

2021-05-28 20:44:34 - [TEST_STEP][PASSED] - setText(findTestObject("Login_Mattermost_OR/input_All team communication in one place, _dcc84b"), Username): Text 'admin@outlook.com' is set on object 'Object Repository/Login_Mattermost_OR/input_All team communication in one place, _dcc84b'

2021-05-28 20:44:39 - [MESSAGE][PASSED] - Text 'admin@outlook.com' is set on object 'Object Repository/Login_Mattermost_OR/input_All team communication in one place, _dcc84b'

2021-05-28 20:44:39 - [TEST_STEP][PASSED] - setText(findTestObject("Login_Mattermost_OR/input_All team communication in one place, _a3edc6"), Password): Text '' is set on object 'Object Repository/Login_Mattermost_OR/input_All team communication in one place, _a3edc6'

2021-05-28 20:44:43 - [MESSAGE][PASSED] - Text '' is set on object 'Object Repository/Login_Mattermost_OR/input_All team communication in one place, _a3edc6'

2021-05-28 20:44:43 - [TEST_STEP][PASSED] - click(findTestObject("Login_Mattermost_OR/span_Sign in")): Object: 'Object Repository/Login_Mattermost_OR/span_Sign in' is clicked on

2021-05-28 20:44:45 - [MESSAGE][PASSED] - Object: 'Object Repository/Login_Mattermost_OR/span_Sign in' is clicked on

2021-05-28 20:44:45 - [TEST_STEP][PASSED] - if (Username != "ngoctin040999@gmail.com"): Object 'Object Repository/Login_Mattermost_OR/label_Enter a valid email or username andor password' is present

2021-05-28 20:44:45 - [TEST_STEP][PASSED] - verifyElementPresent(findTestObject("Object Repository/Login_Mattermost_OR/label_Enter a valid email or username andor password"), 0): Object 'Object Repository/Login_Mattermost_OR/label_Enter a valid email or username andor password' is present

2021-05-28 20:44:45 - [MESSAGE][WARNING] - Timeout '0' is invalid. Using default page load timeout: '30'

2021-05-28 20:44:47 - [MESSAGE][PASSED] - Object 'Object Repository/Login_Mattermost_OR/label_Enter a valid email or username andor password' is present

2021-05-28 20:44:47 - [TEST_STEP][PASSED] - closeBrowser(): Browser is closed

2021-05-28 20:44:48 - [MESSAGE][PASSED] - Browser is closed]]></system-out>
         <system-err><![CDATA[]]></system-err>
      </testcase>
      <testcase name="Test Cases/UpdateFullNameAccount" time="22.021" classname="Test Cases/UpdateFullNameAccount" status="PASSED">
         <system-out><![CDATA[2021-05-28 20:44:48 - [TEST_CASE][PASSED] - Test Cases/UpdateFullNameAccount: Test Cases/UpdateFullNameAccount

2021-05-28 20:44:48 - [TEST_STEP][PASSED] - openBrowser(""): Browser is opened with url: ''

2021-05-28 20:44:48 - [MESSAGE][INFO] - Starting 'Chrome' driver

2021-05-28 20:44:48 - [MESSAGE][INFO] - Action delay is set to 0 milliseconds

2021-05-28 20:44:50 - [MESSAGE][PASSED] - Browser is opened with url: ''

2021-05-28 20:44:50 - [TEST_STEP][PASSED] - navigateToUrl("https://cdnc-group2.herokuapp.com/"): Navigate to 'https://cdnc-group2.herokuapp.com/' successfully

2021-05-28 20:44:54 - [MESSAGE][PASSED] - Navigate to 'https://cdnc-group2.herokuapp.com/' successfully

2021-05-28 20:44:54 - [TEST_STEP][PASSED] - setText(findTestObject("Object Repository/Page_Mattermost/input_All team communication in one place, _dcc84b"), "ngoctin040999@gmail.com"): Text 'ngoctin040999@gmail.com' is set on object 'Object Repository/Page_Mattermost/input_All team communication in one place, _dcc84b'

2021-05-28 20:44:59 - [MESSAGE][PASSED] - Text 'ngoctin040999@gmail.com' is set on object 'Object Repository/Page_Mattermost/input_All team communication in one place, _dcc84b'

2021-05-28 20:44:59 - [TEST_STEP][PASSED] - setEncryptedText(findTestObject("Object Repository/Page_Mattermost/input_All team communication in one place, _a3edc6"), "S8w1SJvl7D1hts9IdMV+NQ=="): Text ****** has been set on object 'Object Repository/Page_Mattermost/input_All team communication in one place, _a3edc6'

2021-05-28 20:45:00 - [MESSAGE][PASSED] - Text ****** has been set on object 'Object Repository/Page_Mattermost/input_All team communication in one place, _a3edc6'

2021-05-28 20:45:00 - [TEST_STEP][PASSED] - click(findTestObject("Object Repository/Page_Mattermost/span_Sign in")): Object: 'Object Repository/Page_Mattermost/span_Sign in' is clicked on

2021-05-28 20:45:01 - [MESSAGE][PASSED] - Object: 'Object Repository/Page_Mattermost/span_Sign in' is clicked on

2021-05-28 20:45:01 - [TEST_STEP][PASSED] - click(findTestObject("Object Repository/Page_Town Square - Team Mattermost/span")): Object: 'Object Repository/Page_Town Square - Team Mattermost/span' is clicked on

2021-05-28 20:45:04 - [MESSAGE][PASSED] - Object: 'Object Repository/Page_Town Square - Team Mattermost/span' is clicked on

2021-05-28 20:45:04 - [TEST_STEP][PASSED] - click(findTestObject("Object Repository/Page_Town Square - Team Mattermost/button_Account Settings")): Object: 'Object Repository/Page_Town Square - Team Mattermost/button_Account Settings' is clicked on

2021-05-28 20:45:05 - [MESSAGE][PASSED] - Object: 'Object Repository/Page_Town Square - Team Mattermost/button_Account Settings' is clicked on

2021-05-28 20:45:05 - [TEST_STEP][PASSED] - click(findTestObject("Object Repository/Page_Town Square - Team Mattermost/button_Edit")): Object: 'Object Repository/Page_Town Square - Team Mattermost/button_Edit' is clicked on

2021-05-28 20:45:06 - [MESSAGE][PASSED] - Object: 'Object Repository/Page_Town Square - Team Mattermost/button_Edit' is clicked on

2021-05-28 20:45:06 - [TEST_STEP][PASSED] - setText(findTestObject("Object Repository/Page_Town Square - Team Mattermost/input_First Name_firstName"), "Tin"): Text 'Tin' is set on object 'Object Repository/Page_Town Square - Team Mattermost/input_First Name_firstName'

2021-05-28 20:45:07 - [MESSAGE][PASSED] - Text 'Tin' is set on object 'Object Repository/Page_Town Square - Team Mattermost/input_First Name_firstName'

2021-05-28 20:45:07 - [TEST_STEP][PASSED] - setText(findTestObject("Object Repository/Page_Town Square - Team Mattermost/input_Last Name_lastName"), "Nguyen Ngoc"): Text 'Nguyen Ngoc' is set on object 'Object Repository/Page_Town Square - Team Mattermost/input_Last Name_lastName'

2021-05-28 20:45:08 - [MESSAGE][PASSED] - Text 'Nguyen Ngoc' is set on object 'Object Repository/Page_Town Square - Team Mattermost/input_Last Name_lastName'

2021-05-28 20:45:08 - [TEST_STEP][PASSED] - click(findTestObject("Object Repository/Page_Town Square - Team Mattermost/span_Save")): Object: 'Object Repository/Page_Town Square - Team Mattermost/span_Save' is clicked on

2021-05-28 20:45:08 - [MESSAGE][PASSED] - Object: 'Object Repository/Page_Town Square - Team Mattermost/span_Save' is clicked on

2021-05-28 20:45:08 - [TEST_STEP][PASSED] - click(findTestObject("Object Repository/Page_Town Square - Team Mattermost/button_Close")): Object: 'Object Repository/Page_Town Square - Team Mattermost/button_Close' is clicked on

2021-05-28 20:45:09 - [MESSAGE][PASSED] - Object: 'Object Repository/Page_Town Square - Team Mattermost/button_Close' is clicked on

2021-05-28 20:45:09 - [TEST_STEP][PASSED] - closeBrowser(): Browser is closed

2021-05-28 20:45:10 - [MESSAGE][PASSED] - Browser is closed]]></system-out>
         <system-err><![CDATA[]]></system-err>
      </testcase>
      <testcase name="Test Cases/UpdateMemberRole" time="52.164" classname="Test Cases/UpdateMemberRole" status="FAILED">
         <failure type="FAILED" message="Test Cases/UpdateMemberRole FAILED.
Reason:
com.kms.katalon.core.exception.StepFailedException: Unable to click on object 'Object Repository/Update Member Role/button_Member'
	at com.kms.katalon.core.webui.keyword.internal.WebUIKeywordMain.stepFailed(WebUIKeywordMain.groovy:64)
	at com.kms.katalon.core.webui.keyword.internal.WebUIKeywordMain.runKeyword(WebUIKeywordMain.groovy:26)
	at com.kms.katalon.core.webui.keyword.builtin.ClickKeyword.click(ClickKeyword.groovy:75)
	at com.kms.katalon.core.webui.keyword.builtin.ClickKeyword.execute(ClickKeyword.groovy:42)
	at com.kms.katalon.core.keyword.internal.KeywordExecutor.executeKeywordForPlatform(KeywordExecutor.groovy:73)
	at com.kms.katalon.core.webui.keyword.WebUiBuiltInKeywords.click(WebUiBuiltInKeywords.groovy:619)
	at com.kms.katalon.core.webui.keyword.WebUiBuiltInKeywords$click$4.call(Unknown Source)
	at UpdateMemberRole.run(UpdateMemberRole:34)
	at com.kms.katalon.core.main.ScriptEngine.run(ScriptEngine.java:194)
	at com.kms.katalon.core.main.ScriptEngine.runScriptAsRawText(ScriptEngine.java:119)
	at com.kms.katalon.core.main.TestCaseExecutor.runScript(TestCaseExecutor.java:398)
	at com.kms.katalon.core.main.TestCaseExecutor.doExecute(TestCaseExecutor.java:389)
	at com.kms.katalon.core.main.TestCaseExecutor.processExecutionPhase(TestCaseExecutor.java:368)
	at com.kms.katalon.core.main.TestCaseExecutor.accessMainPhase(TestCaseExecutor.java:360)
	at com.kms.katalon.core.main.TestCaseExecutor.execute(TestCaseExecutor.java:255)
	at com.kms.katalon.core.main.TestSuiteExecutor.accessTestCaseMainPhase(TestSuiteExecutor.java:203)
	at com.kms.katalon.core.main.TestSuiteExecutor.accessTestSuiteMainPhase(TestSuiteExecutor.java:152)
	at com.kms.katalon.core.main.TestSuiteExecutor.execute(TestSuiteExecutor.java:95)
	at com.kms.katalon.core.main.TestCaseMain.startTestSuite(TestCaseMain.java:157)
	at com.kms.katalon.core.main.TestCaseMain$startTestSuite$0.call(Unknown Source)
	at TempTestSuite1622209211486.run(TempTestSuite1622209211486.groovy:39)
Caused by: org.openqa.selenium.ElementClickInterceptedException: element click intercepted: Element &lt;button type=&quot;button&quot; id=&quot;fileUploadButton&quot; aria-label=&quot;attachment&quot; class=&quot;style--none post-action icon icon--attachment&quot;>...&lt;/button> is not clickable at point (958, 658). Other element would receive the click: &lt;div role=&quot;dialog&quot; aria-labelledby=&quot;teamMemberModalLabel&quot; id=&quot;teamMembersModal&quot; tabindex=&quot;-1&quot; class=&quot;fade in modal&quot; style=&quot;display: block;&quot;>...&lt;/div>
  (Session info: chrome=90.0.4430.212)
Build info: version: '3.141.59', revision: 'e82be7d358', time: '2018-11-14T08:25:53'
System info: host: 'DESKTOP-4EMC2JH', ip: '172.17.183.241', os.name: 'Windows 10', os.arch: 'amd64', os.version: '10.0', java.version: '1.8.0_282'
Driver info: com.kms.katalon.selenium.driver.CChromeDriver
Capabilities {acceptInsecureCerts: false, browserName: chrome, browserVersion: 90.0.4430.212, chrome: {chromedriverVersion: 90.0.4430.24 (4c6d850f087da..., userDataDir: C:\Users\DELL\AppData\Local...}, goog:chromeOptions: {debuggerAddress: localhost:55461}, javascriptEnabled: true, networkConnectionEnabled: false, pageLoadStrategy: normal, platform: WINDOWS, platformName: WINDOWS, proxy: Proxy(), setWindowRect: true, strictFileInteractability: false, timeouts: {implicit: 0, pageLoad: 300000, script: 30000}, unhandledPromptBehavior: dismiss and notify, webauthn:extension:largeBlob: true, webauthn:virtualAuthenticators: true}
Session ID: 17eb29c426ea3a9580d39f15f658e580
	at org.openqa.selenium.remote.http.W3CHttpResponseCodec.createException(W3CHttpResponseCodec.java:187)
	at org.openqa.selenium.remote.http.W3CHttpResponseCodec.decode(W3CHttpResponseCodec.java:122)
	at org.openqa.selenium.remote.http.W3CHttpResponseCodec.decode(W3CHttpResponseCodec.java:49)
	at org.openqa.selenium.remote.HttpCommandExecutor.execute(HttpCommandExecutor.java:158)
	at org.openqa.selenium.remote.service.DriverCommandExecutor.execute(DriverCommandExecutor.java:83)
	at org.openqa.selenium.remote.RemoteWebDriver.execute(RemoteWebDriver.java:552)
	at com.kms.katalon.selenium.driver.CChromeDriver.execute(CChromeDriver.java:19)
	at org.openqa.selenium.remote.RemoteWebElement.execute(RemoteWebElement.java:285)
	at org.openqa.selenium.remote.RemoteWebElement.click(RemoteWebElement.java:84)
	at org.openqa.selenium.support.events.EventFiringWebDriver$EventFiringWebElement.lambda$new$0(EventFiringWebDriver.java:404)
	at com.sun.proxy.$Proxy11.click(Unknown Source)
	at org.openqa.selenium.support.events.EventFiringWebDriver$EventFiringWebElement.click(EventFiringWebDriver.java:417)
	at com.kms.katalon.core.webui.keyword.builtin.ClickKeyword$_click_closure1.doCall(ClickKeyword.groovy:68)
	at com.kms.katalon.core.webui.keyword.builtin.ClickKeyword$_click_closure1.call(ClickKeyword.groovy)
	at com.kms.katalon.core.webui.keyword.internal.WebUIKeywordMain.runKeyword(WebUIKeywordMain.groovy:20)
	... 19 more
"/>
         <system-out><![CDATA[2021-05-28 20:45:10 - [TEST_CASE][FAILED] - Test Cases/UpdateMemberRole: Test Cases/UpdateMemberRole FAILED.
Reason:
com.kms.katalon.core.exception.StepFailedException: Unable to click on object 'Object Repository/Update Member Role/button_Member'
	at com.kms.katalon.core.webui.keyword.internal.WebUIKeywordMain.stepFailed(WebUIKeywordMain.groovy:64)
	at com.kms.katalon.core.webui.keyword.internal.WebUIKeywordMain.runKeyword(WebUIKeywordMain.groovy:26)
	at com.kms.katalon.core.webui.keyword.builtin.ClickKeyword.click(ClickKeyword.groovy:75)
	at com.kms.katalon.core.webui.keyword.builtin.ClickKeyword.execute(ClickKeyword.groovy:42)
	at com.kms.katalon.core.keyword.internal.KeywordExecutor.executeKeywordForPlatform(KeywordExecutor.groovy:73)
	at com.kms.katalon.core.webui.keyword.WebUiBuiltInKeywords.click(WebUiBuiltInKeywords.groovy:619)
	at com.kms.katalon.core.webui.keyword.WebUiBuiltInKeywords$click$4.call(Unknown Source)
	at UpdateMemberRole.run(UpdateMemberRole:34)
	at com.kms.katalon.core.main.ScriptEngine.run(ScriptEngine.java:194)
	at com.kms.katalon.core.main.ScriptEngine.runScriptAsRawText(ScriptEngine.java:119)
	at com.kms.katalon.core.main.TestCaseExecutor.runScript(TestCaseExecutor.java:398)
	at com.kms.katalon.core.main.TestCaseExecutor.doExecute(TestCaseExecutor.java:389)
	at com.kms.katalon.core.main.TestCaseExecutor.processExecutionPhase(TestCaseExecutor.java:368)
	at com.kms.katalon.core.main.TestCaseExecutor.accessMainPhase(TestCaseExecutor.java:360)
	at com.kms.katalon.core.main.TestCaseExecutor.execute(TestCaseExecutor.java:255)
	at com.kms.katalon.core.main.TestSuiteExecutor.accessTestCaseMainPhase(TestSuiteExecutor.java:203)
	at com.kms.katalon.core.main.TestSuiteExecutor.accessTestSuiteMainPhase(TestSuiteExecutor.java:152)
	at com.kms.katalon.core.main.TestSuiteExecutor.execute(TestSuiteExecutor.java:95)
	at com.kms.katalon.core.main.TestCaseMain.startTestSuite(TestCaseMain.java:157)
	at com.kms.katalon.core.main.TestCaseMain$startTestSuite$0.call(Unknown Source)
	at TempTestSuite1622209211486.run(TempTestSuite1622209211486.groovy:39)
Caused by: org.openqa.selenium.ElementClickInterceptedException: element click intercepted: Element <button type="button" id="fileUploadButton" aria-label="attachment" class="style--none post-action icon icon--attachment">...</button> is not clickable at point (958, 658). Other element would receive the click: <div role="dialog" aria-labelledby="teamMemberModalLabel" id="teamMembersModal" tabindex="-1" class="fade in modal" style="display: block;">...</div>
  (Session info: chrome=90.0.4430.212)
Build info: version: '3.141.59', revision: 'e82be7d358', time: '2018-11-14T08:25:53'
System info: host: 'DESKTOP-4EMC2JH', ip: '172.17.183.241', os.name: 'Windows 10', os.arch: 'amd64', os.version: '10.0', java.version: '1.8.0_282'
Driver info: com.kms.katalon.selenium.driver.CChromeDriver
Capabilities {acceptInsecureCerts: false, browserName: chrome, browserVersion: 90.0.4430.212, chrome: {chromedriverVersion: 90.0.4430.24 (4c6d850f087da..., userDataDir: C:\Users\DELL\AppData\Local...}, goog:chromeOptions: {debuggerAddress: localhost:55461}, javascriptEnabled: true, networkConnectionEnabled: false, pageLoadStrategy: normal, platform: WINDOWS, platformName: WINDOWS, proxy: Proxy(), setWindowRect: true, strictFileInteractability: false, timeouts: {implicit: 0, pageLoad: 300000, script: 30000}, unhandledPromptBehavior: dismiss and notify, webauthn:extension:largeBlob: true, webauthn:virtualAuthenticators: true}
Session ID: 17eb29c426ea3a9580d39f15f658e580
	at org.openqa.selenium.remote.http.W3CHttpResponseCodec.createException(W3CHttpResponseCodec.java:187)
	at org.openqa.selenium.remote.http.W3CHttpResponseCodec.decode(W3CHttpResponseCodec.java:122)
	at org.openqa.selenium.remote.http.W3CHttpResponseCodec.decode(W3CHttpResponseCodec.java:49)
	at org.openqa.selenium.remote.HttpCommandExecutor.execute(HttpCommandExecutor.java:158)
	at org.openqa.selenium.remote.service.DriverCommandExecutor.execute(DriverCommandExecutor.java:83)
	at org.openqa.selenium.remote.RemoteWebDriver.execute(RemoteWebDriver.java:552)
	at com.kms.katalon.selenium.driver.CChromeDriver.execute(CChromeDriver.java:19)
	at org.openqa.selenium.remote.RemoteWebElement.execute(RemoteWebElement.java:285)
	at org.openqa.selenium.remote.RemoteWebElement.click(RemoteWebElement.java:84)
	at org.openqa.selenium.support.events.EventFiringWebDriver$EventFiringWebElement.lambda$new$0(EventFiringWebDriver.java:404)
	at com.sun.proxy.$Proxy11.click(Unknown Source)
	at org.openqa.selenium.support.events.EventFiringWebDriver$EventFiringWebElement.click(EventFiringWebDriver.java:417)
	at com.kms.katalon.core.webui.keyword.builtin.ClickKeyword$_click_closure1.doCall(ClickKeyword.groovy:68)
	at com.kms.katalon.core.webui.keyword.builtin.ClickKeyword$_click_closure1.call(ClickKeyword.groovy)
	at com.kms.katalon.core.webui.keyword.internal.WebUIKeywordMain.runKeyword(WebUIKeywordMain.groovy:20)
	... 19 more


2021-05-28 20:45:10 - [TEST_STEP][PASSED] - openBrowser("https://cdnc-group2.herokuapp.com/"): Browser is opened with url: 'https://cdnc-group2.herokuapp.com/'

2021-05-28 20:45:10 - [MESSAGE][INFO] - Starting 'Chrome' driver

2021-05-28 20:45:10 - [MESSAGE][INFO] - Action delay is set to 0 milliseconds

2021-05-28 20:45:17 - [MESSAGE][PASSED] - Browser is opened with url: 'https://cdnc-group2.herokuapp.com/'

2021-05-28 20:45:17 - [TEST_STEP][PASSED] - setText(findTestObject("Login/input_Email"), "ngoctin040999@gmail.com"): Text 'ngoctin040999@gmail.com' is set on object 'Object Repository/Login/input_Email'

2021-05-28 20:45:23 - [MESSAGE][PASSED] - Text 'ngoctin040999@gmail.com' is set on object 'Object Repository/Login/input_Email'

2021-05-28 20:45:23 - [TEST_STEP][PASSED] - setText(findTestObject("Login/input_Password"), "ngoctin1"): Text 'ngoctin1' is set on object 'Object Repository/Login/input_Password'

2021-05-28 20:45:24 - [MESSAGE][PASSED] - Text 'ngoctin1' is set on object 'Object Repository/Login/input_Password'

2021-05-28 20:45:24 - [TEST_STEP][PASSED] - click(findTestObject("Login/button_Sign in")): Object: 'Object Repository/Login/button_Sign in' is clicked on

2021-05-28 20:45:25 - [MESSAGE][PASSED] - Object: 'Object Repository/Login/button_Sign in' is clicked on

2021-05-28 20:45:25 - [TEST_STEP][PASSED] - delay(2): Delayed 2 second(s)

2021-05-28 20:45:27 - [MESSAGE][PASSED] - Delayed 2 second(s)

2021-05-28 20:45:27 - [TEST_STEP][PASSED] - click(findTestObject("UpdatePassword/button_Option")): Object: 'Object Repository/UpdatePassword/button_Option' is clicked on

2021-05-28 20:45:28 - [MESSAGE][PASSED] - Object: 'Object Repository/UpdatePassword/button_Option' is clicked on

2021-05-28 20:45:28 - [TEST_STEP][PASSED] - click(findTestObject("Update Member Role/button_Manage Members")): Object: 'Object Repository/Update Member Role/button_Manage Members' is clicked on

2021-05-28 20:45:29 - [MESSAGE][PASSED] - Object: 'Object Repository/Update Member Role/button_Manage Members' is clicked on

2021-05-28 20:45:29 - [TEST_STEP][FAILED] - click(findTestObject("Update Member Role/button_Member")): Unable to click on object 'Object Repository/Update Member Role/button_Member' (Root cause: com.kms.katalon.core.exception.StepFailedException: Unable to click on object 'Object Repository/Update Member Role/button_Member'
	at com.kms.katalon.core.webui.keyword.internal.WebUIKeywordMain.stepFailed(WebUIKeywordMain.groovy:64)
	at com.kms.katalon.core.webui.keyword.internal.WebUIKeywordMain.runKeyword(WebUIKeywordMain.groovy:26)
	at com.kms.katalon.core.webui.keyword.builtin.ClickKeyword.click(ClickKeyword.groovy:75)
	at com.kms.katalon.core.webui.keyword.builtin.ClickKeyword.execute(ClickKeyword.groovy:42)
	at com.kms.katalon.core.keyword.internal.KeywordExecutor.executeKeywordForPlatform(KeywordExecutor.groovy:73)
	at com.kms.katalon.core.webui.keyword.WebUiBuiltInKeywords.click(WebUiBuiltInKeywords.groovy:619)
	at com.kms.katalon.core.webui.keyword.WebUiBuiltInKeywords$click$4.call(Unknown Source)
	at UpdateMemberRole.run(UpdateMemberRole:34)
	at com.kms.katalon.core.main.ScriptEngine.run(ScriptEngine.java:194)
	at com.kms.katalon.core.main.ScriptEngine.runScriptAsRawText(ScriptEngine.java:119)
	at com.kms.katalon.core.main.TestCaseExecutor.runScript(TestCaseExecutor.java:398)
	at com.kms.katalon.core.main.TestCaseExecutor.doExecute(TestCaseExecutor.java:389)
	at com.kms.katalon.core.main.TestCaseExecutor.processExecutionPhase(TestCaseExecutor.java:368)
	at com.kms.katalon.core.main.TestCaseExecutor.accessMainPhase(TestCaseExecutor.java:360)
	at com.kms.katalon.core.main.TestCaseExecutor.execute(TestCaseExecutor.java:255)
	at com.kms.katalon.core.main.TestSuiteExecutor.accessTestCaseMainPhase(TestSuiteExecutor.java:203)
	at com.kms.katalon.core.main.TestSuiteExecutor.accessTestSuiteMainPhase(TestSuiteExecutor.java:152)
	at com.kms.katalon.core.main.TestSuiteExecutor.execute(TestSuiteExecutor.java:95)
	at com.kms.katalon.core.main.TestCaseMain.startTestSuite(TestCaseMain.java:157)
	at com.kms.katalon.core.main.TestCaseMain$startTestSuite$0.call(Unknown Source)
	at TempTestSuite1622209211486.run(TempTestSuite1622209211486.groovy:39)
Caused by: org.openqa.selenium.ElementClickInterceptedException: element click intercepted: Element <button type="button" id="fileUploadButton" aria-label="attachment" class="style--none post-action icon icon--attachment">...</button> is not clickable at point (958, 658). Other element would receive the click: <div role="dialog" aria-labelledby="teamMemberModalLabel" id="teamMembersModal" tabindex="-1" class="fade in modal" style="display: block;">...</div>
  (Session info: chrome=90.0.4430.212)
Build info: version: '3.141.59', revision: 'e82be7d358', time: '2018-11-14T08:25:53'
System info: host: 'DESKTOP-4EMC2JH', ip: '172.17.183.241', os.name: 'Windows 10', os.arch: 'amd64', os.version: '10.0', java.version: '1.8.0_282'
Driver info: com.kms.katalon.selenium.driver.CChromeDriver
Capabilities {acceptInsecureCerts: false, browserName: chrome, browserVersion: 90.0.4430.212, chrome: {chromedriverVersion: 90.0.4430.24 (4c6d850f087da..., userDataDir: C:\Users\DELL\AppData\Local...}, goog:chromeOptions: {debuggerAddress: localhost:55461}, javascriptEnabled: true, networkConnectionEnabled: false, pageLoadStrategy: normal, platform: WINDOWS, platformName: WINDOWS, proxy: Proxy(), setWindowRect: true, strictFileInteractability: false, timeouts: {implicit: 0, pageLoad: 300000, script: 30000}, unhandledPromptBehavior: dismiss and notify, webauthn:extension:largeBlob: true, webauthn:virtualAuthenticators: true}
Session ID: 17eb29c426ea3a9580d39f15f658e580
	at org.openqa.selenium.remote.http.W3CHttpResponseCodec.createException(W3CHttpResponseCodec.java:187)
	at org.openqa.selenium.remote.http.W3CHttpResponseCodec.decode(W3CHttpResponseCodec.java:122)
	at org.openqa.selenium.remote.http.W3CHttpResponseCodec.decode(W3CHttpResponseCodec.java:49)
	at org.openqa.selenium.remote.HttpCommandExecutor.execute(HttpCommandExecutor.java:158)
	at org.openqa.selenium.remote.service.DriverCommandExecutor.execute(DriverCommandExecutor.java:83)
	at org.openqa.selenium.remote.RemoteWebDriver.execute(RemoteWebDriver.java:552)
	at com.kms.katalon.selenium.driver.CChromeDriver.execute(CChromeDriver.java:19)
	at org.openqa.selenium.remote.RemoteWebElement.execute(RemoteWebElement.java:285)
	at org.openqa.selenium.remote.RemoteWebElement.click(RemoteWebElement.java:84)
	at org.openqa.selenium.support.events.EventFiringWebDriver$EventFiringWebElement.lambda$new$0(EventFiringWebDriver.java:404)
	at com.sun.proxy.$Proxy11.click(Unknown Source)
	at org.openqa.selenium.support.events.EventFiringWebDriver$EventFiringWebElement.click(EventFiringWebDriver.java:417)
	at com.kms.katalon.core.webui.keyword.builtin.ClickKeyword$_click_closure1.doCall(ClickKeyword.groovy:68)
	at com.kms.katalon.core.webui.keyword.builtin.ClickKeyword$_click_closure1.call(ClickKeyword.groovy)
	at com.kms.katalon.core.webui.keyword.internal.WebUIKeywordMain.runKeyword(WebUIKeywordMain.groovy:20)
	at com.kms.katalon.core.webui.keyword.builtin.ClickKeyword.click(ClickKeyword.groovy:75)
	at com.kms.katalon.core.webui.keyword.builtin.ClickKeyword.execute(ClickKeyword.groovy:42)
	at com.kms.katalon.core.keyword.internal.KeywordExecutor.executeKeywordForPlatform(KeywordExecutor.groovy:73)
	at com.kms.katalon.core.webui.keyword.WebUiBuiltInKeywords.click(WebUiBuiltInKeywords.groovy:619)
	at com.kms.katalon.core.webui.keyword.WebUiBuiltInKeywords$click$4.call(Unknown Source)
	at Script1621952286864.run(Script1621952286864.groovy:34)
	... 13 more
)

2021-05-28 20:46:00 - [MESSAGE][INFO] - Unable to find the element located by 'By.xpath: //button[@id='teamMembersDropdown_test1']'. Please recheck the objects properties to make sure the desired element is located. 

2021-05-28 20:46:00 - [MESSAGE][WARNING] - [SELF-HEALING] Failed to find element with id 'Object Repository/Update Member Role/button_Member'. Try using Self-healing.

2021-05-28 20:46:00 - [MESSAGE][WARNING] - [SELF-HEALING] The current locator of test object 'Object Repository/Update Member Role/button_Member' was broken. Propose an alternative one: '(.//*[normalize-space(text()) and normalize-space(.)='@test1'])[3]/following::button[1]'.

2021-05-28 20:46:02 - [MESSAGE][FAILED] - Unable to click on object 'Object Repository/Update Member Role/button_Member' (Root cause: com.kms.katalon.core.exception.StepFailedException: Unable to click on object 'Object Repository/Update Member Role/button_Member'
	at com.kms.katalon.core.webui.keyword.internal.WebUIKeywordMain.stepFailed(WebUIKeywordMain.groovy:64)
	at com.kms.katalon.core.webui.keyword.internal.WebUIKeywordMain.runKeyword(WebUIKeywordMain.groovy:26)
	at com.kms.katalon.core.webui.keyword.builtin.ClickKeyword.click(ClickKeyword.groovy:75)
	at com.kms.katalon.core.webui.keyword.builtin.ClickKeyword.execute(ClickKeyword.groovy:42)
	at com.kms.katalon.core.keyword.internal.KeywordExecutor.executeKeywordForPlatform(KeywordExecutor.groovy:73)
	at com.kms.katalon.core.webui.keyword.WebUiBuiltInKeywords.click(WebUiBuiltInKeywords.groovy:619)
	at com.kms.katalon.core.webui.keyword.WebUiBuiltInKeywords$click$4.call(Unknown Source)
	at UpdateMemberRole.run(UpdateMemberRole:34)
	at com.kms.katalon.core.main.ScriptEngine.run(ScriptEngine.java:194)
	at com.kms.katalon.core.main.ScriptEngine.runScriptAsRawText(ScriptEngine.java:119)
	at com.kms.katalon.core.main.TestCaseExecutor.runScript(TestCaseExecutor.java:398)
	at com.kms.katalon.core.main.TestCaseExecutor.doExecute(TestCaseExecutor.java:389)
	at com.kms.katalon.core.main.TestCaseExecutor.processExecutionPhase(TestCaseExecutor.java:368)
	at com.kms.katalon.core.main.TestCaseExecutor.accessMainPhase(TestCaseExecutor.java:360)
	at com.kms.katalon.core.main.TestCaseExecutor.execute(TestCaseExecutor.java:255)
	at com.kms.katalon.core.main.TestSuiteExecutor.accessTestCaseMainPhase(TestSuiteExecutor.java:203)
	at com.kms.katalon.core.main.TestSuiteExecutor.accessTestSuiteMainPhase(TestSuiteExecutor.java:152)
	at com.kms.katalon.core.main.TestSuiteExecutor.execute(TestSuiteExecutor.java:95)
	at com.kms.katalon.core.main.TestCaseMain.startTestSuite(TestCaseMain.java:157)
	at com.kms.katalon.core.main.TestCaseMain$startTestSuite$0.call(Unknown Source)
	at TempTestSuite1622209211486.run(TempTestSuite1622209211486.groovy:39)
Caused by: org.openqa.selenium.ElementClickInterceptedException: element click intercepted: Element <button type="button" id="fileUploadButton" aria-label="attachment" class="style--none post-action icon icon--attachment">...</button> is not clickable at point (958, 658). Other element would receive the click: <div role="dialog" aria-labelledby="teamMemberModalLabel" id="teamMembersModal" tabindex="-1" class="fade in modal" style="display: block;">...</div>
  (Session info: chrome=90.0.4430.212)
Build info: version: '3.141.59', revision: 'e82be7d358', time: '2018-11-14T08:25:53'
System info: host: 'DESKTOP-4EMC2JH', ip: '172.17.183.241', os.name: 'Windows 10', os.arch: 'amd64', os.version: '10.0', java.version: '1.8.0_282'
Driver info: com.kms.katalon.selenium.driver.CChromeDriver
Capabilities {acceptInsecureCerts: false, browserName: chrome, browserVersion: 90.0.4430.212, chrome: {chromedriverVersion: 90.0.4430.24 (4c6d850f087da..., userDataDir: C:\Users\DELL\AppData\Local...}, goog:chromeOptions: {debuggerAddress: localhost:55461}, javascriptEnabled: true, networkConnectionEnabled: false, pageLoadStrategy: normal, platform: WINDOWS, platformName: WINDOWS, proxy: Proxy(), setWindowRect: true, strictFileInteractability: false, timeouts: {implicit: 0, pageLoad: 300000, script: 30000}, unhandledPromptBehavior: dismiss and notify, webauthn:extension:largeBlob: true, webauthn:virtualAuthenticators: true}
Session ID: 17eb29c426ea3a9580d39f15f658e580
	at org.openqa.selenium.remote.http.W3CHttpResponseCodec.createException(W3CHttpResponseCodec.java:187)
	at org.openqa.selenium.remote.http.W3CHttpResponseCodec.decode(W3CHttpResponseCodec.java:122)
	at org.openqa.selenium.remote.http.W3CHttpResponseCodec.decode(W3CHttpResponseCodec.java:49)
	at org.openqa.selenium.remote.HttpCommandExecutor.execute(HttpCommandExecutor.java:158)
	at org.openqa.selenium.remote.service.DriverCommandExecutor.execute(DriverCommandExecutor.java:83)
	at org.openqa.selenium.remote.RemoteWebDriver.execute(RemoteWebDriver.java:552)
	at com.kms.katalon.selenium.driver.CChromeDriver.execute(CChromeDriver.java:19)
	at org.openqa.selenium.remote.RemoteWebElement.execute(RemoteWebElement.java:285)
	at org.openqa.selenium.remote.RemoteWebElement.click(RemoteWebElement.java:84)
	at org.openqa.selenium.support.events.EventFiringWebDriver$EventFiringWebElement.lambda$new$0(EventFiringWebDriver.java:404)
	at com.sun.proxy.$Proxy11.click(Unknown Source)
	at org.openqa.selenium.support.events.EventFiringWebDriver$EventFiringWebElement.click(EventFiringWebDriver.java:417)
	at com.kms.katalon.core.webui.keyword.builtin.ClickKeyword$_click_closure1.doCall(ClickKeyword.groovy:68)
	at com.kms.katalon.core.webui.keyword.builtin.ClickKeyword$_click_closure1.call(ClickKeyword.groovy)
	at com.kms.katalon.core.webui.keyword.internal.WebUIKeywordMain.runKeyword(WebUIKeywordMain.groovy:20)
	at com.kms.katalon.core.webui.keyword.builtin.ClickKeyword.click(ClickKeyword.groovy:75)
	at com.kms.katalon.core.webui.keyword.builtin.ClickKeyword.execute(ClickKeyword.groovy:42)
	at com.kms.katalon.core.keyword.internal.KeywordExecutor.executeKeywordForPlatform(KeywordExecutor.groovy:73)
	at com.kms.katalon.core.webui.keyword.WebUiBuiltInKeywords.click(WebUiBuiltInKeywords.groovy:619)
	at com.kms.katalon.core.webui.keyword.WebUiBuiltInKeywords$click$4.call(Unknown Source)
	at Script1621952286864.run(Script1621952286864.groovy:34)
	... 13 more
)
[[ATTACHMENT|G:\\HCMUS\\Nam4\\HK2\\Deadline\\2\\katalon\\Reports\\20210528_204011\\Run all test cases\\20210528_204011\\1622209562099.png]]]]></system-out>
         <system-err><![CDATA[2021-05-28 20:45:10 - [TEST_CASE][FAILED] - Test Cases/UpdateMemberRole: Test Cases/UpdateMemberRole FAILED.
Reason:
com.kms.katalon.core.exception.StepFailedException: Unable to click on object 'Object Repository/Update Member Role/button_Member'
	at com.kms.katalon.core.webui.keyword.internal.WebUIKeywordMain.stepFailed(WebUIKeywordMain.groovy:64)
	at com.kms.katalon.core.webui.keyword.internal.WebUIKeywordMain.runKeyword(WebUIKeywordMain.groovy:26)
	at com.kms.katalon.core.webui.keyword.builtin.ClickKeyword.click(ClickKeyword.groovy:75)
	at com.kms.katalon.core.webui.keyword.builtin.ClickKeyword.execute(ClickKeyword.groovy:42)
	at com.kms.katalon.core.keyword.internal.KeywordExecutor.executeKeywordForPlatform(KeywordExecutor.groovy:73)
	at com.kms.katalon.core.webui.keyword.WebUiBuiltInKeywords.click(WebUiBuiltInKeywords.groovy:619)
	at com.kms.katalon.core.webui.keyword.WebUiBuiltInKeywords$click$4.call(Unknown Source)
	at UpdateMemberRole.run(UpdateMemberRole:34)
	at com.kms.katalon.core.main.ScriptEngine.run(ScriptEngine.java:194)
	at com.kms.katalon.core.main.ScriptEngine.runScriptAsRawText(ScriptEngine.java:119)
	at com.kms.katalon.core.main.TestCaseExecutor.runScript(TestCaseExecutor.java:398)
	at com.kms.katalon.core.main.TestCaseExecutor.doExecute(TestCaseExecutor.java:389)
	at com.kms.katalon.core.main.TestCaseExecutor.processExecutionPhase(TestCaseExecutor.java:368)
	at com.kms.katalon.core.main.TestCaseExecutor.accessMainPhase(TestCaseExecutor.java:360)
	at com.kms.katalon.core.main.TestCaseExecutor.execute(TestCaseExecutor.java:255)
	at com.kms.katalon.core.main.TestSuiteExecutor.accessTestCaseMainPhase(TestSuiteExecutor.java:203)
	at com.kms.katalon.core.main.TestSuiteExecutor.accessTestSuiteMainPhase(TestSuiteExecutor.java:152)
	at com.kms.katalon.core.main.TestSuiteExecutor.execute(TestSuiteExecutor.java:95)
	at com.kms.katalon.core.main.TestCaseMain.startTestSuite(TestCaseMain.java:157)
	at com.kms.katalon.core.main.TestCaseMain$startTestSuite$0.call(Unknown Source)
	at TempTestSuite1622209211486.run(TempTestSuite1622209211486.groovy:39)
Caused by: org.openqa.selenium.ElementClickInterceptedException: element click intercepted: Element <button type="button" id="fileUploadButton" aria-label="attachment" class="style--none post-action icon icon--attachment">...</button> is not clickable at point (958, 658). Other element would receive the click: <div role="dialog" aria-labelledby="teamMemberModalLabel" id="teamMembersModal" tabindex="-1" class="fade in modal" style="display: block;">...</div>
  (Session info: chrome=90.0.4430.212)
Build info: version: '3.141.59', revision: 'e82be7d358', time: '2018-11-14T08:25:53'
System info: host: 'DESKTOP-4EMC2JH', ip: '172.17.183.241', os.name: 'Windows 10', os.arch: 'amd64', os.version: '10.0', java.version: '1.8.0_282'
Driver info: com.kms.katalon.selenium.driver.CChromeDriver
Capabilities {acceptInsecureCerts: false, browserName: chrome, browserVersion: 90.0.4430.212, chrome: {chromedriverVersion: 90.0.4430.24 (4c6d850f087da..., userDataDir: C:\Users\DELL\AppData\Local...}, goog:chromeOptions: {debuggerAddress: localhost:55461}, javascriptEnabled: true, networkConnectionEnabled: false, pageLoadStrategy: normal, platform: WINDOWS, platformName: WINDOWS, proxy: Proxy(), setWindowRect: true, strictFileInteractability: false, timeouts: {implicit: 0, pageLoad: 300000, script: 30000}, unhandledPromptBehavior: dismiss and notify, webauthn:extension:largeBlob: true, webauthn:virtualAuthenticators: true}
Session ID: 17eb29c426ea3a9580d39f15f658e580
	at org.openqa.selenium.remote.http.W3CHttpResponseCodec.createException(W3CHttpResponseCodec.java:187)
	at org.openqa.selenium.remote.http.W3CHttpResponseCodec.decode(W3CHttpResponseCodec.java:122)
	at org.openqa.selenium.remote.http.W3CHttpResponseCodec.decode(W3CHttpResponseCodec.java:49)
	at org.openqa.selenium.remote.HttpCommandExecutor.execute(HttpCommandExecutor.java:158)
	at org.openqa.selenium.remote.service.DriverCommandExecutor.execute(DriverCommandExecutor.java:83)
	at org.openqa.selenium.remote.RemoteWebDriver.execute(RemoteWebDriver.java:552)
	at com.kms.katalon.selenium.driver.CChromeDriver.execute(CChromeDriver.java:19)
	at org.openqa.selenium.remote.RemoteWebElement.execute(RemoteWebElement.java:285)
	at org.openqa.selenium.remote.RemoteWebElement.click(RemoteWebElement.java:84)
	at org.openqa.selenium.support.events.EventFiringWebDriver$EventFiringWebElement.lambda$new$0(EventFiringWebDriver.java:404)
	at com.sun.proxy.$Proxy11.click(Unknown Source)
	at org.openqa.selenium.support.events.EventFiringWebDriver$EventFiringWebElement.click(EventFiringWebDriver.java:417)
	at com.kms.katalon.core.webui.keyword.builtin.ClickKeyword$_click_closure1.doCall(ClickKeyword.groovy:68)
	at com.kms.katalon.core.webui.keyword.builtin.ClickKeyword$_click_closure1.call(ClickKeyword.groovy)
	at com.kms.katalon.core.webui.keyword.internal.WebUIKeywordMain.runKeyword(WebUIKeywordMain.groovy:20)
	... 19 more]]></system-err>
      </testcase>
      <testcase name="Test Cases/UpdateUsernameAccount" time="22.589" classname="Test Cases/UpdateUsernameAccount" status="PASSED">
         <system-out><![CDATA[2021-05-28 20:46:02 - [TEST_CASE][PASSED] - Test Cases/UpdateUsernameAccount: Test Cases/UpdateUsernameAccount

2021-05-28 20:46:02 - [TEST_STEP][PASSED] - openBrowser(""): Browser is opened with url: ''

2021-05-28 20:46:02 - [MESSAGE][WARNING] - A browser is already opened. Closing browser and opening a new one

2021-05-28 20:46:03 - [MESSAGE][INFO] - Starting 'Chrome' driver

2021-05-28 20:46:03 - [MESSAGE][INFO] - Action delay is set to 0 milliseconds

2021-05-28 20:46:05 - [MESSAGE][PASSED] - Browser is opened with url: ''

2021-05-28 20:46:05 - [TEST_STEP][PASSED] - navigateToUrl("https://cdnc-group2.herokuapp.com/"): Navigate to 'https://cdnc-group2.herokuapp.com/' successfully

2021-05-28 20:46:10 - [MESSAGE][PASSED] - Navigate to 'https://cdnc-group2.herokuapp.com/' successfully

2021-05-28 20:46:10 - [TEST_STEP][PASSED] - setText(findTestObject("Object Repository/Page_Mattermost/input_All team communication in one place, _dcc84b"), "ngoctin040999@gmail.com"): Text 'ngoctin040999@gmail.com' is set on object 'Object Repository/Page_Mattermost/input_All team communication in one place, _dcc84b'

2021-05-28 20:46:15 - [MESSAGE][PASSED] - Text 'ngoctin040999@gmail.com' is set on object 'Object Repository/Page_Mattermost/input_All team communication in one place, _dcc84b'

2021-05-28 20:46:15 - [TEST_STEP][PASSED] - setEncryptedText(findTestObject("Object Repository/Page_Mattermost/input_All team communication in one place, _a3edc6"), "S8w1SJvl7D1hts9IdMV+NQ=="): Text ****** has been set on object 'Object Repository/Page_Mattermost/input_All team communication in one place, _a3edc6'

2021-05-28 20:46:16 - [MESSAGE][PASSED] - Text ****** has been set on object 'Object Repository/Page_Mattermost/input_All team communication in one place, _a3edc6'

2021-05-28 20:46:16 - [TEST_STEP][PASSED] - click(findTestObject("Object Repository/Page_Mattermost/button_Sign in")): Object: 'Object Repository/Page_Mattermost/button_Sign in' is clicked on

2021-05-28 20:46:16 - [MESSAGE][PASSED] - Object: 'Object Repository/Page_Mattermost/button_Sign in' is clicked on

2021-05-28 20:46:16 - [TEST_STEP][PASSED] - click(findTestObject("Object Repository/Page_Town Square - TOKEN_UPDATED Mattermost/button_ngoctin02806_style--none sidebar-hea_8af0e1")): Object: 'Object Repository/Page_Town Square - TOKEN_UPDATED Mattermost/button_ngoctin02806_style--none sidebar-hea_8af0e1' is clicked on

2021-05-28 20:46:20 - [MESSAGE][PASSED] - Object: 'Object Repository/Page_Town Square - TOKEN_UPDATED Mattermost/button_ngoctin02806_style--none sidebar-hea_8af0e1' is clicked on

2021-05-28 20:46:20 - [TEST_STEP][PASSED] - click(findTestObject("Object Repository/Page_Town Square - TOKEN_UPDATED Mattermost/button_Account Settings")): Object: 'Object Repository/Page_Town Square - TOKEN_UPDATED Mattermost/button_Account Settings' is clicked on

2021-05-28 20:46:20 - [MESSAGE][PASSED] - Object: 'Object Repository/Page_Town Square - TOKEN_UPDATED Mattermost/button_Account Settings' is clicked on

2021-05-28 20:46:20 - [TEST_STEP][PASSED] - click(findTestObject("Object Repository/Page_Town Square - TOKEN_UPDATED Mattermost/span_Edit")): Object: 'Object Repository/Page_Town Square - TOKEN_UPDATED Mattermost/span_Edit' is clicked on

2021-05-28 20:46:21 - [MESSAGE][PASSED] - Object: 'Object Repository/Page_Town Square - TOKEN_UPDATED Mattermost/span_Edit' is clicked on

2021-05-28 20:46:21 - [TEST_STEP][PASSED] - setText(findTestObject("Object Repository/Page_Town Square - TOKEN_UPDATED Mattermost/input_Username_username"), "ngoctin12345"): Text 'ngoctin12345' is set on object 'Object Repository/Page_Town Square - TOKEN_UPDATED Mattermost/input_Username_username'

2021-05-28 20:46:22 - [MESSAGE][PASSED] - Text 'ngoctin12345' is set on object 'Object Repository/Page_Town Square - TOKEN_UPDATED Mattermost/input_Username_username'

2021-05-28 20:46:22 - [TEST_STEP][PASSED] - click(findTestObject("Object Repository/Page_Town Square - TOKEN_UPDATED Mattermost/button_Save")): Object: 'Object Repository/Page_Town Square - TOKEN_UPDATED Mattermost/button_Save' is clicked on

2021-05-28 20:46:22 - [MESSAGE][PASSED] - Object: 'Object Repository/Page_Town Square - TOKEN_UPDATED Mattermost/button_Save' is clicked on

2021-05-28 20:46:22 - [TEST_STEP][PASSED] - click(findTestObject("Object Repository/Page_Town Square - TOKEN_UPDATED Mattermost/button_Close")): Object: 'Object Repository/Page_Town Square - TOKEN_UPDATED Mattermost/button_Close' is clicked on

2021-05-28 20:46:23 - [MESSAGE][PASSED] - Object: 'Object Repository/Page_Town Square - TOKEN_UPDATED Mattermost/button_Close' is clicked on

2021-05-28 20:46:23 - [TEST_STEP][PASSED] - closeBrowser(): Browser is closed

2021-05-28 20:46:24 - [MESSAGE][PASSED] - Browser is closed]]></system-out>
         <system-err><![CDATA[]]></system-err>
      </testcase>
      <testcase name="Test Cases/EditClockDiplsy" time="23.78" classname="Test Cases/EditClockDiplsy" status="PASSED">
         <system-out><![CDATA[2021-05-28 20:46:24 - [TEST_CASE][PASSED] - Test Cases/EditClockDiplsy: Test Cases/EditClockDiplsy

2021-05-28 20:46:25 - [TEST_STEP][PASSED] - openBrowser("https://cdnc-group2.herokuapp.com/"): Browser is opened with url: 'https://cdnc-group2.herokuapp.com/'

2021-05-28 20:46:25 - [MESSAGE][INFO] - Starting 'Chrome' driver

2021-05-28 20:46:25 - [MESSAGE][INFO] - Action delay is set to 0 milliseconds

2021-05-28 20:46:31 - [MESSAGE][PASSED] - Browser is opened with url: 'https://cdnc-group2.herokuapp.com/'

2021-05-28 20:46:31 - [TEST_STEP][PASSED] - setText(findTestObject("Login/input_Email"), "ngoctin040999@gmail.com"): Text 'ngoctin040999@gmail.com' is set on object 'Object Repository/Login/input_Email'

2021-05-28 20:46:36 - [MESSAGE][PASSED] - Text 'ngoctin040999@gmail.com' is set on object 'Object Repository/Login/input_Email'

2021-05-28 20:46:36 - [TEST_STEP][PASSED] - setText(findTestObject("Login/input_Password"), "ngoctin1"): Text 'ngoctin1' is set on object 'Object Repository/Login/input_Password'

2021-05-28 20:46:36 - [MESSAGE][PASSED] - Text 'ngoctin1' is set on object 'Object Repository/Login/input_Password'

2021-05-28 20:46:36 - [TEST_STEP][PASSED] - click(findTestObject("Login/button_Sign in")): Object: 'Object Repository/Login/button_Sign in' is clicked on

2021-05-28 20:46:37 - [MESSAGE][PASSED] - Object: 'Object Repository/Login/button_Sign in' is clicked on

2021-05-28 20:46:37 - [TEST_STEP][PASSED] - delay(2): Delayed 2 second(s)

2021-05-28 20:46:39 - [MESSAGE][PASSED] - Delayed 2 second(s)

2021-05-28 20:46:39 - [TEST_STEP][PASSED] - click(findTestObject("UpdatePassword/button_Option")): Object: 'Object Repository/UpdatePassword/button_Option' is clicked on

2021-05-28 20:46:41 - [MESSAGE][PASSED] - Object: 'Object Repository/UpdatePassword/button_Option' is clicked on

2021-05-28 20:46:41 - [TEST_STEP][PASSED] - click(findTestObject("UpdatePassword/button_Account Settings")): Object: 'Object Repository/UpdatePassword/button_Account Settings' is clicked on

2021-05-28 20:46:41 - [MESSAGE][PASSED] - Object: 'Object Repository/UpdatePassword/button_Account Settings' is clicked on

2021-05-28 20:46:41 - [TEST_STEP][PASSED] - click(findTestObject("Edit Theme/button_Display")): Object: 'Object Repository/Edit Theme/button_Display' is clicked on

2021-05-28 20:46:42 - [MESSAGE][PASSED] - Object: 'Object Repository/Edit Theme/button_Display' is clicked on

2021-05-28 20:46:42 - [TEST_STEP][PASSED] - click(findTestObject("Edit Clock Display/button_Edit")): Object: 'Object Repository/Edit Clock Display/button_Edit' is clicked on

2021-05-28 20:46:42 - [MESSAGE][PASSED] - Object: 'Object Repository/Edit Clock Display/button_Edit' is clicked on

2021-05-28 20:46:42 - [TEST_STEP][PASSED] - click(findTestObject("Edit Clock Display/input_Clock Display_24")): Object: 'Object Repository/Edit Clock Display/input_Clock Display_24' is clicked on

2021-05-28 20:46:43 - [MESSAGE][PASSED] - Object: 'Object Repository/Edit Clock Display/input_Clock Display_24' is clicked on

2021-05-28 20:46:43 - [TEST_STEP][PASSED] - click(findTestObject("Edit Clock Display/button_Save")): Object: 'Object Repository/Edit Clock Display/button_Save' is clicked on

2021-05-28 20:46:44 - [MESSAGE][PASSED] - Object: 'Object Repository/Edit Clock Display/button_Save' is clicked on

2021-05-28 20:46:44 - [TEST_STEP][PASSED] - delay(1): Delayed 1 second(s)

2021-05-28 20:46:45 - [MESSAGE][PASSED] - Delayed 1 second(s)

2021-05-28 20:46:45 - [TEST_STEP][PASSED] - click(findTestObject("Edit Clock Display/button_Edit")): Object: 'Object Repository/Edit Clock Display/button_Edit' is clicked on

2021-05-28 20:46:45 - [MESSAGE][PASSED] - Object: 'Object Repository/Edit Clock Display/button_Edit' is clicked on

2021-05-28 20:46:45 - [TEST_STEP][PASSED] - click(findTestObject("Edit Clock Display/input_Clock Display_12")): Object: 'Object Repository/Edit Clock Display/input_Clock Display_12' is clicked on

2021-05-28 20:46:46 - [MESSAGE][PASSED] - Object: 'Object Repository/Edit Clock Display/input_Clock Display_12' is clicked on

2021-05-28 20:46:46 - [TEST_STEP][PASSED] - click(findTestObject("Edit Clock Display/button_Save")): Object: 'Object Repository/Edit Clock Display/button_Save' is clicked on

2021-05-28 20:46:46 - [MESSAGE][PASSED] - Object: 'Object Repository/Edit Clock Display/button_Save' is clicked on

2021-05-28 20:46:46 - [TEST_STEP][PASSED] - delay(1): Delayed 1 second(s)

2021-05-28 20:46:47 - [MESSAGE][PASSED] - Delayed 1 second(s)

2021-05-28 20:46:47 - [TEST_STEP][PASSED] - closeBrowser(): Browser is closed

2021-05-28 20:46:48 - [MESSAGE][PASSED] - Browser is closed]]></system-out>
         <system-err><![CDATA[]]></system-err>
      </testcase>
      <testcase name="Test Cases/EditSideBar" time="23.912" classname="Test Cases/EditSideBar" status="PASSED">
         <system-out><![CDATA[2021-05-28 20:46:48 - [TEST_CASE][PASSED] - Test Cases/EditSideBar: Test Cases/EditSideBar

2021-05-28 20:46:49 - [TEST_STEP][PASSED] - openBrowser("https://cdnc-group2.herokuapp.com/"): Browser is opened with url: 'https://cdnc-group2.herokuapp.com/'

2021-05-28 20:46:49 - [MESSAGE][INFO] - Starting 'Chrome' driver

2021-05-28 20:46:49 - [MESSAGE][INFO] - Action delay is set to 0 milliseconds

2021-05-28 20:46:55 - [MESSAGE][PASSED] - Browser is opened with url: 'https://cdnc-group2.herokuapp.com/'

2021-05-28 20:46:55 - [TEST_STEP][PASSED] - setText(findTestObject("Login/input_Email"), "ngoctin040999@gmail.com"): Text 'ngoctin040999@gmail.com' is set on object 'Object Repository/Login/input_Email'

2021-05-28 20:47:00 - [MESSAGE][PASSED] - Text 'ngoctin040999@gmail.com' is set on object 'Object Repository/Login/input_Email'

2021-05-28 20:47:00 - [TEST_STEP][PASSED] - setText(findTestObject("Login/input_Password"), "ngoctin1"): Text 'ngoctin1' is set on object 'Object Repository/Login/input_Password'

2021-05-28 20:47:01 - [MESSAGE][PASSED] - Text 'ngoctin1' is set on object 'Object Repository/Login/input_Password'

2021-05-28 20:47:01 - [TEST_STEP][PASSED] - click(findTestObject("Login/button_Sign in")): Object: 'Object Repository/Login/button_Sign in' is clicked on

2021-05-28 20:47:02 - [MESSAGE][PASSED] - Object: 'Object Repository/Login/button_Sign in' is clicked on

2021-05-28 20:47:02 - [TEST_STEP][PASSED] - delay(2): Delayed 2 second(s)

2021-05-28 20:47:04 - [MESSAGE][PASSED] - Delayed 2 second(s)

2021-05-28 20:47:04 - [TEST_STEP][PASSED] - click(findTestObject("UpdatePassword/button_Option")): Object: 'Object Repository/UpdatePassword/button_Option' is clicked on

2021-05-28 20:47:05 - [MESSAGE][PASSED] - Object: 'Object Repository/UpdatePassword/button_Option' is clicked on

2021-05-28 20:47:05 - [TEST_STEP][PASSED] - click(findTestObject("UpdatePassword/button_Account Settings")): Object: 'Object Repository/UpdatePassword/button_Account Settings' is clicked on

2021-05-28 20:47:06 - [MESSAGE][PASSED] - Object: 'Object Repository/UpdatePassword/button_Account Settings' is clicked on

2021-05-28 20:47:06 - [TEST_STEP][PASSED] - click(findTestObject("Edit SideBar/button_Sidebar")): Object: 'Object Repository/Edit SideBar/button_Sidebar' is clicked on

2021-05-28 20:47:06 - [MESSAGE][PASSED] - Object: 'Object Repository/Edit SideBar/button_Sidebar' is clicked on

2021-05-28 20:47:06 - [TEST_STEP][PASSED] - click(findTestObject("Edit SideBar/button_Edit")): Object: 'Object Repository/Edit SideBar/button_Edit' is clicked on

2021-05-28 20:47:07 - [MESSAGE][PASSED] - Object: 'Object Repository/Edit SideBar/button_Edit' is clicked on

2021-05-28 20:47:07 - [TEST_STEP][PASSED] - click(findTestObject("Edit SideBar/input_Off")): Object: 'Object Repository/Edit SideBar/input_Off' is clicked on

2021-05-28 20:47:07 - [MESSAGE][PASSED] - Object: 'Object Repository/Edit SideBar/input_Off' is clicked on

2021-05-28 20:47:07 - [TEST_STEP][PASSED] - click(findTestObject("Edit SideBar/button_Save")): Object: 'Object Repository/Edit SideBar/button_Save' is clicked on

2021-05-28 20:47:08 - [MESSAGE][PASSED] - Object: 'Object Repository/Edit SideBar/button_Save' is clicked on

2021-05-28 20:47:08 - [TEST_STEP][PASSED] - delay(1): Delayed 1 second(s)

2021-05-28 20:47:09 - [MESSAGE][PASSED] - Delayed 1 second(s)

2021-05-28 20:47:09 - [TEST_STEP][PASSED] - click(findTestObject("Edit SideBar/button_Edit")): Object: 'Object Repository/Edit SideBar/button_Edit' is clicked on

2021-05-28 20:47:09 - [MESSAGE][PASSED] - Object: 'Object Repository/Edit SideBar/button_Edit' is clicked on

2021-05-28 20:47:09 - [TEST_STEP][PASSED] - click(findTestObject("Edit SideBar/input_On")): Object: 'Object Repository/Edit SideBar/input_On' is clicked on

2021-05-28 20:47:10 - [MESSAGE][PASSED] - Object: 'Object Repository/Edit SideBar/input_On' is clicked on

2021-05-28 20:47:10 - [TEST_STEP][PASSED] - click(findTestObject("Edit SideBar/button_Save")): Object: 'Object Repository/Edit SideBar/button_Save' is clicked on

2021-05-28 20:47:10 - [MESSAGE][PASSED] - Object: 'Object Repository/Edit SideBar/button_Save' is clicked on

2021-05-28 20:47:10 - [TEST_STEP][PASSED] - delay(1): Delayed 1 second(s)

2021-05-28 20:47:11 - [MESSAGE][PASSED] - Delayed 1 second(s)

2021-05-28 20:47:11 - [TEST_STEP][PASSED] - closeBrowser(): Browser is closed

2021-05-28 20:47:12 - [MESSAGE][PASSED] - Browser is closed]]></system-out>
         <system-err><![CDATA[]]></system-err>
      </testcase>
      <testcase name="Test Cases/EditTheme" time="37.474" classname="Test Cases/EditTheme" status="PASSED">
         <system-out><![CDATA[2021-05-28 20:47:12 - [TEST_CASE][PASSED] - Test Cases/EditTheme: Test Cases/EditTheme

2021-05-28 20:47:13 - [TEST_STEP][PASSED] - openBrowser("https://cdnc-group2.herokuapp.com/"): Browser is opened with url: 'https://cdnc-group2.herokuapp.com/'

2021-05-28 20:47:13 - [MESSAGE][INFO] - Starting 'Chrome' driver

2021-05-28 20:47:13 - [MESSAGE][INFO] - Action delay is set to 0 milliseconds

2021-05-28 20:47:21 - [MESSAGE][PASSED] - Browser is opened with url: 'https://cdnc-group2.herokuapp.com/'

2021-05-28 20:47:21 - [TEST_STEP][PASSED] - setText(findTestObject("Login/input_Email"), "ngoctin040999@gmail.com"): Text 'ngoctin040999@gmail.com' is set on object 'Object Repository/Login/input_Email'

2021-05-28 20:47:27 - [MESSAGE][PASSED] - Text 'ngoctin040999@gmail.com' is set on object 'Object Repository/Login/input_Email'

2021-05-28 20:47:27 - [TEST_STEP][PASSED] - setText(findTestObject("Login/input_Password"), "ngoctin1"): Text 'ngoctin1' is set on object 'Object Repository/Login/input_Password'

2021-05-28 20:47:29 - [MESSAGE][PASSED] - Text 'ngoctin1' is set on object 'Object Repository/Login/input_Password'

2021-05-28 20:47:29 - [TEST_STEP][PASSED] - click(findTestObject("Login/button_Sign in")): Object: 'Object Repository/Login/button_Sign in' is clicked on

2021-05-28 20:47:29 - [MESSAGE][PASSED] - Object: 'Object Repository/Login/button_Sign in' is clicked on

2021-05-28 20:47:29 - [TEST_STEP][PASSED] - delay(2): Delayed 2 second(s)

2021-05-28 20:47:31 - [MESSAGE][PASSED] - Delayed 2 second(s)

2021-05-28 20:47:31 - [TEST_STEP][PASSED] - click(findTestObject("UpdatePassword/button_Option")): Object: 'Object Repository/UpdatePassword/button_Option' is clicked on

2021-05-28 20:47:33 - [MESSAGE][PASSED] - Object: 'Object Repository/UpdatePassword/button_Option' is clicked on

2021-05-28 20:47:33 - [TEST_STEP][PASSED] - click(findTestObject("UpdatePassword/button_Account Settings")): Object: 'Object Repository/UpdatePassword/button_Account Settings' is clicked on

2021-05-28 20:47:36 - [MESSAGE][PASSED] - Object: 'Object Repository/UpdatePassword/button_Account Settings' is clicked on

2021-05-28 20:47:36 - [TEST_STEP][PASSED] - click(findTestObject("Edit Theme/button_Display")): Object: 'Object Repository/Edit Theme/button_Display' is clicked on

2021-05-28 20:47:36 - [MESSAGE][PASSED] - Object: 'Object Repository/Edit Theme/button_Display' is clicked on

2021-05-28 20:47:36 - [TEST_STEP][PASSED] - click(findTestObject("Edit Theme/button_Edit")): Object: 'Object Repository/Edit Theme/button_Edit' is clicked on

2021-05-28 20:47:37 - [MESSAGE][PASSED] - Object: 'Object Repository/Edit Theme/button_Edit' is clicked on

2021-05-28 20:47:37 - [TEST_STEP][PASSED] - click(findTestObject("Edit Theme/img_Mattermost Dark_img-responsive")): Object: 'Object Repository/Edit Theme/img_Mattermost Dark_img-responsive' is clicked on

2021-05-28 20:47:38 - [MESSAGE][PASSED] - Object: 'Object Repository/Edit Theme/img_Mattermost Dark_img-responsive' is clicked on

2021-05-28 20:47:38 - [TEST_STEP][PASSED] - click(findTestObject("Edit Theme/button_Save")): Object: 'Object Repository/Edit Theme/button_Save' is clicked on

2021-05-28 20:47:39 - [MESSAGE][PASSED] - Object: 'Object Repository/Edit Theme/button_Save' is clicked on

2021-05-28 20:47:39 - [TEST_STEP][PASSED] - delay(2): Delayed 2 second(s)

2021-05-28 20:47:41 - [MESSAGE][PASSED] - Delayed 2 second(s)

2021-05-28 20:47:41 - [TEST_STEP][PASSED] - click(findTestObject("Edit Theme/button_Edit")): Object: 'Object Repository/Edit Theme/button_Edit' is clicked on

2021-05-28 20:47:42 - [MESSAGE][PASSED] - Object: 'Object Repository/Edit Theme/button_Edit' is clicked on

2021-05-28 20:47:42 - [TEST_STEP][PASSED] - click(findTestObject("Edit Theme/img_Mattermost_img-responsive")): Object: 'Object Repository/Edit Theme/img_Mattermost_img-responsive' is clicked on

2021-05-28 20:47:42 - [MESSAGE][PASSED] - Object: 'Object Repository/Edit Theme/img_Mattermost_img-responsive' is clicked on

2021-05-28 20:47:42 - [TEST_STEP][PASSED] - click(findTestObject("Edit Theme/button_Save")): Object: 'Object Repository/Edit Theme/button_Save' is clicked on

2021-05-28 20:47:43 - [MESSAGE][PASSED] - Object: 'Object Repository/Edit Theme/button_Save' is clicked on

2021-05-28 20:47:43 - [TEST_STEP][PASSED] - delay(2): Delayed 2 second(s)

2021-05-28 20:47:45 - [MESSAGE][PASSED] - Delayed 2 second(s)

2021-05-28 20:47:45 - [TEST_STEP][PASSED] - click(findTestObject("Edit Theme/button_Edit")): Object: 'Object Repository/Edit Theme/button_Edit' is clicked on

2021-05-28 20:47:46 - [MESSAGE][PASSED] - Object: 'Object Repository/Edit Theme/button_Edit' is clicked on

2021-05-28 20:47:46 - [TEST_STEP][PASSED] - click(findTestObject("Edit Theme/img_Organization_img-responsive")): Object: 'Object Repository/Edit Theme/img_Organization_img-responsive' is clicked on

2021-05-28 20:47:46 - [MESSAGE][PASSED] - Object: 'Object Repository/Edit Theme/img_Organization_img-responsive' is clicked on

2021-05-28 20:47:46 - [TEST_STEP][PASSED] - click(findTestObject("Edit Theme/button_Save")): Object: 'Object Repository/Edit Theme/button_Save' is clicked on

2021-05-28 20:47:47 - [MESSAGE][PASSED] - Object: 'Object Repository/Edit Theme/button_Save' is clicked on

2021-05-28 20:47:47 - [TEST_STEP][PASSED] - delay(2): Delayed 2 second(s)

2021-05-28 20:47:49 - [MESSAGE][PASSED] - Delayed 2 second(s)

2021-05-28 20:47:49 - [TEST_STEP][PASSED] - closeBrowser(): Browser is closed

2021-05-28 20:47:50 - [MESSAGE][PASSED] - Browser is closed]]></system-out>
         <system-err><![CDATA[]]></system-err>
      </testcase>
      <testcase name="Test Cases/InviteMember" time="31.113" classname="Test Cases/InviteMember" status="PASSED">
         <system-out><![CDATA[2021-05-28 20:47:50 - [TEST_CASE][PASSED] - Test Cases/InviteMember: Test Cases/InviteMember

2021-05-28 20:47:50 - [TEST_STEP][PASSED] - openBrowser("https://cdnc-group2.herokuapp.com/"): Browser is opened with url: 'https://cdnc-group2.herokuapp.com/'

2021-05-28 20:47:50 - [MESSAGE][INFO] - Starting 'Chrome' driver

2021-05-28 20:47:50 - [MESSAGE][INFO] - Action delay is set to 0 milliseconds

2021-05-28 20:47:59 - [MESSAGE][PASSED] - Browser is opened with url: 'https://cdnc-group2.herokuapp.com/'

2021-05-28 20:47:59 - [TEST_STEP][PASSED] - setText(findTestObject("Login/input_Email"), "ngoctin040999@gmail.com"): Text 'ngoctin040999@gmail.com' is set on object 'Object Repository/Login/input_Email'

2021-05-28 20:48:05 - [MESSAGE][PASSED] - Text 'ngoctin040999@gmail.com' is set on object 'Object Repository/Login/input_Email'

2021-05-28 20:48:05 - [TEST_STEP][PASSED] - setText(findTestObject("Login/input_Password"), "ngoctin1"): Text 'ngoctin1' is set on object 'Object Repository/Login/input_Password'

2021-05-28 20:48:06 - [MESSAGE][PASSED] - Text 'ngoctin1' is set on object 'Object Repository/Login/input_Password'

2021-05-28 20:48:06 - [TEST_STEP][PASSED] - click(findTestObject("Login/button_Sign in")): Object: 'Object Repository/Login/button_Sign in' is clicked on

2021-05-28 20:48:07 - [MESSAGE][PASSED] - Object: 'Object Repository/Login/button_Sign in' is clicked on

2021-05-28 20:48:07 - [TEST_STEP][PASSED] - delay(2): Delayed 2 second(s)

2021-05-28 20:48:09 - [MESSAGE][PASSED] - Delayed 2 second(s)

2021-05-28 20:48:09 - [TEST_STEP][PASSED] - click(findTestObject("UpdatePassword/button_Option")): Object: 'Object Repository/UpdatePassword/button_Option' is clicked on

2021-05-28 20:48:11 - [MESSAGE][PASSED] - Object: 'Object Repository/UpdatePassword/button_Option' is clicked on

2021-05-28 20:48:11 - [TEST_STEP][PASSED] - click(findTestObject("Invite member/button_Invite PeopleAdd or invite people to the team")): Object: 'Object Repository/Invite member/button_Invite PeopleAdd or invite people to the team' is clicked on

2021-05-28 20:48:11 - [MESSAGE][PASSED] - Object: 'Object Repository/Invite member/button_Invite PeopleAdd or invite people to the team' is clicked on

2021-05-28 20:48:11 - [TEST_STEP][PASSED] - delay(1): Delayed 1 second(s)

2021-05-28 20:48:12 - [MESSAGE][PASSED] - Delayed 1 second(s)

2021-05-28 20:48:12 - [TEST_STEP][PASSED] - setText(findTestObject("Invite member/input_Add or Invite People_react-select-2-input"), "test1"): Text 'test1' is set on object 'Object Repository/Invite member/input_Add or Invite People_react-select-2-input'

2021-05-28 20:48:13 - [MESSAGE][PASSED] - Text 'test1' is set on object 'Object Repository/Invite member/input_Add or Invite People_react-select-2-input'

2021-05-28 20:48:13 - [TEST_STEP][PASSED] - delay(1): Delayed 1 second(s)

2021-05-28 20:48:14 - [MESSAGE][PASSED] - Delayed 1 second(s)

2021-05-28 20:48:14 - [TEST_STEP][PASSED] - click(findTestObject("Invite member/div_test1")): Object: 'Object Repository/Invite member/div_test1' is clicked on

2021-05-28 20:48:15 - [MESSAGE][PASSED] - Object: 'Object Repository/Invite member/div_test1' is clicked on

2021-05-28 20:48:15 - [TEST_STEP][PASSED] - click(findTestObject("Invite member/button_Invite Members")): Object: 'Object Repository/Invite member/button_Invite Members' is clicked on

2021-05-28 20:48:15 - [MESSAGE][PASSED] - Object: 'Object Repository/Invite member/button_Invite Members' is clicked on

2021-05-28 20:48:15 - [TEST_STEP][PASSED] - verifyElementVisible(findTestObject("Invite member/div_This member has been added to the team")): Object 'Object Repository/Invite member/div_This member has been added to the team' is visible

2021-05-28 20:48:17 - [MESSAGE][PASSED] - Object 'Object Repository/Invite member/div_This member has been added to the team' is visible

2021-05-28 20:48:17 - [TEST_STEP][PASSED] - click(findTestObject("Invite member/button_Done")): Object: 'Object Repository/Invite member/button_Done' is clicked on

2021-05-28 20:48:18 - [MESSAGE][PASSED] - Object: 'Object Repository/Invite member/button_Done' is clicked on

2021-05-28 20:48:18 - [TEST_STEP][PASSED] - delay(2): Delayed 2 second(s)

2021-05-28 20:48:20 - [MESSAGE][PASSED] - Delayed 2 second(s)

2021-05-28 20:48:20 - [TEST_STEP][PASSED] - closeBrowser(): Browser is closed

2021-05-28 20:48:21 - [MESSAGE][PASSED] - Browser is closed]]></system-out>
         <system-err><![CDATA[]]></system-err>
      </testcase>
      <testcase name="Test Cases/RemoveMember" time="30.27" classname="Test Cases/RemoveMember" status="PASSED">
         <system-out><![CDATA[2021-05-28 20:48:21 - [TEST_CASE][PASSED] - Test Cases/RemoveMember: Test Cases/RemoveMember

2021-05-28 20:48:22 - [TEST_STEP][PASSED] - openBrowser("https://cdnc-group2.herokuapp.com/"): Browser is opened with url: 'https://cdnc-group2.herokuapp.com/'

2021-05-28 20:48:22 - [MESSAGE][INFO] - Starting 'Chrome' driver

2021-05-28 20:48:22 - [MESSAGE][INFO] - Action delay is set to 0 milliseconds

2021-05-28 20:48:35 - [MESSAGE][PASSED] - Browser is opened with url: 'https://cdnc-group2.herokuapp.com/'

2021-05-28 20:48:35 - [TEST_STEP][PASSED] - setText(findTestObject("Login/input_Email"), "ngoctin040999@gmail.com"): Text 'ngoctin040999@gmail.com' is set on object 'Object Repository/Login/input_Email'

2021-05-28 20:48:40 - [MESSAGE][PASSED] - Text 'ngoctin040999@gmail.com' is set on object 'Object Repository/Login/input_Email'

2021-05-28 20:48:40 - [TEST_STEP][PASSED] - setText(findTestObject("Login/input_Password"), "ngoctin1"): Text 'ngoctin1' is set on object 'Object Repository/Login/input_Password'

2021-05-28 20:48:41 - [MESSAGE][PASSED] - Text 'ngoctin1' is set on object 'Object Repository/Login/input_Password'

2021-05-28 20:48:41 - [TEST_STEP][PASSED] - click(findTestObject("Login/button_Sign in")): Object: 'Object Repository/Login/button_Sign in' is clicked on

2021-05-28 20:48:42 - [MESSAGE][PASSED] - Object: 'Object Repository/Login/button_Sign in' is clicked on

2021-05-28 20:48:42 - [TEST_STEP][PASSED] - delay(2): Delayed 2 second(s)

2021-05-28 20:48:44 - [MESSAGE][PASSED] - Delayed 2 second(s)

2021-05-28 20:48:44 - [TEST_STEP][PASSED] - click(findTestObject("UpdatePassword/button_Option")): Object: 'Object Repository/UpdatePassword/button_Option' is clicked on

2021-05-28 20:48:45 - [MESSAGE][PASSED] - Object: 'Object Repository/UpdatePassword/button_Option' is clicked on

2021-05-28 20:48:45 - [TEST_STEP][PASSED] - click(findTestObject("Update Member Role/button_Manage Members")): Object: 'Object Repository/Update Member Role/button_Manage Members' is clicked on

2021-05-28 20:48:46 - [MESSAGE][PASSED] - Object: 'Object Repository/Update Member Role/button_Manage Members' is clicked on

2021-05-28 20:48:46 - [TEST_STEP][PASSED] - click(findTestObject("Update Member Role/button_Member")): Object: 'Object Repository/Update Member Role/button_Member' is clicked on

2021-05-28 20:48:47 - [MESSAGE][PASSED] - Object: 'Object Repository/Update Member Role/button_Member' is clicked on

2021-05-28 20:48:47 - [TEST_STEP][PASSED] - click(findTestObject("Remove Member/button_Remove from Team")): Object: 'Object Repository/Remove Member/button_Remove from Team' is clicked on

2021-05-28 20:48:48 - [MESSAGE][PASSED] - Object: 'Object Repository/Remove Member/button_Remove from Team' is clicked on

2021-05-28 20:48:48 - [TEST_STEP][PASSED] - delay(2): Delayed 2 second(s)

2021-05-28 20:48:50 - [MESSAGE][PASSED] - Delayed 2 second(s)

2021-05-28 20:48:50 - [TEST_STEP][PASSED] - closeBrowser(): Browser is closed

2021-05-28 20:48:51 - [MESSAGE][PASSED] - Browser is closed]]></system-out>
         <system-err><![CDATA[]]></system-err>
      </testcase>
      <testcase name="Test Cases/IgnoreMentions" time="28.634" classname="Test Cases/IgnoreMentions" status="PASSED">
         <system-out><![CDATA[2021-05-28 20:48:51 - [TEST_CASE][PASSED] - Test Cases/IgnoreMentions: Test Cases/IgnoreMentions

2021-05-28 20:48:52 - [TEST_STEP][PASSED] - openBrowser("https://cdnc-group2.herokuapp.com/"): Browser is opened with url: 'https://cdnc-group2.herokuapp.com/'

2021-05-28 20:48:52 - [MESSAGE][INFO] - Starting 'Chrome' driver

2021-05-28 20:48:52 - [MESSAGE][INFO] - Action delay is set to 0 milliseconds

2021-05-28 20:48:59 - [MESSAGE][PASSED] - Browser is opened with url: 'https://cdnc-group2.herokuapp.com/'

2021-05-28 20:48:59 - [TEST_STEP][PASSED] - setText(findTestObject("Login/input_Email"), "ngoctin040999@gmail.com"): Text 'ngoctin040999@gmail.com' is set on object 'Object Repository/Login/input_Email'

2021-05-28 20:49:08 - [MESSAGE][PASSED] - Text 'ngoctin040999@gmail.com' is set on object 'Object Repository/Login/input_Email'

2021-05-28 20:49:08 - [TEST_STEP][PASSED] - setText(findTestObject("Login/input_Password"), "ngoctin1"): Text 'ngoctin1' is set on object 'Object Repository/Login/input_Password'

2021-05-28 20:49:09 - [MESSAGE][PASSED] - Text 'ngoctin1' is set on object 'Object Repository/Login/input_Password'

2021-05-28 20:49:09 - [TEST_STEP][PASSED] - click(findTestObject("Login/button_Sign in")): Object: 'Object Repository/Login/button_Sign in' is clicked on

2021-05-28 20:49:10 - [MESSAGE][PASSED] - Object: 'Object Repository/Login/button_Sign in' is clicked on

2021-05-28 20:49:10 - [TEST_STEP][PASSED] - delay(2): Delayed 2 second(s)

2021-05-28 20:49:12 - [MESSAGE][PASSED] - Delayed 2 second(s)

2021-05-28 20:49:12 - [TEST_STEP][PASSED] - click(findTestObject("Ignore mentions/button_Town Square")): Object: 'Object Repository/Ignore mentions/button_Town Square' is clicked on

2021-05-28 20:49:15 - [MESSAGE][PASSED] - Object: 'Object Repository/Ignore mentions/button_Town Square' is clicked on

2021-05-28 20:49:15 - [TEST_STEP][PASSED] - click(findTestObject("Ignore mentions/button_Notification Preferences")): Object: 'Object Repository/Ignore mentions/button_Notification Preferences' is clicked on

2021-05-28 20:49:16 - [MESSAGE][PASSED] - Object: 'Object Repository/Ignore mentions/button_Notification Preferences' is clicked on

2021-05-28 20:49:16 - [TEST_STEP][PASSED] - click(findTestObject("Ignore mentions/button_Edit")): Object: 'Object Repository/Ignore mentions/button_Edit' is clicked on

2021-05-28 20:49:16 - [MESSAGE][PASSED] - Object: 'Object Repository/Ignore mentions/button_Edit' is clicked on

2021-05-28 20:49:16 - [TEST_STEP][PASSED] - click(findTestObject("Ignore mentions/input_Ignore mentions for channel, here and all_ignoreChannelMentions")): Object: 'Object Repository/Ignore mentions/input_Ignore mentions for channel, here and all_ignoreChannelMentions' is clicked on

2021-05-28 20:49:17 - [MESSAGE][PASSED] - Object: 'Object Repository/Ignore mentions/input_Ignore mentions for channel, here and all_ignoreChannelMentions' is clicked on

2021-05-28 20:49:17 - [TEST_STEP][PASSED] - click(findTestObject("Ignore mentions/button_Save")): Object: 'Object Repository/Ignore mentions/button_Save' is clicked on

2021-05-28 20:49:17 - [MESSAGE][PASSED] - Object: 'Object Repository/Ignore mentions/button_Save' is clicked on

2021-05-28 20:49:17 - [TEST_STEP][PASSED] - verifyElementVisible(findTestObject("Ignore mentions/span_On")): Object 'Object Repository/Ignore mentions/span_On' is visible

2021-05-28 20:49:18 - [MESSAGE][PASSED] - Object 'Object Repository/Ignore mentions/span_On' is visible

2021-05-28 20:49:18 - [TEST_STEP][PASSED] - delay(1): Delayed 1 second(s)

2021-05-28 20:49:19 - [MESSAGE][PASSED] - Delayed 1 second(s)

2021-05-28 20:49:19 - [TEST_STEP][PASSED] - closeBrowser(): Browser is closed

2021-05-28 20:49:20 - [MESSAGE][PASSED] - Browser is closed]]></system-out>
         <system-err><![CDATA[]]></system-err>
      </testcase>
      <testcase name="Test Cases/UpdateChannelName" time="29.474" classname="Test Cases/UpdateChannelName" status="PASSED">
         <system-out><![CDATA[2021-05-28 20:49:20 - [TEST_CASE][PASSED] - Test Cases/UpdateChannelName: Test Cases/UpdateChannelName

2021-05-28 20:49:20 - [TEST_STEP][PASSED] - openBrowser(""): Browser is opened with url: ''

2021-05-28 20:49:20 - [MESSAGE][INFO] - Starting 'Chrome' driver

2021-05-28 20:49:20 - [MESSAGE][INFO] - Action delay is set to 0 milliseconds

2021-05-28 20:49:23 - [MESSAGE][PASSED] - Browser is opened with url: ''

2021-05-28 20:49:23 - [TEST_STEP][PASSED] - navigateToUrl("https://cdnc-group2.herokuapp.com/"): Navigate to 'https://cdnc-group2.herokuapp.com/' successfully

2021-05-28 20:49:28 - [MESSAGE][PASSED] - Navigate to 'https://cdnc-group2.herokuapp.com/' successfully

2021-05-28 20:49:28 - [TEST_STEP][PASSED] - setText(findTestObject("Object Repository/Page_Mattermost/input_All team communication in one place, _dcc84b"), "ngoctin040999@gmail.com"): Text 'ngoctin040999@gmail.com' is set on object 'Object Repository/Page_Mattermost/input_All team communication in one place, _dcc84b'

2021-05-28 20:49:35 - [MESSAGE][PASSED] - Text 'ngoctin040999@gmail.com' is set on object 'Object Repository/Page_Mattermost/input_All team communication in one place, _dcc84b'

2021-05-28 20:49:35 - [TEST_STEP][PASSED] - setEncryptedText(findTestObject("Object Repository/Page_Mattermost/input_All team communication in one place, _a3edc6"), "S8w1SJvl7D1hts9IdMV+NQ=="): Text ****** has been set on object 'Object Repository/Page_Mattermost/input_All team communication in one place, _a3edc6'

2021-05-28 20:49:36 - [MESSAGE][PASSED] - Text ****** has been set on object 'Object Repository/Page_Mattermost/input_All team communication in one place, _a3edc6'

2021-05-28 20:49:36 - [TEST_STEP][PASSED] - sendKeys(findTestObject("Object Repository/Page_Mattermost/input_All team communication in one place, _a3edc6"), Keys.chord(ENTER)): Keys 'ENTER + ' sent to object: 'Object Repository/Page_Mattermost/input_All team communication in one place, _a3edc6'

2021-05-28 20:49:37 - [MESSAGE][PASSED] - Keys 'ENTER + ' sent to object: 'Object Repository/Page_Mattermost/input_All team communication in one place, _a3edc6'

2021-05-28 20:49:37 - [TEST_STEP][PASSED] - click(findTestObject("Object Repository/Page_Town Square - Team Mattermost/span_Test 123")): Object: 'Object Repository/Page_Town Square - Team Mattermost/span_Test 123' is clicked on

2021-05-28 20:49:41 - [MESSAGE][PASSED] - Object: 'Object Repository/Page_Town Square - Team Mattermost/span_Test 123' is clicked on

2021-05-28 20:49:41 - [TEST_STEP][PASSED] - click(findTestObject("Object Repository/Page_Test 123 - Team Mattermost/span_Test 123_channelHeaderDropdownIcon")): Object: 'Object Repository/Page_Test 123 - Team Mattermost/span_Test 123_channelHeaderDropdownIcon' is clicked on

2021-05-28 20:49:45 - [MESSAGE][PASSED] - Object: 'Object Repository/Page_Test 123 - Team Mattermost/span_Test 123_channelHeaderDropdownIcon' is clicked on

2021-05-28 20:49:45 - [TEST_STEP][PASSED] - click(findTestObject("Object Repository/Page_Test 123 - Team Mattermost/span_Rename Channel")): Object: 'Object Repository/Page_Test 123 - Team Mattermost/span_Rename Channel' is clicked on

2021-05-28 20:49:46 - [MESSAGE][PASSED] - Object: 'Object Repository/Page_Test 123 - Team Mattermost/span_Rename Channel' is clicked on

2021-05-28 20:49:46 - [TEST_STEP][PASSED] - setText(findTestObject("Object Repository/Page_Test 123 - Team Mattermost/input_Display Name_display_name"), "Test 123"): Text 'Test 123' is set on object 'Object Repository/Page_Test 123 - Team Mattermost/input_Display Name_display_name'

2021-05-28 20:49:47 - [MESSAGE][PASSED] - Text 'Test 123' is set on object 'Object Repository/Page_Test 123 - Team Mattermost/input_Display Name_display_name'

2021-05-28 20:49:47 - [TEST_STEP][PASSED] - click(findTestObject("Object Repository/Page_Test 123 - Team Mattermost/span_Save")): Object: 'Object Repository/Page_Test 123 - Team Mattermost/span_Save' is clicked on

2021-05-28 20:49:48 - [MESSAGE][PASSED] - Object: 'Object Repository/Page_Test 123 - Team Mattermost/span_Save' is clicked on

2021-05-28 20:49:48 - [TEST_STEP][PASSED] - closeBrowser(): Browser is closed

2021-05-28 20:49:49 - [MESSAGE][PASSED] - Browser is closed]]></system-out>
         <system-err><![CDATA[]]></system-err>
      </testcase>
      <testcase name="Test Cases/UpdateDescriptionChannel" time="40.736" classname="Test Cases/UpdateDescriptionChannel" status="PASSED">
         <system-out><![CDATA[2021-05-28 20:49:49 - [TEST_CASE][PASSED] - Test Cases/UpdateDescriptionChannel: Test Cases/UpdateDescriptionChannel

2021-05-28 20:49:50 - [TEST_STEP][PASSED] - openBrowser(""): Browser is opened with url: ''

2021-05-28 20:49:50 - [MESSAGE][INFO] - Starting 'Chrome' driver

2021-05-28 20:49:50 - [MESSAGE][INFO] - Action delay is set to 0 milliseconds

2021-05-28 20:49:52 - [MESSAGE][PASSED] - Browser is opened with url: ''

2021-05-28 20:49:52 - [TEST_STEP][PASSED] - navigateToUrl("https://cdnc-group2.herokuapp.com/"): Navigate to 'https://cdnc-group2.herokuapp.com/' successfully

2021-05-28 20:49:56 - [MESSAGE][PASSED] - Navigate to 'https://cdnc-group2.herokuapp.com/' successfully

2021-05-28 20:49:56 - [TEST_STEP][PASSED] - setText(findTestObject("Object Repository/Page_Mattermost/input_All team communication in one place, _dcc84b"), "ngoctin040999@gmail.com"): Text 'ngoctin040999@gmail.com' is set on object 'Object Repository/Page_Mattermost/input_All team communication in one place, _dcc84b'

2021-05-28 20:50:03 - [MESSAGE][PASSED] - Text 'ngoctin040999@gmail.com' is set on object 'Object Repository/Page_Mattermost/input_All team communication in one place, _dcc84b'

2021-05-28 20:50:03 - [TEST_STEP][PASSED] - setEncryptedText(findTestObject("Object Repository/Page_Mattermost/input_All team communication in one place, _a3edc6"), "S8w1SJvl7D1hts9IdMV+NQ=="): Text ****** has been set on object 'Object Repository/Page_Mattermost/input_All team communication in one place, _a3edc6'

2021-05-28 20:50:05 - [MESSAGE][PASSED] - Text ****** has been set on object 'Object Repository/Page_Mattermost/input_All team communication in one place, _a3edc6'

2021-05-28 20:50:05 - [TEST_STEP][PASSED] - sendKeys(findTestObject("Object Repository/Page_Mattermost/input_All team communication in one place, _a3edc6"), Keys.chord(ENTER)): Keys 'ENTER + ' sent to object: 'Object Repository/Page_Mattermost/input_All team communication in one place, _a3edc6'

2021-05-28 20:50:05 - [MESSAGE][PASSED] - Keys 'ENTER + ' sent to object: 'Object Repository/Page_Mattermost/input_All team communication in one place, _a3edc6'

2021-05-28 20:50:05 - [TEST_STEP][PASSED] - click(findTestObject("Object Repository/Page_Town Square - Team Mattermost/span_Test 123")): Object: 'Object Repository/Page_Town Square - Team Mattermost/span_Test 123' is clicked on

2021-05-28 20:50:09 - [MESSAGE][PASSED] - Object: 'Object Repository/Page_Town Square - Team Mattermost/span_Test 123' is clicked on

2021-05-28 20:50:09 - [TEST_STEP][PASSED] - click(findTestObject("Object Repository/Page_Test 123 - Team Mattermost/span_Test 123_channelHeaderDropdownIcon")): Object: 'Object Repository/Page_Test 123 - Team Mattermost/span_Test 123_channelHeaderDropdownIcon' is clicked on

2021-05-28 20:50:11 - [MESSAGE][PASSED] - Object: 'Object Repository/Page_Test 123 - Team Mattermost/span_Test 123_channelHeaderDropdownIcon' is clicked on

2021-05-28 20:50:11 - [TEST_STEP][PASSED] - click(findTestObject("Object Repository/Page_Test 123 - Team Mattermost/span_Edit Channel Header")): Object: 'Object Repository/Page_Test 123 - Team Mattermost/span_Edit Channel Header' is clicked on

2021-05-28 20:50:12 - [MESSAGE][PASSED] - Object: 'Object Repository/Page_Test 123 - Team Mattermost/span_Edit Channel Header' is clicked on

2021-05-28 20:50:12 - [TEST_STEP][PASSED] - click(findTestObject("Object Repository/Page_Test 123 - Team Mattermost/div_CloseEdit Header for Test 123Edit the t_4a8350")): Object: 'Object Repository/Page_Test 123 - Team Mattermost/div_CloseEdit Header for Test 123Edit the t_4a8350' is clicked on

2021-05-28 20:50:12 - [MESSAGE][PASSED] - Object: 'Object Repository/Page_Test 123 - Team Mattermost/div_CloseEdit Header for Test 123Edit the t_4a8350' is clicked on

2021-05-28 20:50:12 - [TEST_STEP][PASSED] - setText(findTestObject("Object Repository/Page_Test 123 - Team Mattermost/textarea_Test Description"), "T"): Text 'T' is set on object 'Object Repository/Page_Test 123 - Team Mattermost/textarea_Test Description'

2021-05-28 20:50:13 - [MESSAGE][PASSED] - Text 'T' is set on object 'Object Repository/Page_Test 123 - Team Mattermost/textarea_Test Description'

2021-05-28 20:50:13 - [TEST_STEP][PASSED] - setText(findTestObject("Object Repository/Page_Test 123 - Team Mattermost/textarea_T"), "Te"): Text 'Te' is set on object 'Object Repository/Page_Test 123 - Team Mattermost/textarea_T'

2021-05-28 20:50:14 - [MESSAGE][PASSED] - Text 'Te' is set on object 'Object Repository/Page_Test 123 - Team Mattermost/textarea_T'

2021-05-28 20:50:14 - [TEST_STEP][PASSED] - setText(findTestObject("Object Repository/Page_Test 123 - Team Mattermost/textarea_Te"), "Tes"): Text 'Tes' is set on object 'Object Repository/Page_Test 123 - Team Mattermost/textarea_Te'

2021-05-28 20:50:15 - [MESSAGE][PASSED] - Text 'Tes' is set on object 'Object Repository/Page_Test 123 - Team Mattermost/textarea_Te'

2021-05-28 20:50:15 - [TEST_STEP][PASSED] - setText(findTestObject("Object Repository/Page_Test 123 - Team Mattermost/textarea_Tes"), "Test"): Text 'Test' is set on object 'Object Repository/Page_Test 123 - Team Mattermost/textarea_Tes'

2021-05-28 20:50:16 - [MESSAGE][PASSED] - Text 'Test' is set on object 'Object Repository/Page_Test 123 - Team Mattermost/textarea_Tes'

2021-05-28 20:50:16 - [TEST_STEP][PASSED] - setText(findTestObject("Object Repository/Page_Test 123 - Team Mattermost/textarea_Test"), "Test "): Text 'Test ' is set on object 'Object Repository/Page_Test 123 - Team Mattermost/textarea_Test'

2021-05-28 20:50:16 - [MESSAGE][PASSED] - Text 'Test ' is set on object 'Object Repository/Page_Test 123 - Team Mattermost/textarea_Test'

2021-05-28 20:50:16 - [TEST_STEP][PASSED] - setText(findTestObject("Object Repository/Page_Test 123 - Team Mattermost/textarea_Test_1"), "Test D"): Text 'Test D' is set on object 'Object Repository/Page_Test 123 - Team Mattermost/textarea_Test_1'

2021-05-28 20:50:17 - [MESSAGE][PASSED] - Text 'Test D' is set on object 'Object Repository/Page_Test 123 - Team Mattermost/textarea_Test_1'

2021-05-28 20:50:17 - [TEST_STEP][PASSED] - setText(findTestObject("Object Repository/Page_Test 123 - Team Mattermost/textarea_Test D"), "Test De"): Text 'Test De' is set on object 'Object Repository/Page_Test 123 - Team Mattermost/textarea_Test D'

2021-05-28 20:50:18 - [MESSAGE][PASSED] - Text 'Test De' is set on object 'Object Repository/Page_Test 123 - Team Mattermost/textarea_Test D'

2021-05-28 20:50:18 - [TEST_STEP][PASSED] - setText(findTestObject("Object Repository/Page_Test 123 - Team Mattermost/textarea_Test De"), "Test Des"): Text 'Test Des' is set on object 'Object Repository/Page_Test 123 - Team Mattermost/textarea_Test De'

2021-05-28 20:50:19 - [MESSAGE][PASSED] - Text 'Test Des' is set on object 'Object Repository/Page_Test 123 - Team Mattermost/textarea_Test De'

2021-05-28 20:50:19 - [TEST_STEP][PASSED] - setText(findTestObject("Object Repository/Page_Test 123 - Team Mattermost/textarea_Test Des"), "Test Desc"): Text 'Test Desc' is set on object 'Object Repository/Page_Test 123 - Team Mattermost/textarea_Test Des'

2021-05-28 20:50:20 - [MESSAGE][PASSED] - Text 'Test Desc' is set on object 'Object Repository/Page_Test 123 - Team Mattermost/textarea_Test Des'

2021-05-28 20:50:20 - [TEST_STEP][PASSED] - setText(findTestObject("Object Repository/Page_Test 123 - Team Mattermost/textarea_Test Desc"), "Test Descu"): Text 'Test Descu' is set on object 'Object Repository/Page_Test 123 - Team Mattermost/textarea_Test Desc'

2021-05-28 20:50:20 - [MESSAGE][PASSED] - Text 'Test Descu' is set on object 'Object Repository/Page_Test 123 - Team Mattermost/textarea_Test Desc'

2021-05-28 20:50:20 - [TEST_STEP][PASSED] - setText(findTestObject("Object Repository/Page_Test 123 - Team Mattermost/textarea_Test Descu"), "Test Descur"): Text 'Test Descur' is set on object 'Object Repository/Page_Test 123 - Team Mattermost/textarea_Test Descu'

2021-05-28 20:50:21 - [MESSAGE][PASSED] - Text 'Test Descur' is set on object 'Object Repository/Page_Test 123 - Team Mattermost/textarea_Test Descu'

2021-05-28 20:50:21 - [TEST_STEP][PASSED] - setText(findTestObject("Object Repository/Page_Test 123 - Team Mattermost/textarea_Test Descur"), "Test Descu"): Text 'Test Descu' is set on object 'Object Repository/Page_Test 123 - Team Mattermost/textarea_Test Descur'

2021-05-28 20:50:22 - [MESSAGE][PASSED] - Text 'Test Descu' is set on object 'Object Repository/Page_Test 123 - Team Mattermost/textarea_Test Descur'

2021-05-28 20:50:22 - [TEST_STEP][PASSED] - setText(findTestObject("Object Repository/Page_Test 123 - Team Mattermost/textarea_Test Descu"), "Test Desc"): Text 'Test Desc' is set on object 'Object Repository/Page_Test 123 - Team Mattermost/textarea_Test Descu'

2021-05-28 20:50:23 - [MESSAGE][PASSED] - Text 'Test Desc' is set on object 'Object Repository/Page_Test 123 - Team Mattermost/textarea_Test Descu'

2021-05-28 20:50:23 - [TEST_STEP][PASSED] - setText(findTestObject("Object Repository/Page_Test 123 - Team Mattermost/textarea_Test Desc"), "Test Descr"): Text 'Test Descr' is set on object 'Object Repository/Page_Test 123 - Team Mattermost/textarea_Test Desc'

2021-05-28 20:50:24 - [MESSAGE][PASSED] - Text 'Test Descr' is set on object 'Object Repository/Page_Test 123 - Team Mattermost/textarea_Test Desc'

2021-05-28 20:50:24 - [TEST_STEP][PASSED] - setText(findTestObject("Object Repository/Page_Test 123 - Team Mattermost/textarea_Test Descr"), "Test Descri"): Text 'Test Descri' is set on object 'Object Repository/Page_Test 123 - Team Mattermost/textarea_Test Descr'

2021-05-28 20:50:24 - [MESSAGE][PASSED] - Text 'Test Descri' is set on object 'Object Repository/Page_Test 123 - Team Mattermost/textarea_Test Descr'

2021-05-28 20:50:24 - [TEST_STEP][PASSED] - setText(findTestObject("Object Repository/Page_Test 123 - Team Mattermost/textarea_Test Descri"), "Test Descrip"): Text 'Test Descrip' is set on object 'Object Repository/Page_Test 123 - Team Mattermost/textarea_Test Descri'

2021-05-28 20:50:25 - [MESSAGE][PASSED] - Text 'Test Descrip' is set on object 'Object Repository/Page_Test 123 - Team Mattermost/textarea_Test Descri'

2021-05-28 20:50:25 - [TEST_STEP][PASSED] - setText(findTestObject("Object Repository/Page_Test 123 - Team Mattermost/textarea_Test Descrip"), "Test Descript"): Text 'Test Descript' is set on object 'Object Repository/Page_Test 123 - Team Mattermost/textarea_Test Descrip'

2021-05-28 20:50:26 - [MESSAGE][PASSED] - Text 'Test Descript' is set on object 'Object Repository/Page_Test 123 - Team Mattermost/textarea_Test Descrip'

2021-05-28 20:50:26 - [TEST_STEP][PASSED] - setText(findTestObject("Object Repository/Page_Test 123 - Team Mattermost/textarea_Test Descript"), "Test Descripti"): Text 'Test Descripti' is set on object 'Object Repository/Page_Test 123 - Team Mattermost/textarea_Test Descript'

2021-05-28 20:50:27 - [MESSAGE][PASSED] - Text 'Test Descripti' is set on object 'Object Repository/Page_Test 123 - Team Mattermost/textarea_Test Descript'

2021-05-28 20:50:27 - [TEST_STEP][PASSED] - setText(findTestObject("Object Repository/Page_Test 123 - Team Mattermost/textarea_Test Descripti"), "Test Descriptio"): Text 'Test Descriptio' is set on object 'Object Repository/Page_Test 123 - Team Mattermost/textarea_Test Descripti'

2021-05-28 20:50:28 - [MESSAGE][PASSED] - Text 'Test Descriptio' is set on object 'Object Repository/Page_Test 123 - Team Mattermost/textarea_Test Descripti'

2021-05-28 20:50:28 - [TEST_STEP][PASSED] - setText(findTestObject("Object Repository/Page_Test 123 - Team Mattermost/textarea_Test Descriptio"), "Test Description"): Text 'Test Description' is set on object 'Object Repository/Page_Test 123 - Team Mattermost/textarea_Test Descriptio'

2021-05-28 20:50:28 - [MESSAGE][PASSED] - Text 'Test Description' is set on object 'Object Repository/Page_Test 123 - Team Mattermost/textarea_Test Descriptio'

2021-05-28 20:50:28 - [TEST_STEP][PASSED] - click(findTestObject("Object Repository/Page_Test 123 - Team Mattermost/button_Save")): Object: 'Object Repository/Page_Test 123 - Team Mattermost/button_Save' is clicked on

2021-05-28 20:50:29 - [MESSAGE][PASSED] - Object: 'Object Repository/Page_Test 123 - Team Mattermost/button_Save' is clicked on

2021-05-28 20:50:29 - [TEST_STEP][PASSED] - closeBrowser(): Browser is closed

2021-05-28 20:50:30 - [MESSAGE][PASSED] - Browser is closed]]></system-out>
         <system-err><![CDATA[]]></system-err>
      </testcase>
      <testcase name="Test Cases/UpdatePurposeChannel" time="32.101" classname="Test Cases/UpdatePurposeChannel" status="PASSED">
         <system-out><![CDATA[2021-05-28 20:50:30 - [TEST_CASE][PASSED] - Test Cases/UpdatePurposeChannel: Test Cases/UpdatePurposeChannel

2021-05-28 20:50:30 - [TEST_STEP][PASSED] - openBrowser(""): Browser is opened with url: ''

2021-05-28 20:50:30 - [MESSAGE][INFO] - Starting 'Chrome' driver

2021-05-28 20:50:30 - [MESSAGE][INFO] - Action delay is set to 0 milliseconds

2021-05-28 20:50:32 - [MESSAGE][PASSED] - Browser is opened with url: ''

2021-05-28 20:50:32 - [TEST_STEP][PASSED] - navigateToUrl("https://cdnc-group2.herokuapp.com/"): Navigate to 'https://cdnc-group2.herokuapp.com/' successfully

2021-05-28 20:50:36 - [MESSAGE][PASSED] - Navigate to 'https://cdnc-group2.herokuapp.com/' successfully

2021-05-28 20:50:36 - [TEST_STEP][PASSED] - setText(findTestObject("Object Repository/Page_Mattermost/input_All team communication in one place, _dcc84b"), "ngoctin040999@gmail.com"): Text 'ngoctin040999@gmail.com' is set on object 'Object Repository/Page_Mattermost/input_All team communication in one place, _dcc84b'

2021-05-28 20:50:41 - [MESSAGE][PASSED] - Text 'ngoctin040999@gmail.com' is set on object 'Object Repository/Page_Mattermost/input_All team communication in one place, _dcc84b'

2021-05-28 20:50:41 - [TEST_STEP][PASSED] - setEncryptedText(findTestObject("Object Repository/Page_Mattermost/input_All team communication in one place, _a3edc6"), "S8w1SJvl7D1hts9IdMV+NQ=="): Text ****** has been set on object 'Object Repository/Page_Mattermost/input_All team communication in one place, _a3edc6'

2021-05-28 20:50:42 - [MESSAGE][PASSED] - Text ****** has been set on object 'Object Repository/Page_Mattermost/input_All team communication in one place, _a3edc6'

2021-05-28 20:50:42 - [TEST_STEP][PASSED] - sendKeys(findTestObject("Object Repository/Page_Mattermost/input_All team communication in one place, _a3edc6"), Keys.chord(ENTER)): Keys 'ENTER + ' sent to object: 'Object Repository/Page_Mattermost/input_All team communication in one place, _a3edc6'

2021-05-28 20:50:42 - [MESSAGE][PASSED] - Keys 'ENTER + ' sent to object: 'Object Repository/Page_Mattermost/input_All team communication in one place, _a3edc6'

2021-05-28 20:50:42 - [TEST_STEP][PASSED] - click(findTestObject("Object Repository/Page_Town Square - Team Mattermost/span_Test 123")): Object: 'Object Repository/Page_Town Square - Team Mattermost/span_Test 123' is clicked on

2021-05-28 20:50:46 - [MESSAGE][PASSED] - Object: 'Object Repository/Page_Town Square - Team Mattermost/span_Test 123' is clicked on

2021-05-28 20:50:46 - [TEST_STEP][PASSED] - click(findTestObject("Object Repository/Page_Test 123 - Team Mattermost/span_Test 123_channelHeaderDropdownIcon")): Object: 'Object Repository/Page_Test 123 - Team Mattermost/span_Test 123_channelHeaderDropdownIcon' is clicked on

2021-05-28 20:50:48 - [MESSAGE][PASSED] - Object: 'Object Repository/Page_Test 123 - Team Mattermost/span_Test 123_channelHeaderDropdownIcon' is clicked on

2021-05-28 20:50:48 - [TEST_STEP][PASSED] - click(findTestObject("Object Repository/Page_Test 123 - Team Mattermost/span_Edit Channel Purpose")): Object: 'Object Repository/Page_Test 123 - Team Mattermost/span_Edit Channel Purpose' is clicked on

2021-05-28 20:50:49 - [MESSAGE][PASSED] - Object: 'Object Repository/Page_Test 123 - Team Mattermost/span_Edit Channel Purpose' is clicked on

2021-05-28 20:50:49 - [TEST_STEP][PASSED] - setText(findTestObject("Object Repository/Page_Test 123 - Team Mattermost/textarea_dasdasdasasd"), ""): Text '' is set on object 'Object Repository/Page_Test 123 - Team Mattermost/textarea_dasdasdasasd'

2021-05-28 20:50:50 - [MESSAGE][PASSED] - Text '' is set on object 'Object Repository/Page_Test 123 - Team Mattermost/textarea_dasdasdasasd'

2021-05-28 20:50:50 - [TEST_STEP][PASSED] - setText(findTestObject("Object Repository/Page_Test 123 - Team Mattermost/textarea_Test 123_form-control no-resize"), "d"): Text 'd' is set on object 'Object Repository/Page_Test 123 - Team Mattermost/textarea_Test 123_form-control no-resize'

2021-05-28 20:50:51 - [MESSAGE][PASSED] - Text 'd' is set on object 'Object Repository/Page_Test 123 - Team Mattermost/textarea_Test 123_form-control no-resize'

2021-05-28 20:50:51 - [TEST_STEP][PASSED] - setText(findTestObject("Object Repository/Page_Test 123 - Team Mattermost/textarea_d"), "da"): Text 'da' is set on object 'Object Repository/Page_Test 123 - Team Mattermost/textarea_d'

2021-05-28 20:50:51 - [MESSAGE][PASSED] - Text 'da' is set on object 'Object Repository/Page_Test 123 - Team Mattermost/textarea_d'

2021-05-28 20:50:51 - [TEST_STEP][PASSED] - setText(findTestObject("Object Repository/Page_Test 123 - Team Mattermost/textarea_da"), "das"): Text 'das' is set on object 'Object Repository/Page_Test 123 - Team Mattermost/textarea_da'

2021-05-28 20:50:52 - [MESSAGE][PASSED] - Text 'das' is set on object 'Object Repository/Page_Test 123 - Team Mattermost/textarea_da'

2021-05-28 20:50:52 - [TEST_STEP][PASSED] - setText(findTestObject("Object Repository/Page_Test 123 - Team Mattermost/textarea_das"), "dasd"): Text 'dasd' is set on object 'Object Repository/Page_Test 123 - Team Mattermost/textarea_das'

2021-05-28 20:50:53 - [MESSAGE][PASSED] - Text 'dasd' is set on object 'Object Repository/Page_Test 123 - Team Mattermost/textarea_das'

2021-05-28 20:50:53 - [TEST_STEP][PASSED] - setText(findTestObject("Object Repository/Page_Test 123 - Team Mattermost/textarea_dasd"), "dasda"): Text 'dasda' is set on object 'Object Repository/Page_Test 123 - Team Mattermost/textarea_dasd'

2021-05-28 20:50:54 - [MESSAGE][PASSED] - Text 'dasda' is set on object 'Object Repository/Page_Test 123 - Team Mattermost/textarea_dasd'

2021-05-28 20:50:54 - [TEST_STEP][PASSED] - setText(findTestObject("Object Repository/Page_Test 123 - Team Mattermost/textarea_dasda"), "dasdas"): Text 'dasdas' is set on object 'Object Repository/Page_Test 123 - Team Mattermost/textarea_dasda'

2021-05-28 20:50:55 - [MESSAGE][PASSED] - Text 'dasdas' is set on object 'Object Repository/Page_Test 123 - Team Mattermost/textarea_dasda'

2021-05-28 20:50:55 - [TEST_STEP][PASSED] - setText(findTestObject("Object Repository/Page_Test 123 - Team Mattermost/textarea_dasdas"), "dasdasd"): Text 'dasdasd' is set on object 'Object Repository/Page_Test 123 - Team Mattermost/textarea_dasdas'

2021-05-28 20:50:56 - [MESSAGE][PASSED] - Text 'dasdasd' is set on object 'Object Repository/Page_Test 123 - Team Mattermost/textarea_dasdas'

2021-05-28 20:50:56 - [TEST_STEP][PASSED] - setText(findTestObject("Object Repository/Page_Test 123 - Team Mattermost/textarea_dasdasd"), "dasdasda"): Text 'dasdasda' is set on object 'Object Repository/Page_Test 123 - Team Mattermost/textarea_dasdasd'

2021-05-28 20:50:56 - [MESSAGE][PASSED] - Text 'dasdasda' is set on object 'Object Repository/Page_Test 123 - Team Mattermost/textarea_dasdasd'

2021-05-28 20:50:56 - [TEST_STEP][PASSED] - setText(findTestObject("Object Repository/Page_Test 123 - Team Mattermost/textarea_dasdasda"), "dasdasdas"): Text 'dasdasdas' is set on object 'Object Repository/Page_Test 123 - Team Mattermost/textarea_dasdasda'

2021-05-28 20:50:57 - [MESSAGE][PASSED] - Text 'dasdasdas' is set on object 'Object Repository/Page_Test 123 - Team Mattermost/textarea_dasdasda'

2021-05-28 20:50:57 - [TEST_STEP][PASSED] - setText(findTestObject("Object Repository/Page_Test 123 - Team Mattermost/textarea_dasdasdas"), "dasdasdasd"): Text 'dasdasdasd' is set on object 'Object Repository/Page_Test 123 - Team Mattermost/textarea_dasdasdas'

2021-05-28 20:50:58 - [MESSAGE][PASSED] - Text 'dasdasdasd' is set on object 'Object Repository/Page_Test 123 - Team Mattermost/textarea_dasdasdas'

2021-05-28 20:50:58 - [TEST_STEP][PASSED] - setText(findTestObject("Object Repository/Page_Test 123 - Team Mattermost/textarea_dasdasdasd"), "dasdasdasda"): Text 'dasdasdasda' is set on object 'Object Repository/Page_Test 123 - Team Mattermost/textarea_dasdasdasd'

2021-05-28 20:50:59 - [MESSAGE][PASSED] - Text 'dasdasdasda' is set on object 'Object Repository/Page_Test 123 - Team Mattermost/textarea_dasdasdasd'

2021-05-28 20:50:59 - [TEST_STEP][PASSED] - setText(findTestObject("Object Repository/Page_Test 123 - Team Mattermost/textarea_dasdasdasda"), "dasdasdasdas"): Text 'dasdasdasdas' is set on object 'Object Repository/Page_Test 123 - Team Mattermost/textarea_dasdasdasda'

2021-05-28 20:51:00 - [MESSAGE][PASSED] - Text 'dasdasdasdas' is set on object 'Object Repository/Page_Test 123 - Team Mattermost/textarea_dasdasdasda'

2021-05-28 20:51:00 - [TEST_STEP][PASSED] - setText(findTestObject("Object Repository/Page_Test 123 - Team Mattermost/textarea_dasdasdasdas"), "dasdasdasdasd"): Text 'dasdasdasdasd' is set on object 'Object Repository/Page_Test 123 - Team Mattermost/textarea_dasdasdasdas'

2021-05-28 20:51:00 - [MESSAGE][PASSED] - Text 'dasdasdasdasd' is set on object 'Object Repository/Page_Test 123 - Team Mattermost/textarea_dasdasdasdas'

2021-05-28 20:51:00 - [TEST_STEP][PASSED] - click(findTestObject("Object Repository/Page_Test 123 - Team Mattermost/button_Save")): Object: 'Object Repository/Page_Test 123 - Team Mattermost/button_Save' is clicked on

2021-05-28 20:51:01 - [MESSAGE][PASSED] - Object: 'Object Repository/Page_Test 123 - Team Mattermost/button_Save' is clicked on

2021-05-28 20:51:01 - [TEST_STEP][PASSED] - closeBrowser(): Browser is closed

2021-05-28 20:51:02 - [MESSAGE][PASSED] - Browser is closed]]></system-out>
         <system-err><![CDATA[]]></system-err>
      </testcase>
      <testcase name="Test Cases/UpdateTeamDescription" time="111.555" classname="Test Cases/UpdateTeamDescription" status="PASSED">
         <system-out><![CDATA[2021-05-28 20:51:02 - [TEST_CASE][PASSED] - Test Cases/UpdateTeamDescription: Test Cases/UpdateTeamDescription

2021-05-28 20:51:02 - [TEST_STEP][PASSED] - openBrowser(""): Browser is opened with url: ''

2021-05-28 20:51:02 - [MESSAGE][INFO] - Starting 'Chrome' driver

2021-05-28 20:51:02 - [MESSAGE][INFO] - Action delay is set to 0 milliseconds

2021-05-28 20:51:04 - [MESSAGE][PASSED] - Browser is opened with url: ''

2021-05-28 20:51:04 - [TEST_STEP][PASSED] - navigateToUrl("https://cdnc-group2.herokuapp.com/"): Navigate to 'https://cdnc-group2.herokuapp.com/' successfully

2021-05-28 20:51:09 - [MESSAGE][PASSED] - Navigate to 'https://cdnc-group2.herokuapp.com/' successfully

2021-05-28 20:51:09 - [TEST_STEP][PASSED] - setText(findTestObject("Object Repository/Page_Mattermost/input_All team communication in one place, _dcc84b"), "ngoctin040999@gmail.com"): Text 'ngoctin040999@gmail.com' is set on object 'Object Repository/Page_Mattermost/input_All team communication in one place, _dcc84b'

2021-05-28 20:51:14 - [MESSAGE][PASSED] - Text 'ngoctin040999@gmail.com' is set on object 'Object Repository/Page_Mattermost/input_All team communication in one place, _dcc84b'

2021-05-28 20:51:14 - [TEST_STEP][PASSED] - setEncryptedText(findTestObject("Object Repository/Page_Mattermost/input_All team communication in one place, _a3edc6"), "S8w1SJvl7D1hts9IdMV+NQ=="): Text ****** has been set on object 'Object Repository/Page_Mattermost/input_All team communication in one place, _a3edc6'

2021-05-28 20:51:15 - [MESSAGE][PASSED] - Text ****** has been set on object 'Object Repository/Page_Mattermost/input_All team communication in one place, _a3edc6'

2021-05-28 20:51:15 - [TEST_STEP][PASSED] - click(findTestObject("Object Repository/Page_Mattermost/button_Sign in")): Object: 'Object Repository/Page_Mattermost/button_Sign in' is clicked on

2021-05-28 20:51:15 - [MESSAGE][PASSED] - Object: 'Object Repository/Page_Mattermost/button_Sign in' is clicked on

2021-05-28 20:51:15 - [TEST_STEP][PASSED] - click(findTestObject("Object Repository/Page_Town Square - TOKEN_UPDATED Mattermost/div_TO")): Object: 'Object Repository/Page_Town Square - TOKEN_UPDATED Mattermost/div_TO' is clicked on

2021-05-28 20:51:47 - [MESSAGE][INFO] - Unable to find the element located by 'By.xpath: //a[@id='fsdfsdfTeamButton']/div/div/div/div'. Please recheck the objects properties to make sure the desired element is located. 

2021-05-28 20:51:47 - [MESSAGE][WARNING] - [SELF-HEALING] Failed to find element with id 'Object Repository/Page_Town Square - TOKEN_UPDATED Mattermost/div_TO'. Try using Self-healing.

2021-05-28 20:51:47 - [MESSAGE][WARNING] - [SELF-HEALING] The current locator of test object 'Object Repository/Page_Town Square - TOKEN_UPDATED Mattermost/div_TO' was broken. Propose an alternative one: '(.//*[normalize-space(text()) and normalize-space(.)='TOKEN_UPDATED'])[1]/following::div[11]'.

2021-05-28 20:51:47 - [MESSAGE][PASSED] - Object: 'Object Repository/Page_Town Square - TOKEN_UPDATED Mattermost/div_TO' is clicked on

2021-05-28 20:51:47 - [TEST_STEP][PASSED] - click(findTestObject("Object Repository/Page_Town Square - TOKEN_UPDATED Mattermost/path")): Object: 'Object Repository/Page_Town Square - TOKEN_UPDATED Mattermost/path' is clicked on

2021-05-28 20:52:18 - [MESSAGE][INFO] - Unable to find the element located by 'By.xpath: '. Please recheck the objects properties to make sure the desired element is located. 

2021-05-28 20:52:18 - [MESSAGE][WARNING] - [SELF-HEALING] Failed to find element with id 'Object Repository/Page_Town Square - TOKEN_UPDATED Mattermost/path'. Try using Self-healing.

2021-05-28 20:52:18 - [MESSAGE][WARNING] - [SELF-HEALING] The current locator of test object 'Object Repository/Page_Town Square - TOKEN_UPDATED Mattermost/path' was broken. Propose an alternative one: 'g > path'.

2021-05-28 20:52:19 - [MESSAGE][PASSED] - Object: 'Object Repository/Page_Town Square - TOKEN_UPDATED Mattermost/path' is clicked on

2021-05-28 20:52:19 - [TEST_STEP][PASSED] - click(findTestObject("Object Repository/Page_Town Square - TOKEN_UPDATED Mattermost/button_Team Settings")): Object: 'Object Repository/Page_Town Square - TOKEN_UPDATED Mattermost/button_Team Settings' is clicked on

2021-05-28 20:52:19 - [MESSAGE][PASSED] - Object: 'Object Repository/Page_Town Square - TOKEN_UPDATED Mattermost/button_Team Settings' is clicked on

2021-05-28 20:52:19 - [TEST_STEP][PASSED] - click(findTestObject("Object Repository/Page_Town Square - TOKEN_UPDATED Mattermost/span_Edit")): Object: 'Object Repository/Page_Town Square - TOKEN_UPDATED Mattermost/span_Edit' is clicked on

2021-05-28 20:52:50 - [MESSAGE][INFO] - Unable to find the element located by 'By.xpath: //button[@id='usernameEdit']/span'. Please recheck the objects properties to make sure the desired element is located. 

2021-05-28 20:52:50 - [MESSAGE][WARNING] - [SELF-HEALING] Failed to find element with id 'Object Repository/Page_Town Square - TOKEN_UPDATED Mattermost/span_Edit'. Try using Self-healing.

2021-05-28 20:52:51 - [MESSAGE][WARNING] - [SELF-HEALING] The current locator of test object 'Object Repository/Page_Town Square - TOKEN_UPDATED Mattermost/span_Edit' was broken. Propose an alternative one: '//div[4]/div/div/button/span'.

2021-05-28 20:52:51 - [MESSAGE][PASSED] - Object: 'Object Repository/Page_Town Square - TOKEN_UPDATED Mattermost/span_Edit' is clicked on

2021-05-28 20:52:51 - [TEST_STEP][PASSED] - setText(findTestObject("Object Repository/Page_Town Square - TOKEN_UPDATED Mattermost/input_Team Description_teamDescription"), "TOKEN TEAM 123"): Text 'TOKEN TEAM 123' is set on object 'Object Repository/Page_Town Square - TOKEN_UPDATED Mattermost/input_Team Description_teamDescription'

2021-05-28 20:52:52 - [MESSAGE][PASSED] - Text 'TOKEN TEAM 123' is set on object 'Object Repository/Page_Town Square - TOKEN_UPDATED Mattermost/input_Team Description_teamDescription'

2021-05-28 20:52:52 - [TEST_STEP][PASSED] - click(findTestObject("Object Repository/Page_Town Square - TOKEN_UPDATED Mattermost/span_Save")): Object: 'Object Repository/Page_Town Square - TOKEN_UPDATED Mattermost/span_Save' is clicked on

2021-05-28 20:52:52 - [MESSAGE][PASSED] - Object: 'Object Repository/Page_Town Square - TOKEN_UPDATED Mattermost/span_Save' is clicked on

2021-05-28 20:52:52 - [TEST_STEP][PASSED] - click(findTestObject("Object Repository/Page_Town Square - TOKEN_UPDATED Mattermost/span_")): Object: 'Object Repository/Page_Town Square - TOKEN_UPDATED Mattermost/span_' is clicked on

2021-05-28 20:52:53 - [MESSAGE][PASSED] - Object: 'Object Repository/Page_Town Square - TOKEN_UPDATED Mattermost/span_' is clicked on

2021-05-28 20:52:53 - [TEST_STEP][PASSED] - closeBrowser(): Browser is closed

2021-05-28 20:52:53 - [MESSAGE][PASSED] - Browser is closed]]></system-out>
         <system-err><![CDATA[]]></system-err>
      </testcase>
      <testcase name="Test Cases/UpdateTeamName" time="51.97" classname="Test Cases/UpdateTeamName" status="FAILED">
         <failure type="FAILED" message="Test Cases/UpdateTeamName FAILED.
Reason:
com.kms.katalon.core.exception.StepFailedException: Unable to click on object 'Object Repository/Page_Town Square - TOKEN Mattermost/div_TO'
	at com.kms.katalon.core.webui.keyword.internal.WebUIKeywordMain.stepFailed(WebUIKeywordMain.groovy:64)
	at com.kms.katalon.core.webui.keyword.internal.WebUIKeywordMain.runKeyword(WebUIKeywordMain.groovy:26)
	at com.kms.katalon.core.webui.keyword.builtin.ClickKeyword.click(ClickKeyword.groovy:75)
	at com.kms.katalon.core.webui.keyword.builtin.ClickKeyword.execute(ClickKeyword.groovy:42)
	at com.kms.katalon.core.keyword.internal.KeywordExecutor.executeKeywordForPlatform(KeywordExecutor.groovy:73)
	at com.kms.katalon.core.webui.keyword.WebUiBuiltInKeywords.click(WebUiBuiltInKeywords.groovy:619)
	at com.kms.katalon.core.webui.keyword.WebUiBuiltInKeywords$click$4.call(Unknown Source)
	at UpdateTeamName.run(UpdateTeamName:31)
	at com.kms.katalon.core.main.ScriptEngine.run(ScriptEngine.java:194)
	at com.kms.katalon.core.main.ScriptEngine.runScriptAsRawText(ScriptEngine.java:119)
	at com.kms.katalon.core.main.TestCaseExecutor.runScript(TestCaseExecutor.java:398)
	at com.kms.katalon.core.main.TestCaseExecutor.doExecute(TestCaseExecutor.java:389)
	at com.kms.katalon.core.main.TestCaseExecutor.processExecutionPhase(TestCaseExecutor.java:368)
	at com.kms.katalon.core.main.TestCaseExecutor.accessMainPhase(TestCaseExecutor.java:360)
	at com.kms.katalon.core.main.TestCaseExecutor.execute(TestCaseExecutor.java:255)
	at com.kms.katalon.core.main.TestSuiteExecutor.accessTestCaseMainPhase(TestSuiteExecutor.java:203)
	at com.kms.katalon.core.main.TestSuiteExecutor.accessTestSuiteMainPhase(TestSuiteExecutor.java:152)
	at com.kms.katalon.core.main.TestSuiteExecutor.execute(TestSuiteExecutor.java:95)
	at com.kms.katalon.core.main.TestCaseMain.startTestSuite(TestCaseMain.java:157)
	at com.kms.katalon.core.main.TestCaseMain$startTestSuite$0.call(Unknown Source)
	at TempTestSuite1622209211486.run(TempTestSuite1622209211486.groovy:39)
Caused by: com.kms.katalon.core.webui.exception.WebElementNotFoundException: Web element with id: 'Object Repository/Page_Town Square - TOKEN Mattermost/div_TO' located by '//a[@id='fsdfsdfTeamButton']/div/div/div/div' not found
	at com.kms.katalon.core.webui.common.WebUiCommonHelper.findWebElement(WebUiCommonHelper.java:1368)
	at com.kms.katalon.core.webui.keyword.internal.WebUIAbstractKeyword.findWebElement(WebUIAbstractKeyword.groovy:27)
	at com.kms.katalon.core.webui.keyword.internal.WebUIAbstractKeyword.findWebElement(WebUIAbstractKeyword.groovy:26)
	at com.kms.katalon.core.webui.keyword.builtin.ClickKeyword$_click_closure1.doCall(ClickKeyword.groovy:66)
	at com.kms.katalon.core.webui.keyword.builtin.ClickKeyword$_click_closure1.call(ClickKeyword.groovy)
	at com.kms.katalon.core.webui.keyword.internal.WebUIKeywordMain.runKeyword(WebUIKeywordMain.groovy:20)
	... 19 more
"/>
         <system-out><![CDATA[2021-05-28 20:52:53 - [TEST_CASE][FAILED] - Test Cases/UpdateTeamName: Test Cases/UpdateTeamName FAILED.
Reason:
com.kms.katalon.core.exception.StepFailedException: Unable to click on object 'Object Repository/Page_Town Square - TOKEN Mattermost/div_TO'
	at com.kms.katalon.core.webui.keyword.internal.WebUIKeywordMain.stepFailed(WebUIKeywordMain.groovy:64)
	at com.kms.katalon.core.webui.keyword.internal.WebUIKeywordMain.runKeyword(WebUIKeywordMain.groovy:26)
	at com.kms.katalon.core.webui.keyword.builtin.ClickKeyword.click(ClickKeyword.groovy:75)
	at com.kms.katalon.core.webui.keyword.builtin.ClickKeyword.execute(ClickKeyword.groovy:42)
	at com.kms.katalon.core.keyword.internal.KeywordExecutor.executeKeywordForPlatform(KeywordExecutor.groovy:73)
	at com.kms.katalon.core.webui.keyword.WebUiBuiltInKeywords.click(WebUiBuiltInKeywords.groovy:619)
	at com.kms.katalon.core.webui.keyword.WebUiBuiltInKeywords$click$4.call(Unknown Source)
	at UpdateTeamName.run(UpdateTeamName:31)
	at com.kms.katalon.core.main.ScriptEngine.run(ScriptEngine.java:194)
	at com.kms.katalon.core.main.ScriptEngine.runScriptAsRawText(ScriptEngine.java:119)
	at com.kms.katalon.core.main.TestCaseExecutor.runScript(TestCaseExecutor.java:398)
	at com.kms.katalon.core.main.TestCaseExecutor.doExecute(TestCaseExecutor.java:389)
	at com.kms.katalon.core.main.TestCaseExecutor.processExecutionPhase(TestCaseExecutor.java:368)
	at com.kms.katalon.core.main.TestCaseExecutor.accessMainPhase(TestCaseExecutor.java:360)
	at com.kms.katalon.core.main.TestCaseExecutor.execute(TestCaseExecutor.java:255)
	at com.kms.katalon.core.main.TestSuiteExecutor.accessTestCaseMainPhase(TestSuiteExecutor.java:203)
	at com.kms.katalon.core.main.TestSuiteExecutor.accessTestSuiteMainPhase(TestSuiteExecutor.java:152)
	at com.kms.katalon.core.main.TestSuiteExecutor.execute(TestSuiteExecutor.java:95)
	at com.kms.katalon.core.main.TestCaseMain.startTestSuite(TestCaseMain.java:157)
	at com.kms.katalon.core.main.TestCaseMain$startTestSuite$0.call(Unknown Source)
	at TempTestSuite1622209211486.run(TempTestSuite1622209211486.groovy:39)
Caused by: com.kms.katalon.core.webui.exception.WebElementNotFoundException: Web element with id: 'Object Repository/Page_Town Square - TOKEN Mattermost/div_TO' located by '//a[@id='fsdfsdfTeamButton']/div/div/div/div' not found
	at com.kms.katalon.core.webui.common.WebUiCommonHelper.findWebElement(WebUiCommonHelper.java:1368)
	at com.kms.katalon.core.webui.keyword.internal.WebUIAbstractKeyword.findWebElement(WebUIAbstractKeyword.groovy:27)
	at com.kms.katalon.core.webui.keyword.internal.WebUIAbstractKeyword.findWebElement(WebUIAbstractKeyword.groovy:26)
	at com.kms.katalon.core.webui.keyword.builtin.ClickKeyword$_click_closure1.doCall(ClickKeyword.groovy:66)
	at com.kms.katalon.core.webui.keyword.builtin.ClickKeyword$_click_closure1.call(ClickKeyword.groovy)
	at com.kms.katalon.core.webui.keyword.internal.WebUIKeywordMain.runKeyword(WebUIKeywordMain.groovy:20)
	... 19 more


2021-05-28 20:52:54 - [TEST_STEP][PASSED] - openBrowser(""): Browser is opened with url: ''

2021-05-28 20:52:54 - [MESSAGE][INFO] - Starting 'Chrome' driver

2021-05-28 20:52:54 - [MESSAGE][INFO] - Action delay is set to 0 milliseconds

2021-05-28 20:52:56 - [MESSAGE][PASSED] - Browser is opened with url: ''

2021-05-28 20:52:56 - [TEST_STEP][PASSED] - navigateToUrl("https://cdnc-group2.herokuapp.com/"): Navigate to 'https://cdnc-group2.herokuapp.com/' successfully

2021-05-28 20:53:00 - [MESSAGE][PASSED] - Navigate to 'https://cdnc-group2.herokuapp.com/' successfully

2021-05-28 20:53:00 - [TEST_STEP][PASSED] - setText(findTestObject("Object Repository/Page_Mattermost/input_All team communication in one place, _dcc84b"), "ngoctin040999@gmail.com"): Text 'ngoctin040999@gmail.com' is set on object 'Object Repository/Page_Mattermost/input_All team communication in one place, _dcc84b'

2021-05-28 20:53:08 - [MESSAGE][PASSED] - Text 'ngoctin040999@gmail.com' is set on object 'Object Repository/Page_Mattermost/input_All team communication in one place, _dcc84b'

2021-05-28 20:53:08 - [TEST_STEP][PASSED] - setEncryptedText(findTestObject("Object Repository/Page_Mattermost/input_All team communication in one place, _a3edc6"), "S8w1SJvl7D1hts9IdMV+NQ=="): Text ****** has been set on object 'Object Repository/Page_Mattermost/input_All team communication in one place, _a3edc6'

2021-05-28 20:53:09 - [MESSAGE][PASSED] - Text ****** has been set on object 'Object Repository/Page_Mattermost/input_All team communication in one place, _a3edc6'

2021-05-28 20:53:09 - [TEST_STEP][PASSED] - click(findTestObject("Object Repository/Page_Mattermost/span_Sign in")): Object: 'Object Repository/Page_Mattermost/span_Sign in' is clicked on

2021-05-28 20:53:09 - [MESSAGE][PASSED] - Object: 'Object Repository/Page_Mattermost/span_Sign in' is clicked on

2021-05-28 20:53:09 - [TEST_STEP][FAILED] - click(findTestObject("Object Repository/Page_Town Square - TOKEN Mattermost/div_TO")): Unable to click on object 'Object Repository/Page_Town Square - TOKEN Mattermost/div_TO' (Root cause: com.kms.katalon.core.exception.StepFailedException: Unable to click on object 'Object Repository/Page_Town Square - TOKEN Mattermost/div_TO'
	at com.kms.katalon.core.webui.keyword.internal.WebUIKeywordMain.stepFailed(WebUIKeywordMain.groovy:64)
	at com.kms.katalon.core.webui.keyword.internal.WebUIKeywordMain.runKeyword(WebUIKeywordMain.groovy:26)
	at com.kms.katalon.core.webui.keyword.builtin.ClickKeyword.click(ClickKeyword.groovy:75)
	at com.kms.katalon.core.webui.keyword.builtin.ClickKeyword.execute(ClickKeyword.groovy:42)
	at com.kms.katalon.core.keyword.internal.KeywordExecutor.executeKeywordForPlatform(KeywordExecutor.groovy:73)
	at com.kms.katalon.core.webui.keyword.WebUiBuiltInKeywords.click(WebUiBuiltInKeywords.groovy:619)
	at com.kms.katalon.core.webui.keyword.WebUiBuiltInKeywords$click$4.call(Unknown Source)
	at UpdateTeamName.run(UpdateTeamName:31)
	at com.kms.katalon.core.main.ScriptEngine.run(ScriptEngine.java:194)
	at com.kms.katalon.core.main.ScriptEngine.runScriptAsRawText(ScriptEngine.java:119)
	at com.kms.katalon.core.main.TestCaseExecutor.runScript(TestCaseExecutor.java:398)
	at com.kms.katalon.core.main.TestCaseExecutor.doExecute(TestCaseExecutor.java:389)
	at com.kms.katalon.core.main.TestCaseExecutor.processExecutionPhase(TestCaseExecutor.java:368)
	at com.kms.katalon.core.main.TestCaseExecutor.accessMainPhase(TestCaseExecutor.java:360)
	at com.kms.katalon.core.main.TestCaseExecutor.execute(TestCaseExecutor.java:255)
	at com.kms.katalon.core.main.TestSuiteExecutor.accessTestCaseMainPhase(TestSuiteExecutor.java:203)
	at com.kms.katalon.core.main.TestSuiteExecutor.accessTestSuiteMainPhase(TestSuiteExecutor.java:152)
	at com.kms.katalon.core.main.TestSuiteExecutor.execute(TestSuiteExecutor.java:95)
	at com.kms.katalon.core.main.TestCaseMain.startTestSuite(TestCaseMain.java:157)
	at com.kms.katalon.core.main.TestCaseMain$startTestSuite$0.call(Unknown Source)
	at TempTestSuite1622209211486.run(TempTestSuite1622209211486.groovy:39)
Caused by: com.kms.katalon.core.webui.exception.WebElementNotFoundException: Web element with id: 'Object Repository/Page_Town Square - TOKEN Mattermost/div_TO' located by '//a[@id='fsdfsdfTeamButton']/div/div/div/div' not found
	at com.kms.katalon.core.webui.common.WebUiCommonHelper.findWebElement(WebUiCommonHelper.java:1368)
	at com.kms.katalon.core.webui.keyword.internal.WebUIAbstractKeyword.findWebElement(WebUIAbstractKeyword.groovy:27)
	at com.kms.katalon.core.webui.keyword.internal.WebUIAbstractKeyword.findWebElement(WebUIAbstractKeyword.groovy:26)
	at com.kms.katalon.core.webui.keyword.builtin.ClickKeyword$_click_closure1.doCall(ClickKeyword.groovy:66)
	at com.kms.katalon.core.webui.keyword.builtin.ClickKeyword$_click_closure1.call(ClickKeyword.groovy)
	at com.kms.katalon.core.webui.keyword.internal.WebUIKeywordMain.runKeyword(WebUIKeywordMain.groovy:20)
	at com.kms.katalon.core.webui.keyword.builtin.ClickKeyword.click(ClickKeyword.groovy:75)
	at com.kms.katalon.core.webui.keyword.builtin.ClickKeyword.execute(ClickKeyword.groovy:42)
	at com.kms.katalon.core.keyword.internal.KeywordExecutor.executeKeywordForPlatform(KeywordExecutor.groovy:73)
	at com.kms.katalon.core.webui.keyword.WebUiBuiltInKeywords.click(WebUiBuiltInKeywords.groovy:619)
	at com.kms.katalon.core.webui.keyword.WebUiBuiltInKeywords$click$4.call(Unknown Source)
	at Script1621606097014.run(Script1621606097014.groovy:31)
	... 13 more
)

2021-05-28 20:53:40 - [MESSAGE][INFO] - Unable to find the element located by 'By.xpath: //a[@id='fsdfsdfTeamButton']/div/div/div/div'. Please recheck the objects properties to make sure the desired element is located. 

2021-05-28 20:53:40 - [MESSAGE][WARNING] - [SELF-HEALING] Failed to find element with id 'Object Repository/Page_Town Square - TOKEN Mattermost/div_TO'. Try using Self-healing.

2021-05-28 20:53:41 - [MESSAGE][INFO] - Unable to find the element located by 'By.xpath: //a/div/div/div/div'. Please recheck the objects properties to make sure the desired element is located. 

2021-05-28 20:53:42 - [MESSAGE][INFO] - [SELF-HEALING] Failed Locator: '//a[@id='fsdfsdfTeamButton']/div/div/div/div'.

2021-05-28 20:53:42 - [MESSAGE][INFO] - [SELF-HEALING] Failed Locator: '(.//*[normalize-space(text()) and normalize-space(.)='TOKEN'])[1]/following::div[11]'.

2021-05-28 20:53:42 - [MESSAGE][INFO] - [SELF-HEALING] Failed Locator: '(.//*[normalize-space(text()) and normalize-space(.)='Up'])[1]/preceding::div[1]'.

2021-05-28 20:53:42 - [MESSAGE][INFO] - [SELF-HEALING] Failed Locator: '(.//*[normalize-space(text()) and normalize-space(.)='Up'])[2]/preceding::div[6]'.

2021-05-28 20:53:43 - [MESSAGE][INFO] - [SELF-HEALING] Failed Locator: '//*/text()[normalize-space(.)='TO']/parent::*'.

2021-05-28 20:53:43 - [MESSAGE][INFO] - [SELF-HEALING] Failed Locator: '//a/div/div/div/div'.

2021-05-28 20:53:44 - [MESSAGE][INFO] - Unable to find the element located by 'By.xpath: //*[(text() = 'TO' or . = 'TO')]'. Please recheck the objects properties to make sure the desired element is located. 

2021-05-28 20:53:45 - [MESSAGE][INFO] - Unable to find the element located by 'By.cssSelector: div.TeamIcon__initials.TeamIcon__initials__md'. Please recheck the objects properties to make sure the desired element is located. 

2021-05-28 20:53:45 - [MESSAGE][FAILED] - Unable to click on object 'Object Repository/Page_Town Square - TOKEN Mattermost/div_TO' (Root cause: com.kms.katalon.core.exception.StepFailedException: Unable to click on object 'Object Repository/Page_Town Square - TOKEN Mattermost/div_TO'
	at com.kms.katalon.core.webui.keyword.internal.WebUIKeywordMain.stepFailed(WebUIKeywordMain.groovy:64)
	at com.kms.katalon.core.webui.keyword.internal.WebUIKeywordMain.runKeyword(WebUIKeywordMain.groovy:26)
	at com.kms.katalon.core.webui.keyword.builtin.ClickKeyword.click(ClickKeyword.groovy:75)
	at com.kms.katalon.core.webui.keyword.builtin.ClickKeyword.execute(ClickKeyword.groovy:42)
	at com.kms.katalon.core.keyword.internal.KeywordExecutor.executeKeywordForPlatform(KeywordExecutor.groovy:73)
	at com.kms.katalon.core.webui.keyword.WebUiBuiltInKeywords.click(WebUiBuiltInKeywords.groovy:619)
	at com.kms.katalon.core.webui.keyword.WebUiBuiltInKeywords$click$4.call(Unknown Source)
	at UpdateTeamName.run(UpdateTeamName:31)
	at com.kms.katalon.core.main.ScriptEngine.run(ScriptEngine.java:194)
	at com.kms.katalon.core.main.ScriptEngine.runScriptAsRawText(ScriptEngine.java:119)
	at com.kms.katalon.core.main.TestCaseExecutor.runScript(TestCaseExecutor.java:398)
	at com.kms.katalon.core.main.TestCaseExecutor.doExecute(TestCaseExecutor.java:389)
	at com.kms.katalon.core.main.TestCaseExecutor.processExecutionPhase(TestCaseExecutor.java:368)
	at com.kms.katalon.core.main.TestCaseExecutor.accessMainPhase(TestCaseExecutor.java:360)
	at com.kms.katalon.core.main.TestCaseExecutor.execute(TestCaseExecutor.java:255)
	at com.kms.katalon.core.main.TestSuiteExecutor.accessTestCaseMainPhase(TestSuiteExecutor.java:203)
	at com.kms.katalon.core.main.TestSuiteExecutor.accessTestSuiteMainPhase(TestSuiteExecutor.java:152)
	at com.kms.katalon.core.main.TestSuiteExecutor.execute(TestSuiteExecutor.java:95)
	at com.kms.katalon.core.main.TestCaseMain.startTestSuite(TestCaseMain.java:157)
	at com.kms.katalon.core.main.TestCaseMain$startTestSuite$0.call(Unknown Source)
	at TempTestSuite1622209211486.run(TempTestSuite1622209211486.groovy:39)
Caused by: com.kms.katalon.core.webui.exception.WebElementNotFoundException: Web element with id: 'Object Repository/Page_Town Square - TOKEN Mattermost/div_TO' located by '//a[@id='fsdfsdfTeamButton']/div/div/div/div' not found
	at com.kms.katalon.core.webui.common.WebUiCommonHelper.findWebElement(WebUiCommonHelper.java:1368)
	at com.kms.katalon.core.webui.keyword.internal.WebUIAbstractKeyword.findWebElement(WebUIAbstractKeyword.groovy:27)
	at com.kms.katalon.core.webui.keyword.internal.WebUIAbstractKeyword.findWebElement(WebUIAbstractKeyword.groovy:26)
	at com.kms.katalon.core.webui.keyword.builtin.ClickKeyword$_click_closure1.doCall(ClickKeyword.groovy:66)
	at com.kms.katalon.core.webui.keyword.builtin.ClickKeyword$_click_closure1.call(ClickKeyword.groovy)
	at com.kms.katalon.core.webui.keyword.internal.WebUIKeywordMain.runKeyword(WebUIKeywordMain.groovy:20)
	at com.kms.katalon.core.webui.keyword.builtin.ClickKeyword.click(ClickKeyword.groovy:75)
	at com.kms.katalon.core.webui.keyword.builtin.ClickKeyword.execute(ClickKeyword.groovy:42)
	at com.kms.katalon.core.keyword.internal.KeywordExecutor.executeKeywordForPlatform(KeywordExecutor.groovy:73)
	at com.kms.katalon.core.webui.keyword.WebUiBuiltInKeywords.click(WebUiBuiltInKeywords.groovy:619)
	at com.kms.katalon.core.webui.keyword.WebUiBuiltInKeywords$click$4.call(Unknown Source)
	at Script1621606097014.run(Script1621606097014.groovy:31)
	... 13 more
)
[[ATTACHMENT|G:\\HCMUS\\Nam4\\HK2\\Deadline\\2\\katalon\\Reports\\20210528_204011\\Run all test cases\\20210528_204011\\1622210025787.png]]]]></system-out>
         <system-err><![CDATA[2021-05-28 20:52:53 - [TEST_CASE][FAILED] - Test Cases/UpdateTeamName: Test Cases/UpdateTeamName FAILED.
Reason:
com.kms.katalon.core.exception.StepFailedException: Unable to click on object 'Object Repository/Page_Town Square - TOKEN Mattermost/div_TO'
	at com.kms.katalon.core.webui.keyword.internal.WebUIKeywordMain.stepFailed(WebUIKeywordMain.groovy:64)
	at com.kms.katalon.core.webui.keyword.internal.WebUIKeywordMain.runKeyword(WebUIKeywordMain.groovy:26)
	at com.kms.katalon.core.webui.keyword.builtin.ClickKeyword.click(ClickKeyword.groovy:75)
	at com.kms.katalon.core.webui.keyword.builtin.ClickKeyword.execute(ClickKeyword.groovy:42)
	at com.kms.katalon.core.keyword.internal.KeywordExecutor.executeKeywordForPlatform(KeywordExecutor.groovy:73)
	at com.kms.katalon.core.webui.keyword.WebUiBuiltInKeywords.click(WebUiBuiltInKeywords.groovy:619)
	at com.kms.katalon.core.webui.keyword.WebUiBuiltInKeywords$click$4.call(Unknown Source)
	at UpdateTeamName.run(UpdateTeamName:31)
	at com.kms.katalon.core.main.ScriptEngine.run(ScriptEngine.java:194)
	at com.kms.katalon.core.main.ScriptEngine.runScriptAsRawText(ScriptEngine.java:119)
	at com.kms.katalon.core.main.TestCaseExecutor.runScript(TestCaseExecutor.java:398)
	at com.kms.katalon.core.main.TestCaseExecutor.doExecute(TestCaseExecutor.java:389)
	at com.kms.katalon.core.main.TestCaseExecutor.processExecutionPhase(TestCaseExecutor.java:368)
	at com.kms.katalon.core.main.TestCaseExecutor.accessMainPhase(TestCaseExecutor.java:360)
	at com.kms.katalon.core.main.TestCaseExecutor.execute(TestCaseExecutor.java:255)
	at com.kms.katalon.core.main.TestSuiteExecutor.accessTestCaseMainPhase(TestSuiteExecutor.java:203)
	at com.kms.katalon.core.main.TestSuiteExecutor.accessTestSuiteMainPhase(TestSuiteExecutor.java:152)
	at com.kms.katalon.core.main.TestSuiteExecutor.execute(TestSuiteExecutor.java:95)
	at com.kms.katalon.core.main.TestCaseMain.startTestSuite(TestCaseMain.java:157)
	at com.kms.katalon.core.main.TestCaseMain$startTestSuite$0.call(Unknown Source)
	at TempTestSuite1622209211486.run(TempTestSuite1622209211486.groovy:39)
Caused by: com.kms.katalon.core.webui.exception.WebElementNotFoundException: Web element with id: 'Object Repository/Page_Town Square - TOKEN Mattermost/div_TO' located by '//a[@id='fsdfsdfTeamButton']/div/div/div/div' not found
	at com.kms.katalon.core.webui.common.WebUiCommonHelper.findWebElement(WebUiCommonHelper.java:1368)
	at com.kms.katalon.core.webui.keyword.internal.WebUIAbstractKeyword.findWebElement(WebUIAbstractKeyword.groovy:27)
	at com.kms.katalon.core.webui.keyword.internal.WebUIAbstractKeyword.findWebElement(WebUIAbstractKeyword.groovy:26)
	at com.kms.katalon.core.webui.keyword.builtin.ClickKeyword$_click_closure1.doCall(ClickKeyword.groovy:66)
	at com.kms.katalon.core.webui.keyword.builtin.ClickKeyword$_click_closure1.call(ClickKeyword.groovy)
	at com.kms.katalon.core.webui.keyword.internal.WebUIKeywordMain.runKeyword(WebUIKeywordMain.groovy:20)
	... 19 more]]></system-err>
      </testcase>
      <testcase name="Test Cases/SwitchChannels" time="19.363" classname="Test Cases/SwitchChannels" status="PASSED">
         <system-out><![CDATA[2021-05-28 20:53:45 - [TEST_CASE][PASSED] - Test Cases/SwitchChannels: Test Cases/SwitchChannels

2021-05-28 20:53:46 - [TEST_STEP][PASSED] - openBrowser(""): Browser is opened with url: ''

2021-05-28 20:53:46 - [MESSAGE][WARNING] - A browser is already opened. Closing browser and opening a new one

2021-05-28 20:53:47 - [MESSAGE][INFO] - Starting 'Chrome' driver

2021-05-28 20:53:47 - [MESSAGE][INFO] - Action delay is set to 0 milliseconds

2021-05-28 20:53:48 - [MESSAGE][PASSED] - Browser is opened with url: ''

2021-05-28 20:53:48 - [TEST_STEP][PASSED] - navigateToUrl("https://cdnc-group2.herokuapp.com/"): Navigate to 'https://cdnc-group2.herokuapp.com/' successfully

2021-05-28 20:53:53 - [MESSAGE][PASSED] - Navigate to 'https://cdnc-group2.herokuapp.com/' successfully

2021-05-28 20:53:53 - [TEST_STEP][PASSED] - setText(findTestObject("Object Repository/Page_Mattermost/input_All team communication in one place, _dcc84b"), "ngoctin040999@gmail.com"): Text 'ngoctin040999@gmail.com' is set on object 'Object Repository/Page_Mattermost/input_All team communication in one place, _dcc84b'

2021-05-28 20:53:58 - [MESSAGE][PASSED] - Text 'ngoctin040999@gmail.com' is set on object 'Object Repository/Page_Mattermost/input_All team communication in one place, _dcc84b'

2021-05-28 20:53:58 - [TEST_STEP][PASSED] - setEncryptedText(findTestObject("Object Repository/Page_Mattermost/input_All team communication in one place, _a3edc6"), "S8w1SJvl7D1hts9IdMV+NQ=="): Text ****** has been set on object 'Object Repository/Page_Mattermost/input_All team communication in one place, _a3edc6'

2021-05-28 20:53:59 - [MESSAGE][PASSED] - Text ****** has been set on object 'Object Repository/Page_Mattermost/input_All team communication in one place, _a3edc6'

2021-05-28 20:53:59 - [TEST_STEP][PASSED] - click(findTestObject("Object Repository/Page_Mattermost/span_Sign in")): Object: 'Object Repository/Page_Mattermost/span_Sign in' is clicked on

2021-05-28 20:53:59 - [MESSAGE][PASSED] - Object: 'Object Repository/Page_Mattermost/span_Sign in' is clicked on

2021-05-28 20:53:59 - [TEST_STEP][PASSED] - click(findTestObject("Object Repository/Page_Town Square - TOKEN Mattermost/span_Switch Channels")): Object: 'Object Repository/Page_Town Square - TOKEN Mattermost/span_Switch Channels' is clicked on

2021-05-28 20:54:03 - [MESSAGE][PASSED] - Object: 'Object Repository/Page_Town Square - TOKEN Mattermost/span_Switch Channels' is clicked on

2021-05-28 20:54:03 - [TEST_STEP][PASSED] - setText(findTestObject("Object Repository/Page_Town Square - TOKEN Mattermost/input_ESC_quickSwitchInput"), "Test 111224"): Text 'Test 111224' is set on object 'Object Repository/Page_Town Square - TOKEN Mattermost/input_ESC_quickSwitchInput'

2021-05-28 20:54:04 - [MESSAGE][PASSED] - Text 'Test 111224' is set on object 'Object Repository/Page_Town Square - TOKEN Mattermost/input_ESC_quickSwitchInput'

2021-05-28 20:54:04 - [TEST_STEP][PASSED] - if (findTestObject("Object Repository/Page_Town Square - TOKEN Mattermost/span_Test 111224") == null): null

2021-05-28 20:54:04 - [TEST_STEP][PASSED] - click(findTestObject("Object Repository/Page_Town Square - TOKEN Mattermost/span_Test 111224")): Object: 'Object Repository/Page_Town Square - TOKEN Mattermost/span_Test 111224' is clicked on

2021-05-28 20:54:05 - [MESSAGE][PASSED] - Object: 'Object Repository/Page_Town Square - TOKEN Mattermost/span_Test 111224' is clicked on]]></system-out>
         <system-err><![CDATA[]]></system-err>
      </testcase>
      <testcase name="Test Cases/CreateRoom" time="23.225" classname="Test Cases/CreateRoom" status="PASSED">
         <system-out><![CDATA[2021-05-28 20:54:05 - [TEST_CASE][PASSED] - Test Cases/CreateRoom: Test Cases/CreateRoom

2021-05-28 20:54:06 - [TEST_STEP][PASSED] - openBrowser(""): Browser is opened with url: ''

2021-05-28 20:54:06 - [MESSAGE][WARNING] - A browser is already opened. Closing browser and opening a new one

2021-05-28 20:54:06 - [MESSAGE][INFO] - Starting 'Chrome' driver

2021-05-28 20:54:06 - [MESSAGE][INFO] - Action delay is set to 0 milliseconds

2021-05-28 20:54:08 - [MESSAGE][PASSED] - Browser is opened with url: ''

2021-05-28 20:54:08 - [TEST_STEP][PASSED] - navigateToUrl("https://cdnc-group2.herokuapp.com"): Navigate to 'https://cdnc-group2.herokuapp.com' successfully

2021-05-28 20:54:12 - [MESSAGE][PASSED] - Navigate to 'https://cdnc-group2.herokuapp.com' successfully

2021-05-28 20:54:12 - [TEST_STEP][PASSED] - setText(findTestObject("Object Repository/Login_Mattermost_OR/input_All team communication in one place, _dcc84b"), "ngoctin040999@gmail.com"): Text 'ngoctin040999@gmail.com' is set on object 'Object Repository/Login_Mattermost_OR/input_All team communication in one place, _dcc84b'

2021-05-28 20:54:17 - [MESSAGE][PASSED] - Text 'ngoctin040999@gmail.com' is set on object 'Object Repository/Login_Mattermost_OR/input_All team communication in one place, _dcc84b'

2021-05-28 20:54:17 - [TEST_STEP][PASSED] - setText(findTestObject("Object Repository/Login_Mattermost_OR/input_All team communication in one place, _a3edc6"), "ngoctin1"): Text 'ngoctin1' is set on object 'Object Repository/Login_Mattermost_OR/input_All team communication in one place, _a3edc6'

2021-05-28 20:54:18 - [MESSAGE][PASSED] - Text 'ngoctin1' is set on object 'Object Repository/Login_Mattermost_OR/input_All team communication in one place, _a3edc6'

2021-05-28 20:54:18 - [TEST_STEP][PASSED] - click(findTestObject("Object Repository/Login_Mattermost_OR/span_Sign in")): Object: 'Object Repository/Login_Mattermost_OR/span_Sign in' is clicked on

2021-05-28 20:54:19 - [MESSAGE][PASSED] - Object: 'Object Repository/Login_Mattermost_OR/span_Sign in' is clicked on

2021-05-28 20:54:19 - [TEST_STEP][PASSED] - click(findTestObject("CreateRoom_Mattermose_OR/span_")): Object: 'Object Repository/CreateRoom_Mattermose_OR/span_' is clicked on

2021-05-28 20:54:22 - [MESSAGE][PASSED] - Object: 'Object Repository/CreateRoom_Mattermose_OR/span_' is clicked on

2021-05-28 20:54:22 - [TEST_STEP][PASSED] - verifyElementPresent(findTestObject("CreateRoom_Mattermose_OR/span_New Channel"), 0): Object 'Object Repository/CreateRoom_Mattermose_OR/span_New Channel' is present

2021-05-28 20:54:22 - [MESSAGE][WARNING] - Timeout '0' is invalid. Using default page load timeout: '30'

2021-05-28 20:54:22 - [MESSAGE][PASSED] - Object 'Object Repository/CreateRoom_Mattermose_OR/span_New Channel' is present

2021-05-28 20:54:22 - [TEST_STEP][PASSED] - switch (Type): null

2021-05-28 20:54:22 - [TEST_STEP][PASSED] - case "Public":: null

2021-05-28 20:54:22 - [TEST_STEP][PASSED] - click(findTestObject("CreateRoom_Mattermose_OR/input_Type_channelType")): Object: 'Object Repository/CreateRoom_Mattermose_OR/input_Type_channelType' is clicked on

2021-05-28 20:54:23 - [MESSAGE][PASSED] - Object: 'Object Repository/CreateRoom_Mattermose_OR/input_Type_channelType' is clicked on

2021-05-28 20:54:23 - [TEST_STEP][PASSED] - break: null

2021-05-28 20:54:23 - [TEST_STEP][PASSED] - setText(findTestObject("CreateRoom_Mattermose_OR/input_Name_newChannelName"), ChannelName): Text 'Test 123' is set on object 'Object Repository/CreateRoom_Mattermose_OR/input_Name_newChannelName'

2021-05-28 20:54:24 - [MESSAGE][PASSED] - Text 'Test 123' is set on object 'Object Repository/CreateRoom_Mattermose_OR/input_Name_newChannelName'

2021-05-28 20:54:24 - [TEST_STEP][PASSED] - setText(findTestObject("CreateRoom_Mattermose_OR/textarea_(optional)_newChannelPurpose"), Purpose): Text 'Data test 1' is set on object 'Object Repository/CreateRoom_Mattermose_OR/textarea_(optional)_newChannelPurpose'

2021-05-28 20:54:24 - [MESSAGE][PASSED] - Text 'Data test 1' is set on object 'Object Repository/CreateRoom_Mattermose_OR/textarea_(optional)_newChannelPurpose'

2021-05-28 20:54:24 - [TEST_STEP][PASSED] - setText(findTestObject("CreateRoom_Mattermose_OR/textarea_(optional)_newChannelHeader"), Description): Text 'Test Description' is set on object 'Object Repository/CreateRoom_Mattermose_OR/textarea_(optional)_newChannelHeader'

2021-05-28 20:54:25 - [MESSAGE][PASSED] - Text 'Test Description' is set on object 'Object Repository/CreateRoom_Mattermose_OR/textarea_(optional)_newChannelHeader'

2021-05-28 20:54:25 - [TEST_STEP][PASSED] - click(findTestObject("CreateRoom_Mattermose_OR/button_Create Channel")): Object: 'Object Repository/CreateRoom_Mattermose_OR/button_Create Channel' is clicked on

2021-05-28 20:54:26 - [MESSAGE][PASSED] - Object: 'Object Repository/CreateRoom_Mattermose_OR/button_Create Channel' is clicked on

2021-05-28 20:54:26 - [TEST_STEP][PASSED] - if (verifyElementPresent(findTestObject("CreateRoom_Mattermose_OR/p_A channel with that name already exists on the same team"), 0, OPTIONAL)): null

2021-05-28 20:54:26 - [MESSAGE][WARNING] - Timeout '0' is invalid. Using default page load timeout: '30'

2021-05-28 20:54:27 - [MESSAGE][PASSED] - Object 'Object Repository/CreateRoom_Mattermose_OR/p_A channel with that name already exists on the same team' is present

2021-05-28 20:54:27 - [TEST_STEP][PASSED] - closeBrowser(): Browser is closed

2021-05-28 20:54:28 - [MESSAGE][PASSED] - Browser is closed]]></system-out>
         <system-err><![CDATA[]]></system-err>
      </testcase>
      <testcase name="Test Cases/CreateRoom" time="21.404" classname="Test Cases/CreateRoom" status="PASSED">
         <system-out><![CDATA[2021-05-28 20:54:28 - [TEST_CASE][PASSED] - Test Cases/CreateRoom: Test Cases/CreateRoom

2021-05-28 20:54:28 - [TEST_STEP][PASSED] - openBrowser(""): Browser is opened with url: ''

2021-05-28 20:54:28 - [MESSAGE][INFO] - Starting 'Chrome' driver

2021-05-28 20:54:28 - [MESSAGE][INFO] - Action delay is set to 0 milliseconds

2021-05-28 20:54:30 - [MESSAGE][PASSED] - Browser is opened with url: ''

2021-05-28 20:54:30 - [TEST_STEP][PASSED] - navigateToUrl("https://cdnc-group2.herokuapp.com"): Navigate to 'https://cdnc-group2.herokuapp.com' successfully

2021-05-28 20:54:34 - [MESSAGE][PASSED] - Navigate to 'https://cdnc-group2.herokuapp.com' successfully

2021-05-28 20:54:34 - [TEST_STEP][PASSED] - setText(findTestObject("Object Repository/Login_Mattermost_OR/input_All team communication in one place, _dcc84b"), "ngoctin040999@gmail.com"): Text 'ngoctin040999@gmail.com' is set on object 'Object Repository/Login_Mattermost_OR/input_All team communication in one place, _dcc84b'

2021-05-28 20:54:39 - [MESSAGE][PASSED] - Text 'ngoctin040999@gmail.com' is set on object 'Object Repository/Login_Mattermost_OR/input_All team communication in one place, _dcc84b'

2021-05-28 20:54:39 - [TEST_STEP][PASSED] - setText(findTestObject("Object Repository/Login_Mattermost_OR/input_All team communication in one place, _a3edc6"), "ngoctin1"): Text 'ngoctin1' is set on object 'Object Repository/Login_Mattermost_OR/input_All team communication in one place, _a3edc6'

2021-05-28 20:54:40 - [MESSAGE][PASSED] - Text 'ngoctin1' is set on object 'Object Repository/Login_Mattermost_OR/input_All team communication in one place, _a3edc6'

2021-05-28 20:54:40 - [TEST_STEP][PASSED] - click(findTestObject("Object Repository/Login_Mattermost_OR/span_Sign in")): Object: 'Object Repository/Login_Mattermost_OR/span_Sign in' is clicked on

2021-05-28 20:54:40 - [MESSAGE][PASSED] - Object: 'Object Repository/Login_Mattermost_OR/span_Sign in' is clicked on

2021-05-28 20:54:40 - [TEST_STEP][PASSED] - click(findTestObject("CreateRoom_Mattermose_OR/span_")): Object: 'Object Repository/CreateRoom_Mattermose_OR/span_' is clicked on

2021-05-28 20:54:43 - [MESSAGE][PASSED] - Object: 'Object Repository/CreateRoom_Mattermose_OR/span_' is clicked on

2021-05-28 20:54:43 - [TEST_STEP][PASSED] - verifyElementPresent(findTestObject("CreateRoom_Mattermose_OR/span_New Channel"), 0): Object 'Object Repository/CreateRoom_Mattermose_OR/span_New Channel' is present

2021-05-28 20:54:44 - [MESSAGE][WARNING] - Timeout '0' is invalid. Using default page load timeout: '30'

2021-05-28 20:54:44 - [MESSAGE][PASSED] - Object 'Object Repository/CreateRoom_Mattermose_OR/span_New Channel' is present

2021-05-28 20:54:44 - [TEST_STEP][PASSED] - switch (Type): null

2021-05-28 20:54:44 - [TEST_STEP][PASSED] - case "Private":: null

2021-05-28 20:54:44 - [TEST_STEP][PASSED] - click(findTestObject("CreateRoom_Mattermose_OR/input_- Anyone can join this channel_channelType")): Object: 'Object Repository/CreateRoom_Mattermose_OR/input_- Anyone can join this channel_channelType' is clicked on

2021-05-28 20:54:44 - [MESSAGE][PASSED] - Object: 'Object Repository/CreateRoom_Mattermose_OR/input_- Anyone can join this channel_channelType' is clicked on

2021-05-28 20:54:44 - [TEST_STEP][PASSED] - break: null

2021-05-28 20:54:44 - [TEST_STEP][PASSED] - setText(findTestObject("CreateRoom_Mattermose_OR/input_Name_newChannelName"), ChannelName): Text 'Test 456' is set on object 'Object Repository/CreateRoom_Mattermose_OR/input_Name_newChannelName'

2021-05-28 20:54:45 - [MESSAGE][PASSED] - Text 'Test 456' is set on object 'Object Repository/CreateRoom_Mattermose_OR/input_Name_newChannelName'

2021-05-28 20:54:45 - [TEST_STEP][PASSED] - setText(findTestObject("CreateRoom_Mattermose_OR/textarea_(optional)_newChannelPurpose"), Purpose): Text 'Data test 1' is set on object 'Object Repository/CreateRoom_Mattermose_OR/textarea_(optional)_newChannelPurpose'

2021-05-28 20:54:46 - [MESSAGE][PASSED] - Text 'Data test 1' is set on object 'Object Repository/CreateRoom_Mattermose_OR/textarea_(optional)_newChannelPurpose'

2021-05-28 20:54:46 - [TEST_STEP][PASSED] - setText(findTestObject("CreateRoom_Mattermose_OR/textarea_(optional)_newChannelHeader"), Description): Text 'Test Description' is set on object 'Object Repository/CreateRoom_Mattermose_OR/textarea_(optional)_newChannelHeader'

2021-05-28 20:54:47 - [MESSAGE][PASSED] - Text 'Test Description' is set on object 'Object Repository/CreateRoom_Mattermose_OR/textarea_(optional)_newChannelHeader'

2021-05-28 20:54:47 - [TEST_STEP][PASSED] - click(findTestObject("CreateRoom_Mattermose_OR/button_Create Channel")): Object: 'Object Repository/CreateRoom_Mattermose_OR/button_Create Channel' is clicked on

2021-05-28 20:54:48 - [MESSAGE][PASSED] - Object: 'Object Repository/CreateRoom_Mattermose_OR/button_Create Channel' is clicked on

2021-05-28 20:54:48 - [TEST_STEP][PASSED] - if (verifyElementPresent(findTestObject("CreateRoom_Mattermose_OR/p_A channel with that name already exists on the same team"), 0, OPTIONAL)): null

2021-05-28 20:54:48 - [MESSAGE][WARNING] - Timeout '0' is invalid. Using default page load timeout: '30'

2021-05-28 20:54:49 - [MESSAGE][PASSED] - Object 'Object Repository/CreateRoom_Mattermose_OR/p_A channel with that name already exists on the same team' is present

2021-05-28 20:54:49 - [TEST_STEP][PASSED] - closeBrowser(): Browser is closed

2021-05-28 20:54:50 - [MESSAGE][PASSED] - Browser is closed]]></system-out>
         <system-err><![CDATA[]]></system-err>
      </testcase>
      <testcase name="Test Cases/CreateRoom" time="21.81" classname="Test Cases/CreateRoom" status="PASSED">
         <system-out><![CDATA[2021-05-28 20:54:50 - [TEST_CASE][PASSED] - Test Cases/CreateRoom: Test Cases/CreateRoom

2021-05-28 20:54:50 - [TEST_STEP][PASSED] - openBrowser(""): Browser is opened with url: ''

2021-05-28 20:54:50 - [MESSAGE][INFO] - Starting 'Chrome' driver

2021-05-28 20:54:50 - [MESSAGE][INFO] - Action delay is set to 0 milliseconds

2021-05-28 20:54:52 - [MESSAGE][PASSED] - Browser is opened with url: ''

2021-05-28 20:54:52 - [TEST_STEP][PASSED] - navigateToUrl("https://cdnc-group2.herokuapp.com"): Navigate to 'https://cdnc-group2.herokuapp.com' successfully

2021-05-28 20:54:56 - [MESSAGE][PASSED] - Navigate to 'https://cdnc-group2.herokuapp.com' successfully

2021-05-28 20:54:56 - [TEST_STEP][PASSED] - setText(findTestObject("Object Repository/Login_Mattermost_OR/input_All team communication in one place, _dcc84b"), "ngoctin040999@gmail.com"): Text 'ngoctin040999@gmail.com' is set on object 'Object Repository/Login_Mattermost_OR/input_All team communication in one place, _dcc84b'

2021-05-28 20:55:01 - [MESSAGE][PASSED] - Text 'ngoctin040999@gmail.com' is set on object 'Object Repository/Login_Mattermost_OR/input_All team communication in one place, _dcc84b'

2021-05-28 20:55:01 - [TEST_STEP][PASSED] - setText(findTestObject("Object Repository/Login_Mattermost_OR/input_All team communication in one place, _a3edc6"), "ngoctin1"): Text 'ngoctin1' is set on object 'Object Repository/Login_Mattermost_OR/input_All team communication in one place, _a3edc6'

2021-05-28 20:55:02 - [MESSAGE][PASSED] - Text 'ngoctin1' is set on object 'Object Repository/Login_Mattermost_OR/input_All team communication in one place, _a3edc6'

2021-05-28 20:55:02 - [TEST_STEP][PASSED] - click(findTestObject("Object Repository/Login_Mattermost_OR/span_Sign in")): Object: 'Object Repository/Login_Mattermost_OR/span_Sign in' is clicked on

2021-05-28 20:55:03 - [MESSAGE][PASSED] - Object: 'Object Repository/Login_Mattermost_OR/span_Sign in' is clicked on

2021-05-28 20:55:03 - [TEST_STEP][PASSED] - click(findTestObject("CreateRoom_Mattermose_OR/span_")): Object: 'Object Repository/CreateRoom_Mattermose_OR/span_' is clicked on

2021-05-28 20:55:06 - [MESSAGE][PASSED] - Object: 'Object Repository/CreateRoom_Mattermose_OR/span_' is clicked on

2021-05-28 20:55:06 - [TEST_STEP][PASSED] - verifyElementPresent(findTestObject("CreateRoom_Mattermose_OR/span_New Channel"), 0): Object 'Object Repository/CreateRoom_Mattermose_OR/span_New Channel' is present

2021-05-28 20:55:06 - [MESSAGE][WARNING] - Timeout '0' is invalid. Using default page load timeout: '30'

2021-05-28 20:55:06 - [MESSAGE][PASSED] - Object 'Object Repository/CreateRoom_Mattermose_OR/span_New Channel' is present

2021-05-28 20:55:06 - [TEST_STEP][PASSED] - switch (Type): null

2021-05-28 20:55:06 - [TEST_STEP][PASSED] - case "Private":: null

2021-05-28 20:55:06 - [TEST_STEP][PASSED] - click(findTestObject("CreateRoom_Mattermose_OR/input_- Anyone can join this channel_channelType")): Object: 'Object Repository/CreateRoom_Mattermose_OR/input_- Anyone can join this channel_channelType' is clicked on

2021-05-28 20:55:07 - [MESSAGE][PASSED] - Object: 'Object Repository/CreateRoom_Mattermose_OR/input_- Anyone can join this channel_channelType' is clicked on

2021-05-28 20:55:07 - [TEST_STEP][PASSED] - break: null

2021-05-28 20:55:07 - [TEST_STEP][PASSED] - setText(findTestObject("CreateRoom_Mattermose_OR/input_Name_newChannelName"), ChannelName): Text 'Test 4474' is set on object 'Object Repository/CreateRoom_Mattermose_OR/input_Name_newChannelName'

2021-05-28 20:55:08 - [MESSAGE][PASSED] - Text 'Test 4474' is set on object 'Object Repository/CreateRoom_Mattermose_OR/input_Name_newChannelName'

2021-05-28 20:55:08 - [TEST_STEP][PASSED] - setText(findTestObject("CreateRoom_Mattermose_OR/textarea_(optional)_newChannelPurpose"), Purpose): Text 'Data test 1' is set on object 'Object Repository/CreateRoom_Mattermose_OR/textarea_(optional)_newChannelPurpose'

2021-05-28 20:55:08 - [MESSAGE][PASSED] - Text 'Data test 1' is set on object 'Object Repository/CreateRoom_Mattermose_OR/textarea_(optional)_newChannelPurpose'

2021-05-28 20:55:08 - [TEST_STEP][PASSED] - setText(findTestObject("CreateRoom_Mattermose_OR/textarea_(optional)_newChannelHeader"), Description): Text 'Test Description' is set on object 'Object Repository/CreateRoom_Mattermose_OR/textarea_(optional)_newChannelHeader'

2021-05-28 20:55:09 - [MESSAGE][PASSED] - Text 'Test Description' is set on object 'Object Repository/CreateRoom_Mattermose_OR/textarea_(optional)_newChannelHeader'

2021-05-28 20:55:09 - [TEST_STEP][PASSED] - click(findTestObject("CreateRoom_Mattermose_OR/button_Create Channel")): Object: 'Object Repository/CreateRoom_Mattermose_OR/button_Create Channel' is clicked on

2021-05-28 20:55:10 - [MESSAGE][PASSED] - Object: 'Object Repository/CreateRoom_Mattermose_OR/button_Create Channel' is clicked on

2021-05-28 20:55:10 - [TEST_STEP][PASSED] - if (verifyElementPresent(findTestObject("CreateRoom_Mattermose_OR/p_A channel with that name already exists on the same team"), 0, OPTIONAL)): null

2021-05-28 20:55:10 - [MESSAGE][WARNING] - Timeout '0' is invalid. Using default page load timeout: '30'

2021-05-28 20:55:11 - [MESSAGE][PASSED] - Object 'Object Repository/CreateRoom_Mattermose_OR/p_A channel with that name already exists on the same team' is present

2021-05-28 20:55:11 - [TEST_STEP][PASSED] - closeBrowser(): Browser is closed

2021-05-28 20:55:11 - [MESSAGE][PASSED] - Browser is closed]]></system-out>
         <system-err><![CDATA[]]></system-err>
      </testcase>
      <testcase name="Test Cases/CreateRoom" time="21.62" classname="Test Cases/CreateRoom" status="PASSED">
         <system-out><![CDATA[2021-05-28 20:55:11 - [TEST_CASE][PASSED] - Test Cases/CreateRoom: Test Cases/CreateRoom

2021-05-28 20:55:12 - [TEST_STEP][PASSED] - openBrowser(""): Browser is opened with url: ''

2021-05-28 20:55:12 - [MESSAGE][INFO] - Starting 'Chrome' driver

2021-05-28 20:55:12 - [MESSAGE][INFO] - Action delay is set to 0 milliseconds

2021-05-28 20:55:14 - [MESSAGE][PASSED] - Browser is opened with url: ''

2021-05-28 20:55:14 - [TEST_STEP][PASSED] - navigateToUrl("https://cdnc-group2.herokuapp.com"): Navigate to 'https://cdnc-group2.herokuapp.com' successfully

2021-05-28 20:55:18 - [MESSAGE][PASSED] - Navigate to 'https://cdnc-group2.herokuapp.com' successfully

2021-05-28 20:55:18 - [TEST_STEP][PASSED] - setText(findTestObject("Object Repository/Login_Mattermost_OR/input_All team communication in one place, _dcc84b"), "ngoctin040999@gmail.com"): Text 'ngoctin040999@gmail.com' is set on object 'Object Repository/Login_Mattermost_OR/input_All team communication in one place, _dcc84b'

2021-05-28 20:55:22 - [MESSAGE][PASSED] - Text 'ngoctin040999@gmail.com' is set on object 'Object Repository/Login_Mattermost_OR/input_All team communication in one place, _dcc84b'

2021-05-28 20:55:22 - [TEST_STEP][PASSED] - setText(findTestObject("Object Repository/Login_Mattermost_OR/input_All team communication in one place, _a3edc6"), "ngoctin1"): Text 'ngoctin1' is set on object 'Object Repository/Login_Mattermost_OR/input_All team communication in one place, _a3edc6'

2021-05-28 20:55:23 - [MESSAGE][PASSED] - Text 'ngoctin1' is set on object 'Object Repository/Login_Mattermost_OR/input_All team communication in one place, _a3edc6'

2021-05-28 20:55:23 - [TEST_STEP][PASSED] - click(findTestObject("Object Repository/Login_Mattermost_OR/span_Sign in")): Object: 'Object Repository/Login_Mattermost_OR/span_Sign in' is clicked on

2021-05-28 20:55:24 - [MESSAGE][PASSED] - Object: 'Object Repository/Login_Mattermost_OR/span_Sign in' is clicked on

2021-05-28 20:55:24 - [TEST_STEP][PASSED] - click(findTestObject("CreateRoom_Mattermose_OR/span_")): Object: 'Object Repository/CreateRoom_Mattermose_OR/span_' is clicked on

2021-05-28 20:55:27 - [MESSAGE][PASSED] - Object: 'Object Repository/CreateRoom_Mattermose_OR/span_' is clicked on

2021-05-28 20:55:27 - [TEST_STEP][PASSED] - verifyElementPresent(findTestObject("CreateRoom_Mattermose_OR/span_New Channel"), 0): Object 'Object Repository/CreateRoom_Mattermose_OR/span_New Channel' is present

2021-05-28 20:55:27 - [MESSAGE][WARNING] - Timeout '0' is invalid. Using default page load timeout: '30'

2021-05-28 20:55:28 - [MESSAGE][PASSED] - Object 'Object Repository/CreateRoom_Mattermose_OR/span_New Channel' is present

2021-05-28 20:55:28 - [TEST_STEP][PASSED] - switch (Type): null

2021-05-28 20:55:28 - [TEST_STEP][PASSED] - setText(findTestObject("CreateRoom_Mattermose_OR/input_Name_newChannelName"), ChannelName): Text 'Test 111223' is set on object 'Object Repository/CreateRoom_Mattermose_OR/input_Name_newChannelName'

2021-05-28 20:55:28 - [MESSAGE][PASSED] - Text 'Test 111223' is set on object 'Object Repository/CreateRoom_Mattermose_OR/input_Name_newChannelName'

2021-05-28 20:55:28 - [TEST_STEP][PASSED] - setText(findTestObject("CreateRoom_Mattermose_OR/textarea_(optional)_newChannelPurpose"), Purpose): Text 'Data test 2' is set on object 'Object Repository/CreateRoom_Mattermose_OR/textarea_(optional)_newChannelPurpose'

2021-05-28 20:55:30 - [MESSAGE][PASSED] - Text 'Data test 2' is set on object 'Object Repository/CreateRoom_Mattermose_OR/textarea_(optional)_newChannelPurpose'

2021-05-28 20:55:30 - [TEST_STEP][PASSED] - setText(findTestObject("CreateRoom_Mattermose_OR/textarea_(optional)_newChannelHeader"), Description): Text 'Test Description' is set on object 'Object Repository/CreateRoom_Mattermose_OR/textarea_(optional)_newChannelHeader'

2021-05-28 20:55:31 - [MESSAGE][PASSED] - Text 'Test Description' is set on object 'Object Repository/CreateRoom_Mattermose_OR/textarea_(optional)_newChannelHeader'

2021-05-28 20:55:31 - [TEST_STEP][PASSED] - click(findTestObject("CreateRoom_Mattermose_OR/button_Create Channel")): Object: 'Object Repository/CreateRoom_Mattermose_OR/button_Create Channel' is clicked on

2021-05-28 20:55:31 - [MESSAGE][PASSED] - Object: 'Object Repository/CreateRoom_Mattermose_OR/button_Create Channel' is clicked on

2021-05-28 20:55:31 - [TEST_STEP][PASSED] - if (verifyElementPresent(findTestObject("CreateRoom_Mattermose_OR/p_A channel with that name already exists on the same team"), 0, OPTIONAL)): null

2021-05-28 20:55:31 - [MESSAGE][WARNING] - Timeout '0' is invalid. Using default page load timeout: '30'

2021-05-28 20:55:32 - [MESSAGE][PASSED] - Object 'Object Repository/CreateRoom_Mattermose_OR/p_A channel with that name already exists on the same team' is present

2021-05-28 20:55:32 - [TEST_STEP][PASSED] - closeBrowser(): Browser is closed

2021-05-28 20:55:33 - [MESSAGE][PASSED] - Browser is closed]]></system-out>
         <system-err><![CDATA[]]></system-err>
      </testcase>
      <testcase name="Test Cases/CreateRoom" time="21.384" classname="Test Cases/CreateRoom" status="PASSED">
         <system-out><![CDATA[2021-05-28 20:55:33 - [TEST_CASE][PASSED] - Test Cases/CreateRoom: Test Cases/CreateRoom

2021-05-28 20:55:33 - [TEST_STEP][PASSED] - openBrowser(""): Browser is opened with url: ''

2021-05-28 20:55:33 - [MESSAGE][INFO] - Starting 'Chrome' driver

2021-05-28 20:55:33 - [MESSAGE][INFO] - Action delay is set to 0 milliseconds

2021-05-28 20:55:35 - [MESSAGE][PASSED] - Browser is opened with url: ''

2021-05-28 20:55:35 - [TEST_STEP][PASSED] - navigateToUrl("https://cdnc-group2.herokuapp.com"): Navigate to 'https://cdnc-group2.herokuapp.com' successfully

2021-05-28 20:55:40 - [MESSAGE][PASSED] - Navigate to 'https://cdnc-group2.herokuapp.com' successfully

2021-05-28 20:55:40 - [TEST_STEP][PASSED] - setText(findTestObject("Object Repository/Login_Mattermost_OR/input_All team communication in one place, _dcc84b"), "ngoctin040999@gmail.com"): Text 'ngoctin040999@gmail.com' is set on object 'Object Repository/Login_Mattermost_OR/input_All team communication in one place, _dcc84b'

2021-05-28 20:55:44 - [MESSAGE][PASSED] - Text 'ngoctin040999@gmail.com' is set on object 'Object Repository/Login_Mattermost_OR/input_All team communication in one place, _dcc84b'

2021-05-28 20:55:44 - [TEST_STEP][PASSED] - setText(findTestObject("Object Repository/Login_Mattermost_OR/input_All team communication in one place, _a3edc6"), "ngoctin1"): Text 'ngoctin1' is set on object 'Object Repository/Login_Mattermost_OR/input_All team communication in one place, _a3edc6'

2021-05-28 20:55:45 - [MESSAGE][PASSED] - Text 'ngoctin1' is set on object 'Object Repository/Login_Mattermost_OR/input_All team communication in one place, _a3edc6'

2021-05-28 20:55:45 - [TEST_STEP][PASSED] - click(findTestObject("Object Repository/Login_Mattermost_OR/span_Sign in")): Object: 'Object Repository/Login_Mattermost_OR/span_Sign in' is clicked on

2021-05-28 20:55:46 - [MESSAGE][PASSED] - Object: 'Object Repository/Login_Mattermost_OR/span_Sign in' is clicked on

2021-05-28 20:55:46 - [TEST_STEP][PASSED] - click(findTestObject("CreateRoom_Mattermose_OR/span_")): Object: 'Object Repository/CreateRoom_Mattermose_OR/span_' is clicked on

2021-05-28 20:55:49 - [MESSAGE][PASSED] - Object: 'Object Repository/CreateRoom_Mattermose_OR/span_' is clicked on

2021-05-28 20:55:49 - [TEST_STEP][PASSED] - verifyElementPresent(findTestObject("CreateRoom_Mattermose_OR/span_New Channel"), 0): Object 'Object Repository/CreateRoom_Mattermose_OR/span_New Channel' is present

2021-05-28 20:55:49 - [MESSAGE][WARNING] - Timeout '0' is invalid. Using default page load timeout: '30'

2021-05-28 20:55:50 - [MESSAGE][PASSED] - Object 'Object Repository/CreateRoom_Mattermose_OR/span_New Channel' is present

2021-05-28 20:55:50 - [TEST_STEP][PASSED] - switch (Type): null

2021-05-28 20:55:50 - [TEST_STEP][PASSED] - setText(findTestObject("CreateRoom_Mattermose_OR/input_Name_newChannelName"), ChannelName): Text 'Test 111224' is set on object 'Object Repository/CreateRoom_Mattermose_OR/input_Name_newChannelName'

2021-05-28 20:55:50 - [MESSAGE][PASSED] - Text 'Test 111224' is set on object 'Object Repository/CreateRoom_Mattermose_OR/input_Name_newChannelName'

2021-05-28 20:55:50 - [TEST_STEP][PASSED] - setText(findTestObject("CreateRoom_Mattermose_OR/textarea_(optional)_newChannelPurpose"), Purpose): Text 'Data test 3' is set on object 'Object Repository/CreateRoom_Mattermose_OR/textarea_(optional)_newChannelPurpose'

2021-05-28 20:55:51 - [MESSAGE][PASSED] - Text 'Data test 3' is set on object 'Object Repository/CreateRoom_Mattermose_OR/textarea_(optional)_newChannelPurpose'

2021-05-28 20:55:51 - [TEST_STEP][PASSED] - setText(findTestObject("CreateRoom_Mattermose_OR/textarea_(optional)_newChannelHeader"), Description): Text 'Test Description' is set on object 'Object Repository/CreateRoom_Mattermose_OR/textarea_(optional)_newChannelHeader'

2021-05-28 20:55:52 - [MESSAGE][PASSED] - Text 'Test Description' is set on object 'Object Repository/CreateRoom_Mattermose_OR/textarea_(optional)_newChannelHeader'

2021-05-28 20:55:52 - [TEST_STEP][PASSED] - click(findTestObject("CreateRoom_Mattermose_OR/button_Create Channel")): Object: 'Object Repository/CreateRoom_Mattermose_OR/button_Create Channel' is clicked on

2021-05-28 20:55:53 - [MESSAGE][PASSED] - Object: 'Object Repository/CreateRoom_Mattermose_OR/button_Create Channel' is clicked on

2021-05-28 20:55:53 - [TEST_STEP][PASSED] - if (verifyElementPresent(findTestObject("CreateRoom_Mattermose_OR/p_A channel with that name already exists on the same team"), 0, OPTIONAL)): null

2021-05-28 20:55:53 - [MESSAGE][WARNING] - Timeout '0' is invalid. Using default page load timeout: '30'

2021-05-28 20:55:54 - [MESSAGE][PASSED] - Object 'Object Repository/CreateRoom_Mattermose_OR/p_A channel with that name already exists on the same team' is present

2021-05-28 20:55:54 - [TEST_STEP][PASSED] - closeBrowser(): Browser is closed

2021-05-28 20:55:55 - [MESSAGE][PASSED] - Browser is closed]]></system-out>
         <system-err><![CDATA[]]></system-err>
      </testcase>
      <testcase name="Test Cases/CreateRoom" time="21.708" classname="Test Cases/CreateRoom" status="PASSED">
         <system-out><![CDATA[2021-05-28 20:55:55 - [TEST_CASE][PASSED] - Test Cases/CreateRoom: Test Cases/CreateRoom

2021-05-28 20:55:55 - [TEST_STEP][PASSED] - openBrowser(""): Browser is opened with url: ''

2021-05-28 20:55:55 - [MESSAGE][INFO] - Starting 'Chrome' driver

2021-05-28 20:55:55 - [MESSAGE][INFO] - Action delay is set to 0 milliseconds

2021-05-28 20:55:56 - [MESSAGE][PASSED] - Browser is opened with url: ''

2021-05-28 20:55:56 - [TEST_STEP][PASSED] - navigateToUrl("https://cdnc-group2.herokuapp.com"): Navigate to 'https://cdnc-group2.herokuapp.com' successfully

2021-05-28 20:56:01 - [MESSAGE][PASSED] - Navigate to 'https://cdnc-group2.herokuapp.com' successfully

2021-05-28 20:56:01 - [TEST_STEP][PASSED] - setText(findTestObject("Object Repository/Login_Mattermost_OR/input_All team communication in one place, _dcc84b"), "ngoctin040999@gmail.com"): Text 'ngoctin040999@gmail.com' is set on object 'Object Repository/Login_Mattermost_OR/input_All team communication in one place, _dcc84b'

2021-05-28 20:56:05 - [MESSAGE][PASSED] - Text 'ngoctin040999@gmail.com' is set on object 'Object Repository/Login_Mattermost_OR/input_All team communication in one place, _dcc84b'

2021-05-28 20:56:05 - [TEST_STEP][PASSED] - setText(findTestObject("Object Repository/Login_Mattermost_OR/input_All team communication in one place, _a3edc6"), "ngoctin1"): Text 'ngoctin1' is set on object 'Object Repository/Login_Mattermost_OR/input_All team communication in one place, _a3edc6'

2021-05-28 20:56:06 - [MESSAGE][PASSED] - Text 'ngoctin1' is set on object 'Object Repository/Login_Mattermost_OR/input_All team communication in one place, _a3edc6'

2021-05-28 20:56:06 - [TEST_STEP][PASSED] - click(findTestObject("Object Repository/Login_Mattermost_OR/span_Sign in")): Object: 'Object Repository/Login_Mattermost_OR/span_Sign in' is clicked on

2021-05-28 20:56:07 - [MESSAGE][PASSED] - Object: 'Object Repository/Login_Mattermost_OR/span_Sign in' is clicked on

2021-05-28 20:56:07 - [TEST_STEP][PASSED] - click(findTestObject("CreateRoom_Mattermose_OR/span_")): Object: 'Object Repository/CreateRoom_Mattermose_OR/span_' is clicked on

2021-05-28 20:56:11 - [MESSAGE][PASSED] - Object: 'Object Repository/CreateRoom_Mattermose_OR/span_' is clicked on

2021-05-28 20:56:11 - [TEST_STEP][PASSED] - verifyElementPresent(findTestObject("CreateRoom_Mattermose_OR/span_New Channel"), 0): Object 'Object Repository/CreateRoom_Mattermose_OR/span_New Channel' is present

2021-05-28 20:56:11 - [MESSAGE][WARNING] - Timeout '0' is invalid. Using default page load timeout: '30'

2021-05-28 20:56:11 - [MESSAGE][PASSED] - Object 'Object Repository/CreateRoom_Mattermose_OR/span_New Channel' is present

2021-05-28 20:56:11 - [TEST_STEP][PASSED] - switch (Type): null

2021-05-28 20:56:11 - [TEST_STEP][PASSED] - setText(findTestObject("CreateRoom_Mattermose_OR/input_Name_newChannelName"), ChannelName): Text 'Test 111225' is set on object 'Object Repository/CreateRoom_Mattermose_OR/input_Name_newChannelName'

2021-05-28 20:56:12 - [MESSAGE][PASSED] - Text 'Test 111225' is set on object 'Object Repository/CreateRoom_Mattermose_OR/input_Name_newChannelName'

2021-05-28 20:56:12 - [TEST_STEP][PASSED] - setText(findTestObject("CreateRoom_Mattermose_OR/textarea_(optional)_newChannelPurpose"), Purpose): Text 'Data test 4' is set on object 'Object Repository/CreateRoom_Mattermose_OR/textarea_(optional)_newChannelPurpose'

2021-05-28 20:56:13 - [MESSAGE][PASSED] - Text 'Data test 4' is set on object 'Object Repository/CreateRoom_Mattermose_OR/textarea_(optional)_newChannelPurpose'

2021-05-28 20:56:13 - [TEST_STEP][PASSED] - setText(findTestObject("CreateRoom_Mattermose_OR/textarea_(optional)_newChannelHeader"), Description): Text 'Test Description' is set on object 'Object Repository/CreateRoom_Mattermose_OR/textarea_(optional)_newChannelHeader'

2021-05-28 20:56:14 - [MESSAGE][PASSED] - Text 'Test Description' is set on object 'Object Repository/CreateRoom_Mattermose_OR/textarea_(optional)_newChannelHeader'

2021-05-28 20:56:14 - [TEST_STEP][PASSED] - click(findTestObject("CreateRoom_Mattermose_OR/button_Create Channel")): Object: 'Object Repository/CreateRoom_Mattermose_OR/button_Create Channel' is clicked on

2021-05-28 20:56:15 - [MESSAGE][PASSED] - Object: 'Object Repository/CreateRoom_Mattermose_OR/button_Create Channel' is clicked on

2021-05-28 20:56:15 - [TEST_STEP][PASSED] - if (verifyElementPresent(findTestObject("CreateRoom_Mattermose_OR/p_A channel with that name already exists on the same team"), 0, OPTIONAL)): null

2021-05-28 20:56:15 - [MESSAGE][WARNING] - Timeout '0' is invalid. Using default page load timeout: '30'

2021-05-28 20:56:15 - [MESSAGE][PASSED] - Object 'Object Repository/CreateRoom_Mattermose_OR/p_A channel with that name already exists on the same team' is present

2021-05-28 20:56:15 - [TEST_STEP][PASSED] - closeBrowser(): Browser is closed

2021-05-28 20:56:16 - [MESSAGE][PASSED] - Browser is closed]]></system-out>
         <system-err><![CDATA[]]></system-err>
      </testcase>
      <testcase name="Test Cases/CreateRoom" time="21.087" classname="Test Cases/CreateRoom" status="PASSED">
         <system-out><![CDATA[2021-05-28 20:56:16 - [TEST_CASE][PASSED] - Test Cases/CreateRoom: Test Cases/CreateRoom

2021-05-28 20:56:16 - [TEST_STEP][PASSED] - openBrowser(""): Browser is opened with url: ''

2021-05-28 20:56:16 - [MESSAGE][INFO] - Starting 'Chrome' driver

2021-05-28 20:56:16 - [MESSAGE][INFO] - Action delay is set to 0 milliseconds

2021-05-28 20:56:18 - [MESSAGE][PASSED] - Browser is opened with url: ''

2021-05-28 20:56:18 - [TEST_STEP][PASSED] - navigateToUrl("https://cdnc-group2.herokuapp.com"): Navigate to 'https://cdnc-group2.herokuapp.com' successfully

2021-05-28 20:56:22 - [MESSAGE][PASSED] - Navigate to 'https://cdnc-group2.herokuapp.com' successfully

2021-05-28 20:56:22 - [TEST_STEP][PASSED] - setText(findTestObject("Object Repository/Login_Mattermost_OR/input_All team communication in one place, _dcc84b"), "ngoctin040999@gmail.com"): Text 'ngoctin040999@gmail.com' is set on object 'Object Repository/Login_Mattermost_OR/input_All team communication in one place, _dcc84b'

2021-05-28 20:56:27 - [MESSAGE][PASSED] - Text 'ngoctin040999@gmail.com' is set on object 'Object Repository/Login_Mattermost_OR/input_All team communication in one place, _dcc84b'

2021-05-28 20:56:27 - [TEST_STEP][PASSED] - setText(findTestObject("Object Repository/Login_Mattermost_OR/input_All team communication in one place, _a3edc6"), "ngoctin1"): Text 'ngoctin1' is set on object 'Object Repository/Login_Mattermost_OR/input_All team communication in one place, _a3edc6'

2021-05-28 20:56:28 - [MESSAGE][PASSED] - Text 'ngoctin1' is set on object 'Object Repository/Login_Mattermost_OR/input_All team communication in one place, _a3edc6'

2021-05-28 20:56:28 - [TEST_STEP][PASSED] - click(findTestObject("Object Repository/Login_Mattermost_OR/span_Sign in")): Object: 'Object Repository/Login_Mattermost_OR/span_Sign in' is clicked on

2021-05-28 20:56:28 - [MESSAGE][PASSED] - Object: 'Object Repository/Login_Mattermost_OR/span_Sign in' is clicked on

2021-05-28 20:56:28 - [TEST_STEP][PASSED] - click(findTestObject("CreateRoom_Mattermose_OR/span_")): Object: 'Object Repository/CreateRoom_Mattermose_OR/span_' is clicked on

2021-05-28 20:56:32 - [MESSAGE][PASSED] - Object: 'Object Repository/CreateRoom_Mattermose_OR/span_' is clicked on

2021-05-28 20:56:32 - [TEST_STEP][PASSED] - verifyElementPresent(findTestObject("CreateRoom_Mattermose_OR/span_New Channel"), 0): Object 'Object Repository/CreateRoom_Mattermose_OR/span_New Channel' is present

2021-05-28 20:56:32 - [MESSAGE][WARNING] - Timeout '0' is invalid. Using default page load timeout: '30'

2021-05-28 20:56:32 - [MESSAGE][PASSED] - Object 'Object Repository/CreateRoom_Mattermose_OR/span_New Channel' is present

2021-05-28 20:56:32 - [TEST_STEP][PASSED] - switch (Type): null

2021-05-28 20:56:32 - [TEST_STEP][PASSED] - setText(findTestObject("CreateRoom_Mattermose_OR/input_Name_newChannelName"), ChannelName): Text 'Test 111227' is set on object 'Object Repository/CreateRoom_Mattermose_OR/input_Name_newChannelName'

2021-05-28 20:56:33 - [MESSAGE][PASSED] - Text 'Test 111227' is set on object 'Object Repository/CreateRoom_Mattermose_OR/input_Name_newChannelName'

2021-05-28 20:56:33 - [TEST_STEP][PASSED] - setText(findTestObject("CreateRoom_Mattermose_OR/textarea_(optional)_newChannelPurpose"), Purpose): Text 'Data test 5' is set on object 'Object Repository/CreateRoom_Mattermose_OR/textarea_(optional)_newChannelPurpose'

2021-05-28 20:56:34 - [MESSAGE][PASSED] - Text 'Data test 5' is set on object 'Object Repository/CreateRoom_Mattermose_OR/textarea_(optional)_newChannelPurpose'

2021-05-28 20:56:34 - [TEST_STEP][PASSED] - setText(findTestObject("CreateRoom_Mattermose_OR/textarea_(optional)_newChannelHeader"), Description): Text 'Test Description' is set on object 'Object Repository/CreateRoom_Mattermose_OR/textarea_(optional)_newChannelHeader'

2021-05-28 20:56:35 - [MESSAGE][PASSED] - Text 'Test Description' is set on object 'Object Repository/CreateRoom_Mattermose_OR/textarea_(optional)_newChannelHeader'

2021-05-28 20:56:35 - [TEST_STEP][PASSED] - click(findTestObject("CreateRoom_Mattermose_OR/button_Create Channel")): Object: 'Object Repository/CreateRoom_Mattermose_OR/button_Create Channel' is clicked on

2021-05-28 20:56:36 - [MESSAGE][PASSED] - Object: 'Object Repository/CreateRoom_Mattermose_OR/button_Create Channel' is clicked on

2021-05-28 20:56:36 - [TEST_STEP][PASSED] - if (verifyElementPresent(findTestObject("CreateRoom_Mattermose_OR/p_A channel with that name already exists on the same team"), 0, OPTIONAL)): null

2021-05-28 20:56:36 - [MESSAGE][WARNING] - Timeout '0' is invalid. Using default page load timeout: '30'

2021-05-28 20:56:37 - [MESSAGE][PASSED] - Object 'Object Repository/CreateRoom_Mattermose_OR/p_A channel with that name already exists on the same team' is present

2021-05-28 20:56:37 - [TEST_STEP][PASSED] - closeBrowser(): Browser is closed

2021-05-28 20:56:37 - [MESSAGE][PASSED] - Browser is closed]]></system-out>
         <system-err><![CDATA[]]></system-err>
      </testcase>
      <testcase name="Test Cases/CreateRoom" time="21.231" classname="Test Cases/CreateRoom" status="PASSED">
         <system-out><![CDATA[2021-05-28 20:56:38 - [TEST_CASE][PASSED] - Test Cases/CreateRoom: Test Cases/CreateRoom

2021-05-28 20:56:38 - [TEST_STEP][PASSED] - openBrowser(""): Browser is opened with url: ''

2021-05-28 20:56:38 - [MESSAGE][INFO] - Starting 'Chrome' driver

2021-05-28 20:56:38 - [MESSAGE][INFO] - Action delay is set to 0 milliseconds

2021-05-28 20:56:39 - [MESSAGE][PASSED] - Browser is opened with url: ''

2021-05-28 20:56:39 - [TEST_STEP][PASSED] - navigateToUrl("https://cdnc-group2.herokuapp.com"): Navigate to 'https://cdnc-group2.herokuapp.com' successfully

2021-05-28 20:56:44 - [MESSAGE][PASSED] - Navigate to 'https://cdnc-group2.herokuapp.com' successfully

2021-05-28 20:56:44 - [TEST_STEP][PASSED] - setText(findTestObject("Object Repository/Login_Mattermost_OR/input_All team communication in one place, _dcc84b"), "ngoctin040999@gmail.com"): Text 'ngoctin040999@gmail.com' is set on object 'Object Repository/Login_Mattermost_OR/input_All team communication in one place, _dcc84b'

2021-05-28 20:56:48 - [MESSAGE][PASSED] - Text 'ngoctin040999@gmail.com' is set on object 'Object Repository/Login_Mattermost_OR/input_All team communication in one place, _dcc84b'

2021-05-28 20:56:48 - [TEST_STEP][PASSED] - setText(findTestObject("Object Repository/Login_Mattermost_OR/input_All team communication in one place, _a3edc6"), "ngoctin1"): Text 'ngoctin1' is set on object 'Object Repository/Login_Mattermost_OR/input_All team communication in one place, _a3edc6'

2021-05-28 20:56:49 - [MESSAGE][PASSED] - Text 'ngoctin1' is set on object 'Object Repository/Login_Mattermost_OR/input_All team communication in one place, _a3edc6'

2021-05-28 20:56:49 - [TEST_STEP][PASSED] - click(findTestObject("Object Repository/Login_Mattermost_OR/span_Sign in")): Object: 'Object Repository/Login_Mattermost_OR/span_Sign in' is clicked on

2021-05-28 20:56:50 - [MESSAGE][PASSED] - Object: 'Object Repository/Login_Mattermost_OR/span_Sign in' is clicked on

2021-05-28 20:56:50 - [TEST_STEP][PASSED] - click(findTestObject("CreateRoom_Mattermose_OR/span_")): Object: 'Object Repository/CreateRoom_Mattermose_OR/span_' is clicked on

2021-05-28 20:56:53 - [MESSAGE][PASSED] - Object: 'Object Repository/CreateRoom_Mattermose_OR/span_' is clicked on

2021-05-28 20:56:53 - [TEST_STEP][PASSED] - verifyElementPresent(findTestObject("CreateRoom_Mattermose_OR/span_New Channel"), 0): Object 'Object Repository/CreateRoom_Mattermose_OR/span_New Channel' is present

2021-05-28 20:56:53 - [MESSAGE][WARNING] - Timeout '0' is invalid. Using default page load timeout: '30'

2021-05-28 20:56:54 - [MESSAGE][PASSED] - Object 'Object Repository/CreateRoom_Mattermose_OR/span_New Channel' is present

2021-05-28 20:56:54 - [TEST_STEP][PASSED] - switch (Type): null

2021-05-28 20:56:54 - [TEST_STEP][PASSED] - setText(findTestObject("CreateRoom_Mattermose_OR/input_Name_newChannelName"), ChannelName): Text 'Test 111227' is set on object 'Object Repository/CreateRoom_Mattermose_OR/input_Name_newChannelName'

2021-05-28 20:56:55 - [MESSAGE][PASSED] - Text 'Test 111227' is set on object 'Object Repository/CreateRoom_Mattermose_OR/input_Name_newChannelName'

2021-05-28 20:56:55 - [TEST_STEP][PASSED] - setText(findTestObject("CreateRoom_Mattermose_OR/textarea_(optional)_newChannelPurpose"), Purpose): Text 'Data test 6' is set on object 'Object Repository/CreateRoom_Mattermose_OR/textarea_(optional)_newChannelPurpose'

2021-05-28 20:56:56 - [MESSAGE][PASSED] - Text 'Data test 6' is set on object 'Object Repository/CreateRoom_Mattermose_OR/textarea_(optional)_newChannelPurpose'

2021-05-28 20:56:56 - [TEST_STEP][PASSED] - setText(findTestObject("CreateRoom_Mattermose_OR/textarea_(optional)_newChannelHeader"), Description): Text 'Test Description' is set on object 'Object Repository/CreateRoom_Mattermose_OR/textarea_(optional)_newChannelHeader'

2021-05-28 20:56:57 - [MESSAGE][PASSED] - Text 'Test Description' is set on object 'Object Repository/CreateRoom_Mattermose_OR/textarea_(optional)_newChannelHeader'

2021-05-28 20:56:57 - [TEST_STEP][PASSED] - click(findTestObject("CreateRoom_Mattermose_OR/button_Create Channel")): Object: 'Object Repository/CreateRoom_Mattermose_OR/button_Create Channel' is clicked on

2021-05-28 20:56:57 - [MESSAGE][PASSED] - Object: 'Object Repository/CreateRoom_Mattermose_OR/button_Create Channel' is clicked on

2021-05-28 20:56:57 - [TEST_STEP][PASSED] - if (verifyElementPresent(findTestObject("CreateRoom_Mattermose_OR/p_A channel with that name already exists on the same team"), 0, OPTIONAL)): null

2021-05-28 20:56:57 - [MESSAGE][WARNING] - Timeout '0' is invalid. Using default page load timeout: '30'

2021-05-28 20:56:58 - [MESSAGE][PASSED] - Object 'Object Repository/CreateRoom_Mattermose_OR/p_A channel with that name already exists on the same team' is present

2021-05-28 20:56:58 - [TEST_STEP][PASSED] - closeBrowser(): Browser is closed

2021-05-28 20:56:59 - [MESSAGE][PASSED] - Browser is closed]]></system-out>
         <system-err><![CDATA[]]></system-err>
      </testcase>
      <testcase name="Test Cases/CreateRoom" time="22.717" classname="Test Cases/CreateRoom" status="PASSED">
         <system-out><![CDATA[2021-05-28 20:56:59 - [TEST_CASE][PASSED] - Test Cases/CreateRoom: Test Cases/CreateRoom

2021-05-28 20:56:59 - [TEST_STEP][PASSED] - openBrowser(""): Browser is opened with url: ''

2021-05-28 20:56:59 - [MESSAGE][INFO] - Starting 'Chrome' driver

2021-05-28 20:56:59 - [MESSAGE][INFO] - Action delay is set to 0 milliseconds

2021-05-28 20:57:01 - [MESSAGE][PASSED] - Browser is opened with url: ''

2021-05-28 20:57:01 - [TEST_STEP][PASSED] - navigateToUrl("https://cdnc-group2.herokuapp.com"): Navigate to 'https://cdnc-group2.herokuapp.com' successfully

2021-05-28 20:57:05 - [MESSAGE][PASSED] - Navigate to 'https://cdnc-group2.herokuapp.com' successfully

2021-05-28 20:57:05 - [TEST_STEP][PASSED] - setText(findTestObject("Object Repository/Login_Mattermost_OR/input_All team communication in one place, _dcc84b"), "ngoctin040999@gmail.com"): Text 'ngoctin040999@gmail.com' is set on object 'Object Repository/Login_Mattermost_OR/input_All team communication in one place, _dcc84b'

2021-05-28 20:57:10 - [MESSAGE][PASSED] - Text 'ngoctin040999@gmail.com' is set on object 'Object Repository/Login_Mattermost_OR/input_All team communication in one place, _dcc84b'

2021-05-28 20:57:10 - [TEST_STEP][PASSED] - setText(findTestObject("Object Repository/Login_Mattermost_OR/input_All team communication in one place, _a3edc6"), "ngoctin1"): Text 'ngoctin1' is set on object 'Object Repository/Login_Mattermost_OR/input_All team communication in one place, _a3edc6'

2021-05-28 20:57:11 - [MESSAGE][PASSED] - Text 'ngoctin1' is set on object 'Object Repository/Login_Mattermost_OR/input_All team communication in one place, _a3edc6'

2021-05-28 20:57:11 - [TEST_STEP][PASSED] - click(findTestObject("Object Repository/Login_Mattermost_OR/span_Sign in")): Object: 'Object Repository/Login_Mattermost_OR/span_Sign in' is clicked on

2021-05-28 20:57:11 - [MESSAGE][PASSED] - Object: 'Object Repository/Login_Mattermost_OR/span_Sign in' is clicked on

2021-05-28 20:57:11 - [TEST_STEP][PASSED] - click(findTestObject("CreateRoom_Mattermose_OR/span_")): Object: 'Object Repository/CreateRoom_Mattermose_OR/span_' is clicked on

2021-05-28 20:57:15 - [MESSAGE][PASSED] - Object: 'Object Repository/CreateRoom_Mattermose_OR/span_' is clicked on

2021-05-28 20:57:15 - [TEST_STEP][PASSED] - verifyElementPresent(findTestObject("CreateRoom_Mattermose_OR/span_New Channel"), 0): Object 'Object Repository/CreateRoom_Mattermose_OR/span_New Channel' is present

2021-05-28 20:57:15 - [MESSAGE][WARNING] - Timeout '0' is invalid. Using default page load timeout: '30'

2021-05-28 20:57:15 - [MESSAGE][PASSED] - Object 'Object Repository/CreateRoom_Mattermose_OR/span_New Channel' is present

2021-05-28 20:57:15 - [TEST_STEP][PASSED] - switch (Type): null

2021-05-28 20:57:15 - [TEST_STEP][PASSED] - case "Private":: null

2021-05-28 20:57:15 - [TEST_STEP][PASSED] - click(findTestObject("CreateRoom_Mattermose_OR/input_- Anyone can join this channel_channelType")): Object: 'Object Repository/CreateRoom_Mattermose_OR/input_- Anyone can join this channel_channelType' is clicked on

2021-05-28 20:57:16 - [MESSAGE][PASSED] - Object: 'Object Repository/CreateRoom_Mattermose_OR/input_- Anyone can join this channel_channelType' is clicked on

2021-05-28 20:57:16 - [TEST_STEP][PASSED] - break: null

2021-05-28 20:57:16 - [TEST_STEP][PASSED] - setText(findTestObject("CreateRoom_Mattermose_OR/input_Name_newChannelName"), ChannelName): Text 'Test 111227' is set on object 'Object Repository/CreateRoom_Mattermose_OR/input_Name_newChannelName'

2021-05-28 20:57:17 - [MESSAGE][PASSED] - Text 'Test 111227' is set on object 'Object Repository/CreateRoom_Mattermose_OR/input_Name_newChannelName'

2021-05-28 20:57:17 - [TEST_STEP][PASSED] - setText(findTestObject("CreateRoom_Mattermose_OR/textarea_(optional)_newChannelPurpose"), Purpose): Text 'Data test 7' is set on object 'Object Repository/CreateRoom_Mattermose_OR/textarea_(optional)_newChannelPurpose'

2021-05-28 20:57:17 - [MESSAGE][PASSED] - Text 'Data test 7' is set on object 'Object Repository/CreateRoom_Mattermose_OR/textarea_(optional)_newChannelPurpose'

2021-05-28 20:57:17 - [TEST_STEP][PASSED] - setText(findTestObject("CreateRoom_Mattermose_OR/textarea_(optional)_newChannelHeader"), Description): Text 'Test Description' is set on object 'Object Repository/CreateRoom_Mattermose_OR/textarea_(optional)_newChannelHeader'

2021-05-28 20:57:19 - [MESSAGE][PASSED] - Text 'Test Description' is set on object 'Object Repository/CreateRoom_Mattermose_OR/textarea_(optional)_newChannelHeader'

2021-05-28 20:57:19 - [TEST_STEP][PASSED] - click(findTestObject("CreateRoom_Mattermose_OR/button_Create Channel")): Object: 'Object Repository/CreateRoom_Mattermose_OR/button_Create Channel' is clicked on

2021-05-28 20:57:20 - [MESSAGE][PASSED] - Object: 'Object Repository/CreateRoom_Mattermose_OR/button_Create Channel' is clicked on

2021-05-28 20:57:20 - [TEST_STEP][PASSED] - if (verifyElementPresent(findTestObject("CreateRoom_Mattermose_OR/p_A channel with that name already exists on the same team"), 0, OPTIONAL)): null

2021-05-28 20:57:20 - [MESSAGE][WARNING] - Timeout '0' is invalid. Using default page load timeout: '30'

2021-05-28 20:57:20 - [MESSAGE][PASSED] - Object 'Object Repository/CreateRoom_Mattermose_OR/p_A channel with that name already exists on the same team' is present

2021-05-28 20:57:20 - [TEST_STEP][PASSED] - closeBrowser(): Browser is closed

2021-05-28 20:57:22 - [MESSAGE][PASSED] - Browser is closed]]></system-out>
         <system-err><![CDATA[]]></system-err>
      </testcase>
      <testcase name="Test Cases/CreateRoom" time="21.983" classname="Test Cases/CreateRoom" status="PASSED">
         <system-out><![CDATA[2021-05-28 20:57:22 - [TEST_CASE][PASSED] - Test Cases/CreateRoom: Test Cases/CreateRoom

2021-05-28 20:57:22 - [TEST_STEP][PASSED] - openBrowser(""): Browser is opened with url: ''

2021-05-28 20:57:22 - [MESSAGE][INFO] - Starting 'Chrome' driver

2021-05-28 20:57:22 - [MESSAGE][INFO] - Action delay is set to 0 milliseconds

2021-05-28 20:57:24 - [MESSAGE][PASSED] - Browser is opened with url: ''

2021-05-28 20:57:24 - [TEST_STEP][PASSED] - navigateToUrl("https://cdnc-group2.herokuapp.com"): Navigate to 'https://cdnc-group2.herokuapp.com' successfully

2021-05-28 20:57:28 - [MESSAGE][PASSED] - Navigate to 'https://cdnc-group2.herokuapp.com' successfully

2021-05-28 20:57:28 - [TEST_STEP][PASSED] - setText(findTestObject("Object Repository/Login_Mattermost_OR/input_All team communication in one place, _dcc84b"), "ngoctin040999@gmail.com"): Text 'ngoctin040999@gmail.com' is set on object 'Object Repository/Login_Mattermost_OR/input_All team communication in one place, _dcc84b'

2021-05-28 20:57:32 - [MESSAGE][PASSED] - Text 'ngoctin040999@gmail.com' is set on object 'Object Repository/Login_Mattermost_OR/input_All team communication in one place, _dcc84b'

2021-05-28 20:57:32 - [TEST_STEP][PASSED] - setText(findTestObject("Object Repository/Login_Mattermost_OR/input_All team communication in one place, _a3edc6"), "ngoctin1"): Text 'ngoctin1' is set on object 'Object Repository/Login_Mattermost_OR/input_All team communication in one place, _a3edc6'

2021-05-28 20:57:33 - [MESSAGE][PASSED] - Text 'ngoctin1' is set on object 'Object Repository/Login_Mattermost_OR/input_All team communication in one place, _a3edc6'

2021-05-28 20:57:33 - [TEST_STEP][PASSED] - click(findTestObject("Object Repository/Login_Mattermost_OR/span_Sign in")): Object: 'Object Repository/Login_Mattermost_OR/span_Sign in' is clicked on

2021-05-28 20:57:33 - [MESSAGE][PASSED] - Object: 'Object Repository/Login_Mattermost_OR/span_Sign in' is clicked on

2021-05-28 20:57:33 - [TEST_STEP][PASSED] - click(findTestObject("CreateRoom_Mattermose_OR/span_")): Object: 'Object Repository/CreateRoom_Mattermose_OR/span_' is clicked on

2021-05-28 20:57:37 - [MESSAGE][PASSED] - Object: 'Object Repository/CreateRoom_Mattermose_OR/span_' is clicked on

2021-05-28 20:57:37 - [TEST_STEP][PASSED] - verifyElementPresent(findTestObject("CreateRoom_Mattermose_OR/span_New Channel"), 0): Object 'Object Repository/CreateRoom_Mattermose_OR/span_New Channel' is present

2021-05-28 20:57:37 - [MESSAGE][WARNING] - Timeout '0' is invalid. Using default page load timeout: '30'

2021-05-28 20:57:38 - [MESSAGE][PASSED] - Object 'Object Repository/CreateRoom_Mattermose_OR/span_New Channel' is present

2021-05-28 20:57:38 - [TEST_STEP][PASSED] - switch (Type): null

2021-05-28 20:57:38 - [TEST_STEP][PASSED] - case "Private":: null

2021-05-28 20:57:38 - [TEST_STEP][PASSED] - click(findTestObject("CreateRoom_Mattermose_OR/input_- Anyone can join this channel_channelType")): Object: 'Object Repository/CreateRoom_Mattermose_OR/input_- Anyone can join this channel_channelType' is clicked on

2021-05-28 20:57:38 - [MESSAGE][PASSED] - Object: 'Object Repository/CreateRoom_Mattermose_OR/input_- Anyone can join this channel_channelType' is clicked on

2021-05-28 20:57:38 - [TEST_STEP][PASSED] - break: null

2021-05-28 20:57:38 - [TEST_STEP][PASSED] - setText(findTestObject("CreateRoom_Mattermose_OR/input_Name_newChannelName"), ChannelName): Text 'Test 111228' is set on object 'Object Repository/CreateRoom_Mattermose_OR/input_Name_newChannelName'

2021-05-28 20:57:39 - [MESSAGE][PASSED] - Text 'Test 111228' is set on object 'Object Repository/CreateRoom_Mattermose_OR/input_Name_newChannelName'

2021-05-28 20:57:39 - [TEST_STEP][PASSED] - setText(findTestObject("CreateRoom_Mattermose_OR/textarea_(optional)_newChannelPurpose"), Purpose): Text 'Data test 8' is set on object 'Object Repository/CreateRoom_Mattermose_OR/textarea_(optional)_newChannelPurpose'

2021-05-28 20:57:40 - [MESSAGE][PASSED] - Text 'Data test 8' is set on object 'Object Repository/CreateRoom_Mattermose_OR/textarea_(optional)_newChannelPurpose'

2021-05-28 20:57:40 - [TEST_STEP][PASSED] - setText(findTestObject("CreateRoom_Mattermose_OR/textarea_(optional)_newChannelHeader"), Description): Text 'Test Description' is set on object 'Object Repository/CreateRoom_Mattermose_OR/textarea_(optional)_newChannelHeader'

2021-05-28 20:57:41 - [MESSAGE][PASSED] - Text 'Test Description' is set on object 'Object Repository/CreateRoom_Mattermose_OR/textarea_(optional)_newChannelHeader'

2021-05-28 20:57:41 - [TEST_STEP][PASSED] - click(findTestObject("CreateRoom_Mattermose_OR/button_Create Channel")): Object: 'Object Repository/CreateRoom_Mattermose_OR/button_Create Channel' is clicked on

2021-05-28 20:57:42 - [MESSAGE][PASSED] - Object: 'Object Repository/CreateRoom_Mattermose_OR/button_Create Channel' is clicked on

2021-05-28 20:57:42 - [TEST_STEP][PASSED] - if (verifyElementPresent(findTestObject("CreateRoom_Mattermose_OR/p_A channel with that name already exists on the same team"), 0, OPTIONAL)): null

2021-05-28 20:57:42 - [MESSAGE][WARNING] - Timeout '0' is invalid. Using default page load timeout: '30'

2021-05-28 20:57:42 - [MESSAGE][PASSED] - Object 'Object Repository/CreateRoom_Mattermose_OR/p_A channel with that name already exists on the same team' is present

2021-05-28 20:57:42 - [TEST_STEP][PASSED] - closeBrowser(): Browser is closed

2021-05-28 20:57:44 - [MESSAGE][PASSED] - Browser is closed]]></system-out>
         <system-err><![CDATA[]]></system-err>
      </testcase>
      <testcase name="Test Cases/CreateRoom" time="21.122" classname="Test Cases/CreateRoom" status="PASSED">
         <system-out><![CDATA[2021-05-28 20:57:44 - [TEST_CASE][PASSED] - Test Cases/CreateRoom: Test Cases/CreateRoom

2021-05-28 20:57:44 - [TEST_STEP][PASSED] - openBrowser(""): Browser is opened with url: ''

2021-05-28 20:57:44 - [MESSAGE][INFO] - Starting 'Chrome' driver

2021-05-28 20:57:44 - [MESSAGE][INFO] - Action delay is set to 0 milliseconds

2021-05-28 20:57:46 - [MESSAGE][PASSED] - Browser is opened with url: ''

2021-05-28 20:57:46 - [TEST_STEP][PASSED] - navigateToUrl("https://cdnc-group2.herokuapp.com"): Navigate to 'https://cdnc-group2.herokuapp.com' successfully

2021-05-28 20:57:50 - [MESSAGE][PASSED] - Navigate to 'https://cdnc-group2.herokuapp.com' successfully

2021-05-28 20:57:50 - [TEST_STEP][PASSED] - setText(findTestObject("Object Repository/Login_Mattermost_OR/input_All team communication in one place, _dcc84b"), "ngoctin040999@gmail.com"): Text 'ngoctin040999@gmail.com' is set on object 'Object Repository/Login_Mattermost_OR/input_All team communication in one place, _dcc84b'

2021-05-28 20:57:54 - [MESSAGE][PASSED] - Text 'ngoctin040999@gmail.com' is set on object 'Object Repository/Login_Mattermost_OR/input_All team communication in one place, _dcc84b'

2021-05-28 20:57:54 - [TEST_STEP][PASSED] - setText(findTestObject("Object Repository/Login_Mattermost_OR/input_All team communication in one place, _a3edc6"), "ngoctin1"): Text 'ngoctin1' is set on object 'Object Repository/Login_Mattermost_OR/input_All team communication in one place, _a3edc6'

2021-05-28 20:57:55 - [MESSAGE][PASSED] - Text 'ngoctin1' is set on object 'Object Repository/Login_Mattermost_OR/input_All team communication in one place, _a3edc6'

2021-05-28 20:57:55 - [TEST_STEP][PASSED] - click(findTestObject("Object Repository/Login_Mattermost_OR/span_Sign in")): Object: 'Object Repository/Login_Mattermost_OR/span_Sign in' is clicked on

2021-05-28 20:57:56 - [MESSAGE][PASSED] - Object: 'Object Repository/Login_Mattermost_OR/span_Sign in' is clicked on

2021-05-28 20:57:56 - [TEST_STEP][PASSED] - click(findTestObject("CreateRoom_Mattermose_OR/span_")): Object: 'Object Repository/CreateRoom_Mattermose_OR/span_' is clicked on

2021-05-28 20:57:59 - [MESSAGE][PASSED] - Object: 'Object Repository/CreateRoom_Mattermose_OR/span_' is clicked on

2021-05-28 20:57:59 - [TEST_STEP][PASSED] - verifyElementPresent(findTestObject("CreateRoom_Mattermose_OR/span_New Channel"), 0): Object 'Object Repository/CreateRoom_Mattermose_OR/span_New Channel' is present

2021-05-28 20:57:59 - [MESSAGE][WARNING] - Timeout '0' is invalid. Using default page load timeout: '30'

2021-05-28 20:58:00 - [MESSAGE][PASSED] - Object 'Object Repository/CreateRoom_Mattermose_OR/span_New Channel' is present

2021-05-28 20:58:00 - [TEST_STEP][PASSED] - switch (Type): null

2021-05-28 20:58:00 - [TEST_STEP][PASSED] - case "Private":: null

2021-05-28 20:58:00 - [TEST_STEP][PASSED] - click(findTestObject("CreateRoom_Mattermose_OR/input_- Anyone can join this channel_channelType")): Object: 'Object Repository/CreateRoom_Mattermose_OR/input_- Anyone can join this channel_channelType' is clicked on

2021-05-28 20:58:00 - [MESSAGE][PASSED] - Object: 'Object Repository/CreateRoom_Mattermose_OR/input_- Anyone can join this channel_channelType' is clicked on

2021-05-28 20:58:00 - [TEST_STEP][PASSED] - break: null

2021-05-28 20:58:00 - [TEST_STEP][PASSED] - setText(findTestObject("CreateRoom_Mattermose_OR/input_Name_newChannelName"), ChannelName): Text 'Test 111229' is set on object 'Object Repository/CreateRoom_Mattermose_OR/input_Name_newChannelName'

2021-05-28 20:58:01 - [MESSAGE][PASSED] - Text 'Test 111229' is set on object 'Object Repository/CreateRoom_Mattermose_OR/input_Name_newChannelName'

2021-05-28 20:58:01 - [TEST_STEP][PASSED] - setText(findTestObject("CreateRoom_Mattermose_OR/textarea_(optional)_newChannelPurpose"), Purpose): Text 'Data test 9' is set on object 'Object Repository/CreateRoom_Mattermose_OR/textarea_(optional)_newChannelPurpose'

2021-05-28 20:58:02 - [MESSAGE][PASSED] - Text 'Data test 9' is set on object 'Object Repository/CreateRoom_Mattermose_OR/textarea_(optional)_newChannelPurpose'

2021-05-28 20:58:02 - [TEST_STEP][PASSED] - setText(findTestObject("CreateRoom_Mattermose_OR/textarea_(optional)_newChannelHeader"), Description): Text 'Test Description' is set on object 'Object Repository/CreateRoom_Mattermose_OR/textarea_(optional)_newChannelHeader'

2021-05-28 20:58:03 - [MESSAGE][PASSED] - Text 'Test Description' is set on object 'Object Repository/CreateRoom_Mattermose_OR/textarea_(optional)_newChannelHeader'

2021-05-28 20:58:03 - [TEST_STEP][PASSED] - click(findTestObject("CreateRoom_Mattermose_OR/button_Create Channel")): Object: 'Object Repository/CreateRoom_Mattermose_OR/button_Create Channel' is clicked on

2021-05-28 20:58:03 - [MESSAGE][PASSED] - Object: 'Object Repository/CreateRoom_Mattermose_OR/button_Create Channel' is clicked on

2021-05-28 20:58:03 - [TEST_STEP][PASSED] - if (verifyElementPresent(findTestObject("CreateRoom_Mattermose_OR/p_A channel with that name already exists on the same team"), 0, OPTIONAL)): null

2021-05-28 20:58:03 - [MESSAGE][WARNING] - Timeout '0' is invalid. Using default page load timeout: '30'

2021-05-28 20:58:04 - [MESSAGE][PASSED] - Object 'Object Repository/CreateRoom_Mattermose_OR/p_A channel with that name already exists on the same team' is present

2021-05-28 20:58:04 - [TEST_STEP][PASSED] - closeBrowser(): Browser is closed

2021-05-28 20:58:05 - [MESSAGE][PASSED] - Browser is closed]]></system-out>
         <system-err><![CDATA[]]></system-err>
      </testcase>
      <testcase name="Test Cases/CreateRoom" time="23.515" classname="Test Cases/CreateRoom" status="PASSED">
         <system-out><![CDATA[2021-05-28 20:58:05 - [TEST_CASE][PASSED] - Test Cases/CreateRoom: Test Cases/CreateRoom

2021-05-28 20:58:05 - [TEST_STEP][PASSED] - openBrowser(""): Browser is opened with url: ''

2021-05-28 20:58:05 - [MESSAGE][INFO] - Starting 'Chrome' driver

2021-05-28 20:58:05 - [MESSAGE][INFO] - Action delay is set to 0 milliseconds

2021-05-28 20:58:07 - [MESSAGE][PASSED] - Browser is opened with url: ''

2021-05-28 20:58:07 - [TEST_STEP][PASSED] - navigateToUrl("https://cdnc-group2.herokuapp.com"): Navigate to 'https://cdnc-group2.herokuapp.com' successfully

2021-05-28 20:58:11 - [MESSAGE][PASSED] - Navigate to 'https://cdnc-group2.herokuapp.com' successfully

2021-05-28 20:58:11 - [TEST_STEP][PASSED] - setText(findTestObject("Object Repository/Login_Mattermost_OR/input_All team communication in one place, _dcc84b"), "ngoctin040999@gmail.com"): Text 'ngoctin040999@gmail.com' is set on object 'Object Repository/Login_Mattermost_OR/input_All team communication in one place, _dcc84b'

2021-05-28 20:58:16 - [MESSAGE][PASSED] - Text 'ngoctin040999@gmail.com' is set on object 'Object Repository/Login_Mattermost_OR/input_All team communication in one place, _dcc84b'

2021-05-28 20:58:16 - [TEST_STEP][PASSED] - setText(findTestObject("Object Repository/Login_Mattermost_OR/input_All team communication in one place, _a3edc6"), "ngoctin1"): Text 'ngoctin1' is set on object 'Object Repository/Login_Mattermost_OR/input_All team communication in one place, _a3edc6'

2021-05-28 20:58:17 - [MESSAGE][PASSED] - Text 'ngoctin1' is set on object 'Object Repository/Login_Mattermost_OR/input_All team communication in one place, _a3edc6'

2021-05-28 20:58:17 - [TEST_STEP][PASSED] - click(findTestObject("Object Repository/Login_Mattermost_OR/span_Sign in")): Object: 'Object Repository/Login_Mattermost_OR/span_Sign in' is clicked on

2021-05-28 20:58:18 - [MESSAGE][PASSED] - Object: 'Object Repository/Login_Mattermost_OR/span_Sign in' is clicked on

2021-05-28 20:58:18 - [TEST_STEP][PASSED] - click(findTestObject("CreateRoom_Mattermose_OR/span_")): Object: 'Object Repository/CreateRoom_Mattermose_OR/span_' is clicked on

2021-05-28 20:58:22 - [MESSAGE][PASSED] - Object: 'Object Repository/CreateRoom_Mattermose_OR/span_' is clicked on

2021-05-28 20:58:22 - [TEST_STEP][PASSED] - verifyElementPresent(findTestObject("CreateRoom_Mattermose_OR/span_New Channel"), 0): Object 'Object Repository/CreateRoom_Mattermose_OR/span_New Channel' is present

2021-05-28 20:58:22 - [MESSAGE][WARNING] - Timeout '0' is invalid. Using default page load timeout: '30'

2021-05-28 20:58:23 - [MESSAGE][PASSED] - Object 'Object Repository/CreateRoom_Mattermose_OR/span_New Channel' is present

2021-05-28 20:58:23 - [TEST_STEP][PASSED] - switch (Type): null

2021-05-28 20:58:23 - [TEST_STEP][PASSED] - case "Private":: null

2021-05-28 20:58:23 - [TEST_STEP][PASSED] - click(findTestObject("CreateRoom_Mattermose_OR/input_- Anyone can join this channel_channelType")): Object: 'Object Repository/CreateRoom_Mattermose_OR/input_- Anyone can join this channel_channelType' is clicked on

2021-05-28 20:58:23 - [MESSAGE][PASSED] - Object: 'Object Repository/CreateRoom_Mattermose_OR/input_- Anyone can join this channel_channelType' is clicked on

2021-05-28 20:58:23 - [TEST_STEP][PASSED] - break: null

2021-05-28 20:58:23 - [TEST_STEP][PASSED] - setText(findTestObject("CreateRoom_Mattermose_OR/input_Name_newChannelName"), ChannelName): Text 'Test 111230' is set on object 'Object Repository/CreateRoom_Mattermose_OR/input_Name_newChannelName'

2021-05-28 20:58:24 - [MESSAGE][PASSED] - Text 'Test 111230' is set on object 'Object Repository/CreateRoom_Mattermose_OR/input_Name_newChannelName'

2021-05-28 20:58:24 - [TEST_STEP][PASSED] - setText(findTestObject("CreateRoom_Mattermose_OR/textarea_(optional)_newChannelPurpose"), Purpose): Text 'Data test 10' is set on object 'Object Repository/CreateRoom_Mattermose_OR/textarea_(optional)_newChannelPurpose'

2021-05-28 20:58:25 - [MESSAGE][PASSED] - Text 'Data test 10' is set on object 'Object Repository/CreateRoom_Mattermose_OR/textarea_(optional)_newChannelPurpose'

2021-05-28 20:58:25 - [TEST_STEP][PASSED] - setText(findTestObject("CreateRoom_Mattermose_OR/textarea_(optional)_newChannelHeader"), Description): Text 'Test Description' is set on object 'Object Repository/CreateRoom_Mattermose_OR/textarea_(optional)_newChannelHeader'

2021-05-28 20:58:26 - [MESSAGE][PASSED] - Text 'Test Description' is set on object 'Object Repository/CreateRoom_Mattermose_OR/textarea_(optional)_newChannelHeader'

2021-05-28 20:58:26 - [TEST_STEP][PASSED] - click(findTestObject("CreateRoom_Mattermose_OR/button_Create Channel")): Object: 'Object Repository/CreateRoom_Mattermose_OR/button_Create Channel' is clicked on

2021-05-28 20:58:27 - [MESSAGE][PASSED] - Object: 'Object Repository/CreateRoom_Mattermose_OR/button_Create Channel' is clicked on

2021-05-28 20:58:27 - [TEST_STEP][PASSED] - if (verifyElementPresent(findTestObject("CreateRoom_Mattermose_OR/p_A channel with that name already exists on the same team"), 0, OPTIONAL)): null

2021-05-28 20:58:27 - [MESSAGE][WARNING] - Timeout '0' is invalid. Using default page load timeout: '30'

2021-05-28 20:58:28 - [MESSAGE][PASSED] - Object 'Object Repository/CreateRoom_Mattermose_OR/p_A channel with that name already exists on the same team' is present

2021-05-28 20:58:28 - [TEST_STEP][PASSED] - closeBrowser(): Browser is closed

2021-05-28 20:58:28 - [MESSAGE][PASSED] - Browser is closed]]></system-out>
         <system-err><![CDATA[]]></system-err>
      </testcase>
      <testcase name="Test Cases/CreateTeam" time="49.717" classname="Test Cases/CreateTeam" status="PASSED">
         <system-out><![CDATA[2021-05-28 20:58:28 - [TEST_CASE][PASSED] - Test Cases/CreateTeam: Test Cases/CreateTeam

2021-05-28 20:58:29 - [TEST_STEP][PASSED] - openBrowser(""): Browser is opened with url: ''

2021-05-28 20:58:29 - [MESSAGE][INFO] - Starting 'Chrome' driver

2021-05-28 20:58:29 - [MESSAGE][INFO] - Action delay is set to 0 milliseconds

2021-05-28 20:58:31 - [MESSAGE][PASSED] - Browser is opened with url: ''

2021-05-28 20:58:31 - [TEST_STEP][PASSED] - navigateToUrl("https://cdnc-group2.herokuapp.com/"): Navigate to 'https://cdnc-group2.herokuapp.com/' successfully

2021-05-28 20:58:35 - [MESSAGE][PASSED] - Navigate to 'https://cdnc-group2.herokuapp.com/' successfully

2021-05-28 20:58:35 - [TEST_STEP][PASSED] - setText(findTestObject("Object Repository/Page_Mattermost/input_All team communication in one place, _dcc84b"), "ngoctin040999@gmail.com"): Text 'ngoctin040999@gmail.com' is set on object 'Object Repository/Page_Mattermost/input_All team communication in one place, _dcc84b'

2021-05-28 20:58:40 - [MESSAGE][PASSED] - Text 'ngoctin040999@gmail.com' is set on object 'Object Repository/Page_Mattermost/input_All team communication in one place, _dcc84b'

2021-05-28 20:58:40 - [TEST_STEP][PASSED] - setEncryptedText(findTestObject("Object Repository/Page_Mattermost/input_All team communication in one place, _a3edc6"), "S8w1SJvl7D1hts9IdMV+NQ=="): Text ****** has been set on object 'Object Repository/Page_Mattermost/input_All team communication in one place, _a3edc6'

2021-05-28 20:58:40 - [MESSAGE][PASSED] - Text ****** has been set on object 'Object Repository/Page_Mattermost/input_All team communication in one place, _a3edc6'

2021-05-28 20:58:40 - [TEST_STEP][PASSED] - click(findTestObject("Object Repository/Page_Mattermost/button_Sign in")): Object: 'Object Repository/Page_Mattermost/button_Sign in' is clicked on

2021-05-28 20:58:41 - [MESSAGE][PASSED] - Object: 'Object Repository/Page_Mattermost/button_Sign in' is clicked on

2021-05-28 20:58:41 - [TEST_STEP][PASSED] - click(findTestObject("Object Repository/Page_Town Square - Thanh Tien test Mattermost/svg")): Object: 'Object Repository/Page_Town Square - Thanh Tien test Mattermost/svg' is clicked on

2021-05-28 20:59:12 - [MESSAGE][INFO] - Unable to find the element located by 'By.xpath: (.//*[normalize-space(text()) and normalize-space(.)='@ngoctin02806'])[1]/following::*[name()='svg'][1]'. Please recheck the objects properties to make sure the desired element is located. 

2021-05-28 20:59:12 - [MESSAGE][WARNING] - [SELF-HEALING] Failed to find element with id 'Object Repository/Page_Town Square - Thanh Tien test Mattermost/svg'. Try using Self-healing.

2021-05-28 20:59:13 - [MESSAGE][WARNING] - [SELF-HEALING] The current locator of test object 'Object Repository/Page_Town Square - Thanh Tien test Mattermost/svg' was broken. Propose an alternative one: '(.//*[normalize-space(text()) and normalize-space(.)='More Unreads'])[1]/preceding::*[name()='svg'][1]'.

2021-05-28 20:59:13 - [MESSAGE][PASSED] - Object: 'Object Repository/Page_Town Square - Thanh Tien test Mattermost/svg' is clicked on

2021-05-28 20:59:13 - [TEST_STEP][PASSED] - click(findTestObject("Object Repository/Page_Town Square - Thanh Tien test Mattermost/span_Create a Team")): Object: 'Object Repository/Page_Town Square - Thanh Tien test Mattermost/span_Create a Team' is clicked on

2021-05-28 20:59:14 - [MESSAGE][PASSED] - Object: 'Object Repository/Page_Town Square - Thanh Tien test Mattermost/span_Create a Team' is clicked on

2021-05-28 20:59:14 - [TEST_STEP][PASSED] - setText(findTestObject("Object Repository/Page_Town Square - Thanh Tien test Mattermost/input_Team Name_teamNameInput"), "NewTeam1"): Text 'NewTeam1' is set on object 'Object Repository/Page_Town Square - Thanh Tien test Mattermost/input_Team Name_teamNameInput'

2021-05-28 20:59:15 - [MESSAGE][PASSED] - Text 'NewTeam1' is set on object 'Object Repository/Page_Town Square - Thanh Tien test Mattermost/input_Team Name_teamNameInput'

2021-05-28 20:59:15 - [TEST_STEP][PASSED] - click(findTestObject("Object Repository/Page_Town Square - Thanh Tien test Mattermost/button_Next")): Object: 'Object Repository/Page_Town Square - Thanh Tien test Mattermost/button_Next' is clicked on

2021-05-28 20:59:15 - [MESSAGE][PASSED] - Object: 'Object Repository/Page_Town Square - Thanh Tien test Mattermost/button_Next' is clicked on

2021-05-28 20:59:15 - [TEST_STEP][PASSED] - click(findTestObject("Object Repository/Page_Town Square - Thanh Tien test Mattermost/input_httpscdnc-group2.herokuapp.com_teamURLInput")): Object: 'Object Repository/Page_Town Square - Thanh Tien test Mattermost/input_httpscdnc-group2.herokuapp.com_teamURLInput' is clicked on

2021-05-28 20:59:16 - [MESSAGE][PASSED] - Object: 'Object Repository/Page_Town Square - Thanh Tien test Mattermost/input_httpscdnc-group2.herokuapp.com_teamURLInput' is clicked on

2021-05-28 20:59:16 - [TEST_STEP][PASSED] - setText(findTestObject("Object Repository/Page_Town Square - Thanh Tien test Mattermost/input_httpscdnc-group2.herokuapp.com_teamURLInput"), "newteam1"): Text 'newteam1' is set on object 'Object Repository/Page_Town Square - Thanh Tien test Mattermost/input_httpscdnc-group2.herokuapp.com_teamURLInput'

2021-05-28 20:59:17 - [MESSAGE][PASSED] - Text 'newteam1' is set on object 'Object Repository/Page_Town Square - Thanh Tien test Mattermost/input_httpscdnc-group2.herokuapp.com_teamURLInput'

2021-05-28 20:59:17 - [TEST_STEP][PASSED] - click(findTestObject("Object Repository/Page_Town Square - Thanh Tien test Mattermost/span_Finish")): Object: 'Object Repository/Page_Town Square - Thanh Tien test Mattermost/span_Finish' is clicked on

2021-05-28 20:59:17 - [MESSAGE][PASSED] - Object: 'Object Repository/Page_Town Square - Thanh Tien test Mattermost/span_Finish' is clicked on

2021-05-28 20:59:17 - [TEST_STEP][PASSED] - closeBrowser(): Browser is closed

2021-05-28 20:59:18 - [MESSAGE][PASSED] - Browser is closed]]></system-out>
         <system-err><![CDATA[]]></system-err>
      </testcase>
      <testcase name="Test Cases/Main/TestcaseAddDMsToFavorites" time="18.722" classname="Test Cases/Main/TestcaseAddDMsToFavorites" status="PASSED">
         <system-out><![CDATA[2021-05-28 20:59:18 - [TEST_CASE][PASSED] - Test Cases/Main/TestcaseAddDMsToFavorites: Test Cases/Main/TestcaseAddDMsToFavorites

2021-05-28 20:59:19 - [TEST_STEP][PASSED] - callTestCase(findTestCase("PreCondition/Login"), [:], STOP_ON_FAILURE): Call Test Case 'Test Cases/PreCondition/Login' successfully

2021-05-28 20:59:19 - [TEST_CASE][PASSED] - Test Cases/PreCondition/Login: Test Cases/PreCondition/Login

2021-05-28 20:59:19 - [TEST_STEP][PASSED] - openBrowser(""): Browser is opened with url: ''

2021-05-28 20:59:19 - [MESSAGE][INFO] - Starting 'Chrome' driver

2021-05-28 20:59:19 - [MESSAGE][INFO] - Action delay is set to 0 milliseconds

2021-05-28 20:59:21 - [MESSAGE][PASSED] - Browser is opened with url: ''

2021-05-28 20:59:21 - [TEST_STEP][PASSED] - navigateToUrl("https://cdnc-group2.herokuapp.com/"): Navigate to 'https://cdnc-group2.herokuapp.com/' successfully

2021-05-28 20:59:25 - [MESSAGE][PASSED] - Navigate to 'https://cdnc-group2.herokuapp.com/' successfully

2021-05-28 20:59:25 - [TEST_STEP][PASSED] - setText(findTestObject("Object Repository/Login/Page_Mattermost/input_All team communication in one place, _dcc84b"), "ngoctin040999@gmail.com"): Text 'ngoctin040999@gmail.com' is set on object 'Object Repository/Login/Page_Mattermost/input_All team communication in one place, _dcc84b'

2021-05-28 20:59:31 - [MESSAGE][PASSED] - Text 'ngoctin040999@gmail.com' is set on object 'Object Repository/Login/Page_Mattermost/input_All team communication in one place, _dcc84b'

2021-05-28 20:59:31 - [TEST_STEP][PASSED] - setEncryptedText(findTestObject("Object Repository/Login/Page_Mattermost/input_All team communication in one place, _a3edc6"), "S8w1SJvl7D1hts9IdMV+NQ=="): Text ****** has been set on object 'Object Repository/Login/Page_Mattermost/input_All team communication in one place, _a3edc6'

2021-05-28 20:59:31 - [MESSAGE][PASSED] - Text ****** has been set on object 'Object Repository/Login/Page_Mattermost/input_All team communication in one place, _a3edc6'

2021-05-28 20:59:31 - [TEST_STEP][PASSED] - click(findTestObject("Object Repository/Login/Page_Mattermost/button_Sign in")): Object: 'Object Repository/Login/Page_Mattermost/button_Sign in' is clicked on

2021-05-28 20:59:32 - [MESSAGE][PASSED] - Object: 'Object Repository/Login/Page_Mattermost/button_Sign in' is clicked on

2021-05-28 20:59:32 - [MESSAGE][PASSED] - Call Test Case 'Test Cases/PreCondition/Login' successfully

2021-05-28 20:59:32 - [TEST_STEP][PASSED] - btnTest1DMs = findTestObject("Object Repository/SaveMsgInDMs/Page_Town Square - 123 Mattermost/span_test1"): null

2021-05-28 20:59:32 - [TEST_STEP][PASSED] - btnStar = findTestObject("Object Repository/AddDMsToFavorites/Page_test1 - 123 Mattermost/i_Drop a file to upload it_icon fa fa-star-o"): null

2021-05-28 20:59:32 - [TEST_STEP][PASSED] - if (btnTest1DMs != null && btnStar != null): Object: 'Object Repository/AddDMsToFavorites/Page_test1 - 123 Mattermost/i_Drop a file to upload it_icon fa fa-star-o' is clicked on

2021-05-28 20:59:32 - [TEST_STEP][PASSED] - click(btnTest1DMs): Object: 'Object Repository/SaveMsgInDMs/Page_Town Square - 123 Mattermost/span_test1' is clicked on

2021-05-28 20:59:35 - [MESSAGE][PASSED] - Object: 'Object Repository/SaveMsgInDMs/Page_Town Square - 123 Mattermost/span_test1' is clicked on

2021-05-28 20:59:35 - [TEST_STEP][PASSED] - click(btnStar): Object: 'Object Repository/AddDMsToFavorites/Page_test1 - 123 Mattermost/i_Drop a file to upload it_icon fa fa-star-o' is clicked on

2021-05-28 20:59:37 - [MESSAGE][PASSED] - Object: 'Object Repository/AddDMsToFavorites/Page_test1 - 123 Mattermost/i_Drop a file to upload it_icon fa fa-star-o' is clicked on]]></system-out>
         <system-err><![CDATA[]]></system-err>
      </testcase>
      <testcase name="Test Cases/Main/TestCaseCreateDirectMessages" time="19.353" classname="Test Cases/Main/TestCaseCreateDirectMessages" status="PASSED">
         <system-out><![CDATA[2021-05-28 20:59:37 - [TEST_CASE][PASSED] - Test Cases/Main/TestCaseCreateDirectMessages: Test Cases/Main/TestCaseCreateDirectMessages

2021-05-28 20:59:38 - [TEST_STEP][PASSED] - callTestCase(findTestCase("PreCondition/Login"), [:], STOP_ON_FAILURE): Call Test Case 'Test Cases/PreCondition/Login' successfully

2021-05-28 20:59:38 - [TEST_CASE][PASSED] - Test Cases/PreCondition/Login: Test Cases/PreCondition/Login

2021-05-28 20:59:38 - [TEST_STEP][PASSED] - openBrowser(""): Browser is opened with url: ''

2021-05-28 20:59:38 - [MESSAGE][WARNING] - A browser is already opened. Closing browser and opening a new one

2021-05-28 20:59:38 - [MESSAGE][INFO] - Starting 'Chrome' driver

2021-05-28 20:59:38 - [MESSAGE][INFO] - Action delay is set to 0 milliseconds

2021-05-28 20:59:40 - [MESSAGE][PASSED] - Browser is opened with url: ''

2021-05-28 20:59:40 - [TEST_STEP][PASSED] - navigateToUrl("https://cdnc-group2.herokuapp.com/"): Navigate to 'https://cdnc-group2.herokuapp.com/' successfully

2021-05-28 20:59:44 - [MESSAGE][PASSED] - Navigate to 'https://cdnc-group2.herokuapp.com/' successfully

2021-05-28 20:59:44 - [TEST_STEP][PASSED] - setText(findTestObject("Object Repository/Login/Page_Mattermost/input_All team communication in one place, _dcc84b"), "ngoctin040999@gmail.com"): Text 'ngoctin040999@gmail.com' is set on object 'Object Repository/Login/Page_Mattermost/input_All team communication in one place, _dcc84b'

2021-05-28 20:59:50 - [MESSAGE][PASSED] - Text 'ngoctin040999@gmail.com' is set on object 'Object Repository/Login/Page_Mattermost/input_All team communication in one place, _dcc84b'

2021-05-28 20:59:50 - [TEST_STEP][PASSED] - setEncryptedText(findTestObject("Object Repository/Login/Page_Mattermost/input_All team communication in one place, _a3edc6"), "S8w1SJvl7D1hts9IdMV+NQ=="): Text ****** has been set on object 'Object Repository/Login/Page_Mattermost/input_All team communication in one place, _a3edc6'

2021-05-28 20:59:50 - [MESSAGE][PASSED] - Text ****** has been set on object 'Object Repository/Login/Page_Mattermost/input_All team communication in one place, _a3edc6'

2021-05-28 20:59:50 - [TEST_STEP][PASSED] - click(findTestObject("Object Repository/Login/Page_Mattermost/button_Sign in")): Object: 'Object Repository/Login/Page_Mattermost/button_Sign in' is clicked on

2021-05-28 20:59:51 - [MESSAGE][PASSED] - Object: 'Object Repository/Login/Page_Mattermost/button_Sign in' is clicked on

2021-05-28 20:59:51 - [MESSAGE][PASSED] - Call Test Case 'Test Cases/PreCondition/Login' successfully

2021-05-28 20:59:51 - [TEST_STEP][PASSED] - click(findTestObject("Object Repository/CreateDirectMessages/Page_Town Square - 123 Mattermost/span_")): Object: 'Object Repository/CreateDirectMessages/Page_Town Square - 123 Mattermost/span_' is clicked on

2021-05-28 20:59:54 - [MESSAGE][PASSED] - Object: 'Object Repository/CreateDirectMessages/Page_Town Square - 123 Mattermost/span_' is clicked on

2021-05-28 20:59:54 - [TEST_STEP][PASSED] - click(findTestObject("Object Repository/CreateDirectMessages/Page_Town Square - 123 Mattermost/i_test1gmail.com_fa fa-plus")): Object: 'Object Repository/CreateDirectMessages/Page_Town Square - 123 Mattermost/i_test1gmail.com_fa fa-plus' is clicked on

2021-05-28 20:59:56 - [MESSAGE][PASSED] - Object: 'Object Repository/CreateDirectMessages/Page_Town Square - 123 Mattermost/i_test1gmail.com_fa fa-plus' is clicked on

2021-05-28 20:59:56 - [TEST_STEP][PASSED] - click(findTestObject("Object Repository/CreateDirectMessages/Page_Town Square - 123 Mattermost/span_Go")): Object: 'Object Repository/CreateDirectMessages/Page_Town Square - 123 Mattermost/span_Go' is clicked on

2021-05-28 20:59:56 - [MESSAGE][PASSED] - Object: 'Object Repository/CreateDirectMessages/Page_Town Square - 123 Mattermost/span_Go' is clicked on]]></system-out>
         <system-err><![CDATA[]]></system-err>
      </testcase>
      <testcase name="Test Cases/Main/TestCaseCreateMsgInDMs" time="22.903" classname="Test Cases/Main/TestCaseCreateMsgInDMs" status="PASSED">
         <system-out><![CDATA[2021-05-28 20:59:56 - [TEST_CASE][PASSED] - Test Cases/Main/TestCaseCreateMsgInDMs: Test Cases/Main/TestCaseCreateMsgInDMs

2021-05-28 20:59:57 - [TEST_STEP][PASSED] - callTestCase(findTestCase("PreCondition/Login"), [:], STOP_ON_FAILURE): Call Test Case 'Test Cases/PreCondition/Login' successfully

2021-05-28 20:59:57 - [TEST_CASE][PASSED] - Test Cases/PreCondition/Login: Test Cases/PreCondition/Login

2021-05-28 20:59:57 - [TEST_STEP][PASSED] - openBrowser(""): Browser is opened with url: ''

2021-05-28 20:59:57 - [MESSAGE][WARNING] - A browser is already opened. Closing browser and opening a new one

2021-05-28 20:59:58 - [MESSAGE][INFO] - Starting 'Chrome' driver

2021-05-28 20:59:58 - [MESSAGE][INFO] - Action delay is set to 0 milliseconds

2021-05-28 21:00:00 - [MESSAGE][PASSED] - Browser is opened with url: ''

2021-05-28 21:00:00 - [TEST_STEP][PASSED] - navigateToUrl("https://cdnc-group2.herokuapp.com/"): Navigate to 'https://cdnc-group2.herokuapp.com/' successfully

2021-05-28 21:00:04 - [MESSAGE][PASSED] - Navigate to 'https://cdnc-group2.herokuapp.com/' successfully

2021-05-28 21:00:04 - [TEST_STEP][PASSED] - setText(findTestObject("Object Repository/Login/Page_Mattermost/input_All team communication in one place, _dcc84b"), "ngoctin040999@gmail.com"): Text 'ngoctin040999@gmail.com' is set on object 'Object Repository/Login/Page_Mattermost/input_All team communication in one place, _dcc84b'

2021-05-28 21:00:12 - [MESSAGE][PASSED] - Text 'ngoctin040999@gmail.com' is set on object 'Object Repository/Login/Page_Mattermost/input_All team communication in one place, _dcc84b'

2021-05-28 21:00:12 - [TEST_STEP][PASSED] - setEncryptedText(findTestObject("Object Repository/Login/Page_Mattermost/input_All team communication in one place, _a3edc6"), "S8w1SJvl7D1hts9IdMV+NQ=="): Text ****** has been set on object 'Object Repository/Login/Page_Mattermost/input_All team communication in one place, _a3edc6'

2021-05-28 21:00:12 - [MESSAGE][PASSED] - Text ****** has been set on object 'Object Repository/Login/Page_Mattermost/input_All team communication in one place, _a3edc6'

2021-05-28 21:00:12 - [TEST_STEP][PASSED] - click(findTestObject("Object Repository/Login/Page_Mattermost/button_Sign in")): Object: 'Object Repository/Login/Page_Mattermost/button_Sign in' is clicked on

2021-05-28 21:00:13 - [MESSAGE][PASSED] - Object: 'Object Repository/Login/Page_Mattermost/button_Sign in' is clicked on

2021-05-28 21:00:13 - [MESSAGE][PASSED] - Call Test Case 'Test Cases/PreCondition/Login' successfully

2021-05-28 21:00:13 - [TEST_STEP][PASSED] - click(findTestObject("Object Repository/CreateMsgInDMs/Page_Town Square - 123 Mattermost/span_test1")): Object: 'Object Repository/CreateMsgInDMs/Page_Town Square - 123 Mattermost/span_test1' is clicked on

2021-05-28 21:00:16 - [MESSAGE][PASSED] - Object: 'Object Repository/CreateMsgInDMs/Page_Town Square - 123 Mattermost/span_test1' is clicked on

2021-05-28 21:00:16 - [TEST_STEP][PASSED] - setText(findTestObject("Object Repository/CreateMsgInDMs/Page_test1 - 123 Mattermost/textarea_chat"), "hello you"): Text 'hello you' is set on object 'Object Repository/CreateMsgInDMs/Page_test1 - 123 Mattermost/textarea_chat'

2021-05-28 21:00:18 - [MESSAGE][PASSED] - Text 'hello you' is set on object 'Object Repository/CreateMsgInDMs/Page_test1 - 123 Mattermost/textarea_chat'

2021-05-28 21:00:18 - [TEST_STEP][PASSED] - sendKeys(findTestObject("Object Repository/CreateMsgInDMs/Page_test1 - 123 Mattermost/textarea_chat"), Keys.chord(ENTER)): Keys 'ENTER + ' sent to object: 'Object Repository/CreateMsgInDMs/Page_test1 - 123 Mattermost/textarea_chat'

2021-05-28 21:00:19 - [MESSAGE][PASSED] - Keys 'ENTER + ' sent to object: 'Object Repository/CreateMsgInDMs/Page_test1 - 123 Mattermost/textarea_chat']]></system-out>
         <system-err><![CDATA[]]></system-err>
      </testcase>
      <testcase name="Test Cases/Main/TestcaseDeleteMsgInDMs" time="18.48" classname="Test Cases/Main/TestcaseDeleteMsgInDMs" status="PASSED">
         <system-out><![CDATA[2021-05-28 21:00:19 - [TEST_CASE][PASSED] - Test Cases/Main/TestcaseDeleteMsgInDMs: Test Cases/Main/TestcaseDeleteMsgInDMs

2021-05-28 21:00:20 - [TEST_STEP][PASSED] - callTestCase(findTestCase("PreCondition/Login"), [:], STOP_ON_FAILURE): Call Test Case 'Test Cases/PreCondition/Login' successfully

2021-05-28 21:00:20 - [TEST_CASE][PASSED] - Test Cases/PreCondition/Login: Test Cases/PreCondition/Login

2021-05-28 21:00:20 - [TEST_STEP][PASSED] - openBrowser(""): Browser is opened with url: ''

2021-05-28 21:00:20 - [MESSAGE][WARNING] - A browser is already opened. Closing browser and opening a new one

2021-05-28 21:00:21 - [MESSAGE][INFO] - Starting 'Chrome' driver

2021-05-28 21:00:21 - [MESSAGE][INFO] - Action delay is set to 0 milliseconds

2021-05-28 21:00:23 - [MESSAGE][PASSED] - Browser is opened with url: ''

2021-05-28 21:00:23 - [TEST_STEP][PASSED] - navigateToUrl("https://cdnc-group2.herokuapp.com/"): Navigate to 'https://cdnc-group2.herokuapp.com/' successfully

2021-05-28 21:00:27 - [MESSAGE][PASSED] - Navigate to 'https://cdnc-group2.herokuapp.com/' successfully

2021-05-28 21:00:27 - [TEST_STEP][PASSED] - setText(findTestObject("Object Repository/Login/Page_Mattermost/input_All team communication in one place, _dcc84b"), "ngoctin040999@gmail.com"): Text 'ngoctin040999@gmail.com' is set on object 'Object Repository/Login/Page_Mattermost/input_All team communication in one place, _dcc84b'

2021-05-28 21:00:32 - [MESSAGE][PASSED] - Text 'ngoctin040999@gmail.com' is set on object 'Object Repository/Login/Page_Mattermost/input_All team communication in one place, _dcc84b'

2021-05-28 21:00:32 - [TEST_STEP][PASSED] - setEncryptedText(findTestObject("Object Repository/Login/Page_Mattermost/input_All team communication in one place, _a3edc6"), "S8w1SJvl7D1hts9IdMV+NQ=="): Text ****** has been set on object 'Object Repository/Login/Page_Mattermost/input_All team communication in one place, _a3edc6'

2021-05-28 21:00:33 - [MESSAGE][PASSED] - Text ****** has been set on object 'Object Repository/Login/Page_Mattermost/input_All team communication in one place, _a3edc6'

2021-05-28 21:00:33 - [TEST_STEP][PASSED] - click(findTestObject("Object Repository/Login/Page_Mattermost/button_Sign in")): Object: 'Object Repository/Login/Page_Mattermost/button_Sign in' is clicked on

2021-05-28 21:00:33 - [MESSAGE][PASSED] - Object: 'Object Repository/Login/Page_Mattermost/button_Sign in' is clicked on

2021-05-28 21:00:33 - [MESSAGE][PASSED] - Call Test Case 'Test Cases/PreCondition/Login' successfully

2021-05-28 21:00:33 - [TEST_STEP][PASSED] - click(findTestObject("Object Repository/DeleteMsgInDMs/Page_Town Square - 123 Mattermost/span_test1")): Object: 'Object Repository/DeleteMsgInDMs/Page_Town Square - 123 Mattermost/span_test1' is clicked on

2021-05-28 21:00:37 - [MESSAGE][PASSED] - Object: 'Object Repository/DeleteMsgInDMs/Page_Town Square - 123 Mattermost/span_test1' is clicked on

2021-05-28 21:00:37 - [TEST_STEP][PASSED] - pMsg = findTestObject("Object Repository/DeleteMsgInDMs/Page_test1 - 123 Mattermost/p_hello"): null

2021-05-28 21:00:37 - [TEST_STEP][PASSED] - iconMore = findTestObject("Object Repository/DeleteMsgInDMs/Page_test1 - 123 Mattermost/button_ngoctin02806_CENTER_button_fk8osp8hr_51f43c"): null

2021-05-28 21:00:37 - [TEST_STEP][PASSED] - btnDelete = findTestObject("Object Repository/DeleteMsgInDMs/Page_test1 - 123 Mattermost/button_Delete"): null

2021-05-28 21:00:38 - [TEST_STEP][PASSED] - btnSubmitDeleted = findTestObject("Object Repository/DeleteMsgInDMs/Page_test1 - 123 Mattermost/button_Delete_1"): null

2021-05-28 21:00:38 - [TEST_STEP][PASSED] - if (pMsg != null && iconMore == null && btnDelete != null && btnSubmitDeleted == null): null]]></system-out>
         <system-err><![CDATA[]]></system-err>
      </testcase>
      <testcase name="Test Cases/Main/TestcaseEditMsgInDMs" time="24.798" classname="Test Cases/Main/TestcaseEditMsgInDMs" status="PASSED">
         <system-out><![CDATA[2021-05-28 21:00:38 - [TEST_CASE][PASSED] - Test Cases/Main/TestcaseEditMsgInDMs: Test Cases/Main/TestcaseEditMsgInDMs

2021-05-28 21:00:39 - [TEST_STEP][PASSED] - callTestCase(findTestCase("PreCondition/Login"), [:], STOP_ON_FAILURE): Call Test Case 'Test Cases/PreCondition/Login' successfully

2021-05-28 21:00:39 - [TEST_CASE][PASSED] - Test Cases/PreCondition/Login: Test Cases/PreCondition/Login

2021-05-28 21:00:39 - [TEST_STEP][PASSED] - openBrowser(""): Browser is opened with url: ''

2021-05-28 21:00:39 - [MESSAGE][WARNING] - A browser is already opened. Closing browser and opening a new one

2021-05-28 21:00:40 - [MESSAGE][INFO] - Starting 'Chrome' driver

2021-05-28 21:00:40 - [MESSAGE][INFO] - Action delay is set to 0 milliseconds

2021-05-28 21:00:42 - [MESSAGE][PASSED] - Browser is opened with url: ''

2021-05-28 21:00:42 - [TEST_STEP][PASSED] - navigateToUrl("https://cdnc-group2.herokuapp.com/"): Navigate to 'https://cdnc-group2.herokuapp.com/' successfully

2021-05-28 21:00:46 - [MESSAGE][PASSED] - Navigate to 'https://cdnc-group2.herokuapp.com/' successfully

2021-05-28 21:00:46 - [TEST_STEP][PASSED] - setText(findTestObject("Object Repository/Login/Page_Mattermost/input_All team communication in one place, _dcc84b"), "ngoctin040999@gmail.com"): Text 'ngoctin040999@gmail.com' is set on object 'Object Repository/Login/Page_Mattermost/input_All team communication in one place, _dcc84b'

2021-05-28 21:00:51 - [MESSAGE][PASSED] - Text 'ngoctin040999@gmail.com' is set on object 'Object Repository/Login/Page_Mattermost/input_All team communication in one place, _dcc84b'

2021-05-28 21:00:51 - [TEST_STEP][PASSED] - setEncryptedText(findTestObject("Object Repository/Login/Page_Mattermost/input_All team communication in one place, _a3edc6"), "S8w1SJvl7D1hts9IdMV+NQ=="): Text ****** has been set on object 'Object Repository/Login/Page_Mattermost/input_All team communication in one place, _a3edc6'

2021-05-28 21:00:52 - [MESSAGE][PASSED] - Text ****** has been set on object 'Object Repository/Login/Page_Mattermost/input_All team communication in one place, _a3edc6'

2021-05-28 21:00:52 - [TEST_STEP][PASSED] - click(findTestObject("Object Repository/Login/Page_Mattermost/button_Sign in")): Object: 'Object Repository/Login/Page_Mattermost/button_Sign in' is clicked on

2021-05-28 21:00:53 - [MESSAGE][PASSED] - Object: 'Object Repository/Login/Page_Mattermost/button_Sign in' is clicked on

2021-05-28 21:00:53 - [MESSAGE][PASSED] - Call Test Case 'Test Cases/PreCondition/Login' successfully

2021-05-28 21:00:53 - [TEST_STEP][PASSED] - click(findTestObject("Object Repository/EditMsgInDMs/Page_Town Square - 123 Mattermost/span_test1")): Object: 'Object Repository/EditMsgInDMs/Page_Town Square - 123 Mattermost/span_test1' is clicked on

2021-05-28 21:00:57 - [MESSAGE][PASSED] - Object: 'Object Repository/EditMsgInDMs/Page_Town Square - 123 Mattermost/span_test1' is clicked on

2021-05-28 21:00:57 - [TEST_STEP][PASSED] - divReceiver = findTestObject("Object Repository/EditMsgInDMs/Page_test1 - TOKEN_UPDATED Mattermost/a_test1"): null

2021-05-28 21:00:57 - [TEST_STEP][PASSED] - pMsg = findTestObject("Object Repository/EditMsgInDMs/Page_test1 - TOKEN_UPDATED Mattermost/div_ngoctin12345559 PMhello you"): null

2021-05-28 21:00:57 - [TEST_STEP][PASSED] - iconMore = findTestObject("Object Repository/EditMsgInDMs/Page_test1 - TOKEN_UPDATED Mattermost/span_ngoctin12345_icon icon--small"): null

2021-05-28 21:00:57 - [TEST_STEP][PASSED] - btnEdit = findTestObject("Object Repository/EditMsgInDMs/Page_test1 - TOKEN_UPDATED Mattermost/button_Edit"): null

2021-05-28 21:00:57 - [TEST_STEP][PASSED] - inputEdit = findTestObject("Object Repository/EditMsgInDMs/Page_test1 - TOKEN_UPDATED Mattermost/textarea_hello you"): null

2021-05-28 21:00:57 - [TEST_STEP][PASSED] - btnSubmitEdited = findTestObject("Object Repository/EditMsgInDMs/Page_test1 - TOKEN_UPDATED Mattermost/button_Save"): null

2021-05-28 21:00:57 - [TEST_STEP][PASSED] - if (pMsg != null && iconMore != null && btnEdit != null && btnSubmitEdited != null): Object: 'Object Repository/EditMsgInDMs/Page_test1 - TOKEN_UPDATED Mattermost/button_Save' is clicked on

2021-05-28 21:00:57 - [TEST_STEP][PASSED] - click(divReceiver): Object: 'Object Repository/EditMsgInDMs/Page_test1 - TOKEN_UPDATED Mattermost/a_test1' is clicked on

2021-05-28 21:00:59 - [MESSAGE][PASSED] - Object: 'Object Repository/EditMsgInDMs/Page_test1 - TOKEN_UPDATED Mattermost/a_test1' is clicked on

2021-05-28 21:00:59 - [TEST_STEP][PASSED] - mouseOver(pMsg): Object: 'Object Repository/EditMsgInDMs/Page_test1 - TOKEN_UPDATED Mattermost/div_ngoctin12345559 PMhello you' is hovered

2021-05-28 21:01:00 - [MESSAGE][PASSED] - Object: 'Object Repository/EditMsgInDMs/Page_test1 - TOKEN_UPDATED Mattermost/div_ngoctin12345559 PMhello you' is hovered

2021-05-28 21:01:00 - [TEST_STEP][PASSED] - click(iconMore): Object: 'Object Repository/EditMsgInDMs/Page_test1 - TOKEN_UPDATED Mattermost/span_ngoctin12345_icon icon--small' is clicked on

2021-05-28 21:01:00 - [MESSAGE][PASSED] - Object: 'Object Repository/EditMsgInDMs/Page_test1 - TOKEN_UPDATED Mattermost/span_ngoctin12345_icon icon--small' is clicked on

2021-05-28 21:01:00 - [TEST_STEP][PASSED] - click(btnEdit): Object: 'Object Repository/EditMsgInDMs/Page_test1 - TOKEN_UPDATED Mattermost/button_Edit' is clicked on

2021-05-28 21:01:01 - [MESSAGE][PASSED] - Object: 'Object Repository/EditMsgInDMs/Page_test1 - TOKEN_UPDATED Mattermost/button_Edit' is clicked on

2021-05-28 21:01:01 - [TEST_STEP][PASSED] - setText(inputEdit, "edited n times"): Text 'edited n times' is set on object 'Object Repository/EditMsgInDMs/Page_test1 - TOKEN_UPDATED Mattermost/textarea_hello you'

2021-05-28 21:01:02 - [MESSAGE][PASSED] - Text 'edited n times' is set on object 'Object Repository/EditMsgInDMs/Page_test1 - TOKEN_UPDATED Mattermost/textarea_hello you'

2021-05-28 21:01:02 - [TEST_STEP][PASSED] - click(btnSubmitEdited): Object: 'Object Repository/EditMsgInDMs/Page_test1 - TOKEN_UPDATED Mattermost/button_Save' is clicked on

2021-05-28 21:01:03 - [MESSAGE][PASSED] - Object: 'Object Repository/EditMsgInDMs/Page_test1 - TOKEN_UPDATED Mattermost/button_Save' is clicked on]]></system-out>
         <system-err><![CDATA[]]></system-err>
      </testcase>
      <testcase name="Test Cases/Main/TestcaseMarkUnreadMsgInDMs" time="19.514" classname="Test Cases/Main/TestcaseMarkUnreadMsgInDMs" status="PASSED">
         <system-out><![CDATA[2021-05-28 21:01:03 - [TEST_CASE][PASSED] - Test Cases/Main/TestcaseMarkUnreadMsgInDMs: Test Cases/Main/TestcaseMarkUnreadMsgInDMs

2021-05-28 21:01:03 - [TEST_STEP][PASSED] - callTestCase(findTestCase("PreCondition/Login"), [:], STOP_ON_FAILURE): Call Test Case 'Test Cases/PreCondition/Login' successfully

2021-05-28 21:01:03 - [TEST_CASE][PASSED] - Test Cases/PreCondition/Login: Test Cases/PreCondition/Login

2021-05-28 21:01:03 - [TEST_STEP][PASSED] - openBrowser(""): Browser is opened with url: ''

2021-05-28 21:01:03 - [MESSAGE][WARNING] - A browser is already opened. Closing browser and opening a new one

2021-05-28 21:01:04 - [MESSAGE][INFO] - Starting 'Chrome' driver

2021-05-28 21:01:04 - [MESSAGE][INFO] - Action delay is set to 0 milliseconds

2021-05-28 21:01:06 - [MESSAGE][PASSED] - Browser is opened with url: ''

2021-05-28 21:01:06 - [TEST_STEP][PASSED] - navigateToUrl("https://cdnc-group2.herokuapp.com/"): Navigate to 'https://cdnc-group2.herokuapp.com/' successfully

2021-05-28 21:01:10 - [MESSAGE][PASSED] - Navigate to 'https://cdnc-group2.herokuapp.com/' successfully

2021-05-28 21:01:10 - [TEST_STEP][PASSED] - setText(findTestObject("Object Repository/Login/Page_Mattermost/input_All team communication in one place, _dcc84b"), "ngoctin040999@gmail.com"): Text 'ngoctin040999@gmail.com' is set on object 'Object Repository/Login/Page_Mattermost/input_All team communication in one place, _dcc84b'

2021-05-28 21:01:15 - [MESSAGE][PASSED] - Text 'ngoctin040999@gmail.com' is set on object 'Object Repository/Login/Page_Mattermost/input_All team communication in one place, _dcc84b'

2021-05-28 21:01:15 - [TEST_STEP][PASSED] - setEncryptedText(findTestObject("Object Repository/Login/Page_Mattermost/input_All team communication in one place, _a3edc6"), "S8w1SJvl7D1hts9IdMV+NQ=="): Text ****** has been set on object 'Object Repository/Login/Page_Mattermost/input_All team communication in one place, _a3edc6'

2021-05-28 21:01:15 - [MESSAGE][PASSED] - Text ****** has been set on object 'Object Repository/Login/Page_Mattermost/input_All team communication in one place, _a3edc6'

2021-05-28 21:01:15 - [TEST_STEP][PASSED] - click(findTestObject("Object Repository/Login/Page_Mattermost/button_Sign in")): Object: 'Object Repository/Login/Page_Mattermost/button_Sign in' is clicked on

2021-05-28 21:01:16 - [MESSAGE][PASSED] - Object: 'Object Repository/Login/Page_Mattermost/button_Sign in' is clicked on

2021-05-28 21:01:16 - [MESSAGE][PASSED] - Call Test Case 'Test Cases/PreCondition/Login' successfully

2021-05-28 21:01:16 - [TEST_STEP][PASSED] - click(findTestObject("Object Repository/MarkUnreadMsgInDMs/Page_Town Square - 123 Mattermost/span_test1")): Object: 'Object Repository/MarkUnreadMsgInDMs/Page_Town Square - 123 Mattermost/span_test1' is clicked on

2021-05-28 21:01:19 - [MESSAGE][PASSED] - Object: 'Object Repository/MarkUnreadMsgInDMs/Page_Town Square - 123 Mattermost/span_test1' is clicked on

2021-05-28 21:01:19 - [TEST_STEP][PASSED] - pMsg = findTestObject("Object Repository/MarkUnreadMsgInDMs/Page_test1 - 123 Mattermost/div_ngoctin02806314 PM3Commented on ngoctin02806s message helloreply nek"): null

2021-05-28 21:01:19 - [TEST_STEP][PASSED] - iconMore = findTestObject("Object Repository/MarkUnreadMsgInDMs/Page_test1 - 123 Mattermost/button_ngoctin02806_CENTER_button_gwb3omtcgpngpebj9sr6f7zkuw"): null

2021-05-28 21:01:19 - [TEST_STEP][PASSED] - btnMarkUnread = findTestObject("Object Repository/MarkUnreadMsgInDMs/Page_test1 - 123 Mattermost/button_Mark as Unread"): null

2021-05-28 21:01:20 - [TEST_STEP][PASSED] - if (pMsg != null && iconMore != null && btnMarkUnread != null): Object: 'Object Repository/MarkUnreadMsgInDMs/Page_test1 - 123 Mattermost/button_Mark as Unread' is clicked on

2021-05-28 21:01:20 - [TEST_STEP][PASSED] - mouseOver(pMsg): Object: 'Object Repository/MarkUnreadMsgInDMs/Page_test1 - 123 Mattermost/div_ngoctin02806314 PM3Commented on ngoctin02806s message helloreply nek' is hovered

2021-05-28 21:01:21 - [MESSAGE][PASSED] - Object: 'Object Repository/MarkUnreadMsgInDMs/Page_test1 - 123 Mattermost/div_ngoctin02806314 PM3Commented on ngoctin02806s message helloreply nek' is hovered

2021-05-28 21:01:21 - [TEST_STEP][PASSED] - click(iconMore): Object: 'Object Repository/MarkUnreadMsgInDMs/Page_test1 - 123 Mattermost/button_ngoctin02806_CENTER_button_gwb3omtcgpngpebj9sr6f7zkuw' is clicked on

2021-05-28 21:01:21 - [MESSAGE][PASSED] - Object: 'Object Repository/MarkUnreadMsgInDMs/Page_test1 - 123 Mattermost/button_ngoctin02806_CENTER_button_gwb3omtcgpngpebj9sr6f7zkuw' is clicked on

2021-05-28 21:01:21 - [TEST_STEP][PASSED] - click(btnMarkUnread): Object: 'Object Repository/MarkUnreadMsgInDMs/Page_test1 - 123 Mattermost/button_Mark as Unread' is clicked on

2021-05-28 21:01:22 - [MESSAGE][PASSED] - Object: 'Object Repository/MarkUnreadMsgInDMs/Page_test1 - 123 Mattermost/button_Mark as Unread' is clicked on]]></system-out>
         <system-err><![CDATA[]]></system-err>
      </testcase>
      <testcase name="Test Cases/Main/TestCasePinMsgInDMs" time="53.336" classname="Test Cases/Main/TestCasePinMsgInDMs" status="PASSED">
         <system-out><![CDATA[2021-05-28 21:01:22 - [TEST_CASE][PASSED] - Test Cases/Main/TestCasePinMsgInDMs: Test Cases/Main/TestCasePinMsgInDMs

2021-05-28 21:01:23 - [TEST_STEP][PASSED] - callTestCase(findTestCase("PreCondition/Login"), [:], STOP_ON_FAILURE): Call Test Case 'Test Cases/PreCondition/Login' successfully

2021-05-28 21:01:23 - [TEST_CASE][PASSED] - Test Cases/PreCondition/Login: Test Cases/PreCondition/Login

2021-05-28 21:01:23 - [TEST_STEP][PASSED] - openBrowser(""): Browser is opened with url: ''

2021-05-28 21:01:23 - [MESSAGE][WARNING] - A browser is already opened. Closing browser and opening a new one

2021-05-28 21:01:24 - [MESSAGE][INFO] - Starting 'Chrome' driver

2021-05-28 21:01:24 - [MESSAGE][INFO] - Action delay is set to 0 milliseconds

2021-05-28 21:01:26 - [MESSAGE][PASSED] - Browser is opened with url: ''

2021-05-28 21:01:26 - [TEST_STEP][PASSED] - navigateToUrl("https://cdnc-group2.herokuapp.com/"): Navigate to 'https://cdnc-group2.herokuapp.com/' successfully

2021-05-28 21:01:30 - [MESSAGE][PASSED] - Navigate to 'https://cdnc-group2.herokuapp.com/' successfully

2021-05-28 21:01:30 - [TEST_STEP][PASSED] - setText(findTestObject("Object Repository/Login/Page_Mattermost/input_All team communication in one place, _dcc84b"), "ngoctin040999@gmail.com"): Text 'ngoctin040999@gmail.com' is set on object 'Object Repository/Login/Page_Mattermost/input_All team communication in one place, _dcc84b'

2021-05-28 21:01:35 - [MESSAGE][PASSED] - Text 'ngoctin040999@gmail.com' is set on object 'Object Repository/Login/Page_Mattermost/input_All team communication in one place, _dcc84b'

2021-05-28 21:01:35 - [TEST_STEP][PASSED] - setEncryptedText(findTestObject("Object Repository/Login/Page_Mattermost/input_All team communication in one place, _a3edc6"), "S8w1SJvl7D1hts9IdMV+NQ=="): Text ****** has been set on object 'Object Repository/Login/Page_Mattermost/input_All team communication in one place, _a3edc6'

2021-05-28 21:01:36 - [MESSAGE][PASSED] - Text ****** has been set on object 'Object Repository/Login/Page_Mattermost/input_All team communication in one place, _a3edc6'

2021-05-28 21:01:36 - [TEST_STEP][PASSED] - click(findTestObject("Object Repository/Login/Page_Mattermost/button_Sign in")): Object: 'Object Repository/Login/Page_Mattermost/button_Sign in' is clicked on

2021-05-28 21:01:37 - [MESSAGE][PASSED] - Object: 'Object Repository/Login/Page_Mattermost/button_Sign in' is clicked on

2021-05-28 21:01:37 - [MESSAGE][PASSED] - Call Test Case 'Test Cases/PreCondition/Login' successfully

2021-05-28 21:01:37 - [TEST_STEP][PASSED] - click(findTestObject("Object Repository/PinMsgInDMs/Page_Town Square - 123 Mattermost/span_test1")): Object: 'Object Repository/PinMsgInDMs/Page_Town Square - 123 Mattermost/span_test1' is clicked on

2021-05-28 21:01:40 - [MESSAGE][PASSED] - Object: 'Object Repository/PinMsgInDMs/Page_Town Square - 123 Mattermost/span_test1' is clicked on

2021-05-28 21:01:40 - [TEST_STEP][PASSED] - pMsg = findTestObject("Object Repository/PinMsgInDMs/Page_test1 - 123 Mattermost/div_ngoctin02806107 PM15ba58ab6023994f93ab3a4e701cf8b8.jpg"): null

2021-05-28 21:01:40 - [TEST_STEP][PASSED] - iconMore = findTestObject("Object Repository/PinMsgInDMs/Page_test1 - 123 Mattermost/button_ngoctin02806_CENTER_button_4xttwiq7ktb45ctc1z5yoqj5ko"): null

2021-05-28 21:01:41 - [TEST_STEP][PASSED] - btnPin = findTestObject("Object Repository/PinMsgInDMs/Page_test1 - 123 Mattermost/button_Pin to Channel"): null

2021-05-28 21:01:41 - [TEST_STEP][PASSED] - if (pMsg != null && iconMore != null && btnPin != null): Object: 'Object Repository/PinMsgInDMs/Page_test1 - 123 Mattermost/button_Pin to Channel' is clicked on

2021-05-28 21:01:41 - [TEST_STEP][PASSED] - mouseOver(pMsg): Object: 'Object Repository/PinMsgInDMs/Page_test1 - 123 Mattermost/div_ngoctin02806107 PM15ba58ab6023994f93ab3a4e701cf8b8.jpg' is hovered

2021-05-28 21:01:43 - [MESSAGE][PASSED] - Object: 'Object Repository/PinMsgInDMs/Page_test1 - 123 Mattermost/div_ngoctin02806107 PM15ba58ab6023994f93ab3a4e701cf8b8.jpg' is hovered

2021-05-28 21:01:43 - [TEST_STEP][PASSED] - click(iconMore): Object: 'Object Repository/PinMsgInDMs/Page_test1 - 123 Mattermost/button_ngoctin02806_CENTER_button_4xttwiq7ktb45ctc1z5yoqj5ko' is clicked on

2021-05-28 21:01:44 - [MESSAGE][PASSED] - Object: 'Object Repository/PinMsgInDMs/Page_test1 - 123 Mattermost/button_ngoctin02806_CENTER_button_4xttwiq7ktb45ctc1z5yoqj5ko' is clicked on

2021-05-28 21:01:44 - [TEST_STEP][PASSED] - click(btnPin): Object: 'Object Repository/PinMsgInDMs/Page_test1 - 123 Mattermost/button_Pin to Channel' is clicked on

2021-05-28 21:02:15 - [MESSAGE][INFO] - Unable to find the element located by 'By.xpath: //li[@id='pin_post_4xttwiq7ktb45ctc1z5yoqj5ko']/button'. Please recheck the objects properties to make sure the desired element is located. 

2021-05-28 21:02:15 - [MESSAGE][WARNING] - [SELF-HEALING] Failed to find element with id 'Object Repository/PinMsgInDMs/Page_test1 - 123 Mattermost/button_Pin to Channel'. Try using Self-healing.

2021-05-28 21:02:15 - [MESSAGE][WARNING] - [SELF-HEALING] The current locator of test object 'Object Repository/PinMsgInDMs/Page_test1 - 123 Mattermost/button_Pin to Channel' was broken. Propose an alternative one: '(.//*[normalize-space(text()) and normalize-space(.)='Copy Link'])[1]/following::button[1]'.

2021-05-28 21:02:15 - [MESSAGE][PASSED] - Object: 'Object Repository/PinMsgInDMs/Page_test1 - 123 Mattermost/button_Pin to Channel' is clicked on]]></system-out>
         <system-err><![CDATA[]]></system-err>
      </testcase>
      <testcase name="Test Cases/Main/TestCaseReactMsgInDMs" time="22.423" classname="Test Cases/Main/TestCaseReactMsgInDMs" status="PASSED">
         <system-out><![CDATA[2021-05-28 21:02:15 - [TEST_CASE][PASSED] - Test Cases/Main/TestCaseReactMsgInDMs: Test Cases/Main/TestCaseReactMsgInDMs

2021-05-28 21:02:16 - [TEST_STEP][PASSED] - callTestCase(findTestCase("PreCondition/Login"), [:], STOP_ON_FAILURE): Call Test Case 'Test Cases/PreCondition/Login' successfully

2021-05-28 21:02:16 - [TEST_CASE][PASSED] - Test Cases/PreCondition/Login: Test Cases/PreCondition/Login

2021-05-28 21:02:16 - [TEST_STEP][PASSED] - openBrowser(""): Browser is opened with url: ''

2021-05-28 21:02:16 - [MESSAGE][WARNING] - A browser is already opened. Closing browser and opening a new one

2021-05-28 21:02:17 - [MESSAGE][INFO] - Starting 'Chrome' driver

2021-05-28 21:02:17 - [MESSAGE][INFO] - Action delay is set to 0 milliseconds

2021-05-28 21:02:19 - [MESSAGE][PASSED] - Browser is opened with url: ''

2021-05-28 21:02:19 - [TEST_STEP][PASSED] - navigateToUrl("https://cdnc-group2.herokuapp.com/"): Navigate to 'https://cdnc-group2.herokuapp.com/' successfully

2021-05-28 21:02:23 - [MESSAGE][PASSED] - Navigate to 'https://cdnc-group2.herokuapp.com/' successfully

2021-05-28 21:02:23 - [TEST_STEP][PASSED] - setText(findTestObject("Object Repository/Login/Page_Mattermost/input_All team communication in one place, _dcc84b"), "ngoctin040999@gmail.com"): Text 'ngoctin040999@gmail.com' is set on object 'Object Repository/Login/Page_Mattermost/input_All team communication in one place, _dcc84b'

2021-05-28 21:02:27 - [MESSAGE][PASSED] - Text 'ngoctin040999@gmail.com' is set on object 'Object Repository/Login/Page_Mattermost/input_All team communication in one place, _dcc84b'

2021-05-28 21:02:27 - [TEST_STEP][PASSED] - setEncryptedText(findTestObject("Object Repository/Login/Page_Mattermost/input_All team communication in one place, _a3edc6"), "S8w1SJvl7D1hts9IdMV+NQ=="): Text ****** has been set on object 'Object Repository/Login/Page_Mattermost/input_All team communication in one place, _a3edc6'

2021-05-28 21:02:28 - [MESSAGE][PASSED] - Text ****** has been set on object 'Object Repository/Login/Page_Mattermost/input_All team communication in one place, _a3edc6'

2021-05-28 21:02:28 - [TEST_STEP][PASSED] - click(findTestObject("Object Repository/Login/Page_Mattermost/button_Sign in")): Object: 'Object Repository/Login/Page_Mattermost/button_Sign in' is clicked on

2021-05-28 21:02:29 - [MESSAGE][PASSED] - Object: 'Object Repository/Login/Page_Mattermost/button_Sign in' is clicked on

2021-05-28 21:02:29 - [MESSAGE][PASSED] - Call Test Case 'Test Cases/PreCondition/Login' successfully

2021-05-28 21:02:29 - [TEST_STEP][PASSED] - click(findTestObject("Object Repository/ReactMsgInDMs/Page_Town Square - 123 Mattermost/span_test1")): Object: 'Object Repository/ReactMsgInDMs/Page_Town Square - 123 Mattermost/span_test1' is clicked on

2021-05-28 21:02:32 - [MESSAGE][PASSED] - Object: 'Object Repository/ReactMsgInDMs/Page_Town Square - 123 Mattermost/span_test1' is clicked on

2021-05-28 21:02:32 - [TEST_STEP][PASSED] - pMsg = findTestObject("Object Repository/ReactMsgInDMs/Page_test1 - 123 Mattermost/div_ngoctin02806203 PMedited3(edited)1"): null

2021-05-28 21:02:33 - [TEST_STEP][PASSED] - btnReact = findTestObject("Object Repository/ReactMsgInDMs/Page_test1 - 123 Mattermost/button_ngoctin02806_CENTER_reaction_1fktzgahk3rq8cbwgejm8twfpr"): null

2021-05-28 21:02:33 - [TEST_STEP][PASSED] - selectedEmotion = findTestObject("Object Repository/ReactMsgInDMs/Page_test1 - 123 Mattermost/img_People_emoji-1f601"): null

2021-05-28 21:02:33 - [TEST_STEP][PASSED] - if (pMsg != null && btnReact != null && selectedEmotion != null): Object: 'Object Repository/ReactMsgInDMs/Page_test1 - 123 Mattermost/img_People_emoji-1f601' is clicked on

2021-05-28 21:02:33 - [TEST_STEP][PASSED] - mouseOver(pMsg): Object: 'Object Repository/ReactMsgInDMs/Page_test1 - 123 Mattermost/div_ngoctin02806203 PMedited3(edited)1' is hovered

2021-05-28 21:02:34 - [MESSAGE][PASSED] - Object: 'Object Repository/ReactMsgInDMs/Page_test1 - 123 Mattermost/div_ngoctin02806203 PMedited3(edited)1' is hovered

2021-05-28 21:02:34 - [TEST_STEP][PASSED] - click(btnReact): Object: 'Object Repository/ReactMsgInDMs/Page_test1 - 123 Mattermost/button_ngoctin02806_CENTER_reaction_1fktzgahk3rq8cbwgejm8twfpr' is clicked on

2021-05-28 21:02:36 - [MESSAGE][PASSED] - Object: 'Object Repository/ReactMsgInDMs/Page_test1 - 123 Mattermost/button_ngoctin02806_CENTER_reaction_1fktzgahk3rq8cbwgejm8twfpr' is clicked on

2021-05-28 21:02:36 - [TEST_STEP][PASSED] - click(selectedEmotion): Object: 'Object Repository/ReactMsgInDMs/Page_test1 - 123 Mattermost/img_People_emoji-1f601' is clicked on

2021-05-28 21:02:38 - [MESSAGE][PASSED] - Object: 'Object Repository/ReactMsgInDMs/Page_test1 - 123 Mattermost/img_People_emoji-1f601' is clicked on]]></system-out>
         <system-err><![CDATA[]]></system-err>
      </testcase>
      <testcase name="Test Cases/Main/TestCaseReplyMsgInDMs" time="22.924" classname="Test Cases/Main/TestCaseReplyMsgInDMs" status="PASSED">
         <system-out><![CDATA[2021-05-28 21:02:38 - [TEST_CASE][PASSED] - Test Cases/Main/TestCaseReplyMsgInDMs: Test Cases/Main/TestCaseReplyMsgInDMs

2021-05-28 21:02:38 - [TEST_STEP][PASSED] - callTestCase(findTestCase("PreCondition/Login"), [:], STOP_ON_FAILURE): Call Test Case 'Test Cases/PreCondition/Login' successfully

2021-05-28 21:02:39 - [TEST_CASE][PASSED] - Test Cases/PreCondition/Login: Test Cases/PreCondition/Login

2021-05-28 21:02:39 - [TEST_STEP][PASSED] - openBrowser(""): Browser is opened with url: ''

2021-05-28 21:02:39 - [MESSAGE][WARNING] - A browser is already opened. Closing browser and opening a new one

2021-05-28 21:02:39 - [MESSAGE][INFO] - Starting 'Chrome' driver

2021-05-28 21:02:39 - [MESSAGE][INFO] - Action delay is set to 0 milliseconds

2021-05-28 21:02:41 - [MESSAGE][PASSED] - Browser is opened with url: ''

2021-05-28 21:02:41 - [TEST_STEP][PASSED] - navigateToUrl("https://cdnc-group2.herokuapp.com/"): Navigate to 'https://cdnc-group2.herokuapp.com/' successfully

2021-05-28 21:02:45 - [MESSAGE][PASSED] - Navigate to 'https://cdnc-group2.herokuapp.com/' successfully

2021-05-28 21:02:45 - [TEST_STEP][PASSED] - setText(findTestObject("Object Repository/Login/Page_Mattermost/input_All team communication in one place, _dcc84b"), "ngoctin040999@gmail.com"): Text 'ngoctin040999@gmail.com' is set on object 'Object Repository/Login/Page_Mattermost/input_All team communication in one place, _dcc84b'

2021-05-28 21:02:51 - [MESSAGE][PASSED] - Text 'ngoctin040999@gmail.com' is set on object 'Object Repository/Login/Page_Mattermost/input_All team communication in one place, _dcc84b'

2021-05-28 21:02:51 - [TEST_STEP][PASSED] - setEncryptedText(findTestObject("Object Repository/Login/Page_Mattermost/input_All team communication in one place, _a3edc6"), "S8w1SJvl7D1hts9IdMV+NQ=="): Text ****** has been set on object 'Object Repository/Login/Page_Mattermost/input_All team communication in one place, _a3edc6'

2021-05-28 21:02:51 - [MESSAGE][PASSED] - Text ****** has been set on object 'Object Repository/Login/Page_Mattermost/input_All team communication in one place, _a3edc6'

2021-05-28 21:02:51 - [TEST_STEP][PASSED] - click(findTestObject("Object Repository/Login/Page_Mattermost/button_Sign in")): Object: 'Object Repository/Login/Page_Mattermost/button_Sign in' is clicked on

2021-05-28 21:02:52 - [MESSAGE][PASSED] - Object: 'Object Repository/Login/Page_Mattermost/button_Sign in' is clicked on

2021-05-28 21:02:52 - [MESSAGE][PASSED] - Call Test Case 'Test Cases/PreCondition/Login' successfully

2021-05-28 21:02:52 - [TEST_STEP][PASSED] - click(findTestObject("Object Repository/ReplyMsgInDMs/Page_Town Square - 123 Mattermost/span_test1")): Object: 'Object Repository/ReplyMsgInDMs/Page_Town Square - 123 Mattermost/span_test1' is clicked on

2021-05-28 21:02:56 - [MESSAGE][PASSED] - Object: 'Object Repository/ReplyMsgInDMs/Page_Town Square - 123 Mattermost/span_test1' is clicked on

2021-05-28 21:02:56 - [TEST_STEP][PASSED] - divReceiver = findTestObject("Object Repository/ReplyMsgInDMs/Page_test1 - TOKEN_UPDATED Mattermost/a_test1"): null

2021-05-28 21:02:56 - [TEST_STEP][PASSED] - divMsg = findTestObject("Object Repository/ReplyMsgInDMs/Page_test1 - TOKEN_UPDATED Mattermost/div_ngoctin12345533 PMhello you"): null

2021-05-28 21:02:56 - [TEST_STEP][PASSED] - btnReply = findTestObject("Object Repository/ReplyMsgInDMs/Page_test1 - TOKEN_UPDATED Mattermost/button_ngoctin12345_CENTER_commentIcon_5kpue6mexpfe8qwpf5u4gdp97e"): null

2021-05-28 21:02:56 - [TEST_STEP][PASSED] - inputReply = findTestObject("Object Repository/ReplyMsgInDMs/Page_test1 - TOKEN_UPDATED Mattermost/textarea_123"): null

2021-05-28 21:02:56 - [TEST_STEP][PASSED] - btnSubmitReply = findTestObject("Object Repository/ReplyMsgInDMs/Page_test1 - TOKEN_UPDATED Mattermost/input_Help_addCommentButton"): null

2021-05-28 21:02:56 - [TEST_STEP][PASSED] - if (divReceiver != null && divMsg != null && btnReply != null && inputReply != null && btnSubmitReply != null): Object: 'Object Repository/ReplyMsgInDMs/Page_test1 - TOKEN_UPDATED Mattermost/input_Help_addCommentButton' is clicked on

2021-05-28 21:02:56 - [TEST_STEP][PASSED] - click(divReceiver): Object: 'Object Repository/ReplyMsgInDMs/Page_test1 - TOKEN_UPDATED Mattermost/a_test1' is clicked on

2021-05-28 21:02:57 - [MESSAGE][PASSED] - Object: 'Object Repository/ReplyMsgInDMs/Page_test1 - TOKEN_UPDATED Mattermost/a_test1' is clicked on

2021-05-28 21:02:57 - [TEST_STEP][PASSED] - mouseOver(divMsg): Object: 'Object Repository/ReplyMsgInDMs/Page_test1 - TOKEN_UPDATED Mattermost/div_ngoctin12345533 PMhello you' is hovered

2021-05-28 21:02:58 - [MESSAGE][PASSED] - Object: 'Object Repository/ReplyMsgInDMs/Page_test1 - TOKEN_UPDATED Mattermost/div_ngoctin12345533 PMhello you' is hovered

2021-05-28 21:02:58 - [TEST_STEP][PASSED] - click(btnReply): Object: 'Object Repository/ReplyMsgInDMs/Page_test1 - TOKEN_UPDATED Mattermost/button_ngoctin12345_CENTER_commentIcon_5kpue6mexpfe8qwpf5u4gdp97e' is clicked on

2021-05-28 21:02:59 - [MESSAGE][PASSED] - Object: 'Object Repository/ReplyMsgInDMs/Page_test1 - TOKEN_UPDATED Mattermost/button_ngoctin12345_CENTER_commentIcon_5kpue6mexpfe8qwpf5u4gdp97e' is clicked on

2021-05-28 21:02:59 - [TEST_STEP][PASSED] - setText(inputReply, "reply 123"): Text 'reply 123' is set on object 'Object Repository/ReplyMsgInDMs/Page_test1 - TOKEN_UPDATED Mattermost/textarea_123'

2021-05-28 21:03:00 - [MESSAGE][PASSED] - Text 'reply 123' is set on object 'Object Repository/ReplyMsgInDMs/Page_test1 - TOKEN_UPDATED Mattermost/textarea_123'

2021-05-28 21:03:00 - [TEST_STEP][PASSED] - click(btnSubmitReply): Object: 'Object Repository/ReplyMsgInDMs/Page_test1 - TOKEN_UPDATED Mattermost/input_Help_addCommentButton' is clicked on

2021-05-28 21:03:01 - [MESSAGE][PASSED] - Object: 'Object Repository/ReplyMsgInDMs/Page_test1 - TOKEN_UPDATED Mattermost/input_Help_addCommentButton' is clicked on]]></system-out>
         <system-err><![CDATA[]]></system-err>
      </testcase>
      <testcase name="Test Cases/Main/TestCaseSaveMsgInDMs" time="20.244" classname="Test Cases/Main/TestCaseSaveMsgInDMs" status="PASSED">
         <system-out><![CDATA[2021-05-28 21:03:01 - [TEST_CASE][PASSED] - Test Cases/Main/TestCaseSaveMsgInDMs: Test Cases/Main/TestCaseSaveMsgInDMs

2021-05-28 21:03:01 - [TEST_STEP][PASSED] - callTestCase(findTestCase("PreCondition/Login"), [:], STOP_ON_FAILURE): Call Test Case 'Test Cases/PreCondition/Login' successfully

2021-05-28 21:03:01 - [TEST_CASE][PASSED] - Test Cases/PreCondition/Login: Test Cases/PreCondition/Login

2021-05-28 21:03:01 - [TEST_STEP][PASSED] - openBrowser(""): Browser is opened with url: ''

2021-05-28 21:03:01 - [MESSAGE][WARNING] - A browser is already opened. Closing browser and opening a new one

2021-05-28 21:03:02 - [MESSAGE][INFO] - Starting 'Chrome' driver

2021-05-28 21:03:02 - [MESSAGE][INFO] - Action delay is set to 0 milliseconds

2021-05-28 21:03:04 - [MESSAGE][PASSED] - Browser is opened with url: ''

2021-05-28 21:03:04 - [TEST_STEP][PASSED] - navigateToUrl("https://cdnc-group2.herokuapp.com/"): Navigate to 'https://cdnc-group2.herokuapp.com/' successfully

2021-05-28 21:03:09 - [MESSAGE][PASSED] - Navigate to 'https://cdnc-group2.herokuapp.com/' successfully

2021-05-28 21:03:09 - [TEST_STEP][PASSED] - setText(findTestObject("Object Repository/Login/Page_Mattermost/input_All team communication in one place, _dcc84b"), "ngoctin040999@gmail.com"): Text 'ngoctin040999@gmail.com' is set on object 'Object Repository/Login/Page_Mattermost/input_All team communication in one place, _dcc84b'

2021-05-28 21:03:13 - [MESSAGE][PASSED] - Text 'ngoctin040999@gmail.com' is set on object 'Object Repository/Login/Page_Mattermost/input_All team communication in one place, _dcc84b'

2021-05-28 21:03:13 - [TEST_STEP][PASSED] - setEncryptedText(findTestObject("Object Repository/Login/Page_Mattermost/input_All team communication in one place, _a3edc6"), "S8w1SJvl7D1hts9IdMV+NQ=="): Text ****** has been set on object 'Object Repository/Login/Page_Mattermost/input_All team communication in one place, _a3edc6'

2021-05-28 21:03:14 - [MESSAGE][PASSED] - Text ****** has been set on object 'Object Repository/Login/Page_Mattermost/input_All team communication in one place, _a3edc6'

2021-05-28 21:03:14 - [TEST_STEP][PASSED] - click(findTestObject("Object Repository/Login/Page_Mattermost/button_Sign in")): Object: 'Object Repository/Login/Page_Mattermost/button_Sign in' is clicked on

2021-05-28 21:03:14 - [MESSAGE][PASSED] - Object: 'Object Repository/Login/Page_Mattermost/button_Sign in' is clicked on

2021-05-28 21:03:14 - [MESSAGE][PASSED] - Call Test Case 'Test Cases/PreCondition/Login' successfully

2021-05-28 21:03:14 - [TEST_STEP][PASSED] - click(findTestObject("Object Repository/SaveMsgInDMs/Page_Town Square - 123 Mattermost/span_test1")): Object: 'Object Repository/SaveMsgInDMs/Page_Town Square - 123 Mattermost/span_test1' is clicked on

2021-05-28 21:03:18 - [MESSAGE][PASSED] - Object: 'Object Repository/SaveMsgInDMs/Page_Town Square - 123 Mattermost/span_test1' is clicked on

2021-05-28 21:03:18 - [TEST_STEP][PASSED] - pMsg = findTestObject("Object Repository/SaveMsgInDMs/Page_test1 - 123 Mattermost/div_ngoctin02806203 PMedited3(edited)11"): null

2021-05-28 21:03:18 - [TEST_STEP][PASSED] - btnSave = findTestObject("Object Repository/SaveMsgInDMs/Page_test1 - 123 Mattermost/button_ngoctin02806_CENTER_flagIcon_1fktzgahk3rq8cbwgejm8twfpr"): null

2021-05-28 21:03:18 - [TEST_STEP][PASSED] - if (pMsg != null && btnSave != null): Object: 'Object Repository/SaveMsgInDMs/Page_test1 - 123 Mattermost/button_ngoctin02806_CENTER_flagIcon_1fktzgahk3rq8cbwgejm8twfpr' is clicked on

2021-05-28 21:03:18 - [TEST_STEP][PASSED] - mouseOver(pMsg): Object: 'Object Repository/SaveMsgInDMs/Page_test1 - 123 Mattermost/div_ngoctin02806203 PMedited3(edited)11' is hovered

2021-05-28 21:03:20 - [MESSAGE][PASSED] - Object: 'Object Repository/SaveMsgInDMs/Page_test1 - 123 Mattermost/div_ngoctin02806203 PMedited3(edited)11' is hovered

2021-05-28 21:03:20 - [TEST_STEP][PASSED] - click(btnSave): Object: 'Object Repository/SaveMsgInDMs/Page_test1 - 123 Mattermost/button_ngoctin02806_CENTER_flagIcon_1fktzgahk3rq8cbwgejm8twfpr' is clicked on

2021-05-28 21:03:21 - [MESSAGE][PASSED] - Object: 'Object Repository/SaveMsgInDMs/Page_test1 - 123 Mattermost/button_ngoctin02806_CENTER_flagIcon_1fktzgahk3rq8cbwgejm8twfpr' is clicked on]]></system-out>
         <system-err><![CDATA[]]></system-err>
      </testcase>
      <testcase name="Test Cases/ForgetPassword" time="15.42" classname="Test Cases/ForgetPassword" status="PASSED">
         <system-out><![CDATA[2021-05-28 21:03:21 - [TEST_CASE][PASSED] - Test Cases/ForgetPassword: Test Cases/ForgetPassword

2021-05-28 21:03:22 - [TEST_STEP][PASSED] - openBrowser(""): Browser is opened with url: ''

2021-05-28 21:03:22 - [MESSAGE][WARNING] - A browser is already opened. Closing browser and opening a new one

2021-05-28 21:03:22 - [MESSAGE][INFO] - Starting 'Chrome' driver

2021-05-28 21:03:22 - [MESSAGE][INFO] - Action delay is set to 0 milliseconds

2021-05-28 21:03:24 - [MESSAGE][PASSED] - Browser is opened with url: ''

2021-05-28 21:03:24 - [TEST_STEP][PASSED] - navigateToUrl("https://cdnc-group2.herokuapp.com/"): Navigate to 'https://cdnc-group2.herokuapp.com/' successfully

2021-05-28 21:03:29 - [MESSAGE][PASSED] - Navigate to 'https://cdnc-group2.herokuapp.com/' successfully

2021-05-28 21:03:29 - [TEST_STEP][PASSED] - click(findTestObject("Object Repository/ForgetPassword_Mattermost_OR/span_I forgot my password")): Object: 'Object Repository/ForgetPassword_Mattermost_OR/span_I forgot my password' is clicked on

2021-05-28 21:03:33 - [MESSAGE][PASSED] - Object: 'Object Repository/ForgetPassword_Mattermost_OR/span_I forgot my password' is clicked on

2021-05-28 21:03:33 - [TEST_STEP][PASSED] - setText(findTestObject("Object Repository/ForgetPassword_Mattermost_OR/input_To reset your password, enter the email address you used to sign up_email"), "ngoctin040999@gmail.com"): Text 'ngoctin040999@gmail.com' is set on object 'Object Repository/ForgetPassword_Mattermost_OR/input_To reset your password, enter the email address you used to sign up_email'

2021-05-28 21:03:34 - [MESSAGE][PASSED] - Text 'ngoctin040999@gmail.com' is set on object 'Object Repository/ForgetPassword_Mattermost_OR/input_To reset your password, enter the email address you used to sign up_email'

2021-05-28 21:03:34 - [TEST_STEP][PASSED] - click(findTestObject("Object Repository/ForgetPassword_Mattermost_OR/button_Reset my password")): Object: 'Object Repository/ForgetPassword_Mattermost_OR/button_Reset my password' is clicked on

2021-05-28 21:03:35 - [MESSAGE][PASSED] - Object: 'Object Repository/ForgetPassword_Mattermost_OR/button_Reset my password' is clicked on

2021-05-28 21:03:35 - [TEST_STEP][PASSED] - verifyElementPresent(findTestObject("Object Repository/ForgetPassword_Mattermost_OR/label_Failed to send password reset email successfully"), 1000): Object 'Object Repository/ForgetPassword_Mattermost_OR/label_Failed to send password reset email successfully' is present

2021-05-28 21:03:36 - [MESSAGE][PASSED] - Object 'Object Repository/ForgetPassword_Mattermost_OR/label_Failed to send password reset email successfully' is present

2021-05-28 21:03:36 - [TEST_STEP][PASSED] - closeBrowser(): Browser is closed

2021-05-28 21:03:36 - [MESSAGE][PASSED] - Browser is closed]]></system-out>
         <system-err><![CDATA[]]></system-err>
      </testcase>
      <testcase name="Test Cases/ForgetPassword" time="14.544" classname="Test Cases/ForgetPassword" status="PASSED">
         <system-out><![CDATA[2021-05-28 21:03:36 - [TEST_CASE][PASSED] - Test Cases/ForgetPassword: Test Cases/ForgetPassword

2021-05-28 21:03:36 - [TEST_STEP][PASSED] - openBrowser(""): Browser is opened with url: ''

2021-05-28 21:03:36 - [MESSAGE][INFO] - Starting 'Chrome' driver

2021-05-28 21:03:36 - [MESSAGE][INFO] - Action delay is set to 0 milliseconds

2021-05-28 21:03:38 - [MESSAGE][PASSED] - Browser is opened with url: ''

2021-05-28 21:03:38 - [TEST_STEP][PASSED] - navigateToUrl("https://cdnc-group2.herokuapp.com/"): Navigate to 'https://cdnc-group2.herokuapp.com/' successfully

2021-05-28 21:03:43 - [MESSAGE][PASSED] - Navigate to 'https://cdnc-group2.herokuapp.com/' successfully

2021-05-28 21:03:43 - [TEST_STEP][PASSED] - click(findTestObject("Object Repository/ForgetPassword_Mattermost_OR/span_I forgot my password")): Object: 'Object Repository/ForgetPassword_Mattermost_OR/span_I forgot my password' is clicked on

2021-05-28 21:03:47 - [MESSAGE][PASSED] - Object: 'Object Repository/ForgetPassword_Mattermost_OR/span_I forgot my password' is clicked on

2021-05-28 21:03:47 - [TEST_STEP][PASSED] - setText(findTestObject("Object Repository/ForgetPassword_Mattermost_OR/input_To reset your password, enter the email address you used to sign up_email"), "ngoctin040999@gmail.com"): Text 'ngoctin040999@gmail.com' is set on object 'Object Repository/ForgetPassword_Mattermost_OR/input_To reset your password, enter the email address you used to sign up_email'

2021-05-28 21:03:48 - [MESSAGE][PASSED] - Text 'ngoctin040999@gmail.com' is set on object 'Object Repository/ForgetPassword_Mattermost_OR/input_To reset your password, enter the email address you used to sign up_email'

2021-05-28 21:03:48 - [TEST_STEP][PASSED] - click(findTestObject("Object Repository/ForgetPassword_Mattermost_OR/button_Reset my password")): Object: 'Object Repository/ForgetPassword_Mattermost_OR/button_Reset my password' is clicked on

2021-05-28 21:03:49 - [MESSAGE][PASSED] - Object: 'Object Repository/ForgetPassword_Mattermost_OR/button_Reset my password' is clicked on

2021-05-28 21:03:49 - [TEST_STEP][PASSED] - verifyElementPresent(findTestObject("Object Repository/ForgetPassword_Mattermost_OR/label_Failed to send password reset email successfully"), 1000): Object 'Object Repository/ForgetPassword_Mattermost_OR/label_Failed to send password reset email successfully' is present

2021-05-28 21:03:50 - [MESSAGE][PASSED] - Object 'Object Repository/ForgetPassword_Mattermost_OR/label_Failed to send password reset email successfully' is present

2021-05-28 21:03:50 - [TEST_STEP][PASSED] - closeBrowser(): Browser is closed

2021-05-28 21:03:51 - [MESSAGE][PASSED] - Browser is closed]]></system-out>
         <system-err><![CDATA[]]></system-err>
      </testcase>
      <testcase name="Test Cases/ForgetPassword" time="14.726" classname="Test Cases/ForgetPassword" status="PASSED">
         <system-out><![CDATA[2021-05-28 21:03:51 - [TEST_CASE][PASSED] - Test Cases/ForgetPassword: Test Cases/ForgetPassword

2021-05-28 21:03:51 - [TEST_STEP][PASSED] - openBrowser(""): Browser is opened with url: ''

2021-05-28 21:03:51 - [MESSAGE][INFO] - Starting 'Chrome' driver

2021-05-28 21:03:51 - [MESSAGE][INFO] - Action delay is set to 0 milliseconds

2021-05-28 21:03:53 - [MESSAGE][PASSED] - Browser is opened with url: ''

2021-05-28 21:03:53 - [TEST_STEP][PASSED] - navigateToUrl("https://cdnc-group2.herokuapp.com/"): Navigate to 'https://cdnc-group2.herokuapp.com/' successfully

2021-05-28 21:03:57 - [MESSAGE][PASSED] - Navigate to 'https://cdnc-group2.herokuapp.com/' successfully

2021-05-28 21:03:57 - [TEST_STEP][PASSED] - click(findTestObject("Object Repository/ForgetPassword_Mattermost_OR/span_I forgot my password")): Object: 'Object Repository/ForgetPassword_Mattermost_OR/span_I forgot my password' is clicked on

2021-05-28 21:04:02 - [MESSAGE][PASSED] - Object: 'Object Repository/ForgetPassword_Mattermost_OR/span_I forgot my password' is clicked on

2021-05-28 21:04:02 - [TEST_STEP][PASSED] - setText(findTestObject("Object Repository/ForgetPassword_Mattermost_OR/input_To reset your password, enter the email address you used to sign up_email"), "ngoctin040999@gmail.com"): Text 'ngoctin040999@gmail.com' is set on object 'Object Repository/ForgetPassword_Mattermost_OR/input_To reset your password, enter the email address you used to sign up_email'

2021-05-28 21:04:03 - [MESSAGE][PASSED] - Text 'ngoctin040999@gmail.com' is set on object 'Object Repository/ForgetPassword_Mattermost_OR/input_To reset your password, enter the email address you used to sign up_email'

2021-05-28 21:04:03 - [TEST_STEP][PASSED] - click(findTestObject("Object Repository/ForgetPassword_Mattermost_OR/button_Reset my password")): Object: 'Object Repository/ForgetPassword_Mattermost_OR/button_Reset my password' is clicked on

2021-05-28 21:04:03 - [MESSAGE][PASSED] - Object: 'Object Repository/ForgetPassword_Mattermost_OR/button_Reset my password' is clicked on

2021-05-28 21:04:03 - [TEST_STEP][PASSED] - verifyElementPresent(findTestObject("Object Repository/ForgetPassword_Mattermost_OR/label_Failed to send password reset email successfully"), 1000): Object 'Object Repository/ForgetPassword_Mattermost_OR/label_Failed to send password reset email successfully' is present

2021-05-28 21:04:05 - [MESSAGE][PASSED] - Object 'Object Repository/ForgetPassword_Mattermost_OR/label_Failed to send password reset email successfully' is present

2021-05-28 21:04:05 - [TEST_STEP][PASSED] - closeBrowser(): Browser is closed

2021-05-28 21:04:06 - [MESSAGE][PASSED] - Browser is closed]]></system-out>
         <system-err><![CDATA[]]></system-err>
      </testcase>
      <testcase name="Test Cases/ForgetPassword" time="13.573" classname="Test Cases/ForgetPassword" status="PASSED">
         <system-out><![CDATA[2021-05-28 21:04:06 - [TEST_CASE][PASSED] - Test Cases/ForgetPassword: Test Cases/ForgetPassword

2021-05-28 21:04:06 - [TEST_STEP][PASSED] - openBrowser(""): Browser is opened with url: ''

2021-05-28 21:04:06 - [MESSAGE][INFO] - Starting 'Chrome' driver

2021-05-28 21:04:06 - [MESSAGE][INFO] - Action delay is set to 0 milliseconds

2021-05-28 21:04:08 - [MESSAGE][PASSED] - Browser is opened with url: ''

2021-05-28 21:04:08 - [TEST_STEP][PASSED] - navigateToUrl("https://cdnc-group2.herokuapp.com/"): Navigate to 'https://cdnc-group2.herokuapp.com/' successfully

2021-05-28 21:04:11 - [MESSAGE][PASSED] - Navigate to 'https://cdnc-group2.herokuapp.com/' successfully

2021-05-28 21:04:11 - [TEST_STEP][PASSED] - click(findTestObject("Object Repository/ForgetPassword_Mattermost_OR/span_I forgot my password")): Object: 'Object Repository/ForgetPassword_Mattermost_OR/span_I forgot my password' is clicked on

2021-05-28 21:04:16 - [MESSAGE][PASSED] - Object: 'Object Repository/ForgetPassword_Mattermost_OR/span_I forgot my password' is clicked on

2021-05-28 21:04:16 - [TEST_STEP][PASSED] - setText(findTestObject("Object Repository/ForgetPassword_Mattermost_OR/input_To reset your password, enter the email address you used to sign up_email"), "ngoctin040999@gmail.com"): Text 'ngoctin040999@gmail.com' is set on object 'Object Repository/ForgetPassword_Mattermost_OR/input_To reset your password, enter the email address you used to sign up_email'

2021-05-28 21:04:17 - [MESSAGE][PASSED] - Text 'ngoctin040999@gmail.com' is set on object 'Object Repository/ForgetPassword_Mattermost_OR/input_To reset your password, enter the email address you used to sign up_email'

2021-05-28 21:04:17 - [TEST_STEP][PASSED] - click(findTestObject("Object Repository/ForgetPassword_Mattermost_OR/button_Reset my password")): Object: 'Object Repository/ForgetPassword_Mattermost_OR/button_Reset my password' is clicked on

2021-05-28 21:04:17 - [MESSAGE][PASSED] - Object: 'Object Repository/ForgetPassword_Mattermost_OR/button_Reset my password' is clicked on

2021-05-28 21:04:17 - [TEST_STEP][PASSED] - verifyElementPresent(findTestObject("Object Repository/ForgetPassword_Mattermost_OR/label_Failed to send password reset email successfully"), 1000): Object 'Object Repository/ForgetPassword_Mattermost_OR/label_Failed to send password reset email successfully' is present

2021-05-28 21:04:18 - [MESSAGE][PASSED] - Object 'Object Repository/ForgetPassword_Mattermost_OR/label_Failed to send password reset email successfully' is present

2021-05-28 21:04:18 - [TEST_STEP][PASSED] - closeBrowser(): Browser is closed

2021-05-28 21:04:19 - [MESSAGE][PASSED] - Browser is closed]]></system-out>
         <system-err><![CDATA[]]></system-err>
      </testcase>
      <testcase name="Test Cases/ForgetPassword" time="14.507" classname="Test Cases/ForgetPassword" status="PASSED">
         <system-out><![CDATA[2021-05-28 21:04:19 - [TEST_CASE][PASSED] - Test Cases/ForgetPassword: Test Cases/ForgetPassword

2021-05-28 21:04:19 - [TEST_STEP][PASSED] - openBrowser(""): Browser is opened with url: ''

2021-05-28 21:04:19 - [MESSAGE][INFO] - Starting 'Chrome' driver

2021-05-28 21:04:19 - [MESSAGE][INFO] - Action delay is set to 0 milliseconds

2021-05-28 21:04:21 - [MESSAGE][PASSED] - Browser is opened with url: ''

2021-05-28 21:04:21 - [TEST_STEP][PASSED] - navigateToUrl("https://cdnc-group2.herokuapp.com/"): Navigate to 'https://cdnc-group2.herokuapp.com/' successfully

2021-05-28 21:04:25 - [MESSAGE][PASSED] - Navigate to 'https://cdnc-group2.herokuapp.com/' successfully

2021-05-28 21:04:25 - [TEST_STEP][PASSED] - click(findTestObject("Object Repository/ForgetPassword_Mattermost_OR/span_I forgot my password")): Object: 'Object Repository/ForgetPassword_Mattermost_OR/span_I forgot my password' is clicked on

2021-05-28 21:04:29 - [MESSAGE][PASSED] - Object: 'Object Repository/ForgetPassword_Mattermost_OR/span_I forgot my password' is clicked on

2021-05-28 21:04:30 - [TEST_STEP][PASSED] - setText(findTestObject("Object Repository/ForgetPassword_Mattermost_OR/input_To reset your password, enter the email address you used to sign up_email"), "ngoctin040999@gmail.com"): Text 'ngoctin040999@gmail.com' is set on object 'Object Repository/ForgetPassword_Mattermost_OR/input_To reset your password, enter the email address you used to sign up_email'

2021-05-28 21:04:31 - [MESSAGE][PASSED] - Text 'ngoctin040999@gmail.com' is set on object 'Object Repository/ForgetPassword_Mattermost_OR/input_To reset your password, enter the email address you used to sign up_email'

2021-05-28 21:04:31 - [TEST_STEP][PASSED] - click(findTestObject("Object Repository/ForgetPassword_Mattermost_OR/button_Reset my password")): Object: 'Object Repository/ForgetPassword_Mattermost_OR/button_Reset my password' is clicked on

2021-05-28 21:04:31 - [MESSAGE][PASSED] - Object: 'Object Repository/ForgetPassword_Mattermost_OR/button_Reset my password' is clicked on

2021-05-28 21:04:31 - [TEST_STEP][PASSED] - verifyElementPresent(findTestObject("Object Repository/ForgetPassword_Mattermost_OR/label_Failed to send password reset email successfully"), 1000): Object 'Object Repository/ForgetPassword_Mattermost_OR/label_Failed to send password reset email successfully' is present

2021-05-28 21:04:32 - [MESSAGE][PASSED] - Object 'Object Repository/ForgetPassword_Mattermost_OR/label_Failed to send password reset email successfully' is present

2021-05-28 21:04:32 - [TEST_STEP][PASSED] - closeBrowser(): Browser is closed

2021-05-28 21:04:34 - [MESSAGE][PASSED] - Browser is closed]]></system-out>
         <system-err><![CDATA[]]></system-err>
      </testcase>
      <testcase name="Test Cases/ForgetPassword" time="13.516" classname="Test Cases/ForgetPassword" status="PASSED">
         <system-out><![CDATA[2021-05-28 21:04:34 - [TEST_CASE][PASSED] - Test Cases/ForgetPassword: Test Cases/ForgetPassword

2021-05-28 21:04:34 - [TEST_STEP][PASSED] - openBrowser(""): Browser is opened with url: ''

2021-05-28 21:04:34 - [MESSAGE][INFO] - Starting 'Chrome' driver

2021-05-28 21:04:34 - [MESSAGE][INFO] - Action delay is set to 0 milliseconds

2021-05-28 21:04:36 - [MESSAGE][PASSED] - Browser is opened with url: ''

2021-05-28 21:04:36 - [TEST_STEP][PASSED] - navigateToUrl("https://cdnc-group2.herokuapp.com/"): Navigate to 'https://cdnc-group2.herokuapp.com/' successfully

2021-05-28 21:04:40 - [MESSAGE][PASSED] - Navigate to 'https://cdnc-group2.herokuapp.com/' successfully

2021-05-28 21:04:40 - [TEST_STEP][PASSED] - click(findTestObject("Object Repository/ForgetPassword_Mattermost_OR/span_I forgot my password")): Object: 'Object Repository/ForgetPassword_Mattermost_OR/span_I forgot my password' is clicked on

2021-05-28 21:04:44 - [MESSAGE][PASSED] - Object: 'Object Repository/ForgetPassword_Mattermost_OR/span_I forgot my password' is clicked on

2021-05-28 21:04:44 - [TEST_STEP][PASSED] - setText(findTestObject("Object Repository/ForgetPassword_Mattermost_OR/input_To reset your password, enter the email address you used to sign up_email"), "ngoctin040999@gmail.com"): Text 'ngoctin040999@gmail.com' is set on object 'Object Repository/ForgetPassword_Mattermost_OR/input_To reset your password, enter the email address you used to sign up_email'

2021-05-28 21:04:45 - [MESSAGE][PASSED] - Text 'ngoctin040999@gmail.com' is set on object 'Object Repository/ForgetPassword_Mattermost_OR/input_To reset your password, enter the email address you used to sign up_email'

2021-05-28 21:04:45 - [TEST_STEP][PASSED] - click(findTestObject("Object Repository/ForgetPassword_Mattermost_OR/button_Reset my password")): Object: 'Object Repository/ForgetPassword_Mattermost_OR/button_Reset my password' is clicked on

2021-05-28 21:04:46 - [MESSAGE][PASSED] - Object: 'Object Repository/ForgetPassword_Mattermost_OR/button_Reset my password' is clicked on

2021-05-28 21:04:46 - [TEST_STEP][PASSED] - verifyElementPresent(findTestObject("Object Repository/ForgetPassword_Mattermost_OR/label_Failed to send password reset email successfully"), 1000): Object 'Object Repository/ForgetPassword_Mattermost_OR/label_Failed to send password reset email successfully' is present

2021-05-28 21:04:47 - [MESSAGE][PASSED] - Object 'Object Repository/ForgetPassword_Mattermost_OR/label_Failed to send password reset email successfully' is present

2021-05-28 21:04:47 - [TEST_STEP][PASSED] - closeBrowser(): Browser is closed

2021-05-28 21:04:47 - [MESSAGE][PASSED] - Browser is closed]]></system-out>
         <system-err><![CDATA[]]></system-err>
      </testcase>
      <testcase name="Test Cases/DeleteMessage" time="148.101" classname="Test Cases/DeleteMessage" status="FAILED">
         <failure type="FAILED" message="Test Cases/DeleteMessage FAILED.
Reason:
com.kms.katalon.core.exception.StepFailedException: Unable to verify object 'Object Repository/DeleteMessage_OR/Page_Test 77777 - TOKEN_UPDATED Mattermost/span_Confirm Post Delete' is present
	at com.kms.katalon.core.webui.keyword.internal.WebUIKeywordMain.stepFailed(WebUIKeywordMain.groovy:64)
	at com.kms.katalon.core.webui.keyword.internal.WebUIKeywordMain.runKeyword(WebUIKeywordMain.groovy:26)
	at com.kms.katalon.core.webui.keyword.builtin.VerifyElementPresentKeyword.verifyElementPresent(VerifyElementPresentKeyword.groovy:92)
	at com.kms.katalon.core.webui.keyword.builtin.VerifyElementPresentKeyword.execute(VerifyElementPresentKeyword.groovy:68)
	at com.kms.katalon.core.keyword.internal.KeywordExecutor.executeKeywordForPlatform(KeywordExecutor.groovy:73)
	at com.kms.katalon.core.webui.keyword.WebUiBuiltInKeywords.verifyElementPresent(WebUiBuiltInKeywords.groovy:1463)
	at com.kms.katalon.core.webui.keyword.WebUiBuiltInKeywords$verifyElementPresent$6.call(Unknown Source)
	at DeleteMessage.run(DeleteMessage:41)
	at com.kms.katalon.core.main.ScriptEngine.run(ScriptEngine.java:194)
	at com.kms.katalon.core.main.ScriptEngine.runScriptAsRawText(ScriptEngine.java:119)
	at com.kms.katalon.core.main.TestCaseExecutor.runScript(TestCaseExecutor.java:398)
	at com.kms.katalon.core.main.TestCaseExecutor.doExecute(TestCaseExecutor.java:389)
	at com.kms.katalon.core.main.TestCaseExecutor.processExecutionPhase(TestCaseExecutor.java:368)
	at com.kms.katalon.core.main.TestCaseExecutor.accessMainPhase(TestCaseExecutor.java:360)
	at com.kms.katalon.core.main.TestCaseExecutor.execute(TestCaseExecutor.java:255)
	at com.kms.katalon.core.main.TestSuiteExecutor.accessTestCaseMainPhase(TestSuiteExecutor.java:203)
	at com.kms.katalon.core.main.TestSuiteExecutor.accessTestSuiteMainPhase(TestSuiteExecutor.java:152)
	at com.kms.katalon.core.main.TestSuiteExecutor.execute(TestSuiteExecutor.java:95)
	at com.kms.katalon.core.main.TestCaseMain.startTestSuite(TestCaseMain.java:157)
	at com.kms.katalon.core.main.TestCaseMain$startTestSuite$0.call(Unknown Source)
	at TempTestSuite1622209211486.run(TempTestSuite1622209211486.groovy:39)
Caused by: com.kms.katalon.core.exception.StepFailedException: com.kms.katalon.core.webui.exception.WebElementNotFoundException: Web element with id: 'Object Repository/DeleteMessage_OR/Page_Test 77777 - TOKEN_UPDATED Mattermost/span_Confirm Post Delete' located by '//h1[@id='deletePostModalLabel']/span' not found
	at com.kms.katalon.core.webui.keyword.internal.WebUIKeywordMain.stepFailed(WebUIKeywordMain.groovy:64)
	at com.kms.katalon.core.webui.keyword.builtin.VerifyElementPresentKeyword$_verifyElementPresent_closure1.doCall(VerifyElementPresentKeyword.groovy:85)
	at com.kms.katalon.core.webui.keyword.builtin.VerifyElementPresentKeyword$_verifyElementPresent_closure1.call(VerifyElementPresentKeyword.groovy)
	at com.kms.katalon.core.webui.keyword.internal.WebUIKeywordMain.runKeyword(WebUIKeywordMain.groovy:20)
	... 19 more
"/>
         <system-out><![CDATA[2021-05-28 21:04:47 - [TEST_CASE][FAILED] - Test Cases/DeleteMessage: Test Cases/DeleteMessage FAILED.
Reason:
com.kms.katalon.core.exception.StepFailedException: Unable to verify object 'Object Repository/DeleteMessage_OR/Page_Test 77777 - TOKEN_UPDATED Mattermost/span_Confirm Post Delete' is present
	at com.kms.katalon.core.webui.keyword.internal.WebUIKeywordMain.stepFailed(WebUIKeywordMain.groovy:64)
	at com.kms.katalon.core.webui.keyword.internal.WebUIKeywordMain.runKeyword(WebUIKeywordMain.groovy:26)
	at com.kms.katalon.core.webui.keyword.builtin.VerifyElementPresentKeyword.verifyElementPresent(VerifyElementPresentKeyword.groovy:92)
	at com.kms.katalon.core.webui.keyword.builtin.VerifyElementPresentKeyword.execute(VerifyElementPresentKeyword.groovy:68)
	at com.kms.katalon.core.keyword.internal.KeywordExecutor.executeKeywordForPlatform(KeywordExecutor.groovy:73)
	at com.kms.katalon.core.webui.keyword.WebUiBuiltInKeywords.verifyElementPresent(WebUiBuiltInKeywords.groovy:1463)
	at com.kms.katalon.core.webui.keyword.WebUiBuiltInKeywords$verifyElementPresent$6.call(Unknown Source)
	at DeleteMessage.run(DeleteMessage:41)
	at com.kms.katalon.core.main.ScriptEngine.run(ScriptEngine.java:194)
	at com.kms.katalon.core.main.ScriptEngine.runScriptAsRawText(ScriptEngine.java:119)
	at com.kms.katalon.core.main.TestCaseExecutor.runScript(TestCaseExecutor.java:398)
	at com.kms.katalon.core.main.TestCaseExecutor.doExecute(TestCaseExecutor.java:389)
	at com.kms.katalon.core.main.TestCaseExecutor.processExecutionPhase(TestCaseExecutor.java:368)
	at com.kms.katalon.core.main.TestCaseExecutor.accessMainPhase(TestCaseExecutor.java:360)
	at com.kms.katalon.core.main.TestCaseExecutor.execute(TestCaseExecutor.java:255)
	at com.kms.katalon.core.main.TestSuiteExecutor.accessTestCaseMainPhase(TestSuiteExecutor.java:203)
	at com.kms.katalon.core.main.TestSuiteExecutor.accessTestSuiteMainPhase(TestSuiteExecutor.java:152)
	at com.kms.katalon.core.main.TestSuiteExecutor.execute(TestSuiteExecutor.java:95)
	at com.kms.katalon.core.main.TestCaseMain.startTestSuite(TestCaseMain.java:157)
	at com.kms.katalon.core.main.TestCaseMain$startTestSuite$0.call(Unknown Source)
	at TempTestSuite1622209211486.run(TempTestSuite1622209211486.groovy:39)
Caused by: com.kms.katalon.core.exception.StepFailedException: com.kms.katalon.core.webui.exception.WebElementNotFoundException: Web element with id: 'Object Repository/DeleteMessage_OR/Page_Test 77777 - TOKEN_UPDATED Mattermost/span_Confirm Post Delete' located by '//h1[@id='deletePostModalLabel']/span' not found
	at com.kms.katalon.core.webui.keyword.internal.WebUIKeywordMain.stepFailed(WebUIKeywordMain.groovy:64)
	at com.kms.katalon.core.webui.keyword.builtin.VerifyElementPresentKeyword$_verifyElementPresent_closure1.doCall(VerifyElementPresentKeyword.groovy:85)
	at com.kms.katalon.core.webui.keyword.builtin.VerifyElementPresentKeyword$_verifyElementPresent_closure1.call(VerifyElementPresentKeyword.groovy)
	at com.kms.katalon.core.webui.keyword.internal.WebUIKeywordMain.runKeyword(WebUIKeywordMain.groovy:20)
	... 19 more


2021-05-28 21:04:48 - [TEST_STEP][PASSED] - openBrowser(""): Browser is opened with url: ''

2021-05-28 21:04:48 - [MESSAGE][INFO] - Starting 'Chrome' driver

2021-05-28 21:04:48 - [MESSAGE][INFO] - Action delay is set to 0 milliseconds

2021-05-28 21:04:50 - [MESSAGE][PASSED] - Browser is opened with url: ''

2021-05-28 21:04:50 - [TEST_STEP][PASSED] - navigateToUrl("https://cdnc-group2.herokuapp.com/login"): Navigate to 'https://cdnc-group2.herokuapp.com/login' successfully

2021-05-28 21:04:54 - [MESSAGE][PASSED] - Navigate to 'https://cdnc-group2.herokuapp.com/login' successfully

2021-05-28 21:04:54 - [TEST_STEP][PASSED] - setText(findTestObject("Object Repository/DeleteMessage_OR/Page_Mattermost/input_All team communication in one place, _dcc84b"), "ngoctin040999@gmail.com"): Text 'ngoctin040999@gmail.com' is set on object 'Object Repository/DeleteMessage_OR/Page_Mattermost/input_All team communication in one place, _dcc84b'

2021-05-28 21:05:00 - [MESSAGE][PASSED] - Text 'ngoctin040999@gmail.com' is set on object 'Object Repository/DeleteMessage_OR/Page_Mattermost/input_All team communication in one place, _dcc84b'

2021-05-28 21:05:00 - [TEST_STEP][PASSED] - setEncryptedText(findTestObject("Object Repository/DeleteMessage_OR/Page_Mattermost/input_All team communication in one place, _a3edc6"), "S8w1SJvl7D1hts9IdMV+NQ=="): Text ****** has been set on object 'Object Repository/DeleteMessage_OR/Page_Mattermost/input_All team communication in one place, _a3edc6'

2021-05-28 21:05:01 - [MESSAGE][PASSED] - Text ****** has been set on object 'Object Repository/DeleteMessage_OR/Page_Mattermost/input_All team communication in one place, _a3edc6'

2021-05-28 21:05:01 - [TEST_STEP][PASSED] - sendKeys(findTestObject("Object Repository/DeleteMessage_OR/Page_Mattermost/input_All team communication in one place, _a3edc6"), Keys.chord(ENTER)): Keys 'ENTER + ' sent to object: 'Object Repository/DeleteMessage_OR/Page_Mattermost/input_All team communication in one place, _a3edc6'

2021-05-28 21:05:01 - [MESSAGE][PASSED] - Keys 'ENTER + ' sent to object: 'Object Repository/DeleteMessage_OR/Page_Mattermost/input_All team communication in one place, _a3edc6'

2021-05-28 21:05:01 - [TEST_STEP][PASSED] - click(findTestObject("Object Repository/DeleteMessage_OR/Page_Town Square - TOKEN_UPDATED Mattermost/span_Test 77777")): Object: 'Object Repository/DeleteMessage_OR/Page_Town Square - TOKEN_UPDATED Mattermost/span_Test 77777' is clicked on

2021-05-28 21:05:33 - [MESSAGE][INFO] - Unable to find the element located by 'By.xpath: //*[(text() = 'Test 77777' or . = 'Test 77777')]'. Please recheck the objects properties to make sure the desired element is located. 

2021-05-28 21:05:33 - [MESSAGE][WARNING] - [SELF-HEALING] Failed to find element with id 'Object Repository/DeleteMessage_OR/Page_Town Square - TOKEN_UPDATED Mattermost/span_Test 77777'. Try using Self-healing.

2021-05-28 21:05:33 - [MESSAGE][WARNING] - [SELF-HEALING] The current locator of test object 'Object Repository/DeleteMessage_OR/Page_Town Square - TOKEN_UPDATED Mattermost/span_Test 77777' was broken. Propose an alternative one: '(.//*[normalize-space(text()) and normalize-space(.)='Test 111223'])[1]/preceding::span[2]'.

2021-05-28 21:05:33 - [MESSAGE][PASSED] - Object: 'Object Repository/DeleteMessage_OR/Page_Town Square - TOKEN_UPDATED Mattermost/span_Test 77777' is clicked on

2021-05-28 21:05:33 - [TEST_STEP][PASSED] - mouseOver(findTestObject("Object Repository/DeleteMessage_OR/Page_Test 77777 - TOKEN_UPDATED Mattermost/div_ngoctin12345747 PM213154645")): Object: 'Object Repository/DeleteMessage_OR/Page_Test 77777 - TOKEN_UPDATED Mattermost/div_ngoctin12345747 PM213154645' is hovered

2021-05-28 21:06:06 - [MESSAGE][INFO] - Unable to find the element located by 'By.xpath: '. Please recheck the objects properties to make sure the desired element is located. 

2021-05-28 21:06:06 - [MESSAGE][WARNING] - [SELF-HEALING] Failed to find element with id 'Object Repository/DeleteMessage_OR/Page_Test 77777 - TOKEN_UPDATED Mattermost/div_ngoctin12345747 PM213154645'. Try using Self-healing.

2021-05-28 21:06:08 - [MESSAGE][WARNING] - [SELF-HEALING] The current locator of test object 'Object Repository/DeleteMessage_OR/Page_Test 77777 - TOKEN_UPDATED Mattermost/div_ngoctin12345747 PM213154645' was broken. Propose an alternative one: '(.//*[normalize-space(text()) and normalize-space(.)='ngoctin12345'])[4]/following::div[19]'.

2021-05-28 21:06:08 - [MESSAGE][PASSED] - Object: 'Object Repository/DeleteMessage_OR/Page_Test 77777 - TOKEN_UPDATED Mattermost/div_ngoctin12345747 PM213154645' is hovered

2021-05-28 21:06:08 - [TEST_STEP][PASSED] - click(findTestObject("Object Repository/DeleteMessage_OR/Page_Test 77777 - TOKEN_UPDATED Mattermost/svg")): Object: 'Object Repository/DeleteMessage_OR/Page_Test 77777 - TOKEN_UPDATED Mattermost/svg' is clicked on

2021-05-28 21:06:09 - [MESSAGE][PASSED] - Object: 'Object Repository/DeleteMessage_OR/Page_Test 77777 - TOKEN_UPDATED Mattermost/svg' is clicked on

2021-05-28 21:06:09 - [TEST_STEP][PASSED] - click(findTestObject("Object Repository/DeleteMessage_OR/Page_Test 77777 - TOKEN_UPDATED Mattermost/span_Delete")): Object: 'Object Repository/DeleteMessage_OR/Page_Test 77777 - TOKEN_UPDATED Mattermost/span_Delete' is clicked on

2021-05-28 21:06:42 - [MESSAGE][INFO] - Unable to find the element located by 'By.xpath: //li[@id='delete_post_j9adojcpe7bapynfecxcco5cky']/button/span'. Please recheck the objects properties to make sure the desired element is located. 

2021-05-28 21:06:42 - [MESSAGE][WARNING] - [SELF-HEALING] Failed to find element with id 'Object Repository/DeleteMessage_OR/Page_Test 77777 - TOKEN_UPDATED Mattermost/span_Delete'. Try using Self-healing.

2021-05-28 21:06:44 - [MESSAGE][WARNING] - [SELF-HEALING] The current locator of test object 'Object Repository/DeleteMessage_OR/Page_Test 77777 - TOKEN_UPDATED Mattermost/span_Delete' was broken. Propose an alternative one: '(.//*[normalize-space(text()) and normalize-space(.)='ngoctin12345'])[6]/preceding::span[5]'.

2021-05-28 21:06:44 - [MESSAGE][PASSED] - Object: 'Object Repository/DeleteMessage_OR/Page_Test 77777 - TOKEN_UPDATED Mattermost/span_Delete' is clicked on

2021-05-28 21:06:44 - [TEST_STEP][FAILED] - verifyElementPresent(findTestObject("Object Repository/DeleteMessage_OR/Page_Test 77777 - TOKEN_UPDATED Mattermost/span_Confirm Post Delete"), 0): Unable to verify object 'Object Repository/DeleteMessage_OR/Page_Test 77777 - TOKEN_UPDATED Mattermost/span_Confirm Post Delete' is present (Root cause: com.kms.katalon.core.exception.StepFailedException: Unable to verify object 'Object Repository/DeleteMessage_OR/Page_Test 77777 - TOKEN_UPDATED Mattermost/span_Confirm Post Delete' is present
	at com.kms.katalon.core.webui.keyword.internal.WebUIKeywordMain.stepFailed(WebUIKeywordMain.groovy:64)
	at com.kms.katalon.core.webui.keyword.internal.WebUIKeywordMain.runKeyword(WebUIKeywordMain.groovy:26)
	at com.kms.katalon.core.webui.keyword.builtin.VerifyElementPresentKeyword.verifyElementPresent(VerifyElementPresentKeyword.groovy:92)
	at com.kms.katalon.core.webui.keyword.builtin.VerifyElementPresentKeyword.execute(VerifyElementPresentKeyword.groovy:68)
	at com.kms.katalon.core.keyword.internal.KeywordExecutor.executeKeywordForPlatform(KeywordExecutor.groovy:73)
	at com.kms.katalon.core.webui.keyword.WebUiBuiltInKeywords.verifyElementPresent(WebUiBuiltInKeywords.groovy:1463)
	at com.kms.katalon.core.webui.keyword.WebUiBuiltInKeywords$verifyElementPresent$6.call(Unknown Source)
	at DeleteMessage.run(DeleteMessage:41)
	at com.kms.katalon.core.main.ScriptEngine.run(ScriptEngine.java:194)
	at com.kms.katalon.core.main.ScriptEngine.runScriptAsRawText(ScriptEngine.java:119)
	at com.kms.katalon.core.main.TestCaseExecutor.runScript(TestCaseExecutor.java:398)
	at com.kms.katalon.core.main.TestCaseExecutor.doExecute(TestCaseExecutor.java:389)
	at com.kms.katalon.core.main.TestCaseExecutor.processExecutionPhase(TestCaseExecutor.java:368)
	at com.kms.katalon.core.main.TestCaseExecutor.accessMainPhase(TestCaseExecutor.java:360)
	at com.kms.katalon.core.main.TestCaseExecutor.execute(TestCaseExecutor.java:255)
	at com.kms.katalon.core.main.TestSuiteExecutor.accessTestCaseMainPhase(TestSuiteExecutor.java:203)
	at com.kms.katalon.core.main.TestSuiteExecutor.accessTestSuiteMainPhase(TestSuiteExecutor.java:152)
	at com.kms.katalon.core.main.TestSuiteExecutor.execute(TestSuiteExecutor.java:95)
	at com.kms.katalon.core.main.TestCaseMain.startTestSuite(TestCaseMain.java:157)
	at com.kms.katalon.core.main.TestCaseMain$startTestSuite$0.call(Unknown Source)
	at TempTestSuite1622209211486.run(TempTestSuite1622209211486.groovy:39)
Caused by: com.kms.katalon.core.exception.StepFailedException: com.kms.katalon.core.webui.exception.WebElementNotFoundException: Web element with id: 'Object Repository/DeleteMessage_OR/Page_Test 77777 - TOKEN_UPDATED Mattermost/span_Confirm Post Delete' located by '//h1[@id='deletePostModalLabel']/span' not found
	at com.kms.katalon.core.webui.keyword.internal.WebUIKeywordMain.stepFailed(WebUIKeywordMain.groovy:64)
	at com.kms.katalon.core.webui.keyword.builtin.VerifyElementPresentKeyword$_verifyElementPresent_closure1.doCall(VerifyElementPresentKeyword.groovy:85)
	at com.kms.katalon.core.webui.keyword.builtin.VerifyElementPresentKeyword$_verifyElementPresent_closure1.call(VerifyElementPresentKeyword.groovy)
	at com.kms.katalon.core.webui.keyword.internal.WebUIKeywordMain.runKeyword(WebUIKeywordMain.groovy:20)
	... 19 more
)

2021-05-28 21:06:44 - [MESSAGE][WARNING] - Timeout '0' is invalid. Using default page load timeout: '30'

2021-05-28 21:07:15 - [MESSAGE][INFO] - Unable to find the element located by 'By.xpath: //h1[@id='deletePostModalLabel']/span'. Please recheck the objects properties to make sure the desired element is located. 

2021-05-28 21:07:15 - [MESSAGE][FAILED] - com.kms.katalon.core.webui.exception.WebElementNotFoundException: Web element with id: 'Object Repository/DeleteMessage_OR/Page_Test 77777 - TOKEN_UPDATED Mattermost/span_Confirm Post Delete' located by '//h1[@id='deletePostModalLabel']/span' not found (Root cause: com.kms.katalon.core.exception.StepFailedException: com.kms.katalon.core.webui.exception.WebElementNotFoundException: Web element with id: 'Object Repository/DeleteMessage_OR/Page_Test 77777 - TOKEN_UPDATED Mattermost/span_Confirm Post Delete' located by '//h1[@id='deletePostModalLabel']/span' not found
	at com.kms.katalon.core.webui.keyword.internal.WebUIKeywordMain.stepFailed(WebUIKeywordMain.groovy:64)
	at com.kms.katalon.core.webui.keyword.builtin.VerifyElementPresentKeyword$_verifyElementPresent_closure1.doCall(VerifyElementPresentKeyword.groovy:85)
	at com.kms.katalon.core.webui.keyword.builtin.VerifyElementPresentKeyword$_verifyElementPresent_closure1.call(VerifyElementPresentKeyword.groovy)
	at com.kms.katalon.core.webui.keyword.internal.WebUIKeywordMain.runKeyword(WebUIKeywordMain.groovy:20)
	at com.kms.katalon.core.webui.keyword.builtin.VerifyElementPresentKeyword.verifyElementPresent(VerifyElementPresentKeyword.groovy:92)
	at com.kms.katalon.core.webui.keyword.builtin.VerifyElementPresentKeyword.execute(VerifyElementPresentKeyword.groovy:68)
	at com.kms.katalon.core.keyword.internal.KeywordExecutor.executeKeywordForPlatform(KeywordExecutor.groovy:73)
	at com.kms.katalon.core.webui.keyword.WebUiBuiltInKeywords.verifyElementPresent(WebUiBuiltInKeywords.groovy:1463)
	at com.kms.katalon.core.webui.keyword.WebUiBuiltInKeywords$verifyElementPresent$6.call(Unknown Source)
	at DeleteMessage.run(DeleteMessage:41)
	at com.kms.katalon.core.main.ScriptEngine.run(ScriptEngine.java:194)
	at com.kms.katalon.core.main.ScriptEngine.runScriptAsRawText(ScriptEngine.java:119)
	at com.kms.katalon.core.main.TestCaseExecutor.runScript(TestCaseExecutor.java:398)
	at com.kms.katalon.core.main.TestCaseExecutor.doExecute(TestCaseExecutor.java:389)
	at com.kms.katalon.core.main.TestCaseExecutor.processExecutionPhase(TestCaseExecutor.java:368)
	at com.kms.katalon.core.main.TestCaseExecutor.accessMainPhase(TestCaseExecutor.java:360)
	at com.kms.katalon.core.main.TestCaseExecutor.execute(TestCaseExecutor.java:255)
	at com.kms.katalon.core.main.TestSuiteExecutor.accessTestCaseMainPhase(TestSuiteExecutor.java:203)
	at com.kms.katalon.core.main.TestSuiteExecutor.accessTestSuiteMainPhase(TestSuiteExecutor.java:152)
	at com.kms.katalon.core.main.TestSuiteExecutor.execute(TestSuiteExecutor.java:95)
	at com.kms.katalon.core.main.TestCaseMain.startTestSuite(TestCaseMain.java:157)
	at com.kms.katalon.core.main.TestCaseMain$startTestSuite$0.call(Unknown Source)
	at TempTestSuite1622209211486.run(TempTestSuite1622209211486.groovy:39)
)
[[ATTACHMENT|G:\\HCMUS\\Nam4\\HK2\\Deadline\\2\\katalon\\Reports\\20210528_204011\\Run all test cases\\20210528_204011\\1622210835670.png]]

2021-05-28 21:07:16 - [MESSAGE][FAILED] - Unable to verify object 'Object Repository/DeleteMessage_OR/Page_Test 77777 - TOKEN_UPDATED Mattermost/span_Confirm Post Delete' is present (Root cause: com.kms.katalon.core.exception.StepFailedException: Unable to verify object 'Object Repository/DeleteMessage_OR/Page_Test 77777 - TOKEN_UPDATED Mattermost/span_Confirm Post Delete' is present
	at com.kms.katalon.core.webui.keyword.internal.WebUIKeywordMain.stepFailed(WebUIKeywordMain.groovy:64)
	at com.kms.katalon.core.webui.keyword.internal.WebUIKeywordMain.runKeyword(WebUIKeywordMain.groovy:26)
	at com.kms.katalon.core.webui.keyword.builtin.VerifyElementPresentKeyword.verifyElementPresent(VerifyElementPresentKeyword.groovy:92)
	at com.kms.katalon.core.webui.keyword.builtin.VerifyElementPresentKeyword.execute(VerifyElementPresentKeyword.groovy:68)
	at com.kms.katalon.core.keyword.internal.KeywordExecutor.executeKeywordForPlatform(KeywordExecutor.groovy:73)
	at com.kms.katalon.core.webui.keyword.WebUiBuiltInKeywords.verifyElementPresent(WebUiBuiltInKeywords.groovy:1463)
	at com.kms.katalon.core.webui.keyword.WebUiBuiltInKeywords$verifyElementPresent$6.call(Unknown Source)
	at DeleteMessage.run(DeleteMessage:41)
	at com.kms.katalon.core.main.ScriptEngine.run(ScriptEngine.java:194)
	at com.kms.katalon.core.main.ScriptEngine.runScriptAsRawText(ScriptEngine.java:119)
	at com.kms.katalon.core.main.TestCaseExecutor.runScript(TestCaseExecutor.java:398)
	at com.kms.katalon.core.main.TestCaseExecutor.doExecute(TestCaseExecutor.java:389)
	at com.kms.katalon.core.main.TestCaseExecutor.processExecutionPhase(TestCaseExecutor.java:368)
	at com.kms.katalon.core.main.TestCaseExecutor.accessMainPhase(TestCaseExecutor.java:360)
	at com.kms.katalon.core.main.TestCaseExecutor.execute(TestCaseExecutor.java:255)
	at com.kms.katalon.core.main.TestSuiteExecutor.accessTestCaseMainPhase(TestSuiteExecutor.java:203)
	at com.kms.katalon.core.main.TestSuiteExecutor.accessTestSuiteMainPhase(TestSuiteExecutor.java:152)
	at com.kms.katalon.core.main.TestSuiteExecutor.execute(TestSuiteExecutor.java:95)
	at com.kms.katalon.core.main.TestCaseMain.startTestSuite(TestCaseMain.java:157)
	at com.kms.katalon.core.main.TestCaseMain$startTestSuite$0.call(Unknown Source)
	at TempTestSuite1622209211486.run(TempTestSuite1622209211486.groovy:39)
Caused by: com.kms.katalon.core.exception.StepFailedException: com.kms.katalon.core.webui.exception.WebElementNotFoundException: Web element with id: 'Object Repository/DeleteMessage_OR/Page_Test 77777 - TOKEN_UPDATED Mattermost/span_Confirm Post Delete' located by '//h1[@id='deletePostModalLabel']/span' not found
	at com.kms.katalon.core.webui.keyword.internal.WebUIKeywordMain.stepFailed(WebUIKeywordMain.groovy:64)
	at com.kms.katalon.core.webui.keyword.builtin.VerifyElementPresentKeyword$_verifyElementPresent_closure1.doCall(VerifyElementPresentKeyword.groovy:85)
	at com.kms.katalon.core.webui.keyword.builtin.VerifyElementPresentKeyword$_verifyElementPresent_closure1.call(VerifyElementPresentKeyword.groovy)
	at com.kms.katalon.core.webui.keyword.internal.WebUIKeywordMain.runKeyword(WebUIKeywordMain.groovy:20)
	... 19 more
)
[[ATTACHMENT|G:\\HCMUS\\Nam4\\HK2\\Deadline\\2\\katalon\\Reports\\20210528_204011\\Run all test cases\\20210528_204011\\1622210835893.png]]]]></system-out>
         <system-err><![CDATA[2021-05-28 21:04:47 - [TEST_CASE][FAILED] - Test Cases/DeleteMessage: Test Cases/DeleteMessage FAILED.
Reason:
com.kms.katalon.core.exception.StepFailedException: Unable to verify object 'Object Repository/DeleteMessage_OR/Page_Test 77777 - TOKEN_UPDATED Mattermost/span_Confirm Post Delete' is present
	at com.kms.katalon.core.webui.keyword.internal.WebUIKeywordMain.stepFailed(WebUIKeywordMain.groovy:64)
	at com.kms.katalon.core.webui.keyword.internal.WebUIKeywordMain.runKeyword(WebUIKeywordMain.groovy:26)
	at com.kms.katalon.core.webui.keyword.builtin.VerifyElementPresentKeyword.verifyElementPresent(VerifyElementPresentKeyword.groovy:92)
	at com.kms.katalon.core.webui.keyword.builtin.VerifyElementPresentKeyword.execute(VerifyElementPresentKeyword.groovy:68)
	at com.kms.katalon.core.keyword.internal.KeywordExecutor.executeKeywordForPlatform(KeywordExecutor.groovy:73)
	at com.kms.katalon.core.webui.keyword.WebUiBuiltInKeywords.verifyElementPresent(WebUiBuiltInKeywords.groovy:1463)
	at com.kms.katalon.core.webui.keyword.WebUiBuiltInKeywords$verifyElementPresent$6.call(Unknown Source)
	at DeleteMessage.run(DeleteMessage:41)
	at com.kms.katalon.core.main.ScriptEngine.run(ScriptEngine.java:194)
	at com.kms.katalon.core.main.ScriptEngine.runScriptAsRawText(ScriptEngine.java:119)
	at com.kms.katalon.core.main.TestCaseExecutor.runScript(TestCaseExecutor.java:398)
	at com.kms.katalon.core.main.TestCaseExecutor.doExecute(TestCaseExecutor.java:389)
	at com.kms.katalon.core.main.TestCaseExecutor.processExecutionPhase(TestCaseExecutor.java:368)
	at com.kms.katalon.core.main.TestCaseExecutor.accessMainPhase(TestCaseExecutor.java:360)
	at com.kms.katalon.core.main.TestCaseExecutor.execute(TestCaseExecutor.java:255)
	at com.kms.katalon.core.main.TestSuiteExecutor.accessTestCaseMainPhase(TestSuiteExecutor.java:203)
	at com.kms.katalon.core.main.TestSuiteExecutor.accessTestSuiteMainPhase(TestSuiteExecutor.java:152)
	at com.kms.katalon.core.main.TestSuiteExecutor.execute(TestSuiteExecutor.java:95)
	at com.kms.katalon.core.main.TestCaseMain.startTestSuite(TestCaseMain.java:157)
	at com.kms.katalon.core.main.TestCaseMain$startTestSuite$0.call(Unknown Source)
	at TempTestSuite1622209211486.run(TempTestSuite1622209211486.groovy:39)
Caused by: com.kms.katalon.core.exception.StepFailedException: com.kms.katalon.core.webui.exception.WebElementNotFoundException: Web element with id: 'Object Repository/DeleteMessage_OR/Page_Test 77777 - TOKEN_UPDATED Mattermost/span_Confirm Post Delete' located by '//h1[@id='deletePostModalLabel']/span' not found
	at com.kms.katalon.core.webui.keyword.internal.WebUIKeywordMain.stepFailed(WebUIKeywordMain.groovy:64)
	at com.kms.katalon.core.webui.keyword.builtin.VerifyElementPresentKeyword$_verifyElementPresent_closure1.doCall(VerifyElementPresentKeyword.groovy:85)
	at com.kms.katalon.core.webui.keyword.builtin.VerifyElementPresentKeyword$_verifyElementPresent_closure1.call(VerifyElementPresentKeyword.groovy)
	at com.kms.katalon.core.webui.keyword.internal.WebUIKeywordMain.runKeyword(WebUIKeywordMain.groovy:20)
	... 19 more]]></system-err>
      </testcase>
      <testcase name="Test Cases/EditMessage" time="122.091" classname="Test Cases/EditMessage" status="PASSED">
         <system-out><![CDATA[2021-05-28 21:07:16 - [TEST_CASE][PASSED] - Test Cases/EditMessage: Test Cases/EditMessage

2021-05-28 21:07:16 - [TEST_STEP][PASSED] - openBrowser(""): Browser is opened with url: ''

2021-05-28 21:07:16 - [MESSAGE][WARNING] - A browser is already opened. Closing browser and opening a new one

2021-05-28 21:07:17 - [MESSAGE][INFO] - Starting 'Chrome' driver

2021-05-28 21:07:17 - [MESSAGE][INFO] - Action delay is set to 0 milliseconds

2021-05-28 21:07:19 - [MESSAGE][PASSED] - Browser is opened with url: ''

2021-05-28 21:07:19 - [TEST_STEP][PASSED] - navigateToUrl("https://cdnc-group2.herokuapp.com/login"): Navigate to 'https://cdnc-group2.herokuapp.com/login' successfully

2021-05-28 21:07:23 - [MESSAGE][PASSED] - Navigate to 'https://cdnc-group2.herokuapp.com/login' successfully

2021-05-28 21:07:23 - [TEST_STEP][PASSED] - setText(findTestObject("Object Repository/DeleteMessage_OR/Page_Mattermost/input_All team communication in one place, _dcc84b"), "ngoctin040999@gmail.com"): Text 'ngoctin040999@gmail.com' is set on object 'Object Repository/DeleteMessage_OR/Page_Mattermost/input_All team communication in one place, _dcc84b'

2021-05-28 21:07:29 - [MESSAGE][PASSED] - Text 'ngoctin040999@gmail.com' is set on object 'Object Repository/DeleteMessage_OR/Page_Mattermost/input_All team communication in one place, _dcc84b'

2021-05-28 21:07:29 - [TEST_STEP][PASSED] - setEncryptedText(findTestObject("Object Repository/DeleteMessage_OR/Page_Mattermost/input_All team communication in one place, _a3edc6"), "S8w1SJvl7D1hts9IdMV+NQ=="): Text ****** has been set on object 'Object Repository/DeleteMessage_OR/Page_Mattermost/input_All team communication in one place, _a3edc6'

2021-05-28 21:07:29 - [MESSAGE][PASSED] - Text ****** has been set on object 'Object Repository/DeleteMessage_OR/Page_Mattermost/input_All team communication in one place, _a3edc6'

2021-05-28 21:07:29 - [TEST_STEP][PASSED] - sendKeys(findTestObject("Object Repository/DeleteMessage_OR/Page_Mattermost/input_All team communication in one place, _a3edc6"), Keys.chord(ENTER)): Keys 'ENTER + ' sent to object: 'Object Repository/DeleteMessage_OR/Page_Mattermost/input_All team communication in one place, _a3edc6'

2021-05-28 21:07:30 - [MESSAGE][PASSED] - Keys 'ENTER + ' sent to object: 'Object Repository/DeleteMessage_OR/Page_Mattermost/input_All team communication in one place, _a3edc6'

2021-05-28 21:07:30 - [TEST_STEP][PASSED] - click(findTestObject("Object Repository/DeleteMessage_OR/Page_Town Square - TOKEN_UPDATED Mattermost/span_Test 77777")): Object: 'Object Repository/DeleteMessage_OR/Page_Town Square - TOKEN_UPDATED Mattermost/span_Test 77777' is clicked on

2021-05-28 21:08:01 - [MESSAGE][INFO] - Unable to find the element located by 'By.xpath: //*[(text() = 'Test 77777' or . = 'Test 77777')]'. Please recheck the objects properties to make sure the desired element is located. 

2021-05-28 21:08:01 - [MESSAGE][WARNING] - [SELF-HEALING] Failed to find element with id 'Object Repository/DeleteMessage_OR/Page_Town Square - TOKEN_UPDATED Mattermost/span_Test 77777'. Try using Self-healing.

2021-05-28 21:08:01 - [MESSAGE][WARNING] - [SELF-HEALING] The current locator of test object 'Object Repository/DeleteMessage_OR/Page_Town Square - TOKEN_UPDATED Mattermost/span_Test 77777' was broken. Propose an alternative one: '(.//*[normalize-space(text()) and normalize-space(.)='Test 111223'])[1]/preceding::span[2]'.

2021-05-28 21:08:01 - [MESSAGE][PASSED] - Object: 'Object Repository/DeleteMessage_OR/Page_Town Square - TOKEN_UPDATED Mattermost/span_Test 77777' is clicked on

2021-05-28 21:08:01 - [TEST_STEP][PASSED] - mouseOver(findTestObject("Object Repository/DeleteMessage_OR/Page_Test 77777 - TOKEN_UPDATED Mattermost/div_ngoctin12345747 PM213154645")): Object: 'Object Repository/DeleteMessage_OR/Page_Test 77777 - TOKEN_UPDATED Mattermost/div_ngoctin12345747 PM213154645' is hovered

2021-05-28 21:08:33 - [MESSAGE][INFO] - Unable to find the element located by 'By.xpath: '. Please recheck the objects properties to make sure the desired element is located. 

2021-05-28 21:08:33 - [MESSAGE][WARNING] - [SELF-HEALING] Failed to find element with id 'Object Repository/DeleteMessage_OR/Page_Test 77777 - TOKEN_UPDATED Mattermost/div_ngoctin12345747 PM213154645'. Try using Self-healing.

2021-05-28 21:08:33 - [MESSAGE][WARNING] - [SELF-HEALING] The current locator of test object 'Object Repository/DeleteMessage_OR/Page_Test 77777 - TOKEN_UPDATED Mattermost/div_ngoctin12345747 PM213154645' was broken. Propose an alternative one: '(.//*[normalize-space(text()) and normalize-space(.)='ngoctin12345'])[4]/following::div[19]'.

2021-05-28 21:08:33 - [MESSAGE][PASSED] - Object: 'Object Repository/DeleteMessage_OR/Page_Test 77777 - TOKEN_UPDATED Mattermost/div_ngoctin12345747 PM213154645' is hovered

2021-05-28 21:08:33 - [TEST_STEP][PASSED] - click(findTestObject("Object Repository/DeleteMessage_OR/Page_Test 77777 - TOKEN_UPDATED Mattermost/svg")): Object: 'Object Repository/DeleteMessage_OR/Page_Test 77777 - TOKEN_UPDATED Mattermost/svg' is clicked on

2021-05-28 21:08:34 - [MESSAGE][PASSED] - Object: 'Object Repository/DeleteMessage_OR/Page_Test 77777 - TOKEN_UPDATED Mattermost/svg' is clicked on

2021-05-28 21:08:34 - [TEST_STEP][PASSED] - click(findTestObject("Object Repository/DeleteMessage_OR/Page_Test 77777 - TOKEN_UPDATED Mattermost/button_Edit")): Object: 'Object Repository/DeleteMessage_OR/Page_Test 77777 - TOKEN_UPDATED Mattermost/button_Edit' is clicked on

2021-05-28 21:09:07 - [MESSAGE][INFO] - Unable to find the element located by 'By.xpath: //li[@id='edit_post_947745rotinbff747yofifz5yo']/button'. Please recheck the objects properties to make sure the desired element is located. 

2021-05-28 21:09:07 - [MESSAGE][WARNING] - [SELF-HEALING] Failed to find element with id 'Object Repository/DeleteMessage_OR/Page_Test 77777 - TOKEN_UPDATED Mattermost/button_Edit'. Try using Self-healing.

2021-05-28 21:09:09 - [MESSAGE][WARNING] - [SELF-HEALING] The current locator of test object 'Object Repository/DeleteMessage_OR/Page_Test 77777 - TOKEN_UPDATED Mattermost/button_Edit' was broken. Propose an alternative one: '(.//*[normalize-space(text()) and normalize-space(.)='Pin to Channel'])[1]/following::button[1]'.

2021-05-28 21:09:09 - [MESSAGE][PASSED] - Object: 'Object Repository/DeleteMessage_OR/Page_Test 77777 - TOKEN_UPDATED Mattermost/button_Edit' is clicked on

2021-05-28 21:09:09 - [TEST_STEP][PASSED] - verifyElementPresent(findTestObject("Object Repository/DeleteMessage_OR/Page_Test 77777 - TOKEN_UPDATED Mattermost/span_Edit Post"), 0): Object 'Object Repository/DeleteMessage_OR/Page_Test 77777 - TOKEN_UPDATED Mattermost/span_Edit Post' is present

2021-05-28 21:09:09 - [MESSAGE][WARNING] - Timeout '0' is invalid. Using default page load timeout: '30'

2021-05-28 21:09:11 - [MESSAGE][PASSED] - Object 'Object Repository/DeleteMessage_OR/Page_Test 77777 - TOKEN_UPDATED Mattermost/span_Edit Post' is present

2021-05-28 21:09:11 - [TEST_STEP][PASSED] - setText(findTestObject("Object Repository/DeleteMessage_OR/Page_Test 77777 - TOKEN_UPDATED Mattermost/textarea_213154645"), "message"): Text 'message' is set on object 'Object Repository/DeleteMessage_OR/Page_Test 77777 - TOKEN_UPDATED Mattermost/textarea_213154645'

2021-05-28 21:09:15 - [MESSAGE][PASSED] - Text 'message' is set on object 'Object Repository/DeleteMessage_OR/Page_Test 77777 - TOKEN_UPDATED Mattermost/textarea_213154645'

2021-05-28 21:09:15 - [TEST_STEP][PASSED] - click(findTestObject("Object Repository/DeleteMessage_OR/Page_Test 77777 - TOKEN_UPDATED Mattermost/button_Save")): Object: 'Object Repository/DeleteMessage_OR/Page_Test 77777 - TOKEN_UPDATED Mattermost/button_Save' is clicked on

2021-05-28 21:09:17 - [MESSAGE][PASSED] - Object: 'Object Repository/DeleteMessage_OR/Page_Test 77777 - TOKEN_UPDATED Mattermost/button_Save' is clicked on

2021-05-28 21:09:17 - [TEST_STEP][PASSED] - closeBrowser(): Browser is closed

2021-05-28 21:09:18 - [MESSAGE][PASSED] - Browser is closed]]></system-out>
         <system-err><![CDATA[]]></system-err>
      </testcase>
      <testcase name="Test Cases/Logout" time="26.343" classname="Test Cases/Logout" status="PASSED">
         <system-out><![CDATA[2021-05-28 21:09:18 - [TEST_CASE][PASSED] - Test Cases/Logout: Test Cases/Logout

2021-05-28 21:09:18 - [TEST_STEP][PASSED] - openBrowser("https://cdnc-group2.herokuapp.com/"): Browser is opened with url: 'https://cdnc-group2.herokuapp.com/'

2021-05-28 21:09:18 - [MESSAGE][INFO] - Starting 'Chrome' driver

2021-05-28 21:09:18 - [MESSAGE][INFO] - Action delay is set to 0 milliseconds

2021-05-28 21:09:24 - [MESSAGE][PASSED] - Browser is opened with url: 'https://cdnc-group2.herokuapp.com/'

2021-05-28 21:09:24 - [TEST_STEP][PASSED] - setText(findTestObject("Login/input_Email"), "ngoctin040999@gmail.com"): Text 'ngoctin040999@gmail.com' is set on object 'Object Repository/Login/input_Email'

2021-05-28 21:09:32 - [MESSAGE][PASSED] - Text 'ngoctin040999@gmail.com' is set on object 'Object Repository/Login/input_Email'

2021-05-28 21:09:32 - [TEST_STEP][PASSED] - setText(findTestObject("Login/input_Password"), "ngoctin1"): Text 'ngoctin1' is set on object 'Object Repository/Login/input_Password'

2021-05-28 21:09:35 - [MESSAGE][PASSED] - Text 'ngoctin1' is set on object 'Object Repository/Login/input_Password'

2021-05-28 21:09:35 - [TEST_STEP][PASSED] - click(findTestObject("Login/button_Sign in")): Object: 'Object Repository/Login/button_Sign in' is clicked on

2021-05-28 21:09:36 - [MESSAGE][PASSED] - Object: 'Object Repository/Login/button_Sign in' is clicked on

2021-05-28 21:09:36 - [TEST_STEP][PASSED] - delay(2): Delayed 2 second(s)

2021-05-28 21:09:38 - [MESSAGE][PASSED] - Delayed 2 second(s)

2021-05-28 21:09:38 - [TEST_STEP][PASSED] - click(findTestObject("UpdatePassword/button_Option")): Object: 'Object Repository/UpdatePassword/button_Option' is clicked on

2021-05-28 21:09:39 - [MESSAGE][PASSED] - Object: 'Object Repository/UpdatePassword/button_Option' is clicked on

2021-05-28 21:09:39 - [TEST_STEP][PASSED] - click(findTestObject("Logout/button_Log Out")): Object: 'Object Repository/Logout/button_Log Out' is clicked on

2021-05-28 21:09:39 - [MESSAGE][PASSED] - Object: 'Object Repository/Logout/button_Log Out' is clicked on

2021-05-28 21:09:39 - [TEST_STEP][PASSED] - verifyElementVisible(findTestObject("Register/h1_Mattermost")): Object 'Object Repository/Register/h1_Mattermost' is visible

2021-05-28 21:09:42 - [MESSAGE][PASSED] - Object 'Object Repository/Register/h1_Mattermost' is visible

2021-05-28 21:09:42 - [TEST_STEP][PASSED] - delay(1): Delayed 1 second(s)

2021-05-28 21:09:43 - [MESSAGE][PASSED] - Delayed 1 second(s)

2021-05-28 21:09:43 - [TEST_STEP][PASSED] - closeBrowser(): Browser is closed

2021-05-28 21:09:44 - [MESSAGE][PASSED] - Browser is closed]]></system-out>
         <system-err><![CDATA[]]></system-err>
      </testcase>
      <testcase name="Test Cases/Main/TestcaseLeaveChannel" time="17.321" classname="Test Cases/Main/TestcaseLeaveChannel" status="ERROR">
         <error type="ERROR" message="Test Cases/Main/TestcaseLeaveChannel FAILED.
Reason:
org.codehaus.groovy.runtime.metaclass.MethodSelectionException: Could not find which method click() to invoke from this list:
  public static void com.kms.katalon.core.webui.keyword.WebUiBuiltInKeywords#click(com.kms.katalon.core.testobject.TestObject)
  public static void com.kms.katalon.core.webui.keyword.WebUiBuiltInKeywords#click(com.kms.katalon.core.testobject.TestObject, com.kms.katalon.core.model.FailureHandling)
	at TestcaseLeaveChannel.run(TestcaseLeaveChannel:25)
	at com.kms.katalon.core.main.ScriptEngine.run(ScriptEngine.java:194)
	at com.kms.katalon.core.main.ScriptEngine.runScriptAsRawText(ScriptEngine.java:119)
	at com.kms.katalon.core.main.TestCaseExecutor.runScript(TestCaseExecutor.java:398)
	at com.kms.katalon.core.main.TestCaseExecutor.doExecute(TestCaseExecutor.java:389)
	at com.kms.katalon.core.main.TestCaseExecutor.processExecutionPhase(TestCaseExecutor.java:368)
	at com.kms.katalon.core.main.TestCaseExecutor.accessMainPhase(TestCaseExecutor.java:360)
	at com.kms.katalon.core.main.TestCaseExecutor.execute(TestCaseExecutor.java:255)
	at com.kms.katalon.core.main.TestSuiteExecutor.accessTestCaseMainPhase(TestSuiteExecutor.java:203)
	at com.kms.katalon.core.main.TestSuiteExecutor.accessTestSuiteMainPhase(TestSuiteExecutor.java:152)
	at com.kms.katalon.core.main.TestSuiteExecutor.execute(TestSuiteExecutor.java:95)
	at com.kms.katalon.core.main.TestCaseMain.startTestSuite(TestCaseMain.java:157)
	at com.kms.katalon.core.main.TestCaseMain$startTestSuite$0.call(Unknown Source)
	at TempTestSuite1622209211486.run(TempTestSuite1622209211486.groovy:39)
"/>
         <system-out><![CDATA[2021-05-28 21:09:44 - [TEST_CASE][ERROR] - Test Cases/Main/TestcaseLeaveChannel: Test Cases/Main/TestcaseLeaveChannel FAILED.
Reason:
org.codehaus.groovy.runtime.metaclass.MethodSelectionException: Could not find which method click() to invoke from this list:
  public static void com.kms.katalon.core.webui.keyword.WebUiBuiltInKeywords#click(com.kms.katalon.core.testobject.TestObject)
  public static void com.kms.katalon.core.webui.keyword.WebUiBuiltInKeywords#click(com.kms.katalon.core.testobject.TestObject, com.kms.katalon.core.model.FailureHandling)
	at TestcaseLeaveChannel.run(TestcaseLeaveChannel:25)
	at com.kms.katalon.core.main.ScriptEngine.run(ScriptEngine.java:194)
	at com.kms.katalon.core.main.ScriptEngine.runScriptAsRawText(ScriptEngine.java:119)
	at com.kms.katalon.core.main.TestCaseExecutor.runScript(TestCaseExecutor.java:398)
	at com.kms.katalon.core.main.TestCaseExecutor.doExecute(TestCaseExecutor.java:389)
	at com.kms.katalon.core.main.TestCaseExecutor.processExecutionPhase(TestCaseExecutor.java:368)
	at com.kms.katalon.core.main.TestCaseExecutor.accessMainPhase(TestCaseExecutor.java:360)
	at com.kms.katalon.core.main.TestCaseExecutor.execute(TestCaseExecutor.java:255)
	at com.kms.katalon.core.main.TestSuiteExecutor.accessTestCaseMainPhase(TestSuiteExecutor.java:203)
	at com.kms.katalon.core.main.TestSuiteExecutor.accessTestSuiteMainPhase(TestSuiteExecutor.java:152)
	at com.kms.katalon.core.main.TestSuiteExecutor.execute(TestSuiteExecutor.java:95)
	at com.kms.katalon.core.main.TestCaseMain.startTestSuite(TestCaseMain.java:157)
	at com.kms.katalon.core.main.TestCaseMain$startTestSuite$0.call(Unknown Source)
	at TempTestSuite1622209211486.run(TempTestSuite1622209211486.groovy:39)


2021-05-28 21:09:44 - [TEST_STEP][PASSED] - callTestCase(findTestCase("PreCondition/Login"), [:], STOP_ON_FAILURE): Call Test Case 'Test Cases/PreCondition/Login' successfully

2021-05-28 21:09:45 - [TEST_CASE][PASSED] - Test Cases/PreCondition/Login: Test Cases/PreCondition/Login

2021-05-28 21:09:45 - [TEST_STEP][PASSED] - openBrowser(""): Browser is opened with url: ''

2021-05-28 21:09:45 - [MESSAGE][INFO] - Starting 'Chrome' driver

2021-05-28 21:09:45 - [MESSAGE][INFO] - Action delay is set to 0 milliseconds

2021-05-28 21:09:47 - [MESSAGE][PASSED] - Browser is opened with url: ''

2021-05-28 21:09:47 - [TEST_STEP][PASSED] - navigateToUrl("https://cdnc-group2.herokuapp.com/"): Navigate to 'https://cdnc-group2.herokuapp.com/' successfully

2021-05-28 21:09:51 - [MESSAGE][PASSED] - Navigate to 'https://cdnc-group2.herokuapp.com/' successfully

2021-05-28 21:09:51 - [TEST_STEP][PASSED] - setText(findTestObject("Object Repository/Login/Page_Mattermost/input_All team communication in one place, _dcc84b"), "ngoctin040999@gmail.com"): Text 'ngoctin040999@gmail.com' is set on object 'Object Repository/Login/Page_Mattermost/input_All team communication in one place, _dcc84b'

2021-05-28 21:09:57 - [MESSAGE][PASSED] - Text 'ngoctin040999@gmail.com' is set on object 'Object Repository/Login/Page_Mattermost/input_All team communication in one place, _dcc84b'

2021-05-28 21:09:57 - [TEST_STEP][PASSED] - setEncryptedText(findTestObject("Object Repository/Login/Page_Mattermost/input_All team communication in one place, _a3edc6"), "S8w1SJvl7D1hts9IdMV+NQ=="): Text ****** has been set on object 'Object Repository/Login/Page_Mattermost/input_All team communication in one place, _a3edc6'

2021-05-28 21:09:57 - [MESSAGE][PASSED] - Text ****** has been set on object 'Object Repository/Login/Page_Mattermost/input_All team communication in one place, _a3edc6'

2021-05-28 21:09:57 - [TEST_STEP][PASSED] - click(findTestObject("Object Repository/Login/Page_Mattermost/button_Sign in")): Object: 'Object Repository/Login/Page_Mattermost/button_Sign in' is clicked on

2021-05-28 21:09:58 - [MESSAGE][PASSED] - Object: 'Object Repository/Login/Page_Mattermost/button_Sign in' is clicked on

2021-05-28 21:09:58 - [MESSAGE][PASSED] - Call Test Case 'Test Cases/PreCondition/Login' successfully

2021-05-28 21:09:58 - [TEST_STEP][PASSED] - click(findTestObject("Object Repository/Leave Channel/Page_Town Square - 123 Mattermost/span_hello")): Object: 'Object Repository/Leave Channel/Page_Town Square - 123 Mattermost/span_hello' is clicked on

2021-05-28 21:10:01 - [MESSAGE][PASSED] - Object: 'Object Repository/Leave Channel/Page_Town Square - 123 Mattermost/span_hello' is clicked on

2021-05-28 21:10:01 - [TEST_STEP][PASSED] - out.println(findTestObject("Object Repository/Leave Channel/Page_hello - 123 Mattermost/span_hello_channelHeaderDropdownIcon")): null

2021-05-28 21:10:01 - [TEST_STEP][PASSED] - click(): null]]></system-out>
         <system-err><![CDATA[2021-05-28 21:09:44 - [TEST_CASE][ERROR] - Test Cases/Main/TestcaseLeaveChannel: Test Cases/Main/TestcaseLeaveChannel FAILED.
Reason:
org.codehaus.groovy.runtime.metaclass.MethodSelectionException: Could not find which method click() to invoke from this list:
  public static void com.kms.katalon.core.webui.keyword.WebUiBuiltInKeywords#click(com.kms.katalon.core.testobject.TestObject)
  public static void com.kms.katalon.core.webui.keyword.WebUiBuiltInKeywords#click(com.kms.katalon.core.testobject.TestObject, com.kms.katalon.core.model.FailureHandling)
	at TestcaseLeaveChannel.run(TestcaseLeaveChannel:25)
	at com.kms.katalon.core.main.ScriptEngine.run(ScriptEngine.java:194)
	at com.kms.katalon.core.main.ScriptEngine.runScriptAsRawText(ScriptEngine.java:119)
	at com.kms.katalon.core.main.TestCaseExecutor.runScript(TestCaseExecutor.java:398)
	at com.kms.katalon.core.main.TestCaseExecutor.doExecute(TestCaseExecutor.java:389)
	at com.kms.katalon.core.main.TestCaseExecutor.processExecutionPhase(TestCaseExecutor.java:368)
	at com.kms.katalon.core.main.TestCaseExecutor.accessMainPhase(TestCaseExecutor.java:360)
	at com.kms.katalon.core.main.TestCaseExecutor.execute(TestCaseExecutor.java:255)
	at com.kms.katalon.core.main.TestSuiteExecutor.accessTestCaseMainPhase(TestSuiteExecutor.java:203)
	at com.kms.katalon.core.main.TestSuiteExecutor.accessTestSuiteMainPhase(TestSuiteExecutor.java:152)
	at com.kms.katalon.core.main.TestSuiteExecutor.execute(TestSuiteExecutor.java:95)
	at com.kms.katalon.core.main.TestCaseMain.startTestSuite(TestCaseMain.java:157)
	at com.kms.katalon.core.main.TestCaseMain$startTestSuite$0.call(Unknown Source)
	at TempTestSuite1622209211486.run(TempTestSuite1622209211486.groovy:39)]]></system-err>
      </testcase>
      <testcase name="Test Cases/Main/TestCaseLeaveTeam" time="80.327" classname="Test Cases/Main/TestCaseLeaveTeam" status="FAILED">
         <failure type="FAILED" message="Test Cases/Main/TestCaseLeaveTeam FAILED.
Reason:
com.kms.katalon.core.exception.StepFailedException: Unable to click on object 'Object Repository/LeaveTeam/Page_Town Square - 123 Mattermost/svg'
	at com.kms.katalon.core.webui.keyword.internal.WebUIKeywordMain.stepFailed(WebUIKeywordMain.groovy:64)
	at com.kms.katalon.core.webui.keyword.internal.WebUIKeywordMain.runKeyword(WebUIKeywordMain.groovy:26)
	at com.kms.katalon.core.webui.keyword.builtin.ClickKeyword.click(ClickKeyword.groovy:75)
	at com.kms.katalon.core.webui.keyword.builtin.ClickKeyword.execute(ClickKeyword.groovy:42)
	at com.kms.katalon.core.keyword.internal.KeywordExecutor.executeKeywordForPlatform(KeywordExecutor.groovy:73)
	at com.kms.katalon.core.webui.keyword.WebUiBuiltInKeywords.click(WebUiBuiltInKeywords.groovy:619)
	at com.kms.katalon.core.webui.keyword.WebUiBuiltInKeywords$click$4.call(Unknown Source)
	at TestCaseLeaveTeam.run(TestCaseLeaveTeam:24)
	at com.kms.katalon.core.main.ScriptEngine.run(ScriptEngine.java:194)
	at com.kms.katalon.core.main.ScriptEngine.runScriptAsRawText(ScriptEngine.java:119)
	at com.kms.katalon.core.main.TestCaseExecutor.runScript(TestCaseExecutor.java:398)
	at com.kms.katalon.core.main.TestCaseExecutor.doExecute(TestCaseExecutor.java:389)
	at com.kms.katalon.core.main.TestCaseExecutor.processExecutionPhase(TestCaseExecutor.java:368)
	at com.kms.katalon.core.main.TestCaseExecutor.accessMainPhase(TestCaseExecutor.java:360)
	at com.kms.katalon.core.main.TestCaseExecutor.execute(TestCaseExecutor.java:255)
	at com.kms.katalon.core.main.TestSuiteExecutor.accessTestCaseMainPhase(TestSuiteExecutor.java:203)
	at com.kms.katalon.core.main.TestSuiteExecutor.accessTestSuiteMainPhase(TestSuiteExecutor.java:152)
	at com.kms.katalon.core.main.TestSuiteExecutor.execute(TestSuiteExecutor.java:95)
	at com.kms.katalon.core.main.TestCaseMain.startTestSuite(TestCaseMain.java:157)
	at com.kms.katalon.core.main.TestCaseMain$startTestSuite$0.call(Unknown Source)
	at TempTestSuite1622209211486.run(TempTestSuite1622209211486.groovy:39)
Caused by: org.openqa.selenium.ElementClickInterceptedException: element click intercepted: Element &lt;svg width=&quot;13px&quot; height=&quot;13px&quot; viewBox=&quot;0 0 16 16&quot; role=&quot;presentation&quot; aria-label=&quot;Public Channel Icon&quot;>...&lt;/svg> is not clickable at point (23, 270). Other element would receive the click: &lt;button class=&quot;style--none &quot; actions=&quot;[object Object]&quot; intl=&quot;[object Object]&quot; data-toggle=&quot;modal toggle&quot; aria-label=&quot;Manage Members dialog&quot;>...&lt;/button>
  (Session info: chrome=90.0.4430.212)
Build info: version: '3.141.59', revision: 'e82be7d358', time: '2018-11-14T08:25:53'
System info: host: 'DESKTOP-4EMC2JH', ip: '172.17.183.241', os.name: 'Windows 10', os.arch: 'amd64', os.version: '10.0', java.version: '1.8.0_282'
Driver info: com.kms.katalon.selenium.driver.CChromeDriver
Capabilities {acceptInsecureCerts: false, browserName: chrome, browserVersion: 90.0.4430.212, chrome: {chromedriverVersion: 90.0.4430.24 (4c6d850f087da..., userDataDir: C:\Users\DELL\AppData\Local...}, goog:chromeOptions: {debuggerAddress: localhost:57618}, javascriptEnabled: true, networkConnectionEnabled: false, pageLoadStrategy: normal, platform: WINDOWS, platformName: WINDOWS, proxy: Proxy(), setWindowRect: true, strictFileInteractability: false, timeouts: {implicit: 0, pageLoad: 300000, script: 30000}, unhandledPromptBehavior: dismiss and notify, webauthn:extension:largeBlob: true, webauthn:virtualAuthenticators: true}
Session ID: 608366616d22473004af1327efb10210
	at org.openqa.selenium.remote.http.W3CHttpResponseCodec.createException(W3CHttpResponseCodec.java:187)
	at org.openqa.selenium.remote.http.W3CHttpResponseCodec.decode(W3CHttpResponseCodec.java:122)
	at org.openqa.selenium.remote.http.W3CHttpResponseCodec.decode(W3CHttpResponseCodec.java:49)
	at org.openqa.selenium.remote.HttpCommandExecutor.execute(HttpCommandExecutor.java:158)
	at org.openqa.selenium.remote.service.DriverCommandExecutor.execute(DriverCommandExecutor.java:83)
	at org.openqa.selenium.remote.RemoteWebDriver.execute(RemoteWebDriver.java:552)
	at com.kms.katalon.selenium.driver.CChromeDriver.execute(CChromeDriver.java:19)
	at org.openqa.selenium.remote.RemoteWebElement.execute(RemoteWebElement.java:285)
	at org.openqa.selenium.remote.RemoteWebElement.click(RemoteWebElement.java:84)
	at org.openqa.selenium.support.events.EventFiringWebDriver$EventFiringWebElement.lambda$new$0(EventFiringWebDriver.java:404)
	at com.sun.proxy.$Proxy11.click(Unknown Source)
	at org.openqa.selenium.support.events.EventFiringWebDriver$EventFiringWebElement.click(EventFiringWebDriver.java:417)
	at com.kms.katalon.core.webui.keyword.builtin.ClickKeyword$_click_closure1.doCall(ClickKeyword.groovy:68)
	at com.kms.katalon.core.webui.keyword.builtin.ClickKeyword$_click_closure1.call(ClickKeyword.groovy)
	at com.kms.katalon.core.webui.keyword.internal.WebUIKeywordMain.runKeyword(WebUIKeywordMain.groovy:20)
	... 19 more
"/>
         <system-out><![CDATA[2021-05-28 21:10:01 - [TEST_CASE][FAILED] - Test Cases/Main/TestCaseLeaveTeam: Test Cases/Main/TestCaseLeaveTeam FAILED.
Reason:
com.kms.katalon.core.exception.StepFailedException: Unable to click on object 'Object Repository/LeaveTeam/Page_Town Square - 123 Mattermost/svg'
	at com.kms.katalon.core.webui.keyword.internal.WebUIKeywordMain.stepFailed(WebUIKeywordMain.groovy:64)
	at com.kms.katalon.core.webui.keyword.internal.WebUIKeywordMain.runKeyword(WebUIKeywordMain.groovy:26)
	at com.kms.katalon.core.webui.keyword.builtin.ClickKeyword.click(ClickKeyword.groovy:75)
	at com.kms.katalon.core.webui.keyword.builtin.ClickKeyword.execute(ClickKeyword.groovy:42)
	at com.kms.katalon.core.keyword.internal.KeywordExecutor.executeKeywordForPlatform(KeywordExecutor.groovy:73)
	at com.kms.katalon.core.webui.keyword.WebUiBuiltInKeywords.click(WebUiBuiltInKeywords.groovy:619)
	at com.kms.katalon.core.webui.keyword.WebUiBuiltInKeywords$click$4.call(Unknown Source)
	at TestCaseLeaveTeam.run(TestCaseLeaveTeam:24)
	at com.kms.katalon.core.main.ScriptEngine.run(ScriptEngine.java:194)
	at com.kms.katalon.core.main.ScriptEngine.runScriptAsRawText(ScriptEngine.java:119)
	at com.kms.katalon.core.main.TestCaseExecutor.runScript(TestCaseExecutor.java:398)
	at com.kms.katalon.core.main.TestCaseExecutor.doExecute(TestCaseExecutor.java:389)
	at com.kms.katalon.core.main.TestCaseExecutor.processExecutionPhase(TestCaseExecutor.java:368)
	at com.kms.katalon.core.main.TestCaseExecutor.accessMainPhase(TestCaseExecutor.java:360)
	at com.kms.katalon.core.main.TestCaseExecutor.execute(TestCaseExecutor.java:255)
	at com.kms.katalon.core.main.TestSuiteExecutor.accessTestCaseMainPhase(TestSuiteExecutor.java:203)
	at com.kms.katalon.core.main.TestSuiteExecutor.accessTestSuiteMainPhase(TestSuiteExecutor.java:152)
	at com.kms.katalon.core.main.TestSuiteExecutor.execute(TestSuiteExecutor.java:95)
	at com.kms.katalon.core.main.TestCaseMain.startTestSuite(TestCaseMain.java:157)
	at com.kms.katalon.core.main.TestCaseMain$startTestSuite$0.call(Unknown Source)
	at TempTestSuite1622209211486.run(TempTestSuite1622209211486.groovy:39)
Caused by: org.openqa.selenium.ElementClickInterceptedException: element click intercepted: Element <svg width="13px" height="13px" viewBox="0 0 16 16" role="presentation" aria-label="Public Channel Icon">...</svg> is not clickable at point (23, 270). Other element would receive the click: <button class="style--none " actions="[object Object]" intl="[object Object]" data-toggle="modal toggle" aria-label="Manage Members dialog">...</button>
  (Session info: chrome=90.0.4430.212)
Build info: version: '3.141.59', revision: 'e82be7d358', time: '2018-11-14T08:25:53'
System info: host: 'DESKTOP-4EMC2JH', ip: '172.17.183.241', os.name: 'Windows 10', os.arch: 'amd64', os.version: '10.0', java.version: '1.8.0_282'
Driver info: com.kms.katalon.selenium.driver.CChromeDriver
Capabilities {acceptInsecureCerts: false, browserName: chrome, browserVersion: 90.0.4430.212, chrome: {chromedriverVersion: 90.0.4430.24 (4c6d850f087da..., userDataDir: C:\Users\DELL\AppData\Local...}, goog:chromeOptions: {debuggerAddress: localhost:57618}, javascriptEnabled: true, networkConnectionEnabled: false, pageLoadStrategy: normal, platform: WINDOWS, platformName: WINDOWS, proxy: Proxy(), setWindowRect: true, strictFileInteractability: false, timeouts: {implicit: 0, pageLoad: 300000, script: 30000}, unhandledPromptBehavior: dismiss and notify, webauthn:extension:largeBlob: true, webauthn:virtualAuthenticators: true}
Session ID: 608366616d22473004af1327efb10210
	at org.openqa.selenium.remote.http.W3CHttpResponseCodec.createException(W3CHttpResponseCodec.java:187)
	at org.openqa.selenium.remote.http.W3CHttpResponseCodec.decode(W3CHttpResponseCodec.java:122)
	at org.openqa.selenium.remote.http.W3CHttpResponseCodec.decode(W3CHttpResponseCodec.java:49)
	at org.openqa.selenium.remote.HttpCommandExecutor.execute(HttpCommandExecutor.java:158)
	at org.openqa.selenium.remote.service.DriverCommandExecutor.execute(DriverCommandExecutor.java:83)
	at org.openqa.selenium.remote.RemoteWebDriver.execute(RemoteWebDriver.java:552)
	at com.kms.katalon.selenium.driver.CChromeDriver.execute(CChromeDriver.java:19)
	at org.openqa.selenium.remote.RemoteWebElement.execute(RemoteWebElement.java:285)
	at org.openqa.selenium.remote.RemoteWebElement.click(RemoteWebElement.java:84)
	at org.openqa.selenium.support.events.EventFiringWebDriver$EventFiringWebElement.lambda$new$0(EventFiringWebDriver.java:404)
	at com.sun.proxy.$Proxy11.click(Unknown Source)
	at org.openqa.selenium.support.events.EventFiringWebDriver$EventFiringWebElement.click(EventFiringWebDriver.java:417)
	at com.kms.katalon.core.webui.keyword.builtin.ClickKeyword$_click_closure1.doCall(ClickKeyword.groovy:68)
	at com.kms.katalon.core.webui.keyword.builtin.ClickKeyword$_click_closure1.call(ClickKeyword.groovy)
	at com.kms.katalon.core.webui.keyword.internal.WebUIKeywordMain.runKeyword(WebUIKeywordMain.groovy:20)
	... 19 more


2021-05-28 21:10:02 - [TEST_STEP][PASSED] - callTestCase(findTestCase("PreCondition/Login"), [:], STOP_ON_FAILURE): Call Test Case 'Test Cases/PreCondition/Login' successfully

2021-05-28 21:10:02 - [TEST_CASE][PASSED] - Test Cases/PreCondition/Login: Test Cases/PreCondition/Login

2021-05-28 21:10:02 - [TEST_STEP][PASSED] - openBrowser(""): Browser is opened with url: ''

2021-05-28 21:10:02 - [MESSAGE][WARNING] - A browser is already opened. Closing browser and opening a new one

2021-05-28 21:10:03 - [MESSAGE][INFO] - Starting 'Chrome' driver

2021-05-28 21:10:03 - [MESSAGE][INFO] - Action delay is set to 0 milliseconds

2021-05-28 21:10:05 - [MESSAGE][PASSED] - Browser is opened with url: ''

2021-05-28 21:10:05 - [TEST_STEP][PASSED] - navigateToUrl("https://cdnc-group2.herokuapp.com/"): Navigate to 'https://cdnc-group2.herokuapp.com/' successfully

2021-05-28 21:10:09 - [MESSAGE][PASSED] - Navigate to 'https://cdnc-group2.herokuapp.com/' successfully

2021-05-28 21:10:09 - [TEST_STEP][PASSED] - setText(findTestObject("Object Repository/Login/Page_Mattermost/input_All team communication in one place, _dcc84b"), "ngoctin040999@gmail.com"): Text 'ngoctin040999@gmail.com' is set on object 'Object Repository/Login/Page_Mattermost/input_All team communication in one place, _dcc84b'

2021-05-28 21:10:14 - [MESSAGE][PASSED] - Text 'ngoctin040999@gmail.com' is set on object 'Object Repository/Login/Page_Mattermost/input_All team communication in one place, _dcc84b'

2021-05-28 21:10:14 - [TEST_STEP][PASSED] - setEncryptedText(findTestObject("Object Repository/Login/Page_Mattermost/input_All team communication in one place, _a3edc6"), "S8w1SJvl7D1hts9IdMV+NQ=="): Text ****** has been set on object 'Object Repository/Login/Page_Mattermost/input_All team communication in one place, _a3edc6'

2021-05-28 21:10:15 - [MESSAGE][PASSED] - Text ****** has been set on object 'Object Repository/Login/Page_Mattermost/input_All team communication in one place, _a3edc6'

2021-05-28 21:10:15 - [TEST_STEP][PASSED] - click(findTestObject("Object Repository/Login/Page_Mattermost/button_Sign in")): Object: 'Object Repository/Login/Page_Mattermost/button_Sign in' is clicked on

2021-05-28 21:10:16 - [MESSAGE][PASSED] - Object: 'Object Repository/Login/Page_Mattermost/button_Sign in' is clicked on

2021-05-28 21:10:16 - [MESSAGE][PASSED] - Call Test Case 'Test Cases/PreCondition/Login' successfully

2021-05-28 21:10:16 - [TEST_STEP][PASSED] - click(findTestObject("Object Repository/LeaveTeam/Page_Town Square - 123 Mattermost/div_12")): Object: 'Object Repository/LeaveTeam/Page_Town Square - 123 Mattermost/div_12' is clicked on

2021-05-28 21:10:47 - [MESSAGE][INFO] - Unable to find the element located by 'By.xpath: //a[@id='cdnc-gr-123TeamButton']/div/div/div/div'. Please recheck the objects properties to make sure the desired element is located. 

2021-05-28 21:10:47 - [MESSAGE][WARNING] - [SELF-HEALING] Failed to find element with id 'Object Repository/LeaveTeam/Page_Town Square - 123 Mattermost/div_12'. Try using Self-healing.

2021-05-28 21:10:47 - [MESSAGE][INFO] - [SELF-HEALING] Failed Locator: '//a[@id='cdnc-gr-123TeamButton']/div/div/div/div'.

2021-05-28 21:10:47 - [MESSAGE][INFO] - [SELF-HEALING] Failed Locator: '(.//*[normalize-space(text()) and normalize-space(.)='Te'])[1]/preceding::div[1]'.

2021-05-28 21:10:48 - [MESSAGE][INFO] - [SELF-HEALING] Working Locator: '(.//*[normalize-space(text()) and normalize-space(.)='+'])[1]/preceding::div[6]'.

2021-05-28 21:10:48 - [MESSAGE][INFO] - [SELF-HEALING] Screenshot: G:/HCMUS/Nam4/HK2/Deadline/2/katalon/Reports/Self-healing/Object Repository/LeaveTeam/Page_Town Square - 123 Mattermost/div_12_neighbor.png

2021-05-28 21:10:48 - [MESSAGE][WARNING] - [SELF-HEALING] The current locator of test object 'Object Repository/LeaveTeam/Page_Town Square - 123 Mattermost/div_12' was broken. Propose an alternative one: '(.//*[normalize-space(text()) and normalize-space(.)='+'])[1]/preceding::div[6]'.

2021-05-28 21:10:48 - [MESSAGE][PASSED] - Object: 'Object Repository/LeaveTeam/Page_Town Square - 123 Mattermost/div_12' is clicked on

2021-05-28 21:10:48 - [TEST_STEP][FAILED] - click(findTestObject("Object Repository/LeaveTeam/Page_Town Square - 123 Mattermost/svg")): Unable to click on object 'Object Repository/LeaveTeam/Page_Town Square - 123 Mattermost/svg' (Root cause: com.kms.katalon.core.exception.StepFailedException: Unable to click on object 'Object Repository/LeaveTeam/Page_Town Square - 123 Mattermost/svg'
	at com.kms.katalon.core.webui.keyword.internal.WebUIKeywordMain.stepFailed(WebUIKeywordMain.groovy:64)
	at com.kms.katalon.core.webui.keyword.internal.WebUIKeywordMain.runKeyword(WebUIKeywordMain.groovy:26)
	at com.kms.katalon.core.webui.keyword.builtin.ClickKeyword.click(ClickKeyword.groovy:75)
	at com.kms.katalon.core.webui.keyword.builtin.ClickKeyword.execute(ClickKeyword.groovy:42)
	at com.kms.katalon.core.keyword.internal.KeywordExecutor.executeKeywordForPlatform(KeywordExecutor.groovy:73)
	at com.kms.katalon.core.webui.keyword.WebUiBuiltInKeywords.click(WebUiBuiltInKeywords.groovy:619)
	at com.kms.katalon.core.webui.keyword.WebUiBuiltInKeywords$click$4.call(Unknown Source)
	at TestCaseLeaveTeam.run(TestCaseLeaveTeam:24)
	at com.kms.katalon.core.main.ScriptEngine.run(ScriptEngine.java:194)
	at com.kms.katalon.core.main.ScriptEngine.runScriptAsRawText(ScriptEngine.java:119)
	at com.kms.katalon.core.main.TestCaseExecutor.runScript(TestCaseExecutor.java:398)
	at com.kms.katalon.core.main.TestCaseExecutor.doExecute(TestCaseExecutor.java:389)
	at com.kms.katalon.core.main.TestCaseExecutor.processExecutionPhase(TestCaseExecutor.java:368)
	at com.kms.katalon.core.main.TestCaseExecutor.accessMainPhase(TestCaseExecutor.java:360)
	at com.kms.katalon.core.main.TestCaseExecutor.execute(TestCaseExecutor.java:255)
	at com.kms.katalon.core.main.TestSuiteExecutor.accessTestCaseMainPhase(TestSuiteExecutor.java:203)
	at com.kms.katalon.core.main.TestSuiteExecutor.accessTestSuiteMainPhase(TestSuiteExecutor.java:152)
	at com.kms.katalon.core.main.TestSuiteExecutor.execute(TestSuiteExecutor.java:95)
	at com.kms.katalon.core.main.TestCaseMain.startTestSuite(TestCaseMain.java:157)
	at com.kms.katalon.core.main.TestCaseMain$startTestSuite$0.call(Unknown Source)
	at TempTestSuite1622209211486.run(TempTestSuite1622209211486.groovy:39)
Caused by: org.openqa.selenium.ElementClickInterceptedException: element click intercepted: Element <svg width="13px" height="13px" viewBox="0 0 16 16" role="presentation" aria-label="Public Channel Icon">...</svg> is not clickable at point (23, 270). Other element would receive the click: <button class="style--none " actions="[object Object]" intl="[object Object]" data-toggle="modal toggle" aria-label="Manage Members dialog">...</button>
  (Session info: chrome=90.0.4430.212)
Build info: version: '3.141.59', revision: 'e82be7d358', time: '2018-11-14T08:25:53'
System info: host: 'DESKTOP-4EMC2JH', ip: '172.17.183.241', os.name: 'Windows 10', os.arch: 'amd64', os.version: '10.0', java.version: '1.8.0_282'
Driver info: com.kms.katalon.selenium.driver.CChromeDriver
Capabilities {acceptInsecureCerts: false, browserName: chrome, browserVersion: 90.0.4430.212, chrome: {chromedriverVersion: 90.0.4430.24 (4c6d850f087da..., userDataDir: C:\Users\DELL\AppData\Local...}, goog:chromeOptions: {debuggerAddress: localhost:57618}, javascriptEnabled: true, networkConnectionEnabled: false, pageLoadStrategy: normal, platform: WINDOWS, platformName: WINDOWS, proxy: Proxy(), setWindowRect: true, strictFileInteractability: false, timeouts: {implicit: 0, pageLoad: 300000, script: 30000}, unhandledPromptBehavior: dismiss and notify, webauthn:extension:largeBlob: true, webauthn:virtualAuthenticators: true}
Session ID: 608366616d22473004af1327efb10210
	at org.openqa.selenium.remote.http.W3CHttpResponseCodec.createException(W3CHttpResponseCodec.java:187)
	at org.openqa.selenium.remote.http.W3CHttpResponseCodec.decode(W3CHttpResponseCodec.java:122)
	at org.openqa.selenium.remote.http.W3CHttpResponseCodec.decode(W3CHttpResponseCodec.java:49)
	at org.openqa.selenium.remote.HttpCommandExecutor.execute(HttpCommandExecutor.java:158)
	at org.openqa.selenium.remote.service.DriverCommandExecutor.execute(DriverCommandExecutor.java:83)
	at org.openqa.selenium.remote.RemoteWebDriver.execute(RemoteWebDriver.java:552)
	at com.kms.katalon.selenium.driver.CChromeDriver.execute(CChromeDriver.java:19)
	at org.openqa.selenium.remote.RemoteWebElement.execute(RemoteWebElement.java:285)
	at org.openqa.selenium.remote.RemoteWebElement.click(RemoteWebElement.java:84)
	at org.openqa.selenium.support.events.EventFiringWebDriver$EventFiringWebElement.lambda$new$0(EventFiringWebDriver.java:404)
	at com.sun.proxy.$Proxy11.click(Unknown Source)
	at org.openqa.selenium.support.events.EventFiringWebDriver$EventFiringWebElement.click(EventFiringWebDriver.java:417)
	at com.kms.katalon.core.webui.keyword.builtin.ClickKeyword$_click_closure1.doCall(ClickKeyword.groovy:68)
	at com.kms.katalon.core.webui.keyword.builtin.ClickKeyword$_click_closure1.call(ClickKeyword.groovy)
	at com.kms.katalon.core.webui.keyword.internal.WebUIKeywordMain.runKeyword(WebUIKeywordMain.groovy:20)
	at com.kms.katalon.core.webui.keyword.builtin.ClickKeyword.click(ClickKeyword.groovy:75)
	at com.kms.katalon.core.webui.keyword.builtin.ClickKeyword.execute(ClickKeyword.groovy:42)
	at com.kms.katalon.core.keyword.internal.KeywordExecutor.executeKeywordForPlatform(KeywordExecutor.groovy:73)
	at com.kms.katalon.core.webui.keyword.WebUiBuiltInKeywords.click(WebUiBuiltInKeywords.groovy:619)
	at com.kms.katalon.core.webui.keyword.WebUiBuiltInKeywords$click$4.call(Unknown Source)
	at Script1622007899682.run(Script1622007899682.groovy:24)
	... 13 more
)

2021-05-28 21:11:20 - [MESSAGE][INFO] - Unable to find the element located by 'By.xpath: (.//*[normalize-space(text()) and normalize-space(.)='@ngoctin02806'])[1]/following::*[name()='svg'][1]'. Please recheck the objects properties to make sure the desired element is located. 

2021-05-28 21:11:20 - [MESSAGE][WARNING] - [SELF-HEALING] Failed to find element with id 'Object Repository/LeaveTeam/Page_Town Square - 123 Mattermost/svg'. Try using Self-healing.

2021-05-28 21:11:20 - [MESSAGE][INFO] - [SELF-HEALING] Failed Locator: '(.//*[normalize-space(text()) and normalize-space(.)='@ngoctin02806'])[1]/following::*[name()='svg'][1]'.

2021-05-28 21:11:20 - [MESSAGE][INFO] - [SELF-HEALING] Working Locator: '(.//*[normalize-space(text()) and normalize-space(.)='+'])[1]/following::*[name()='svg'][2]'.

2021-05-28 21:11:20 - [MESSAGE][INFO] - [SELF-HEALING] Screenshot: G:/HCMUS/Nam4/HK2/Deadline/2/katalon/Reports/Self-healing/Object Repository/LeaveTeam/Page_Town Square - 123 Mattermost/svg_neighbor.png

2021-05-28 21:11:20 - [MESSAGE][WARNING] - [SELF-HEALING] The current locator of test object 'Object Repository/LeaveTeam/Page_Town Square - 123 Mattermost/svg' was broken. Propose an alternative one: '(.//*[normalize-space(text()) and normalize-space(.)='+'])[1]/following::*[name()='svg'][2]'.

2021-05-28 21:11:22 - [MESSAGE][FAILED] - Unable to click on object 'Object Repository/LeaveTeam/Page_Town Square - 123 Mattermost/svg' (Root cause: com.kms.katalon.core.exception.StepFailedException: Unable to click on object 'Object Repository/LeaveTeam/Page_Town Square - 123 Mattermost/svg'
	at com.kms.katalon.core.webui.keyword.internal.WebUIKeywordMain.stepFailed(WebUIKeywordMain.groovy:64)
	at com.kms.katalon.core.webui.keyword.internal.WebUIKeywordMain.runKeyword(WebUIKeywordMain.groovy:26)
	at com.kms.katalon.core.webui.keyword.builtin.ClickKeyword.click(ClickKeyword.groovy:75)
	at com.kms.katalon.core.webui.keyword.builtin.ClickKeyword.execute(ClickKeyword.groovy:42)
	at com.kms.katalon.core.keyword.internal.KeywordExecutor.executeKeywordForPlatform(KeywordExecutor.groovy:73)
	at com.kms.katalon.core.webui.keyword.WebUiBuiltInKeywords.click(WebUiBuiltInKeywords.groovy:619)
	at com.kms.katalon.core.webui.keyword.WebUiBuiltInKeywords$click$4.call(Unknown Source)
	at TestCaseLeaveTeam.run(TestCaseLeaveTeam:24)
	at com.kms.katalon.core.main.ScriptEngine.run(ScriptEngine.java:194)
	at com.kms.katalon.core.main.ScriptEngine.runScriptAsRawText(ScriptEngine.java:119)
	at com.kms.katalon.core.main.TestCaseExecutor.runScript(TestCaseExecutor.java:398)
	at com.kms.katalon.core.main.TestCaseExecutor.doExecute(TestCaseExecutor.java:389)
	at com.kms.katalon.core.main.TestCaseExecutor.processExecutionPhase(TestCaseExecutor.java:368)
	at com.kms.katalon.core.main.TestCaseExecutor.accessMainPhase(TestCaseExecutor.java:360)
	at com.kms.katalon.core.main.TestCaseExecutor.execute(TestCaseExecutor.java:255)
	at com.kms.katalon.core.main.TestSuiteExecutor.accessTestCaseMainPhase(TestSuiteExecutor.java:203)
	at com.kms.katalon.core.main.TestSuiteExecutor.accessTestSuiteMainPhase(TestSuiteExecutor.java:152)
	at com.kms.katalon.core.main.TestSuiteExecutor.execute(TestSuiteExecutor.java:95)
	at com.kms.katalon.core.main.TestCaseMain.startTestSuite(TestCaseMain.java:157)
	at com.kms.katalon.core.main.TestCaseMain$startTestSuite$0.call(Unknown Source)
	at TempTestSuite1622209211486.run(TempTestSuite1622209211486.groovy:39)
Caused by: org.openqa.selenium.ElementClickInterceptedException: element click intercepted: Element <svg width="13px" height="13px" viewBox="0 0 16 16" role="presentation" aria-label="Public Channel Icon">...</svg> is not clickable at point (23, 270). Other element would receive the click: <button class="style--none " actions="[object Object]" intl="[object Object]" data-toggle="modal toggle" aria-label="Manage Members dialog">...</button>
  (Session info: chrome=90.0.4430.212)
Build info: version: '3.141.59', revision: 'e82be7d358', time: '2018-11-14T08:25:53'
System info: host: 'DESKTOP-4EMC2JH', ip: '172.17.183.241', os.name: 'Windows 10', os.arch: 'amd64', os.version: '10.0', java.version: '1.8.0_282'
Driver info: com.kms.katalon.selenium.driver.CChromeDriver
Capabilities {acceptInsecureCerts: false, browserName: chrome, browserVersion: 90.0.4430.212, chrome: {chromedriverVersion: 90.0.4430.24 (4c6d850f087da..., userDataDir: C:\Users\DELL\AppData\Local...}, goog:chromeOptions: {debuggerAddress: localhost:57618}, javascriptEnabled: true, networkConnectionEnabled: false, pageLoadStrategy: normal, platform: WINDOWS, platformName: WINDOWS, proxy: Proxy(), setWindowRect: true, strictFileInteractability: false, timeouts: {implicit: 0, pageLoad: 300000, script: 30000}, unhandledPromptBehavior: dismiss and notify, webauthn:extension:largeBlob: true, webauthn:virtualAuthenticators: true}
Session ID: 608366616d22473004af1327efb10210
	at org.openqa.selenium.remote.http.W3CHttpResponseCodec.createException(W3CHttpResponseCodec.java:187)
	at org.openqa.selenium.remote.http.W3CHttpResponseCodec.decode(W3CHttpResponseCodec.java:122)
	at org.openqa.selenium.remote.http.W3CHttpResponseCodec.decode(W3CHttpResponseCodec.java:49)
	at org.openqa.selenium.remote.HttpCommandExecutor.execute(HttpCommandExecutor.java:158)
	at org.openqa.selenium.remote.service.DriverCommandExecutor.execute(DriverCommandExecutor.java:83)
	at org.openqa.selenium.remote.RemoteWebDriver.execute(RemoteWebDriver.java:552)
	at com.kms.katalon.selenium.driver.CChromeDriver.execute(CChromeDriver.java:19)
	at org.openqa.selenium.remote.RemoteWebElement.execute(RemoteWebElement.java:285)
	at org.openqa.selenium.remote.RemoteWebElement.click(RemoteWebElement.java:84)
	at org.openqa.selenium.support.events.EventFiringWebDriver$EventFiringWebElement.lambda$new$0(EventFiringWebDriver.java:404)
	at com.sun.proxy.$Proxy11.click(Unknown Source)
	at org.openqa.selenium.support.events.EventFiringWebDriver$EventFiringWebElement.click(EventFiringWebDriver.java:417)
	at com.kms.katalon.core.webui.keyword.builtin.ClickKeyword$_click_closure1.doCall(ClickKeyword.groovy:68)
	at com.kms.katalon.core.webui.keyword.builtin.ClickKeyword$_click_closure1.call(ClickKeyword.groovy)
	at com.kms.katalon.core.webui.keyword.internal.WebUIKeywordMain.runKeyword(WebUIKeywordMain.groovy:20)
	at com.kms.katalon.core.webui.keyword.builtin.ClickKeyword.click(ClickKeyword.groovy:75)
	at com.kms.katalon.core.webui.keyword.builtin.ClickKeyword.execute(ClickKeyword.groovy:42)
	at com.kms.katalon.core.keyword.internal.KeywordExecutor.executeKeywordForPlatform(KeywordExecutor.groovy:73)
	at com.kms.katalon.core.webui.keyword.WebUiBuiltInKeywords.click(WebUiBuiltInKeywords.groovy:619)
	at com.kms.katalon.core.webui.keyword.WebUiBuiltInKeywords$click$4.call(Unknown Source)
	at Script1622007899682.run(Script1622007899682.groovy:24)
	... 13 more
)
[[ATTACHMENT|G:\\HCMUS\\Nam4\\HK2\\Deadline\\2\\katalon\\Reports\\20210528_204011\\Run all test cases\\20210528_204011\\1622211082006.png]]]]></system-out>
         <system-err><![CDATA[2021-05-28 21:10:01 - [TEST_CASE][FAILED] - Test Cases/Main/TestCaseLeaveTeam: Test Cases/Main/TestCaseLeaveTeam FAILED.
Reason:
com.kms.katalon.core.exception.StepFailedException: Unable to click on object 'Object Repository/LeaveTeam/Page_Town Square - 123 Mattermost/svg'
	at com.kms.katalon.core.webui.keyword.internal.WebUIKeywordMain.stepFailed(WebUIKeywordMain.groovy:64)
	at com.kms.katalon.core.webui.keyword.internal.WebUIKeywordMain.runKeyword(WebUIKeywordMain.groovy:26)
	at com.kms.katalon.core.webui.keyword.builtin.ClickKeyword.click(ClickKeyword.groovy:75)
	at com.kms.katalon.core.webui.keyword.builtin.ClickKeyword.execute(ClickKeyword.groovy:42)
	at com.kms.katalon.core.keyword.internal.KeywordExecutor.executeKeywordForPlatform(KeywordExecutor.groovy:73)
	at com.kms.katalon.core.webui.keyword.WebUiBuiltInKeywords.click(WebUiBuiltInKeywords.groovy:619)
	at com.kms.katalon.core.webui.keyword.WebUiBuiltInKeywords$click$4.call(Unknown Source)
	at TestCaseLeaveTeam.run(TestCaseLeaveTeam:24)
	at com.kms.katalon.core.main.ScriptEngine.run(ScriptEngine.java:194)
	at com.kms.katalon.core.main.ScriptEngine.runScriptAsRawText(ScriptEngine.java:119)
	at com.kms.katalon.core.main.TestCaseExecutor.runScript(TestCaseExecutor.java:398)
	at com.kms.katalon.core.main.TestCaseExecutor.doExecute(TestCaseExecutor.java:389)
	at com.kms.katalon.core.main.TestCaseExecutor.processExecutionPhase(TestCaseExecutor.java:368)
	at com.kms.katalon.core.main.TestCaseExecutor.accessMainPhase(TestCaseExecutor.java:360)
	at com.kms.katalon.core.main.TestCaseExecutor.execute(TestCaseExecutor.java:255)
	at com.kms.katalon.core.main.TestSuiteExecutor.accessTestCaseMainPhase(TestSuiteExecutor.java:203)
	at com.kms.katalon.core.main.TestSuiteExecutor.accessTestSuiteMainPhase(TestSuiteExecutor.java:152)
	at com.kms.katalon.core.main.TestSuiteExecutor.execute(TestSuiteExecutor.java:95)
	at com.kms.katalon.core.main.TestCaseMain.startTestSuite(TestCaseMain.java:157)
	at com.kms.katalon.core.main.TestCaseMain$startTestSuite$0.call(Unknown Source)
	at TempTestSuite1622209211486.run(TempTestSuite1622209211486.groovy:39)
Caused by: org.openqa.selenium.ElementClickInterceptedException: element click intercepted: Element <svg width="13px" height="13px" viewBox="0 0 16 16" role="presentation" aria-label="Public Channel Icon">...</svg> is not clickable at point (23, 270). Other element would receive the click: <button class="style--none " actions="[object Object]" intl="[object Object]" data-toggle="modal toggle" aria-label="Manage Members dialog">...</button>
  (Session info: chrome=90.0.4430.212)
Build info: version: '3.141.59', revision: 'e82be7d358', time: '2018-11-14T08:25:53'
System info: host: 'DESKTOP-4EMC2JH', ip: '172.17.183.241', os.name: 'Windows 10', os.arch: 'amd64', os.version: '10.0', java.version: '1.8.0_282'
Driver info: com.kms.katalon.selenium.driver.CChromeDriver
Capabilities {acceptInsecureCerts: false, browserName: chrome, browserVersion: 90.0.4430.212, chrome: {chromedriverVersion: 90.0.4430.24 (4c6d850f087da..., userDataDir: C:\Users\DELL\AppData\Local...}, goog:chromeOptions: {debuggerAddress: localhost:57618}, javascriptEnabled: true, networkConnectionEnabled: false, pageLoadStrategy: normal, platform: WINDOWS, platformName: WINDOWS, proxy: Proxy(), setWindowRect: true, strictFileInteractability: false, timeouts: {implicit: 0, pageLoad: 300000, script: 30000}, unhandledPromptBehavior: dismiss and notify, webauthn:extension:largeBlob: true, webauthn:virtualAuthenticators: true}
Session ID: 608366616d22473004af1327efb10210
	at org.openqa.selenium.remote.http.W3CHttpResponseCodec.createException(W3CHttpResponseCodec.java:187)
	at org.openqa.selenium.remote.http.W3CHttpResponseCodec.decode(W3CHttpResponseCodec.java:122)
	at org.openqa.selenium.remote.http.W3CHttpResponseCodec.decode(W3CHttpResponseCodec.java:49)
	at org.openqa.selenium.remote.HttpCommandExecutor.execute(HttpCommandExecutor.java:158)
	at org.openqa.selenium.remote.service.DriverCommandExecutor.execute(DriverCommandExecutor.java:83)
	at org.openqa.selenium.remote.RemoteWebDriver.execute(RemoteWebDriver.java:552)
	at com.kms.katalon.selenium.driver.CChromeDriver.execute(CChromeDriver.java:19)
	at org.openqa.selenium.remote.RemoteWebElement.execute(RemoteWebElement.java:285)
	at org.openqa.selenium.remote.RemoteWebElement.click(RemoteWebElement.java:84)
	at org.openqa.selenium.support.events.EventFiringWebDriver$EventFiringWebElement.lambda$new$0(EventFiringWebDriver.java:404)
	at com.sun.proxy.$Proxy11.click(Unknown Source)
	at org.openqa.selenium.support.events.EventFiringWebDriver$EventFiringWebElement.click(EventFiringWebDriver.java:417)
	at com.kms.katalon.core.webui.keyword.builtin.ClickKeyword$_click_closure1.doCall(ClickKeyword.groovy:68)
	at com.kms.katalon.core.webui.keyword.builtin.ClickKeyword$_click_closure1.call(ClickKeyword.groovy)
	at com.kms.katalon.core.webui.keyword.internal.WebUIKeywordMain.runKeyword(WebUIKeywordMain.groovy:20)
	... 19 more]]></system-err>
      </testcase>
      <testcase name="Test Cases/Main/TestcaseUnpinMsgInDMs" time="52.28" classname="Test Cases/Main/TestcaseUnpinMsgInDMs" status="PASSED">
         <system-out><![CDATA[2021-05-28 21:11:22 - [TEST_CASE][PASSED] - Test Cases/Main/TestcaseUnpinMsgInDMs: Test Cases/Main/TestcaseUnpinMsgInDMs

2021-05-28 21:11:22 - [TEST_STEP][PASSED] - callTestCase(findTestCase("PreCondition/Login"), [:], STOP_ON_FAILURE): Call Test Case 'Test Cases/PreCondition/Login' successfully

2021-05-28 21:11:22 - [TEST_CASE][PASSED] - Test Cases/PreCondition/Login: Test Cases/PreCondition/Login

2021-05-28 21:11:22 - [TEST_STEP][PASSED] - openBrowser(""): Browser is opened with url: ''

2021-05-28 21:11:22 - [MESSAGE][WARNING] - A browser is already opened. Closing browser and opening a new one

2021-05-28 21:11:23 - [MESSAGE][INFO] - Starting 'Chrome' driver

2021-05-28 21:11:23 - [MESSAGE][INFO] - Action delay is set to 0 milliseconds

2021-05-28 21:11:25 - [MESSAGE][PASSED] - Browser is opened with url: ''

2021-05-28 21:11:25 - [TEST_STEP][PASSED] - navigateToUrl("https://cdnc-group2.herokuapp.com/"): Navigate to 'https://cdnc-group2.herokuapp.com/' successfully

2021-05-28 21:11:29 - [MESSAGE][PASSED] - Navigate to 'https://cdnc-group2.herokuapp.com/' successfully

2021-05-28 21:11:29 - [TEST_STEP][PASSED] - setText(findTestObject("Object Repository/Login/Page_Mattermost/input_All team communication in one place, _dcc84b"), "ngoctin040999@gmail.com"): Text 'ngoctin040999@gmail.com' is set on object 'Object Repository/Login/Page_Mattermost/input_All team communication in one place, _dcc84b'

2021-05-28 21:11:34 - [MESSAGE][PASSED] - Text 'ngoctin040999@gmail.com' is set on object 'Object Repository/Login/Page_Mattermost/input_All team communication in one place, _dcc84b'

2021-05-28 21:11:34 - [TEST_STEP][PASSED] - setEncryptedText(findTestObject("Object Repository/Login/Page_Mattermost/input_All team communication in one place, _a3edc6"), "S8w1SJvl7D1hts9IdMV+NQ=="): Text ****** has been set on object 'Object Repository/Login/Page_Mattermost/input_All team communication in one place, _a3edc6'

2021-05-28 21:11:35 - [MESSAGE][PASSED] - Text ****** has been set on object 'Object Repository/Login/Page_Mattermost/input_All team communication in one place, _a3edc6'

2021-05-28 21:11:35 - [TEST_STEP][PASSED] - click(findTestObject("Object Repository/Login/Page_Mattermost/button_Sign in")): Object: 'Object Repository/Login/Page_Mattermost/button_Sign in' is clicked on

2021-05-28 21:11:35 - [MESSAGE][PASSED] - Object: 'Object Repository/Login/Page_Mattermost/button_Sign in' is clicked on

2021-05-28 21:11:35 - [MESSAGE][PASSED] - Call Test Case 'Test Cases/PreCondition/Login' successfully

2021-05-28 21:11:35 - [TEST_STEP][PASSED] - click(findTestObject("Object Repository/UnpinMsgInDMs/Page_Town Square - 123 Mattermost/a_test1")): Object: 'Object Repository/UnpinMsgInDMs/Page_Town Square - 123 Mattermost/a_test1' is clicked on

2021-05-28 21:11:39 - [MESSAGE][PASSED] - Object: 'Object Repository/UnpinMsgInDMs/Page_Town Square - 123 Mattermost/a_test1' is clicked on

2021-05-28 21:11:39 - [TEST_STEP][PASSED] - pMsg = findTestObject("Object Repository/UnpinMsgInDMs/Page_test1 - 123 Mattermost/div_ngoctin02806107 PM15ba58ab6023994f93ab3a4e701cf8b8.jpg"): null

2021-05-28 21:11:39 - [TEST_STEP][PASSED] - iconMore = findTestObject("Object Repository/UnpinMsgInDMs/Page_test1 - 123 Mattermost/button_ngoctin02806_CENTER_button_4xttwiq7k_a79253"): null

2021-05-28 21:11:39 - [TEST_STEP][PASSED] - btnUnPin = findTestObject("Object Repository/UnpinMsgInDMs/Page_test1 - 123 Mattermost/span_Unpin from Channel"): null

2021-05-28 21:11:39 - [TEST_STEP][PASSED] - if (pMsg != null && iconMore != null && btnUnPin != null): Object: 'Object Repository/UnpinMsgInDMs/Page_test1 - 123 Mattermost/span_Unpin from Channel' is clicked on

2021-05-28 21:11:39 - [TEST_STEP][PASSED] - mouseOver(pMsg): Object: 'Object Repository/UnpinMsgInDMs/Page_test1 - 123 Mattermost/div_ngoctin02806107 PM15ba58ab6023994f93ab3a4e701cf8b8.jpg' is hovered

2021-05-28 21:11:41 - [MESSAGE][PASSED] - Object: 'Object Repository/UnpinMsgInDMs/Page_test1 - 123 Mattermost/div_ngoctin02806107 PM15ba58ab6023994f93ab3a4e701cf8b8.jpg' is hovered

2021-05-28 21:11:41 - [TEST_STEP][PASSED] - click(iconMore): Object: 'Object Repository/UnpinMsgInDMs/Page_test1 - 123 Mattermost/button_ngoctin02806_CENTER_button_4xttwiq7k_a79253' is clicked on

2021-05-28 21:11:42 - [MESSAGE][PASSED] - Object: 'Object Repository/UnpinMsgInDMs/Page_test1 - 123 Mattermost/button_ngoctin02806_CENTER_button_4xttwiq7k_a79253' is clicked on

2021-05-28 21:11:42 - [TEST_STEP][PASSED] - click(btnUnPin): Object: 'Object Repository/UnpinMsgInDMs/Page_test1 - 123 Mattermost/span_Unpin from Channel' is clicked on

2021-05-28 21:12:13 - [MESSAGE][INFO] - Unable to find the element located by 'By.xpath: //li[@id='unpin_post_4xttwiq7ktb45ctc1z5yoqj5ko']/button/span'. Please recheck the objects properties to make sure the desired element is located. 

2021-05-28 21:12:13 - [MESSAGE][WARNING] - [SELF-HEALING] Failed to find element with id 'Object Repository/UnpinMsgInDMs/Page_test1 - 123 Mattermost/span_Unpin from Channel'. Try using Self-healing.

2021-05-28 21:12:13 - [MESSAGE][INFO] - [SELF-HEALING] Failed Locator: '//li[@id='unpin_post_4xttwiq7ktb45ctc1z5yoqj5ko']/button/span'.

2021-05-28 21:12:13 - [MESSAGE][INFO] - [SELF-HEALING] Working Locator: '(.//*[normalize-space(text()) and normalize-space(.)='Copy Link'])[1]/following::span[1]'.

2021-05-28 21:12:14 - [MESSAGE][INFO] - [SELF-HEALING] Screenshot: G:/HCMUS/Nam4/HK2/Deadline/2/katalon/Reports/Self-healing/Object Repository/UnpinMsgInDMs/Page_test1 - 123 Mattermost/span_Unpin from Channel_neighbor.png

2021-05-28 21:12:14 - [MESSAGE][WARNING] - [SELF-HEALING] The current locator of test object 'Object Repository/UnpinMsgInDMs/Page_test1 - 123 Mattermost/span_Unpin from Channel' was broken. Propose an alternative one: '(.//*[normalize-space(text()) and normalize-space(.)='Copy Link'])[1]/following::span[1]'.

2021-05-28 21:12:14 - [MESSAGE][PASSED] - Object: 'Object Repository/UnpinMsgInDMs/Page_test1 - 123 Mattermost/span_Unpin from Channel' is clicked on]]></system-out>
         <system-err><![CDATA[]]></system-err>
      </testcase>
      <testcase name="Test Cases/MuteUnmuteChannel" time="22.532" classname="Test Cases/MuteUnmuteChannel" status="PASSED">
         <system-out><![CDATA[2021-05-28 21:12:14 - [TEST_CASE][PASSED] - Test Cases/MuteUnmuteChannel: Test Cases/MuteUnmuteChannel

2021-05-28 21:12:15 - [TEST_STEP][PASSED] - openBrowser("https://cdnc-group2.herokuapp.com/"): Browser is opened with url: 'https://cdnc-group2.herokuapp.com/'

2021-05-28 21:12:15 - [MESSAGE][WARNING] - A browser is already opened. Closing browser and opening a new one

2021-05-28 21:12:15 - [MESSAGE][INFO] - Starting 'Chrome' driver

2021-05-28 21:12:15 - [MESSAGE][INFO] - Action delay is set to 0 milliseconds

2021-05-28 21:12:21 - [MESSAGE][PASSED] - Browser is opened with url: 'https://cdnc-group2.herokuapp.com/'

2021-05-28 21:12:21 - [TEST_STEP][PASSED] - setText(findTestObject("Login/input_Email"), "ngoctin040999@gmail.com"): Text 'ngoctin040999@gmail.com' is set on object 'Object Repository/Login/input_Email'

2021-05-28 21:12:26 - [MESSAGE][PASSED] - Text 'ngoctin040999@gmail.com' is set on object 'Object Repository/Login/input_Email'

2021-05-28 21:12:26 - [TEST_STEP][PASSED] - setText(findTestObject("Login/input_Password"), "ngoctin1"): Text 'ngoctin1' is set on object 'Object Repository/Login/input_Password'

2021-05-28 21:12:27 - [MESSAGE][PASSED] - Text 'ngoctin1' is set on object 'Object Repository/Login/input_Password'

2021-05-28 21:12:27 - [TEST_STEP][PASSED] - click(findTestObject("Login/button_Sign in")): Object: 'Object Repository/Login/button_Sign in' is clicked on

2021-05-28 21:12:28 - [MESSAGE][PASSED] - Object: 'Object Repository/Login/button_Sign in' is clicked on

2021-05-28 21:12:28 - [TEST_STEP][PASSED] - delay(2): Delayed 2 second(s)

2021-05-28 21:12:30 - [MESSAGE][PASSED] - Delayed 2 second(s)

2021-05-28 21:12:30 - [TEST_STEP][PASSED] - click(findTestObject("Ignore mentions/button_Town Square")): Object: 'Object Repository/Ignore mentions/button_Town Square' is clicked on

2021-05-28 21:12:32 - [MESSAGE][PASSED] - Object: 'Object Repository/Ignore mentions/button_Town Square' is clicked on

2021-05-28 21:12:32 - [TEST_STEP][PASSED] - click(findTestObject("Mute Unmute Channel/button_Mute Channel")): Object: 'Object Repository/Mute Unmute Channel/button_Mute Channel' is clicked on

2021-05-28 21:12:32 - [MESSAGE][PASSED] - Object: 'Object Repository/Mute Unmute Channel/button_Mute Channel' is clicked on

2021-05-28 21:12:32 - [TEST_STEP][PASSED] - verifyElementVisible(findTestObject("Mute Unmute Channel/i_Town Square_icon fa fa-bell-slash-o")): Object 'Object Repository/Mute Unmute Channel/i_Town Square_icon fa fa-bell-slash-o' is visible

2021-05-28 21:12:33 - [MESSAGE][PASSED] - Object 'Object Repository/Mute Unmute Channel/i_Town Square_icon fa fa-bell-slash-o' is visible

2021-05-28 21:12:33 - [TEST_STEP][PASSED] - delay(1): Delayed 1 second(s)

2021-05-28 21:12:34 - [MESSAGE][PASSED] - Delayed 1 second(s)

2021-05-28 21:12:34 - [TEST_STEP][PASSED] - click(findTestObject("Ignore mentions/button_Town Square")): Object: 'Object Repository/Ignore mentions/button_Town Square' is clicked on

2021-05-28 21:12:34 - [MESSAGE][PASSED] - Object: 'Object Repository/Ignore mentions/button_Town Square' is clicked on

2021-05-28 21:12:34 - [TEST_STEP][PASSED] - click(findTestObject("Mute Unmute Channel/button_Unmute Channel")): Object: 'Object Repository/Mute Unmute Channel/button_Unmute Channel' is clicked on

2021-05-28 21:12:35 - [MESSAGE][PASSED] - Object: 'Object Repository/Mute Unmute Channel/button_Unmute Channel' is clicked on

2021-05-28 21:12:35 - [TEST_STEP][PASSED] - delay(1): Delayed 1 second(s)

2021-05-28 21:12:36 - [MESSAGE][PASSED] - Delayed 1 second(s)

2021-05-28 21:12:36 - [TEST_STEP][PASSED] - closeBrowser(): Browser is closed

2021-05-28 21:12:37 - [MESSAGE][PASSED] - Browser is closed]]></system-out>
         <system-err><![CDATA[]]></system-err>
      </testcase>
      <testcase name="Test Cases/PinMessage" time="111.465" classname="Test Cases/PinMessage" status="PASSED">
         <system-out><![CDATA[2021-05-28 21:12:37 - [TEST_CASE][PASSED] - Test Cases/PinMessage: Test Cases/PinMessage

2021-05-28 21:12:37 - [TEST_STEP][PASSED] - openBrowser(""): Browser is opened with url: ''

2021-05-28 21:12:37 - [MESSAGE][INFO] - Starting 'Chrome' driver

2021-05-28 21:12:37 - [MESSAGE][INFO] - Action delay is set to 0 milliseconds

2021-05-28 21:12:39 - [MESSAGE][PASSED] - Browser is opened with url: ''

2021-05-28 21:12:39 - [TEST_STEP][PASSED] - navigateToUrl("https://cdnc-group2.herokuapp.com/login"): Navigate to 'https://cdnc-group2.herokuapp.com/login' successfully

2021-05-28 21:12:45 - [MESSAGE][PASSED] - Navigate to 'https://cdnc-group2.herokuapp.com/login' successfully

2021-05-28 21:12:45 - [TEST_STEP][PASSED] - setText(findTestObject("Object Repository/DeleteMessage_OR/Page_Mattermost/input_All team communication in one place, _dcc84b"), "ngoctin040999@gmail.com"): Text 'ngoctin040999@gmail.com' is set on object 'Object Repository/DeleteMessage_OR/Page_Mattermost/input_All team communication in one place, _dcc84b'

2021-05-28 21:12:50 - [MESSAGE][PASSED] - Text 'ngoctin040999@gmail.com' is set on object 'Object Repository/DeleteMessage_OR/Page_Mattermost/input_All team communication in one place, _dcc84b'

2021-05-28 21:12:50 - [TEST_STEP][PASSED] - setEncryptedText(findTestObject("Object Repository/DeleteMessage_OR/Page_Mattermost/input_All team communication in one place, _a3edc6"), "S8w1SJvl7D1hts9IdMV+NQ=="): Text ****** has been set on object 'Object Repository/DeleteMessage_OR/Page_Mattermost/input_All team communication in one place, _a3edc6'

2021-05-28 21:12:51 - [MESSAGE][PASSED] - Text ****** has been set on object 'Object Repository/DeleteMessage_OR/Page_Mattermost/input_All team communication in one place, _a3edc6'

2021-05-28 21:12:51 - [TEST_STEP][PASSED] - sendKeys(findTestObject("Object Repository/DeleteMessage_OR/Page_Mattermost/input_All team communication in one place, _a3edc6"), Keys.chord(ENTER)): Keys 'ENTER + ' sent to object: 'Object Repository/DeleteMessage_OR/Page_Mattermost/input_All team communication in one place, _a3edc6'

2021-05-28 21:12:52 - [MESSAGE][PASSED] - Keys 'ENTER + ' sent to object: 'Object Repository/DeleteMessage_OR/Page_Mattermost/input_All team communication in one place, _a3edc6'

2021-05-28 21:12:52 - [TEST_STEP][PASSED] - click(findTestObject("Object Repository/DeleteMessage_OR/Page_Town Square - TOKEN_UPDATED Mattermost/span_Test 77777")): Object: 'Object Repository/DeleteMessage_OR/Page_Town Square - TOKEN_UPDATED Mattermost/span_Test 77777' is clicked on

2021-05-28 21:13:23 - [MESSAGE][INFO] - Unable to find the element located by 'By.xpath: //*[(text() = 'Test 77777' or . = 'Test 77777')]'. Please recheck the objects properties to make sure the desired element is located. 

2021-05-28 21:13:23 - [MESSAGE][WARNING] - [SELF-HEALING] Failed to find element with id 'Object Repository/DeleteMessage_OR/Page_Town Square - TOKEN_UPDATED Mattermost/span_Test 77777'. Try using Self-healing.

2021-05-28 21:13:23 - [MESSAGE][WARNING] - [SELF-HEALING] The current locator of test object 'Object Repository/DeleteMessage_OR/Page_Town Square - TOKEN_UPDATED Mattermost/span_Test 77777' was broken. Propose an alternative one: '(.//*[normalize-space(text()) and normalize-space(.)='Test 111223'])[1]/preceding::span[2]'.

2021-05-28 21:13:23 - [MESSAGE][PASSED] - Object: 'Object Repository/DeleteMessage_OR/Page_Town Square - TOKEN_UPDATED Mattermost/span_Test 77777' is clicked on

2021-05-28 21:13:23 - [TEST_STEP][PASSED] - mouseOver(findTestObject("Object Repository/DeleteMessage_OR/Page_Test 77777 - TOKEN_UPDATED Mattermost/div_ngoctin12345747 PM213154645")): Object: 'Object Repository/DeleteMessage_OR/Page_Test 77777 - TOKEN_UPDATED Mattermost/div_ngoctin12345747 PM213154645' is hovered

2021-05-28 21:13:55 - [MESSAGE][INFO] - Unable to find the element located by 'By.xpath: '. Please recheck the objects properties to make sure the desired element is located. 

2021-05-28 21:13:55 - [MESSAGE][WARNING] - [SELF-HEALING] Failed to find element with id 'Object Repository/DeleteMessage_OR/Page_Test 77777 - TOKEN_UPDATED Mattermost/div_ngoctin12345747 PM213154645'. Try using Self-healing.

2021-05-28 21:13:55 - [MESSAGE][WARNING] - [SELF-HEALING] The current locator of test object 'Object Repository/DeleteMessage_OR/Page_Test 77777 - TOKEN_UPDATED Mattermost/div_ngoctin12345747 PM213154645' was broken. Propose an alternative one: '(.//*[normalize-space(text()) and normalize-space(.)='ngoctin12345'])[4]/following::div[19]'.

2021-05-28 21:13:55 - [MESSAGE][PASSED] - Object: 'Object Repository/DeleteMessage_OR/Page_Test 77777 - TOKEN_UPDATED Mattermost/div_ngoctin12345747 PM213154645' is hovered

2021-05-28 21:13:55 - [TEST_STEP][PASSED] - click(findTestObject("Object Repository/DeleteMessage_OR/Page_Test 77777 - TOKEN_UPDATED Mattermost/svg")): Object: 'Object Repository/DeleteMessage_OR/Page_Test 77777 - TOKEN_UPDATED Mattermost/svg' is clicked on

2021-05-28 21:13:56 - [MESSAGE][PASSED] - Object: 'Object Repository/DeleteMessage_OR/Page_Test 77777 - TOKEN_UPDATED Mattermost/svg' is clicked on

2021-05-28 21:13:56 - [TEST_STEP][PASSED] - click(findTestObject("Object Repository/DeleteMessage_OR/Page_Test 77777 - TOKEN_UPDATED Mattermost/button_Pin to Channel")): Object: 'Object Repository/DeleteMessage_OR/Page_Test 77777 - TOKEN_UPDATED Mattermost/button_Pin to Channel' is clicked on

2021-05-28 21:14:27 - [MESSAGE][INFO] - Unable to find the element located by 'By.xpath: '. Please recheck the objects properties to make sure the desired element is located. 

2021-05-28 21:14:27 - [MESSAGE][WARNING] - [SELF-HEALING] Failed to find element with id 'Object Repository/DeleteMessage_OR/Page_Test 77777 - TOKEN_UPDATED Mattermost/button_Pin to Channel'. Try using Self-healing.

2021-05-28 21:14:27 - [MESSAGE][WARNING] - [SELF-HEALING] The current locator of test object 'Object Repository/DeleteMessage_OR/Page_Test 77777 - TOKEN_UPDATED Mattermost/button_Pin to Channel' was broken. Propose an alternative one: '(.//*[normalize-space(text()) and normalize-space(.)='Copy Link'])[1]/following::button[1]'.

2021-05-28 21:14:27 - [MESSAGE][PASSED] - Object: 'Object Repository/DeleteMessage_OR/Page_Test 77777 - TOKEN_UPDATED Mattermost/button_Pin to Channel' is clicked on

2021-05-28 21:14:27 - [TEST_STEP][PASSED] - closeBrowser(): Browser is closed

2021-05-28 21:14:28 - [MESSAGE][PASSED] - Browser is closed]]></system-out>
         <system-err><![CDATA[]]></system-err>
      </testcase>
      <testcase name="Test Cases/Register" time="137.338" classname="Test Cases/Register" status="FAILED">
         <failure type="FAILED" message="Test Cases/Register FAILED.
Reason:
com.kms.katalon.core.exception.StepFailedException: Unable to set text 'test' of object 'Object Repository/Register/input_Choose your username_name'
	at com.kms.katalon.core.webui.keyword.internal.WebUIKeywordMain.stepFailed(WebUIKeywordMain.groovy:64)
	at com.kms.katalon.core.webui.keyword.internal.WebUIKeywordMain.runKeyword(WebUIKeywordMain.groovy:26)
	at com.kms.katalon.core.webui.keyword.builtin.SetTextKeyword.setText(SetTextKeyword.groovy:66)
	at com.kms.katalon.core.webui.keyword.builtin.SetTextKeyword.execute(SetTextKeyword.groovy:37)
	at com.kms.katalon.core.keyword.internal.KeywordExecutor.executeKeywordForPlatform(KeywordExecutor.groovy:73)
	at com.kms.katalon.core.webui.keyword.WebUiBuiltInKeywords.setText(WebUiBuiltInKeywords.groovy:979)
	at com.kms.katalon.core.webui.keyword.WebUiBuiltInKeywords$setText$1.call(Unknown Source)
	at Register.run(Register:26)
	at com.kms.katalon.core.main.ScriptEngine.run(ScriptEngine.java:194)
	at com.kms.katalon.core.main.ScriptEngine.runScriptAsRawText(ScriptEngine.java:119)
	at com.kms.katalon.core.main.TestCaseExecutor.runScript(TestCaseExecutor.java:398)
	at com.kms.katalon.core.main.TestCaseExecutor.doExecute(TestCaseExecutor.java:389)
	at com.kms.katalon.core.main.TestCaseExecutor.processExecutionPhase(TestCaseExecutor.java:368)
	at com.kms.katalon.core.main.TestCaseExecutor.accessMainPhase(TestCaseExecutor.java:360)
	at com.kms.katalon.core.main.TestCaseExecutor.execute(TestCaseExecutor.java:255)
	at com.kms.katalon.core.main.TestSuiteExecutor.accessTestCaseMainPhase(TestSuiteExecutor.java:203)
	at com.kms.katalon.core.main.TestSuiteExecutor.accessTestSuiteMainPhase(TestSuiteExecutor.java:152)
	at com.kms.katalon.core.main.TestSuiteExecutor.execute(TestSuiteExecutor.java:95)
	at com.kms.katalon.core.main.TestCaseMain.startTestSuite(TestCaseMain.java:157)
	at com.kms.katalon.core.main.TestCaseMain$startTestSuite$0.call(Unknown Source)
	at TempTestSuite1622209211486.run(TempTestSuite1622209211486.groovy:39)
Caused by: com.kms.katalon.core.webui.exception.WebElementNotFoundException: Web element with id: 'Object Repository/Register/input_Choose your username_name' located by '//input[@id='name']' not found
	at com.kms.katalon.core.webui.common.WebUiCommonHelper.findWebElement(WebUiCommonHelper.java:1368)
	at com.kms.katalon.core.webui.keyword.internal.WebUIAbstractKeyword.findWebElement(WebUIAbstractKeyword.groovy:27)
	at com.kms.katalon.core.webui.keyword.internal.WebUIAbstractKeyword.findWebElement(WebUIAbstractKeyword.groovy:26)
	at com.kms.katalon.core.webui.keyword.builtin.SetTextKeyword$_setText_closure1.doCall(SetTextKeyword.groovy:51)
	at com.kms.katalon.core.webui.keyword.builtin.SetTextKeyword$_setText_closure1.call(SetTextKeyword.groovy)
	at com.kms.katalon.core.webui.keyword.internal.WebUIKeywordMain.runKeyword(WebUIKeywordMain.groovy:20)
	... 19 more
"/>
         <system-out><![CDATA[2021-05-28 21:14:28 - [TEST_CASE][FAILED] - Test Cases/Register: Test Cases/Register FAILED.
Reason:
com.kms.katalon.core.exception.StepFailedException: Unable to set text 'test' of object 'Object Repository/Register/input_Choose your username_name'
	at com.kms.katalon.core.webui.keyword.internal.WebUIKeywordMain.stepFailed(WebUIKeywordMain.groovy:64)
	at com.kms.katalon.core.webui.keyword.internal.WebUIKeywordMain.runKeyword(WebUIKeywordMain.groovy:26)
	at com.kms.katalon.core.webui.keyword.builtin.SetTextKeyword.setText(SetTextKeyword.groovy:66)
	at com.kms.katalon.core.webui.keyword.builtin.SetTextKeyword.execute(SetTextKeyword.groovy:37)
	at com.kms.katalon.core.keyword.internal.KeywordExecutor.executeKeywordForPlatform(KeywordExecutor.groovy:73)
	at com.kms.katalon.core.webui.keyword.WebUiBuiltInKeywords.setText(WebUiBuiltInKeywords.groovy:979)
	at com.kms.katalon.core.webui.keyword.WebUiBuiltInKeywords$setText$1.call(Unknown Source)
	at Register.run(Register:26)
	at com.kms.katalon.core.main.ScriptEngine.run(ScriptEngine.java:194)
	at com.kms.katalon.core.main.ScriptEngine.runScriptAsRawText(ScriptEngine.java:119)
	at com.kms.katalon.core.main.TestCaseExecutor.runScript(TestCaseExecutor.java:398)
	at com.kms.katalon.core.main.TestCaseExecutor.doExecute(TestCaseExecutor.java:389)
	at com.kms.katalon.core.main.TestCaseExecutor.processExecutionPhase(TestCaseExecutor.java:368)
	at com.kms.katalon.core.main.TestCaseExecutor.accessMainPhase(TestCaseExecutor.java:360)
	at com.kms.katalon.core.main.TestCaseExecutor.execute(TestCaseExecutor.java:255)
	at com.kms.katalon.core.main.TestSuiteExecutor.accessTestCaseMainPhase(TestSuiteExecutor.java:203)
	at com.kms.katalon.core.main.TestSuiteExecutor.accessTestSuiteMainPhase(TestSuiteExecutor.java:152)
	at com.kms.katalon.core.main.TestSuiteExecutor.execute(TestSuiteExecutor.java:95)
	at com.kms.katalon.core.main.TestCaseMain.startTestSuite(TestCaseMain.java:157)
	at com.kms.katalon.core.main.TestCaseMain$startTestSuite$0.call(Unknown Source)
	at TempTestSuite1622209211486.run(TempTestSuite1622209211486.groovy:39)
Caused by: com.kms.katalon.core.webui.exception.WebElementNotFoundException: Web element with id: 'Object Repository/Register/input_Choose your username_name' located by '//input[@id='name']' not found
	at com.kms.katalon.core.webui.common.WebUiCommonHelper.findWebElement(WebUiCommonHelper.java:1368)
	at com.kms.katalon.core.webui.keyword.internal.WebUIAbstractKeyword.findWebElement(WebUIAbstractKeyword.groovy:27)
	at com.kms.katalon.core.webui.keyword.internal.WebUIAbstractKeyword.findWebElement(WebUIAbstractKeyword.groovy:26)
	at com.kms.katalon.core.webui.keyword.builtin.SetTextKeyword$_setText_closure1.doCall(SetTextKeyword.groovy:51)
	at com.kms.katalon.core.webui.keyword.builtin.SetTextKeyword$_setText_closure1.call(SetTextKeyword.groovy)
	at com.kms.katalon.core.webui.keyword.internal.WebUIKeywordMain.runKeyword(WebUIKeywordMain.groovy:20)
	... 19 more


2021-05-28 21:14:28 - [TEST_STEP][PASSED] - openBrowser("https://cdnc-group2.herokuapp.com/"): Browser is opened with url: 'https://cdnc-group2.herokuapp.com/'

2021-05-28 21:14:28 - [MESSAGE][INFO] - Starting 'Chrome' driver

2021-05-28 21:14:29 - [MESSAGE][INFO] - Action delay is set to 0 milliseconds

2021-05-28 21:14:34 - [MESSAGE][PASSED] - Browser is opened with url: 'https://cdnc-group2.herokuapp.com/'

2021-05-28 21:14:34 - [TEST_STEP][PASSED] - click(findTestObject("Register/a_Create one now")): Object: 'Object Repository/Register/a_Create one now' is clicked on

2021-05-28 21:15:05 - [MESSAGE][INFO] - Unable to find the element located by 'By.xpath: //a[@id='signup']'. Please recheck the objects properties to make sure the desired element is located. 

2021-05-28 21:15:05 - [MESSAGE][WARNING] - [SELF-HEALING] Failed to find element with id 'Object Repository/Register/a_Create one now'. Try using Self-healing.

2021-05-28 21:15:06 - [MESSAGE][INFO] - [SELF-HEALING] Failed Locator: '//a[@id='signup']'.

2021-05-28 21:15:06 - [MESSAGE][INFO] - [SELF-HEALING] Failed Locator: '//div[@id='login_section']/div/div[2]/div/div/span/a'.

2021-05-28 21:15:06 - [MESSAGE][INFO] - [SELF-HEALING] Failed Locator: '(.//*[normalize-space(text()) and normalize-space(.)=concat('Don', "'", 't have an account?')])[1]/following::a[1]'.

2021-05-28 21:15:06 - [MESSAGE][INFO] - [SELF-HEALING] Working Locator: '(.//*[normalize-space(text()) and normalize-space(.)='Sign in'])[1]/following::a[1]'.

2021-05-28 21:15:06 - [MESSAGE][INFO] - [SELF-HEALING] Screenshot: G:/HCMUS/Nam4/HK2/Deadline/2/katalon/Reports/Self-healing/Object Repository/Register/a_Create one now_neighbor.png

2021-05-28 21:15:06 - [MESSAGE][WARNING] - [SELF-HEALING] The current locator of test object 'Object Repository/Register/a_Create one now' was broken. Propose an alternative one: '(.//*[normalize-space(text()) and normalize-space(.)='Sign in'])[1]/following::a[1]'.

2021-05-28 21:15:07 - [MESSAGE][PASSED] - Object: 'Object Repository/Register/a_Create one now' is clicked on

2021-05-28 21:15:07 - [TEST_STEP][PASSED] - setText(findTestObject("Register/input_concat(What, , s your email address)_email"), "test@gmail.com"): Text 'test@gmail.com' is set on object 'Object Repository/Register/input_concat(What, , s your email address)_email'

2021-05-28 21:15:38 - [MESSAGE][INFO] - Unable to find the element located by 'By.xpath: //input[@id='email']'. Please recheck the objects properties to make sure the desired element is located. 

2021-05-28 21:15:38 - [MESSAGE][WARNING] - [SELF-HEALING] Failed to find element with id 'Object Repository/Register/input_concat(What, , s your email address)_email'. Try using Self-healing.

2021-05-28 21:15:38 - [MESSAGE][INFO] - [SELF-HEALING] Failed Locator: '//input[@id='email']'.

2021-05-28 21:15:38 - [MESSAGE][INFO] - [SELF-HEALING] Failed Locator: '//div[@id='signup_email_section']/div/form/div/div/div/input'.

2021-05-28 21:15:38 - [MESSAGE][INFO] - [SELF-HEALING] Working Locator: '//input'.

2021-05-28 21:15:39 - [MESSAGE][INFO] - [SELF-HEALING] Screenshot: G:/HCMUS/Nam4/HK2/Deadline/2/katalon/Reports/Self-healing/Object Repository/Register/input_concat(What, , s your email address)_email_position.png

2021-05-28 21:15:39 - [MESSAGE][WARNING] - [SELF-HEALING] The current locator of test object 'Object Repository/Register/input_concat(What, , s your email address)_email' was broken. Propose an alternative one: '//input'.

2021-05-28 21:16:10 - [MESSAGE][INFO] - Unable to find the element located by 'By.xpath: //input[@id='email']'. Please recheck the objects properties to make sure the desired element is located. 

2021-05-28 21:16:10 - [MESSAGE][WARNING] - [SELF-HEALING] Failed to find element with id 'Object Repository/Register/input_concat(What, , s your email address)_email'. Try using Self-healing.

2021-05-28 21:16:10 - [MESSAGE][WARNING] - [SELF-HEALING] The current locator of test object 'Object Repository/Register/input_concat(What, , s your email address)_email' was broken. Propose an alternative one: '//input'.

2021-05-28 21:16:10 - [MESSAGE][PASSED] - Text 'test@gmail.com' is set on object 'Object Repository/Register/input_concat(What, , s your email address)_email'

2021-05-28 21:16:10 - [TEST_STEP][FAILED] - setText(findTestObject("Register/input_Choose your username_name"), "test"): Unable to set text 'test' of object 'Object Repository/Register/input_Choose your username_name' (Root cause: com.kms.katalon.core.exception.StepFailedException: Unable to set text 'test' of object 'Object Repository/Register/input_Choose your username_name'
	at com.kms.katalon.core.webui.keyword.internal.WebUIKeywordMain.stepFailed(WebUIKeywordMain.groovy:64)
	at com.kms.katalon.core.webui.keyword.internal.WebUIKeywordMain.runKeyword(WebUIKeywordMain.groovy:26)
	at com.kms.katalon.core.webui.keyword.builtin.SetTextKeyword.setText(SetTextKeyword.groovy:66)
	at com.kms.katalon.core.webui.keyword.builtin.SetTextKeyword.execute(SetTextKeyword.groovy:37)
	at com.kms.katalon.core.keyword.internal.KeywordExecutor.executeKeywordForPlatform(KeywordExecutor.groovy:73)
	at com.kms.katalon.core.webui.keyword.WebUiBuiltInKeywords.setText(WebUiBuiltInKeywords.groovy:979)
	at com.kms.katalon.core.webui.keyword.WebUiBuiltInKeywords$setText$1.call(Unknown Source)
	at Register.run(Register:26)
	at com.kms.katalon.core.main.ScriptEngine.run(ScriptEngine.java:194)
	at com.kms.katalon.core.main.ScriptEngine.runScriptAsRawText(ScriptEngine.java:119)
	at com.kms.katalon.core.main.TestCaseExecutor.runScript(TestCaseExecutor.java:398)
	at com.kms.katalon.core.main.TestCaseExecutor.doExecute(TestCaseExecutor.java:389)
	at com.kms.katalon.core.main.TestCaseExecutor.processExecutionPhase(TestCaseExecutor.java:368)
	at com.kms.katalon.core.main.TestCaseExecutor.accessMainPhase(TestCaseExecutor.java:360)
	at com.kms.katalon.core.main.TestCaseExecutor.execute(TestCaseExecutor.java:255)
	at com.kms.katalon.core.main.TestSuiteExecutor.accessTestCaseMainPhase(TestSuiteExecutor.java:203)
	at com.kms.katalon.core.main.TestSuiteExecutor.accessTestSuiteMainPhase(TestSuiteExecutor.java:152)
	at com.kms.katalon.core.main.TestSuiteExecutor.execute(TestSuiteExecutor.java:95)
	at com.kms.katalon.core.main.TestCaseMain.startTestSuite(TestCaseMain.java:157)
	at com.kms.katalon.core.main.TestCaseMain$startTestSuite$0.call(Unknown Source)
	at TempTestSuite1622209211486.run(TempTestSuite1622209211486.groovy:39)
Caused by: com.kms.katalon.core.webui.exception.WebElementNotFoundException: Web element with id: 'Object Repository/Register/input_Choose your username_name' located by '//input[@id='name']' not found
	at com.kms.katalon.core.webui.common.WebUiCommonHelper.findWebElement(WebUiCommonHelper.java:1368)
	at com.kms.katalon.core.webui.keyword.internal.WebUIAbstractKeyword.findWebElement(WebUIAbstractKeyword.groovy:27)
	at com.kms.katalon.core.webui.keyword.internal.WebUIAbstractKeyword.findWebElement(WebUIAbstractKeyword.groovy:26)
	at com.kms.katalon.core.webui.keyword.builtin.SetTextKeyword$_setText_closure1.doCall(SetTextKeyword.groovy:51)
	at com.kms.katalon.core.webui.keyword.builtin.SetTextKeyword$_setText_closure1.call(SetTextKeyword.groovy)
	at com.kms.katalon.core.webui.keyword.internal.WebUIKeywordMain.runKeyword(WebUIKeywordMain.groovy:20)
	at com.kms.katalon.core.webui.keyword.builtin.SetTextKeyword.setText(SetTextKeyword.groovy:66)
	at com.kms.katalon.core.webui.keyword.builtin.SetTextKeyword.execute(SetTextKeyword.groovy:37)
	at com.kms.katalon.core.keyword.internal.KeywordExecutor.executeKeywordForPlatform(KeywordExecutor.groovy:73)
	at com.kms.katalon.core.webui.keyword.WebUiBuiltInKeywords.setText(WebUiBuiltInKeywords.groovy:979)
	at com.kms.katalon.core.webui.keyword.WebUiBuiltInKeywords$setText$1.call(Unknown Source)
	at Script1621882964297.run(Script1621882964297.groovy:26)
	... 13 more
)

2021-05-28 21:16:41 - [MESSAGE][INFO] - Unable to find the element located by 'By.xpath: //input[@id='name']'. Please recheck the objects properties to make sure the desired element is located. 

2021-05-28 21:16:41 - [MESSAGE][WARNING] - [SELF-HEALING] Failed to find element with id 'Object Repository/Register/input_Choose your username_name'. Try using Self-healing.

2021-05-28 21:16:42 - [MESSAGE][INFO] - [SELF-HEALING] Failed Locator: '//input[@id='name']'.

2021-05-28 21:16:42 - [MESSAGE][INFO] - [SELF-HEALING] Failed Locator: '//div[@id='signup_email_section']/div/form/div/div[2]/div/input'.

2021-05-28 21:16:42 - [MESSAGE][INFO] - [SELF-HEALING] Failed Locator: '//div[2]/div/input'.

2021-05-28 21:16:42 - [MESSAGE][INFO] - [SELF-HEALING] Failed Locator: '//input[@id='name']'.

2021-05-28 21:16:43 - [MESSAGE][INFO] - [SELF-HEALING] Failed Locator: '//div[@id='signup_email_section']/div/form/div/div[2]/div/input'.

2021-05-28 21:16:43 - [MESSAGE][INFO] - [SELF-HEALING] Failed Locator: '//div[2]/div/input'.

2021-05-28 21:16:44 - [MESSAGE][INFO] - Unable to find the element located by 'By.xpath: //*[@id = 'name' and @type = 'text']'. Please recheck the objects properties to make sure the desired element is located. 

2021-05-28 21:16:45 - [MESSAGE][INFO] - Unable to find the element located by 'By.cssSelector: #name'. Please recheck the objects properties to make sure the desired element is located. 

2021-05-28 21:16:45 - [MESSAGE][FAILED] - Unable to set text 'test' of object 'Object Repository/Register/input_Choose your username_name' (Root cause: com.kms.katalon.core.exception.StepFailedException: Unable to set text 'test' of object 'Object Repository/Register/input_Choose your username_name'
	at com.kms.katalon.core.webui.keyword.internal.WebUIKeywordMain.stepFailed(WebUIKeywordMain.groovy:64)
	at com.kms.katalon.core.webui.keyword.internal.WebUIKeywordMain.runKeyword(WebUIKeywordMain.groovy:26)
	at com.kms.katalon.core.webui.keyword.builtin.SetTextKeyword.setText(SetTextKeyword.groovy:66)
	at com.kms.katalon.core.webui.keyword.builtin.SetTextKeyword.execute(SetTextKeyword.groovy:37)
	at com.kms.katalon.core.keyword.internal.KeywordExecutor.executeKeywordForPlatform(KeywordExecutor.groovy:73)
	at com.kms.katalon.core.webui.keyword.WebUiBuiltInKeywords.setText(WebUiBuiltInKeywords.groovy:979)
	at com.kms.katalon.core.webui.keyword.WebUiBuiltInKeywords$setText$1.call(Unknown Source)
	at Register.run(Register:26)
	at com.kms.katalon.core.main.ScriptEngine.run(ScriptEngine.java:194)
	at com.kms.katalon.core.main.ScriptEngine.runScriptAsRawText(ScriptEngine.java:119)
	at com.kms.katalon.core.main.TestCaseExecutor.runScript(TestCaseExecutor.java:398)
	at com.kms.katalon.core.main.TestCaseExecutor.doExecute(TestCaseExecutor.java:389)
	at com.kms.katalon.core.main.TestCaseExecutor.processExecutionPhase(TestCaseExecutor.java:368)
	at com.kms.katalon.core.main.TestCaseExecutor.accessMainPhase(TestCaseExecutor.java:360)
	at com.kms.katalon.core.main.TestCaseExecutor.execute(TestCaseExecutor.java:255)
	at com.kms.katalon.core.main.TestSuiteExecutor.accessTestCaseMainPhase(TestSuiteExecutor.java:203)
	at com.kms.katalon.core.main.TestSuiteExecutor.accessTestSuiteMainPhase(TestSuiteExecutor.java:152)
	at com.kms.katalon.core.main.TestSuiteExecutor.execute(TestSuiteExecutor.java:95)
	at com.kms.katalon.core.main.TestCaseMain.startTestSuite(TestCaseMain.java:157)
	at com.kms.katalon.core.main.TestCaseMain$startTestSuite$0.call(Unknown Source)
	at TempTestSuite1622209211486.run(TempTestSuite1622209211486.groovy:39)
Caused by: com.kms.katalon.core.webui.exception.WebElementNotFoundException: Web element with id: 'Object Repository/Register/input_Choose your username_name' located by '//input[@id='name']' not found
	at com.kms.katalon.core.webui.common.WebUiCommonHelper.findWebElement(WebUiCommonHelper.java:1368)
	at com.kms.katalon.core.webui.keyword.internal.WebUIAbstractKeyword.findWebElement(WebUIAbstractKeyword.groovy:27)
	at com.kms.katalon.core.webui.keyword.internal.WebUIAbstractKeyword.findWebElement(WebUIAbstractKeyword.groovy:26)
	at com.kms.katalon.core.webui.keyword.builtin.SetTextKeyword$_setText_closure1.doCall(SetTextKeyword.groovy:51)
	at com.kms.katalon.core.webui.keyword.builtin.SetTextKeyword$_setText_closure1.call(SetTextKeyword.groovy)
	at com.kms.katalon.core.webui.keyword.internal.WebUIKeywordMain.runKeyword(WebUIKeywordMain.groovy:20)
	at com.kms.katalon.core.webui.keyword.builtin.SetTextKeyword.setText(SetTextKeyword.groovy:66)
	at com.kms.katalon.core.webui.keyword.builtin.SetTextKeyword.execute(SetTextKeyword.groovy:37)
	at com.kms.katalon.core.keyword.internal.KeywordExecutor.executeKeywordForPlatform(KeywordExecutor.groovy:73)
	at com.kms.katalon.core.webui.keyword.WebUiBuiltInKeywords.setText(WebUiBuiltInKeywords.groovy:979)
	at com.kms.katalon.core.webui.keyword.WebUiBuiltInKeywords$setText$1.call(Unknown Source)
	at Script1621882964297.run(Script1621882964297.groovy:26)
	... 13 more
)
[[ATTACHMENT|G:\\HCMUS\\Nam4\\HK2\\Deadline\\2\\katalon\\Reports\\20210528_204011\\Run all test cases\\20210528_204011\\1622211405601.png]]]]></system-out>
         <system-err><![CDATA[2021-05-28 21:14:28 - [TEST_CASE][FAILED] - Test Cases/Register: Test Cases/Register FAILED.
Reason:
com.kms.katalon.core.exception.StepFailedException: Unable to set text 'test' of object 'Object Repository/Register/input_Choose your username_name'
	at com.kms.katalon.core.webui.keyword.internal.WebUIKeywordMain.stepFailed(WebUIKeywordMain.groovy:64)
	at com.kms.katalon.core.webui.keyword.internal.WebUIKeywordMain.runKeyword(WebUIKeywordMain.groovy:26)
	at com.kms.katalon.core.webui.keyword.builtin.SetTextKeyword.setText(SetTextKeyword.groovy:66)
	at com.kms.katalon.core.webui.keyword.builtin.SetTextKeyword.execute(SetTextKeyword.groovy:37)
	at com.kms.katalon.core.keyword.internal.KeywordExecutor.executeKeywordForPlatform(KeywordExecutor.groovy:73)
	at com.kms.katalon.core.webui.keyword.WebUiBuiltInKeywords.setText(WebUiBuiltInKeywords.groovy:979)
	at com.kms.katalon.core.webui.keyword.WebUiBuiltInKeywords$setText$1.call(Unknown Source)
	at Register.run(Register:26)
	at com.kms.katalon.core.main.ScriptEngine.run(ScriptEngine.java:194)
	at com.kms.katalon.core.main.ScriptEngine.runScriptAsRawText(ScriptEngine.java:119)
	at com.kms.katalon.core.main.TestCaseExecutor.runScript(TestCaseExecutor.java:398)
	at com.kms.katalon.core.main.TestCaseExecutor.doExecute(TestCaseExecutor.java:389)
	at com.kms.katalon.core.main.TestCaseExecutor.processExecutionPhase(TestCaseExecutor.java:368)
	at com.kms.katalon.core.main.TestCaseExecutor.accessMainPhase(TestCaseExecutor.java:360)
	at com.kms.katalon.core.main.TestCaseExecutor.execute(TestCaseExecutor.java:255)
	at com.kms.katalon.core.main.TestSuiteExecutor.accessTestCaseMainPhase(TestSuiteExecutor.java:203)
	at com.kms.katalon.core.main.TestSuiteExecutor.accessTestSuiteMainPhase(TestSuiteExecutor.java:152)
	at com.kms.katalon.core.main.TestSuiteExecutor.execute(TestSuiteExecutor.java:95)
	at com.kms.katalon.core.main.TestCaseMain.startTestSuite(TestCaseMain.java:157)
	at com.kms.katalon.core.main.TestCaseMain$startTestSuite$0.call(Unknown Source)
	at TempTestSuite1622209211486.run(TempTestSuite1622209211486.groovy:39)
Caused by: com.kms.katalon.core.webui.exception.WebElementNotFoundException: Web element with id: 'Object Repository/Register/input_Choose your username_name' located by '//input[@id='name']' not found
	at com.kms.katalon.core.webui.common.WebUiCommonHelper.findWebElement(WebUiCommonHelper.java:1368)
	at com.kms.katalon.core.webui.keyword.internal.WebUIAbstractKeyword.findWebElement(WebUIAbstractKeyword.groovy:27)
	at com.kms.katalon.core.webui.keyword.internal.WebUIAbstractKeyword.findWebElement(WebUIAbstractKeyword.groovy:26)
	at com.kms.katalon.core.webui.keyword.builtin.SetTextKeyword$_setText_closure1.doCall(SetTextKeyword.groovy:51)
	at com.kms.katalon.core.webui.keyword.builtin.SetTextKeyword$_setText_closure1.call(SetTextKeyword.groovy)
	at com.kms.katalon.core.webui.keyword.internal.WebUIKeywordMain.runKeyword(WebUIKeywordMain.groovy:20)
	... 19 more]]></system-err>
      </testcase>
      <testcase name="Test Cases/ReplyMessage" time="113.009" classname="Test Cases/ReplyMessage" status="PASSED">
         <system-out><![CDATA[2021-05-28 21:16:45 - [TEST_CASE][PASSED] - Test Cases/ReplyMessage: Test Cases/ReplyMessage

2021-05-28 21:16:46 - [TEST_STEP][PASSED] - openBrowser(""): Browser is opened with url: ''

2021-05-28 21:16:46 - [MESSAGE][WARNING] - A browser is already opened. Closing browser and opening a new one

2021-05-28 21:16:46 - [MESSAGE][INFO] - Starting 'Chrome' driver

2021-05-28 21:16:46 - [MESSAGE][INFO] - Action delay is set to 0 milliseconds

2021-05-28 21:16:48 - [MESSAGE][PASSED] - Browser is opened with url: ''

2021-05-28 21:16:48 - [TEST_STEP][PASSED] - navigateToUrl("https://cdnc-group2.herokuapp.com/login"): Navigate to 'https://cdnc-group2.herokuapp.com/login' successfully

2021-05-28 21:16:52 - [MESSAGE][PASSED] - Navigate to 'https://cdnc-group2.herokuapp.com/login' successfully

2021-05-28 21:16:52 - [TEST_STEP][PASSED] - setText(findTestObject("Object Repository/DeleteMessage_OR/Page_Mattermost/input_All team communication in one place, _dcc84b"), "ngoctin040999@gmail.com"): Text 'ngoctin040999@gmail.com' is set on object 'Object Repository/DeleteMessage_OR/Page_Mattermost/input_All team communication in one place, _dcc84b'

2021-05-28 21:16:58 - [MESSAGE][PASSED] - Text 'ngoctin040999@gmail.com' is set on object 'Object Repository/DeleteMessage_OR/Page_Mattermost/input_All team communication in one place, _dcc84b'

2021-05-28 21:16:58 - [TEST_STEP][PASSED] - setEncryptedText(findTestObject("Object Repository/DeleteMessage_OR/Page_Mattermost/input_All team communication in one place, _a3edc6"), "S8w1SJvl7D1hts9IdMV+NQ=="): Text ****** has been set on object 'Object Repository/DeleteMessage_OR/Page_Mattermost/input_All team communication in one place, _a3edc6'

2021-05-28 21:16:59 - [MESSAGE][PASSED] - Text ****** has been set on object 'Object Repository/DeleteMessage_OR/Page_Mattermost/input_All team communication in one place, _a3edc6'

2021-05-28 21:16:59 - [TEST_STEP][PASSED] - sendKeys(findTestObject("Object Repository/DeleteMessage_OR/Page_Mattermost/input_All team communication in one place, _a3edc6"), Keys.chord(ENTER)): Keys 'ENTER + ' sent to object: 'Object Repository/DeleteMessage_OR/Page_Mattermost/input_All team communication in one place, _a3edc6'

2021-05-28 21:16:59 - [MESSAGE][PASSED] - Keys 'ENTER + ' sent to object: 'Object Repository/DeleteMessage_OR/Page_Mattermost/input_All team communication in one place, _a3edc6'

2021-05-28 21:16:59 - [TEST_STEP][PASSED] - click(findTestObject("Object Repository/DeleteMessage_OR/Page_Town Square - TOKEN_UPDATED Mattermost/span_Test 77777")): Object: 'Object Repository/DeleteMessage_OR/Page_Town Square - TOKEN_UPDATED Mattermost/span_Test 77777' is clicked on

2021-05-28 21:17:30 - [MESSAGE][INFO] - Unable to find the element located by 'By.xpath: //*[(text() = 'Test 77777' or . = 'Test 77777')]'. Please recheck the objects properties to make sure the desired element is located. 

2021-05-28 21:17:30 - [MESSAGE][WARNING] - [SELF-HEALING] Failed to find element with id 'Object Repository/DeleteMessage_OR/Page_Town Square - TOKEN_UPDATED Mattermost/span_Test 77777'. Try using Self-healing.

2021-05-28 21:17:31 - [MESSAGE][WARNING] - [SELF-HEALING] The current locator of test object 'Object Repository/DeleteMessage_OR/Page_Town Square - TOKEN_UPDATED Mattermost/span_Test 77777' was broken. Propose an alternative one: '(.//*[normalize-space(text()) and normalize-space(.)='Test 111223'])[1]/preceding::span[2]'.

2021-05-28 21:17:31 - [MESSAGE][PASSED] - Object: 'Object Repository/DeleteMessage_OR/Page_Town Square - TOKEN_UPDATED Mattermost/span_Test 77777' is clicked on

2021-05-28 21:17:31 - [TEST_STEP][PASSED] - mouseOver(findTestObject("Object Repository/DeleteMessage_OR/Page_Test 77777 - TOKEN_UPDATED Mattermost/div_ngoctin12345747 PM213154645")): Object: 'Object Repository/DeleteMessage_OR/Page_Test 77777 - TOKEN_UPDATED Mattermost/div_ngoctin12345747 PM213154645' is hovered

2021-05-28 21:18:02 - [MESSAGE][INFO] - Unable to find the element located by 'By.xpath: '. Please recheck the objects properties to make sure the desired element is located. 

2021-05-28 21:18:02 - [MESSAGE][WARNING] - [SELF-HEALING] Failed to find element with id 'Object Repository/DeleteMessage_OR/Page_Test 77777 - TOKEN_UPDATED Mattermost/div_ngoctin12345747 PM213154645'. Try using Self-healing.

2021-05-28 21:18:02 - [MESSAGE][WARNING] - [SELF-HEALING] The current locator of test object 'Object Repository/DeleteMessage_OR/Page_Test 77777 - TOKEN_UPDATED Mattermost/div_ngoctin12345747 PM213154645' was broken. Propose an alternative one: '(.//*[normalize-space(text()) and normalize-space(.)='ngoctin12345'])[4]/following::div[19]'.

2021-05-28 21:18:02 - [MESSAGE][PASSED] - Object: 'Object Repository/DeleteMessage_OR/Page_Test 77777 - TOKEN_UPDATED Mattermost/div_ngoctin12345747 PM213154645' is hovered

2021-05-28 21:18:02 - [TEST_STEP][PASSED] - click(findTestObject("Object Repository/DeleteMessage_OR/Page_Test 77777 - TOKEN_UPDATED Mattermost/svg")): Object: 'Object Repository/DeleteMessage_OR/Page_Test 77777 - TOKEN_UPDATED Mattermost/svg' is clicked on

2021-05-28 21:18:03 - [MESSAGE][PASSED] - Object: 'Object Repository/DeleteMessage_OR/Page_Test 77777 - TOKEN_UPDATED Mattermost/svg' is clicked on

2021-05-28 21:18:03 - [TEST_STEP][PASSED] - click(findTestObject("Object Repository/DeleteMessage_OR/Page_Test 77777 - TOKEN_UPDATED Mattermost/button_Reply")): Object: 'Object Repository/DeleteMessage_OR/Page_Test 77777 - TOKEN_UPDATED Mattermost/button_Reply' is clicked on

2021-05-28 21:18:34 - [MESSAGE][INFO] - Unable to find the element located by 'By.xpath: //div[@id='CENTER_dropdown_947745rotinbff747yofifz5yo']/ul/li/button'. Please recheck the objects properties to make sure the desired element is located. 

2021-05-28 21:18:34 - [MESSAGE][WARNING] - [SELF-HEALING] Failed to find element with id 'Object Repository/DeleteMessage_OR/Page_Test 77777 - TOKEN_UPDATED Mattermost/button_Reply'. Try using Self-healing.

2021-05-28 21:18:34 - [MESSAGE][INFO] - [SELF-HEALING] Failed Locator: '//div[@id='CENTER_dropdown_947745rotinbff747yofifz5yo']/ul/li/button'.

2021-05-28 21:18:35 - [MESSAGE][INFO] - [SELF-HEALING] Working Locator: '(.//*[normalize-space(text()) and normalize-space(.)='ngoctin12345'])[5]/following::button[2]'.

2021-05-28 21:18:35 - [MESSAGE][INFO] - [SELF-HEALING] Screenshot: G:/HCMUS/Nam4/HK2/Deadline/2/katalon/Reports/Self-healing/Object Repository/DeleteMessage_OR/Page_Test 77777 - TOKEN_UPDATED Mattermost/button_Reply_neighbor.png

2021-05-28 21:18:35 - [MESSAGE][WARNING] - [SELF-HEALING] The current locator of test object 'Object Repository/DeleteMessage_OR/Page_Test 77777 - TOKEN_UPDATED Mattermost/button_Reply' was broken. Propose an alternative one: '(.//*[normalize-space(text()) and normalize-space(.)='ngoctin12345'])[5]/following::button[2]'.

2021-05-28 21:18:35 - [MESSAGE][PASSED] - Object: 'Object Repository/DeleteMessage_OR/Page_Test 77777 - TOKEN_UPDATED Mattermost/button_Reply' is clicked on

2021-05-28 21:18:35 - [TEST_STEP][PASSED] - verifyElementPresent(findTestObject("Object Repository/DeleteMessage_OR/Page_Test 77777 - TOKEN_UPDATED Mattermost/span_ThreadTest 77777"), 0): Object 'Object Repository/DeleteMessage_OR/Page_Test 77777 - TOKEN_UPDATED Mattermost/span_ThreadTest 77777' is present

2021-05-28 21:18:36 - [MESSAGE][WARNING] - Timeout '0' is invalid. Using default page load timeout: '30'

2021-05-28 21:18:36 - [MESSAGE][PASSED] - Object 'Object Repository/DeleteMessage_OR/Page_Test 77777 - TOKEN_UPDATED Mattermost/span_ThreadTest 77777' is present

2021-05-28 21:18:36 - [TEST_STEP][PASSED] - setText(findTestObject("Object Repository/DeleteMessage_OR/Page_Test 77777 - TOKEN_UPDATED Mattermost/textarea_Add a comment_reply_textbox"), "message"): Text 'message' is set on object 'Object Repository/DeleteMessage_OR/Page_Test 77777 - TOKEN_UPDATED Mattermost/textarea_Add a comment_reply_textbox'

2021-05-28 21:18:37 - [MESSAGE][PASSED] - Text 'message' is set on object 'Object Repository/DeleteMessage_OR/Page_Test 77777 - TOKEN_UPDATED Mattermost/textarea_Add a comment_reply_textbox'

2021-05-28 21:18:37 - [TEST_STEP][PASSED] - click(findTestObject("Object Repository/DeleteMessage_OR/Page_Test 77777 - TOKEN_UPDATED Mattermost/input_Help_addCommentButton")): Object: 'Object Repository/DeleteMessage_OR/Page_Test 77777 - TOKEN_UPDATED Mattermost/input_Help_addCommentButton' is clicked on

2021-05-28 21:18:38 - [MESSAGE][PASSED] - Object: 'Object Repository/DeleteMessage_OR/Page_Test 77777 - TOKEN_UPDATED Mattermost/input_Help_addCommentButton' is clicked on

2021-05-28 21:18:38 - [TEST_STEP][PASSED] - closeBrowser(): Browser is closed

2021-05-28 21:18:38 - [MESSAGE][PASSED] - Browser is closed]]></system-out>
         <system-err><![CDATA[]]></system-err>
      </testcase>
      <system-out><![CDATA[2021-05-28 20:40:46 - [TEST_SUITE][FAILED] - Run all test cases: Test Cases/UpdateMemberRole FAILED.
Reason:
com.kms.katalon.core.exception.StepFailedException: Unable to click on object 'Object Repository/Update Member Role/button_Member'
	at com.kms.katalon.core.webui.keyword.internal.WebUIKeywordMain.stepFailed(WebUIKeywordMain.groovy:64)
	at com.kms.katalon.core.webui.keyword.internal.WebUIKeywordMain.runKeyword(WebUIKeywordMain.groovy:26)
	at com.kms.katalon.core.webui.keyword.builtin.ClickKeyword.click(ClickKeyword.groovy:75)
	at com.kms.katalon.core.webui.keyword.builtin.ClickKeyword.execute(ClickKeyword.groovy:42)
	at com.kms.katalon.core.keyword.internal.KeywordExecutor.executeKeywordForPlatform(KeywordExecutor.groovy:73)
	at com.kms.katalon.core.webui.keyword.WebUiBuiltInKeywords.click(WebUiBuiltInKeywords.groovy:619)
	at com.kms.katalon.core.webui.keyword.WebUiBuiltInKeywords$click$4.call(Unknown Source)
	at UpdateMemberRole.run(UpdateMemberRole:34)
	at com.kms.katalon.core.main.ScriptEngine.run(ScriptEngine.java:194)
	at com.kms.katalon.core.main.ScriptEngine.runScriptAsRawText(ScriptEngine.java:119)
	at com.kms.katalon.core.main.TestCaseExecutor.runScript(TestCaseExecutor.java:398)
	at com.kms.katalon.core.main.TestCaseExecutor.doExecute(TestCaseExecutor.java:389)
	at com.kms.katalon.core.main.TestCaseExecutor.processExecutionPhase(TestCaseExecutor.java:368)
	at com.kms.katalon.core.main.TestCaseExecutor.accessMainPhase(TestCaseExecutor.java:360)
	at com.kms.katalon.core.main.TestCaseExecutor.execute(TestCaseExecutor.java:255)
	at com.kms.katalon.core.main.TestSuiteExecutor.accessTestCaseMainPhase(TestSuiteExecutor.java:203)
	at com.kms.katalon.core.main.TestSuiteExecutor.accessTestSuiteMainPhase(TestSuiteExecutor.java:152)
	at com.kms.katalon.core.main.TestSuiteExecutor.execute(TestSuiteExecutor.java:95)
	at com.kms.katalon.core.main.TestCaseMain.startTestSuite(TestCaseMain.java:157)
	at com.kms.katalon.core.main.TestCaseMain$startTestSuite$0.call(Unknown Source)
	at TempTestSuite1622209211486.run(TempTestSuite1622209211486.groovy:39)
Caused by: org.openqa.selenium.ElementClickInterceptedException: element click intercepted: Element <button type="button" id="fileUploadButton" aria-label="attachment" class="style--none post-action icon icon--attachment">...</button> is not clickable at point (958, 658). Other element would receive the click: <div role="dialog" aria-labelledby="teamMemberModalLabel" id="teamMembersModal" tabindex="-1" class="fade in modal" style="display: block;">...</div>
  (Session info: chrome=90.0.4430.212)
Build info: version: '3.141.59', revision: 'e82be7d358', time: '2018-11-14T08:25:53'
System info: host: 'DESKTOP-4EMC2JH', ip: '172.17.183.241', os.name: 'Windows 10', os.arch: 'amd64', os.version: '10.0', java.version: '1.8.0_282'
Driver info: com.kms.katalon.selenium.driver.CChromeDriver
Capabilities {acceptInsecureCerts: false, browserName: chrome, browserVersion: 90.0.4430.212, chrome: {chromedriverVersion: 90.0.4430.24 (4c6d850f087da..., userDataDir: C:\Users\DELL\AppData\Local...}, goog:chromeOptions: {debuggerAddress: localhost:55461}, javascriptEnabled: true, networkConnectionEnabled: false, pageLoadStrategy: normal, platform: WINDOWS, platformName: WINDOWS, proxy: Proxy(), setWindowRect: true, strictFileInteractability: false, timeouts: {implicit: 0, pageLoad: 300000, script: 30000}, unhandledPromptBehavior: dismiss and notify, webauthn:extension:largeBlob: true, webauthn:virtualAuthenticators: true}
Session ID: 17eb29c426ea3a9580d39f15f658e580
	at org.openqa.selenium.remote.http.W3CHttpResponseCodec.createException(W3CHttpResponseCodec.java:187)
	at org.openqa.selenium.remote.http.W3CHttpResponseCodec.decode(W3CHttpResponseCodec.java:122)
	at org.openqa.selenium.remote.http.W3CHttpResponseCodec.decode(W3CHttpResponseCodec.java:49)
	at org.openqa.selenium.remote.HttpCommandExecutor.execute(HttpCommandExecutor.java:158)
	at org.openqa.selenium.remote.service.DriverCommandExecutor.execute(DriverCommandExecutor.java:83)
	at org.openqa.selenium.remote.RemoteWebDriver.execute(RemoteWebDriver.java:552)
	at com.kms.katalon.selenium.driver.CChromeDriver.execute(CChromeDriver.java:19)
	at org.openqa.selenium.remote.RemoteWebElement.execute(RemoteWebElement.java:285)
	at org.openqa.selenium.remote.RemoteWebElement.click(RemoteWebElement.java:84)
	at org.openqa.selenium.support.events.EventFiringWebDriver$EventFiringWebElement.lambda$new$0(EventFiringWebDriver.java:404)
	at com.sun.proxy.$Proxy11.click(Unknown Source)
	at org.openqa.selenium.support.events.EventFiringWebDriver$EventFiringWebElement.click(EventFiringWebDriver.java:417)
	at com.kms.katalon.core.webui.keyword.builtin.ClickKeyword$_click_closure1.doCall(ClickKeyword.groovy:68)
	at com.kms.katalon.core.webui.keyword.builtin.ClickKeyword$_click_closure1.call(ClickKeyword.groovy)
	at com.kms.katalon.core.webui.keyword.internal.WebUIKeywordMain.runKeyword(WebUIKeywordMain.groovy:20)
	... 19 more]]></system-out>
      <system-err><![CDATA[2021-05-28 20:40:46 - [TEST_SUITE][FAILED] - Run all test cases: Test Cases/UpdateMemberRole FAILED.
Reason:
com.kms.katalon.core.exception.StepFailedException: Unable to click on object 'Object Repository/Update Member Role/button_Member'
	at com.kms.katalon.core.webui.keyword.internal.WebUIKeywordMain.stepFailed(WebUIKeywordMain.groovy:64)
	at com.kms.katalon.core.webui.keyword.internal.WebUIKeywordMain.runKeyword(WebUIKeywordMain.groovy:26)
	at com.kms.katalon.core.webui.keyword.builtin.ClickKeyword.click(ClickKeyword.groovy:75)
	at com.kms.katalon.core.webui.keyword.builtin.ClickKeyword.execute(ClickKeyword.groovy:42)
	at com.kms.katalon.core.keyword.internal.KeywordExecutor.executeKeywordForPlatform(KeywordExecutor.groovy:73)
	at com.kms.katalon.core.webui.keyword.WebUiBuiltInKeywords.click(WebUiBuiltInKeywords.groovy:619)
	at com.kms.katalon.core.webui.keyword.WebUiBuiltInKeywords$click$4.call(Unknown Source)
	at UpdateMemberRole.run(UpdateMemberRole:34)
	at com.kms.katalon.core.main.ScriptEngine.run(ScriptEngine.java:194)
	at com.kms.katalon.core.main.ScriptEngine.runScriptAsRawText(ScriptEngine.java:119)
	at com.kms.katalon.core.main.TestCaseExecutor.runScript(TestCaseExecutor.java:398)
	at com.kms.katalon.core.main.TestCaseExecutor.doExecute(TestCaseExecutor.java:389)
	at com.kms.katalon.core.main.TestCaseExecutor.processExecutionPhase(TestCaseExecutor.java:368)
	at com.kms.katalon.core.main.TestCaseExecutor.accessMainPhase(TestCaseExecutor.java:360)
	at com.kms.katalon.core.main.TestCaseExecutor.execute(TestCaseExecutor.java:255)
	at com.kms.katalon.core.main.TestSuiteExecutor.accessTestCaseMainPhase(TestSuiteExecutor.java:203)
	at com.kms.katalon.core.main.TestSuiteExecutor.accessTestSuiteMainPhase(TestSuiteExecutor.java:152)
	at com.kms.katalon.core.main.TestSuiteExecutor.execute(TestSuiteExecutor.java:95)
	at com.kms.katalon.core.main.TestCaseMain.startTestSuite(TestCaseMain.java:157)
	at com.kms.katalon.core.main.TestCaseMain$startTestSuite$0.call(Unknown Source)
	at TempTestSuite1622209211486.run(TempTestSuite1622209211486.groovy:39)
Caused by: org.openqa.selenium.ElementClickInterceptedException: element click intercepted: Element <button type="button" id="fileUploadButton" aria-label="attachment" class="style--none post-action icon icon--attachment">...</button> is not clickable at point (958, 658). Other element would receive the click: <div role="dialog" aria-labelledby="teamMemberModalLabel" id="teamMembersModal" tabindex="-1" class="fade in modal" style="display: block;">...</div>
  (Session info: chrome=90.0.4430.212)
Build info: version: '3.141.59', revision: 'e82be7d358', time: '2018-11-14T08:25:53'
System info: host: 'DESKTOP-4EMC2JH', ip: '172.17.183.241', os.name: 'Windows 10', os.arch: 'amd64', os.version: '10.0', java.version: '1.8.0_282'
Driver info: com.kms.katalon.selenium.driver.CChromeDriver
Capabilities {acceptInsecureCerts: false, browserName: chrome, browserVersion: 90.0.4430.212, chrome: {chromedriverVersion: 90.0.4430.24 (4c6d850f087da..., userDataDir: C:\Users\DELL\AppData\Local...}, goog:chromeOptions: {debuggerAddress: localhost:55461}, javascriptEnabled: true, networkConnectionEnabled: false, pageLoadStrategy: normal, platform: WINDOWS, platformName: WINDOWS, proxy: Proxy(), setWindowRect: true, strictFileInteractability: false, timeouts: {implicit: 0, pageLoad: 300000, script: 30000}, unhandledPromptBehavior: dismiss and notify, webauthn:extension:largeBlob: true, webauthn:virtualAuthenticators: true}
Session ID: 17eb29c426ea3a9580d39f15f658e580
	at org.openqa.selenium.remote.http.W3CHttpResponseCodec.createException(W3CHttpResponseCodec.java:187)
	at org.openqa.selenium.remote.http.W3CHttpResponseCodec.decode(W3CHttpResponseCodec.java:122)
	at org.openqa.selenium.remote.http.W3CHttpResponseCodec.decode(W3CHttpResponseCodec.java:49)
	at org.openqa.selenium.remote.HttpCommandExecutor.execute(HttpCommandExecutor.java:158)
	at org.openqa.selenium.remote.service.DriverCommandExecutor.execute(DriverCommandExecutor.java:83)
	at org.openqa.selenium.remote.RemoteWebDriver.execute(RemoteWebDriver.java:552)
	at com.kms.katalon.selenium.driver.CChromeDriver.execute(CChromeDriver.java:19)
	at org.openqa.selenium.remote.RemoteWebElement.execute(RemoteWebElement.java:285)
	at org.openqa.selenium.remote.RemoteWebElement.click(RemoteWebElement.java:84)
	at org.openqa.selenium.support.events.EventFiringWebDriver$EventFiringWebElement.lambda$new$0(EventFiringWebDriver.java:404)
	at com.sun.proxy.$Proxy11.click(Unknown Source)
	at org.openqa.selenium.support.events.EventFiringWebDriver$EventFiringWebElement.click(EventFiringWebDriver.java:417)
	at com.kms.katalon.core.webui.keyword.builtin.ClickKeyword$_click_closure1.doCall(ClickKeyword.groovy:68)
	at com.kms.katalon.core.webui.keyword.builtin.ClickKeyword$_click_closure1.call(ClickKeyword.groovy)
	at com.kms.katalon.core.webui.keyword.internal.WebUIKeywordMain.runKeyword(WebUIKeywordMain.groovy:20)
	... 19 more]]></system-err>
   </testsuite>
</testsuites>
