<?xml version="1.0" encoding="UTF-8"?>
<testsuites name="Run all test cases" time="2818.098" tests="63" failures="11" errors="0">
   <testsuite name="Run all test cases" tests="63" failures="11" errors="0" time="2818.098" skipped="0" timestamp="2021-05-29 00:51:25" hostname="tanth - DESKTOP-0HE72I0" id="Test Suites/Run all test cases">
      <properties>
         <property name="deviceName" value=""/>
         <property name="devicePlatform" value=""/>
         <property name="logFolder" value="C:\\Users\\tanth\\git\\katalon\\Reports\\20210529_005103\\Run all test cases\\20210529_005103"/>
         <property name="logFiles" value="C:\\Users\\tanth\\git\\katalon\\Reports\\20210529_005103\\Run all test cases\\20210529_005103\\execution0.log"/>
         <property name="attachments" value="C:\\Users\\tanth\\git\\katalon\\Reports\\20210529_005103\\Run all test cases\\20210529_005103\\1622225709098.png, C:\\Users\\tanth\\git\\katalon\\Reports\\20210529_005103\\Run all test cases\\20210529_005103\\1622225709271.png, C:\\Users\\tanth\\git\\katalon\\Reports\\20210529_005103\\Run all test cases\\20210529_005103\\1622225829869.png, C:\\Users\\tanth\\git\\katalon\\Reports\\20210529_005103\\Run all test cases\\20210529_005103\\1622225973384.png, C:\\Users\\tanth\\git\\katalon\\Reports\\20210529_005103\\Run all test cases\\20210529_005103\\1622226170929.png, C:\\Users\\tanth\\git\\katalon\\Reports\\20210529_005103\\Run all test cases\\20210529_005103\\1622226406402.png, C:\\Users\\tanth\\git\\katalon\\Reports\\20210529_005103\\Run all test cases\\20210529_005103\\1622226489656.png, C:\\Users\\tanth\\git\\katalon\\Reports\\20210529_005103\\Run all test cases\\20210529_005103\\1622226544560.png, C:\\Users\\tanth\\git\\katalon\\Reports\\20210529_005103\\Run all test cases\\20210529_005103\\1622226658584.png, C:\\Users\\tanth\\git\\katalon\\Reports\\20210529_005103\\Run all test cases\\20210529_005103\\1622226825995.png, C:\\Users\\tanth\\git\\katalon\\Reports\\20210529_005103\\Run all test cases\\20210529_005103\\1622226922598.png, C:\\Users\\tanth\\git\\katalon\\Reports\\20210529_005103\\Run all test cases\\20210529_005103\\1622227050088.png"/>
         <property name="hostName" value="tanth - DESKTOP-0HE72I0"/>
         <property name="os" value="Windows 10 64bit"/>
         <property name="katalonVersion" value="8.0.0.208"/>
         <property name="browser" value="Chrome 90.0.4430.212"/>
         <property name="hostAddress" value="192.168.243.2"/>
         <property name="sessionId" value="c1a8e14ceca088d6d1105bb1087b992b"/>
         <property name="seleniumVersion" value="3.141.59"/>
         <property name="proxyInformation" value="ProxyInformation { proxyOption=NO_PROXY, proxyServerType=HTTP, username=, password=********, proxyServerAddress=, proxyServerPort=0, executionList=&quot;&quot;, isApplyToDesiredCapabilities=true }"/>
         <property name="platform" value="Windows 10"/>
      </properties>
      <testcase name="Test Cases/Chat" time="75.773" classname="Test Cases/Chat" status="PASSED">
         <system-out><![CDATA[2021-05-29 00:51:27 - [TEST_CASE][PASSED] - Test Cases/Chat: Test Cases/Chat

2021-05-29 00:51:29 - [TEST_STEP][PASSED] - openBrowser(""): Browser is opened with url: ''

2021-05-29 00:51:30 - [MESSAGE][INFO] - Starting 'Chrome' driver

2021-05-29 00:51:30 - [MESSAGE][INFO] - Action delay is set to 0 milliseconds

2021-05-29 00:51:35 - [MESSAGE][PASSED] - Browser is opened with url: ''

2021-05-29 00:51:35 - [TEST_STEP][PASSED] - navigateToUrl("https://cdnc-group2.herokuapp.com/"): Navigate to 'https://cdnc-group2.herokuapp.com/' successfully

2021-05-29 00:51:39 - [MESSAGE][PASSED] - Navigate to 'https://cdnc-group2.herokuapp.com/' successfully

2021-05-29 00:51:39 - [TEST_STEP][PASSED] - setText(findTestObject("Object Repository/Chat_Mattermose_OR/Page_Mattermost/input_All team communication in one place, _dcc84b"), "ngoctin040999@gmail.com"): Text 'ngoctin040999@gmail.com' is set on object 'Object Repository/Chat_Mattermose_OR/Page_Mattermost/input_All team communication in one place, _dcc84b'

2021-05-29 00:51:44 - [MESSAGE][PASSED] - Text 'ngoctin040999@gmail.com' is set on object 'Object Repository/Chat_Mattermose_OR/Page_Mattermost/input_All team communication in one place, _dcc84b'

2021-05-29 00:51:44 - [TEST_STEP][PASSED] - setEncryptedText(findTestObject("Object Repository/Chat_Mattermose_OR/Page_Mattermost/input_All team communication in one place, _a3edc6"), "S8w1SJvl7D1hts9IdMV+NQ=="): Text ****** has been set on object 'Object Repository/Chat_Mattermose_OR/Page_Mattermost/input_All team communication in one place, _a3edc6'

2021-05-29 00:51:47 - [MESSAGE][PASSED] - Text ****** has been set on object 'Object Repository/Chat_Mattermose_OR/Page_Mattermost/input_All team communication in one place, _a3edc6'

2021-05-29 00:51:47 - [TEST_STEP][PASSED] - sendKeys(findTestObject("Object Repository/Chat_Mattermose_OR/Page_Mattermost/input_All team communication in one place, _a3edc6"), Keys.chord(ENTER)): Keys 'ENTER + ' sent to object: 'Object Repository/Chat_Mattermose_OR/Page_Mattermost/input_All team communication in one place, _a3edc6'

2021-05-29 00:51:49 - [MESSAGE][PASSED] - Keys 'ENTER + ' sent to object: 'Object Repository/Chat_Mattermose_OR/Page_Mattermost/input_All team communication in one place, _a3edc6'

2021-05-29 00:51:49 - [TEST_STEP][PASSED] - click(findTestObject("Object Repository/Chat_Mattermose_OR/Page_Town Square - TOKEN Mattermost/span_Test 77777")): Object: 'Object Repository/Chat_Mattermose_OR/Page_Town Square - TOKEN Mattermost/span_Test 77777' is clicked on

2021-05-29 00:52:21 - [MESSAGE][INFO] - Unable to find the element located by 'By.xpath: //a[@id='sidebarItem_test-77777']/span[2]/span'. Please recheck the objects properties to make sure the desired element is located. 

2021-05-29 00:52:21 - [MESSAGE][WARNING] - [SELF-HEALING] Failed to find element with id 'Object Repository/Chat_Mattermose_OR/Page_Town Square - TOKEN Mattermost/span_Test 77777'. Try using Self-healing.

2021-05-29 00:52:21 - [MESSAGE][WARNING] - [SELF-HEALING] The current locator of test object 'Object Repository/Chat_Mattermose_OR/Page_Town Square - TOKEN Mattermost/span_Test 77777' was broken. Propose an alternative one: '(.//*[normalize-space(text()) and normalize-space(.)='Test 111223'])[1]/preceding::span[2]'.

2021-05-29 00:52:21 - [MESSAGE][PASSED] - Object: 'Object Repository/Chat_Mattermose_OR/Page_Town Square - TOKEN Mattermost/span_Test 77777' is clicked on

2021-05-29 00:52:21 - [TEST_STEP][PASSED] - data = chatMessagePackage.ChatMessageDataTest.findChatTestMessage("DataTest\ChatMessageDataTest.csv"): chatMessagePackage.ChatMessageDataTest.findChatTestMessage is PASSED

2021-05-29 00:52:22 - [MESSAGE][PASSED] - chatMessagePackage.ChatMessageDataTest.findChatTestMessage is PASSED

2021-05-29 00:52:22 - [TEST_STEP][PASSED] - for ([rowNum = 0, rowNum < data.size(), (rowNum++)]): Keys 'ENTER + ' sent to object: 'Object Repository/Chat_Mattermose_OR/Page_Test 77777 - TOKEN Mattermost/textarea_1'

2021-05-29 00:52:22 - [TEST_STEP][PASSED] - setText(findTestObject("Object Repository/Chat_Mattermose_OR/Page_Test 77777 - TOKEN Mattermost/textarea_1"), data.get(rowNum)): Text 'Message' is set on object 'Object Repository/Chat_Mattermose_OR/Page_Test 77777 - TOKEN Mattermost/textarea_1'

2021-05-29 00:52:24 - [MESSAGE][PASSED] - Text 'Message' is set on object 'Object Repository/Chat_Mattermose_OR/Page_Test 77777 - TOKEN Mattermost/textarea_1'

2021-05-29 00:52:24 - [TEST_STEP][PASSED] - sendKeys(findTestObject("Object Repository/Chat_Mattermose_OR/Page_Test 77777 - TOKEN Mattermost/textarea_1"), Keys.chord(ENTER)): Keys 'ENTER + ' sent to object: 'Object Repository/Chat_Mattermose_OR/Page_Test 77777 - TOKEN Mattermost/textarea_1'

2021-05-29 00:52:25 - [MESSAGE][PASSED] - Keys 'ENTER + ' sent to object: 'Object Repository/Chat_Mattermose_OR/Page_Test 77777 - TOKEN Mattermost/textarea_1'

2021-05-29 00:52:25 - [TEST_STEP][PASSED] - setText(findTestObject("Object Repository/Chat_Mattermose_OR/Page_Test 77777 - TOKEN Mattermost/textarea_1"), data.get(rowNum)): Text 'Test message 1' is set on object 'Object Repository/Chat_Mattermose_OR/Page_Test 77777 - TOKEN Mattermost/textarea_1'

2021-05-29 00:52:27 - [MESSAGE][PASSED] - Text 'Test message 1' is set on object 'Object Repository/Chat_Mattermose_OR/Page_Test 77777 - TOKEN Mattermost/textarea_1'

2021-05-29 00:52:27 - [TEST_STEP][PASSED] - sendKeys(findTestObject("Object Repository/Chat_Mattermose_OR/Page_Test 77777 - TOKEN Mattermost/textarea_1"), Keys.chord(ENTER)): Keys 'ENTER + ' sent to object: 'Object Repository/Chat_Mattermose_OR/Page_Test 77777 - TOKEN Mattermost/textarea_1'

2021-05-29 00:52:28 - [MESSAGE][PASSED] - Keys 'ENTER + ' sent to object: 'Object Repository/Chat_Mattermose_OR/Page_Test 77777 - TOKEN Mattermost/textarea_1'

2021-05-29 00:52:28 - [TEST_STEP][PASSED] - setText(findTestObject("Object Repository/Chat_Mattermose_OR/Page_Test 77777 - TOKEN Mattermost/textarea_1"), data.get(rowNum)): Text 'Test message 2' is set on object 'Object Repository/Chat_Mattermose_OR/Page_Test 77777 - TOKEN Mattermost/textarea_1'

2021-05-29 00:52:30 - [MESSAGE][PASSED] - Text 'Test message 2' is set on object 'Object Repository/Chat_Mattermose_OR/Page_Test 77777 - TOKEN Mattermost/textarea_1'

2021-05-29 00:52:30 - [TEST_STEP][PASSED] - sendKeys(findTestObject("Object Repository/Chat_Mattermose_OR/Page_Test 77777 - TOKEN Mattermost/textarea_1"), Keys.chord(ENTER)): Keys 'ENTER + ' sent to object: 'Object Repository/Chat_Mattermose_OR/Page_Test 77777 - TOKEN Mattermost/textarea_1'

2021-05-29 00:52:31 - [MESSAGE][PASSED] - Keys 'ENTER + ' sent to object: 'Object Repository/Chat_Mattermose_OR/Page_Test 77777 - TOKEN Mattermost/textarea_1'

2021-05-29 00:52:31 - [TEST_STEP][PASSED] - setText(findTestObject("Object Repository/Chat_Mattermose_OR/Page_Test 77777 - TOKEN Mattermost/textarea_1"), data.get(rowNum)): Text 'Test message 3' is set on object 'Object Repository/Chat_Mattermose_OR/Page_Test 77777 - TOKEN Mattermost/textarea_1'

2021-05-29 00:52:33 - [MESSAGE][PASSED] - Text 'Test message 3' is set on object 'Object Repository/Chat_Mattermose_OR/Page_Test 77777 - TOKEN Mattermost/textarea_1'

2021-05-29 00:52:33 - [TEST_STEP][PASSED] - sendKeys(findTestObject("Object Repository/Chat_Mattermose_OR/Page_Test 77777 - TOKEN Mattermost/textarea_1"), Keys.chord(ENTER)): Keys 'ENTER + ' sent to object: 'Object Repository/Chat_Mattermose_OR/Page_Test 77777 - TOKEN Mattermost/textarea_1'

2021-05-29 00:52:34 - [MESSAGE][PASSED] - Keys 'ENTER + ' sent to object: 'Object Repository/Chat_Mattermose_OR/Page_Test 77777 - TOKEN Mattermost/textarea_1'

2021-05-29 00:52:34 - [TEST_STEP][PASSED] - setText(findTestObject("Object Repository/Chat_Mattermose_OR/Page_Test 77777 - TOKEN Mattermost/textarea_1"), data.get(rowNum)): Text 'Test message 4' is set on object 'Object Repository/Chat_Mattermose_OR/Page_Test 77777 - TOKEN Mattermost/textarea_1'

2021-05-29 00:52:36 - [MESSAGE][PASSED] - Text 'Test message 4' is set on object 'Object Repository/Chat_Mattermose_OR/Page_Test 77777 - TOKEN Mattermost/textarea_1'

2021-05-29 00:52:36 - [TEST_STEP][PASSED] - sendKeys(findTestObject("Object Repository/Chat_Mattermose_OR/Page_Test 77777 - TOKEN Mattermost/textarea_1"), Keys.chord(ENTER)): Keys 'ENTER + ' sent to object: 'Object Repository/Chat_Mattermose_OR/Page_Test 77777 - TOKEN Mattermost/textarea_1'

2021-05-29 00:52:37 - [MESSAGE][PASSED] - Keys 'ENTER + ' sent to object: 'Object Repository/Chat_Mattermose_OR/Page_Test 77777 - TOKEN Mattermost/textarea_1'

2021-05-29 00:52:37 - [TEST_STEP][PASSED] - setText(findTestObject("Object Repository/Chat_Mattermose_OR/Page_Test 77777 - TOKEN Mattermost/textarea_1"), data.get(rowNum)): Text 'Test message 5' is set on object 'Object Repository/Chat_Mattermose_OR/Page_Test 77777 - TOKEN Mattermost/textarea_1'

2021-05-29 00:52:38 - [MESSAGE][PASSED] - Text 'Test message 5' is set on object 'Object Repository/Chat_Mattermose_OR/Page_Test 77777 - TOKEN Mattermost/textarea_1'

2021-05-29 00:52:38 - [TEST_STEP][PASSED] - sendKeys(findTestObject("Object Repository/Chat_Mattermose_OR/Page_Test 77777 - TOKEN Mattermost/textarea_1"), Keys.chord(ENTER)): Keys 'ENTER + ' sent to object: 'Object Repository/Chat_Mattermose_OR/Page_Test 77777 - TOKEN Mattermost/textarea_1'

2021-05-29 00:52:39 - [MESSAGE][PASSED] - Keys 'ENTER + ' sent to object: 'Object Repository/Chat_Mattermose_OR/Page_Test 77777 - TOKEN Mattermost/textarea_1'

2021-05-29 00:52:39 - [TEST_STEP][PASSED] - setText(findTestObject("Object Repository/Chat_Mattermose_OR/Page_Test 77777 - TOKEN Mattermost/textarea_1"), data.get(rowNum)): Text 'Test message 6' is set on object 'Object Repository/Chat_Mattermose_OR/Page_Test 77777 - TOKEN Mattermost/textarea_1'

2021-05-29 00:52:41 - [MESSAGE][PASSED] - Text 'Test message 6' is set on object 'Object Repository/Chat_Mattermose_OR/Page_Test 77777 - TOKEN Mattermost/textarea_1'

2021-05-29 00:52:41 - [TEST_STEP][PASSED] - sendKeys(findTestObject("Object Repository/Chat_Mattermose_OR/Page_Test 77777 - TOKEN Mattermost/textarea_1"), Keys.chord(ENTER)): Keys 'ENTER + ' sent to object: 'Object Repository/Chat_Mattermose_OR/Page_Test 77777 - TOKEN Mattermost/textarea_1'

2021-05-29 00:52:42 - [MESSAGE][PASSED] - Keys 'ENTER + ' sent to object: 'Object Repository/Chat_Mattermose_OR/Page_Test 77777 - TOKEN Mattermost/textarea_1'

2021-05-29 00:52:42 - [TEST_STEP][PASSED] - closeBrowser(): Browser is closed

2021-05-29 00:52:43 - [MESSAGE][PASSED] - Browser is closed]]></system-out>
         <system-err><![CDATA[]]></system-err>
      </testcase>
      <testcase name="Test Cases/Login" time="21.788" classname="Test Cases/Login" status="PASSED">
         <system-out><![CDATA[2021-05-29 00:52:44 - [TEST_CASE][PASSED] - Test Cases/Login: Test Cases/Login

2021-05-29 00:52:45 - [TEST_STEP][PASSED] - openBrowser(""): Browser is opened with url: ''

2021-05-29 00:52:45 - [MESSAGE][INFO] - Starting 'Chrome' driver

2021-05-29 00:52:45 - [MESSAGE][INFO] - Action delay is set to 0 milliseconds

2021-05-29 00:52:47 - [MESSAGE][PASSED] - Browser is opened with url: ''

2021-05-29 00:52:47 - [TEST_STEP][PASSED] - navigateToUrl("https://cdnc-group2.herokuapp.com/"): Navigate to 'https://cdnc-group2.herokuapp.com/' successfully

2021-05-29 00:52:51 - [MESSAGE][PASSED] - Navigate to 'https://cdnc-group2.herokuapp.com/' successfully

2021-05-29 00:52:51 - [TEST_STEP][PASSED] - setText(findTestObject("Login_Mattermost_OR/input_All team communication in one place, _dcc84b"), Username): Text 'ngoctin040999@gmail.com' is set on object 'Object Repository/Login_Mattermost_OR/input_All team communication in one place, _dcc84b'

2021-05-29 00:52:57 - [MESSAGE][PASSED] - Text 'ngoctin040999@gmail.com' is set on object 'Object Repository/Login_Mattermost_OR/input_All team communication in one place, _dcc84b'

2021-05-29 00:52:57 - [TEST_STEP][PASSED] - setText(findTestObject("Login_Mattermost_OR/input_All team communication in one place, _a3edc6"), Password): Text 'ngoctin1' is set on object 'Object Repository/Login_Mattermost_OR/input_All team communication in one place, _a3edc6'

2021-05-29 00:52:58 - [MESSAGE][PASSED] - Text 'ngoctin1' is set on object 'Object Repository/Login_Mattermost_OR/input_All team communication in one place, _a3edc6'

2021-05-29 00:52:58 - [TEST_STEP][PASSED] - click(findTestObject("Login_Mattermost_OR/span_Sign in")): Object: 'Object Repository/Login_Mattermost_OR/span_Sign in' is clicked on

2021-05-29 00:52:59 - [MESSAGE][PASSED] - Object: 'Object Repository/Login_Mattermost_OR/span_Sign in' is clicked on

2021-05-29 00:52:59 - [TEST_STEP][PASSED] - if (Username != "ngoctin040999@gmail.com"): null

2021-05-29 00:52:59 - [TEST_STEP][PASSED] - else: Object 'Object Repository/Login_Mattermost_OR/h1_fsdfsdf' is present

2021-05-29 00:52:59 - [TEST_STEP][PASSED] - Thread.sleep(3000): null

2021-05-29 00:53:02 - [TEST_STEP][PASSED] - verifyElementPresent(findTestObject("Object Repository/Login_Mattermost_OR/h1_fsdfsdf"), 0): Object 'Object Repository/Login_Mattermost_OR/h1_fsdfsdf' is present

2021-05-29 00:53:03 - [MESSAGE][WARNING] - Timeout '0' is invalid. Using default page load timeout: '30'

2021-05-29 00:53:03 - [MESSAGE][PASSED] - Object 'Object Repository/Login_Mattermost_OR/h1_fsdfsdf' is present

2021-05-29 00:53:03 - [TEST_STEP][PASSED] - closeBrowser(): Browser is closed

2021-05-29 00:53:05 - [MESSAGE][PASSED] - Browser is closed]]></system-out>
         <system-err><![CDATA[]]></system-err>
      </testcase>
      <testcase name="Test Cases/Login" time="16.693" classname="Test Cases/Login" status="PASSED">
         <system-out><![CDATA[2021-05-29 00:53:05 - [TEST_CASE][PASSED] - Test Cases/Login: Test Cases/Login

2021-05-29 00:53:06 - [TEST_STEP][PASSED] - openBrowser(""): Browser is opened with url: ''

2021-05-29 00:53:06 - [MESSAGE][INFO] - Starting 'Chrome' driver

2021-05-29 00:53:06 - [MESSAGE][INFO] - Action delay is set to 0 milliseconds

2021-05-29 00:53:08 - [MESSAGE][PASSED] - Browser is opened with url: ''

2021-05-29 00:53:08 - [TEST_STEP][PASSED] - navigateToUrl("https://cdnc-group2.herokuapp.com/"): Navigate to 'https://cdnc-group2.herokuapp.com/' successfully

2021-05-29 00:53:13 - [MESSAGE][PASSED] - Navigate to 'https://cdnc-group2.herokuapp.com/' successfully

2021-05-29 00:53:13 - [TEST_STEP][PASSED] - setText(findTestObject("Login_Mattermost_OR/input_All team communication in one place, _dcc84b"), Username): Text 'ngoctin040999' is set on object 'Object Repository/Login_Mattermost_OR/input_All team communication in one place, _dcc84b'

2021-05-29 00:53:18 - [MESSAGE][PASSED] - Text 'ngoctin040999' is set on object 'Object Repository/Login_Mattermost_OR/input_All team communication in one place, _dcc84b'

2021-05-29 00:53:18 - [TEST_STEP][PASSED] - setText(findTestObject("Login_Mattermost_OR/input_All team communication in one place, _a3edc6"), Password): Text 'ngoctin1' is set on object 'Object Repository/Login_Mattermost_OR/input_All team communication in one place, _a3edc6'

2021-05-29 00:53:19 - [MESSAGE][PASSED] - Text 'ngoctin1' is set on object 'Object Repository/Login_Mattermost_OR/input_All team communication in one place, _a3edc6'

2021-05-29 00:53:19 - [TEST_STEP][PASSED] - click(findTestObject("Login_Mattermost_OR/span_Sign in")): Object: 'Object Repository/Login_Mattermost_OR/span_Sign in' is clicked on

2021-05-29 00:53:20 - [MESSAGE][PASSED] - Object: 'Object Repository/Login_Mattermost_OR/span_Sign in' is clicked on

2021-05-29 00:53:20 - [TEST_STEP][PASSED] - if (Username != "ngoctin040999@gmail.com"): Object 'Object Repository/Login_Mattermost_OR/label_Enter a valid email or username andor password' is present

2021-05-29 00:53:20 - [TEST_STEP][PASSED] - verifyElementPresent(findTestObject("Object Repository/Login_Mattermost_OR/label_Enter a valid email or username andor password"), 0): Object 'Object Repository/Login_Mattermost_OR/label_Enter a valid email or username andor password' is present

2021-05-29 00:53:20 - [MESSAGE][WARNING] - Timeout '0' is invalid. Using default page load timeout: '30'

2021-05-29 00:53:21 - [MESSAGE][PASSED] - Object 'Object Repository/Login_Mattermost_OR/label_Enter a valid email or username andor password' is present

2021-05-29 00:53:21 - [TEST_STEP][PASSED] - closeBrowser(): Browser is closed

2021-05-29 00:53:22 - [MESSAGE][PASSED] - Browser is closed]]></system-out>
         <system-err><![CDATA[]]></system-err>
      </testcase>
      <testcase name="Test Cases/Login" time="16.95" classname="Test Cases/Login" status="PASSED">
         <system-out><![CDATA[2021-05-29 00:53:22 - [TEST_CASE][PASSED] - Test Cases/Login: Test Cases/Login

2021-05-29 00:53:22 - [TEST_STEP][PASSED] - openBrowser(""): Browser is opened with url: ''

2021-05-29 00:53:22 - [MESSAGE][INFO] - Starting 'Chrome' driver

2021-05-29 00:53:22 - [MESSAGE][INFO] - Action delay is set to 0 milliseconds

2021-05-29 00:53:25 - [MESSAGE][PASSED] - Browser is opened with url: ''

2021-05-29 00:53:25 - [TEST_STEP][PASSED] - navigateToUrl("https://cdnc-group2.herokuapp.com/"): Navigate to 'https://cdnc-group2.herokuapp.com/' successfully

2021-05-29 00:53:29 - [MESSAGE][PASSED] - Navigate to 'https://cdnc-group2.herokuapp.com/' successfully

2021-05-29 00:53:29 - [TEST_STEP][PASSED] - setText(findTestObject("Login_Mattermost_OR/input_All team communication in one place, _dcc84b"), Username): Text 'testing123@gmail.com' is set on object 'Object Repository/Login_Mattermost_OR/input_All team communication in one place, _dcc84b'

2021-05-29 00:53:35 - [MESSAGE][PASSED] - Text 'testing123@gmail.com' is set on object 'Object Repository/Login_Mattermost_OR/input_All team communication in one place, _dcc84b'

2021-05-29 00:53:35 - [TEST_STEP][PASSED] - setText(findTestObject("Login_Mattermost_OR/input_All team communication in one place, _a3edc6"), Password): Text 'test12' is set on object 'Object Repository/Login_Mattermost_OR/input_All team communication in one place, _a3edc6'

2021-05-29 00:53:36 - [MESSAGE][PASSED] - Text 'test12' is set on object 'Object Repository/Login_Mattermost_OR/input_All team communication in one place, _a3edc6'

2021-05-29 00:53:36 - [TEST_STEP][PASSED] - click(findTestObject("Login_Mattermost_OR/span_Sign in")): Object: 'Object Repository/Login_Mattermost_OR/span_Sign in' is clicked on

2021-05-29 00:53:37 - [MESSAGE][PASSED] - Object: 'Object Repository/Login_Mattermost_OR/span_Sign in' is clicked on

2021-05-29 00:53:37 - [TEST_STEP][PASSED] - if (Username != "ngoctin040999@gmail.com"): Object 'Object Repository/Login_Mattermost_OR/label_Enter a valid email or username andor password' is present

2021-05-29 00:53:37 - [TEST_STEP][PASSED] - verifyElementPresent(findTestObject("Object Repository/Login_Mattermost_OR/label_Enter a valid email or username andor password"), 0): Object 'Object Repository/Login_Mattermost_OR/label_Enter a valid email or username andor password' is present

2021-05-29 00:53:37 - [MESSAGE][WARNING] - Timeout '0' is invalid. Using default page load timeout: '30'

2021-05-29 00:53:38 - [MESSAGE][PASSED] - Object 'Object Repository/Login_Mattermost_OR/label_Enter a valid email or username andor password' is present

2021-05-29 00:53:38 - [TEST_STEP][PASSED] - closeBrowser(): Browser is closed

2021-05-29 00:53:39 - [MESSAGE][PASSED] - Browser is closed]]></system-out>
         <system-err><![CDATA[]]></system-err>
      </testcase>
      <testcase name="Test Cases/Login" time="16.766" classname="Test Cases/Login" status="PASSED">
         <system-out><![CDATA[2021-05-29 00:53:39 - [TEST_CASE][PASSED] - Test Cases/Login: Test Cases/Login

2021-05-29 00:53:39 - [TEST_STEP][PASSED] - openBrowser(""): Browser is opened with url: ''

2021-05-29 00:53:39 - [MESSAGE][INFO] - Starting 'Chrome' driver

2021-05-29 00:53:39 - [MESSAGE][INFO] - Action delay is set to 0 milliseconds

2021-05-29 00:53:42 - [MESSAGE][PASSED] - Browser is opened with url: ''

2021-05-29 00:53:42 - [TEST_STEP][PASSED] - navigateToUrl("https://cdnc-group2.herokuapp.com/"): Navigate to 'https://cdnc-group2.herokuapp.com/' successfully

2021-05-29 00:53:46 - [MESSAGE][PASSED] - Navigate to 'https://cdnc-group2.herokuapp.com/' successfully

2021-05-29 00:53:46 - [TEST_STEP][PASSED] - setText(findTestObject("Login_Mattermost_OR/input_All team communication in one place, _dcc84b"), Username): Text 'admin' is set on object 'Object Repository/Login_Mattermost_OR/input_All team communication in one place, _dcc84b'

2021-05-29 00:53:51 - [MESSAGE][PASSED] - Text 'admin' is set on object 'Object Repository/Login_Mattermost_OR/input_All team communication in one place, _dcc84b'

2021-05-29 00:53:51 - [TEST_STEP][PASSED] - setText(findTestObject("Login_Mattermost_OR/input_All team communication in one place, _a3edc6"), Password): Text 'admin' is set on object 'Object Repository/Login_Mattermost_OR/input_All team communication in one place, _a3edc6'

2021-05-29 00:53:53 - [MESSAGE][PASSED] - Text 'admin' is set on object 'Object Repository/Login_Mattermost_OR/input_All team communication in one place, _a3edc6'

2021-05-29 00:53:53 - [TEST_STEP][PASSED] - click(findTestObject("Login_Mattermost_OR/span_Sign in")): Object: 'Object Repository/Login_Mattermost_OR/span_Sign in' is clicked on

2021-05-29 00:53:53 - [MESSAGE][PASSED] - Object: 'Object Repository/Login_Mattermost_OR/span_Sign in' is clicked on

2021-05-29 00:53:53 - [TEST_STEP][PASSED] - if (Username != "ngoctin040999@gmail.com"): Object 'Object Repository/Login_Mattermost_OR/label_Enter a valid email or username andor password' is present

2021-05-29 00:53:53 - [TEST_STEP][PASSED] - verifyElementPresent(findTestObject("Object Repository/Login_Mattermost_OR/label_Enter a valid email or username andor password"), 0): Object 'Object Repository/Login_Mattermost_OR/label_Enter a valid email or username andor password' is present

2021-05-29 00:53:54 - [MESSAGE][WARNING] - Timeout '0' is invalid. Using default page load timeout: '30'

2021-05-29 00:53:55 - [MESSAGE][PASSED] - Object 'Object Repository/Login_Mattermost_OR/label_Enter a valid email or username andor password' is present

2021-05-29 00:53:55 - [TEST_STEP][PASSED] - closeBrowser(): Browser is closed

2021-05-29 00:53:56 - [MESSAGE][PASSED] - Browser is closed]]></system-out>
         <system-err><![CDATA[]]></system-err>
      </testcase>
      <testcase name="Test Cases/Login" time="16.922" classname="Test Cases/Login" status="PASSED">
         <system-out><![CDATA[2021-05-29 00:53:56 - [TEST_CASE][PASSED] - Test Cases/Login: Test Cases/Login

2021-05-29 00:53:56 - [TEST_STEP][PASSED] - openBrowser(""): Browser is opened with url: ''

2021-05-29 00:53:56 - [MESSAGE][INFO] - Starting 'Chrome' driver

2021-05-29 00:53:56 - [MESSAGE][INFO] - Action delay is set to 0 milliseconds

2021-05-29 00:53:59 - [MESSAGE][PASSED] - Browser is opened with url: ''

2021-05-29 00:53:59 - [TEST_STEP][PASSED] - navigateToUrl("https://cdnc-group2.herokuapp.com/"): Navigate to 'https://cdnc-group2.herokuapp.com/' successfully

2021-05-29 00:54:03 - [MESSAGE][PASSED] - Navigate to 'https://cdnc-group2.herokuapp.com/' successfully

2021-05-29 00:54:03 - [TEST_STEP][PASSED] - setText(findTestObject("Login_Mattermost_OR/input_All team communication in one place, _dcc84b"), Username): Text 'admin@outlook.com' is set on object 'Object Repository/Login_Mattermost_OR/input_All team communication in one place, _dcc84b'

2021-05-29 00:54:09 - [MESSAGE][PASSED] - Text 'admin@outlook.com' is set on object 'Object Repository/Login_Mattermost_OR/input_All team communication in one place, _dcc84b'

2021-05-29 00:54:09 - [TEST_STEP][PASSED] - setText(findTestObject("Login_Mattermost_OR/input_All team communication in one place, _a3edc6"), Password): Text '123456789' is set on object 'Object Repository/Login_Mattermost_OR/input_All team communication in one place, _a3edc6'

2021-05-29 00:54:10 - [MESSAGE][PASSED] - Text '123456789' is set on object 'Object Repository/Login_Mattermost_OR/input_All team communication in one place, _a3edc6'

2021-05-29 00:54:10 - [TEST_STEP][PASSED] - click(findTestObject("Login_Mattermost_OR/span_Sign in")): Object: 'Object Repository/Login_Mattermost_OR/span_Sign in' is clicked on

2021-05-29 00:54:11 - [MESSAGE][PASSED] - Object: 'Object Repository/Login_Mattermost_OR/span_Sign in' is clicked on

2021-05-29 00:54:11 - [TEST_STEP][PASSED] - if (Username != "ngoctin040999@gmail.com"): Object 'Object Repository/Login_Mattermost_OR/label_Enter a valid email or username andor password' is present

2021-05-29 00:54:11 - [TEST_STEP][PASSED] - verifyElementPresent(findTestObject("Object Repository/Login_Mattermost_OR/label_Enter a valid email or username andor password"), 0): Object 'Object Repository/Login_Mattermost_OR/label_Enter a valid email or username andor password' is present

2021-05-29 00:54:11 - [MESSAGE][WARNING] - Timeout '0' is invalid. Using default page load timeout: '30'

2021-05-29 00:54:12 - [MESSAGE][PASSED] - Object 'Object Repository/Login_Mattermost_OR/label_Enter a valid email or username andor password' is present

2021-05-29 00:54:12 - [TEST_STEP][PASSED] - closeBrowser(): Browser is closed

2021-05-29 00:54:13 - [MESSAGE][PASSED] - Browser is closed]]></system-out>
         <system-err><![CDATA[]]></system-err>
      </testcase>
      <testcase name="Test Cases/InviteMember" time="31.372" classname="Test Cases/InviteMember" status="PASSED">
         <system-out><![CDATA[2021-05-29 00:54:13 - [TEST_CASE][PASSED] - Test Cases/InviteMember: Test Cases/InviteMember

2021-05-29 00:54:14 - [TEST_STEP][PASSED] - openBrowser("https://cdnc-group2.herokuapp.com/"): Browser is opened with url: 'https://cdnc-group2.herokuapp.com/'

2021-05-29 00:54:14 - [MESSAGE][INFO] - Starting 'Chrome' driver

2021-05-29 00:54:14 - [MESSAGE][INFO] - Action delay is set to 0 milliseconds

2021-05-29 00:54:22 - [MESSAGE][PASSED] - Browser is opened with url: 'https://cdnc-group2.herokuapp.com/'

2021-05-29 00:54:22 - [TEST_STEP][PASSED] - setText(findTestObject("Login/input_Email"), "ngoctin040999@gmail.com"): Text 'ngoctin040999@gmail.com' is set on object 'Object Repository/Login/input_Email'

2021-05-29 00:54:27 - [MESSAGE][PASSED] - Text 'ngoctin040999@gmail.com' is set on object 'Object Repository/Login/input_Email'

2021-05-29 00:54:27 - [TEST_STEP][PASSED] - setText(findTestObject("Login/input_Password"), "ngoctin1"): Text 'ngoctin1' is set on object 'Object Repository/Login/input_Password'

2021-05-29 00:54:28 - [MESSAGE][PASSED] - Text 'ngoctin1' is set on object 'Object Repository/Login/input_Password'

2021-05-29 00:54:28 - [TEST_STEP][PASSED] - click(findTestObject("Login/button_Sign in")): Object: 'Object Repository/Login/button_Sign in' is clicked on

2021-05-29 00:54:29 - [MESSAGE][PASSED] - Object: 'Object Repository/Login/button_Sign in' is clicked on

2021-05-29 00:54:29 - [TEST_STEP][PASSED] - delay(2): Delayed 2 second(s)

2021-05-29 00:54:31 - [MESSAGE][PASSED] - Delayed 2 second(s)

2021-05-29 00:54:31 - [TEST_STEP][PASSED] - click(findTestObject("UpdatePassword/button_Option")): Object: 'Object Repository/UpdatePassword/button_Option' is clicked on

2021-05-29 00:54:34 - [MESSAGE][PASSED] - Object: 'Object Repository/UpdatePassword/button_Option' is clicked on

2021-05-29 00:54:34 - [TEST_STEP][PASSED] - click(findTestObject("Invite member/button_Invite PeopleAdd or invite people to the team")): Object: 'Object Repository/Invite member/button_Invite PeopleAdd or invite people to the team' is clicked on

2021-05-29 00:54:34 - [MESSAGE][PASSED] - Object: 'Object Repository/Invite member/button_Invite PeopleAdd or invite people to the team' is clicked on

2021-05-29 00:54:34 - [TEST_STEP][PASSED] - delay(1): Delayed 1 second(s)

2021-05-29 00:54:35 - [MESSAGE][PASSED] - Delayed 1 second(s)

2021-05-29 00:54:35 - [TEST_STEP][PASSED] - setText(findTestObject("Invite member/input_Add or Invite People_react-select-2-input"), "test1"): Text 'test1' is set on object 'Object Repository/Invite member/input_Add or Invite People_react-select-2-input'

2021-05-29 00:54:37 - [MESSAGE][PASSED] - Text 'test1' is set on object 'Object Repository/Invite member/input_Add or Invite People_react-select-2-input'

2021-05-29 00:54:37 - [TEST_STEP][PASSED] - delay(1): Delayed 1 second(s)

2021-05-29 00:54:38 - [MESSAGE][PASSED] - Delayed 1 second(s)

2021-05-29 00:54:38 - [TEST_STEP][PASSED] - click(findTestObject("Invite member/div_test1")): Object: 'Object Repository/Invite member/div_test1' is clicked on

2021-05-29 00:54:38 - [MESSAGE][PASSED] - Object: 'Object Repository/Invite member/div_test1' is clicked on

2021-05-29 00:54:38 - [TEST_STEP][PASSED] - click(findTestObject("Invite member/button_Invite Members")): Object: 'Object Repository/Invite member/button_Invite Members' is clicked on

2021-05-29 00:54:39 - [MESSAGE][PASSED] - Object: 'Object Repository/Invite member/button_Invite Members' is clicked on

2021-05-29 00:54:39 - [TEST_STEP][PASSED] - verifyElementVisible(findTestObject("Invite member/div_This member has been added to the team")): Object 'Object Repository/Invite member/div_This member has been added to the team' is visible

2021-05-29 00:54:41 - [MESSAGE][PASSED] - Object 'Object Repository/Invite member/div_This member has been added to the team' is visible

2021-05-29 00:54:41 - [TEST_STEP][PASSED] - click(findTestObject("Invite member/button_Done")): Object: 'Object Repository/Invite member/button_Done' is clicked on

2021-05-29 00:54:41 - [MESSAGE][PASSED] - Object: 'Object Repository/Invite member/button_Done' is clicked on

2021-05-29 00:54:41 - [TEST_STEP][PASSED] - delay(2): Delayed 2 second(s)

2021-05-29 00:54:43 - [MESSAGE][PASSED] - Delayed 2 second(s)

2021-05-29 00:54:43 - [TEST_STEP][PASSED] - closeBrowser(): Browser is closed

2021-05-29 00:54:44 - [MESSAGE][PASSED] - Browser is closed]]></system-out>
         <system-err><![CDATA[]]></system-err>
      </testcase>
      <testcase name="Test Cases/UpdateFullNameAccount" time="27.099" classname="Test Cases/UpdateFullNameAccount" status="PASSED">
         <system-out><![CDATA[2021-05-29 00:54:44 - [TEST_CASE][PASSED] - Test Cases/UpdateFullNameAccount: Test Cases/UpdateFullNameAccount

2021-05-29 00:54:46 - [TEST_STEP][PASSED] - openBrowser(""): Browser is opened with url: ''

2021-05-29 00:54:46 - [MESSAGE][INFO] - Starting 'Chrome' driver

2021-05-29 00:54:46 - [MESSAGE][INFO] - Action delay is set to 0 milliseconds

2021-05-29 00:54:48 - [MESSAGE][PASSED] - Browser is opened with url: ''

2021-05-29 00:54:48 - [TEST_STEP][PASSED] - navigateToUrl("https://cdnc-group2.herokuapp.com/"): Navigate to 'https://cdnc-group2.herokuapp.com/' successfully

2021-05-29 00:54:52 - [MESSAGE][PASSED] - Navigate to 'https://cdnc-group2.herokuapp.com/' successfully

2021-05-29 00:54:52 - [TEST_STEP][PASSED] - setText(findTestObject("Object Repository/Page_Mattermost/input_All team communication in one place, _dcc84b"), "ngoctin040999@gmail.com"): Text 'ngoctin040999@gmail.com' is set on object 'Object Repository/Page_Mattermost/input_All team communication in one place, _dcc84b'

2021-05-29 00:54:58 - [MESSAGE][PASSED] - Text 'ngoctin040999@gmail.com' is set on object 'Object Repository/Page_Mattermost/input_All team communication in one place, _dcc84b'

2021-05-29 00:54:58 - [TEST_STEP][PASSED] - setEncryptedText(findTestObject("Object Repository/Page_Mattermost/input_All team communication in one place, _a3edc6"), "S8w1SJvl7D1hts9IdMV+NQ=="): Text ****** has been set on object 'Object Repository/Page_Mattermost/input_All team communication in one place, _a3edc6'

2021-05-29 00:54:59 - [MESSAGE][PASSED] - Text ****** has been set on object 'Object Repository/Page_Mattermost/input_All team communication in one place, _a3edc6'

2021-05-29 00:54:59 - [TEST_STEP][PASSED] - click(findTestObject("Object Repository/Page_Mattermost/span_Sign in")): Object: 'Object Repository/Page_Mattermost/span_Sign in' is clicked on

2021-05-29 00:55:00 - [MESSAGE][PASSED] - Object: 'Object Repository/Page_Mattermost/span_Sign in' is clicked on

2021-05-29 00:55:00 - [TEST_STEP][PASSED] - click(findTestObject("Object Repository/Page_Town Square - Team Mattermost/span")): Object: 'Object Repository/Page_Town Square - Team Mattermost/span' is clicked on

2021-05-29 00:55:05 - [MESSAGE][PASSED] - Object: 'Object Repository/Page_Town Square - Team Mattermost/span' is clicked on

2021-05-29 00:55:05 - [TEST_STEP][PASSED] - click(findTestObject("Object Repository/Page_Town Square - Team Mattermost/button_Account Settings")): Object: 'Object Repository/Page_Town Square - Team Mattermost/button_Account Settings' is clicked on

2021-05-29 00:55:06 - [MESSAGE][PASSED] - Object: 'Object Repository/Page_Town Square - Team Mattermost/button_Account Settings' is clicked on

2021-05-29 00:55:06 - [TEST_STEP][PASSED] - click(findTestObject("Object Repository/Page_Town Square - Team Mattermost/button_Edit")): Object: 'Object Repository/Page_Town Square - Team Mattermost/button_Edit' is clicked on

2021-05-29 00:55:07 - [MESSAGE][PASSED] - Object: 'Object Repository/Page_Town Square - Team Mattermost/button_Edit' is clicked on

2021-05-29 00:55:07 - [TEST_STEP][PASSED] - setText(findTestObject("Object Repository/Page_Town Square - Team Mattermost/input_First Name_firstName"), "Tin"): Text 'Tin' is set on object 'Object Repository/Page_Town Square - Team Mattermost/input_First Name_firstName'

2021-05-29 00:55:08 - [MESSAGE][PASSED] - Text 'Tin' is set on object 'Object Repository/Page_Town Square - Team Mattermost/input_First Name_firstName'

2021-05-29 00:55:08 - [TEST_STEP][PASSED] - setText(findTestObject("Object Repository/Page_Town Square - Team Mattermost/input_Last Name_lastName"), "Nguyen Ngoc"): Text 'Nguyen Ngoc' is set on object 'Object Repository/Page_Town Square - Team Mattermost/input_Last Name_lastName'

2021-05-29 00:55:09 - [MESSAGE][PASSED] - Text 'Nguyen Ngoc' is set on object 'Object Repository/Page_Town Square - Team Mattermost/input_Last Name_lastName'

2021-05-29 00:55:09 - [TEST_STEP][PASSED] - click(findTestObject("Object Repository/Page_Town Square - Team Mattermost/span_Save")): Object: 'Object Repository/Page_Town Square - Team Mattermost/span_Save' is clicked on

2021-05-29 00:55:09 - [MESSAGE][PASSED] - Object: 'Object Repository/Page_Town Square - Team Mattermost/span_Save' is clicked on

2021-05-29 00:55:09 - [TEST_STEP][PASSED] - click(findTestObject("Object Repository/Page_Town Square - Team Mattermost/button_Close")): Object: 'Object Repository/Page_Town Square - Team Mattermost/button_Close' is clicked on

2021-05-29 00:55:10 - [MESSAGE][PASSED] - Object: 'Object Repository/Page_Town Square - Team Mattermost/button_Close' is clicked on

2021-05-29 00:55:10 - [TEST_STEP][PASSED] - closeBrowser(): Browser is closed

2021-05-29 00:55:12 - [MESSAGE][PASSED] - Browser is closed]]></system-out>
         <system-err><![CDATA[]]></system-err>
      </testcase>
      <testcase name="Test Cases/UpdateMemberRole" time="26.748" classname="Test Cases/UpdateMemberRole" status="PASSED">
         <system-out><![CDATA[2021-05-29 00:55:12 - [TEST_CASE][PASSED] - Test Cases/UpdateMemberRole: Test Cases/UpdateMemberRole

2021-05-29 00:55:13 - [TEST_STEP][PASSED] - openBrowser("https://cdnc-group2.herokuapp.com/"): Browser is opened with url: 'https://cdnc-group2.herokuapp.com/'

2021-05-29 00:55:13 - [MESSAGE][INFO] - Starting 'Chrome' driver

2021-05-29 00:55:13 - [MESSAGE][INFO] - Action delay is set to 0 milliseconds

2021-05-29 00:55:19 - [MESSAGE][PASSED] - Browser is opened with url: 'https://cdnc-group2.herokuapp.com/'

2021-05-29 00:55:19 - [TEST_STEP][PASSED] - setText(findTestObject("Login/input_Email"), "ngoctin040999@gmail.com"): Text 'ngoctin040999@gmail.com' is set on object 'Object Repository/Login/input_Email'

2021-05-29 00:55:25 - [MESSAGE][PASSED] - Text 'ngoctin040999@gmail.com' is set on object 'Object Repository/Login/input_Email'

2021-05-29 00:55:25 - [TEST_STEP][PASSED] - setText(findTestObject("Login/input_Password"), "ngoctin1"): Text 'ngoctin1' is set on object 'Object Repository/Login/input_Password'

2021-05-29 00:55:26 - [MESSAGE][PASSED] - Text 'ngoctin1' is set on object 'Object Repository/Login/input_Password'

2021-05-29 00:55:26 - [TEST_STEP][PASSED] - click(findTestObject("Login/button_Sign in")): Object: 'Object Repository/Login/button_Sign in' is clicked on

2021-05-29 00:55:27 - [MESSAGE][PASSED] - Object: 'Object Repository/Login/button_Sign in' is clicked on

2021-05-29 00:55:27 - [TEST_STEP][PASSED] - delay(2): Delayed 2 second(s)

2021-05-29 00:55:29 - [MESSAGE][PASSED] - Delayed 2 second(s)

2021-05-29 00:55:29 - [TEST_STEP][PASSED] - click(findTestObject("UpdatePassword/button_Option")): Object: 'Object Repository/UpdatePassword/button_Option' is clicked on

2021-05-29 00:55:31 - [MESSAGE][PASSED] - Object: 'Object Repository/UpdatePassword/button_Option' is clicked on

2021-05-29 00:55:31 - [TEST_STEP][PASSED] - click(findTestObject("Update Member Role/button_Manage Members")): Object: 'Object Repository/Update Member Role/button_Manage Members' is clicked on

2021-05-29 00:55:32 - [MESSAGE][PASSED] - Object: 'Object Repository/Update Member Role/button_Manage Members' is clicked on

2021-05-29 00:55:32 - [TEST_STEP][PASSED] - if (findTestObject("Update Member Role/button_Member") == null): null

2021-05-29 00:55:32 - [TEST_STEP][PASSED] - click(findTestObject("Update Member Role/button_Member")): Object: 'Object Repository/Update Member Role/button_Member' is clicked on

2021-05-29 00:55:33 - [MESSAGE][PASSED] - Object: 'Object Repository/Update Member Role/button_Member' is clicked on

2021-05-29 00:55:33 - [TEST_STEP][PASSED] - if (findTestObject("Update Member Role/button_Make Team Admin") == null): null

2021-05-29 00:55:33 - [TEST_STEP][PASSED] - click(findTestObject("Update Member Role/button_Make Team Admin")): Object: 'Object Repository/Update Member Role/button_Make Team Admin' is clicked on

2021-05-29 00:55:34 - [MESSAGE][PASSED] - Object: 'Object Repository/Update Member Role/button_Make Team Admin' is clicked on

2021-05-29 00:55:34 - [TEST_STEP][PASSED] - if (findTestObject("Update Member Role/span_Team Admin") == null): null

2021-05-29 00:55:34 - [TEST_STEP][PASSED] - verifyElementVisible(findTestObject("Update Member Role/span_Team Admin")): Object 'Object Repository/Update Member Role/span_Team Admin' is visible

2021-05-29 00:55:35 - [MESSAGE][PASSED] - Object 'Object Repository/Update Member Role/span_Team Admin' is visible

2021-05-29 00:55:35 - [TEST_STEP][PASSED] - delay(2): Delayed 2 second(s)

2021-05-29 00:55:37 - [MESSAGE][PASSED] - Delayed 2 second(s)

2021-05-29 00:55:37 - [TEST_STEP][PASSED] - closeBrowser(): Browser is closed

2021-05-29 00:55:38 - [MESSAGE][PASSED] - Browser is closed]]></system-out>
         <system-err><![CDATA[]]></system-err>
      </testcase>
      <testcase name="Test Cases/UpdateUsernameAccount" time="24.982" classname="Test Cases/UpdateUsernameAccount" status="PASSED">
         <system-out><![CDATA[2021-05-29 00:55:38 - [TEST_CASE][PASSED] - Test Cases/UpdateUsernameAccount: Test Cases/UpdateUsernameAccount

2021-05-29 00:55:39 - [TEST_STEP][PASSED] - openBrowser(""): Browser is opened with url: ''

2021-05-29 00:55:39 - [MESSAGE][INFO] - Starting 'Chrome' driver

2021-05-29 00:55:39 - [MESSAGE][INFO] - Action delay is set to 0 milliseconds

2021-05-29 00:55:42 - [MESSAGE][PASSED] - Browser is opened with url: ''

2021-05-29 00:55:42 - [TEST_STEP][PASSED] - navigateToUrl("https://cdnc-group2.herokuapp.com/"): Navigate to 'https://cdnc-group2.herokuapp.com/' successfully

2021-05-29 00:55:46 - [MESSAGE][PASSED] - Navigate to 'https://cdnc-group2.herokuapp.com/' successfully

2021-05-29 00:55:46 - [TEST_STEP][PASSED] - setText(findTestObject("Object Repository/Page_Mattermost/input_All team communication in one place, _dcc84b"), "ngoctin040999@gmail.com"): Text 'ngoctin040999@gmail.com' is set on object 'Object Repository/Page_Mattermost/input_All team communication in one place, _dcc84b'

2021-05-29 00:55:52 - [MESSAGE][PASSED] - Text 'ngoctin040999@gmail.com' is set on object 'Object Repository/Page_Mattermost/input_All team communication in one place, _dcc84b'

2021-05-29 00:55:52 - [TEST_STEP][PASSED] - setEncryptedText(findTestObject("Object Repository/Page_Mattermost/input_All team communication in one place, _a3edc6"), "S8w1SJvl7D1hts9IdMV+NQ=="): Text ****** has been set on object 'Object Repository/Page_Mattermost/input_All team communication in one place, _a3edc6'

2021-05-29 00:55:53 - [MESSAGE][PASSED] - Text ****** has been set on object 'Object Repository/Page_Mattermost/input_All team communication in one place, _a3edc6'

2021-05-29 00:55:53 - [TEST_STEP][PASSED] - click(findTestObject("Object Repository/Page_Mattermost/button_Sign in")): Object: 'Object Repository/Page_Mattermost/button_Sign in' is clicked on

2021-05-29 00:55:54 - [MESSAGE][PASSED] - Object: 'Object Repository/Page_Mattermost/button_Sign in' is clicked on

2021-05-29 00:55:54 - [TEST_STEP][PASSED] - click(findTestObject("Object Repository/Page_Town Square - TOKEN_UPDATED Mattermost/button_ngoctin02806_style--none sidebar-hea_8af0e1")): Object: 'Object Repository/Page_Town Square - TOKEN_UPDATED Mattermost/button_ngoctin02806_style--none sidebar-hea_8af0e1' is clicked on

2021-05-29 00:55:58 - [MESSAGE][PASSED] - Object: 'Object Repository/Page_Town Square - TOKEN_UPDATED Mattermost/button_ngoctin02806_style--none sidebar-hea_8af0e1' is clicked on

2021-05-29 00:55:58 - [TEST_STEP][PASSED] - click(findTestObject("Object Repository/Page_Town Square - TOKEN_UPDATED Mattermost/button_Account Settings")): Object: 'Object Repository/Page_Town Square - TOKEN_UPDATED Mattermost/button_Account Settings' is clicked on

2021-05-29 00:55:59 - [MESSAGE][PASSED] - Object: 'Object Repository/Page_Town Square - TOKEN_UPDATED Mattermost/button_Account Settings' is clicked on

2021-05-29 00:55:59 - [TEST_STEP][PASSED] - click(findTestObject("Object Repository/Page_Town Square - TOKEN_UPDATED Mattermost/span_Edit")): Object: 'Object Repository/Page_Town Square - TOKEN_UPDATED Mattermost/span_Edit' is clicked on

2021-05-29 00:56:00 - [MESSAGE][PASSED] - Object: 'Object Repository/Page_Town Square - TOKEN_UPDATED Mattermost/span_Edit' is clicked on

2021-05-29 00:56:00 - [TEST_STEP][PASSED] - setText(findTestObject("Object Repository/Page_Town Square - TOKEN_UPDATED Mattermost/input_Username_username"), "ngoctin12345"): Text 'ngoctin12345' is set on object 'Object Repository/Page_Town Square - TOKEN_UPDATED Mattermost/input_Username_username'

2021-05-29 00:56:01 - [MESSAGE][PASSED] - Text 'ngoctin12345' is set on object 'Object Repository/Page_Town Square - TOKEN_UPDATED Mattermost/input_Username_username'

2021-05-29 00:56:01 - [TEST_STEP][PASSED] - click(findTestObject("Object Repository/Page_Town Square - TOKEN_UPDATED Mattermost/button_Save")): Object: 'Object Repository/Page_Town Square - TOKEN_UPDATED Mattermost/button_Save' is clicked on

2021-05-29 00:56:01 - [MESSAGE][PASSED] - Object: 'Object Repository/Page_Town Square - TOKEN_UPDATED Mattermost/button_Save' is clicked on

2021-05-29 00:56:01 - [TEST_STEP][PASSED] - click(findTestObject("Object Repository/Page_Town Square - TOKEN_UPDATED Mattermost/button_Close")): Object: 'Object Repository/Page_Town Square - TOKEN_UPDATED Mattermost/button_Close' is clicked on

2021-05-29 00:56:02 - [MESSAGE][PASSED] - Object: 'Object Repository/Page_Town Square - TOKEN_UPDATED Mattermost/button_Close' is clicked on

2021-05-29 00:56:02 - [TEST_STEP][PASSED] - closeBrowser(): Browser is closed

2021-05-29 00:56:03 - [MESSAGE][PASSED] - Browser is closed]]></system-out>
         <system-err><![CDATA[]]></system-err>
      </testcase>
      <testcase name="Test Cases/EditClockDiplsy" time="28.508" classname="Test Cases/EditClockDiplsy" status="PASSED">
         <system-out><![CDATA[2021-05-29 00:56:03 - [TEST_CASE][PASSED] - Test Cases/EditClockDiplsy: Test Cases/EditClockDiplsy

2021-05-29 00:56:05 - [TEST_STEP][PASSED] - openBrowser("https://cdnc-group2.herokuapp.com/"): Browser is opened with url: 'https://cdnc-group2.herokuapp.com/'

2021-05-29 00:56:05 - [MESSAGE][INFO] - Starting 'Chrome' driver

2021-05-29 00:56:05 - [MESSAGE][INFO] - Action delay is set to 0 milliseconds

2021-05-29 00:56:11 - [MESSAGE][PASSED] - Browser is opened with url: 'https://cdnc-group2.herokuapp.com/'

2021-05-29 00:56:11 - [TEST_STEP][PASSED] - setText(findTestObject("Login/input_Email"), "ngoctin040999@gmail.com"): Text 'ngoctin040999@gmail.com' is set on object 'Object Repository/Login/input_Email'

2021-05-29 00:56:16 - [MESSAGE][PASSED] - Text 'ngoctin040999@gmail.com' is set on object 'Object Repository/Login/input_Email'

2021-05-29 00:56:16 - [TEST_STEP][PASSED] - setText(findTestObject("Login/input_Password"), "ngoctin1"): Text 'ngoctin1' is set on object 'Object Repository/Login/input_Password'

2021-05-29 00:56:17 - [MESSAGE][PASSED] - Text 'ngoctin1' is set on object 'Object Repository/Login/input_Password'

2021-05-29 00:56:17 - [TEST_STEP][PASSED] - click(findTestObject("Login/button_Sign in")): Object: 'Object Repository/Login/button_Sign in' is clicked on

2021-05-29 00:56:18 - [MESSAGE][PASSED] - Object: 'Object Repository/Login/button_Sign in' is clicked on

2021-05-29 00:56:18 - [TEST_STEP][PASSED] - delay(2): Delayed 2 second(s)

2021-05-29 00:56:20 - [MESSAGE][PASSED] - Delayed 2 second(s)

2021-05-29 00:56:20 - [TEST_STEP][PASSED] - click(findTestObject("UpdatePassword/button_Option")): Object: 'Object Repository/UpdatePassword/button_Option' is clicked on

2021-05-29 00:56:23 - [MESSAGE][PASSED] - Object: 'Object Repository/UpdatePassword/button_Option' is clicked on

2021-05-29 00:56:23 - [TEST_STEP][PASSED] - click(findTestObject("UpdatePassword/button_Account Settings")): Object: 'Object Repository/UpdatePassword/button_Account Settings' is clicked on

2021-05-29 00:56:24 - [MESSAGE][PASSED] - Object: 'Object Repository/UpdatePassword/button_Account Settings' is clicked on

2021-05-29 00:56:24 - [TEST_STEP][PASSED] - click(findTestObject("Edit Theme/button_Display")): Object: 'Object Repository/Edit Theme/button_Display' is clicked on

2021-05-29 00:56:25 - [MESSAGE][PASSED] - Object: 'Object Repository/Edit Theme/button_Display' is clicked on

2021-05-29 00:56:25 - [TEST_STEP][PASSED] - click(findTestObject("Edit Clock Display/button_Edit")): Object: 'Object Repository/Edit Clock Display/button_Edit' is clicked on

2021-05-29 00:56:26 - [MESSAGE][PASSED] - Object: 'Object Repository/Edit Clock Display/button_Edit' is clicked on

2021-05-29 00:56:26 - [TEST_STEP][PASSED] - click(findTestObject("Edit Clock Display/input_Clock Display_24")): Object: 'Object Repository/Edit Clock Display/input_Clock Display_24' is clicked on

2021-05-29 00:56:26 - [MESSAGE][PASSED] - Object: 'Object Repository/Edit Clock Display/input_Clock Display_24' is clicked on

2021-05-29 00:56:26 - [TEST_STEP][PASSED] - click(findTestObject("Edit Clock Display/button_Save")): Object: 'Object Repository/Edit Clock Display/button_Save' is clicked on

2021-05-29 00:56:27 - [MESSAGE][PASSED] - Object: 'Object Repository/Edit Clock Display/button_Save' is clicked on

2021-05-29 00:56:27 - [TEST_STEP][PASSED] - delay(1): Delayed 1 second(s)

2021-05-29 00:56:28 - [MESSAGE][PASSED] - Delayed 1 second(s)

2021-05-29 00:56:28 - [TEST_STEP][PASSED] - click(findTestObject("Edit Clock Display/button_Edit")): Object: 'Object Repository/Edit Clock Display/button_Edit' is clicked on

2021-05-29 00:56:29 - [MESSAGE][PASSED] - Object: 'Object Repository/Edit Clock Display/button_Edit' is clicked on

2021-05-29 00:56:29 - [TEST_STEP][PASSED] - click(findTestObject("Edit Clock Display/input_Clock Display_12")): Object: 'Object Repository/Edit Clock Display/input_Clock Display_12' is clicked on

2021-05-29 00:56:29 - [MESSAGE][PASSED] - Object: 'Object Repository/Edit Clock Display/input_Clock Display_12' is clicked on

2021-05-29 00:56:29 - [TEST_STEP][PASSED] - click(findTestObject("Edit Clock Display/button_Save")): Object: 'Object Repository/Edit Clock Display/button_Save' is clicked on

2021-05-29 00:56:30 - [MESSAGE][PASSED] - Object: 'Object Repository/Edit Clock Display/button_Save' is clicked on

2021-05-29 00:56:30 - [TEST_STEP][PASSED] - delay(1): Delayed 1 second(s)

2021-05-29 00:56:31 - [MESSAGE][PASSED] - Delayed 1 second(s)

2021-05-29 00:56:31 - [TEST_STEP][PASSED] - closeBrowser(): Browser is closed

2021-05-29 00:56:32 - [MESSAGE][PASSED] - Browser is closed]]></system-out>
         <system-err><![CDATA[]]></system-err>
      </testcase>
      <testcase name="Test Cases/EditSideBar" time="29.438" classname="Test Cases/EditSideBar" status="PASSED">
         <system-out><![CDATA[2021-05-29 00:56:32 - [TEST_CASE][PASSED] - Test Cases/EditSideBar: Test Cases/EditSideBar

2021-05-29 00:56:33 - [TEST_STEP][PASSED] - openBrowser("https://cdnc-group2.herokuapp.com/"): Browser is opened with url: 'https://cdnc-group2.herokuapp.com/'

2021-05-29 00:56:33 - [MESSAGE][INFO] - Starting 'Chrome' driver

2021-05-29 00:56:33 - [MESSAGE][INFO] - Action delay is set to 0 milliseconds

2021-05-29 00:56:40 - [MESSAGE][PASSED] - Browser is opened with url: 'https://cdnc-group2.herokuapp.com/'

2021-05-29 00:56:40 - [TEST_STEP][PASSED] - setText(findTestObject("Login/input_Email"), "ngoctin040999@gmail.com"): Text 'ngoctin040999@gmail.com' is set on object 'Object Repository/Login/input_Email'

2021-05-29 00:56:46 - [MESSAGE][PASSED] - Text 'ngoctin040999@gmail.com' is set on object 'Object Repository/Login/input_Email'

2021-05-29 00:56:46 - [TEST_STEP][PASSED] - setText(findTestObject("Login/input_Password"), "ngoctin1"): Text 'ngoctin1' is set on object 'Object Repository/Login/input_Password'

2021-05-29 00:56:47 - [MESSAGE][PASSED] - Text 'ngoctin1' is set on object 'Object Repository/Login/input_Password'

2021-05-29 00:56:47 - [TEST_STEP][PASSED] - click(findTestObject("Login/button_Sign in")): Object: 'Object Repository/Login/button_Sign in' is clicked on

2021-05-29 00:56:48 - [MESSAGE][PASSED] - Object: 'Object Repository/Login/button_Sign in' is clicked on

2021-05-29 00:56:48 - [TEST_STEP][PASSED] - delay(2): Delayed 2 second(s)

2021-05-29 00:56:50 - [MESSAGE][PASSED] - Delayed 2 second(s)

2021-05-29 00:56:50 - [TEST_STEP][PASSED] - click(findTestObject("UpdatePassword/button_Option")): Object: 'Object Repository/UpdatePassword/button_Option' is clicked on

2021-05-29 00:56:52 - [MESSAGE][PASSED] - Object: 'Object Repository/UpdatePassword/button_Option' is clicked on

2021-05-29 00:56:52 - [TEST_STEP][PASSED] - click(findTestObject("UpdatePassword/button_Account Settings")): Object: 'Object Repository/UpdatePassword/button_Account Settings' is clicked on

2021-05-29 00:56:53 - [MESSAGE][PASSED] - Object: 'Object Repository/UpdatePassword/button_Account Settings' is clicked on

2021-05-29 00:56:53 - [TEST_STEP][PASSED] - click(findTestObject("Edit SideBar/button_Sidebar")): Object: 'Object Repository/Edit SideBar/button_Sidebar' is clicked on

2021-05-29 00:56:54 - [MESSAGE][PASSED] - Object: 'Object Repository/Edit SideBar/button_Sidebar' is clicked on

2021-05-29 00:56:54 - [TEST_STEP][PASSED] - click(findTestObject("Edit SideBar/button_Edit")): Object: 'Object Repository/Edit SideBar/button_Edit' is clicked on

2021-05-29 00:56:55 - [MESSAGE][PASSED] - Object: 'Object Repository/Edit SideBar/button_Edit' is clicked on

2021-05-29 00:56:55 - [TEST_STEP][PASSED] - click(findTestObject("Edit SideBar/input_Off")): Object: 'Object Repository/Edit SideBar/input_Off' is clicked on

2021-05-29 00:56:55 - [MESSAGE][PASSED] - Object: 'Object Repository/Edit SideBar/input_Off' is clicked on

2021-05-29 00:56:55 - [TEST_STEP][PASSED] - click(findTestObject("Edit SideBar/button_Save")): Object: 'Object Repository/Edit SideBar/button_Save' is clicked on

2021-05-29 00:56:56 - [MESSAGE][PASSED] - Object: 'Object Repository/Edit SideBar/button_Save' is clicked on

2021-05-29 00:56:56 - [TEST_STEP][PASSED] - delay(1): Delayed 1 second(s)

2021-05-29 00:56:57 - [MESSAGE][PASSED] - Delayed 1 second(s)

2021-05-29 00:56:57 - [TEST_STEP][PASSED] - click(findTestObject("Edit SideBar/button_Edit")): Object: 'Object Repository/Edit SideBar/button_Edit' is clicked on

2021-05-29 00:56:58 - [MESSAGE][PASSED] - Object: 'Object Repository/Edit SideBar/button_Edit' is clicked on

2021-05-29 00:56:58 - [TEST_STEP][PASSED] - click(findTestObject("Edit SideBar/input_On")): Object: 'Object Repository/Edit SideBar/input_On' is clicked on

2021-05-29 00:56:58 - [MESSAGE][PASSED] - Object: 'Object Repository/Edit SideBar/input_On' is clicked on

2021-05-29 00:56:58 - [TEST_STEP][PASSED] - click(findTestObject("Edit SideBar/button_Save")): Object: 'Object Repository/Edit SideBar/button_Save' is clicked on

2021-05-29 00:56:59 - [MESSAGE][PASSED] - Object: 'Object Repository/Edit SideBar/button_Save' is clicked on

2021-05-29 00:56:59 - [TEST_STEP][PASSED] - delay(1): Delayed 1 second(s)

2021-05-29 00:57:00 - [MESSAGE][PASSED] - Delayed 1 second(s)

2021-05-29 00:57:00 - [TEST_STEP][PASSED] - closeBrowser(): Browser is closed

2021-05-29 00:57:01 - [MESSAGE][PASSED] - Browser is closed]]></system-out>
         <system-err><![CDATA[]]></system-err>
      </testcase>
      <testcase name="Test Cases/EditTheme" time="35.383" classname="Test Cases/EditTheme" status="PASSED">
         <system-out><![CDATA[2021-05-29 00:57:01 - [TEST_CASE][PASSED] - Test Cases/EditTheme: Test Cases/EditTheme

2021-05-29 00:57:02 - [TEST_STEP][PASSED] - openBrowser("https://cdnc-group2.herokuapp.com/"): Browser is opened with url: 'https://cdnc-group2.herokuapp.com/'

2021-05-29 00:57:02 - [MESSAGE][INFO] - Starting 'Chrome' driver

2021-05-29 00:57:02 - [MESSAGE][INFO] - Action delay is set to 0 milliseconds

2021-05-29 00:57:09 - [MESSAGE][PASSED] - Browser is opened with url: 'https://cdnc-group2.herokuapp.com/'

2021-05-29 00:57:09 - [TEST_STEP][PASSED] - setText(findTestObject("Login/input_Email"), "ngoctin040999@gmail.com"): Text 'ngoctin040999@gmail.com' is set on object 'Object Repository/Login/input_Email'

2021-05-29 00:57:14 - [MESSAGE][PASSED] - Text 'ngoctin040999@gmail.com' is set on object 'Object Repository/Login/input_Email'

2021-05-29 00:57:14 - [TEST_STEP][PASSED] - setText(findTestObject("Login/input_Password"), "ngoctin1"): Text 'ngoctin1' is set on object 'Object Repository/Login/input_Password'

2021-05-29 00:57:15 - [MESSAGE][PASSED] - Text 'ngoctin1' is set on object 'Object Repository/Login/input_Password'

2021-05-29 00:57:15 - [TEST_STEP][PASSED] - click(findTestObject("Login/button_Sign in")): Object: 'Object Repository/Login/button_Sign in' is clicked on

2021-05-29 00:57:16 - [MESSAGE][PASSED] - Object: 'Object Repository/Login/button_Sign in' is clicked on

2021-05-29 00:57:16 - [TEST_STEP][PASSED] - delay(2): Delayed 2 second(s)

2021-05-29 00:57:18 - [MESSAGE][PASSED] - Delayed 2 second(s)

2021-05-29 00:57:18 - [TEST_STEP][PASSED] - click(findTestObject("UpdatePassword/button_Option")): Object: 'Object Repository/UpdatePassword/button_Option' is clicked on

2021-05-29 00:57:21 - [MESSAGE][PASSED] - Object: 'Object Repository/UpdatePassword/button_Option' is clicked on

2021-05-29 00:57:21 - [TEST_STEP][PASSED] - click(findTestObject("UpdatePassword/button_Account Settings")): Object: 'Object Repository/UpdatePassword/button_Account Settings' is clicked on

2021-05-29 00:57:22 - [MESSAGE][PASSED] - Object: 'Object Repository/UpdatePassword/button_Account Settings' is clicked on

2021-05-29 00:57:22 - [TEST_STEP][PASSED] - click(findTestObject("Edit Theme/button_Display")): Object: 'Object Repository/Edit Theme/button_Display' is clicked on

2021-05-29 00:57:23 - [MESSAGE][PASSED] - Object: 'Object Repository/Edit Theme/button_Display' is clicked on

2021-05-29 00:57:23 - [TEST_STEP][PASSED] - click(findTestObject("Edit Theme/button_Edit")): Object: 'Object Repository/Edit Theme/button_Edit' is clicked on

2021-05-29 00:57:23 - [MESSAGE][PASSED] - Object: 'Object Repository/Edit Theme/button_Edit' is clicked on

2021-05-29 00:57:23 - [TEST_STEP][PASSED] - click(findTestObject("Edit Theme/img_Mattermost Dark_img-responsive")): Object: 'Object Repository/Edit Theme/img_Mattermost Dark_img-responsive' is clicked on

2021-05-29 00:57:24 - [MESSAGE][PASSED] - Object: 'Object Repository/Edit Theme/img_Mattermost Dark_img-responsive' is clicked on

2021-05-29 00:57:24 - [TEST_STEP][PASSED] - click(findTestObject("Edit Theme/button_Save")): Object: 'Object Repository/Edit Theme/button_Save' is clicked on

2021-05-29 00:57:25 - [MESSAGE][PASSED] - Object: 'Object Repository/Edit Theme/button_Save' is clicked on

2021-05-29 00:57:25 - [TEST_STEP][PASSED] - delay(2): Delayed 2 second(s)

2021-05-29 00:57:27 - [MESSAGE][PASSED] - Delayed 2 second(s)

2021-05-29 00:57:27 - [TEST_STEP][PASSED] - click(findTestObject("Edit Theme/button_Edit")): Object: 'Object Repository/Edit Theme/button_Edit' is clicked on

2021-05-29 00:57:28 - [MESSAGE][PASSED] - Object: 'Object Repository/Edit Theme/button_Edit' is clicked on

2021-05-29 00:57:28 - [TEST_STEP][PASSED] - click(findTestObject("Edit Theme/img_Mattermost_img-responsive")): Object: 'Object Repository/Edit Theme/img_Mattermost_img-responsive' is clicked on

2021-05-29 00:57:29 - [MESSAGE][PASSED] - Object: 'Object Repository/Edit Theme/img_Mattermost_img-responsive' is clicked on

2021-05-29 00:57:29 - [TEST_STEP][PASSED] - click(findTestObject("Edit Theme/button_Save")): Object: 'Object Repository/Edit Theme/button_Save' is clicked on

2021-05-29 00:57:30 - [MESSAGE][PASSED] - Object: 'Object Repository/Edit Theme/button_Save' is clicked on

2021-05-29 00:57:30 - [TEST_STEP][PASSED] - delay(2): Delayed 2 second(s)

2021-05-29 00:57:32 - [MESSAGE][PASSED] - Delayed 2 second(s)

2021-05-29 00:57:32 - [TEST_STEP][PASSED] - click(findTestObject("Edit Theme/button_Edit")): Object: 'Object Repository/Edit Theme/button_Edit' is clicked on

2021-05-29 00:57:32 - [MESSAGE][PASSED] - Object: 'Object Repository/Edit Theme/button_Edit' is clicked on

2021-05-29 00:57:32 - [TEST_STEP][PASSED] - click(findTestObject("Edit Theme/img_Organization_img-responsive")): Object: 'Object Repository/Edit Theme/img_Organization_img-responsive' is clicked on

2021-05-29 00:57:33 - [MESSAGE][PASSED] - Object: 'Object Repository/Edit Theme/img_Organization_img-responsive' is clicked on

2021-05-29 00:57:33 - [TEST_STEP][PASSED] - click(findTestObject("Edit Theme/button_Save")): Object: 'Object Repository/Edit Theme/button_Save' is clicked on

2021-05-29 00:57:34 - [MESSAGE][PASSED] - Object: 'Object Repository/Edit Theme/button_Save' is clicked on

2021-05-29 00:57:34 - [TEST_STEP][PASSED] - delay(2): Delayed 2 second(s)

2021-05-29 00:57:36 - [MESSAGE][PASSED] - Delayed 2 second(s)

2021-05-29 00:57:36 - [TEST_STEP][PASSED] - closeBrowser(): Browser is closed

2021-05-29 00:57:37 - [MESSAGE][PASSED] - Browser is closed]]></system-out>
         <system-err><![CDATA[]]></system-err>
      </testcase>
      <testcase name="Test Cases/IgnoreMentions" time="23.291" classname="Test Cases/IgnoreMentions" status="PASSED">
         <system-out><![CDATA[2021-05-29 00:57:37 - [TEST_CASE][PASSED] - Test Cases/IgnoreMentions: Test Cases/IgnoreMentions

2021-05-29 00:57:38 - [TEST_STEP][PASSED] - openBrowser("https://cdnc-group2.herokuapp.com/"): Browser is opened with url: 'https://cdnc-group2.herokuapp.com/'

2021-05-29 00:57:38 - [MESSAGE][INFO] - Starting 'Chrome' driver

2021-05-29 00:57:38 - [MESSAGE][INFO] - Action delay is set to 0 milliseconds

2021-05-29 00:57:44 - [MESSAGE][PASSED] - Browser is opened with url: 'https://cdnc-group2.herokuapp.com/'

2021-05-29 00:57:44 - [TEST_STEP][PASSED] - setText(findTestObject("Login/input_Email"), "ngoctin040999@gmail.com"): Text 'ngoctin040999@gmail.com' is set on object 'Object Repository/Login/input_Email'

2021-05-29 00:57:49 - [MESSAGE][PASSED] - Text 'ngoctin040999@gmail.com' is set on object 'Object Repository/Login/input_Email'

2021-05-29 00:57:49 - [TEST_STEP][PASSED] - setText(findTestObject("Login/input_Password"), "ngoctin1"): Text 'ngoctin1' is set on object 'Object Repository/Login/input_Password'

2021-05-29 00:57:50 - [MESSAGE][PASSED] - Text 'ngoctin1' is set on object 'Object Repository/Login/input_Password'

2021-05-29 00:57:50 - [TEST_STEP][PASSED] - click(findTestObject("Login/button_Sign in")): Object: 'Object Repository/Login/button_Sign in' is clicked on

2021-05-29 00:57:51 - [MESSAGE][PASSED] - Object: 'Object Repository/Login/button_Sign in' is clicked on

2021-05-29 00:57:51 - [TEST_STEP][PASSED] - delay(2): Delayed 2 second(s)

2021-05-29 00:57:53 - [MESSAGE][PASSED] - Delayed 2 second(s)

2021-05-29 00:57:53 - [TEST_STEP][PASSED] - click(findTestObject("Ignore mentions/button_Town Square")): Object: 'Object Repository/Ignore mentions/button_Town Square' is clicked on

2021-05-29 00:57:55 - [MESSAGE][PASSED] - Object: 'Object Repository/Ignore mentions/button_Town Square' is clicked on

2021-05-29 00:57:55 - [TEST_STEP][PASSED] - click(findTestObject("Ignore mentions/button_Notification Preferences")): Object: 'Object Repository/Ignore mentions/button_Notification Preferences' is clicked on

2021-05-29 00:57:56 - [MESSAGE][PASSED] - Object: 'Object Repository/Ignore mentions/button_Notification Preferences' is clicked on

2021-05-29 00:57:56 - [TEST_STEP][PASSED] - click(findTestObject("Ignore mentions/button_Edit")): Object: 'Object Repository/Ignore mentions/button_Edit' is clicked on

2021-05-29 00:57:56 - [MESSAGE][PASSED] - Object: 'Object Repository/Ignore mentions/button_Edit' is clicked on

2021-05-29 00:57:56 - [TEST_STEP][PASSED] - click(findTestObject("Ignore mentions/input_Ignore mentions for channel, here and all_ignoreChannelMentions")): Object: 'Object Repository/Ignore mentions/input_Ignore mentions for channel, here and all_ignoreChannelMentions' is clicked on

2021-05-29 00:57:57 - [MESSAGE][PASSED] - Object: 'Object Repository/Ignore mentions/input_Ignore mentions for channel, here and all_ignoreChannelMentions' is clicked on

2021-05-29 00:57:57 - [TEST_STEP][PASSED] - click(findTestObject("Ignore mentions/button_Save")): Object: 'Object Repository/Ignore mentions/button_Save' is clicked on

2021-05-29 00:57:57 - [MESSAGE][PASSED] - Object: 'Object Repository/Ignore mentions/button_Save' is clicked on

2021-05-29 00:57:57 - [TEST_STEP][PASSED] - verifyElementVisible(findTestObject("Ignore mentions/span_On")): Object 'Object Repository/Ignore mentions/span_On' is visible

2021-05-29 00:57:58 - [MESSAGE][PASSED] - Object 'Object Repository/Ignore mentions/span_On' is visible

2021-05-29 00:57:58 - [TEST_STEP][PASSED] - delay(1): Delayed 1 second(s)

2021-05-29 00:57:59 - [MESSAGE][PASSED] - Delayed 1 second(s)

2021-05-29 00:57:59 - [TEST_STEP][PASSED] - closeBrowser(): Browser is closed

2021-05-29 00:58:00 - [MESSAGE][PASSED] - Browser is closed]]></system-out>
         <system-err><![CDATA[]]></system-err>
      </testcase>
      <testcase name="Test Cases/UpdateChannelName" time="24.829" classname="Test Cases/UpdateChannelName" status="PASSED">
         <system-out><![CDATA[2021-05-29 00:58:00 - [TEST_CASE][PASSED] - Test Cases/UpdateChannelName: Test Cases/UpdateChannelName

2021-05-29 00:58:01 - [TEST_STEP][PASSED] - openBrowser(""): Browser is opened with url: ''

2021-05-29 00:58:01 - [MESSAGE][INFO] - Starting 'Chrome' driver

2021-05-29 00:58:01 - [MESSAGE][INFO] - Action delay is set to 0 milliseconds

2021-05-29 00:58:03 - [MESSAGE][PASSED] - Browser is opened with url: ''

2021-05-29 00:58:03 - [TEST_STEP][PASSED] - navigateToUrl("https://cdnc-group2.herokuapp.com/"): Navigate to 'https://cdnc-group2.herokuapp.com/' successfully

2021-05-29 00:58:07 - [MESSAGE][PASSED] - Navigate to 'https://cdnc-group2.herokuapp.com/' successfully

2021-05-29 00:58:07 - [TEST_STEP][PASSED] - setText(findTestObject("Object Repository/Page_Mattermost/input_All team communication in one place, _dcc84b"), "ngoctin040999@gmail.com"): Text 'ngoctin040999@gmail.com' is set on object 'Object Repository/Page_Mattermost/input_All team communication in one place, _dcc84b'

2021-05-29 00:58:13 - [MESSAGE][PASSED] - Text 'ngoctin040999@gmail.com' is set on object 'Object Repository/Page_Mattermost/input_All team communication in one place, _dcc84b'

2021-05-29 00:58:13 - [TEST_STEP][PASSED] - setEncryptedText(findTestObject("Object Repository/Page_Mattermost/input_All team communication in one place, _a3edc6"), "S8w1SJvl7D1hts9IdMV+NQ=="): Text ****** has been set on object 'Object Repository/Page_Mattermost/input_All team communication in one place, _a3edc6'

2021-05-29 00:58:14 - [MESSAGE][PASSED] - Text ****** has been set on object 'Object Repository/Page_Mattermost/input_All team communication in one place, _a3edc6'

2021-05-29 00:58:14 - [TEST_STEP][PASSED] - sendKeys(findTestObject("Object Repository/Page_Mattermost/input_All team communication in one place, _a3edc6"), Keys.chord(ENTER)): Keys 'ENTER + ' sent to object: 'Object Repository/Page_Mattermost/input_All team communication in one place, _a3edc6'

2021-05-29 00:58:15 - [MESSAGE][PASSED] - Keys 'ENTER + ' sent to object: 'Object Repository/Page_Mattermost/input_All team communication in one place, _a3edc6'

2021-05-29 00:58:15 - [TEST_STEP][PASSED] - click(findTestObject("Object Repository/Page_Town Square - Team Mattermost/span_Test 123")): Object: 'Object Repository/Page_Town Square - Team Mattermost/span_Test 123' is clicked on

2021-05-29 00:58:19 - [MESSAGE][PASSED] - Object: 'Object Repository/Page_Town Square - Team Mattermost/span_Test 123' is clicked on

2021-05-29 00:58:19 - [TEST_STEP][PASSED] - click(findTestObject("Object Repository/Page_Test 123 - Team Mattermost/span_Test 123_channelHeaderDropdownIcon")): Object: 'Object Repository/Page_Test 123 - Team Mattermost/span_Test 123_channelHeaderDropdownIcon' is clicked on

2021-05-29 00:58:21 - [MESSAGE][PASSED] - Object: 'Object Repository/Page_Test 123 - Team Mattermost/span_Test 123_channelHeaderDropdownIcon' is clicked on

2021-05-29 00:58:21 - [TEST_STEP][PASSED] - click(findTestObject("Object Repository/Page_Test 123 - Team Mattermost/span_Rename Channel")): Object: 'Object Repository/Page_Test 123 - Team Mattermost/span_Rename Channel' is clicked on

2021-05-29 00:58:22 - [MESSAGE][PASSED] - Object: 'Object Repository/Page_Test 123 - Team Mattermost/span_Rename Channel' is clicked on

2021-05-29 00:58:22 - [TEST_STEP][PASSED] - setText(findTestObject("Object Repository/Page_Test 123 - Team Mattermost/input_Display Name_display_name"), "Test 123"): Text 'Test 123' is set on object 'Object Repository/Page_Test 123 - Team Mattermost/input_Display Name_display_name'

2021-05-29 00:58:23 - [MESSAGE][PASSED] - Text 'Test 123' is set on object 'Object Repository/Page_Test 123 - Team Mattermost/input_Display Name_display_name'

2021-05-29 00:58:23 - [TEST_STEP][PASSED] - click(findTestObject("Object Repository/Page_Test 123 - Team Mattermost/span_Save")): Object: 'Object Repository/Page_Test 123 - Team Mattermost/span_Save' is clicked on

2021-05-29 00:58:23 - [MESSAGE][PASSED] - Object: 'Object Repository/Page_Test 123 - Team Mattermost/span_Save' is clicked on

2021-05-29 00:58:23 - [TEST_STEP][PASSED] - closeBrowser(): Browser is closed

2021-05-29 00:58:25 - [MESSAGE][PASSED] - Browser is closed]]></system-out>
         <system-err><![CDATA[]]></system-err>
      </testcase>
      <testcase name="Test Cases/UpdateDescriptionChannel" time="44.452" classname="Test Cases/UpdateDescriptionChannel" status="PASSED">
         <system-out><![CDATA[2021-05-29 00:58:25 - [TEST_CASE][PASSED] - Test Cases/UpdateDescriptionChannel: Test Cases/UpdateDescriptionChannel

2021-05-29 00:58:26 - [TEST_STEP][PASSED] - openBrowser(""): Browser is opened with url: ''

2021-05-29 00:58:26 - [MESSAGE][INFO] - Starting 'Chrome' driver

2021-05-29 00:58:26 - [MESSAGE][INFO] - Action delay is set to 0 milliseconds

2021-05-29 00:58:28 - [MESSAGE][PASSED] - Browser is opened with url: ''

2021-05-29 00:58:28 - [TEST_STEP][PASSED] - navigateToUrl("https://cdnc-group2.herokuapp.com/"): Navigate to 'https://cdnc-group2.herokuapp.com/' successfully

2021-05-29 00:58:32 - [MESSAGE][PASSED] - Navigate to 'https://cdnc-group2.herokuapp.com/' successfully

2021-05-29 00:58:32 - [TEST_STEP][PASSED] - setText(findTestObject("Object Repository/Page_Mattermost/input_All team communication in one place, _dcc84b"), "ngoctin040999@gmail.com"): Text 'ngoctin040999@gmail.com' is set on object 'Object Repository/Page_Mattermost/input_All team communication in one place, _dcc84b'

2021-05-29 00:58:38 - [MESSAGE][PASSED] - Text 'ngoctin040999@gmail.com' is set on object 'Object Repository/Page_Mattermost/input_All team communication in one place, _dcc84b'

2021-05-29 00:58:38 - [TEST_STEP][PASSED] - setEncryptedText(findTestObject("Object Repository/Page_Mattermost/input_All team communication in one place, _a3edc6"), "S8w1SJvl7D1hts9IdMV+NQ=="): Text ****** has been set on object 'Object Repository/Page_Mattermost/input_All team communication in one place, _a3edc6'

2021-05-29 00:58:39 - [MESSAGE][PASSED] - Text ****** has been set on object 'Object Repository/Page_Mattermost/input_All team communication in one place, _a3edc6'

2021-05-29 00:58:39 - [TEST_STEP][PASSED] - sendKeys(findTestObject("Object Repository/Page_Mattermost/input_All team communication in one place, _a3edc6"), Keys.chord(ENTER)): Keys 'ENTER + ' sent to object: 'Object Repository/Page_Mattermost/input_All team communication in one place, _a3edc6'

2021-05-29 00:58:40 - [MESSAGE][PASSED] - Keys 'ENTER + ' sent to object: 'Object Repository/Page_Mattermost/input_All team communication in one place, _a3edc6'

2021-05-29 00:58:40 - [TEST_STEP][PASSED] - click(findTestObject("Object Repository/Page_Town Square - Team Mattermost/span_Test 123")): Object: 'Object Repository/Page_Town Square - Team Mattermost/span_Test 123' is clicked on

2021-05-29 00:58:44 - [MESSAGE][PASSED] - Object: 'Object Repository/Page_Town Square - Team Mattermost/span_Test 123' is clicked on

2021-05-29 00:58:44 - [TEST_STEP][PASSED] - click(findTestObject("Object Repository/Page_Test 123 - Team Mattermost/span_Test 123_channelHeaderDropdownIcon")): Object: 'Object Repository/Page_Test 123 - Team Mattermost/span_Test 123_channelHeaderDropdownIcon' is clicked on

2021-05-29 00:58:45 - [MESSAGE][PASSED] - Object: 'Object Repository/Page_Test 123 - Team Mattermost/span_Test 123_channelHeaderDropdownIcon' is clicked on

2021-05-29 00:58:45 - [TEST_STEP][PASSED] - click(findTestObject("Object Repository/Page_Test 123 - Team Mattermost/span_Edit Channel Header")): Object: 'Object Repository/Page_Test 123 - Team Mattermost/span_Edit Channel Header' is clicked on

2021-05-29 00:58:47 - [MESSAGE][PASSED] - Object: 'Object Repository/Page_Test 123 - Team Mattermost/span_Edit Channel Header' is clicked on

2021-05-29 00:58:47 - [TEST_STEP][PASSED] - click(findTestObject("Object Repository/Page_Test 123 - Team Mattermost/div_CloseEdit Header for Test 123Edit the t_4a8350")): Object: 'Object Repository/Page_Test 123 - Team Mattermost/div_CloseEdit Header for Test 123Edit the t_4a8350' is clicked on

2021-05-29 00:58:47 - [MESSAGE][PASSED] - Object: 'Object Repository/Page_Test 123 - Team Mattermost/div_CloseEdit Header for Test 123Edit the t_4a8350' is clicked on

2021-05-29 00:58:47 - [TEST_STEP][PASSED] - setText(findTestObject("Object Repository/Page_Test 123 - Team Mattermost/textarea_Test Description"), "T"): Text 'T' is set on object 'Object Repository/Page_Test 123 - Team Mattermost/textarea_Test Description'

2021-05-29 00:58:48 - [MESSAGE][PASSED] - Text 'T' is set on object 'Object Repository/Page_Test 123 - Team Mattermost/textarea_Test Description'

2021-05-29 00:58:48 - [TEST_STEP][PASSED] - setText(findTestObject("Object Repository/Page_Test 123 - Team Mattermost/textarea_T"), "Te"): Text 'Te' is set on object 'Object Repository/Page_Test 123 - Team Mattermost/textarea_T'

2021-05-29 00:58:49 - [MESSAGE][PASSED] - Text 'Te' is set on object 'Object Repository/Page_Test 123 - Team Mattermost/textarea_T'

2021-05-29 00:58:49 - [TEST_STEP][PASSED] - setText(findTestObject("Object Repository/Page_Test 123 - Team Mattermost/textarea_Te"), "Tes"): Text 'Tes' is set on object 'Object Repository/Page_Test 123 - Team Mattermost/textarea_Te'

2021-05-29 00:58:50 - [MESSAGE][PASSED] - Text 'Tes' is set on object 'Object Repository/Page_Test 123 - Team Mattermost/textarea_Te'

2021-05-29 00:58:50 - [TEST_STEP][PASSED] - setText(findTestObject("Object Repository/Page_Test 123 - Team Mattermost/textarea_Tes"), "Test"): Text 'Test' is set on object 'Object Repository/Page_Test 123 - Team Mattermost/textarea_Tes'

2021-05-29 00:58:51 - [MESSAGE][PASSED] - Text 'Test' is set on object 'Object Repository/Page_Test 123 - Team Mattermost/textarea_Tes'

2021-05-29 00:58:51 - [TEST_STEP][PASSED] - setText(findTestObject("Object Repository/Page_Test 123 - Team Mattermost/textarea_Test"), "Test "): Text 'Test ' is set on object 'Object Repository/Page_Test 123 - Team Mattermost/textarea_Test'

2021-05-29 00:58:52 - [MESSAGE][PASSED] - Text 'Test ' is set on object 'Object Repository/Page_Test 123 - Team Mattermost/textarea_Test'

2021-05-29 00:58:52 - [TEST_STEP][PASSED] - setText(findTestObject("Object Repository/Page_Test 123 - Team Mattermost/textarea_Test_1"), "Test D"): Text 'Test D' is set on object 'Object Repository/Page_Test 123 - Team Mattermost/textarea_Test_1'

2021-05-29 00:58:53 - [MESSAGE][PASSED] - Text 'Test D' is set on object 'Object Repository/Page_Test 123 - Team Mattermost/textarea_Test_1'

2021-05-29 00:58:53 - [TEST_STEP][PASSED] - setText(findTestObject("Object Repository/Page_Test 123 - Team Mattermost/textarea_Test D"), "Test De"): Text 'Test De' is set on object 'Object Repository/Page_Test 123 - Team Mattermost/textarea_Test D'

2021-05-29 00:58:54 - [MESSAGE][PASSED] - Text 'Test De' is set on object 'Object Repository/Page_Test 123 - Team Mattermost/textarea_Test D'

2021-05-29 00:58:54 - [TEST_STEP][PASSED] - setText(findTestObject("Object Repository/Page_Test 123 - Team Mattermost/textarea_Test De"), "Test Des"): Text 'Test Des' is set on object 'Object Repository/Page_Test 123 - Team Mattermost/textarea_Test De'

2021-05-29 00:58:55 - [MESSAGE][PASSED] - Text 'Test Des' is set on object 'Object Repository/Page_Test 123 - Team Mattermost/textarea_Test De'

2021-05-29 00:58:55 - [TEST_STEP][PASSED] - setText(findTestObject("Object Repository/Page_Test 123 - Team Mattermost/textarea_Test Des"), "Test Desc"): Text 'Test Desc' is set on object 'Object Repository/Page_Test 123 - Team Mattermost/textarea_Test Des'

2021-05-29 00:58:56 - [MESSAGE][PASSED] - Text 'Test Desc' is set on object 'Object Repository/Page_Test 123 - Team Mattermost/textarea_Test Des'

2021-05-29 00:58:56 - [TEST_STEP][PASSED] - setText(findTestObject("Object Repository/Page_Test 123 - Team Mattermost/textarea_Test Desc"), "Test Descu"): Text 'Test Descu' is set on object 'Object Repository/Page_Test 123 - Team Mattermost/textarea_Test Desc'

2021-05-29 00:58:57 - [MESSAGE][PASSED] - Text 'Test Descu' is set on object 'Object Repository/Page_Test 123 - Team Mattermost/textarea_Test Desc'

2021-05-29 00:58:57 - [TEST_STEP][PASSED] - setText(findTestObject("Object Repository/Page_Test 123 - Team Mattermost/textarea_Test Descu"), "Test Descur"): Text 'Test Descur' is set on object 'Object Repository/Page_Test 123 - Team Mattermost/textarea_Test Descu'

2021-05-29 00:58:58 - [MESSAGE][PASSED] - Text 'Test Descur' is set on object 'Object Repository/Page_Test 123 - Team Mattermost/textarea_Test Descu'

2021-05-29 00:58:58 - [TEST_STEP][PASSED] - setText(findTestObject("Object Repository/Page_Test 123 - Team Mattermost/textarea_Test Descur"), "Test Descu"): Text 'Test Descu' is set on object 'Object Repository/Page_Test 123 - Team Mattermost/textarea_Test Descur'

2021-05-29 00:58:59 - [MESSAGE][PASSED] - Text 'Test Descu' is set on object 'Object Repository/Page_Test 123 - Team Mattermost/textarea_Test Descur'

2021-05-29 00:58:59 - [TEST_STEP][PASSED] - setText(findTestObject("Object Repository/Page_Test 123 - Team Mattermost/textarea_Test Descu"), "Test Desc"): Text 'Test Desc' is set on object 'Object Repository/Page_Test 123 - Team Mattermost/textarea_Test Descu'

2021-05-29 00:59:00 - [MESSAGE][PASSED] - Text 'Test Desc' is set on object 'Object Repository/Page_Test 123 - Team Mattermost/textarea_Test Descu'

2021-05-29 00:59:00 - [TEST_STEP][PASSED] - setText(findTestObject("Object Repository/Page_Test 123 - Team Mattermost/textarea_Test Desc"), "Test Descr"): Text 'Test Descr' is set on object 'Object Repository/Page_Test 123 - Team Mattermost/textarea_Test Desc'

2021-05-29 00:59:01 - [MESSAGE][PASSED] - Text 'Test Descr' is set on object 'Object Repository/Page_Test 123 - Team Mattermost/textarea_Test Desc'

2021-05-29 00:59:01 - [TEST_STEP][PASSED] - setText(findTestObject("Object Repository/Page_Test 123 - Team Mattermost/textarea_Test Descr"), "Test Descri"): Text 'Test Descri' is set on object 'Object Repository/Page_Test 123 - Team Mattermost/textarea_Test Descr'

2021-05-29 00:59:02 - [MESSAGE][PASSED] - Text 'Test Descri' is set on object 'Object Repository/Page_Test 123 - Team Mattermost/textarea_Test Descr'

2021-05-29 00:59:02 - [TEST_STEP][PASSED] - setText(findTestObject("Object Repository/Page_Test 123 - Team Mattermost/textarea_Test Descri"), "Test Descrip"): Text 'Test Descrip' is set on object 'Object Repository/Page_Test 123 - Team Mattermost/textarea_Test Descri'

2021-05-29 00:59:03 - [MESSAGE][PASSED] - Text 'Test Descrip' is set on object 'Object Repository/Page_Test 123 - Team Mattermost/textarea_Test Descri'

2021-05-29 00:59:03 - [TEST_STEP][PASSED] - setText(findTestObject("Object Repository/Page_Test 123 - Team Mattermost/textarea_Test Descrip"), "Test Descript"): Text 'Test Descript' is set on object 'Object Repository/Page_Test 123 - Team Mattermost/textarea_Test Descrip'

2021-05-29 00:59:04 - [MESSAGE][PASSED] - Text 'Test Descript' is set on object 'Object Repository/Page_Test 123 - Team Mattermost/textarea_Test Descrip'

2021-05-29 00:59:04 - [TEST_STEP][PASSED] - setText(findTestObject("Object Repository/Page_Test 123 - Team Mattermost/textarea_Test Descript"), "Test Descripti"): Text 'Test Descripti' is set on object 'Object Repository/Page_Test 123 - Team Mattermost/textarea_Test Descript'

2021-05-29 00:59:05 - [MESSAGE][PASSED] - Text 'Test Descripti' is set on object 'Object Repository/Page_Test 123 - Team Mattermost/textarea_Test Descript'

2021-05-29 00:59:05 - [TEST_STEP][PASSED] - setText(findTestObject("Object Repository/Page_Test 123 - Team Mattermost/textarea_Test Descripti"), "Test Descriptio"): Text 'Test Descriptio' is set on object 'Object Repository/Page_Test 123 - Team Mattermost/textarea_Test Descripti'

2021-05-29 00:59:06 - [MESSAGE][PASSED] - Text 'Test Descriptio' is set on object 'Object Repository/Page_Test 123 - Team Mattermost/textarea_Test Descripti'

2021-05-29 00:59:06 - [TEST_STEP][PASSED] - setText(findTestObject("Object Repository/Page_Test 123 - Team Mattermost/textarea_Test Descriptio"), "Test Description"): Text 'Test Description' is set on object 'Object Repository/Page_Test 123 - Team Mattermost/textarea_Test Descriptio'

2021-05-29 00:59:07 - [MESSAGE][PASSED] - Text 'Test Description' is set on object 'Object Repository/Page_Test 123 - Team Mattermost/textarea_Test Descriptio'

2021-05-29 00:59:07 - [TEST_STEP][PASSED] - click(findTestObject("Object Repository/Page_Test 123 - Team Mattermost/button_Save")): Object: 'Object Repository/Page_Test 123 - Team Mattermost/button_Save' is clicked on

2021-05-29 00:59:08 - [MESSAGE][PASSED] - Object: 'Object Repository/Page_Test 123 - Team Mattermost/button_Save' is clicked on

2021-05-29 00:59:08 - [TEST_STEP][PASSED] - closeBrowser(): Browser is closed

2021-05-29 00:59:09 - [MESSAGE][PASSED] - Browser is closed]]></system-out>
         <system-err><![CDATA[]]></system-err>
      </testcase>
      <testcase name="Test Cases/UpdatePurposeChannel" time="37.402" classname="Test Cases/UpdatePurposeChannel" status="PASSED">
         <system-out><![CDATA[2021-05-29 00:59:09 - [TEST_CASE][PASSED] - Test Cases/UpdatePurposeChannel: Test Cases/UpdatePurposeChannel

2021-05-29 00:59:10 - [TEST_STEP][PASSED] - openBrowser(""): Browser is opened with url: ''

2021-05-29 00:59:10 - [MESSAGE][INFO] - Starting 'Chrome' driver

2021-05-29 00:59:10 - [MESSAGE][INFO] - Action delay is set to 0 milliseconds

2021-05-29 00:59:13 - [MESSAGE][PASSED] - Browser is opened with url: ''

2021-05-29 00:59:13 - [TEST_STEP][PASSED] - navigateToUrl("https://cdnc-group2.herokuapp.com/"): Navigate to 'https://cdnc-group2.herokuapp.com/' successfully

2021-05-29 00:59:17 - [MESSAGE][PASSED] - Navigate to 'https://cdnc-group2.herokuapp.com/' successfully

2021-05-29 00:59:17 - [TEST_STEP][PASSED] - setText(findTestObject("Object Repository/Page_Mattermost/input_All team communication in one place, _dcc84b"), "ngoctin040999@gmail.com"): Text 'ngoctin040999@gmail.com' is set on object 'Object Repository/Page_Mattermost/input_All team communication in one place, _dcc84b'

2021-05-29 00:59:24 - [MESSAGE][PASSED] - Text 'ngoctin040999@gmail.com' is set on object 'Object Repository/Page_Mattermost/input_All team communication in one place, _dcc84b'

2021-05-29 00:59:24 - [TEST_STEP][PASSED] - setEncryptedText(findTestObject("Object Repository/Page_Mattermost/input_All team communication in one place, _a3edc6"), "S8w1SJvl7D1hts9IdMV+NQ=="): Text ****** has been set on object 'Object Repository/Page_Mattermost/input_All team communication in one place, _a3edc6'

2021-05-29 00:59:24 - [MESSAGE][PASSED] - Text ****** has been set on object 'Object Repository/Page_Mattermost/input_All team communication in one place, _a3edc6'

2021-05-29 00:59:24 - [TEST_STEP][PASSED] - sendKeys(findTestObject("Object Repository/Page_Mattermost/input_All team communication in one place, _a3edc6"), Keys.chord(ENTER)): Keys 'ENTER + ' sent to object: 'Object Repository/Page_Mattermost/input_All team communication in one place, _a3edc6'

2021-05-29 00:59:25 - [MESSAGE][PASSED] - Keys 'ENTER + ' sent to object: 'Object Repository/Page_Mattermost/input_All team communication in one place, _a3edc6'

2021-05-29 00:59:25 - [TEST_STEP][PASSED] - click(findTestObject("Object Repository/Page_Town Square - Team Mattermost/span_Test 123")): Object: 'Object Repository/Page_Town Square - Team Mattermost/span_Test 123' is clicked on

2021-05-29 00:59:29 - [MESSAGE][PASSED] - Object: 'Object Repository/Page_Town Square - Team Mattermost/span_Test 123' is clicked on

2021-05-29 00:59:29 - [TEST_STEP][PASSED] - click(findTestObject("Object Repository/Page_Test 123 - Team Mattermost/span_Test 123_channelHeaderDropdownIcon")): Object: 'Object Repository/Page_Test 123 - Team Mattermost/span_Test 123_channelHeaderDropdownIcon' is clicked on

2021-05-29 00:59:31 - [MESSAGE][PASSED] - Object: 'Object Repository/Page_Test 123 - Team Mattermost/span_Test 123_channelHeaderDropdownIcon' is clicked on

2021-05-29 00:59:31 - [TEST_STEP][PASSED] - click(findTestObject("Object Repository/Page_Test 123 - Team Mattermost/span_Edit Channel Purpose")): Object: 'Object Repository/Page_Test 123 - Team Mattermost/span_Edit Channel Purpose' is clicked on

2021-05-29 00:59:32 - [MESSAGE][PASSED] - Object: 'Object Repository/Page_Test 123 - Team Mattermost/span_Edit Channel Purpose' is clicked on

2021-05-29 00:59:32 - [TEST_STEP][PASSED] - setText(findTestObject("Object Repository/Page_Test 123 - Team Mattermost/textarea_dasdasdasasd"), ""): Text '' is set on object 'Object Repository/Page_Test 123 - Team Mattermost/textarea_dasdasdasasd'

2021-05-29 00:59:33 - [MESSAGE][PASSED] - Text '' is set on object 'Object Repository/Page_Test 123 - Team Mattermost/textarea_dasdasdasasd'

2021-05-29 00:59:33 - [TEST_STEP][PASSED] - setText(findTestObject("Object Repository/Page_Test 123 - Team Mattermost/textarea_Test 123_form-control no-resize"), "d"): Text 'd' is set on object 'Object Repository/Page_Test 123 - Team Mattermost/textarea_Test 123_form-control no-resize'

2021-05-29 00:59:34 - [MESSAGE][PASSED] - Text 'd' is set on object 'Object Repository/Page_Test 123 - Team Mattermost/textarea_Test 123_form-control no-resize'

2021-05-29 00:59:34 - [TEST_STEP][PASSED] - setText(findTestObject("Object Repository/Page_Test 123 - Team Mattermost/textarea_d"), "da"): Text 'da' is set on object 'Object Repository/Page_Test 123 - Team Mattermost/textarea_d'

2021-05-29 00:59:34 - [MESSAGE][PASSED] - Text 'da' is set on object 'Object Repository/Page_Test 123 - Team Mattermost/textarea_d'

2021-05-29 00:59:34 - [TEST_STEP][PASSED] - setText(findTestObject("Object Repository/Page_Test 123 - Team Mattermost/textarea_da"), "das"): Text 'das' is set on object 'Object Repository/Page_Test 123 - Team Mattermost/textarea_da'

2021-05-29 00:59:35 - [MESSAGE][PASSED] - Text 'das' is set on object 'Object Repository/Page_Test 123 - Team Mattermost/textarea_da'

2021-05-29 00:59:35 - [TEST_STEP][PASSED] - setText(findTestObject("Object Repository/Page_Test 123 - Team Mattermost/textarea_das"), "dasd"): Text 'dasd' is set on object 'Object Repository/Page_Test 123 - Team Mattermost/textarea_das'

2021-05-29 00:59:36 - [MESSAGE][PASSED] - Text 'dasd' is set on object 'Object Repository/Page_Test 123 - Team Mattermost/textarea_das'

2021-05-29 00:59:36 - [TEST_STEP][PASSED] - setText(findTestObject("Object Repository/Page_Test 123 - Team Mattermost/textarea_dasd"), "dasda"): Text 'dasda' is set on object 'Object Repository/Page_Test 123 - Team Mattermost/textarea_dasd'

2021-05-29 00:59:37 - [MESSAGE][PASSED] - Text 'dasda' is set on object 'Object Repository/Page_Test 123 - Team Mattermost/textarea_dasd'

2021-05-29 00:59:37 - [TEST_STEP][PASSED] - setText(findTestObject("Object Repository/Page_Test 123 - Team Mattermost/textarea_dasda"), "dasdas"): Text 'dasdas' is set on object 'Object Repository/Page_Test 123 - Team Mattermost/textarea_dasda'

2021-05-29 00:59:38 - [MESSAGE][PASSED] - Text 'dasdas' is set on object 'Object Repository/Page_Test 123 - Team Mattermost/textarea_dasda'

2021-05-29 00:59:38 - [TEST_STEP][PASSED] - setText(findTestObject("Object Repository/Page_Test 123 - Team Mattermost/textarea_dasdas"), "dasdasd"): Text 'dasdasd' is set on object 'Object Repository/Page_Test 123 - Team Mattermost/textarea_dasdas'

2021-05-29 00:59:39 - [MESSAGE][PASSED] - Text 'dasdasd' is set on object 'Object Repository/Page_Test 123 - Team Mattermost/textarea_dasdas'

2021-05-29 00:59:39 - [TEST_STEP][PASSED] - setText(findTestObject("Object Repository/Page_Test 123 - Team Mattermost/textarea_dasdasd"), "dasdasda"): Text 'dasdasda' is set on object 'Object Repository/Page_Test 123 - Team Mattermost/textarea_dasdasd'

2021-05-29 00:59:40 - [MESSAGE][PASSED] - Text 'dasdasda' is set on object 'Object Repository/Page_Test 123 - Team Mattermost/textarea_dasdasd'

2021-05-29 00:59:40 - [TEST_STEP][PASSED] - setText(findTestObject("Object Repository/Page_Test 123 - Team Mattermost/textarea_dasdasda"), "dasdasdas"): Text 'dasdasdas' is set on object 'Object Repository/Page_Test 123 - Team Mattermost/textarea_dasdasda'

2021-05-29 00:59:41 - [MESSAGE][PASSED] - Text 'dasdasdas' is set on object 'Object Repository/Page_Test 123 - Team Mattermost/textarea_dasdasda'

2021-05-29 00:59:41 - [TEST_STEP][PASSED] - setText(findTestObject("Object Repository/Page_Test 123 - Team Mattermost/textarea_dasdasdas"), "dasdasdasd"): Text 'dasdasdasd' is set on object 'Object Repository/Page_Test 123 - Team Mattermost/textarea_dasdasdas'

2021-05-29 00:59:42 - [MESSAGE][PASSED] - Text 'dasdasdasd' is set on object 'Object Repository/Page_Test 123 - Team Mattermost/textarea_dasdasdas'

2021-05-29 00:59:42 - [TEST_STEP][PASSED] - setText(findTestObject("Object Repository/Page_Test 123 - Team Mattermost/textarea_dasdasdasd"), "dasdasdasda"): Text 'dasdasdasda' is set on object 'Object Repository/Page_Test 123 - Team Mattermost/textarea_dasdasdasd'

2021-05-29 00:59:43 - [MESSAGE][PASSED] - Text 'dasdasdasda' is set on object 'Object Repository/Page_Test 123 - Team Mattermost/textarea_dasdasdasd'

2021-05-29 00:59:43 - [TEST_STEP][PASSED] - setText(findTestObject("Object Repository/Page_Test 123 - Team Mattermost/textarea_dasdasdasda"), "dasdasdasdas"): Text 'dasdasdasdas' is set on object 'Object Repository/Page_Test 123 - Team Mattermost/textarea_dasdasdasda'

2021-05-29 00:59:44 - [MESSAGE][PASSED] - Text 'dasdasdasdas' is set on object 'Object Repository/Page_Test 123 - Team Mattermost/textarea_dasdasdasda'

2021-05-29 00:59:44 - [TEST_STEP][PASSED] - setText(findTestObject("Object Repository/Page_Test 123 - Team Mattermost/textarea_dasdasdasdas"), "dasdasdasdasd"): Text 'dasdasdasdasd' is set on object 'Object Repository/Page_Test 123 - Team Mattermost/textarea_dasdasdasdas'

2021-05-29 00:59:45 - [MESSAGE][PASSED] - Text 'dasdasdasdasd' is set on object 'Object Repository/Page_Test 123 - Team Mattermost/textarea_dasdasdasdas'

2021-05-29 00:59:45 - [TEST_STEP][PASSED] - click(findTestObject("Object Repository/Page_Test 123 - Team Mattermost/button_Save")): Object: 'Object Repository/Page_Test 123 - Team Mattermost/button_Save' is clicked on

2021-05-29 00:59:46 - [MESSAGE][PASSED] - Object: 'Object Repository/Page_Test 123 - Team Mattermost/button_Save' is clicked on

2021-05-29 00:59:46 - [TEST_STEP][PASSED] - closeBrowser(): Browser is closed

2021-05-29 00:59:47 - [MESSAGE][PASSED] - Browser is closed]]></system-out>
         <system-err><![CDATA[]]></system-err>
      </testcase>
      <testcase name="Test Cases/UpdateTeamDescription" time="119.626" classname="Test Cases/UpdateTeamDescription" status="PASSED">
         <system-out><![CDATA[2021-05-29 00:59:47 - [TEST_CASE][PASSED] - Test Cases/UpdateTeamDescription: Test Cases/UpdateTeamDescription

2021-05-29 00:59:48 - [TEST_STEP][PASSED] - openBrowser(""): Browser is opened with url: ''

2021-05-29 00:59:48 - [MESSAGE][INFO] - Starting 'Chrome' driver

2021-05-29 00:59:48 - [MESSAGE][INFO] - Action delay is set to 0 milliseconds

2021-05-29 00:59:51 - [MESSAGE][PASSED] - Browser is opened with url: ''

2021-05-29 00:59:51 - [TEST_STEP][PASSED] - navigateToUrl("https://cdnc-group2.herokuapp.com/"): Navigate to 'https://cdnc-group2.herokuapp.com/' successfully

2021-05-29 00:59:58 - [MESSAGE][PASSED] - Navigate to 'https://cdnc-group2.herokuapp.com/' successfully

2021-05-29 00:59:58 - [TEST_STEP][PASSED] - setText(findTestObject("Object Repository/Page_Mattermost/input_All team communication in one place, _dcc84b"), "ngoctin040999@gmail.com"): Text 'ngoctin040999@gmail.com' is set on object 'Object Repository/Page_Mattermost/input_All team communication in one place, _dcc84b'

2021-05-29 01:00:03 - [MESSAGE][PASSED] - Text 'ngoctin040999@gmail.com' is set on object 'Object Repository/Page_Mattermost/input_All team communication in one place, _dcc84b'

2021-05-29 01:00:03 - [TEST_STEP][PASSED] - setEncryptedText(findTestObject("Object Repository/Page_Mattermost/input_All team communication in one place, _a3edc6"), "S8w1SJvl7D1hts9IdMV+NQ=="): Text ****** has been set on object 'Object Repository/Page_Mattermost/input_All team communication in one place, _a3edc6'

2021-05-29 01:00:04 - [MESSAGE][PASSED] - Text ****** has been set on object 'Object Repository/Page_Mattermost/input_All team communication in one place, _a3edc6'

2021-05-29 01:00:04 - [TEST_STEP][PASSED] - click(findTestObject("Object Repository/Page_Mattermost/button_Sign in")): Object: 'Object Repository/Page_Mattermost/button_Sign in' is clicked on

2021-05-29 01:00:05 - [MESSAGE][PASSED] - Object: 'Object Repository/Page_Mattermost/button_Sign in' is clicked on

2021-05-29 01:00:05 - [TEST_STEP][PASSED] - click(findTestObject("Object Repository/Page_Town Square - TOKEN_UPDATED Mattermost/div_TO")): Object: 'Object Repository/Page_Town Square - TOKEN_UPDATED Mattermost/div_TO' is clicked on

2021-05-29 01:00:36 - [MESSAGE][INFO] - Unable to find the element located by 'By.xpath: //a[@id='fsdfsdfTeamButton']/div/div/div/div'. Please recheck the objects properties to make sure the desired element is located. 

2021-05-29 01:00:36 - [MESSAGE][WARNING] - [SELF-HEALING] Failed to find element with id 'Object Repository/Page_Town Square - TOKEN_UPDATED Mattermost/div_TO'. Try using Self-healing.

2021-05-29 01:00:36 - [MESSAGE][WARNING] - [SELF-HEALING] The current locator of test object 'Object Repository/Page_Town Square - TOKEN_UPDATED Mattermost/div_TO' was broken. Propose an alternative one: '(.//*[normalize-space(text()) and normalize-space(.)='TOKEN_UPDATED'])[1]/following::div[11]'.

2021-05-29 01:00:37 - [MESSAGE][PASSED] - Object: 'Object Repository/Page_Town Square - TOKEN_UPDATED Mattermost/div_TO' is clicked on

2021-05-29 01:00:37 - [TEST_STEP][PASSED] - click(findTestObject("Object Repository/Page_Town Square - TOKEN_UPDATED Mattermost/path")): Object: 'Object Repository/Page_Town Square - TOKEN_UPDATED Mattermost/path' is clicked on

2021-05-29 01:01:08 - [MESSAGE][INFO] - Unable to find the element located by 'By.xpath: '. Please recheck the objects properties to make sure the desired element is located. 

2021-05-29 01:01:08 - [MESSAGE][WARNING] - [SELF-HEALING] Failed to find element with id 'Object Repository/Page_Town Square - TOKEN_UPDATED Mattermost/path'. Try using Self-healing.

2021-05-29 01:01:08 - [MESSAGE][WARNING] - [SELF-HEALING] The current locator of test object 'Object Repository/Page_Town Square - TOKEN_UPDATED Mattermost/path' was broken. Propose an alternative one: 'g > path'.

2021-05-29 01:01:08 - [MESSAGE][PASSED] - Object: 'Object Repository/Page_Town Square - TOKEN_UPDATED Mattermost/path' is clicked on

2021-05-29 01:01:08 - [TEST_STEP][PASSED] - click(findTestObject("Object Repository/Page_Town Square - TOKEN_UPDATED Mattermost/button_Team Settings")): Object: 'Object Repository/Page_Town Square - TOKEN_UPDATED Mattermost/button_Team Settings' is clicked on

2021-05-29 01:01:09 - [MESSAGE][PASSED] - Object: 'Object Repository/Page_Town Square - TOKEN_UPDATED Mattermost/button_Team Settings' is clicked on

2021-05-29 01:01:09 - [TEST_STEP][PASSED] - click(findTestObject("Object Repository/Page_Town Square - TOKEN_UPDATED Mattermost/span_Edit")): Object: 'Object Repository/Page_Town Square - TOKEN_UPDATED Mattermost/span_Edit' is clicked on

2021-05-29 01:01:41 - [MESSAGE][INFO] - Unable to find the element located by 'By.xpath: //button[@id='usernameEdit']/span'. Please recheck the objects properties to make sure the desired element is located. 

2021-05-29 01:01:41 - [MESSAGE][WARNING] - [SELF-HEALING] Failed to find element with id 'Object Repository/Page_Town Square - TOKEN_UPDATED Mattermost/span_Edit'. Try using Self-healing.

2021-05-29 01:01:41 - [MESSAGE][WARNING] - [SELF-HEALING] The current locator of test object 'Object Repository/Page_Town Square - TOKEN_UPDATED Mattermost/span_Edit' was broken. Propose an alternative one: '//div[4]/div/div/button/span'.

2021-05-29 01:01:41 - [MESSAGE][PASSED] - Object: 'Object Repository/Page_Town Square - TOKEN_UPDATED Mattermost/span_Edit' is clicked on

2021-05-29 01:01:41 - [TEST_STEP][PASSED] - setText(findTestObject("Object Repository/Page_Town Square - TOKEN_UPDATED Mattermost/input_Team Description_teamDescription"), "TOKEN TEAM 123"): Text 'TOKEN TEAM 123' is set on object 'Object Repository/Page_Town Square - TOKEN_UPDATED Mattermost/input_Team Description_teamDescription'

2021-05-29 01:01:43 - [MESSAGE][PASSED] - Text 'TOKEN TEAM 123' is set on object 'Object Repository/Page_Town Square - TOKEN_UPDATED Mattermost/input_Team Description_teamDescription'

2021-05-29 01:01:43 - [TEST_STEP][PASSED] - click(findTestObject("Object Repository/Page_Town Square - TOKEN_UPDATED Mattermost/span_Save")): Object: 'Object Repository/Page_Town Square - TOKEN_UPDATED Mattermost/span_Save' is clicked on

2021-05-29 01:01:43 - [MESSAGE][PASSED] - Object: 'Object Repository/Page_Town Square - TOKEN_UPDATED Mattermost/span_Save' is clicked on

2021-05-29 01:01:43 - [TEST_STEP][PASSED] - click(findTestObject("Object Repository/Page_Town Square - TOKEN_UPDATED Mattermost/span_")): Object: 'Object Repository/Page_Town Square - TOKEN_UPDATED Mattermost/span_' is clicked on

2021-05-29 01:01:45 - [MESSAGE][PASSED] - Object: 'Object Repository/Page_Town Square - TOKEN_UPDATED Mattermost/span_' is clicked on

2021-05-29 01:01:45 - [TEST_STEP][PASSED] - closeBrowser(): Browser is closed

2021-05-29 01:01:46 - [MESSAGE][PASSED] - Browser is closed]]></system-out>
         <system-err><![CDATA[]]></system-err>
      </testcase>
      <testcase name="Test Cases/UpdateTeamName" time="33.116" classname="Test Cases/UpdateTeamName" status="PASSED">
         <system-out><![CDATA[2021-05-29 01:01:46 - [TEST_CASE][PASSED] - Test Cases/UpdateTeamName: Test Cases/UpdateTeamName

2021-05-29 01:01:48 - [TEST_STEP][PASSED] - openBrowser(""): Browser is opened with url: ''

2021-05-29 01:01:48 - [MESSAGE][INFO] - Starting 'Chrome' driver

2021-05-29 01:01:48 - [MESSAGE][INFO] - Action delay is set to 0 milliseconds

2021-05-29 01:01:50 - [MESSAGE][PASSED] - Browser is opened with url: ''

2021-05-29 01:01:50 - [TEST_STEP][PASSED] - navigateToUrl("https://cdnc-group2.herokuapp.com/"): Navigate to 'https://cdnc-group2.herokuapp.com/' successfully

2021-05-29 01:01:54 - [MESSAGE][PASSED] - Navigate to 'https://cdnc-group2.herokuapp.com/' successfully

2021-05-29 01:01:54 - [TEST_STEP][PASSED] - setText(findTestObject("Object Repository/Page_Mattermost/input_All team communication in one place, _dcc84b"), "ngoctin040999@gmail.com"): Text 'ngoctin040999@gmail.com' is set on object 'Object Repository/Page_Mattermost/input_All team communication in one place, _dcc84b'

2021-05-29 01:02:00 - [MESSAGE][PASSED] - Text 'ngoctin040999@gmail.com' is set on object 'Object Repository/Page_Mattermost/input_All team communication in one place, _dcc84b'

2021-05-29 01:02:00 - [TEST_STEP][PASSED] - setEncryptedText(findTestObject("Object Repository/Page_Mattermost/input_All team communication in one place, _a3edc6"), "S8w1SJvl7D1hts9IdMV+NQ=="): Text ****** has been set on object 'Object Repository/Page_Mattermost/input_All team communication in one place, _a3edc6'

2021-05-29 01:02:01 - [MESSAGE][PASSED] - Text ****** has been set on object 'Object Repository/Page_Mattermost/input_All team communication in one place, _a3edc6'

2021-05-29 01:02:01 - [TEST_STEP][PASSED] - click(findTestObject("Object Repository/Page_Mattermost/span_Sign in")): Object: 'Object Repository/Page_Mattermost/span_Sign in' is clicked on

2021-05-29 01:02:02 - [MESSAGE][PASSED] - Object: 'Object Repository/Page_Mattermost/span_Sign in' is clicked on

2021-05-29 01:02:02 - [TEST_STEP][PASSED] - click(findTestObject("Object Repository/Page_Town Square - TOKEN Mattermost/button_ngoctin02806_style--none sidebar-hea_8af0e1")): Object: 'Object Repository/Page_Town Square - TOKEN Mattermost/button_ngoctin02806_style--none sidebar-hea_8af0e1' is clicked on

2021-05-29 01:02:07 - [MESSAGE][PASSED] - Object: 'Object Repository/Page_Town Square - TOKEN Mattermost/button_ngoctin02806_style--none sidebar-hea_8af0e1' is clicked on

2021-05-29 01:02:07 - [TEST_STEP][PASSED] - click(findTestObject("Object Repository/Page_Town Square - TOKEN Mattermost/button_Team Settings")): Object: 'Object Repository/Page_Town Square - TOKEN Mattermost/button_Team Settings' is clicked on

2021-05-29 01:02:08 - [MESSAGE][PASSED] - Object: 'Object Repository/Page_Town Square - TOKEN Mattermost/button_Team Settings' is clicked on

2021-05-29 01:02:08 - [TEST_STEP][PASSED] - click(findTestObject("Object Repository/Page_Town Square - TOKEN Mattermost/button_Edit")): Object: 'Object Repository/Page_Town Square - TOKEN Mattermost/button_Edit' is clicked on

2021-05-29 01:02:10 - [MESSAGE][PASSED] - Object: 'Object Repository/Page_Town Square - TOKEN Mattermost/button_Edit' is clicked on

2021-05-29 01:02:10 - [TEST_STEP][PASSED] - setText(findTestObject("Object Repository/Page_Town Square - TOKEN Mattermost/input_Team Name_teamName"), "TOKEN_UPDATED"): Text 'TOKEN_UPDATED' is set on object 'Object Repository/Page_Town Square - TOKEN Mattermost/input_Team Name_teamName'

2021-05-29 01:02:15 - [MESSAGE][PASSED] - Text 'TOKEN_UPDATED' is set on object 'Object Repository/Page_Town Square - TOKEN Mattermost/input_Team Name_teamName'

2021-05-29 01:02:15 - [TEST_STEP][PASSED] - click(findTestObject("Object Repository/Page_Town Square - TOKEN Mattermost/span_Save")): Object: 'Object Repository/Page_Town Square - TOKEN Mattermost/span_Save' is clicked on

2021-05-29 01:02:16 - [MESSAGE][PASSED] - Object: 'Object Repository/Page_Town Square - TOKEN Mattermost/span_Save' is clicked on

2021-05-29 01:02:16 - [TEST_STEP][PASSED] - click(findTestObject("Page_Town Square - UpdateTeamName Mattermost/span_")): Object: 'Object Repository/Page_Town Square - UpdateTeamName Mattermost/span_' is clicked on

2021-05-29 01:02:18 - [MESSAGE][PASSED] - Object: 'Object Repository/Page_Town Square - UpdateTeamName Mattermost/span_' is clicked on

2021-05-29 01:02:18 - [TEST_STEP][PASSED] - closeBrowser(): Browser is closed

2021-05-29 01:02:19 - [MESSAGE][PASSED] - Browser is closed]]></system-out>
         <system-err><![CDATA[]]></system-err>
      </testcase>
      <testcase name="Test Cases/SwitchChannels" time="34.797" classname="Test Cases/SwitchChannels" status="PASSED">
         <system-out><![CDATA[2021-05-29 01:02:20 - [TEST_CASE][PASSED] - Test Cases/SwitchChannels: Test Cases/SwitchChannels

2021-05-29 01:02:21 - [TEST_STEP][PASSED] - openBrowser(""): Browser is opened with url: ''

2021-05-29 01:02:21 - [MESSAGE][INFO] - Starting 'Chrome' driver

2021-05-29 01:02:21 - [MESSAGE][INFO] - Action delay is set to 0 milliseconds

2021-05-29 01:02:23 - [MESSAGE][PASSED] - Browser is opened with url: ''

2021-05-29 01:02:23 - [TEST_STEP][PASSED] - navigateToUrl("https://cdnc-group2.herokuapp.com/"): Navigate to 'https://cdnc-group2.herokuapp.com/' successfully

2021-05-29 01:02:28 - [MESSAGE][PASSED] - Navigate to 'https://cdnc-group2.herokuapp.com/' successfully

2021-05-29 01:02:28 - [TEST_STEP][PASSED] - setText(findTestObject("Object Repository/Page_Mattermost/input_All team communication in one place, _dcc84b"), "ngoctin040999@gmail.com"): Text 'ngoctin040999@gmail.com' is set on object 'Object Repository/Page_Mattermost/input_All team communication in one place, _dcc84b'

2021-05-29 01:02:40 - [MESSAGE][PASSED] - Text 'ngoctin040999@gmail.com' is set on object 'Object Repository/Page_Mattermost/input_All team communication in one place, _dcc84b'

2021-05-29 01:02:40 - [TEST_STEP][PASSED] - setEncryptedText(findTestObject("Object Repository/Page_Mattermost/input_All team communication in one place, _a3edc6"), "S8w1SJvl7D1hts9IdMV+NQ=="): Text ****** has been set on object 'Object Repository/Page_Mattermost/input_All team communication in one place, _a3edc6'

2021-05-29 01:02:42 - [MESSAGE][PASSED] - Text ****** has been set on object 'Object Repository/Page_Mattermost/input_All team communication in one place, _a3edc6'

2021-05-29 01:02:42 - [TEST_STEP][PASSED] - click(findTestObject("Object Repository/Page_Mattermost/span_Sign in")): Object: 'Object Repository/Page_Mattermost/span_Sign in' is clicked on

2021-05-29 01:02:44 - [MESSAGE][PASSED] - Object: 'Object Repository/Page_Mattermost/span_Sign in' is clicked on

2021-05-29 01:02:44 - [TEST_STEP][PASSED] - click(findTestObject("Object Repository/Page_Town Square - TOKEN Mattermost/span_Switch Channels")): Object: 'Object Repository/Page_Town Square - TOKEN Mattermost/span_Switch Channels' is clicked on

2021-05-29 01:02:48 - [MESSAGE][PASSED] - Object: 'Object Repository/Page_Town Square - TOKEN Mattermost/span_Switch Channels' is clicked on

2021-05-29 01:02:48 - [TEST_STEP][PASSED] - setText(findTestObject("Object Repository/Page_Town Square - TOKEN Mattermost/input_ESC_quickSwitchInput"), "Test 111224"): Text 'Test 111224' is set on object 'Object Repository/Page_Town Square - TOKEN Mattermost/input_ESC_quickSwitchInput'

2021-05-29 01:02:52 - [MESSAGE][PASSED] - Text 'Test 111224' is set on object 'Object Repository/Page_Town Square - TOKEN Mattermost/input_ESC_quickSwitchInput'

2021-05-29 01:02:52 - [TEST_STEP][PASSED] - if (findTestObject("Object Repository/Page_Town Square - TOKEN Mattermost/span_Test 111224") == null): null

2021-05-29 01:02:52 - [TEST_STEP][PASSED] - click(findTestObject("Object Repository/Page_Town Square - TOKEN Mattermost/span_Test 111224")): Object: 'Object Repository/Page_Town Square - TOKEN Mattermost/span_Test 111224' is clicked on

2021-05-29 01:02:54 - [MESSAGE][PASSED] - Object: 'Object Repository/Page_Town Square - TOKEN Mattermost/span_Test 111224' is clicked on]]></system-out>
         <system-err><![CDATA[]]></system-err>
      </testcase>
      <testcase name="Test Cases/CreateRoom" time="30.961" classname="Test Cases/CreateRoom" status="PASSED">
         <system-out><![CDATA[2021-05-29 01:02:55 - [TEST_CASE][PASSED] - Test Cases/CreateRoom: Test Cases/CreateRoom

2021-05-29 01:02:56 - [TEST_STEP][PASSED] - openBrowser(""): Browser is opened with url: ''

2021-05-29 01:02:56 - [MESSAGE][WARNING] - A browser is already opened. Closing browser and opening a new one

2021-05-29 01:02:57 - [MESSAGE][INFO] - Starting 'Chrome' driver

2021-05-29 01:02:57 - [MESSAGE][INFO] - Action delay is set to 0 milliseconds

2021-05-29 01:02:59 - [MESSAGE][PASSED] - Browser is opened with url: ''

2021-05-29 01:02:59 - [TEST_STEP][PASSED] - navigateToUrl("https://cdnc-group2.herokuapp.com"): Navigate to 'https://cdnc-group2.herokuapp.com' successfully

2021-05-29 01:03:04 - [MESSAGE][PASSED] - Navigate to 'https://cdnc-group2.herokuapp.com' successfully

2021-05-29 01:03:04 - [TEST_STEP][PASSED] - setText(findTestObject("Object Repository/Login_Mattermost_OR/input_All team communication in one place, _dcc84b"), "ngoctin040999@gmail.com"): Text 'ngoctin040999@gmail.com' is set on object 'Object Repository/Login_Mattermost_OR/input_All team communication in one place, _dcc84b'

2021-05-29 01:03:09 - [MESSAGE][PASSED] - Text 'ngoctin040999@gmail.com' is set on object 'Object Repository/Login_Mattermost_OR/input_All team communication in one place, _dcc84b'

2021-05-29 01:03:09 - [TEST_STEP][PASSED] - setText(findTestObject("Object Repository/Login_Mattermost_OR/input_All team communication in one place, _a3edc6"), "ngoctin1"): Text 'ngoctin1' is set on object 'Object Repository/Login_Mattermost_OR/input_All team communication in one place, _a3edc6'

2021-05-29 01:03:11 - [MESSAGE][PASSED] - Text 'ngoctin1' is set on object 'Object Repository/Login_Mattermost_OR/input_All team communication in one place, _a3edc6'

2021-05-29 01:03:11 - [TEST_STEP][PASSED] - click(findTestObject("Object Repository/Login_Mattermost_OR/span_Sign in")): Object: 'Object Repository/Login_Mattermost_OR/span_Sign in' is clicked on

2021-05-29 01:03:11 - [MESSAGE][PASSED] - Object: 'Object Repository/Login_Mattermost_OR/span_Sign in' is clicked on

2021-05-29 01:03:11 - [TEST_STEP][PASSED] - click(findTestObject("CreateRoom_Mattermose_OR/span_")): Object: 'Object Repository/CreateRoom_Mattermose_OR/span_' is clicked on

2021-05-29 01:03:16 - [MESSAGE][PASSED] - Object: 'Object Repository/CreateRoom_Mattermose_OR/span_' is clicked on

2021-05-29 01:03:16 - [TEST_STEP][PASSED] - verifyElementPresent(findTestObject("CreateRoom_Mattermose_OR/span_New Channel"), 0): Object 'Object Repository/CreateRoom_Mattermose_OR/span_New Channel' is present

2021-05-29 01:03:17 - [MESSAGE][WARNING] - Timeout '0' is invalid. Using default page load timeout: '30'

2021-05-29 01:03:17 - [MESSAGE][PASSED] - Object 'Object Repository/CreateRoom_Mattermose_OR/span_New Channel' is present

2021-05-29 01:03:17 - [TEST_STEP][PASSED] - switch (Type): null

2021-05-29 01:03:17 - [TEST_STEP][PASSED] - case "Public":: null

2021-05-29 01:03:17 - [TEST_STEP][PASSED] - click(findTestObject("CreateRoom_Mattermose_OR/input_Type_channelType")): Object: 'Object Repository/CreateRoom_Mattermose_OR/input_Type_channelType' is clicked on

2021-05-29 01:03:18 - [MESSAGE][PASSED] - Object: 'Object Repository/CreateRoom_Mattermose_OR/input_Type_channelType' is clicked on

2021-05-29 01:03:18 - [TEST_STEP][PASSED] - break: null

2021-05-29 01:03:18 - [TEST_STEP][PASSED] - setText(findTestObject("CreateRoom_Mattermose_OR/input_Name_newChannelName"), ChannelName): Text 'Test 123' is set on object 'Object Repository/CreateRoom_Mattermose_OR/input_Name_newChannelName'

2021-05-29 01:03:19 - [MESSAGE][PASSED] - Text 'Test 123' is set on object 'Object Repository/CreateRoom_Mattermose_OR/input_Name_newChannelName'

2021-05-29 01:03:19 - [TEST_STEP][PASSED] - setText(findTestObject("CreateRoom_Mattermose_OR/textarea_(optional)_newChannelPurpose"), Purpose): Text 'Data test 1' is set on object 'Object Repository/CreateRoom_Mattermose_OR/textarea_(optional)_newChannelPurpose'

2021-05-29 01:03:20 - [MESSAGE][PASSED] - Text 'Data test 1' is set on object 'Object Repository/CreateRoom_Mattermose_OR/textarea_(optional)_newChannelPurpose'

2021-05-29 01:03:20 - [TEST_STEP][PASSED] - setText(findTestObject("CreateRoom_Mattermose_OR/textarea_(optional)_newChannelHeader"), Description): Text 'Test Description' is set on object 'Object Repository/CreateRoom_Mattermose_OR/textarea_(optional)_newChannelHeader'

2021-05-29 01:03:21 - [MESSAGE][PASSED] - Text 'Test Description' is set on object 'Object Repository/CreateRoom_Mattermose_OR/textarea_(optional)_newChannelHeader'

2021-05-29 01:03:21 - [TEST_STEP][PASSED] - click(findTestObject("CreateRoom_Mattermose_OR/button_Create Channel")): Object: 'Object Repository/CreateRoom_Mattermose_OR/button_Create Channel' is clicked on

2021-05-29 01:03:22 - [MESSAGE][PASSED] - Object: 'Object Repository/CreateRoom_Mattermose_OR/button_Create Channel' is clicked on

2021-05-29 01:03:22 - [TEST_STEP][PASSED] - if (verifyElementPresent(findTestObject("CreateRoom_Mattermose_OR/p_A channel with that name already exists on the same team"), 0, OPTIONAL)): null

2021-05-29 01:03:22 - [MESSAGE][WARNING] - Timeout '0' is invalid. Using default page load timeout: '30'

2021-05-29 01:03:23 - [MESSAGE][PASSED] - Object 'Object Repository/CreateRoom_Mattermose_OR/p_A channel with that name already exists on the same team' is present

2021-05-29 01:03:23 - [TEST_STEP][PASSED] - closeBrowser(): Browser is closed

2021-05-29 01:03:25 - [MESSAGE][PASSED] - Browser is closed]]></system-out>
         <system-err><![CDATA[]]></system-err>
      </testcase>
      <testcase name="Test Cases/CreateRoom" time="29.673" classname="Test Cases/CreateRoom" status="PASSED">
         <system-out><![CDATA[2021-05-29 01:03:26 - [TEST_CASE][PASSED] - Test Cases/CreateRoom: Test Cases/CreateRoom

2021-05-29 01:03:26 - [TEST_STEP][PASSED] - openBrowser(""): Browser is opened with url: ''

2021-05-29 01:03:26 - [MESSAGE][INFO] - Starting 'Chrome' driver

2021-05-29 01:03:26 - [MESSAGE][INFO] - Action delay is set to 0 milliseconds

2021-05-29 01:03:28 - [MESSAGE][PASSED] - Browser is opened with url: ''

2021-05-29 01:03:28 - [TEST_STEP][PASSED] - navigateToUrl("https://cdnc-group2.herokuapp.com"): Navigate to 'https://cdnc-group2.herokuapp.com' successfully

2021-05-29 01:03:33 - [MESSAGE][PASSED] - Navigate to 'https://cdnc-group2.herokuapp.com' successfully

2021-05-29 01:03:33 - [TEST_STEP][PASSED] - setText(findTestObject("Object Repository/Login_Mattermost_OR/input_All team communication in one place, _dcc84b"), "ngoctin040999@gmail.com"): Text 'ngoctin040999@gmail.com' is set on object 'Object Repository/Login_Mattermost_OR/input_All team communication in one place, _dcc84b'

2021-05-29 01:03:39 - [MESSAGE][PASSED] - Text 'ngoctin040999@gmail.com' is set on object 'Object Repository/Login_Mattermost_OR/input_All team communication in one place, _dcc84b'

2021-05-29 01:03:39 - [TEST_STEP][PASSED] - setText(findTestObject("Object Repository/Login_Mattermost_OR/input_All team communication in one place, _a3edc6"), "ngoctin1"): Text 'ngoctin1' is set on object 'Object Repository/Login_Mattermost_OR/input_All team communication in one place, _a3edc6'

2021-05-29 01:03:41 - [MESSAGE][PASSED] - Text 'ngoctin1' is set on object 'Object Repository/Login_Mattermost_OR/input_All team communication in one place, _a3edc6'

2021-05-29 01:03:41 - [TEST_STEP][PASSED] - click(findTestObject("Object Repository/Login_Mattermost_OR/span_Sign in")): Object: 'Object Repository/Login_Mattermost_OR/span_Sign in' is clicked on

2021-05-29 01:03:42 - [MESSAGE][PASSED] - Object: 'Object Repository/Login_Mattermost_OR/span_Sign in' is clicked on

2021-05-29 01:03:42 - [TEST_STEP][PASSED] - click(findTestObject("CreateRoom_Mattermose_OR/span_")): Object: 'Object Repository/CreateRoom_Mattermose_OR/span_' is clicked on

2021-05-29 01:03:46 - [MESSAGE][PASSED] - Object: 'Object Repository/CreateRoom_Mattermose_OR/span_' is clicked on

2021-05-29 01:03:46 - [TEST_STEP][PASSED] - verifyElementPresent(findTestObject("CreateRoom_Mattermose_OR/span_New Channel"), 0): Object 'Object Repository/CreateRoom_Mattermose_OR/span_New Channel' is present

2021-05-29 01:03:47 - [MESSAGE][WARNING] - Timeout '0' is invalid. Using default page load timeout: '30'

2021-05-29 01:03:47 - [MESSAGE][PASSED] - Object 'Object Repository/CreateRoom_Mattermose_OR/span_New Channel' is present

2021-05-29 01:03:47 - [TEST_STEP][PASSED] - switch (Type): null

2021-05-29 01:03:47 - [TEST_STEP][PASSED] - case "Private":: null

2021-05-29 01:03:47 - [TEST_STEP][PASSED] - click(findTestObject("CreateRoom_Mattermose_OR/input_- Anyone can join this channel_channelType")): Object: 'Object Repository/CreateRoom_Mattermose_OR/input_- Anyone can join this channel_channelType' is clicked on

2021-05-29 01:03:48 - [MESSAGE][PASSED] - Object: 'Object Repository/CreateRoom_Mattermose_OR/input_- Anyone can join this channel_channelType' is clicked on

2021-05-29 01:03:48 - [TEST_STEP][PASSED] - break: null

2021-05-29 01:03:48 - [TEST_STEP][PASSED] - setText(findTestObject("CreateRoom_Mattermose_OR/input_Name_newChannelName"), ChannelName): Text 'Test 456' is set on object 'Object Repository/CreateRoom_Mattermose_OR/input_Name_newChannelName'

2021-05-29 01:03:49 - [MESSAGE][PASSED] - Text 'Test 456' is set on object 'Object Repository/CreateRoom_Mattermose_OR/input_Name_newChannelName'

2021-05-29 01:03:49 - [TEST_STEP][PASSED] - setText(findTestObject("CreateRoom_Mattermose_OR/textarea_(optional)_newChannelPurpose"), Purpose): Text 'Data test 1' is set on object 'Object Repository/CreateRoom_Mattermose_OR/textarea_(optional)_newChannelPurpose'

2021-05-29 01:03:51 - [MESSAGE][PASSED] - Text 'Data test 1' is set on object 'Object Repository/CreateRoom_Mattermose_OR/textarea_(optional)_newChannelPurpose'

2021-05-29 01:03:51 - [TEST_STEP][PASSED] - setText(findTestObject("CreateRoom_Mattermose_OR/textarea_(optional)_newChannelHeader"), Description): Text 'Test Description' is set on object 'Object Repository/CreateRoom_Mattermose_OR/textarea_(optional)_newChannelHeader'

2021-05-29 01:03:52 - [MESSAGE][PASSED] - Text 'Test Description' is set on object 'Object Repository/CreateRoom_Mattermose_OR/textarea_(optional)_newChannelHeader'

2021-05-29 01:03:52 - [TEST_STEP][PASSED] - click(findTestObject("CreateRoom_Mattermose_OR/button_Create Channel")): Object: 'Object Repository/CreateRoom_Mattermose_OR/button_Create Channel' is clicked on

2021-05-29 01:03:53 - [MESSAGE][PASSED] - Object: 'Object Repository/CreateRoom_Mattermose_OR/button_Create Channel' is clicked on

2021-05-29 01:03:53 - [TEST_STEP][PASSED] - if (verifyElementPresent(findTestObject("CreateRoom_Mattermose_OR/p_A channel with that name already exists on the same team"), 0, OPTIONAL)): null

2021-05-29 01:03:53 - [MESSAGE][WARNING] - Timeout '0' is invalid. Using default page load timeout: '30'

2021-05-29 01:03:54 - [MESSAGE][PASSED] - Object 'Object Repository/CreateRoom_Mattermose_OR/p_A channel with that name already exists on the same team' is present

2021-05-29 01:03:54 - [TEST_STEP][PASSED] - closeBrowser(): Browser is closed

2021-05-29 01:03:55 - [MESSAGE][PASSED] - Browser is closed]]></system-out>
         <system-err><![CDATA[]]></system-err>
      </testcase>
      <testcase name="Test Cases/CreateRoom" time="26.319" classname="Test Cases/CreateRoom" status="PASSED">
         <system-out><![CDATA[2021-05-29 01:03:55 - [TEST_CASE][PASSED] - Test Cases/CreateRoom: Test Cases/CreateRoom

2021-05-29 01:03:55 - [TEST_STEP][PASSED] - openBrowser(""): Browser is opened with url: ''

2021-05-29 01:03:56 - [MESSAGE][INFO] - Starting 'Chrome' driver

2021-05-29 01:03:56 - [MESSAGE][INFO] - Action delay is set to 0 milliseconds

2021-05-29 01:03:58 - [MESSAGE][PASSED] - Browser is opened with url: ''

2021-05-29 01:03:58 - [TEST_STEP][PASSED] - navigateToUrl("https://cdnc-group2.herokuapp.com"): Navigate to 'https://cdnc-group2.herokuapp.com' successfully

2021-05-29 01:04:02 - [MESSAGE][PASSED] - Navigate to 'https://cdnc-group2.herokuapp.com' successfully

2021-05-29 01:04:02 - [TEST_STEP][PASSED] - setText(findTestObject("Object Repository/Login_Mattermost_OR/input_All team communication in one place, _dcc84b"), "ngoctin040999@gmail.com"): Text 'ngoctin040999@gmail.com' is set on object 'Object Repository/Login_Mattermost_OR/input_All team communication in one place, _dcc84b'

2021-05-29 01:04:08 - [MESSAGE][PASSED] - Text 'ngoctin040999@gmail.com' is set on object 'Object Repository/Login_Mattermost_OR/input_All team communication in one place, _dcc84b'

2021-05-29 01:04:08 - [TEST_STEP][PASSED] - setText(findTestObject("Object Repository/Login_Mattermost_OR/input_All team communication in one place, _a3edc6"), "ngoctin1"): Text 'ngoctin1' is set on object 'Object Repository/Login_Mattermost_OR/input_All team communication in one place, _a3edc6'

2021-05-29 01:04:09 - [MESSAGE][PASSED] - Text 'ngoctin1' is set on object 'Object Repository/Login_Mattermost_OR/input_All team communication in one place, _a3edc6'

2021-05-29 01:04:09 - [TEST_STEP][PASSED] - click(findTestObject("Object Repository/Login_Mattermost_OR/span_Sign in")): Object: 'Object Repository/Login_Mattermost_OR/span_Sign in' is clicked on

2021-05-29 01:04:10 - [MESSAGE][PASSED] - Object: 'Object Repository/Login_Mattermost_OR/span_Sign in' is clicked on

2021-05-29 01:04:10 - [TEST_STEP][PASSED] - click(findTestObject("CreateRoom_Mattermose_OR/span_")): Object: 'Object Repository/CreateRoom_Mattermose_OR/span_' is clicked on

2021-05-29 01:04:15 - [MESSAGE][PASSED] - Object: 'Object Repository/CreateRoom_Mattermose_OR/span_' is clicked on

2021-05-29 01:04:15 - [TEST_STEP][PASSED] - verifyElementPresent(findTestObject("CreateRoom_Mattermose_OR/span_New Channel"), 0): Object 'Object Repository/CreateRoom_Mattermose_OR/span_New Channel' is present

2021-05-29 01:04:15 - [MESSAGE][WARNING] - Timeout '0' is invalid. Using default page load timeout: '30'

2021-05-29 01:04:16 - [MESSAGE][PASSED] - Object 'Object Repository/CreateRoom_Mattermose_OR/span_New Channel' is present

2021-05-29 01:04:16 - [TEST_STEP][PASSED] - switch (Type): null

2021-05-29 01:04:16 - [TEST_STEP][PASSED] - case "Private":: null

2021-05-29 01:04:16 - [TEST_STEP][PASSED] - click(findTestObject("CreateRoom_Mattermose_OR/input_- Anyone can join this channel_channelType")): Object: 'Object Repository/CreateRoom_Mattermose_OR/input_- Anyone can join this channel_channelType' is clicked on

2021-05-29 01:04:16 - [MESSAGE][PASSED] - Object: 'Object Repository/CreateRoom_Mattermose_OR/input_- Anyone can join this channel_channelType' is clicked on

2021-05-29 01:04:16 - [TEST_STEP][PASSED] - break: null

2021-05-29 01:04:16 - [TEST_STEP][PASSED] - setText(findTestObject("CreateRoom_Mattermose_OR/input_Name_newChannelName"), ChannelName): Text 'Test 4474' is set on object 'Object Repository/CreateRoom_Mattermose_OR/input_Name_newChannelName'

2021-05-29 01:04:17 - [MESSAGE][PASSED] - Text 'Test 4474' is set on object 'Object Repository/CreateRoom_Mattermose_OR/input_Name_newChannelName'

2021-05-29 01:04:17 - [TEST_STEP][PASSED] - setText(findTestObject("CreateRoom_Mattermose_OR/textarea_(optional)_newChannelPurpose"), Purpose): Text 'Data test 1' is set on object 'Object Repository/CreateRoom_Mattermose_OR/textarea_(optional)_newChannelPurpose'

2021-05-29 01:04:18 - [MESSAGE][PASSED] - Text 'Data test 1' is set on object 'Object Repository/CreateRoom_Mattermose_OR/textarea_(optional)_newChannelPurpose'

2021-05-29 01:04:18 - [TEST_STEP][PASSED] - setText(findTestObject("CreateRoom_Mattermose_OR/textarea_(optional)_newChannelHeader"), Description): Text 'Test Description' is set on object 'Object Repository/CreateRoom_Mattermose_OR/textarea_(optional)_newChannelHeader'

2021-05-29 01:04:19 - [MESSAGE][PASSED] - Text 'Test Description' is set on object 'Object Repository/CreateRoom_Mattermose_OR/textarea_(optional)_newChannelHeader'

2021-05-29 01:04:19 - [TEST_STEP][PASSED] - click(findTestObject("CreateRoom_Mattermose_OR/button_Create Channel")): Object: 'Object Repository/CreateRoom_Mattermose_OR/button_Create Channel' is clicked on

2021-05-29 01:04:20 - [MESSAGE][PASSED] - Object: 'Object Repository/CreateRoom_Mattermose_OR/button_Create Channel' is clicked on

2021-05-29 01:04:20 - [TEST_STEP][PASSED] - if (verifyElementPresent(findTestObject("CreateRoom_Mattermose_OR/p_A channel with that name already exists on the same team"), 0, OPTIONAL)): null

2021-05-29 01:04:20 - [MESSAGE][WARNING] - Timeout '0' is invalid. Using default page load timeout: '30'

2021-05-29 01:04:21 - [MESSAGE][PASSED] - Object 'Object Repository/CreateRoom_Mattermose_OR/p_A channel with that name already exists on the same team' is present

2021-05-29 01:04:21 - [TEST_STEP][PASSED] - closeBrowser(): Browser is closed

2021-05-29 01:04:22 - [MESSAGE][PASSED] - Browser is closed]]></system-out>
         <system-err><![CDATA[]]></system-err>
      </testcase>
      <testcase name="Test Cases/CreateRoom" time="24.788" classname="Test Cases/CreateRoom" status="PASSED">
         <system-out><![CDATA[2021-05-29 01:04:22 - [TEST_CASE][PASSED] - Test Cases/CreateRoom: Test Cases/CreateRoom

2021-05-29 01:04:22 - [TEST_STEP][PASSED] - openBrowser(""): Browser is opened with url: ''

2021-05-29 01:04:22 - [MESSAGE][INFO] - Starting 'Chrome' driver

2021-05-29 01:04:22 - [MESSAGE][INFO] - Action delay is set to 0 milliseconds

2021-05-29 01:04:24 - [MESSAGE][PASSED] - Browser is opened with url: ''

2021-05-29 01:04:24 - [TEST_STEP][PASSED] - navigateToUrl("https://cdnc-group2.herokuapp.com"): Navigate to 'https://cdnc-group2.herokuapp.com' successfully

2021-05-29 01:04:28 - [MESSAGE][PASSED] - Navigate to 'https://cdnc-group2.herokuapp.com' successfully

2021-05-29 01:04:28 - [TEST_STEP][PASSED] - setText(findTestObject("Object Repository/Login_Mattermost_OR/input_All team communication in one place, _dcc84b"), "ngoctin040999@gmail.com"): Text 'ngoctin040999@gmail.com' is set on object 'Object Repository/Login_Mattermost_OR/input_All team communication in one place, _dcc84b'

2021-05-29 01:04:34 - [MESSAGE][PASSED] - Text 'ngoctin040999@gmail.com' is set on object 'Object Repository/Login_Mattermost_OR/input_All team communication in one place, _dcc84b'

2021-05-29 01:04:34 - [TEST_STEP][PASSED] - setText(findTestObject("Object Repository/Login_Mattermost_OR/input_All team communication in one place, _a3edc6"), "ngoctin1"): Text 'ngoctin1' is set on object 'Object Repository/Login_Mattermost_OR/input_All team communication in one place, _a3edc6'

2021-05-29 01:04:35 - [MESSAGE][PASSED] - Text 'ngoctin1' is set on object 'Object Repository/Login_Mattermost_OR/input_All team communication in one place, _a3edc6'

2021-05-29 01:04:35 - [TEST_STEP][PASSED] - click(findTestObject("Object Repository/Login_Mattermost_OR/span_Sign in")): Object: 'Object Repository/Login_Mattermost_OR/span_Sign in' is clicked on

2021-05-29 01:04:35 - [MESSAGE][PASSED] - Object: 'Object Repository/Login_Mattermost_OR/span_Sign in' is clicked on

2021-05-29 01:04:35 - [TEST_STEP][PASSED] - click(findTestObject("CreateRoom_Mattermose_OR/span_")): Object: 'Object Repository/CreateRoom_Mattermose_OR/span_' is clicked on

2021-05-29 01:04:40 - [MESSAGE][PASSED] - Object: 'Object Repository/CreateRoom_Mattermose_OR/span_' is clicked on

2021-05-29 01:04:40 - [TEST_STEP][PASSED] - verifyElementPresent(findTestObject("CreateRoom_Mattermose_OR/span_New Channel"), 0): Object 'Object Repository/CreateRoom_Mattermose_OR/span_New Channel' is present

2021-05-29 01:04:40 - [MESSAGE][WARNING] - Timeout '0' is invalid. Using default page load timeout: '30'

2021-05-29 01:04:41 - [MESSAGE][PASSED] - Object 'Object Repository/CreateRoom_Mattermose_OR/span_New Channel' is present

2021-05-29 01:04:41 - [TEST_STEP][PASSED] - switch (Type): null

2021-05-29 01:04:41 - [TEST_STEP][PASSED] - case "Public":: null

2021-05-29 01:04:41 - [TEST_STEP][PASSED] - click(findTestObject("CreateRoom_Mattermose_OR/input_Type_channelType")): Object: 'Object Repository/CreateRoom_Mattermose_OR/input_Type_channelType' is clicked on

2021-05-29 01:04:41 - [MESSAGE][PASSED] - Object: 'Object Repository/CreateRoom_Mattermose_OR/input_Type_channelType' is clicked on

2021-05-29 01:04:41 - [TEST_STEP][PASSED] - break: null

2021-05-29 01:04:41 - [TEST_STEP][PASSED] - setText(findTestObject("CreateRoom_Mattermose_OR/input_Name_newChannelName"), ChannelName): Text 'Test 111223' is set on object 'Object Repository/CreateRoom_Mattermose_OR/input_Name_newChannelName'

2021-05-29 01:04:42 - [MESSAGE][PASSED] - Text 'Test 111223' is set on object 'Object Repository/CreateRoom_Mattermose_OR/input_Name_newChannelName'

2021-05-29 01:04:42 - [TEST_STEP][PASSED] - setText(findTestObject("CreateRoom_Mattermose_OR/textarea_(optional)_newChannelPurpose"), Purpose): Text 'Data test 2' is set on object 'Object Repository/CreateRoom_Mattermose_OR/textarea_(optional)_newChannelPurpose'

2021-05-29 01:04:43 - [MESSAGE][PASSED] - Text 'Data test 2' is set on object 'Object Repository/CreateRoom_Mattermose_OR/textarea_(optional)_newChannelPurpose'

2021-05-29 01:04:43 - [TEST_STEP][PASSED] - setText(findTestObject("CreateRoom_Mattermose_OR/textarea_(optional)_newChannelHeader"), Description): Text 'Test Description' is set on object 'Object Repository/CreateRoom_Mattermose_OR/textarea_(optional)_newChannelHeader'

2021-05-29 01:04:44 - [MESSAGE][PASSED] - Text 'Test Description' is set on object 'Object Repository/CreateRoom_Mattermose_OR/textarea_(optional)_newChannelHeader'

2021-05-29 01:04:44 - [TEST_STEP][PASSED] - click(findTestObject("CreateRoom_Mattermose_OR/button_Create Channel")): Object: 'Object Repository/CreateRoom_Mattermose_OR/button_Create Channel' is clicked on

2021-05-29 01:04:45 - [MESSAGE][PASSED] - Object: 'Object Repository/CreateRoom_Mattermose_OR/button_Create Channel' is clicked on

2021-05-29 01:04:45 - [TEST_STEP][PASSED] - if (verifyElementPresent(findTestObject("CreateRoom_Mattermose_OR/p_A channel with that name already exists on the same team"), 0, OPTIONAL)): null

2021-05-29 01:04:45 - [MESSAGE][WARNING] - Timeout '0' is invalid. Using default page load timeout: '30'

2021-05-29 01:04:46 - [MESSAGE][PASSED] - Object 'Object Repository/CreateRoom_Mattermose_OR/p_A channel with that name already exists on the same team' is present

2021-05-29 01:04:46 - [TEST_STEP][PASSED] - closeBrowser(): Browser is closed

2021-05-29 01:04:47 - [MESSAGE][PASSED] - Browser is closed]]></system-out>
         <system-err><![CDATA[]]></system-err>
      </testcase>
      <testcase name="Test Cases/CreateRoom" time="41.167" classname="Test Cases/CreateRoom" status="PASSED">
         <system-out><![CDATA[2021-05-29 01:04:47 - [TEST_CASE][PASSED] - Test Cases/CreateRoom: Test Cases/CreateRoom

2021-05-29 01:04:47 - [TEST_STEP][PASSED] - openBrowser(""): Browser is opened with url: ''

2021-05-29 01:04:47 - [MESSAGE][INFO] - Starting 'Chrome' driver

2021-05-29 01:04:47 - [MESSAGE][INFO] - Action delay is set to 0 milliseconds

2021-05-29 01:04:49 - [MESSAGE][PASSED] - Browser is opened with url: ''

2021-05-29 01:04:49 - [TEST_STEP][PASSED] - navigateToUrl("https://cdnc-group2.herokuapp.com"): Navigate to 'https://cdnc-group2.herokuapp.com' successfully

2021-05-29 01:04:53 - [MESSAGE][PASSED] - Navigate to 'https://cdnc-group2.herokuapp.com' successfully

2021-05-29 01:04:53 - [TEST_STEP][PASSED] - setText(findTestObject("Object Repository/Login_Mattermost_OR/input_All team communication in one place, _dcc84b"), "ngoctin040999@gmail.com"): Text 'ngoctin040999@gmail.com' is set on object 'Object Repository/Login_Mattermost_OR/input_All team communication in one place, _dcc84b'

2021-05-29 01:04:58 - [MESSAGE][PASSED] - Text 'ngoctin040999@gmail.com' is set on object 'Object Repository/Login_Mattermost_OR/input_All team communication in one place, _dcc84b'

2021-05-29 01:04:58 - [TEST_STEP][PASSED] - setText(findTestObject("Object Repository/Login_Mattermost_OR/input_All team communication in one place, _a3edc6"), "ngoctin1"): Text 'ngoctin1' is set on object 'Object Repository/Login_Mattermost_OR/input_All team communication in one place, _a3edc6'

2021-05-29 01:05:00 - [MESSAGE][PASSED] - Text 'ngoctin1' is set on object 'Object Repository/Login_Mattermost_OR/input_All team communication in one place, _a3edc6'

2021-05-29 01:05:00 - [TEST_STEP][PASSED] - click(findTestObject("Object Repository/Login_Mattermost_OR/span_Sign in")): Object: 'Object Repository/Login_Mattermost_OR/span_Sign in' is clicked on

2021-05-29 01:05:00 - [MESSAGE][PASSED] - Object: 'Object Repository/Login_Mattermost_OR/span_Sign in' is clicked on

2021-05-29 01:05:00 - [TEST_STEP][PASSED] - click(findTestObject("CreateRoom_Mattermose_OR/span_")): Object: 'Object Repository/CreateRoom_Mattermose_OR/span_' is clicked on

2021-05-29 01:05:05 - [MESSAGE][PASSED] - Object: 'Object Repository/CreateRoom_Mattermose_OR/span_' is clicked on

2021-05-29 01:05:05 - [TEST_STEP][PASSED] - verifyElementPresent(findTestObject("CreateRoom_Mattermose_OR/span_New Channel"), 0): Object 'Object Repository/CreateRoom_Mattermose_OR/span_New Channel' is present

2021-05-29 01:05:05 - [MESSAGE][WARNING] - Timeout '0' is invalid. Using default page load timeout: '30'

2021-05-29 01:05:06 - [MESSAGE][PASSED] - Object 'Object Repository/CreateRoom_Mattermose_OR/span_New Channel' is present

2021-05-29 01:05:06 - [TEST_STEP][PASSED] - switch (Type): null

2021-05-29 01:05:06 - [TEST_STEP][PASSED] - case "Public":: null

2021-05-29 01:05:06 - [TEST_STEP][PASSED] - click(findTestObject("CreateRoom_Mattermose_OR/input_Type_channelType")): Object: 'Object Repository/CreateRoom_Mattermose_OR/input_Type_channelType' is clicked on

2021-05-29 01:05:10 - [MESSAGE][PASSED] - Object: 'Object Repository/CreateRoom_Mattermose_OR/input_Type_channelType' is clicked on

2021-05-29 01:05:10 - [TEST_STEP][PASSED] - break: null

2021-05-29 01:05:10 - [TEST_STEP][PASSED] - setText(findTestObject("CreateRoom_Mattermose_OR/input_Name_newChannelName"), ChannelName): Text 'Test 111224' is set on object 'Object Repository/CreateRoom_Mattermose_OR/input_Name_newChannelName'

2021-05-29 01:05:14 - [MESSAGE][PASSED] - Text 'Test 111224' is set on object 'Object Repository/CreateRoom_Mattermose_OR/input_Name_newChannelName'

2021-05-29 01:05:14 - [TEST_STEP][PASSED] - setText(findTestObject("CreateRoom_Mattermose_OR/textarea_(optional)_newChannelPurpose"), Purpose): Text 'Data test 3' is set on object 'Object Repository/CreateRoom_Mattermose_OR/textarea_(optional)_newChannelPurpose'

2021-05-29 01:05:18 - [MESSAGE][PASSED] - Text 'Data test 3' is set on object 'Object Repository/CreateRoom_Mattermose_OR/textarea_(optional)_newChannelPurpose'

2021-05-29 01:05:18 - [TEST_STEP][PASSED] - setText(findTestObject("CreateRoom_Mattermose_OR/textarea_(optional)_newChannelHeader"), Description): Text 'Test Description' is set on object 'Object Repository/CreateRoom_Mattermose_OR/textarea_(optional)_newChannelHeader'

2021-05-29 01:05:23 - [MESSAGE][PASSED] - Text 'Test Description' is set on object 'Object Repository/CreateRoom_Mattermose_OR/textarea_(optional)_newChannelHeader'

2021-05-29 01:05:23 - [TEST_STEP][PASSED] - click(findTestObject("CreateRoom_Mattermose_OR/button_Create Channel")): Object: 'Object Repository/CreateRoom_Mattermose_OR/button_Create Channel' is clicked on

2021-05-29 01:05:25 - [MESSAGE][PASSED] - Object: 'Object Repository/CreateRoom_Mattermose_OR/button_Create Channel' is clicked on

2021-05-29 01:05:25 - [TEST_STEP][PASSED] - if (verifyElementPresent(findTestObject("CreateRoom_Mattermose_OR/p_A channel with that name already exists on the same team"), 0, OPTIONAL)): null

2021-05-29 01:05:25 - [MESSAGE][WARNING] - Timeout '0' is invalid. Using default page load timeout: '30'

2021-05-29 01:05:27 - [MESSAGE][PASSED] - Object 'Object Repository/CreateRoom_Mattermose_OR/p_A channel with that name already exists on the same team' is present

2021-05-29 01:05:27 - [TEST_STEP][PASSED] - closeBrowser(): Browser is closed

2021-05-29 01:05:28 - [MESSAGE][PASSED] - Browser is closed]]></system-out>
         <system-err><![CDATA[]]></system-err>
      </testcase>
      <testcase name="Test Cases/CreateTeam" time="50.791" classname="Test Cases/CreateTeam" status="PASSED">
         <system-out><![CDATA[2021-05-29 01:05:28 - [TEST_CASE][PASSED] - Test Cases/CreateTeam: Test Cases/CreateTeam

2021-05-29 01:05:29 - [TEST_STEP][PASSED] - openBrowser(""): Browser is opened with url: ''

2021-05-29 01:05:29 - [MESSAGE][INFO] - Starting 'Chrome' driver

2021-05-29 01:05:29 - [MESSAGE][INFO] - Action delay is set to 0 milliseconds

2021-05-29 01:05:30 - [MESSAGE][PASSED] - Browser is opened with url: ''

2021-05-29 01:05:30 - [TEST_STEP][PASSED] - navigateToUrl("https://cdnc-group2.herokuapp.com/"): Navigate to 'https://cdnc-group2.herokuapp.com/' successfully

2021-05-29 01:05:34 - [MESSAGE][PASSED] - Navigate to 'https://cdnc-group2.herokuapp.com/' successfully

2021-05-29 01:05:34 - [TEST_STEP][PASSED] - setText(findTestObject("Object Repository/Page_Mattermost/input_All team communication in one place, _dcc84b"), "ngoctin040999@gmail.com"): Text 'ngoctin040999@gmail.com' is set on object 'Object Repository/Page_Mattermost/input_All team communication in one place, _dcc84b'

2021-05-29 01:05:39 - [MESSAGE][PASSED] - Text 'ngoctin040999@gmail.com' is set on object 'Object Repository/Page_Mattermost/input_All team communication in one place, _dcc84b'

2021-05-29 01:05:39 - [TEST_STEP][PASSED] - setEncryptedText(findTestObject("Object Repository/Page_Mattermost/input_All team communication in one place, _a3edc6"), "S8w1SJvl7D1hts9IdMV+NQ=="): Text ****** has been set on object 'Object Repository/Page_Mattermost/input_All team communication in one place, _a3edc6'

2021-05-29 01:05:40 - [MESSAGE][PASSED] - Text ****** has been set on object 'Object Repository/Page_Mattermost/input_All team communication in one place, _a3edc6'

2021-05-29 01:05:40 - [TEST_STEP][PASSED] - click(findTestObject("Object Repository/Page_Mattermost/button_Sign in")): Object: 'Object Repository/Page_Mattermost/button_Sign in' is clicked on

2021-05-29 01:05:41 - [MESSAGE][PASSED] - Object: 'Object Repository/Page_Mattermost/button_Sign in' is clicked on

2021-05-29 01:05:41 - [TEST_STEP][PASSED] - click(findTestObject("Object Repository/Page_Town Square - Thanh Tien test Mattermost/svg")): Object: 'Object Repository/Page_Town Square - Thanh Tien test Mattermost/svg' is clicked on

2021-05-29 01:06:12 - [MESSAGE][INFO] - Unable to find the element located by 'By.xpath: (.//*[normalize-space(text()) and normalize-space(.)='@ngoctin02806'])[1]/following::*[name()='svg'][1]'. Please recheck the objects properties to make sure the desired element is located. 

2021-05-29 01:06:12 - [MESSAGE][WARNING] - [SELF-HEALING] Failed to find element with id 'Object Repository/Page_Town Square - Thanh Tien test Mattermost/svg'. Try using Self-healing.

2021-05-29 01:06:12 - [MESSAGE][WARNING] - [SELF-HEALING] The current locator of test object 'Object Repository/Page_Town Square - Thanh Tien test Mattermost/svg' was broken. Propose an alternative one: '(.//*[normalize-space(text()) and normalize-space(.)='More Unreads'])[1]/preceding::*[name()='svg'][1]'.

2021-05-29 01:06:13 - [MESSAGE][PASSED] - Object: 'Object Repository/Page_Town Square - Thanh Tien test Mattermost/svg' is clicked on

2021-05-29 01:06:13 - [TEST_STEP][PASSED] - click(findTestObject("Object Repository/Page_Town Square - Thanh Tien test Mattermost/span_Create a Team")): Object: 'Object Repository/Page_Town Square - Thanh Tien test Mattermost/span_Create a Team' is clicked on

2021-05-29 01:06:13 - [MESSAGE][PASSED] - Object: 'Object Repository/Page_Town Square - Thanh Tien test Mattermost/span_Create a Team' is clicked on

2021-05-29 01:06:13 - [TEST_STEP][PASSED] - setText(findTestObject("Object Repository/Page_Town Square - Thanh Tien test Mattermost/input_Team Name_teamNameInput"), "NewTeam1"): Text 'NewTeam1' is set on object 'Object Repository/Page_Town Square - Thanh Tien test Mattermost/input_Team Name_teamNameInput'

2021-05-29 01:06:15 - [MESSAGE][PASSED] - Text 'NewTeam1' is set on object 'Object Repository/Page_Town Square - Thanh Tien test Mattermost/input_Team Name_teamNameInput'

2021-05-29 01:06:15 - [TEST_STEP][PASSED] - click(findTestObject("Object Repository/Page_Town Square - Thanh Tien test Mattermost/button_Next")): Object: 'Object Repository/Page_Town Square - Thanh Tien test Mattermost/button_Next' is clicked on

2021-05-29 01:06:15 - [MESSAGE][PASSED] - Object: 'Object Repository/Page_Town Square - Thanh Tien test Mattermost/button_Next' is clicked on

2021-05-29 01:06:15 - [TEST_STEP][PASSED] - click(findTestObject("Object Repository/Page_Town Square - Thanh Tien test Mattermost/input_httpscdnc-group2.herokuapp.com_teamURLInput")): Object: 'Object Repository/Page_Town Square - Thanh Tien test Mattermost/input_httpscdnc-group2.herokuapp.com_teamURLInput' is clicked on

2021-05-29 01:06:16 - [MESSAGE][PASSED] - Object: 'Object Repository/Page_Town Square - Thanh Tien test Mattermost/input_httpscdnc-group2.herokuapp.com_teamURLInput' is clicked on

2021-05-29 01:06:16 - [TEST_STEP][PASSED] - setText(findTestObject("Object Repository/Page_Town Square - Thanh Tien test Mattermost/input_httpscdnc-group2.herokuapp.com_teamURLInput"), "newteam1"): Text 'newteam1' is set on object 'Object Repository/Page_Town Square - Thanh Tien test Mattermost/input_httpscdnc-group2.herokuapp.com_teamURLInput'

2021-05-29 01:06:17 - [MESSAGE][PASSED] - Text 'newteam1' is set on object 'Object Repository/Page_Town Square - Thanh Tien test Mattermost/input_httpscdnc-group2.herokuapp.com_teamURLInput'

2021-05-29 01:06:17 - [TEST_STEP][PASSED] - click(findTestObject("Object Repository/Page_Town Square - Thanh Tien test Mattermost/span_Finish")): Object: 'Object Repository/Page_Town Square - Thanh Tien test Mattermost/span_Finish' is clicked on

2021-05-29 01:06:18 - [MESSAGE][PASSED] - Object: 'Object Repository/Page_Town Square - Thanh Tien test Mattermost/span_Finish' is clicked on

2021-05-29 01:06:18 - [TEST_STEP][PASSED] - closeBrowser(): Browser is closed

2021-05-29 01:06:19 - [MESSAGE][PASSED] - Browser is closed]]></system-out>
         <system-err><![CDATA[]]></system-err>
      </testcase>
      <testcase name="Test Cases/Main/TestcaseAddDMsToFavorites" time="21.334" classname="Test Cases/Main/TestcaseAddDMsToFavorites" status="PASSED">
         <system-out><![CDATA[2021-05-29 01:06:19 - [TEST_CASE][PASSED] - Test Cases/Main/TestcaseAddDMsToFavorites: Test Cases/Main/TestcaseAddDMsToFavorites

2021-05-29 01:06:20 - [TEST_STEP][PASSED] - callTestCase(findTestCase("PreCondition/Login"), [:], STOP_ON_FAILURE): Call Test Case 'Test Cases/PreCondition/Login' successfully

2021-05-29 01:06:20 - [TEST_CASE][PASSED] - Test Cases/PreCondition/Login: Test Cases/PreCondition/Login

2021-05-29 01:06:21 - [TEST_STEP][PASSED] - openBrowser(""): Browser is opened with url: ''

2021-05-29 01:06:21 - [MESSAGE][INFO] - Starting 'Chrome' driver

2021-05-29 01:06:21 - [MESSAGE][INFO] - Action delay is set to 0 milliseconds

2021-05-29 01:06:23 - [MESSAGE][PASSED] - Browser is opened with url: ''

2021-05-29 01:06:23 - [TEST_STEP][PASSED] - navigateToUrl("https://cdnc-group2.herokuapp.com/"): Navigate to 'https://cdnc-group2.herokuapp.com/' successfully

2021-05-29 01:06:27 - [MESSAGE][PASSED] - Navigate to 'https://cdnc-group2.herokuapp.com/' successfully

2021-05-29 01:06:27 - [TEST_STEP][PASSED] - setText(findTestObject("Object Repository/Login/Page_Mattermost/input_All team communication in one place, _dcc84b"), "ngoctin040999@gmail.com"): Text 'ngoctin040999@gmail.com' is set on object 'Object Repository/Login/Page_Mattermost/input_All team communication in one place, _dcc84b'

2021-05-29 01:06:32 - [MESSAGE][PASSED] - Text 'ngoctin040999@gmail.com' is set on object 'Object Repository/Login/Page_Mattermost/input_All team communication in one place, _dcc84b'

2021-05-29 01:06:32 - [TEST_STEP][PASSED] - setEncryptedText(findTestObject("Object Repository/Login/Page_Mattermost/input_All team communication in one place, _a3edc6"), "S8w1SJvl7D1hts9IdMV+NQ=="): Text ****** has been set on object 'Object Repository/Login/Page_Mattermost/input_All team communication in one place, _a3edc6'

2021-05-29 01:06:33 - [MESSAGE][PASSED] - Text ****** has been set on object 'Object Repository/Login/Page_Mattermost/input_All team communication in one place, _a3edc6'

2021-05-29 01:06:33 - [TEST_STEP][PASSED] - click(findTestObject("Object Repository/Login/Page_Mattermost/button_Sign in")): Object: 'Object Repository/Login/Page_Mattermost/button_Sign in' is clicked on

2021-05-29 01:06:33 - [MESSAGE][PASSED] - Object: 'Object Repository/Login/Page_Mattermost/button_Sign in' is clicked on

2021-05-29 01:06:33 - [MESSAGE][PASSED] - Call Test Case 'Test Cases/PreCondition/Login' successfully

2021-05-29 01:06:33 - [TEST_STEP][PASSED] - btnTest1DMs = findTestObject("Object Repository/SaveMsgInDMs/Page_Town Square - 123 Mattermost/span_test1"): null

2021-05-29 01:06:34 - [TEST_STEP][PASSED] - btnStar = findTestObject("Object Repository/AddDMsToFavorites/Page_test1 - 123 Mattermost/i_Drop a file to upload it_icon fa fa-star-o"): null

2021-05-29 01:06:34 - [TEST_STEP][PASSED] - if (btnTest1DMs != null && btnStar != null): Object: 'Object Repository/AddDMsToFavorites/Page_test1 - 123 Mattermost/i_Drop a file to upload it_icon fa fa-star-o' is clicked on

2021-05-29 01:06:34 - [TEST_STEP][PASSED] - click(btnTest1DMs): Object: 'Object Repository/SaveMsgInDMs/Page_Town Square - 123 Mattermost/span_test1' is clicked on

2021-05-29 01:06:38 - [MESSAGE][PASSED] - Object: 'Object Repository/SaveMsgInDMs/Page_Town Square - 123 Mattermost/span_test1' is clicked on

2021-05-29 01:06:38 - [TEST_STEP][PASSED] - click(btnStar): Object: 'Object Repository/AddDMsToFavorites/Page_test1 - 123 Mattermost/i_Drop a file to upload it_icon fa fa-star-o' is clicked on

2021-05-29 01:06:40 - [MESSAGE][PASSED] - Object: 'Object Repository/AddDMsToFavorites/Page_test1 - 123 Mattermost/i_Drop a file to upload it_icon fa fa-star-o' is clicked on]]></system-out>
         <system-err><![CDATA[]]></system-err>
      </testcase>
      <testcase name="Test Cases/Main/TestCaseCreateDirectMessages" time="25.858" classname="Test Cases/Main/TestCaseCreateDirectMessages" status="PASSED">
         <system-out><![CDATA[2021-05-29 01:06:40 - [TEST_CASE][PASSED] - Test Cases/Main/TestCaseCreateDirectMessages: Test Cases/Main/TestCaseCreateDirectMessages

2021-05-29 01:06:43 - [TEST_STEP][PASSED] - callTestCase(findTestCase("PreCondition/Login"), [:], STOP_ON_FAILURE): Call Test Case 'Test Cases/PreCondition/Login' successfully

2021-05-29 01:06:43 - [TEST_CASE][PASSED] - Test Cases/PreCondition/Login: Test Cases/PreCondition/Login

2021-05-29 01:06:43 - [TEST_STEP][PASSED] - openBrowser(""): Browser is opened with url: ''

2021-05-29 01:06:43 - [MESSAGE][WARNING] - A browser is already opened. Closing browser and opening a new one

2021-05-29 01:06:44 - [MESSAGE][INFO] - Starting 'Chrome' driver

2021-05-29 01:06:44 - [MESSAGE][INFO] - Action delay is set to 0 milliseconds

2021-05-29 01:06:47 - [MESSAGE][PASSED] - Browser is opened with url: ''

2021-05-29 01:06:47 - [TEST_STEP][PASSED] - navigateToUrl("https://cdnc-group2.herokuapp.com/"): Navigate to 'https://cdnc-group2.herokuapp.com/' successfully

2021-05-29 01:06:50 - [MESSAGE][PASSED] - Navigate to 'https://cdnc-group2.herokuapp.com/' successfully

2021-05-29 01:06:50 - [TEST_STEP][PASSED] - setText(findTestObject("Object Repository/Login/Page_Mattermost/input_All team communication in one place, _dcc84b"), "ngoctin040999@gmail.com"): Text 'ngoctin040999@gmail.com' is set on object 'Object Repository/Login/Page_Mattermost/input_All team communication in one place, _dcc84b'

2021-05-29 01:06:56 - [MESSAGE][PASSED] - Text 'ngoctin040999@gmail.com' is set on object 'Object Repository/Login/Page_Mattermost/input_All team communication in one place, _dcc84b'

2021-05-29 01:06:56 - [TEST_STEP][PASSED] - setEncryptedText(findTestObject("Object Repository/Login/Page_Mattermost/input_All team communication in one place, _a3edc6"), "S8w1SJvl7D1hts9IdMV+NQ=="): Text ****** has been set on object 'Object Repository/Login/Page_Mattermost/input_All team communication in one place, _a3edc6'

2021-05-29 01:06:58 - [MESSAGE][PASSED] - Text ****** has been set on object 'Object Repository/Login/Page_Mattermost/input_All team communication in one place, _a3edc6'

2021-05-29 01:06:58 - [TEST_STEP][PASSED] - click(findTestObject("Object Repository/Login/Page_Mattermost/button_Sign in")): Object: 'Object Repository/Login/Page_Mattermost/button_Sign in' is clicked on

2021-05-29 01:06:59 - [MESSAGE][PASSED] - Object: 'Object Repository/Login/Page_Mattermost/button_Sign in' is clicked on

2021-05-29 01:06:59 - [MESSAGE][PASSED] - Call Test Case 'Test Cases/PreCondition/Login' successfully

2021-05-29 01:06:59 - [TEST_STEP][PASSED] - click(findTestObject("Object Repository/CreateDirectMessages/Page_Town Square - 123 Mattermost/span_")): Object: 'Object Repository/CreateDirectMessages/Page_Town Square - 123 Mattermost/span_' is clicked on

2021-05-29 01:07:04 - [MESSAGE][PASSED] - Object: 'Object Repository/CreateDirectMessages/Page_Town Square - 123 Mattermost/span_' is clicked on

2021-05-29 01:07:04 - [TEST_STEP][PASSED] - click(findTestObject("Object Repository/CreateDirectMessages/Page_Town Square - 123 Mattermost/i_test1gmail.com_fa fa-plus")): Object: 'Object Repository/CreateDirectMessages/Page_Town Square - 123 Mattermost/i_test1gmail.com_fa fa-plus' is clicked on

2021-05-29 01:07:05 - [MESSAGE][PASSED] - Object: 'Object Repository/CreateDirectMessages/Page_Town Square - 123 Mattermost/i_test1gmail.com_fa fa-plus' is clicked on

2021-05-29 01:07:05 - [TEST_STEP][PASSED] - click(findTestObject("Object Repository/CreateDirectMessages/Page_Town Square - 123 Mattermost/span_Go")): Object: 'Object Repository/CreateDirectMessages/Page_Town Square - 123 Mattermost/span_Go' is clicked on

2021-05-29 01:07:06 - [MESSAGE][PASSED] - Object: 'Object Repository/CreateDirectMessages/Page_Town Square - 123 Mattermost/span_Go' is clicked on]]></system-out>
         <system-err><![CDATA[]]></system-err>
      </testcase>
      <testcase name="Test Cases/Main/TestCaseCreateMsgInDMs" time="25.354" classname="Test Cases/Main/TestCaseCreateMsgInDMs" status="PASSED">
         <system-out><![CDATA[2021-05-29 01:07:06 - [TEST_CASE][PASSED] - Test Cases/Main/TestCaseCreateMsgInDMs: Test Cases/Main/TestCaseCreateMsgInDMs

2021-05-29 01:07:08 - [TEST_STEP][PASSED] - callTestCase(findTestCase("PreCondition/Login"), [:], STOP_ON_FAILURE): Call Test Case 'Test Cases/PreCondition/Login' successfully

2021-05-29 01:07:08 - [TEST_CASE][PASSED] - Test Cases/PreCondition/Login: Test Cases/PreCondition/Login

2021-05-29 01:07:08 - [TEST_STEP][PASSED] - openBrowser(""): Browser is opened with url: ''

2021-05-29 01:07:08 - [MESSAGE][WARNING] - A browser is already opened. Closing browser and opening a new one

2021-05-29 01:07:09 - [MESSAGE][INFO] - Starting 'Chrome' driver

2021-05-29 01:07:09 - [MESSAGE][INFO] - Action delay is set to 0 milliseconds

2021-05-29 01:07:11 - [MESSAGE][PASSED] - Browser is opened with url: ''

2021-05-29 01:07:11 - [TEST_STEP][PASSED] - navigateToUrl("https://cdnc-group2.herokuapp.com/"): Navigate to 'https://cdnc-group2.herokuapp.com/' successfully

2021-05-29 01:07:15 - [MESSAGE][PASSED] - Navigate to 'https://cdnc-group2.herokuapp.com/' successfully

2021-05-29 01:07:15 - [TEST_STEP][PASSED] - setText(findTestObject("Object Repository/Login/Page_Mattermost/input_All team communication in one place, _dcc84b"), "ngoctin040999@gmail.com"): Text 'ngoctin040999@gmail.com' is set on object 'Object Repository/Login/Page_Mattermost/input_All team communication in one place, _dcc84b'

2021-05-29 01:07:21 - [MESSAGE][PASSED] - Text 'ngoctin040999@gmail.com' is set on object 'Object Repository/Login/Page_Mattermost/input_All team communication in one place, _dcc84b'

2021-05-29 01:07:21 - [TEST_STEP][PASSED] - setEncryptedText(findTestObject("Object Repository/Login/Page_Mattermost/input_All team communication in one place, _a3edc6"), "S8w1SJvl7D1hts9IdMV+NQ=="): Text ****** has been set on object 'Object Repository/Login/Page_Mattermost/input_All team communication in one place, _a3edc6'

2021-05-29 01:07:22 - [MESSAGE][PASSED] - Text ****** has been set on object 'Object Repository/Login/Page_Mattermost/input_All team communication in one place, _a3edc6'

2021-05-29 01:07:22 - [TEST_STEP][PASSED] - click(findTestObject("Object Repository/Login/Page_Mattermost/button_Sign in")): Object: 'Object Repository/Login/Page_Mattermost/button_Sign in' is clicked on

2021-05-29 01:07:23 - [MESSAGE][PASSED] - Object: 'Object Repository/Login/Page_Mattermost/button_Sign in' is clicked on

2021-05-29 01:07:23 - [MESSAGE][PASSED] - Call Test Case 'Test Cases/PreCondition/Login' successfully

2021-05-29 01:07:23 - [TEST_STEP][PASSED] - click(findTestObject("Object Repository/CreateMsgInDMs/Page_Town Square - 123 Mattermost/span_test1")): Object: 'Object Repository/CreateMsgInDMs/Page_Town Square - 123 Mattermost/span_test1' is clicked on

2021-05-29 01:07:28 - [MESSAGE][PASSED] - Object: 'Object Repository/CreateMsgInDMs/Page_Town Square - 123 Mattermost/span_test1' is clicked on

2021-05-29 01:07:28 - [TEST_STEP][PASSED] - setText(findTestObject("Object Repository/CreateMsgInDMs/Page_test1 - 123 Mattermost/textarea_chat"), "hello you"): Text 'hello you' is set on object 'Object Repository/CreateMsgInDMs/Page_test1 - 123 Mattermost/textarea_chat'

2021-05-29 01:07:31 - [MESSAGE][PASSED] - Text 'hello you' is set on object 'Object Repository/CreateMsgInDMs/Page_test1 - 123 Mattermost/textarea_chat'

2021-05-29 01:07:31 - [TEST_STEP][PASSED] - sendKeys(findTestObject("Object Repository/CreateMsgInDMs/Page_test1 - 123 Mattermost/textarea_chat"), Keys.chord(ENTER)): Keys 'ENTER + ' sent to object: 'Object Repository/CreateMsgInDMs/Page_test1 - 123 Mattermost/textarea_chat'

2021-05-29 01:07:31 - [MESSAGE][PASSED] - Keys 'ENTER + ' sent to object: 'Object Repository/CreateMsgInDMs/Page_test1 - 123 Mattermost/textarea_chat']]></system-out>
         <system-err><![CDATA[]]></system-err>
      </testcase>
      <testcase name="Test Cases/Main/TestcaseDeleteMsgInDMs" time="21.867" classname="Test Cases/Main/TestcaseDeleteMsgInDMs" status="PASSED">
         <system-out><![CDATA[2021-05-29 01:07:31 - [TEST_CASE][PASSED] - Test Cases/Main/TestcaseDeleteMsgInDMs: Test Cases/Main/TestcaseDeleteMsgInDMs

2021-05-29 01:07:33 - [TEST_STEP][PASSED] - callTestCase(findTestCase("PreCondition/Login"), [:], STOP_ON_FAILURE): Call Test Case 'Test Cases/PreCondition/Login' successfully

2021-05-29 01:07:33 - [TEST_CASE][PASSED] - Test Cases/PreCondition/Login: Test Cases/PreCondition/Login

2021-05-29 01:07:33 - [TEST_STEP][PASSED] - openBrowser(""): Browser is opened with url: ''

2021-05-29 01:07:33 - [MESSAGE][WARNING] - A browser is already opened. Closing browser and opening a new one

2021-05-29 01:07:34 - [MESSAGE][INFO] - Starting 'Chrome' driver

2021-05-29 01:07:34 - [MESSAGE][INFO] - Action delay is set to 0 milliseconds

2021-05-29 01:07:37 - [MESSAGE][PASSED] - Browser is opened with url: ''

2021-05-29 01:07:37 - [TEST_STEP][PASSED] - navigateToUrl("https://cdnc-group2.herokuapp.com/"): Navigate to 'https://cdnc-group2.herokuapp.com/' successfully

2021-05-29 01:07:41 - [MESSAGE][PASSED] - Navigate to 'https://cdnc-group2.herokuapp.com/' successfully

2021-05-29 01:07:41 - [TEST_STEP][PASSED] - setText(findTestObject("Object Repository/Login/Page_Mattermost/input_All team communication in one place, _dcc84b"), "ngoctin040999@gmail.com"): Text 'ngoctin040999@gmail.com' is set on object 'Object Repository/Login/Page_Mattermost/input_All team communication in one place, _dcc84b'

2021-05-29 01:07:47 - [MESSAGE][PASSED] - Text 'ngoctin040999@gmail.com' is set on object 'Object Repository/Login/Page_Mattermost/input_All team communication in one place, _dcc84b'

2021-05-29 01:07:47 - [TEST_STEP][PASSED] - setEncryptedText(findTestObject("Object Repository/Login/Page_Mattermost/input_All team communication in one place, _a3edc6"), "S8w1SJvl7D1hts9IdMV+NQ=="): Text ****** has been set on object 'Object Repository/Login/Page_Mattermost/input_All team communication in one place, _a3edc6'

2021-05-29 01:07:47 - [MESSAGE][PASSED] - Text ****** has been set on object 'Object Repository/Login/Page_Mattermost/input_All team communication in one place, _a3edc6'

2021-05-29 01:07:47 - [TEST_STEP][PASSED] - click(findTestObject("Object Repository/Login/Page_Mattermost/button_Sign in")): Object: 'Object Repository/Login/Page_Mattermost/button_Sign in' is clicked on

2021-05-29 01:07:48 - [MESSAGE][PASSED] - Object: 'Object Repository/Login/Page_Mattermost/button_Sign in' is clicked on

2021-05-29 01:07:48 - [MESSAGE][PASSED] - Call Test Case 'Test Cases/PreCondition/Login' successfully

2021-05-29 01:07:48 - [TEST_STEP][PASSED] - click(findTestObject("Object Repository/DeleteMsgInDMs/Page_Town Square - 123 Mattermost/span_test1")): Object: 'Object Repository/DeleteMsgInDMs/Page_Town Square - 123 Mattermost/span_test1' is clicked on

2021-05-29 01:07:52 - [MESSAGE][PASSED] - Object: 'Object Repository/DeleteMsgInDMs/Page_Town Square - 123 Mattermost/span_test1' is clicked on

2021-05-29 01:07:52 - [TEST_STEP][PASSED] - pMsg = findTestObject("Object Repository/DeleteMsgInDMs/Page_test1 - 123 Mattermost/p_hello"): null

2021-05-29 01:07:53 - [TEST_STEP][PASSED] - iconMore = findTestObject("Object Repository/DeleteMsgInDMs/Page_test1 - 123 Mattermost/button_ngoctin02806_CENTER_button_fk8osp8hr_51f43c"): null

2021-05-29 01:07:53 - [TEST_STEP][PASSED] - btnDelete = findTestObject("Object Repository/DeleteMsgInDMs/Page_test1 - 123 Mattermost/button_Delete"): null

2021-05-29 01:07:53 - [TEST_STEP][PASSED] - btnSubmitDeleted = findTestObject("Object Repository/DeleteMsgInDMs/Page_test1 - 123 Mattermost/button_Delete_1"): null

2021-05-29 01:07:53 - [TEST_STEP][PASSED] - if (pMsg != null && iconMore == null && btnDelete != null && btnSubmitDeleted == null): null]]></system-out>
         <system-err><![CDATA[]]></system-err>
      </testcase>
      <testcase name="Test Cases/Main/TestcaseEditMsgInDMs" time="32.686" classname="Test Cases/Main/TestcaseEditMsgInDMs" status="PASSED">
         <system-out><![CDATA[2021-05-29 01:07:53 - [TEST_CASE][PASSED] - Test Cases/Main/TestcaseEditMsgInDMs: Test Cases/Main/TestcaseEditMsgInDMs

2021-05-29 01:07:55 - [TEST_STEP][PASSED] - callTestCase(findTestCase("PreCondition/Login"), [:], STOP_ON_FAILURE): Call Test Case 'Test Cases/PreCondition/Login' successfully

2021-05-29 01:07:55 - [TEST_CASE][PASSED] - Test Cases/PreCondition/Login: Test Cases/PreCondition/Login

2021-05-29 01:07:55 - [TEST_STEP][PASSED] - openBrowser(""): Browser is opened with url: ''

2021-05-29 01:07:55 - [MESSAGE][WARNING] - A browser is already opened. Closing browser and opening a new one

2021-05-29 01:07:56 - [MESSAGE][INFO] - Starting 'Chrome' driver

2021-05-29 01:07:56 - [MESSAGE][INFO] - Action delay is set to 0 milliseconds

2021-05-29 01:07:59 - [MESSAGE][PASSED] - Browser is opened with url: ''

2021-05-29 01:07:59 - [TEST_STEP][PASSED] - navigateToUrl("https://cdnc-group2.herokuapp.com/"): Navigate to 'https://cdnc-group2.herokuapp.com/' successfully

2021-05-29 01:08:03 - [MESSAGE][PASSED] - Navigate to 'https://cdnc-group2.herokuapp.com/' successfully

2021-05-29 01:08:03 - [TEST_STEP][PASSED] - setText(findTestObject("Object Repository/Login/Page_Mattermost/input_All team communication in one place, _dcc84b"), "ngoctin040999@gmail.com"): Text 'ngoctin040999@gmail.com' is set on object 'Object Repository/Login/Page_Mattermost/input_All team communication in one place, _dcc84b'

2021-05-29 01:08:08 - [MESSAGE][PASSED] - Text 'ngoctin040999@gmail.com' is set on object 'Object Repository/Login/Page_Mattermost/input_All team communication in one place, _dcc84b'

2021-05-29 01:08:08 - [TEST_STEP][PASSED] - setEncryptedText(findTestObject("Object Repository/Login/Page_Mattermost/input_All team communication in one place, _a3edc6"), "S8w1SJvl7D1hts9IdMV+NQ=="): Text ****** has been set on object 'Object Repository/Login/Page_Mattermost/input_All team communication in one place, _a3edc6'

2021-05-29 01:08:09 - [MESSAGE][PASSED] - Text ****** has been set on object 'Object Repository/Login/Page_Mattermost/input_All team communication in one place, _a3edc6'

2021-05-29 01:08:09 - [TEST_STEP][PASSED] - click(findTestObject("Object Repository/Login/Page_Mattermost/button_Sign in")): Object: 'Object Repository/Login/Page_Mattermost/button_Sign in' is clicked on

2021-05-29 01:08:10 - [MESSAGE][PASSED] - Object: 'Object Repository/Login/Page_Mattermost/button_Sign in' is clicked on

2021-05-29 01:08:10 - [MESSAGE][PASSED] - Call Test Case 'Test Cases/PreCondition/Login' successfully

2021-05-29 01:08:10 - [TEST_STEP][PASSED] - click(findTestObject("Object Repository/EditMsgInDMs/Page_Town Square - 123 Mattermost/span_test1")): Object: 'Object Repository/EditMsgInDMs/Page_Town Square - 123 Mattermost/span_test1' is clicked on

2021-05-29 01:08:15 - [MESSAGE][PASSED] - Object: 'Object Repository/EditMsgInDMs/Page_Town Square - 123 Mattermost/span_test1' is clicked on

2021-05-29 01:08:15 - [TEST_STEP][PASSED] - divReceiver = findTestObject("Object Repository/EditMsgInDMs/Page_test1 - TOKEN_UPDATED Mattermost/a_test1"): null

2021-05-29 01:08:15 - [TEST_STEP][PASSED] - pMsg = findTestObject("Object Repository/EditMsgInDMs/Page_test1 - TOKEN_UPDATED Mattermost/div_ngoctin12345559 PMhello you"): null

2021-05-29 01:08:16 - [TEST_STEP][PASSED] - iconMore = findTestObject("Object Repository/EditMsgInDMs/Page_test1 - TOKEN_UPDATED Mattermost/span_ngoctin12345_icon icon--small"): null

2021-05-29 01:08:16 - [TEST_STEP][PASSED] - btnEdit = findTestObject("Object Repository/EditMsgInDMs/Page_test1 - TOKEN_UPDATED Mattermost/button_Edit"): null

2021-05-29 01:08:17 - [TEST_STEP][PASSED] - inputEdit = findTestObject("Object Repository/EditMsgInDMs/Page_test1 - TOKEN_UPDATED Mattermost/textarea_hello you"): null

2021-05-29 01:08:17 - [TEST_STEP][PASSED] - btnSubmitEdited = findTestObject("Object Repository/EditMsgInDMs/Page_test1 - TOKEN_UPDATED Mattermost/button_Save"): null

2021-05-29 01:08:17 - [TEST_STEP][PASSED] - if (pMsg != null && iconMore != null && btnEdit != null && btnSubmitEdited != null): Object: 'Object Repository/EditMsgInDMs/Page_test1 - TOKEN_UPDATED Mattermost/button_Save' is clicked on

2021-05-29 01:08:17 - [TEST_STEP][PASSED] - click(divReceiver): Object: 'Object Repository/EditMsgInDMs/Page_test1 - TOKEN_UPDATED Mattermost/a_test1' is clicked on

2021-05-29 01:08:19 - [MESSAGE][PASSED] - Object: 'Object Repository/EditMsgInDMs/Page_test1 - TOKEN_UPDATED Mattermost/a_test1' is clicked on

2021-05-29 01:08:19 - [TEST_STEP][PASSED] - mouseOver(pMsg): Object: 'Object Repository/EditMsgInDMs/Page_test1 - TOKEN_UPDATED Mattermost/div_ngoctin12345559 PMhello you' is hovered

2021-05-29 01:08:20 - [MESSAGE][PASSED] - Object: 'Object Repository/EditMsgInDMs/Page_test1 - TOKEN_UPDATED Mattermost/div_ngoctin12345559 PMhello you' is hovered

2021-05-29 01:08:20 - [TEST_STEP][PASSED] - click(iconMore): Object: 'Object Repository/EditMsgInDMs/Page_test1 - TOKEN_UPDATED Mattermost/span_ngoctin12345_icon icon--small' is clicked on

2021-05-29 01:08:22 - [MESSAGE][PASSED] - Object: 'Object Repository/EditMsgInDMs/Page_test1 - TOKEN_UPDATED Mattermost/span_ngoctin12345_icon icon--small' is clicked on

2021-05-29 01:08:22 - [TEST_STEP][PASSED] - click(btnEdit): Object: 'Object Repository/EditMsgInDMs/Page_test1 - TOKEN_UPDATED Mattermost/button_Edit' is clicked on

2021-05-29 01:08:23 - [MESSAGE][PASSED] - Object: 'Object Repository/EditMsgInDMs/Page_test1 - TOKEN_UPDATED Mattermost/button_Edit' is clicked on

2021-05-29 01:08:23 - [TEST_STEP][PASSED] - setText(inputEdit, "edited n times"): Text 'edited n times' is set on object 'Object Repository/EditMsgInDMs/Page_test1 - TOKEN_UPDATED Mattermost/textarea_hello you'

2021-05-29 01:08:25 - [MESSAGE][PASSED] - Text 'edited n times' is set on object 'Object Repository/EditMsgInDMs/Page_test1 - TOKEN_UPDATED Mattermost/textarea_hello you'

2021-05-29 01:08:25 - [TEST_STEP][PASSED] - click(btnSubmitEdited): Object: 'Object Repository/EditMsgInDMs/Page_test1 - TOKEN_UPDATED Mattermost/button_Save' is clicked on

2021-05-29 01:08:26 - [MESSAGE][PASSED] - Object: 'Object Repository/EditMsgInDMs/Page_test1 - TOKEN_UPDATED Mattermost/button_Save' is clicked on]]></system-out>
         <system-err><![CDATA[]]></system-err>
      </testcase>
      <testcase name="Test Cases/Main/TestcaseMarkUnreadMsgInDMs" time="31.132" classname="Test Cases/Main/TestcaseMarkUnreadMsgInDMs" status="PASSED">
         <system-out><![CDATA[2021-05-29 01:08:26 - [TEST_CASE][PASSED] - Test Cases/Main/TestcaseMarkUnreadMsgInDMs: Test Cases/Main/TestcaseMarkUnreadMsgInDMs

2021-05-29 01:08:28 - [TEST_STEP][PASSED] - callTestCase(findTestCase("PreCondition/Login"), [:], STOP_ON_FAILURE): Call Test Case 'Test Cases/PreCondition/Login' successfully

2021-05-29 01:08:28 - [TEST_CASE][PASSED] - Test Cases/PreCondition/Login: Test Cases/PreCondition/Login

2021-05-29 01:08:28 - [TEST_STEP][PASSED] - openBrowser(""): Browser is opened with url: ''

2021-05-29 01:08:28 - [MESSAGE][WARNING] - A browser is already opened. Closing browser and opening a new one

2021-05-29 01:08:30 - [MESSAGE][INFO] - Starting 'Chrome' driver

2021-05-29 01:08:30 - [MESSAGE][INFO] - Action delay is set to 0 milliseconds

2021-05-29 01:08:33 - [MESSAGE][PASSED] - Browser is opened with url: ''

2021-05-29 01:08:33 - [TEST_STEP][PASSED] - navigateToUrl("https://cdnc-group2.herokuapp.com/"): Navigate to 'https://cdnc-group2.herokuapp.com/' successfully

2021-05-29 01:08:37 - [MESSAGE][PASSED] - Navigate to 'https://cdnc-group2.herokuapp.com/' successfully

2021-05-29 01:08:37 - [TEST_STEP][PASSED] - setText(findTestObject("Object Repository/Login/Page_Mattermost/input_All team communication in one place, _dcc84b"), "ngoctin040999@gmail.com"): Text 'ngoctin040999@gmail.com' is set on object 'Object Repository/Login/Page_Mattermost/input_All team communication in one place, _dcc84b'

2021-05-29 01:08:43 - [MESSAGE][PASSED] - Text 'ngoctin040999@gmail.com' is set on object 'Object Repository/Login/Page_Mattermost/input_All team communication in one place, _dcc84b'

2021-05-29 01:08:43 - [TEST_STEP][PASSED] - setEncryptedText(findTestObject("Object Repository/Login/Page_Mattermost/input_All team communication in one place, _a3edc6"), "S8w1SJvl7D1hts9IdMV+NQ=="): Text ****** has been set on object 'Object Repository/Login/Page_Mattermost/input_All team communication in one place, _a3edc6'

2021-05-29 01:08:44 - [MESSAGE][PASSED] - Text ****** has been set on object 'Object Repository/Login/Page_Mattermost/input_All team communication in one place, _a3edc6'

2021-05-29 01:08:44 - [TEST_STEP][PASSED] - click(findTestObject("Object Repository/Login/Page_Mattermost/button_Sign in")): Object: 'Object Repository/Login/Page_Mattermost/button_Sign in' is clicked on

2021-05-29 01:08:45 - [MESSAGE][PASSED] - Object: 'Object Repository/Login/Page_Mattermost/button_Sign in' is clicked on

2021-05-29 01:08:45 - [MESSAGE][PASSED] - Call Test Case 'Test Cases/PreCondition/Login' successfully

2021-05-29 01:08:45 - [TEST_STEP][PASSED] - click(findTestObject("Object Repository/MarkUnreadMsgInDMs/Page_Town Square - 123 Mattermost/span_test1")): Object: 'Object Repository/MarkUnreadMsgInDMs/Page_Town Square - 123 Mattermost/span_test1' is clicked on

2021-05-29 01:08:50 - [MESSAGE][PASSED] - Object: 'Object Repository/MarkUnreadMsgInDMs/Page_Town Square - 123 Mattermost/span_test1' is clicked on

2021-05-29 01:08:50 - [TEST_STEP][PASSED] - pMsg = findTestObject("Object Repository/MarkUnreadMsgInDMs/Page_test1 - 123 Mattermost/div_ngoctin02806314 PM3Commented on ngoctin02806s message helloreply nek"): null

2021-05-29 01:08:50 - [TEST_STEP][PASSED] - iconMore = findTestObject("Object Repository/MarkUnreadMsgInDMs/Page_test1 - 123 Mattermost/button_ngoctin02806_CENTER_button_gwb3omtcgpngpebj9sr6f7zkuw"): null

2021-05-29 01:08:51 - [TEST_STEP][PASSED] - btnMarkUnread = findTestObject("Object Repository/MarkUnreadMsgInDMs/Page_test1 - 123 Mattermost/button_Mark as Unread"): null

2021-05-29 01:08:51 - [TEST_STEP][PASSED] - if (pMsg != null && iconMore != null && btnMarkUnread != null): Object: 'Object Repository/MarkUnreadMsgInDMs/Page_test1 - 123 Mattermost/button_Mark as Unread' is clicked on

2021-05-29 01:08:51 - [TEST_STEP][PASSED] - mouseOver(pMsg): Object: 'Object Repository/MarkUnreadMsgInDMs/Page_test1 - 123 Mattermost/div_ngoctin02806314 PM3Commented on ngoctin02806s message helloreply nek' is hovered

2021-05-29 01:08:54 - [MESSAGE][PASSED] - Object: 'Object Repository/MarkUnreadMsgInDMs/Page_test1 - 123 Mattermost/div_ngoctin02806314 PM3Commented on ngoctin02806s message helloreply nek' is hovered

2021-05-29 01:08:54 - [TEST_STEP][PASSED] - click(iconMore): Object: 'Object Repository/MarkUnreadMsgInDMs/Page_test1 - 123 Mattermost/button_ngoctin02806_CENTER_button_gwb3omtcgpngpebj9sr6f7zkuw' is clicked on

2021-05-29 01:08:56 - [MESSAGE][PASSED] - Object: 'Object Repository/MarkUnreadMsgInDMs/Page_test1 - 123 Mattermost/button_ngoctin02806_CENTER_button_gwb3omtcgpngpebj9sr6f7zkuw' is clicked on

2021-05-29 01:08:56 - [TEST_STEP][PASSED] - click(btnMarkUnread): Object: 'Object Repository/MarkUnreadMsgInDMs/Page_test1 - 123 Mattermost/button_Mark as Unread' is clicked on

2021-05-29 01:08:57 - [MESSAGE][PASSED] - Object: 'Object Repository/MarkUnreadMsgInDMs/Page_test1 - 123 Mattermost/button_Mark as Unread' is clicked on]]></system-out>
         <system-err><![CDATA[]]></system-err>
      </testcase>
      <testcase name="Test Cases/Main/TestCasePinMsgInDMs" time="58.908" classname="Test Cases/Main/TestCasePinMsgInDMs" status="PASSED">
         <system-out><![CDATA[2021-05-29 01:08:57 - [TEST_CASE][PASSED] - Test Cases/Main/TestCasePinMsgInDMs: Test Cases/Main/TestCasePinMsgInDMs

2021-05-29 01:08:58 - [TEST_STEP][PASSED] - callTestCase(findTestCase("PreCondition/Login"), [:], STOP_ON_FAILURE): Call Test Case 'Test Cases/PreCondition/Login' successfully

2021-05-29 01:08:59 - [TEST_CASE][PASSED] - Test Cases/PreCondition/Login: Test Cases/PreCondition/Login

2021-05-29 01:08:59 - [TEST_STEP][PASSED] - openBrowser(""): Browser is opened with url: ''

2021-05-29 01:08:59 - [MESSAGE][WARNING] - A browser is already opened. Closing browser and opening a new one

2021-05-29 01:09:00 - [MESSAGE][INFO] - Starting 'Chrome' driver

2021-05-29 01:09:00 - [MESSAGE][INFO] - Action delay is set to 0 milliseconds

2021-05-29 01:09:04 - [MESSAGE][PASSED] - Browser is opened with url: ''

2021-05-29 01:09:04 - [TEST_STEP][PASSED] - navigateToUrl("https://cdnc-group2.herokuapp.com/"): Navigate to 'https://cdnc-group2.herokuapp.com/' successfully

2021-05-29 01:09:08 - [MESSAGE][PASSED] - Navigate to 'https://cdnc-group2.herokuapp.com/' successfully

2021-05-29 01:09:08 - [TEST_STEP][PASSED] - setText(findTestObject("Object Repository/Login/Page_Mattermost/input_All team communication in one place, _dcc84b"), "ngoctin040999@gmail.com"): Text 'ngoctin040999@gmail.com' is set on object 'Object Repository/Login/Page_Mattermost/input_All team communication in one place, _dcc84b'

2021-05-29 01:09:14 - [MESSAGE][PASSED] - Text 'ngoctin040999@gmail.com' is set on object 'Object Repository/Login/Page_Mattermost/input_All team communication in one place, _dcc84b'

2021-05-29 01:09:14 - [TEST_STEP][PASSED] - setEncryptedText(findTestObject("Object Repository/Login/Page_Mattermost/input_All team communication in one place, _a3edc6"), "S8w1SJvl7D1hts9IdMV+NQ=="): Text ****** has been set on object 'Object Repository/Login/Page_Mattermost/input_All team communication in one place, _a3edc6'

2021-05-29 01:09:15 - [MESSAGE][PASSED] - Text ****** has been set on object 'Object Repository/Login/Page_Mattermost/input_All team communication in one place, _a3edc6'

2021-05-29 01:09:15 - [TEST_STEP][PASSED] - click(findTestObject("Object Repository/Login/Page_Mattermost/button_Sign in")): Object: 'Object Repository/Login/Page_Mattermost/button_Sign in' is clicked on

2021-05-29 01:09:15 - [MESSAGE][PASSED] - Object: 'Object Repository/Login/Page_Mattermost/button_Sign in' is clicked on

2021-05-29 01:09:15 - [MESSAGE][PASSED] - Call Test Case 'Test Cases/PreCondition/Login' successfully

2021-05-29 01:09:15 - [TEST_STEP][PASSED] - click(findTestObject("Object Repository/PinMsgInDMs/Page_Town Square - 123 Mattermost/span_test1")): Object: 'Object Repository/PinMsgInDMs/Page_Town Square - 123 Mattermost/span_test1' is clicked on

2021-05-29 01:09:20 - [MESSAGE][PASSED] - Object: 'Object Repository/PinMsgInDMs/Page_Town Square - 123 Mattermost/span_test1' is clicked on

2021-05-29 01:09:20 - [TEST_STEP][PASSED] - pMsg = findTestObject("Object Repository/PinMsgInDMs/Page_test1 - 123 Mattermost/div_ngoctin02806107 PM15ba58ab6023994f93ab3a4e701cf8b8.jpg"): null

2021-05-29 01:09:20 - [TEST_STEP][PASSED] - iconMore = findTestObject("Object Repository/PinMsgInDMs/Page_test1 - 123 Mattermost/button_ngoctin02806_CENTER_button_4xttwiq7ktb45ctc1z5yoqj5ko"): null

2021-05-29 01:09:20 - [TEST_STEP][PASSED] - btnPin = findTestObject("Object Repository/PinMsgInDMs/Page_test1 - 123 Mattermost/button_Pin to Channel"): null

2021-05-29 01:09:21 - [TEST_STEP][PASSED] - if (pMsg != null && iconMore != null && btnPin != null): Object: 'Object Repository/PinMsgInDMs/Page_test1 - 123 Mattermost/button_Pin to Channel' is clicked on

2021-05-29 01:09:21 - [TEST_STEP][PASSED] - mouseOver(pMsg): Object: 'Object Repository/PinMsgInDMs/Page_test1 - 123 Mattermost/div_ngoctin02806107 PM15ba58ab6023994f93ab3a4e701cf8b8.jpg' is hovered

2021-05-29 01:09:23 - [MESSAGE][PASSED] - Object: 'Object Repository/PinMsgInDMs/Page_test1 - 123 Mattermost/div_ngoctin02806107 PM15ba58ab6023994f93ab3a4e701cf8b8.jpg' is hovered

2021-05-29 01:09:23 - [TEST_STEP][PASSED] - click(iconMore): Object: 'Object Repository/PinMsgInDMs/Page_test1 - 123 Mattermost/button_ngoctin02806_CENTER_button_4xttwiq7ktb45ctc1z5yoqj5ko' is clicked on

2021-05-29 01:09:24 - [MESSAGE][PASSED] - Object: 'Object Repository/PinMsgInDMs/Page_test1 - 123 Mattermost/button_ngoctin02806_CENTER_button_4xttwiq7ktb45ctc1z5yoqj5ko' is clicked on

2021-05-29 01:09:24 - [TEST_STEP][PASSED] - click(btnPin): Object: 'Object Repository/PinMsgInDMs/Page_test1 - 123 Mattermost/button_Pin to Channel' is clicked on

2021-05-29 01:09:55 - [MESSAGE][INFO] - Unable to find the element located by 'By.xpath: //li[@id='pin_post_4xttwiq7ktb45ctc1z5yoqj5ko']/button'. Please recheck the objects properties to make sure the desired element is located. 

2021-05-29 01:09:55 - [MESSAGE][WARNING] - [SELF-HEALING] Failed to find element with id 'Object Repository/PinMsgInDMs/Page_test1 - 123 Mattermost/button_Pin to Channel'. Try using Self-healing.

2021-05-29 01:09:56 - [MESSAGE][WARNING] - [SELF-HEALING] The current locator of test object 'Object Repository/PinMsgInDMs/Page_test1 - 123 Mattermost/button_Pin to Channel' was broken. Propose an alternative one: '(.//*[normalize-space(text()) and normalize-space(.)='Copy Link'])[1]/following::button[1]'.

2021-05-29 01:09:56 - [MESSAGE][PASSED] - Object: 'Object Repository/PinMsgInDMs/Page_test1 - 123 Mattermost/button_Pin to Channel' is clicked on]]></system-out>
         <system-err><![CDATA[]]></system-err>
      </testcase>
      <testcase name="Test Cases/Main/TestCaseReactMsgInDMs" time="25.877" classname="Test Cases/Main/TestCaseReactMsgInDMs" status="PASSED">
         <system-out><![CDATA[2021-05-29 01:09:56 - [TEST_CASE][PASSED] - Test Cases/Main/TestCaseReactMsgInDMs: Test Cases/Main/TestCaseReactMsgInDMs

2021-05-29 01:09:57 - [TEST_STEP][PASSED] - callTestCase(findTestCase("PreCondition/Login"), [:], STOP_ON_FAILURE): Call Test Case 'Test Cases/PreCondition/Login' successfully

2021-05-29 01:09:57 - [TEST_CASE][PASSED] - Test Cases/PreCondition/Login: Test Cases/PreCondition/Login

2021-05-29 01:09:57 - [TEST_STEP][PASSED] - openBrowser(""): Browser is opened with url: ''

2021-05-29 01:09:57 - [MESSAGE][WARNING] - A browser is already opened. Closing browser and opening a new one

2021-05-29 01:09:59 - [MESSAGE][INFO] - Starting 'Chrome' driver

2021-05-29 01:09:59 - [MESSAGE][INFO] - Action delay is set to 0 milliseconds

2021-05-29 01:10:01 - [MESSAGE][PASSED] - Browser is opened with url: ''

2021-05-29 01:10:01 - [TEST_STEP][PASSED] - navigateToUrl("https://cdnc-group2.herokuapp.com/"): Navigate to 'https://cdnc-group2.herokuapp.com/' successfully

2021-05-29 01:10:05 - [MESSAGE][PASSED] - Navigate to 'https://cdnc-group2.herokuapp.com/' successfully

2021-05-29 01:10:05 - [TEST_STEP][PASSED] - setText(findTestObject("Object Repository/Login/Page_Mattermost/input_All team communication in one place, _dcc84b"), "ngoctin040999@gmail.com"): Text 'ngoctin040999@gmail.com' is set on object 'Object Repository/Login/Page_Mattermost/input_All team communication in one place, _dcc84b'

2021-05-29 01:10:10 - [MESSAGE][PASSED] - Text 'ngoctin040999@gmail.com' is set on object 'Object Repository/Login/Page_Mattermost/input_All team communication in one place, _dcc84b'

2021-05-29 01:10:10 - [TEST_STEP][PASSED] - setEncryptedText(findTestObject("Object Repository/Login/Page_Mattermost/input_All team communication in one place, _a3edc6"), "S8w1SJvl7D1hts9IdMV+NQ=="): Text ****** has been set on object 'Object Repository/Login/Page_Mattermost/input_All team communication in one place, _a3edc6'

2021-05-29 01:10:11 - [MESSAGE][PASSED] - Text ****** has been set on object 'Object Repository/Login/Page_Mattermost/input_All team communication in one place, _a3edc6'

2021-05-29 01:10:11 - [TEST_STEP][PASSED] - click(findTestObject("Object Repository/Login/Page_Mattermost/button_Sign in")): Object: 'Object Repository/Login/Page_Mattermost/button_Sign in' is clicked on

2021-05-29 01:10:12 - [MESSAGE][PASSED] - Object: 'Object Repository/Login/Page_Mattermost/button_Sign in' is clicked on

2021-05-29 01:10:12 - [MESSAGE][PASSED] - Call Test Case 'Test Cases/PreCondition/Login' successfully

2021-05-29 01:10:12 - [TEST_STEP][PASSED] - click(findTestObject("Object Repository/ReactMsgInDMs/Page_Town Square - 123 Mattermost/span_test1")): Object: 'Object Repository/ReactMsgInDMs/Page_Town Square - 123 Mattermost/span_test1' is clicked on

2021-05-29 01:10:16 - [MESSAGE][PASSED] - Object: 'Object Repository/ReactMsgInDMs/Page_Town Square - 123 Mattermost/span_test1' is clicked on

2021-05-29 01:10:16 - [TEST_STEP][PASSED] - pMsg = findTestObject("Object Repository/ReactMsgInDMs/Page_test1 - 123 Mattermost/div_ngoctin02806203 PMedited3(edited)1"): null

2021-05-29 01:10:16 - [TEST_STEP][PASSED] - btnReact = findTestObject("Object Repository/ReactMsgInDMs/Page_test1 - 123 Mattermost/button_ngoctin02806_CENTER_reaction_1fktzgahk3rq8cbwgejm8twfpr"): null

2021-05-29 01:10:17 - [TEST_STEP][PASSED] - selectedEmotion = findTestObject("Object Repository/ReactMsgInDMs/Page_test1 - 123 Mattermost/img_People_emoji-1f601"): null

2021-05-29 01:10:17 - [TEST_STEP][PASSED] - if (pMsg != null && btnReact != null && selectedEmotion != null): Object: 'Object Repository/ReactMsgInDMs/Page_test1 - 123 Mattermost/img_People_emoji-1f601' is clicked on

2021-05-29 01:10:17 - [TEST_STEP][PASSED] - mouseOver(pMsg): Object: 'Object Repository/ReactMsgInDMs/Page_test1 - 123 Mattermost/div_ngoctin02806203 PMedited3(edited)1' is hovered

2021-05-29 01:10:18 - [MESSAGE][PASSED] - Object: 'Object Repository/ReactMsgInDMs/Page_test1 - 123 Mattermost/div_ngoctin02806203 PMedited3(edited)1' is hovered

2021-05-29 01:10:18 - [TEST_STEP][PASSED] - click(btnReact): Object: 'Object Repository/ReactMsgInDMs/Page_test1 - 123 Mattermost/button_ngoctin02806_CENTER_reaction_1fktzgahk3rq8cbwgejm8twfpr' is clicked on

2021-05-29 01:10:20 - [MESSAGE][PASSED] - Object: 'Object Repository/ReactMsgInDMs/Page_test1 - 123 Mattermost/button_ngoctin02806_CENTER_reaction_1fktzgahk3rq8cbwgejm8twfpr' is clicked on

2021-05-29 01:10:20 - [TEST_STEP][PASSED] - click(selectedEmotion): Object: 'Object Repository/ReactMsgInDMs/Page_test1 - 123 Mattermost/img_People_emoji-1f601' is clicked on

2021-05-29 01:10:22 - [MESSAGE][PASSED] - Object: 'Object Repository/ReactMsgInDMs/Page_test1 - 123 Mattermost/img_People_emoji-1f601' is clicked on]]></system-out>
         <system-err><![CDATA[]]></system-err>
      </testcase>
      <testcase name="Test Cases/Main/TestCaseReplyMsgInDMs" time="25.928" classname="Test Cases/Main/TestCaseReplyMsgInDMs" status="PASSED">
         <system-out><![CDATA[2021-05-29 01:10:22 - [TEST_CASE][PASSED] - Test Cases/Main/TestCaseReplyMsgInDMs: Test Cases/Main/TestCaseReplyMsgInDMs

2021-05-29 01:10:23 - [TEST_STEP][PASSED] - callTestCase(findTestCase("PreCondition/Login"), [:], STOP_ON_FAILURE): Call Test Case 'Test Cases/PreCondition/Login' successfully

2021-05-29 01:10:23 - [TEST_CASE][PASSED] - Test Cases/PreCondition/Login: Test Cases/PreCondition/Login

2021-05-29 01:10:23 - [TEST_STEP][PASSED] - openBrowser(""): Browser is opened with url: ''

2021-05-29 01:10:23 - [MESSAGE][WARNING] - A browser is already opened. Closing browser and opening a new one

2021-05-29 01:10:24 - [MESSAGE][INFO] - Starting 'Chrome' driver

2021-05-29 01:10:24 - [MESSAGE][INFO] - Action delay is set to 0 milliseconds

2021-05-29 01:10:26 - [MESSAGE][PASSED] - Browser is opened with url: ''

2021-05-29 01:10:26 - [TEST_STEP][PASSED] - navigateToUrl("https://cdnc-group2.herokuapp.com/"): Navigate to 'https://cdnc-group2.herokuapp.com/' successfully

2021-05-29 01:10:30 - [MESSAGE][PASSED] - Navigate to 'https://cdnc-group2.herokuapp.com/' successfully

2021-05-29 01:10:30 - [TEST_STEP][PASSED] - setText(findTestObject("Object Repository/Login/Page_Mattermost/input_All team communication in one place, _dcc84b"), "ngoctin040999@gmail.com"): Text 'ngoctin040999@gmail.com' is set on object 'Object Repository/Login/Page_Mattermost/input_All team communication in one place, _dcc84b'

2021-05-29 01:10:35 - [MESSAGE][PASSED] - Text 'ngoctin040999@gmail.com' is set on object 'Object Repository/Login/Page_Mattermost/input_All team communication in one place, _dcc84b'

2021-05-29 01:10:35 - [TEST_STEP][PASSED] - setEncryptedText(findTestObject("Object Repository/Login/Page_Mattermost/input_All team communication in one place, _a3edc6"), "S8w1SJvl7D1hts9IdMV+NQ=="): Text ****** has been set on object 'Object Repository/Login/Page_Mattermost/input_All team communication in one place, _a3edc6'

2021-05-29 01:10:36 - [MESSAGE][PASSED] - Text ****** has been set on object 'Object Repository/Login/Page_Mattermost/input_All team communication in one place, _a3edc6'

2021-05-29 01:10:36 - [TEST_STEP][PASSED] - click(findTestObject("Object Repository/Login/Page_Mattermost/button_Sign in")): Object: 'Object Repository/Login/Page_Mattermost/button_Sign in' is clicked on

2021-05-29 01:10:37 - [MESSAGE][PASSED] - Object: 'Object Repository/Login/Page_Mattermost/button_Sign in' is clicked on

2021-05-29 01:10:37 - [MESSAGE][PASSED] - Call Test Case 'Test Cases/PreCondition/Login' successfully

2021-05-29 01:10:37 - [TEST_STEP][PASSED] - click(findTestObject("Object Repository/ReplyMsgInDMs/Page_Town Square - 123 Mattermost/span_test1")): Object: 'Object Repository/ReplyMsgInDMs/Page_Town Square - 123 Mattermost/span_test1' is clicked on

2021-05-29 01:10:40 - [MESSAGE][PASSED] - Object: 'Object Repository/ReplyMsgInDMs/Page_Town Square - 123 Mattermost/span_test1' is clicked on

2021-05-29 01:10:40 - [TEST_STEP][PASSED] - divReceiver = findTestObject("Object Repository/ReplyMsgInDMs/Page_test1 - TOKEN_UPDATED Mattermost/a_test1"): null

2021-05-29 01:10:40 - [TEST_STEP][PASSED] - divMsg = findTestObject("Object Repository/ReplyMsgInDMs/Page_test1 - TOKEN_UPDATED Mattermost/div_ngoctin12345533 PMhello you"): null

2021-05-29 01:10:41 - [TEST_STEP][PASSED] - btnReply = findTestObject("Object Repository/ReplyMsgInDMs/Page_test1 - TOKEN_UPDATED Mattermost/button_ngoctin12345_CENTER_commentIcon_5kpue6mexpfe8qwpf5u4gdp97e"): null

2021-05-29 01:10:41 - [TEST_STEP][PASSED] - inputReply = findTestObject("Object Repository/ReplyMsgInDMs/Page_test1 - TOKEN_UPDATED Mattermost/textarea_123"): null

2021-05-29 01:10:41 - [TEST_STEP][PASSED] - btnSubmitReply = findTestObject("Object Repository/ReplyMsgInDMs/Page_test1 - TOKEN_UPDATED Mattermost/input_Help_addCommentButton"): null

2021-05-29 01:10:41 - [TEST_STEP][PASSED] - if (divReceiver != null && divMsg != null && btnReply != null && inputReply != null && btnSubmitReply != null): Object: 'Object Repository/ReplyMsgInDMs/Page_test1 - TOKEN_UPDATED Mattermost/input_Help_addCommentButton' is clicked on

2021-05-29 01:10:41 - [TEST_STEP][PASSED] - click(divReceiver): Object: 'Object Repository/ReplyMsgInDMs/Page_test1 - TOKEN_UPDATED Mattermost/a_test1' is clicked on

2021-05-29 01:10:43 - [MESSAGE][PASSED] - Object: 'Object Repository/ReplyMsgInDMs/Page_test1 - TOKEN_UPDATED Mattermost/a_test1' is clicked on

2021-05-29 01:10:43 - [TEST_STEP][PASSED] - mouseOver(divMsg): Object: 'Object Repository/ReplyMsgInDMs/Page_test1 - TOKEN_UPDATED Mattermost/div_ngoctin12345533 PMhello you' is hovered

2021-05-29 01:10:44 - [MESSAGE][PASSED] - Object: 'Object Repository/ReplyMsgInDMs/Page_test1 - TOKEN_UPDATED Mattermost/div_ngoctin12345533 PMhello you' is hovered

2021-05-29 01:10:44 - [TEST_STEP][PASSED] - click(btnReply): Object: 'Object Repository/ReplyMsgInDMs/Page_test1 - TOKEN_UPDATED Mattermost/button_ngoctin12345_CENTER_commentIcon_5kpue6mexpfe8qwpf5u4gdp97e' is clicked on

2021-05-29 01:10:45 - [MESSAGE][PASSED] - Object: 'Object Repository/ReplyMsgInDMs/Page_test1 - TOKEN_UPDATED Mattermost/button_ngoctin12345_CENTER_commentIcon_5kpue6mexpfe8qwpf5u4gdp97e' is clicked on

2021-05-29 01:10:45 - [TEST_STEP][PASSED] - setText(inputReply, "reply 123"): Text 'reply 123' is set on object 'Object Repository/ReplyMsgInDMs/Page_test1 - TOKEN_UPDATED Mattermost/textarea_123'

2021-05-29 01:10:47 - [MESSAGE][PASSED] - Text 'reply 123' is set on object 'Object Repository/ReplyMsgInDMs/Page_test1 - TOKEN_UPDATED Mattermost/textarea_123'

2021-05-29 01:10:47 - [TEST_STEP][PASSED] - click(btnSubmitReply): Object: 'Object Repository/ReplyMsgInDMs/Page_test1 - TOKEN_UPDATED Mattermost/input_Help_addCommentButton' is clicked on

2021-05-29 01:10:48 - [MESSAGE][PASSED] - Object: 'Object Repository/ReplyMsgInDMs/Page_test1 - TOKEN_UPDATED Mattermost/input_Help_addCommentButton' is clicked on]]></system-out>
         <system-err><![CDATA[]]></system-err>
      </testcase>
      <testcase name="Test Cases/Main/TestCaseSaveMsgInDMs" time="22.188" classname="Test Cases/Main/TestCaseSaveMsgInDMs" status="PASSED">
         <system-out><![CDATA[2021-05-29 01:10:48 - [TEST_CASE][PASSED] - Test Cases/Main/TestCaseSaveMsgInDMs: Test Cases/Main/TestCaseSaveMsgInDMs

2021-05-29 01:10:49 - [TEST_STEP][PASSED] - callTestCase(findTestCase("PreCondition/Login"), [:], STOP_ON_FAILURE): Call Test Case 'Test Cases/PreCondition/Login' successfully

2021-05-29 01:10:49 - [TEST_CASE][PASSED] - Test Cases/PreCondition/Login: Test Cases/PreCondition/Login

2021-05-29 01:10:49 - [TEST_STEP][PASSED] - openBrowser(""): Browser is opened with url: ''

2021-05-29 01:10:49 - [MESSAGE][WARNING] - A browser is already opened. Closing browser and opening a new one

2021-05-29 01:10:50 - [MESSAGE][INFO] - Starting 'Chrome' driver

2021-05-29 01:10:50 - [MESSAGE][INFO] - Action delay is set to 0 milliseconds

2021-05-29 01:10:52 - [MESSAGE][PASSED] - Browser is opened with url: ''

2021-05-29 01:10:52 - [TEST_STEP][PASSED] - navigateToUrl("https://cdnc-group2.herokuapp.com/"): Navigate to 'https://cdnc-group2.herokuapp.com/' successfully

2021-05-29 01:10:56 - [MESSAGE][PASSED] - Navigate to 'https://cdnc-group2.herokuapp.com/' successfully

2021-05-29 01:10:56 - [TEST_STEP][PASSED] - setText(findTestObject("Object Repository/Login/Page_Mattermost/input_All team communication in one place, _dcc84b"), "ngoctin040999@gmail.com"): Text 'ngoctin040999@gmail.com' is set on object 'Object Repository/Login/Page_Mattermost/input_All team communication in one place, _dcc84b'

2021-05-29 01:11:02 - [MESSAGE][PASSED] - Text 'ngoctin040999@gmail.com' is set on object 'Object Repository/Login/Page_Mattermost/input_All team communication in one place, _dcc84b'

2021-05-29 01:11:02 - [TEST_STEP][PASSED] - setEncryptedText(findTestObject("Object Repository/Login/Page_Mattermost/input_All team communication in one place, _a3edc6"), "S8w1SJvl7D1hts9IdMV+NQ=="): Text ****** has been set on object 'Object Repository/Login/Page_Mattermost/input_All team communication in one place, _a3edc6'

2021-05-29 01:11:02 - [MESSAGE][PASSED] - Text ****** has been set on object 'Object Repository/Login/Page_Mattermost/input_All team communication in one place, _a3edc6'

2021-05-29 01:11:02 - [TEST_STEP][PASSED] - click(findTestObject("Object Repository/Login/Page_Mattermost/button_Sign in")): Object: 'Object Repository/Login/Page_Mattermost/button_Sign in' is clicked on

2021-05-29 01:11:03 - [MESSAGE][PASSED] - Object: 'Object Repository/Login/Page_Mattermost/button_Sign in' is clicked on

2021-05-29 01:11:03 - [MESSAGE][PASSED] - Call Test Case 'Test Cases/PreCondition/Login' successfully

2021-05-29 01:11:03 - [TEST_STEP][PASSED] - click(findTestObject("Object Repository/SaveMsgInDMs/Page_Town Square - 123 Mattermost/span_test1")): Object: 'Object Repository/SaveMsgInDMs/Page_Town Square - 123 Mattermost/span_test1' is clicked on

2021-05-29 01:11:07 - [MESSAGE][PASSED] - Object: 'Object Repository/SaveMsgInDMs/Page_Town Square - 123 Mattermost/span_test1' is clicked on

2021-05-29 01:11:07 - [TEST_STEP][PASSED] - pMsg = findTestObject("Object Repository/SaveMsgInDMs/Page_test1 - 123 Mattermost/div_ngoctin02806203 PMedited3(edited)11"): null

2021-05-29 01:11:07 - [TEST_STEP][PASSED] - btnSave = findTestObject("Object Repository/SaveMsgInDMs/Page_test1 - 123 Mattermost/button_ngoctin02806_CENTER_flagIcon_1fktzgahk3rq8cbwgejm8twfpr"): null

2021-05-29 01:11:07 - [TEST_STEP][PASSED] - if (pMsg != null && btnSave != null): Object: 'Object Repository/SaveMsgInDMs/Page_test1 - 123 Mattermost/button_ngoctin02806_CENTER_flagIcon_1fktzgahk3rq8cbwgejm8twfpr' is clicked on

2021-05-29 01:11:07 - [TEST_STEP][PASSED] - mouseOver(pMsg): Object: 'Object Repository/SaveMsgInDMs/Page_test1 - 123 Mattermost/div_ngoctin02806203 PMedited3(edited)11' is hovered

2021-05-29 01:11:09 - [MESSAGE][PASSED] - Object: 'Object Repository/SaveMsgInDMs/Page_test1 - 123 Mattermost/div_ngoctin02806203 PMedited3(edited)11' is hovered

2021-05-29 01:11:09 - [TEST_STEP][PASSED] - click(btnSave): Object: 'Object Repository/SaveMsgInDMs/Page_test1 - 123 Mattermost/button_ngoctin02806_CENTER_flagIcon_1fktzgahk3rq8cbwgejm8twfpr' is clicked on

2021-05-29 01:11:10 - [MESSAGE][PASSED] - Object: 'Object Repository/SaveMsgInDMs/Page_test1 - 123 Mattermost/button_ngoctin02806_CENTER_flagIcon_1fktzgahk3rq8cbwgejm8twfpr' is clicked on]]></system-out>
         <system-err><![CDATA[]]></system-err>
      </testcase>
      <testcase name="Test Cases/ForgetPassword" time="15.256" classname="Test Cases/ForgetPassword" status="PASSED">
         <system-out><![CDATA[2021-05-29 01:11:10 - [TEST_CASE][PASSED] - Test Cases/ForgetPassword: Test Cases/ForgetPassword

2021-05-29 01:11:11 - [TEST_STEP][PASSED] - openBrowser(""): Browser is opened with url: ''

2021-05-29 01:11:11 - [MESSAGE][WARNING] - A browser is already opened. Closing browser and opening a new one

2021-05-29 01:11:12 - [MESSAGE][INFO] - Starting 'Chrome' driver

2021-05-29 01:11:12 - [MESSAGE][INFO] - Action delay is set to 0 milliseconds

2021-05-29 01:11:14 - [MESSAGE][PASSED] - Browser is opened with url: ''

2021-05-29 01:11:14 - [TEST_STEP][PASSED] - navigateToUrl("https://cdnc-group2.herokuapp.com/"): Navigate to 'https://cdnc-group2.herokuapp.com/' successfully

2021-05-29 01:11:18 - [MESSAGE][PASSED] - Navigate to 'https://cdnc-group2.herokuapp.com/' successfully

2021-05-29 01:11:18 - [TEST_STEP][PASSED] - click(findTestObject("Object Repository/ForgetPassword_Mattermost_OR/span_I forgot my password")): Object: 'Object Repository/ForgetPassword_Mattermost_OR/span_I forgot my password' is clicked on

2021-05-29 01:11:21 - [MESSAGE][PASSED] - Object: 'Object Repository/ForgetPassword_Mattermost_OR/span_I forgot my password' is clicked on

2021-05-29 01:11:21 - [TEST_STEP][PASSED] - setText(findTestObject("Object Repository/ForgetPassword_Mattermost_OR/input_To reset your password, enter the email address you used to sign up_email"), "ngoctin040999@gmail.com"): Text 'ngoctin040999@gmail.com' is set on object 'Object Repository/ForgetPassword_Mattermost_OR/input_To reset your password, enter the email address you used to sign up_email'

2021-05-29 01:11:22 - [MESSAGE][PASSED] - Text 'ngoctin040999@gmail.com' is set on object 'Object Repository/ForgetPassword_Mattermost_OR/input_To reset your password, enter the email address you used to sign up_email'

2021-05-29 01:11:22 - [TEST_STEP][PASSED] - click(findTestObject("Object Repository/ForgetPassword_Mattermost_OR/button_Reset my password")): Object: 'Object Repository/ForgetPassword_Mattermost_OR/button_Reset my password' is clicked on

2021-05-29 01:11:23 - [MESSAGE][PASSED] - Object: 'Object Repository/ForgetPassword_Mattermost_OR/button_Reset my password' is clicked on

2021-05-29 01:11:23 - [TEST_STEP][PASSED] - verifyElementPresent(findTestObject("Object Repository/ForgetPassword_Mattermost_OR/label_Failed to send password reset email successfully"), 1000): Object 'Object Repository/ForgetPassword_Mattermost_OR/label_Failed to send password reset email successfully' is present

2021-05-29 01:11:24 - [MESSAGE][PASSED] - Object 'Object Repository/ForgetPassword_Mattermost_OR/label_Failed to send password reset email successfully' is present

2021-05-29 01:11:24 - [TEST_STEP][PASSED] - closeBrowser(): Browser is closed

2021-05-29 01:11:25 - [MESSAGE][PASSED] - Browser is closed]]></system-out>
         <system-err><![CDATA[]]></system-err>
      </testcase>
      <testcase name="Test Cases/ForgetPassword" time="16.071" classname="Test Cases/ForgetPassword" status="PASSED">
         <system-out><![CDATA[2021-05-29 01:11:25 - [TEST_CASE][PASSED] - Test Cases/ForgetPassword: Test Cases/ForgetPassword

2021-05-29 01:11:26 - [TEST_STEP][PASSED] - openBrowser(""): Browser is opened with url: ''

2021-05-29 01:11:26 - [MESSAGE][INFO] - Starting 'Chrome' driver

2021-05-29 01:11:26 - [MESSAGE][INFO] - Action delay is set to 0 milliseconds

2021-05-29 01:11:28 - [MESSAGE][PASSED] - Browser is opened with url: ''

2021-05-29 01:11:28 - [TEST_STEP][PASSED] - navigateToUrl("https://cdnc-group2.herokuapp.com/"): Navigate to 'https://cdnc-group2.herokuapp.com/' successfully

2021-05-29 01:11:31 - [MESSAGE][PASSED] - Navigate to 'https://cdnc-group2.herokuapp.com/' successfully

2021-05-29 01:11:31 - [TEST_STEP][PASSED] - click(findTestObject("Object Repository/ForgetPassword_Mattermost_OR/span_I forgot my password")): Object: 'Object Repository/ForgetPassword_Mattermost_OR/span_I forgot my password' is clicked on

2021-05-29 01:11:37 - [MESSAGE][PASSED] - Object: 'Object Repository/ForgetPassword_Mattermost_OR/span_I forgot my password' is clicked on

2021-05-29 01:11:37 - [TEST_STEP][PASSED] - setText(findTestObject("Object Repository/ForgetPassword_Mattermost_OR/input_To reset your password, enter the email address you used to sign up_email"), "ngoctin040999@gmail.com"): Text 'ngoctin040999@gmail.com' is set on object 'Object Repository/ForgetPassword_Mattermost_OR/input_To reset your password, enter the email address you used to sign up_email'

2021-05-29 01:11:38 - [MESSAGE][PASSED] - Text 'ngoctin040999@gmail.com' is set on object 'Object Repository/ForgetPassword_Mattermost_OR/input_To reset your password, enter the email address you used to sign up_email'

2021-05-29 01:11:38 - [TEST_STEP][PASSED] - click(findTestObject("Object Repository/ForgetPassword_Mattermost_OR/button_Reset my password")): Object: 'Object Repository/ForgetPassword_Mattermost_OR/button_Reset my password' is clicked on

2021-05-29 01:11:39 - [MESSAGE][PASSED] - Object: 'Object Repository/ForgetPassword_Mattermost_OR/button_Reset my password' is clicked on

2021-05-29 01:11:39 - [TEST_STEP][PASSED] - verifyElementPresent(findTestObject("Object Repository/ForgetPassword_Mattermost_OR/label_Failed to send password reset email successfully"), 1000): Object 'Object Repository/ForgetPassword_Mattermost_OR/label_Failed to send password reset email successfully' is present

2021-05-29 01:11:40 - [MESSAGE][PASSED] - Object 'Object Repository/ForgetPassword_Mattermost_OR/label_Failed to send password reset email successfully' is present

2021-05-29 01:11:40 - [TEST_STEP][PASSED] - closeBrowser(): Browser is closed

2021-05-29 01:11:42 - [MESSAGE][PASSED] - Browser is closed]]></system-out>
         <system-err><![CDATA[]]></system-err>
      </testcase>
      <testcase name="Test Cases/ForgetPassword" time="19.417" classname="Test Cases/ForgetPassword" status="PASSED">
         <system-out><![CDATA[2021-05-29 01:11:42 - [TEST_CASE][PASSED] - Test Cases/ForgetPassword: Test Cases/ForgetPassword

2021-05-29 01:11:42 - [TEST_STEP][PASSED] - openBrowser(""): Browser is opened with url: ''

2021-05-29 01:11:42 - [MESSAGE][INFO] - Starting 'Chrome' driver

2021-05-29 01:11:42 - [MESSAGE][INFO] - Action delay is set to 0 milliseconds

2021-05-29 01:11:44 - [MESSAGE][PASSED] - Browser is opened with url: ''

2021-05-29 01:11:44 - [TEST_STEP][PASSED] - navigateToUrl("https://cdnc-group2.herokuapp.com/"): Navigate to 'https://cdnc-group2.herokuapp.com/' successfully

2021-05-29 01:11:51 - [MESSAGE][PASSED] - Navigate to 'https://cdnc-group2.herokuapp.com/' successfully

2021-05-29 01:11:51 - [TEST_STEP][PASSED] - click(findTestObject("Object Repository/ForgetPassword_Mattermost_OR/span_I forgot my password")): Object: 'Object Repository/ForgetPassword_Mattermost_OR/span_I forgot my password' is clicked on

2021-05-29 01:11:56 - [MESSAGE][PASSED] - Object: 'Object Repository/ForgetPassword_Mattermost_OR/span_I forgot my password' is clicked on

2021-05-29 01:11:56 - [TEST_STEP][PASSED] - setText(findTestObject("Object Repository/ForgetPassword_Mattermost_OR/input_To reset your password, enter the email address you used to sign up_email"), "ngoctin040999@gmail.com"): Text 'ngoctin040999@gmail.com' is set on object 'Object Repository/ForgetPassword_Mattermost_OR/input_To reset your password, enter the email address you used to sign up_email'

2021-05-29 01:11:57 - [MESSAGE][PASSED] - Text 'ngoctin040999@gmail.com' is set on object 'Object Repository/ForgetPassword_Mattermost_OR/input_To reset your password, enter the email address you used to sign up_email'

2021-05-29 01:11:57 - [TEST_STEP][PASSED] - click(findTestObject("Object Repository/ForgetPassword_Mattermost_OR/button_Reset my password")): Object: 'Object Repository/ForgetPassword_Mattermost_OR/button_Reset my password' is clicked on

2021-05-29 01:11:58 - [MESSAGE][PASSED] - Object: 'Object Repository/ForgetPassword_Mattermost_OR/button_Reset my password' is clicked on

2021-05-29 01:11:58 - [TEST_STEP][PASSED] - verifyElementPresent(findTestObject("Object Repository/ForgetPassword_Mattermost_OR/label_Failed to send password reset email successfully"), 1000): Object 'Object Repository/ForgetPassword_Mattermost_OR/label_Failed to send password reset email successfully' is present

2021-05-29 01:11:59 - [MESSAGE][PASSED] - Object 'Object Repository/ForgetPassword_Mattermost_OR/label_Failed to send password reset email successfully' is present

2021-05-29 01:11:59 - [TEST_STEP][PASSED] - closeBrowser(): Browser is closed

2021-05-29 01:12:01 - [MESSAGE][PASSED] - Browser is closed]]></system-out>
         <system-err><![CDATA[]]></system-err>
      </testcase>
      <testcase name="Test Cases/ForgetPassword" time="15.078" classname="Test Cases/ForgetPassword" status="PASSED">
         <system-out><![CDATA[2021-05-29 01:12:01 - [TEST_CASE][PASSED] - Test Cases/ForgetPassword: Test Cases/ForgetPassword

2021-05-29 01:12:01 - [TEST_STEP][PASSED] - openBrowser(""): Browser is opened with url: ''

2021-05-29 01:12:01 - [MESSAGE][INFO] - Starting 'Chrome' driver

2021-05-29 01:12:01 - [MESSAGE][INFO] - Action delay is set to 0 milliseconds

2021-05-29 01:12:04 - [MESSAGE][PASSED] - Browser is opened with url: ''

2021-05-29 01:12:04 - [TEST_STEP][PASSED] - navigateToUrl("https://cdnc-group2.herokuapp.com/"): Navigate to 'https://cdnc-group2.herokuapp.com/' successfully

2021-05-29 01:12:08 - [MESSAGE][PASSED] - Navigate to 'https://cdnc-group2.herokuapp.com/' successfully

2021-05-29 01:12:08 - [TEST_STEP][PASSED] - click(findTestObject("Object Repository/ForgetPassword_Mattermost_OR/span_I forgot my password")): Object: 'Object Repository/ForgetPassword_Mattermost_OR/span_I forgot my password' is clicked on

2021-05-29 01:12:13 - [MESSAGE][PASSED] - Object: 'Object Repository/ForgetPassword_Mattermost_OR/span_I forgot my password' is clicked on

2021-05-29 01:12:13 - [TEST_STEP][PASSED] - setText(findTestObject("Object Repository/ForgetPassword_Mattermost_OR/input_To reset your password, enter the email address you used to sign up_email"), "ngoctin040999@gmail.com"): Text 'ngoctin040999@gmail.com' is set on object 'Object Repository/ForgetPassword_Mattermost_OR/input_To reset your password, enter the email address you used to sign up_email'

2021-05-29 01:12:14 - [MESSAGE][PASSED] - Text 'ngoctin040999@gmail.com' is set on object 'Object Repository/ForgetPassword_Mattermost_OR/input_To reset your password, enter the email address you used to sign up_email'

2021-05-29 01:12:14 - [TEST_STEP][PASSED] - click(findTestObject("Object Repository/ForgetPassword_Mattermost_OR/button_Reset my password")): Object: 'Object Repository/ForgetPassword_Mattermost_OR/button_Reset my password' is clicked on

2021-05-29 01:12:15 - [MESSAGE][PASSED] - Object: 'Object Repository/ForgetPassword_Mattermost_OR/button_Reset my password' is clicked on

2021-05-29 01:12:15 - [TEST_STEP][PASSED] - verifyElementPresent(findTestObject("Object Repository/ForgetPassword_Mattermost_OR/label_Failed to send password reset email successfully"), 1000): Object 'Object Repository/ForgetPassword_Mattermost_OR/label_Failed to send password reset email successfully' is present

2021-05-29 01:12:15 - [MESSAGE][PASSED] - Object 'Object Repository/ForgetPassword_Mattermost_OR/label_Failed to send password reset email successfully' is present

2021-05-29 01:12:15 - [TEST_STEP][PASSED] - closeBrowser(): Browser is closed

2021-05-29 01:12:16 - [MESSAGE][PASSED] - Browser is closed]]></system-out>
         <system-err><![CDATA[]]></system-err>
      </testcase>
      <testcase name="Test Cases/ForgetPassword" time="15.072" classname="Test Cases/ForgetPassword" status="PASSED">
         <system-out><![CDATA[2021-05-29 01:12:16 - [TEST_CASE][PASSED] - Test Cases/ForgetPassword: Test Cases/ForgetPassword

2021-05-29 01:12:16 - [TEST_STEP][PASSED] - openBrowser(""): Browser is opened with url: ''

2021-05-29 01:12:16 - [MESSAGE][INFO] - Starting 'Chrome' driver

2021-05-29 01:12:16 - [MESSAGE][INFO] - Action delay is set to 0 milliseconds

2021-05-29 01:12:18 - [MESSAGE][PASSED] - Browser is opened with url: ''

2021-05-29 01:12:18 - [TEST_STEP][PASSED] - navigateToUrl("https://cdnc-group2.herokuapp.com/"): Navigate to 'https://cdnc-group2.herokuapp.com/' successfully

2021-05-29 01:12:21 - [MESSAGE][PASSED] - Navigate to 'https://cdnc-group2.herokuapp.com/' successfully

2021-05-29 01:12:21 - [TEST_STEP][PASSED] - click(findTestObject("Object Repository/ForgetPassword_Mattermost_OR/span_I forgot my password")): Object: 'Object Repository/ForgetPassword_Mattermost_OR/span_I forgot my password' is clicked on

2021-05-29 01:12:26 - [MESSAGE][PASSED] - Object: 'Object Repository/ForgetPassword_Mattermost_OR/span_I forgot my password' is clicked on

2021-05-29 01:12:26 - [TEST_STEP][PASSED] - setText(findTestObject("Object Repository/ForgetPassword_Mattermost_OR/input_To reset your password, enter the email address you used to sign up_email"), "ngoctin040999@gmail.com"): Text 'ngoctin040999@gmail.com' is set on object 'Object Repository/ForgetPassword_Mattermost_OR/input_To reset your password, enter the email address you used to sign up_email'

2021-05-29 01:12:29 - [MESSAGE][PASSED] - Text 'ngoctin040999@gmail.com' is set on object 'Object Repository/ForgetPassword_Mattermost_OR/input_To reset your password, enter the email address you used to sign up_email'

2021-05-29 01:12:29 - [TEST_STEP][PASSED] - click(findTestObject("Object Repository/ForgetPassword_Mattermost_OR/button_Reset my password")): Object: 'Object Repository/ForgetPassword_Mattermost_OR/button_Reset my password' is clicked on

2021-05-29 01:12:29 - [MESSAGE][PASSED] - Object: 'Object Repository/ForgetPassword_Mattermost_OR/button_Reset my password' is clicked on

2021-05-29 01:12:29 - [TEST_STEP][PASSED] - verifyElementPresent(findTestObject("Object Repository/ForgetPassword_Mattermost_OR/label_Failed to send password reset email successfully"), 1000): Object 'Object Repository/ForgetPassword_Mattermost_OR/label_Failed to send password reset email successfully' is present

2021-05-29 01:12:30 - [MESSAGE][PASSED] - Object 'Object Repository/ForgetPassword_Mattermost_OR/label_Failed to send password reset email successfully' is present

2021-05-29 01:12:30 - [TEST_STEP][PASSED] - closeBrowser(): Browser is closed

2021-05-29 01:12:31 - [MESSAGE][PASSED] - Browser is closed]]></system-out>
         <system-err><![CDATA[]]></system-err>
      </testcase>
      <testcase name="Test Cases/ForgetPassword" time="14.243" classname="Test Cases/ForgetPassword" status="PASSED">
         <system-out><![CDATA[2021-05-29 01:12:31 - [TEST_CASE][PASSED] - Test Cases/ForgetPassword: Test Cases/ForgetPassword

2021-05-29 01:12:31 - [TEST_STEP][PASSED] - openBrowser(""): Browser is opened with url: ''

2021-05-29 01:12:31 - [MESSAGE][INFO] - Starting 'Chrome' driver

2021-05-29 01:12:31 - [MESSAGE][INFO] - Action delay is set to 0 milliseconds

2021-05-29 01:12:33 - [MESSAGE][PASSED] - Browser is opened with url: ''

2021-05-29 01:12:33 - [TEST_STEP][PASSED] - navigateToUrl("https://cdnc-group2.herokuapp.com/"): Navigate to 'https://cdnc-group2.herokuapp.com/' successfully

2021-05-29 01:12:37 - [MESSAGE][PASSED] - Navigate to 'https://cdnc-group2.herokuapp.com/' successfully

2021-05-29 01:12:37 - [TEST_STEP][PASSED] - click(findTestObject("Object Repository/ForgetPassword_Mattermost_OR/span_I forgot my password")): Object: 'Object Repository/ForgetPassword_Mattermost_OR/span_I forgot my password' is clicked on

2021-05-29 01:12:41 - [MESSAGE][PASSED] - Object: 'Object Repository/ForgetPassword_Mattermost_OR/span_I forgot my password' is clicked on

2021-05-29 01:12:41 - [TEST_STEP][PASSED] - setText(findTestObject("Object Repository/ForgetPassword_Mattermost_OR/input_To reset your password, enter the email address you used to sign up_email"), "ngoctin040999@gmail.com"): Text 'ngoctin040999@gmail.com' is set on object 'Object Repository/ForgetPassword_Mattermost_OR/input_To reset your password, enter the email address you used to sign up_email'

2021-05-29 01:12:43 - [MESSAGE][PASSED] - Text 'ngoctin040999@gmail.com' is set on object 'Object Repository/ForgetPassword_Mattermost_OR/input_To reset your password, enter the email address you used to sign up_email'

2021-05-29 01:12:43 - [TEST_STEP][PASSED] - click(findTestObject("Object Repository/ForgetPassword_Mattermost_OR/button_Reset my password")): Object: 'Object Repository/ForgetPassword_Mattermost_OR/button_Reset my password' is clicked on

2021-05-29 01:12:43 - [MESSAGE][PASSED] - Object: 'Object Repository/ForgetPassword_Mattermost_OR/button_Reset my password' is clicked on

2021-05-29 01:12:43 - [TEST_STEP][PASSED] - verifyElementPresent(findTestObject("Object Repository/ForgetPassword_Mattermost_OR/label_Failed to send password reset email successfully"), 1000): Object 'Object Repository/ForgetPassword_Mattermost_OR/label_Failed to send password reset email successfully' is present

2021-05-29 01:12:45 - [MESSAGE][PASSED] - Object 'Object Repository/ForgetPassword_Mattermost_OR/label_Failed to send password reset email successfully' is present

2021-05-29 01:12:45 - [TEST_STEP][PASSED] - closeBrowser(): Browser is closed

2021-05-29 01:12:46 - [MESSAGE][PASSED] - Browser is closed]]></system-out>
         <system-err><![CDATA[]]></system-err>
      </testcase>
      <testcase name="Test Cases/DeleteMessage" time="143.363" classname="Test Cases/DeleteMessage" status="FAILED">
         <failure type="FAILED" message="Test Cases/DeleteMessage FAILED.
Reason:
com.kms.katalon.core.exception.StepFailedException: Unable to verify object 'Object Repository/DeleteMessage_OR/Page_Test 77777 - TOKEN_UPDATED Mattermost/span_Confirm Post Delete' is present
	at com.kms.katalon.core.webui.keyword.internal.WebUIKeywordMain.stepFailed(WebUIKeywordMain.groovy:64)
	at com.kms.katalon.core.webui.keyword.internal.WebUIKeywordMain.runKeyword(WebUIKeywordMain.groovy:26)
	at com.kms.katalon.core.webui.keyword.builtin.VerifyElementPresentKeyword.verifyElementPresent(VerifyElementPresentKeyword.groovy:92)
	at com.kms.katalon.core.webui.keyword.builtin.VerifyElementPresentKeyword.execute(VerifyElementPresentKeyword.groovy:68)
	at com.kms.katalon.core.keyword.internal.KeywordExecutor.executeKeywordForPlatform(KeywordExecutor.groovy:73)
	at com.kms.katalon.core.webui.keyword.WebUiBuiltInKeywords.verifyElementPresent(WebUiBuiltInKeywords.groovy:1463)
	at com.kms.katalon.core.webui.keyword.WebUiBuiltInKeywords$verifyElementPresent$6.call(Unknown Source)
	at DeleteMessage.run(DeleteMessage:48)
	at com.kms.katalon.core.main.ScriptEngine.run(ScriptEngine.java:194)
	at com.kms.katalon.core.main.ScriptEngine.runScriptAsRawText(ScriptEngine.java:119)
	at com.kms.katalon.core.main.TestCaseExecutor.runScript(TestCaseExecutor.java:398)
	at com.kms.katalon.core.main.TestCaseExecutor.doExecute(TestCaseExecutor.java:389)
	at com.kms.katalon.core.main.TestCaseExecutor.processExecutionPhase(TestCaseExecutor.java:368)
	at com.kms.katalon.core.main.TestCaseExecutor.accessMainPhase(TestCaseExecutor.java:360)
	at com.kms.katalon.core.main.TestCaseExecutor.execute(TestCaseExecutor.java:255)
	at com.kms.katalon.core.main.TestSuiteExecutor.accessTestCaseMainPhase(TestSuiteExecutor.java:203)
	at com.kms.katalon.core.main.TestSuiteExecutor.accessTestSuiteMainPhase(TestSuiteExecutor.java:152)
	at com.kms.katalon.core.main.TestSuiteExecutor.execute(TestSuiteExecutor.java:95)
	at com.kms.katalon.core.main.TestCaseMain.startTestSuite(TestCaseMain.java:157)
	at com.kms.katalon.core.main.TestCaseMain$startTestSuite$0.call(Unknown Source)
	at TempTestSuite1622224263190.run(TempTestSuite1622224263190.groovy:39)
Caused by: com.kms.katalon.core.exception.StepFailedException: com.kms.katalon.core.webui.exception.WebElementNotFoundException: Web element with id: 'Object Repository/DeleteMessage_OR/Page_Test 77777 - TOKEN_UPDATED Mattermost/span_Confirm Post Delete' located by '//h1[@id='deletePostModalLabel']/span' not found
	at com.kms.katalon.core.webui.keyword.internal.WebUIKeywordMain.stepFailed(WebUIKeywordMain.groovy:64)
	at com.kms.katalon.core.webui.keyword.builtin.VerifyElementPresentKeyword$_verifyElementPresent_closure1.doCall(VerifyElementPresentKeyword.groovy:85)
	at com.kms.katalon.core.webui.keyword.builtin.VerifyElementPresentKeyword$_verifyElementPresent_closure1.call(VerifyElementPresentKeyword.groovy)
	at com.kms.katalon.core.webui.keyword.internal.WebUIKeywordMain.runKeyword(WebUIKeywordMain.groovy:20)
	... 19 more
"/>
         <system-out><![CDATA[2021-05-29 01:12:46 - [TEST_CASE][FAILED] - Test Cases/DeleteMessage: Test Cases/DeleteMessage FAILED.
Reason:
com.kms.katalon.core.exception.StepFailedException: Unable to verify object 'Object Repository/DeleteMessage_OR/Page_Test 77777 - TOKEN_UPDATED Mattermost/span_Confirm Post Delete' is present
	at com.kms.katalon.core.webui.keyword.internal.WebUIKeywordMain.stepFailed(WebUIKeywordMain.groovy:64)
	at com.kms.katalon.core.webui.keyword.internal.WebUIKeywordMain.runKeyword(WebUIKeywordMain.groovy:26)
	at com.kms.katalon.core.webui.keyword.builtin.VerifyElementPresentKeyword.verifyElementPresent(VerifyElementPresentKeyword.groovy:92)
	at com.kms.katalon.core.webui.keyword.builtin.VerifyElementPresentKeyword.execute(VerifyElementPresentKeyword.groovy:68)
	at com.kms.katalon.core.keyword.internal.KeywordExecutor.executeKeywordForPlatform(KeywordExecutor.groovy:73)
	at com.kms.katalon.core.webui.keyword.WebUiBuiltInKeywords.verifyElementPresent(WebUiBuiltInKeywords.groovy:1463)
	at com.kms.katalon.core.webui.keyword.WebUiBuiltInKeywords$verifyElementPresent$6.call(Unknown Source)
	at DeleteMessage.run(DeleteMessage:48)
	at com.kms.katalon.core.main.ScriptEngine.run(ScriptEngine.java:194)
	at com.kms.katalon.core.main.ScriptEngine.runScriptAsRawText(ScriptEngine.java:119)
	at com.kms.katalon.core.main.TestCaseExecutor.runScript(TestCaseExecutor.java:398)
	at com.kms.katalon.core.main.TestCaseExecutor.doExecute(TestCaseExecutor.java:389)
	at com.kms.katalon.core.main.TestCaseExecutor.processExecutionPhase(TestCaseExecutor.java:368)
	at com.kms.katalon.core.main.TestCaseExecutor.accessMainPhase(TestCaseExecutor.java:360)
	at com.kms.katalon.core.main.TestCaseExecutor.execute(TestCaseExecutor.java:255)
	at com.kms.katalon.core.main.TestSuiteExecutor.accessTestCaseMainPhase(TestSuiteExecutor.java:203)
	at com.kms.katalon.core.main.TestSuiteExecutor.accessTestSuiteMainPhase(TestSuiteExecutor.java:152)
	at com.kms.katalon.core.main.TestSuiteExecutor.execute(TestSuiteExecutor.java:95)
	at com.kms.katalon.core.main.TestCaseMain.startTestSuite(TestCaseMain.java:157)
	at com.kms.katalon.core.main.TestCaseMain$startTestSuite$0.call(Unknown Source)
	at TempTestSuite1622224263190.run(TempTestSuite1622224263190.groovy:39)
Caused by: com.kms.katalon.core.exception.StepFailedException: com.kms.katalon.core.webui.exception.WebElementNotFoundException: Web element with id: 'Object Repository/DeleteMessage_OR/Page_Test 77777 - TOKEN_UPDATED Mattermost/span_Confirm Post Delete' located by '//h1[@id='deletePostModalLabel']/span' not found
	at com.kms.katalon.core.webui.keyword.internal.WebUIKeywordMain.stepFailed(WebUIKeywordMain.groovy:64)
	at com.kms.katalon.core.webui.keyword.builtin.VerifyElementPresentKeyword$_verifyElementPresent_closure1.doCall(VerifyElementPresentKeyword.groovy:85)
	at com.kms.katalon.core.webui.keyword.builtin.VerifyElementPresentKeyword$_verifyElementPresent_closure1.call(VerifyElementPresentKeyword.groovy)
	at com.kms.katalon.core.webui.keyword.internal.WebUIKeywordMain.runKeyword(WebUIKeywordMain.groovy:20)
	... 19 more


2021-05-29 01:12:46 - [TEST_STEP][PASSED] - openBrowser(""): Browser is opened with url: ''

2021-05-29 01:12:46 - [MESSAGE][INFO] - Starting 'Chrome' driver

2021-05-29 01:12:46 - [MESSAGE][INFO] - Action delay is set to 0 milliseconds

2021-05-29 01:12:48 - [MESSAGE][PASSED] - Browser is opened with url: ''

2021-05-29 01:12:48 - [TEST_STEP][PASSED] - navigateToUrl("https://cdnc-group2.herokuapp.com/login"): Navigate to 'https://cdnc-group2.herokuapp.com/login' successfully

2021-05-29 01:12:52 - [MESSAGE][PASSED] - Navigate to 'https://cdnc-group2.herokuapp.com/login' successfully

2021-05-29 01:12:52 - [TEST_STEP][PASSED] - setText(findTestObject("Object Repository/DeleteMessage_OR/Page_Mattermost/input_All team communication in one place, _dcc84b"), "ngoctin040999@gmail.com"): Text 'ngoctin040999@gmail.com' is set on object 'Object Repository/DeleteMessage_OR/Page_Mattermost/input_All team communication in one place, _dcc84b'

2021-05-29 01:12:57 - [MESSAGE][PASSED] - Text 'ngoctin040999@gmail.com' is set on object 'Object Repository/DeleteMessage_OR/Page_Mattermost/input_All team communication in one place, _dcc84b'

2021-05-29 01:12:57 - [TEST_STEP][PASSED] - setEncryptedText(findTestObject("Object Repository/DeleteMessage_OR/Page_Mattermost/input_All team communication in one place, _a3edc6"), "S8w1SJvl7D1hts9IdMV+NQ=="): Text ****** has been set on object 'Object Repository/DeleteMessage_OR/Page_Mattermost/input_All team communication in one place, _a3edc6'

2021-05-29 01:12:58 - [MESSAGE][PASSED] - Text ****** has been set on object 'Object Repository/DeleteMessage_OR/Page_Mattermost/input_All team communication in one place, _a3edc6'

2021-05-29 01:12:58 - [TEST_STEP][PASSED] - sendKeys(findTestObject("Object Repository/DeleteMessage_OR/Page_Mattermost/input_All team communication in one place, _a3edc6"), Keys.chord(ENTER)): Keys 'ENTER + ' sent to object: 'Object Repository/DeleteMessage_OR/Page_Mattermost/input_All team communication in one place, _a3edc6'

2021-05-29 01:12:58 - [MESSAGE][PASSED] - Keys 'ENTER + ' sent to object: 'Object Repository/DeleteMessage_OR/Page_Mattermost/input_All team communication in one place, _a3edc6'

2021-05-29 01:12:58 - [TEST_STEP][PASSED] - click(findTestObject("Object Repository/DeleteMessage_OR/Page_Town Square - TOKEN_UPDATED Mattermost/span_Test 77777")): Object: 'Object Repository/DeleteMessage_OR/Page_Town Square - TOKEN_UPDATED Mattermost/span_Test 77777' is clicked on

2021-05-29 01:13:30 - [MESSAGE][INFO] - Unable to find the element located by 'By.xpath: //*[(text() = 'Test 77777' or . = 'Test 77777')]'. Please recheck the objects properties to make sure the desired element is located. 

2021-05-29 01:13:30 - [MESSAGE][WARNING] - [SELF-HEALING] Failed to find element with id 'Object Repository/DeleteMessage_OR/Page_Town Square - TOKEN_UPDATED Mattermost/span_Test 77777'. Try using Self-healing.

2021-05-29 01:13:30 - [MESSAGE][WARNING] - [SELF-HEALING] The current locator of test object 'Object Repository/DeleteMessage_OR/Page_Town Square - TOKEN_UPDATED Mattermost/span_Test 77777' was broken. Propose an alternative one: '(.//*[normalize-space(text()) and normalize-space(.)='Test 111223'])[1]/preceding::span[2]'.

2021-05-29 01:13:30 - [MESSAGE][PASSED] - Object: 'Object Repository/DeleteMessage_OR/Page_Town Square - TOKEN_UPDATED Mattermost/span_Test 77777' is clicked on

2021-05-29 01:13:30 - [TEST_STEP][PASSED] - if (findTestObject("Object Repository/DeleteMessage_OR/Page_Test 77777 - TOKEN_UPDATED Mattermost/div_ngoctin12345747 PM213154645") == null): null

2021-05-29 01:13:31 - [TEST_STEP][PASSED] - mouseOver(findTestObject("Object Repository/DeleteMessage_OR/Page_Test 77777 - TOKEN_UPDATED Mattermost/div_ngoctin12345747 PM213154645")): Object: 'Object Repository/DeleteMessage_OR/Page_Test 77777 - TOKEN_UPDATED Mattermost/div_ngoctin12345747 PM213154645' is hovered

2021-05-29 01:14:02 - [MESSAGE][INFO] - Unable to find the element located by 'By.xpath: '. Please recheck the objects properties to make sure the desired element is located. 

2021-05-29 01:14:02 - [MESSAGE][WARNING] - [SELF-HEALING] Failed to find element with id 'Object Repository/DeleteMessage_OR/Page_Test 77777 - TOKEN_UPDATED Mattermost/div_ngoctin12345747 PM213154645'. Try using Self-healing.

2021-05-29 01:14:02 - [MESSAGE][WARNING] - [SELF-HEALING] The current locator of test object 'Object Repository/DeleteMessage_OR/Page_Test 77777 - TOKEN_UPDATED Mattermost/div_ngoctin12345747 PM213154645' was broken. Propose an alternative one: '//div[@id='postListContent']/div/div[2]/div/div[11]/div/div'.

2021-05-29 01:14:03 - [MESSAGE][PASSED] - Object: 'Object Repository/DeleteMessage_OR/Page_Test 77777 - TOKEN_UPDATED Mattermost/div_ngoctin12345747 PM213154645' is hovered

2021-05-29 01:14:03 - [TEST_STEP][PASSED] - click(findTestObject("Object Repository/DeleteMessage_OR/Page_Test 77777 - TOKEN_UPDATED Mattermost/svg")): Object: 'Object Repository/DeleteMessage_OR/Page_Test 77777 - TOKEN_UPDATED Mattermost/svg' is clicked on

2021-05-29 01:14:05 - [MESSAGE][PASSED] - Object: 'Object Repository/DeleteMessage_OR/Page_Test 77777 - TOKEN_UPDATED Mattermost/svg' is clicked on

2021-05-29 01:14:05 - [TEST_STEP][PASSED] - click(findTestObject("Object Repository/DeleteMessage_OR/Page_Test 77777 - TOKEN_UPDATED Mattermost/span_Delete")): Object: 'Object Repository/DeleteMessage_OR/Page_Test 77777 - TOKEN_UPDATED Mattermost/span_Delete' is clicked on

2021-05-29 01:14:36 - [MESSAGE][INFO] - Unable to find the element located by 'By.xpath: //li[@id='delete_post_j9adojcpe7bapynfecxcco5cky']/button/span'. Please recheck the objects properties to make sure the desired element is located. 

2021-05-29 01:14:36 - [MESSAGE][WARNING] - [SELF-HEALING] Failed to find element with id 'Object Repository/DeleteMessage_OR/Page_Test 77777 - TOKEN_UPDATED Mattermost/span_Delete'. Try using Self-healing.

2021-05-29 01:14:36 - [MESSAGE][WARNING] - [SELF-HEALING] The current locator of test object 'Object Repository/DeleteMessage_OR/Page_Test 77777 - TOKEN_UPDATED Mattermost/span_Delete' was broken. Propose an alternative one: '(.//*[normalize-space(text()) and normalize-space(.)='ngoctin12345'])[6]/preceding::span[5]'.

2021-05-29 01:14:37 - [MESSAGE][PASSED] - Object: 'Object Repository/DeleteMessage_OR/Page_Test 77777 - TOKEN_UPDATED Mattermost/span_Delete' is clicked on

2021-05-29 01:14:37 - [TEST_STEP][PASSED] - if (findTestObject("Object Repository/DeleteMessage_OR/Page_Test 77777 - TOKEN_UPDATED Mattermost/span_Confirm Post Delete") == null): null

2021-05-29 01:14:37 - [TEST_STEP][FAILED] - verifyElementPresent(findTestObject("Object Repository/DeleteMessage_OR/Page_Test 77777 - TOKEN_UPDATED Mattermost/span_Confirm Post Delete"), 0): Unable to verify object 'Object Repository/DeleteMessage_OR/Page_Test 77777 - TOKEN_UPDATED Mattermost/span_Confirm Post Delete' is present (Root cause: com.kms.katalon.core.exception.StepFailedException: Unable to verify object 'Object Repository/DeleteMessage_OR/Page_Test 77777 - TOKEN_UPDATED Mattermost/span_Confirm Post Delete' is present
	at com.kms.katalon.core.webui.keyword.internal.WebUIKeywordMain.stepFailed(WebUIKeywordMain.groovy:64)
	at com.kms.katalon.core.webui.keyword.internal.WebUIKeywordMain.runKeyword(WebUIKeywordMain.groovy:26)
	at com.kms.katalon.core.webui.keyword.builtin.VerifyElementPresentKeyword.verifyElementPresent(VerifyElementPresentKeyword.groovy:92)
	at com.kms.katalon.core.webui.keyword.builtin.VerifyElementPresentKeyword.execute(VerifyElementPresentKeyword.groovy:68)
	at com.kms.katalon.core.keyword.internal.KeywordExecutor.executeKeywordForPlatform(KeywordExecutor.groovy:73)
	at com.kms.katalon.core.webui.keyword.WebUiBuiltInKeywords.verifyElementPresent(WebUiBuiltInKeywords.groovy:1463)
	at com.kms.katalon.core.webui.keyword.WebUiBuiltInKeywords$verifyElementPresent$6.call(Unknown Source)
	at DeleteMessage.run(DeleteMessage:48)
	at com.kms.katalon.core.main.ScriptEngine.run(ScriptEngine.java:194)
	at com.kms.katalon.core.main.ScriptEngine.runScriptAsRawText(ScriptEngine.java:119)
	at com.kms.katalon.core.main.TestCaseExecutor.runScript(TestCaseExecutor.java:398)
	at com.kms.katalon.core.main.TestCaseExecutor.doExecute(TestCaseExecutor.java:389)
	at com.kms.katalon.core.main.TestCaseExecutor.processExecutionPhase(TestCaseExecutor.java:368)
	at com.kms.katalon.core.main.TestCaseExecutor.accessMainPhase(TestCaseExecutor.java:360)
	at com.kms.katalon.core.main.TestCaseExecutor.execute(TestCaseExecutor.java:255)
	at com.kms.katalon.core.main.TestSuiteExecutor.accessTestCaseMainPhase(TestSuiteExecutor.java:203)
	at com.kms.katalon.core.main.TestSuiteExecutor.accessTestSuiteMainPhase(TestSuiteExecutor.java:152)
	at com.kms.katalon.core.main.TestSuiteExecutor.execute(TestSuiteExecutor.java:95)
	at com.kms.katalon.core.main.TestCaseMain.startTestSuite(TestCaseMain.java:157)
	at com.kms.katalon.core.main.TestCaseMain$startTestSuite$0.call(Unknown Source)
	at TempTestSuite1622224263190.run(TempTestSuite1622224263190.groovy:39)
Caused by: com.kms.katalon.core.exception.StepFailedException: com.kms.katalon.core.webui.exception.WebElementNotFoundException: Web element with id: 'Object Repository/DeleteMessage_OR/Page_Test 77777 - TOKEN_UPDATED Mattermost/span_Confirm Post Delete' located by '//h1[@id='deletePostModalLabel']/span' not found
	at com.kms.katalon.core.webui.keyword.internal.WebUIKeywordMain.stepFailed(WebUIKeywordMain.groovy:64)
	at com.kms.katalon.core.webui.keyword.builtin.VerifyElementPresentKeyword$_verifyElementPresent_closure1.doCall(VerifyElementPresentKeyword.groovy:85)
	at com.kms.katalon.core.webui.keyword.builtin.VerifyElementPresentKeyword$_verifyElementPresent_closure1.call(VerifyElementPresentKeyword.groovy)
	at com.kms.katalon.core.webui.keyword.internal.WebUIKeywordMain.runKeyword(WebUIKeywordMain.groovy:20)
	... 19 more
)

2021-05-29 01:14:37 - [MESSAGE][WARNING] - Timeout '0' is invalid. Using default page load timeout: '30'

2021-05-29 01:15:09 - [MESSAGE][INFO] - Unable to find the element located by 'By.xpath: //h1[@id='deletePostModalLabel']/span'. Please recheck the objects properties to make sure the desired element is located. 

2021-05-29 01:15:09 - [MESSAGE][FAILED] - com.kms.katalon.core.webui.exception.WebElementNotFoundException: Web element with id: 'Object Repository/DeleteMessage_OR/Page_Test 77777 - TOKEN_UPDATED Mattermost/span_Confirm Post Delete' located by '//h1[@id='deletePostModalLabel']/span' not found (Root cause: com.kms.katalon.core.exception.StepFailedException: com.kms.katalon.core.webui.exception.WebElementNotFoundException: Web element with id: 'Object Repository/DeleteMessage_OR/Page_Test 77777 - TOKEN_UPDATED Mattermost/span_Confirm Post Delete' located by '//h1[@id='deletePostModalLabel']/span' not found
	at com.kms.katalon.core.webui.keyword.internal.WebUIKeywordMain.stepFailed(WebUIKeywordMain.groovy:64)
	at com.kms.katalon.core.webui.keyword.builtin.VerifyElementPresentKeyword$_verifyElementPresent_closure1.doCall(VerifyElementPresentKeyword.groovy:85)
	at com.kms.katalon.core.webui.keyword.builtin.VerifyElementPresentKeyword$_verifyElementPresent_closure1.call(VerifyElementPresentKeyword.groovy)
	at com.kms.katalon.core.webui.keyword.internal.WebUIKeywordMain.runKeyword(WebUIKeywordMain.groovy:20)
	at com.kms.katalon.core.webui.keyword.builtin.VerifyElementPresentKeyword.verifyElementPresent(VerifyElementPresentKeyword.groovy:92)
	at com.kms.katalon.core.webui.keyword.builtin.VerifyElementPresentKeyword.execute(VerifyElementPresentKeyword.groovy:68)
	at com.kms.katalon.core.keyword.internal.KeywordExecutor.executeKeywordForPlatform(KeywordExecutor.groovy:73)
	at com.kms.katalon.core.webui.keyword.WebUiBuiltInKeywords.verifyElementPresent(WebUiBuiltInKeywords.groovy:1463)
	at com.kms.katalon.core.webui.keyword.WebUiBuiltInKeywords$verifyElementPresent$6.call(Unknown Source)
	at DeleteMessage.run(DeleteMessage:48)
	at com.kms.katalon.core.main.ScriptEngine.run(ScriptEngine.java:194)
	at com.kms.katalon.core.main.ScriptEngine.runScriptAsRawText(ScriptEngine.java:119)
	at com.kms.katalon.core.main.TestCaseExecutor.runScript(TestCaseExecutor.java:398)
	at com.kms.katalon.core.main.TestCaseExecutor.doExecute(TestCaseExecutor.java:389)
	at com.kms.katalon.core.main.TestCaseExecutor.processExecutionPhase(TestCaseExecutor.java:368)
	at com.kms.katalon.core.main.TestCaseExecutor.accessMainPhase(TestCaseExecutor.java:360)
	at com.kms.katalon.core.main.TestCaseExecutor.execute(TestCaseExecutor.java:255)
	at com.kms.katalon.core.main.TestSuiteExecutor.accessTestCaseMainPhase(TestSuiteExecutor.java:203)
	at com.kms.katalon.core.main.TestSuiteExecutor.accessTestSuiteMainPhase(TestSuiteExecutor.java:152)
	at com.kms.katalon.core.main.TestSuiteExecutor.execute(TestSuiteExecutor.java:95)
	at com.kms.katalon.core.main.TestCaseMain.startTestSuite(TestCaseMain.java:157)
	at com.kms.katalon.core.main.TestCaseMain$startTestSuite$0.call(Unknown Source)
	at TempTestSuite1622224263190.run(TempTestSuite1622224263190.groovy:39)
)
[[ATTACHMENT|C:\\Users\\tanth\\git\\katalon\\Reports\\20210529_005103\\Run all test cases\\20210529_005103\\1622225709098.png]]

2021-05-29 01:15:09 - [MESSAGE][FAILED] - Unable to verify object 'Object Repository/DeleteMessage_OR/Page_Test 77777 - TOKEN_UPDATED Mattermost/span_Confirm Post Delete' is present (Root cause: com.kms.katalon.core.exception.StepFailedException: Unable to verify object 'Object Repository/DeleteMessage_OR/Page_Test 77777 - TOKEN_UPDATED Mattermost/span_Confirm Post Delete' is present
	at com.kms.katalon.core.webui.keyword.internal.WebUIKeywordMain.stepFailed(WebUIKeywordMain.groovy:64)
	at com.kms.katalon.core.webui.keyword.internal.WebUIKeywordMain.runKeyword(WebUIKeywordMain.groovy:26)
	at com.kms.katalon.core.webui.keyword.builtin.VerifyElementPresentKeyword.verifyElementPresent(VerifyElementPresentKeyword.groovy:92)
	at com.kms.katalon.core.webui.keyword.builtin.VerifyElementPresentKeyword.execute(VerifyElementPresentKeyword.groovy:68)
	at com.kms.katalon.core.keyword.internal.KeywordExecutor.executeKeywordForPlatform(KeywordExecutor.groovy:73)
	at com.kms.katalon.core.webui.keyword.WebUiBuiltInKeywords.verifyElementPresent(WebUiBuiltInKeywords.groovy:1463)
	at com.kms.katalon.core.webui.keyword.WebUiBuiltInKeywords$verifyElementPresent$6.call(Unknown Source)
	at DeleteMessage.run(DeleteMessage:48)
	at com.kms.katalon.core.main.ScriptEngine.run(ScriptEngine.java:194)
	at com.kms.katalon.core.main.ScriptEngine.runScriptAsRawText(ScriptEngine.java:119)
	at com.kms.katalon.core.main.TestCaseExecutor.runScript(TestCaseExecutor.java:398)
	at com.kms.katalon.core.main.TestCaseExecutor.doExecute(TestCaseExecutor.java:389)
	at com.kms.katalon.core.main.TestCaseExecutor.processExecutionPhase(TestCaseExecutor.java:368)
	at com.kms.katalon.core.main.TestCaseExecutor.accessMainPhase(TestCaseExecutor.java:360)
	at com.kms.katalon.core.main.TestCaseExecutor.execute(TestCaseExecutor.java:255)
	at com.kms.katalon.core.main.TestSuiteExecutor.accessTestCaseMainPhase(TestSuiteExecutor.java:203)
	at com.kms.katalon.core.main.TestSuiteExecutor.accessTestSuiteMainPhase(TestSuiteExecutor.java:152)
	at com.kms.katalon.core.main.TestSuiteExecutor.execute(TestSuiteExecutor.java:95)
	at com.kms.katalon.core.main.TestCaseMain.startTestSuite(TestCaseMain.java:157)
	at com.kms.katalon.core.main.TestCaseMain$startTestSuite$0.call(Unknown Source)
	at TempTestSuite1622224263190.run(TempTestSuite1622224263190.groovy:39)
Caused by: com.kms.katalon.core.exception.StepFailedException: com.kms.katalon.core.webui.exception.WebElementNotFoundException: Web element with id: 'Object Repository/DeleteMessage_OR/Page_Test 77777 - TOKEN_UPDATED Mattermost/span_Confirm Post Delete' located by '//h1[@id='deletePostModalLabel']/span' not found
	at com.kms.katalon.core.webui.keyword.internal.WebUIKeywordMain.stepFailed(WebUIKeywordMain.groovy:64)
	at com.kms.katalon.core.webui.keyword.builtin.VerifyElementPresentKeyword$_verifyElementPresent_closure1.doCall(VerifyElementPresentKeyword.groovy:85)
	at com.kms.katalon.core.webui.keyword.builtin.VerifyElementPresentKeyword$_verifyElementPresent_closure1.call(VerifyElementPresentKeyword.groovy)
	at com.kms.katalon.core.webui.keyword.internal.WebUIKeywordMain.runKeyword(WebUIKeywordMain.groovy:20)
	... 19 more
)
[[ATTACHMENT|C:\\Users\\tanth\\git\\katalon\\Reports\\20210529_005103\\Run all test cases\\20210529_005103\\1622225709271.png]]]]></system-out>
         <system-err><![CDATA[2021-05-29 01:12:46 - [TEST_CASE][FAILED] - Test Cases/DeleteMessage: Test Cases/DeleteMessage FAILED.
Reason:
com.kms.katalon.core.exception.StepFailedException: Unable to verify object 'Object Repository/DeleteMessage_OR/Page_Test 77777 - TOKEN_UPDATED Mattermost/span_Confirm Post Delete' is present
	at com.kms.katalon.core.webui.keyword.internal.WebUIKeywordMain.stepFailed(WebUIKeywordMain.groovy:64)
	at com.kms.katalon.core.webui.keyword.internal.WebUIKeywordMain.runKeyword(WebUIKeywordMain.groovy:26)
	at com.kms.katalon.core.webui.keyword.builtin.VerifyElementPresentKeyword.verifyElementPresent(VerifyElementPresentKeyword.groovy:92)
	at com.kms.katalon.core.webui.keyword.builtin.VerifyElementPresentKeyword.execute(VerifyElementPresentKeyword.groovy:68)
	at com.kms.katalon.core.keyword.internal.KeywordExecutor.executeKeywordForPlatform(KeywordExecutor.groovy:73)
	at com.kms.katalon.core.webui.keyword.WebUiBuiltInKeywords.verifyElementPresent(WebUiBuiltInKeywords.groovy:1463)
	at com.kms.katalon.core.webui.keyword.WebUiBuiltInKeywords$verifyElementPresent$6.call(Unknown Source)
	at DeleteMessage.run(DeleteMessage:48)
	at com.kms.katalon.core.main.ScriptEngine.run(ScriptEngine.java:194)
	at com.kms.katalon.core.main.ScriptEngine.runScriptAsRawText(ScriptEngine.java:119)
	at com.kms.katalon.core.main.TestCaseExecutor.runScript(TestCaseExecutor.java:398)
	at com.kms.katalon.core.main.TestCaseExecutor.doExecute(TestCaseExecutor.java:389)
	at com.kms.katalon.core.main.TestCaseExecutor.processExecutionPhase(TestCaseExecutor.java:368)
	at com.kms.katalon.core.main.TestCaseExecutor.accessMainPhase(TestCaseExecutor.java:360)
	at com.kms.katalon.core.main.TestCaseExecutor.execute(TestCaseExecutor.java:255)
	at com.kms.katalon.core.main.TestSuiteExecutor.accessTestCaseMainPhase(TestSuiteExecutor.java:203)
	at com.kms.katalon.core.main.TestSuiteExecutor.accessTestSuiteMainPhase(TestSuiteExecutor.java:152)
	at com.kms.katalon.core.main.TestSuiteExecutor.execute(TestSuiteExecutor.java:95)
	at com.kms.katalon.core.main.TestCaseMain.startTestSuite(TestCaseMain.java:157)
	at com.kms.katalon.core.main.TestCaseMain$startTestSuite$0.call(Unknown Source)
	at TempTestSuite1622224263190.run(TempTestSuite1622224263190.groovy:39)
Caused by: com.kms.katalon.core.exception.StepFailedException: com.kms.katalon.core.webui.exception.WebElementNotFoundException: Web element with id: 'Object Repository/DeleteMessage_OR/Page_Test 77777 - TOKEN_UPDATED Mattermost/span_Confirm Post Delete' located by '//h1[@id='deletePostModalLabel']/span' not found
	at com.kms.katalon.core.webui.keyword.internal.WebUIKeywordMain.stepFailed(WebUIKeywordMain.groovy:64)
	at com.kms.katalon.core.webui.keyword.builtin.VerifyElementPresentKeyword$_verifyElementPresent_closure1.doCall(VerifyElementPresentKeyword.groovy:85)
	at com.kms.katalon.core.webui.keyword.builtin.VerifyElementPresentKeyword$_verifyElementPresent_closure1.call(VerifyElementPresentKeyword.groovy)
	at com.kms.katalon.core.webui.keyword.internal.WebUIKeywordMain.runKeyword(WebUIKeywordMain.groovy:20)
	... 19 more]]></system-err>
      </testcase>
      <testcase name="Test Cases/EditMessage" time="120.614" classname="Test Cases/EditMessage" status="FAILED">
         <failure type="FAILED" message="Test Cases/EditMessage FAILED.
Reason:
com.kms.katalon.core.exception.StepFailedException: Unable to click on object 'Object Repository/DeleteMessage_OR/Page_Test 77777 - TOKEN_UPDATED Mattermost/button_Edit'
	at com.kms.katalon.core.webui.keyword.internal.WebUIKeywordMain.stepFailed(WebUIKeywordMain.groovy:64)
	at com.kms.katalon.core.webui.keyword.internal.WebUIKeywordMain.runKeyword(WebUIKeywordMain.groovy:26)
	at com.kms.katalon.core.webui.keyword.builtin.ClickKeyword.click(ClickKeyword.groovy:75)
	at com.kms.katalon.core.webui.keyword.builtin.ClickKeyword.execute(ClickKeyword.groovy:42)
	at com.kms.katalon.core.keyword.internal.KeywordExecutor.executeKeywordForPlatform(KeywordExecutor.groovy:73)
	at com.kms.katalon.core.webui.keyword.WebUiBuiltInKeywords.click(WebUiBuiltInKeywords.groovy:619)
	at com.kms.katalon.core.webui.keyword.WebUiBuiltInKeywords$click$4.call(Unknown Source)
	at EditMessage.run(EditMessage:47)
	at com.kms.katalon.core.main.ScriptEngine.run(ScriptEngine.java:194)
	at com.kms.katalon.core.main.ScriptEngine.runScriptAsRawText(ScriptEngine.java:119)
	at com.kms.katalon.core.main.TestCaseExecutor.runScript(TestCaseExecutor.java:398)
	at com.kms.katalon.core.main.TestCaseExecutor.doExecute(TestCaseExecutor.java:389)
	at com.kms.katalon.core.main.TestCaseExecutor.processExecutionPhase(TestCaseExecutor.java:368)
	at com.kms.katalon.core.main.TestCaseExecutor.accessMainPhase(TestCaseExecutor.java:360)
	at com.kms.katalon.core.main.TestCaseExecutor.execute(TestCaseExecutor.java:255)
	at com.kms.katalon.core.main.TestSuiteExecutor.accessTestCaseMainPhase(TestSuiteExecutor.java:203)
	at com.kms.katalon.core.main.TestSuiteExecutor.accessTestSuiteMainPhase(TestSuiteExecutor.java:152)
	at com.kms.katalon.core.main.TestSuiteExecutor.execute(TestSuiteExecutor.java:95)
	at com.kms.katalon.core.main.TestCaseMain.startTestSuite(TestCaseMain.java:157)
	at com.kms.katalon.core.main.TestCaseMain$startTestSuite$0.call(Unknown Source)
	at TempTestSuite1622224263190.run(TempTestSuite1622224263190.groovy:39)
Caused by: com.kms.katalon.core.webui.exception.WebElementNotFoundException: Web element with id: 'Object Repository/DeleteMessage_OR/Page_Test 77777 - TOKEN_UPDATED Mattermost/button_Edit' located by '//li[@id='edit_post_947745rotinbff747yofifz5yo']/button' not found
	at com.kms.katalon.core.webui.common.WebUiCommonHelper.findWebElement(WebUiCommonHelper.java:1368)
	at com.kms.katalon.core.webui.keyword.internal.WebUIAbstractKeyword.findWebElement(WebUIAbstractKeyword.groovy:27)
	at com.kms.katalon.core.webui.keyword.internal.WebUIAbstractKeyword.findWebElement(WebUIAbstractKeyword.groovy:26)
	at com.kms.katalon.core.webui.keyword.builtin.ClickKeyword$_click_closure1.doCall(ClickKeyword.groovy:66)
	at com.kms.katalon.core.webui.keyword.builtin.ClickKeyword$_click_closure1.call(ClickKeyword.groovy)
	at com.kms.katalon.core.webui.keyword.internal.WebUIKeywordMain.runKeyword(WebUIKeywordMain.groovy:20)
	... 19 more
"/>
         <system-out><![CDATA[2021-05-29 01:15:09 - [TEST_CASE][FAILED] - Test Cases/EditMessage: Test Cases/EditMessage FAILED.
Reason:
com.kms.katalon.core.exception.StepFailedException: Unable to click on object 'Object Repository/DeleteMessage_OR/Page_Test 77777 - TOKEN_UPDATED Mattermost/button_Edit'
	at com.kms.katalon.core.webui.keyword.internal.WebUIKeywordMain.stepFailed(WebUIKeywordMain.groovy:64)
	at com.kms.katalon.core.webui.keyword.internal.WebUIKeywordMain.runKeyword(WebUIKeywordMain.groovy:26)
	at com.kms.katalon.core.webui.keyword.builtin.ClickKeyword.click(ClickKeyword.groovy:75)
	at com.kms.katalon.core.webui.keyword.builtin.ClickKeyword.execute(ClickKeyword.groovy:42)
	at com.kms.katalon.core.keyword.internal.KeywordExecutor.executeKeywordForPlatform(KeywordExecutor.groovy:73)
	at com.kms.katalon.core.webui.keyword.WebUiBuiltInKeywords.click(WebUiBuiltInKeywords.groovy:619)
	at com.kms.katalon.core.webui.keyword.WebUiBuiltInKeywords$click$4.call(Unknown Source)
	at EditMessage.run(EditMessage:47)
	at com.kms.katalon.core.main.ScriptEngine.run(ScriptEngine.java:194)
	at com.kms.katalon.core.main.ScriptEngine.runScriptAsRawText(ScriptEngine.java:119)
	at com.kms.katalon.core.main.TestCaseExecutor.runScript(TestCaseExecutor.java:398)
	at com.kms.katalon.core.main.TestCaseExecutor.doExecute(TestCaseExecutor.java:389)
	at com.kms.katalon.core.main.TestCaseExecutor.processExecutionPhase(TestCaseExecutor.java:368)
	at com.kms.katalon.core.main.TestCaseExecutor.accessMainPhase(TestCaseExecutor.java:360)
	at com.kms.katalon.core.main.TestCaseExecutor.execute(TestCaseExecutor.java:255)
	at com.kms.katalon.core.main.TestSuiteExecutor.accessTestCaseMainPhase(TestSuiteExecutor.java:203)
	at com.kms.katalon.core.main.TestSuiteExecutor.accessTestSuiteMainPhase(TestSuiteExecutor.java:152)
	at com.kms.katalon.core.main.TestSuiteExecutor.execute(TestSuiteExecutor.java:95)
	at com.kms.katalon.core.main.TestCaseMain.startTestSuite(TestCaseMain.java:157)
	at com.kms.katalon.core.main.TestCaseMain$startTestSuite$0.call(Unknown Source)
	at TempTestSuite1622224263190.run(TempTestSuite1622224263190.groovy:39)
Caused by: com.kms.katalon.core.webui.exception.WebElementNotFoundException: Web element with id: 'Object Repository/DeleteMessage_OR/Page_Test 77777 - TOKEN_UPDATED Mattermost/button_Edit' located by '//li[@id='edit_post_947745rotinbff747yofifz5yo']/button' not found
	at com.kms.katalon.core.webui.common.WebUiCommonHelper.findWebElement(WebUiCommonHelper.java:1368)
	at com.kms.katalon.core.webui.keyword.internal.WebUIAbstractKeyword.findWebElement(WebUIAbstractKeyword.groovy:27)
	at com.kms.katalon.core.webui.keyword.internal.WebUIAbstractKeyword.findWebElement(WebUIAbstractKeyword.groovy:26)
	at com.kms.katalon.core.webui.keyword.builtin.ClickKeyword$_click_closure1.doCall(ClickKeyword.groovy:66)
	at com.kms.katalon.core.webui.keyword.builtin.ClickKeyword$_click_closure1.call(ClickKeyword.groovy)
	at com.kms.katalon.core.webui.keyword.internal.WebUIKeywordMain.runKeyword(WebUIKeywordMain.groovy:20)
	... 19 more


2021-05-29 01:15:10 - [TEST_STEP][PASSED] - openBrowser(""): Browser is opened with url: ''

2021-05-29 01:15:10 - [MESSAGE][WARNING] - A browser is already opened. Closing browser and opening a new one

2021-05-29 01:15:11 - [MESSAGE][INFO] - Starting 'Chrome' driver

2021-05-29 01:15:11 - [MESSAGE][INFO] - Action delay is set to 0 milliseconds

2021-05-29 01:15:16 - [MESSAGE][PASSED] - Browser is opened with url: ''

2021-05-29 01:15:16 - [TEST_STEP][PASSED] - navigateToUrl("https://cdnc-group2.herokuapp.com/login"): Navigate to 'https://cdnc-group2.herokuapp.com/login' successfully

2021-05-29 01:15:20 - [MESSAGE][PASSED] - Navigate to 'https://cdnc-group2.herokuapp.com/login' successfully

2021-05-29 01:15:20 - [TEST_STEP][PASSED] - setText(findTestObject("Object Repository/DeleteMessage_OR/Page_Mattermost/input_All team communication in one place, _dcc84b"), "ngoctin040999@gmail.com"): Text 'ngoctin040999@gmail.com' is set on object 'Object Repository/DeleteMessage_OR/Page_Mattermost/input_All team communication in one place, _dcc84b'

2021-05-29 01:15:25 - [MESSAGE][PASSED] - Text 'ngoctin040999@gmail.com' is set on object 'Object Repository/DeleteMessage_OR/Page_Mattermost/input_All team communication in one place, _dcc84b'

2021-05-29 01:15:25 - [TEST_STEP][PASSED] - setEncryptedText(findTestObject("Object Repository/DeleteMessage_OR/Page_Mattermost/input_All team communication in one place, _a3edc6"), "S8w1SJvl7D1hts9IdMV+NQ=="): Text ****** has been set on object 'Object Repository/DeleteMessage_OR/Page_Mattermost/input_All team communication in one place, _a3edc6'

2021-05-29 01:15:26 - [MESSAGE][PASSED] - Text ****** has been set on object 'Object Repository/DeleteMessage_OR/Page_Mattermost/input_All team communication in one place, _a3edc6'

2021-05-29 01:15:26 - [TEST_STEP][PASSED] - sendKeys(findTestObject("Object Repository/DeleteMessage_OR/Page_Mattermost/input_All team communication in one place, _a3edc6"), Keys.chord(ENTER)): Keys 'ENTER + ' sent to object: 'Object Repository/DeleteMessage_OR/Page_Mattermost/input_All team communication in one place, _a3edc6'

2021-05-29 01:15:26 - [MESSAGE][PASSED] - Keys 'ENTER + ' sent to object: 'Object Repository/DeleteMessage_OR/Page_Mattermost/input_All team communication in one place, _a3edc6'

2021-05-29 01:15:26 - [TEST_STEP][PASSED] - click(findTestObject("Object Repository/DeleteMessage_OR/Page_Town Square - TOKEN_UPDATED Mattermost/span_Test 77777")): Object: 'Object Repository/DeleteMessage_OR/Page_Town Square - TOKEN_UPDATED Mattermost/span_Test 77777' is clicked on

2021-05-29 01:15:58 - [MESSAGE][INFO] - Unable to find the element located by 'By.xpath: //*[(text() = 'Test 77777' or . = 'Test 77777')]'. Please recheck the objects properties to make sure the desired element is located. 

2021-05-29 01:15:58 - [MESSAGE][WARNING] - [SELF-HEALING] Failed to find element with id 'Object Repository/DeleteMessage_OR/Page_Town Square - TOKEN_UPDATED Mattermost/span_Test 77777'. Try using Self-healing.

2021-05-29 01:15:58 - [MESSAGE][WARNING] - [SELF-HEALING] The current locator of test object 'Object Repository/DeleteMessage_OR/Page_Town Square - TOKEN_UPDATED Mattermost/span_Test 77777' was broken. Propose an alternative one: '(.//*[normalize-space(text()) and normalize-space(.)='Test 111223'])[1]/preceding::span[2]'.

2021-05-29 01:15:58 - [MESSAGE][PASSED] - Object: 'Object Repository/DeleteMessage_OR/Page_Town Square - TOKEN_UPDATED Mattermost/span_Test 77777' is clicked on

2021-05-29 01:15:58 - [TEST_STEP][PASSED] - mouseOver(findTestObject("Object Repository/DeleteMessage_OR/Page_Test 77777 - TOKEN_UPDATED Mattermost/div_ngoctin12345747 PM213154645")): Object: 'Object Repository/DeleteMessage_OR/Page_Test 77777 - TOKEN_UPDATED Mattermost/div_ngoctin12345747 PM213154645' is hovered

2021-05-29 01:16:30 - [MESSAGE][INFO] - Unable to find the element located by 'By.xpath: '. Please recheck the objects properties to make sure the desired element is located. 

2021-05-29 01:16:30 - [MESSAGE][WARNING] - [SELF-HEALING] Failed to find element with id 'Object Repository/DeleteMessage_OR/Page_Test 77777 - TOKEN_UPDATED Mattermost/div_ngoctin12345747 PM213154645'. Try using Self-healing.

2021-05-29 01:16:30 - [MESSAGE][WARNING] - [SELF-HEALING] The current locator of test object 'Object Repository/DeleteMessage_OR/Page_Test 77777 - TOKEN_UPDATED Mattermost/div_ngoctin12345747 PM213154645' was broken. Propose an alternative one: '//div[@id='postListContent']/div/div[2]/div/div[11]/div/div'.

2021-05-29 01:16:30 - [MESSAGE][PASSED] - Object: 'Object Repository/DeleteMessage_OR/Page_Test 77777 - TOKEN_UPDATED Mattermost/div_ngoctin12345747 PM213154645' is hovered

2021-05-29 01:16:30 - [TEST_STEP][PASSED] - click(findTestObject("Object Repository/DeleteMessage_OR/Page_Test 77777 - TOKEN_UPDATED Mattermost/svg")): Object: 'Object Repository/DeleteMessage_OR/Page_Test 77777 - TOKEN_UPDATED Mattermost/svg' is clicked on

2021-05-29 01:16:32 - [MESSAGE][PASSED] - Object: 'Object Repository/DeleteMessage_OR/Page_Test 77777 - TOKEN_UPDATED Mattermost/svg' is clicked on

2021-05-29 01:16:32 - [TEST_STEP][PASSED] - out.print(findTestObject("Object Repository/DeleteMessage_OR/Page_Test 77777 - TOKEN_UPDATED Mattermost/button_Edit")): null

2021-05-29 01:16:32 - [TEST_STEP][PASSED] - if (findTestObject("Object Repository/DeleteMessage_OR/Page_Test 77777 - TOKEN_UPDATED Mattermost/button_Edit") == null): null

2021-05-29 01:16:33 - [TEST_STEP][PASSED] - out.print(findTestObject("Object Repository/DeleteMessage_OR/Page_Test 77777 - TOKEN_UPDATED Mattermost/button_Edit")): null

2021-05-29 01:16:33 - [TEST_STEP][FAILED] - click(findTestObject("Object Repository/DeleteMessage_OR/Page_Test 77777 - TOKEN_UPDATED Mattermost/button_Edit")): Unable to click on object 'Object Repository/DeleteMessage_OR/Page_Test 77777 - TOKEN_UPDATED Mattermost/button_Edit' (Root cause: com.kms.katalon.core.exception.StepFailedException: Unable to click on object 'Object Repository/DeleteMessage_OR/Page_Test 77777 - TOKEN_UPDATED Mattermost/button_Edit'
	at com.kms.katalon.core.webui.keyword.internal.WebUIKeywordMain.stepFailed(WebUIKeywordMain.groovy:64)
	at com.kms.katalon.core.webui.keyword.internal.WebUIKeywordMain.runKeyword(WebUIKeywordMain.groovy:26)
	at com.kms.katalon.core.webui.keyword.builtin.ClickKeyword.click(ClickKeyword.groovy:75)
	at com.kms.katalon.core.webui.keyword.builtin.ClickKeyword.execute(ClickKeyword.groovy:42)
	at com.kms.katalon.core.keyword.internal.KeywordExecutor.executeKeywordForPlatform(KeywordExecutor.groovy:73)
	at com.kms.katalon.core.webui.keyword.WebUiBuiltInKeywords.click(WebUiBuiltInKeywords.groovy:619)
	at com.kms.katalon.core.webui.keyword.WebUiBuiltInKeywords$click$4.call(Unknown Source)
	at EditMessage.run(EditMessage:47)
	at com.kms.katalon.core.main.ScriptEngine.run(ScriptEngine.java:194)
	at com.kms.katalon.core.main.ScriptEngine.runScriptAsRawText(ScriptEngine.java:119)
	at com.kms.katalon.core.main.TestCaseExecutor.runScript(TestCaseExecutor.java:398)
	at com.kms.katalon.core.main.TestCaseExecutor.doExecute(TestCaseExecutor.java:389)
	at com.kms.katalon.core.main.TestCaseExecutor.processExecutionPhase(TestCaseExecutor.java:368)
	at com.kms.katalon.core.main.TestCaseExecutor.accessMainPhase(TestCaseExecutor.java:360)
	at com.kms.katalon.core.main.TestCaseExecutor.execute(TestCaseExecutor.java:255)
	at com.kms.katalon.core.main.TestSuiteExecutor.accessTestCaseMainPhase(TestSuiteExecutor.java:203)
	at com.kms.katalon.core.main.TestSuiteExecutor.accessTestSuiteMainPhase(TestSuiteExecutor.java:152)
	at com.kms.katalon.core.main.TestSuiteExecutor.execute(TestSuiteExecutor.java:95)
	at com.kms.katalon.core.main.TestCaseMain.startTestSuite(TestCaseMain.java:157)
	at com.kms.katalon.core.main.TestCaseMain$startTestSuite$0.call(Unknown Source)
	at TempTestSuite1622224263190.run(TempTestSuite1622224263190.groovy:39)
Caused by: com.kms.katalon.core.webui.exception.WebElementNotFoundException: Web element with id: 'Object Repository/DeleteMessage_OR/Page_Test 77777 - TOKEN_UPDATED Mattermost/button_Edit' located by '//li[@id='edit_post_947745rotinbff747yofifz5yo']/button' not found
	at com.kms.katalon.core.webui.common.WebUiCommonHelper.findWebElement(WebUiCommonHelper.java:1368)
	at com.kms.katalon.core.webui.keyword.internal.WebUIAbstractKeyword.findWebElement(WebUIAbstractKeyword.groovy:27)
	at com.kms.katalon.core.webui.keyword.internal.WebUIAbstractKeyword.findWebElement(WebUIAbstractKeyword.groovy:26)
	at com.kms.katalon.core.webui.keyword.builtin.ClickKeyword$_click_closure1.doCall(ClickKeyword.groovy:66)
	at com.kms.katalon.core.webui.keyword.builtin.ClickKeyword$_click_closure1.call(ClickKeyword.groovy)
	at com.kms.katalon.core.webui.keyword.internal.WebUIKeywordMain.runKeyword(WebUIKeywordMain.groovy:20)
	at com.kms.katalon.core.webui.keyword.builtin.ClickKeyword.click(ClickKeyword.groovy:75)
	at com.kms.katalon.core.webui.keyword.builtin.ClickKeyword.execute(ClickKeyword.groovy:42)
	at com.kms.katalon.core.keyword.internal.KeywordExecutor.executeKeywordForPlatform(KeywordExecutor.groovy:73)
	at com.kms.katalon.core.webui.keyword.WebUiBuiltInKeywords.click(WebUiBuiltInKeywords.groovy:619)
	at com.kms.katalon.core.webui.keyword.WebUiBuiltInKeywords$click$4.call(Unknown Source)
	at Script1621732216036.run(Script1621732216036.groovy:47)
	... 13 more
)

2021-05-29 01:17:04 - [MESSAGE][INFO] - Unable to find the element located by 'By.xpath: //li[@id='edit_post_947745rotinbff747yofifz5yo']/button'. Please recheck the objects properties to make sure the desired element is located. 

2021-05-29 01:17:04 - [MESSAGE][WARNING] - [SELF-HEALING] Failed to find element with id 'Object Repository/DeleteMessage_OR/Page_Test 77777 - TOKEN_UPDATED Mattermost/button_Edit'. Try using Self-healing.

2021-05-29 01:17:05 - [MESSAGE][INFO] - Unable to find the element located by 'By.xpath: (.//*[normalize-space(text()) and normalize-space(.)='Pin to Channel'])[1]/following::button[1]'. Please recheck the objects properties to make sure the desired element is located. 

2021-05-29 01:17:06 - [MESSAGE][INFO] - [SELF-HEALING] Failed Locator: '//li[@id='edit_post_947745rotinbff747yofifz5yo']/button'.

2021-05-29 01:17:06 - [MESSAGE][INFO] - [SELF-HEALING] Failed Locator: '(.//*[normalize-space(text()) and normalize-space(.)='Pin to Channel'])[1]/following::button[1]'.

2021-05-29 01:17:06 - [MESSAGE][INFO] - [SELF-HEALING] Failed Locator: '(.//*[normalize-space(text()) and normalize-space(.)='Copy Link'])[1]/following::button[2]'.

2021-05-29 01:17:07 - [MESSAGE][INFO] - [SELF-HEALING] Failed Locator: '(.//*[normalize-space(text()) and normalize-space(.)='Delete'])[1]/preceding::button[1]'.

2021-05-29 01:17:07 - [MESSAGE][INFO] - [SELF-HEALING] Failed Locator: '//li[6]/button'.

2021-05-29 01:17:08 - [MESSAGE][INFO] - Unable to find the element located by 'By.xpath: //*[(text() = 'Edit' or . = 'Edit')]'. Please recheck the objects properties to make sure the desired element is located. 

2021-05-29 01:17:09 - [MESSAGE][INFO] - Unable to find the element located by 'By.cssSelector: #edit_post_947745rotinbff747yofifz5yo > button.style--none'. Please recheck the objects properties to make sure the desired element is located. 

2021-05-29 01:17:10 - [MESSAGE][FAILED] - Unable to click on object 'Object Repository/DeleteMessage_OR/Page_Test 77777 - TOKEN_UPDATED Mattermost/button_Edit' (Root cause: com.kms.katalon.core.exception.StepFailedException: Unable to click on object 'Object Repository/DeleteMessage_OR/Page_Test 77777 - TOKEN_UPDATED Mattermost/button_Edit'
	at com.kms.katalon.core.webui.keyword.internal.WebUIKeywordMain.stepFailed(WebUIKeywordMain.groovy:64)
	at com.kms.katalon.core.webui.keyword.internal.WebUIKeywordMain.runKeyword(WebUIKeywordMain.groovy:26)
	at com.kms.katalon.core.webui.keyword.builtin.ClickKeyword.click(ClickKeyword.groovy:75)
	at com.kms.katalon.core.webui.keyword.builtin.ClickKeyword.execute(ClickKeyword.groovy:42)
	at com.kms.katalon.core.keyword.internal.KeywordExecutor.executeKeywordForPlatform(KeywordExecutor.groovy:73)
	at com.kms.katalon.core.webui.keyword.WebUiBuiltInKeywords.click(WebUiBuiltInKeywords.groovy:619)
	at com.kms.katalon.core.webui.keyword.WebUiBuiltInKeywords$click$4.call(Unknown Source)
	at EditMessage.run(EditMessage:47)
	at com.kms.katalon.core.main.ScriptEngine.run(ScriptEngine.java:194)
	at com.kms.katalon.core.main.ScriptEngine.runScriptAsRawText(ScriptEngine.java:119)
	at com.kms.katalon.core.main.TestCaseExecutor.runScript(TestCaseExecutor.java:398)
	at com.kms.katalon.core.main.TestCaseExecutor.doExecute(TestCaseExecutor.java:389)
	at com.kms.katalon.core.main.TestCaseExecutor.processExecutionPhase(TestCaseExecutor.java:368)
	at com.kms.katalon.core.main.TestCaseExecutor.accessMainPhase(TestCaseExecutor.java:360)
	at com.kms.katalon.core.main.TestCaseExecutor.execute(TestCaseExecutor.java:255)
	at com.kms.katalon.core.main.TestSuiteExecutor.accessTestCaseMainPhase(TestSuiteExecutor.java:203)
	at com.kms.katalon.core.main.TestSuiteExecutor.accessTestSuiteMainPhase(TestSuiteExecutor.java:152)
	at com.kms.katalon.core.main.TestSuiteExecutor.execute(TestSuiteExecutor.java:95)
	at com.kms.katalon.core.main.TestCaseMain.startTestSuite(TestCaseMain.java:157)
	at com.kms.katalon.core.main.TestCaseMain$startTestSuite$0.call(Unknown Source)
	at TempTestSuite1622224263190.run(TempTestSuite1622224263190.groovy:39)
Caused by: com.kms.katalon.core.webui.exception.WebElementNotFoundException: Web element with id: 'Object Repository/DeleteMessage_OR/Page_Test 77777 - TOKEN_UPDATED Mattermost/button_Edit' located by '//li[@id='edit_post_947745rotinbff747yofifz5yo']/button' not found
	at com.kms.katalon.core.webui.common.WebUiCommonHelper.findWebElement(WebUiCommonHelper.java:1368)
	at com.kms.katalon.core.webui.keyword.internal.WebUIAbstractKeyword.findWebElement(WebUIAbstractKeyword.groovy:27)
	at com.kms.katalon.core.webui.keyword.internal.WebUIAbstractKeyword.findWebElement(WebUIAbstractKeyword.groovy:26)
	at com.kms.katalon.core.webui.keyword.builtin.ClickKeyword$_click_closure1.doCall(ClickKeyword.groovy:66)
	at com.kms.katalon.core.webui.keyword.builtin.ClickKeyword$_click_closure1.call(ClickKeyword.groovy)
	at com.kms.katalon.core.webui.keyword.internal.WebUIKeywordMain.runKeyword(WebUIKeywordMain.groovy:20)
	at com.kms.katalon.core.webui.keyword.builtin.ClickKeyword.click(ClickKeyword.groovy:75)
	at com.kms.katalon.core.webui.keyword.builtin.ClickKeyword.execute(ClickKeyword.groovy:42)
	at com.kms.katalon.core.keyword.internal.KeywordExecutor.executeKeywordForPlatform(KeywordExecutor.groovy:73)
	at com.kms.katalon.core.webui.keyword.WebUiBuiltInKeywords.click(WebUiBuiltInKeywords.groovy:619)
	at com.kms.katalon.core.webui.keyword.WebUiBuiltInKeywords$click$4.call(Unknown Source)
	at Script1621732216036.run(Script1621732216036.groovy:47)
	... 13 more
)
[[ATTACHMENT|C:\\Users\\tanth\\git\\katalon\\Reports\\20210529_005103\\Run all test cases\\20210529_005103\\1622225829869.png]]]]></system-out>
         <system-err><![CDATA[2021-05-29 01:15:09 - [TEST_CASE][FAILED] - Test Cases/EditMessage: Test Cases/EditMessage FAILED.
Reason:
com.kms.katalon.core.exception.StepFailedException: Unable to click on object 'Object Repository/DeleteMessage_OR/Page_Test 77777 - TOKEN_UPDATED Mattermost/button_Edit'
	at com.kms.katalon.core.webui.keyword.internal.WebUIKeywordMain.stepFailed(WebUIKeywordMain.groovy:64)
	at com.kms.katalon.core.webui.keyword.internal.WebUIKeywordMain.runKeyword(WebUIKeywordMain.groovy:26)
	at com.kms.katalon.core.webui.keyword.builtin.ClickKeyword.click(ClickKeyword.groovy:75)
	at com.kms.katalon.core.webui.keyword.builtin.ClickKeyword.execute(ClickKeyword.groovy:42)
	at com.kms.katalon.core.keyword.internal.KeywordExecutor.executeKeywordForPlatform(KeywordExecutor.groovy:73)
	at com.kms.katalon.core.webui.keyword.WebUiBuiltInKeywords.click(WebUiBuiltInKeywords.groovy:619)
	at com.kms.katalon.core.webui.keyword.WebUiBuiltInKeywords$click$4.call(Unknown Source)
	at EditMessage.run(EditMessage:47)
	at com.kms.katalon.core.main.ScriptEngine.run(ScriptEngine.java:194)
	at com.kms.katalon.core.main.ScriptEngine.runScriptAsRawText(ScriptEngine.java:119)
	at com.kms.katalon.core.main.TestCaseExecutor.runScript(TestCaseExecutor.java:398)
	at com.kms.katalon.core.main.TestCaseExecutor.doExecute(TestCaseExecutor.java:389)
	at com.kms.katalon.core.main.TestCaseExecutor.processExecutionPhase(TestCaseExecutor.java:368)
	at com.kms.katalon.core.main.TestCaseExecutor.accessMainPhase(TestCaseExecutor.java:360)
	at com.kms.katalon.core.main.TestCaseExecutor.execute(TestCaseExecutor.java:255)
	at com.kms.katalon.core.main.TestSuiteExecutor.accessTestCaseMainPhase(TestSuiteExecutor.java:203)
	at com.kms.katalon.core.main.TestSuiteExecutor.accessTestSuiteMainPhase(TestSuiteExecutor.java:152)
	at com.kms.katalon.core.main.TestSuiteExecutor.execute(TestSuiteExecutor.java:95)
	at com.kms.katalon.core.main.TestCaseMain.startTestSuite(TestCaseMain.java:157)
	at com.kms.katalon.core.main.TestCaseMain$startTestSuite$0.call(Unknown Source)
	at TempTestSuite1622224263190.run(TempTestSuite1622224263190.groovy:39)
Caused by: com.kms.katalon.core.webui.exception.WebElementNotFoundException: Web element with id: 'Object Repository/DeleteMessage_OR/Page_Test 77777 - TOKEN_UPDATED Mattermost/button_Edit' located by '//li[@id='edit_post_947745rotinbff747yofifz5yo']/button' not found
	at com.kms.katalon.core.webui.common.WebUiCommonHelper.findWebElement(WebUiCommonHelper.java:1368)
	at com.kms.katalon.core.webui.keyword.internal.WebUIAbstractKeyword.findWebElement(WebUIAbstractKeyword.groovy:27)
	at com.kms.katalon.core.webui.keyword.internal.WebUIAbstractKeyword.findWebElement(WebUIAbstractKeyword.groovy:26)
	at com.kms.katalon.core.webui.keyword.builtin.ClickKeyword$_click_closure1.doCall(ClickKeyword.groovy:66)
	at com.kms.katalon.core.webui.keyword.builtin.ClickKeyword$_click_closure1.call(ClickKeyword.groovy)
	at com.kms.katalon.core.webui.keyword.internal.WebUIKeywordMain.runKeyword(WebUIKeywordMain.groovy:20)
	... 19 more]]></system-err>
      </testcase>
      <testcase name="Test Cases/Logout" time="26.16" classname="Test Cases/Logout" status="PASSED">
         <system-out><![CDATA[2021-05-29 01:17:10 - [TEST_CASE][PASSED] - Test Cases/Logout: Test Cases/Logout

2021-05-29 01:17:10 - [TEST_STEP][PASSED] - openBrowser("https://cdnc-group2.herokuapp.com/"): Browser is opened with url: 'https://cdnc-group2.herokuapp.com/'

2021-05-29 01:17:11 - [MESSAGE][WARNING] - A browser is already opened. Closing browser and opening a new one

2021-05-29 01:17:12 - [MESSAGE][INFO] - Starting 'Chrome' driver

2021-05-29 01:17:12 - [MESSAGE][INFO] - Action delay is set to 0 milliseconds

2021-05-29 01:17:17 - [MESSAGE][PASSED] - Browser is opened with url: 'https://cdnc-group2.herokuapp.com/'

2021-05-29 01:17:17 - [TEST_STEP][PASSED] - setText(findTestObject("Login/input_Email"), "ngoctin040999@gmail.com"): Text 'ngoctin040999@gmail.com' is set on object 'Object Repository/Login/input_Email'

2021-05-29 01:17:23 - [MESSAGE][PASSED] - Text 'ngoctin040999@gmail.com' is set on object 'Object Repository/Login/input_Email'

2021-05-29 01:17:23 - [TEST_STEP][PASSED] - setText(findTestObject("Login/input_Password"), "ngoctin1"): Text 'ngoctin1' is set on object 'Object Repository/Login/input_Password'

2021-05-29 01:17:24 - [MESSAGE][PASSED] - Text 'ngoctin1' is set on object 'Object Repository/Login/input_Password'

2021-05-29 01:17:24 - [TEST_STEP][PASSED] - click(findTestObject("Login/button_Sign in")): Object: 'Object Repository/Login/button_Sign in' is clicked on

2021-05-29 01:17:25 - [MESSAGE][PASSED] - Object: 'Object Repository/Login/button_Sign in' is clicked on

2021-05-29 01:17:25 - [TEST_STEP][PASSED] - delay(2): Delayed 2 second(s)

2021-05-29 01:17:27 - [MESSAGE][PASSED] - Delayed 2 second(s)

2021-05-29 01:17:27 - [TEST_STEP][PASSED] - click(findTestObject("UpdatePassword/button_Option")): Object: 'Object Repository/UpdatePassword/button_Option' is clicked on

2021-05-29 01:17:30 - [MESSAGE][PASSED] - Object: 'Object Repository/UpdatePassword/button_Option' is clicked on

2021-05-29 01:17:30 - [TEST_STEP][PASSED] - click(findTestObject("Logout/button_Log Out")): Object: 'Object Repository/Logout/button_Log Out' is clicked on

2021-05-29 01:17:31 - [MESSAGE][PASSED] - Object: 'Object Repository/Logout/button_Log Out' is clicked on

2021-05-29 01:17:31 - [TEST_STEP][PASSED] - verifyElementVisible(findTestObject("Register/h1_Mattermost")): Object 'Object Repository/Register/h1_Mattermost' is visible

2021-05-29 01:17:34 - [MESSAGE][PASSED] - Object 'Object Repository/Register/h1_Mattermost' is visible

2021-05-29 01:17:34 - [TEST_STEP][PASSED] - delay(1): Delayed 1 second(s)

2021-05-29 01:17:35 - [MESSAGE][PASSED] - Delayed 1 second(s)

2021-05-29 01:17:35 - [TEST_STEP][PASSED] - closeBrowser(): Browser is closed

2021-05-29 01:17:36 - [MESSAGE][PASSED] - Browser is closed]]></system-out>
         <system-err><![CDATA[]]></system-err>
      </testcase>
      <testcase name="Test Cases/PinMessage" time="117.364" classname="Test Cases/PinMessage" status="FAILED">
         <failure type="FAILED" message="Test Cases/PinMessage FAILED.
Reason:
com.kms.katalon.core.exception.StepFailedException: Unable to click on object 'Object Repository/DeleteMessage_OR/Page_Test 77777 - TOKEN_UPDATED Mattermost/button_Pin to Channel'
	at com.kms.katalon.core.webui.keyword.internal.WebUIKeywordMain.stepFailed(WebUIKeywordMain.groovy:64)
	at com.kms.katalon.core.webui.keyword.internal.WebUIKeywordMain.runKeyword(WebUIKeywordMain.groovy:26)
	at com.kms.katalon.core.webui.keyword.builtin.ClickKeyword.click(ClickKeyword.groovy:75)
	at com.kms.katalon.core.webui.keyword.builtin.ClickKeyword.execute(ClickKeyword.groovy:42)
	at com.kms.katalon.core.keyword.internal.KeywordExecutor.executeKeywordForPlatform(KeywordExecutor.groovy:73)
	at com.kms.katalon.core.webui.keyword.WebUiBuiltInKeywords.click(WebUiBuiltInKeywords.groovy:619)
	at com.kms.katalon.core.webui.keyword.WebUiBuiltInKeywords$click$4.call(Unknown Source)
	at PinMessage.run(PinMessage:39)
	at com.kms.katalon.core.main.ScriptEngine.run(ScriptEngine.java:194)
	at com.kms.katalon.core.main.ScriptEngine.runScriptAsRawText(ScriptEngine.java:119)
	at com.kms.katalon.core.main.TestCaseExecutor.runScript(TestCaseExecutor.java:398)
	at com.kms.katalon.core.main.TestCaseExecutor.doExecute(TestCaseExecutor.java:389)
	at com.kms.katalon.core.main.TestCaseExecutor.processExecutionPhase(TestCaseExecutor.java:368)
	at com.kms.katalon.core.main.TestCaseExecutor.accessMainPhase(TestCaseExecutor.java:360)
	at com.kms.katalon.core.main.TestCaseExecutor.execute(TestCaseExecutor.java:255)
	at com.kms.katalon.core.main.TestSuiteExecutor.accessTestCaseMainPhase(TestSuiteExecutor.java:203)
	at com.kms.katalon.core.main.TestSuiteExecutor.accessTestSuiteMainPhase(TestSuiteExecutor.java:152)
	at com.kms.katalon.core.main.TestSuiteExecutor.execute(TestSuiteExecutor.java:95)
	at com.kms.katalon.core.main.TestCaseMain.startTestSuite(TestCaseMain.java:157)
	at com.kms.katalon.core.main.TestCaseMain$startTestSuite$0.call(Unknown Source)
	at TempTestSuite1622224263190.run(TempTestSuite1622224263190.groovy:39)
Caused by: com.kms.katalon.core.webui.exception.WebElementNotFoundException: Web element with id: 'Object Repository/DeleteMessage_OR/Page_Test 77777 - TOKEN_UPDATED Mattermost/button_Pin to Channel' located by '' not found
	at com.kms.katalon.core.webui.common.WebUiCommonHelper.findWebElement(WebUiCommonHelper.java:1368)
	at com.kms.katalon.core.webui.keyword.internal.WebUIAbstractKeyword.findWebElement(WebUIAbstractKeyword.groovy:27)
	at com.kms.katalon.core.webui.keyword.internal.WebUIAbstractKeyword.findWebElement(WebUIAbstractKeyword.groovy:26)
	at com.kms.katalon.core.webui.keyword.builtin.ClickKeyword$_click_closure1.doCall(ClickKeyword.groovy:66)
	at com.kms.katalon.core.webui.keyword.builtin.ClickKeyword$_click_closure1.call(ClickKeyword.groovy)
	at com.kms.katalon.core.webui.keyword.internal.WebUIKeywordMain.runKeyword(WebUIKeywordMain.groovy:20)
	... 19 more
"/>
         <system-out><![CDATA[2021-05-29 01:17:36 - [TEST_CASE][FAILED] - Test Cases/PinMessage: Test Cases/PinMessage FAILED.
Reason:
com.kms.katalon.core.exception.StepFailedException: Unable to click on object 'Object Repository/DeleteMessage_OR/Page_Test 77777 - TOKEN_UPDATED Mattermost/button_Pin to Channel'
	at com.kms.katalon.core.webui.keyword.internal.WebUIKeywordMain.stepFailed(WebUIKeywordMain.groovy:64)
	at com.kms.katalon.core.webui.keyword.internal.WebUIKeywordMain.runKeyword(WebUIKeywordMain.groovy:26)
	at com.kms.katalon.core.webui.keyword.builtin.ClickKeyword.click(ClickKeyword.groovy:75)
	at com.kms.katalon.core.webui.keyword.builtin.ClickKeyword.execute(ClickKeyword.groovy:42)
	at com.kms.katalon.core.keyword.internal.KeywordExecutor.executeKeywordForPlatform(KeywordExecutor.groovy:73)
	at com.kms.katalon.core.webui.keyword.WebUiBuiltInKeywords.click(WebUiBuiltInKeywords.groovy:619)
	at com.kms.katalon.core.webui.keyword.WebUiBuiltInKeywords$click$4.call(Unknown Source)
	at PinMessage.run(PinMessage:39)
	at com.kms.katalon.core.main.ScriptEngine.run(ScriptEngine.java:194)
	at com.kms.katalon.core.main.ScriptEngine.runScriptAsRawText(ScriptEngine.java:119)
	at com.kms.katalon.core.main.TestCaseExecutor.runScript(TestCaseExecutor.java:398)
	at com.kms.katalon.core.main.TestCaseExecutor.doExecute(TestCaseExecutor.java:389)
	at com.kms.katalon.core.main.TestCaseExecutor.processExecutionPhase(TestCaseExecutor.java:368)
	at com.kms.katalon.core.main.TestCaseExecutor.accessMainPhase(TestCaseExecutor.java:360)
	at com.kms.katalon.core.main.TestCaseExecutor.execute(TestCaseExecutor.java:255)
	at com.kms.katalon.core.main.TestSuiteExecutor.accessTestCaseMainPhase(TestSuiteExecutor.java:203)
	at com.kms.katalon.core.main.TestSuiteExecutor.accessTestSuiteMainPhase(TestSuiteExecutor.java:152)
	at com.kms.katalon.core.main.TestSuiteExecutor.execute(TestSuiteExecutor.java:95)
	at com.kms.katalon.core.main.TestCaseMain.startTestSuite(TestCaseMain.java:157)
	at com.kms.katalon.core.main.TestCaseMain$startTestSuite$0.call(Unknown Source)
	at TempTestSuite1622224263190.run(TempTestSuite1622224263190.groovy:39)
Caused by: com.kms.katalon.core.webui.exception.WebElementNotFoundException: Web element with id: 'Object Repository/DeleteMessage_OR/Page_Test 77777 - TOKEN_UPDATED Mattermost/button_Pin to Channel' located by '' not found
	at com.kms.katalon.core.webui.common.WebUiCommonHelper.findWebElement(WebUiCommonHelper.java:1368)
	at com.kms.katalon.core.webui.keyword.internal.WebUIAbstractKeyword.findWebElement(WebUIAbstractKeyword.groovy:27)
	at com.kms.katalon.core.webui.keyword.internal.WebUIAbstractKeyword.findWebElement(WebUIAbstractKeyword.groovy:26)
	at com.kms.katalon.core.webui.keyword.builtin.ClickKeyword$_click_closure1.doCall(ClickKeyword.groovy:66)
	at com.kms.katalon.core.webui.keyword.builtin.ClickKeyword$_click_closure1.call(ClickKeyword.groovy)
	at com.kms.katalon.core.webui.keyword.internal.WebUIKeywordMain.runKeyword(WebUIKeywordMain.groovy:20)
	... 19 more


2021-05-29 01:17:37 - [TEST_STEP][PASSED] - openBrowser(""): Browser is opened with url: ''

2021-05-29 01:17:37 - [MESSAGE][INFO] - Starting 'Chrome' driver

2021-05-29 01:17:37 - [MESSAGE][INFO] - Action delay is set to 0 milliseconds

2021-05-29 01:17:39 - [MESSAGE][PASSED] - Browser is opened with url: ''

2021-05-29 01:17:39 - [TEST_STEP][PASSED] - navigateToUrl("https://cdnc-group2.herokuapp.com/login"): Navigate to 'https://cdnc-group2.herokuapp.com/login' successfully

2021-05-29 01:17:43 - [MESSAGE][PASSED] - Navigate to 'https://cdnc-group2.herokuapp.com/login' successfully

2021-05-29 01:17:43 - [TEST_STEP][PASSED] - setText(findTestObject("Object Repository/DeleteMessage_OR/Page_Mattermost/input_All team communication in one place, _dcc84b"), "ngoctin040999@gmail.com"): Text 'ngoctin040999@gmail.com' is set on object 'Object Repository/DeleteMessage_OR/Page_Mattermost/input_All team communication in one place, _dcc84b'

2021-05-29 01:17:48 - [MESSAGE][PASSED] - Text 'ngoctin040999@gmail.com' is set on object 'Object Repository/DeleteMessage_OR/Page_Mattermost/input_All team communication in one place, _dcc84b'

2021-05-29 01:17:48 - [TEST_STEP][PASSED] - setEncryptedText(findTestObject("Object Repository/DeleteMessage_OR/Page_Mattermost/input_All team communication in one place, _a3edc6"), "S8w1SJvl7D1hts9IdMV+NQ=="): Text ****** has been set on object 'Object Repository/DeleteMessage_OR/Page_Mattermost/input_All team communication in one place, _a3edc6'

2021-05-29 01:17:49 - [MESSAGE][PASSED] - Text ****** has been set on object 'Object Repository/DeleteMessage_OR/Page_Mattermost/input_All team communication in one place, _a3edc6'

2021-05-29 01:17:49 - [TEST_STEP][PASSED] - sendKeys(findTestObject("Object Repository/DeleteMessage_OR/Page_Mattermost/input_All team communication in one place, _a3edc6"), Keys.chord(ENTER)): Keys 'ENTER + ' sent to object: 'Object Repository/DeleteMessage_OR/Page_Mattermost/input_All team communication in one place, _a3edc6'

2021-05-29 01:17:50 - [MESSAGE][PASSED] - Keys 'ENTER + ' sent to object: 'Object Repository/DeleteMessage_OR/Page_Mattermost/input_All team communication in one place, _a3edc6'

2021-05-29 01:17:50 - [TEST_STEP][PASSED] - click(findTestObject("Object Repository/DeleteMessage_OR/Page_Town Square - TOKEN_UPDATED Mattermost/span_Test 77777")): Object: 'Object Repository/DeleteMessage_OR/Page_Town Square - TOKEN_UPDATED Mattermost/span_Test 77777' is clicked on

2021-05-29 01:18:21 - [MESSAGE][INFO] - Unable to find the element located by 'By.xpath: //*[(text() = 'Test 77777' or . = 'Test 77777')]'. Please recheck the objects properties to make sure the desired element is located. 

2021-05-29 01:18:21 - [MESSAGE][WARNING] - [SELF-HEALING] Failed to find element with id 'Object Repository/DeleteMessage_OR/Page_Town Square - TOKEN_UPDATED Mattermost/span_Test 77777'. Try using Self-healing.

2021-05-29 01:18:21 - [MESSAGE][WARNING] - [SELF-HEALING] The current locator of test object 'Object Repository/DeleteMessage_OR/Page_Town Square - TOKEN_UPDATED Mattermost/span_Test 77777' was broken. Propose an alternative one: '(.//*[normalize-space(text()) and normalize-space(.)='Test 111223'])[1]/preceding::span[2]'.

2021-05-29 01:18:22 - [MESSAGE][PASSED] - Object: 'Object Repository/DeleteMessage_OR/Page_Town Square - TOKEN_UPDATED Mattermost/span_Test 77777' is clicked on

2021-05-29 01:18:22 - [TEST_STEP][PASSED] - mouseOver(findTestObject("Object Repository/DeleteMessage_OR/Page_Test 77777 - TOKEN_UPDATED Mattermost/div_ngoctin12345747 PM213154645")): Object: 'Object Repository/DeleteMessage_OR/Page_Test 77777 - TOKEN_UPDATED Mattermost/div_ngoctin12345747 PM213154645' is hovered

2021-05-29 01:18:53 - [MESSAGE][INFO] - Unable to find the element located by 'By.xpath: '. Please recheck the objects properties to make sure the desired element is located. 

2021-05-29 01:18:53 - [MESSAGE][WARNING] - [SELF-HEALING] Failed to find element with id 'Object Repository/DeleteMessage_OR/Page_Test 77777 - TOKEN_UPDATED Mattermost/div_ngoctin12345747 PM213154645'. Try using Self-healing.

2021-05-29 01:18:53 - [MESSAGE][WARNING] - [SELF-HEALING] The current locator of test object 'Object Repository/DeleteMessage_OR/Page_Test 77777 - TOKEN_UPDATED Mattermost/div_ngoctin12345747 PM213154645' was broken. Propose an alternative one: '//div[@id='postListContent']/div/div[2]/div/div[11]/div/div'.

2021-05-29 01:18:53 - [MESSAGE][PASSED] - Object: 'Object Repository/DeleteMessage_OR/Page_Test 77777 - TOKEN_UPDATED Mattermost/div_ngoctin12345747 PM213154645' is hovered

2021-05-29 01:18:53 - [TEST_STEP][PASSED] - click(findTestObject("Object Repository/DeleteMessage_OR/Page_Test 77777 - TOKEN_UPDATED Mattermost/svg")): Object: 'Object Repository/DeleteMessage_OR/Page_Test 77777 - TOKEN_UPDATED Mattermost/svg' is clicked on

2021-05-29 01:18:55 - [MESSAGE][PASSED] - Object: 'Object Repository/DeleteMessage_OR/Page_Test 77777 - TOKEN_UPDATED Mattermost/svg' is clicked on

2021-05-29 01:18:55 - [TEST_STEP][FAILED] - click(findTestObject("Object Repository/DeleteMessage_OR/Page_Test 77777 - TOKEN_UPDATED Mattermost/button_Pin to Channel")): Unable to click on object 'Object Repository/DeleteMessage_OR/Page_Test 77777 - TOKEN_UPDATED Mattermost/button_Pin to Channel' (Root cause: com.kms.katalon.core.exception.StepFailedException: Unable to click on object 'Object Repository/DeleteMessage_OR/Page_Test 77777 - TOKEN_UPDATED Mattermost/button_Pin to Channel'
	at com.kms.katalon.core.webui.keyword.internal.WebUIKeywordMain.stepFailed(WebUIKeywordMain.groovy:64)
	at com.kms.katalon.core.webui.keyword.internal.WebUIKeywordMain.runKeyword(WebUIKeywordMain.groovy:26)
	at com.kms.katalon.core.webui.keyword.builtin.ClickKeyword.click(ClickKeyword.groovy:75)
	at com.kms.katalon.core.webui.keyword.builtin.ClickKeyword.execute(ClickKeyword.groovy:42)
	at com.kms.katalon.core.keyword.internal.KeywordExecutor.executeKeywordForPlatform(KeywordExecutor.groovy:73)
	at com.kms.katalon.core.webui.keyword.WebUiBuiltInKeywords.click(WebUiBuiltInKeywords.groovy:619)
	at com.kms.katalon.core.webui.keyword.WebUiBuiltInKeywords$click$4.call(Unknown Source)
	at PinMessage.run(PinMessage:39)
	at com.kms.katalon.core.main.ScriptEngine.run(ScriptEngine.java:194)
	at com.kms.katalon.core.main.ScriptEngine.runScriptAsRawText(ScriptEngine.java:119)
	at com.kms.katalon.core.main.TestCaseExecutor.runScript(TestCaseExecutor.java:398)
	at com.kms.katalon.core.main.TestCaseExecutor.doExecute(TestCaseExecutor.java:389)
	at com.kms.katalon.core.main.TestCaseExecutor.processExecutionPhase(TestCaseExecutor.java:368)
	at com.kms.katalon.core.main.TestCaseExecutor.accessMainPhase(TestCaseExecutor.java:360)
	at com.kms.katalon.core.main.TestCaseExecutor.execute(TestCaseExecutor.java:255)
	at com.kms.katalon.core.main.TestSuiteExecutor.accessTestCaseMainPhase(TestSuiteExecutor.java:203)
	at com.kms.katalon.core.main.TestSuiteExecutor.accessTestSuiteMainPhase(TestSuiteExecutor.java:152)
	at com.kms.katalon.core.main.TestSuiteExecutor.execute(TestSuiteExecutor.java:95)
	at com.kms.katalon.core.main.TestCaseMain.startTestSuite(TestCaseMain.java:157)
	at com.kms.katalon.core.main.TestCaseMain$startTestSuite$0.call(Unknown Source)
	at TempTestSuite1622224263190.run(TempTestSuite1622224263190.groovy:39)
Caused by: com.kms.katalon.core.webui.exception.WebElementNotFoundException: Web element with id: 'Object Repository/DeleteMessage_OR/Page_Test 77777 - TOKEN_UPDATED Mattermost/button_Pin to Channel' located by '' not found
	at com.kms.katalon.core.webui.common.WebUiCommonHelper.findWebElement(WebUiCommonHelper.java:1368)
	at com.kms.katalon.core.webui.keyword.internal.WebUIAbstractKeyword.findWebElement(WebUIAbstractKeyword.groovy:27)
	at com.kms.katalon.core.webui.keyword.internal.WebUIAbstractKeyword.findWebElement(WebUIAbstractKeyword.groovy:26)
	at com.kms.katalon.core.webui.keyword.builtin.ClickKeyword$_click_closure1.doCall(ClickKeyword.groovy:66)
	at com.kms.katalon.core.webui.keyword.builtin.ClickKeyword$_click_closure1.call(ClickKeyword.groovy)
	at com.kms.katalon.core.webui.keyword.internal.WebUIKeywordMain.runKeyword(WebUIKeywordMain.groovy:20)
	at com.kms.katalon.core.webui.keyword.builtin.ClickKeyword.click(ClickKeyword.groovy:75)
	at com.kms.katalon.core.webui.keyword.builtin.ClickKeyword.execute(ClickKeyword.groovy:42)
	at com.kms.katalon.core.keyword.internal.KeywordExecutor.executeKeywordForPlatform(KeywordExecutor.groovy:73)
	at com.kms.katalon.core.webui.keyword.WebUiBuiltInKeywords.click(WebUiBuiltInKeywords.groovy:619)
	at com.kms.katalon.core.webui.keyword.WebUiBuiltInKeywords$click$4.call(Unknown Source)
	at Script1621732581285.run(Script1621732581285.groovy:39)
	... 13 more
)

2021-05-29 01:19:27 - [MESSAGE][INFO] - Unable to find the element located by 'By.xpath: '. Please recheck the objects properties to make sure the desired element is located. 

2021-05-29 01:19:27 - [MESSAGE][WARNING] - [SELF-HEALING] Failed to find element with id 'Object Repository/DeleteMessage_OR/Page_Test 77777 - TOKEN_UPDATED Mattermost/button_Pin to Channel'. Try using Self-healing.

2021-05-29 01:19:28 - [MESSAGE][INFO] - Unable to find the element located by 'By.xpath: (.//*[normalize-space(text()) and normalize-space(.)='Copy Link'])[1]/following::button[1]'. Please recheck the objects properties to make sure the desired element is located. 

2021-05-29 01:19:29 - [MESSAGE][INFO] - Unable to find the element located by 'By.xpath: //li[@id='pin_post_947745rotinbff747yofifz5yo']/button'. Please recheck the objects properties to make sure the desired element is located. 

2021-05-29 01:19:30 - [MESSAGE][INFO] - Unable to find the element located by 'By.xpath: //li[@id='pin_post_947745rotinbff747yofifz5yo']/button'. Please recheck the objects properties to make sure the desired element is located. 

2021-05-29 01:19:30 - [MESSAGE][INFO] - [SELF-HEALING] Failed Locator: '//li[@id='pin_post_947745rotinbff747yofifz5yo']/button'.

2021-05-29 01:19:31 - [MESSAGE][INFO] - [SELF-HEALING] Failed Locator: '(.//*[normalize-space(text()) and normalize-space(.)='Copy Link'])[1]/following::button[1]'.

2021-05-29 01:19:31 - [MESSAGE][INFO] - [SELF-HEALING] Failed Locator: '(.//*[normalize-space(text()) and normalize-space(.)='Mark as Unread'])[1]/following::button[2]'.

2021-05-29 01:19:31 - [MESSAGE][INFO] - [SELF-HEALING] Failed Locator: '(.//*[normalize-space(text()) and normalize-space(.)='Edit'])[1]/preceding::button[1]'.

2021-05-29 01:19:32 - [MESSAGE][INFO] - [SELF-HEALING] Failed Locator: '//li[4]/button'.

2021-05-29 01:19:33 - [MESSAGE][INFO] - Unable to find the element located by 'By.cssSelector: #pin_post_947745rotinbff747yofifz5yo > button.style--none'. Please recheck the objects properties to make sure the desired element is located. 

2021-05-29 01:19:33 - [MESSAGE][FAILED] - Unable to click on object 'Object Repository/DeleteMessage_OR/Page_Test 77777 - TOKEN_UPDATED Mattermost/button_Pin to Channel' (Root cause: com.kms.katalon.core.exception.StepFailedException: Unable to click on object 'Object Repository/DeleteMessage_OR/Page_Test 77777 - TOKEN_UPDATED Mattermost/button_Pin to Channel'
	at com.kms.katalon.core.webui.keyword.internal.WebUIKeywordMain.stepFailed(WebUIKeywordMain.groovy:64)
	at com.kms.katalon.core.webui.keyword.internal.WebUIKeywordMain.runKeyword(WebUIKeywordMain.groovy:26)
	at com.kms.katalon.core.webui.keyword.builtin.ClickKeyword.click(ClickKeyword.groovy:75)
	at com.kms.katalon.core.webui.keyword.builtin.ClickKeyword.execute(ClickKeyword.groovy:42)
	at com.kms.katalon.core.keyword.internal.KeywordExecutor.executeKeywordForPlatform(KeywordExecutor.groovy:73)
	at com.kms.katalon.core.webui.keyword.WebUiBuiltInKeywords.click(WebUiBuiltInKeywords.groovy:619)
	at com.kms.katalon.core.webui.keyword.WebUiBuiltInKeywords$click$4.call(Unknown Source)
	at PinMessage.run(PinMessage:39)
	at com.kms.katalon.core.main.ScriptEngine.run(ScriptEngine.java:194)
	at com.kms.katalon.core.main.ScriptEngine.runScriptAsRawText(ScriptEngine.java:119)
	at com.kms.katalon.core.main.TestCaseExecutor.runScript(TestCaseExecutor.java:398)
	at com.kms.katalon.core.main.TestCaseExecutor.doExecute(TestCaseExecutor.java:389)
	at com.kms.katalon.core.main.TestCaseExecutor.processExecutionPhase(TestCaseExecutor.java:368)
	at com.kms.katalon.core.main.TestCaseExecutor.accessMainPhase(TestCaseExecutor.java:360)
	at com.kms.katalon.core.main.TestCaseExecutor.execute(TestCaseExecutor.java:255)
	at com.kms.katalon.core.main.TestSuiteExecutor.accessTestCaseMainPhase(TestSuiteExecutor.java:203)
	at com.kms.katalon.core.main.TestSuiteExecutor.accessTestSuiteMainPhase(TestSuiteExecutor.java:152)
	at com.kms.katalon.core.main.TestSuiteExecutor.execute(TestSuiteExecutor.java:95)
	at com.kms.katalon.core.main.TestCaseMain.startTestSuite(TestCaseMain.java:157)
	at com.kms.katalon.core.main.TestCaseMain$startTestSuite$0.call(Unknown Source)
	at TempTestSuite1622224263190.run(TempTestSuite1622224263190.groovy:39)
Caused by: com.kms.katalon.core.webui.exception.WebElementNotFoundException: Web element with id: 'Object Repository/DeleteMessage_OR/Page_Test 77777 - TOKEN_UPDATED Mattermost/button_Pin to Channel' located by '' not found
	at com.kms.katalon.core.webui.common.WebUiCommonHelper.findWebElement(WebUiCommonHelper.java:1368)
	at com.kms.katalon.core.webui.keyword.internal.WebUIAbstractKeyword.findWebElement(WebUIAbstractKeyword.groovy:27)
	at com.kms.katalon.core.webui.keyword.internal.WebUIAbstractKeyword.findWebElement(WebUIAbstractKeyword.groovy:26)
	at com.kms.katalon.core.webui.keyword.builtin.ClickKeyword$_click_closure1.doCall(ClickKeyword.groovy:66)
	at com.kms.katalon.core.webui.keyword.builtin.ClickKeyword$_click_closure1.call(ClickKeyword.groovy)
	at com.kms.katalon.core.webui.keyword.internal.WebUIKeywordMain.runKeyword(WebUIKeywordMain.groovy:20)
	at com.kms.katalon.core.webui.keyword.builtin.ClickKeyword.click(ClickKeyword.groovy:75)
	at com.kms.katalon.core.webui.keyword.builtin.ClickKeyword.execute(ClickKeyword.groovy:42)
	at com.kms.katalon.core.keyword.internal.KeywordExecutor.executeKeywordForPlatform(KeywordExecutor.groovy:73)
	at com.kms.katalon.core.webui.keyword.WebUiBuiltInKeywords.click(WebUiBuiltInKeywords.groovy:619)
	at com.kms.katalon.core.webui.keyword.WebUiBuiltInKeywords$click$4.call(Unknown Source)
	at Script1621732581285.run(Script1621732581285.groovy:39)
	... 13 more
)
[[ATTACHMENT|C:\\Users\\tanth\\git\\katalon\\Reports\\20210529_005103\\Run all test cases\\20210529_005103\\1622225973384.png]]]]></system-out>
         <system-err><![CDATA[2021-05-29 01:17:36 - [TEST_CASE][FAILED] - Test Cases/PinMessage: Test Cases/PinMessage FAILED.
Reason:
com.kms.katalon.core.exception.StepFailedException: Unable to click on object 'Object Repository/DeleteMessage_OR/Page_Test 77777 - TOKEN_UPDATED Mattermost/button_Pin to Channel'
	at com.kms.katalon.core.webui.keyword.internal.WebUIKeywordMain.stepFailed(WebUIKeywordMain.groovy:64)
	at com.kms.katalon.core.webui.keyword.internal.WebUIKeywordMain.runKeyword(WebUIKeywordMain.groovy:26)
	at com.kms.katalon.core.webui.keyword.builtin.ClickKeyword.click(ClickKeyword.groovy:75)
	at com.kms.katalon.core.webui.keyword.builtin.ClickKeyword.execute(ClickKeyword.groovy:42)
	at com.kms.katalon.core.keyword.internal.KeywordExecutor.executeKeywordForPlatform(KeywordExecutor.groovy:73)
	at com.kms.katalon.core.webui.keyword.WebUiBuiltInKeywords.click(WebUiBuiltInKeywords.groovy:619)
	at com.kms.katalon.core.webui.keyword.WebUiBuiltInKeywords$click$4.call(Unknown Source)
	at PinMessage.run(PinMessage:39)
	at com.kms.katalon.core.main.ScriptEngine.run(ScriptEngine.java:194)
	at com.kms.katalon.core.main.ScriptEngine.runScriptAsRawText(ScriptEngine.java:119)
	at com.kms.katalon.core.main.TestCaseExecutor.runScript(TestCaseExecutor.java:398)
	at com.kms.katalon.core.main.TestCaseExecutor.doExecute(TestCaseExecutor.java:389)
	at com.kms.katalon.core.main.TestCaseExecutor.processExecutionPhase(TestCaseExecutor.java:368)
	at com.kms.katalon.core.main.TestCaseExecutor.accessMainPhase(TestCaseExecutor.java:360)
	at com.kms.katalon.core.main.TestCaseExecutor.execute(TestCaseExecutor.java:255)
	at com.kms.katalon.core.main.TestSuiteExecutor.accessTestCaseMainPhase(TestSuiteExecutor.java:203)
	at com.kms.katalon.core.main.TestSuiteExecutor.accessTestSuiteMainPhase(TestSuiteExecutor.java:152)
	at com.kms.katalon.core.main.TestSuiteExecutor.execute(TestSuiteExecutor.java:95)
	at com.kms.katalon.core.main.TestCaseMain.startTestSuite(TestCaseMain.java:157)
	at com.kms.katalon.core.main.TestCaseMain$startTestSuite$0.call(Unknown Source)
	at TempTestSuite1622224263190.run(TempTestSuite1622224263190.groovy:39)
Caused by: com.kms.katalon.core.webui.exception.WebElementNotFoundException: Web element with id: 'Object Repository/DeleteMessage_OR/Page_Test 77777 - TOKEN_UPDATED Mattermost/button_Pin to Channel' located by '' not found
	at com.kms.katalon.core.webui.common.WebUiCommonHelper.findWebElement(WebUiCommonHelper.java:1368)
	at com.kms.katalon.core.webui.keyword.internal.WebUIAbstractKeyword.findWebElement(WebUIAbstractKeyword.groovy:27)
	at com.kms.katalon.core.webui.keyword.internal.WebUIAbstractKeyword.findWebElement(WebUIAbstractKeyword.groovy:26)
	at com.kms.katalon.core.webui.keyword.builtin.ClickKeyword$_click_closure1.doCall(ClickKeyword.groovy:66)
	at com.kms.katalon.core.webui.keyword.builtin.ClickKeyword$_click_closure1.call(ClickKeyword.groovy)
	at com.kms.katalon.core.webui.keyword.internal.WebUIKeywordMain.runKeyword(WebUIKeywordMain.groovy:20)
	... 19 more]]></system-err>
      </testcase>
      <testcase name="Test Cases/Main/TestcaseUnpinMsgInDMs" time="57.893" classname="Test Cases/Main/TestcaseUnpinMsgInDMs" status="PASSED">
         <system-out><![CDATA[2021-05-29 01:19:33 - [TEST_CASE][PASSED] - Test Cases/Main/TestcaseUnpinMsgInDMs: Test Cases/Main/TestcaseUnpinMsgInDMs

2021-05-29 01:19:34 - [TEST_STEP][PASSED] - callTestCase(findTestCase("PreCondition/Login"), [:], STOP_ON_FAILURE): Call Test Case 'Test Cases/PreCondition/Login' successfully

2021-05-29 01:19:34 - [TEST_CASE][PASSED] - Test Cases/PreCondition/Login: Test Cases/PreCondition/Login

2021-05-29 01:19:34 - [TEST_STEP][PASSED] - openBrowser(""): Browser is opened with url: ''

2021-05-29 01:19:34 - [MESSAGE][WARNING] - A browser is already opened. Closing browser and opening a new one

2021-05-29 01:19:35 - [MESSAGE][INFO] - Starting 'Chrome' driver

2021-05-29 01:19:35 - [MESSAGE][INFO] - Action delay is set to 0 milliseconds

2021-05-29 01:19:39 - [MESSAGE][PASSED] - Browser is opened with url: ''

2021-05-29 01:19:39 - [TEST_STEP][PASSED] - navigateToUrl("https://cdnc-group2.herokuapp.com/"): Navigate to 'https://cdnc-group2.herokuapp.com/' successfully

2021-05-29 01:19:43 - [MESSAGE][PASSED] - Navigate to 'https://cdnc-group2.herokuapp.com/' successfully

2021-05-29 01:19:43 - [TEST_STEP][PASSED] - setText(findTestObject("Object Repository/Login/Page_Mattermost/input_All team communication in one place, _dcc84b"), "ngoctin040999@gmail.com"): Text 'ngoctin040999@gmail.com' is set on object 'Object Repository/Login/Page_Mattermost/input_All team communication in one place, _dcc84b'

2021-05-29 01:19:49 - [MESSAGE][PASSED] - Text 'ngoctin040999@gmail.com' is set on object 'Object Repository/Login/Page_Mattermost/input_All team communication in one place, _dcc84b'

2021-05-29 01:19:49 - [TEST_STEP][PASSED] - setEncryptedText(findTestObject("Object Repository/Login/Page_Mattermost/input_All team communication in one place, _a3edc6"), "S8w1SJvl7D1hts9IdMV+NQ=="): Text ****** has been set on object 'Object Repository/Login/Page_Mattermost/input_All team communication in one place, _a3edc6'

2021-05-29 01:19:49 - [MESSAGE][PASSED] - Text ****** has been set on object 'Object Repository/Login/Page_Mattermost/input_All team communication in one place, _a3edc6'

2021-05-29 01:19:49 - [TEST_STEP][PASSED] - click(findTestObject("Object Repository/Login/Page_Mattermost/button_Sign in")): Object: 'Object Repository/Login/Page_Mattermost/button_Sign in' is clicked on

2021-05-29 01:19:50 - [MESSAGE][PASSED] - Object: 'Object Repository/Login/Page_Mattermost/button_Sign in' is clicked on

2021-05-29 01:19:50 - [MESSAGE][PASSED] - Call Test Case 'Test Cases/PreCondition/Login' successfully

2021-05-29 01:19:50 - [TEST_STEP][PASSED] - click(findTestObject("Object Repository/UnpinMsgInDMs/Page_Town Square - 123 Mattermost/a_test1")): Object: 'Object Repository/UnpinMsgInDMs/Page_Town Square - 123 Mattermost/a_test1' is clicked on

2021-05-29 01:19:55 - [MESSAGE][PASSED] - Object: 'Object Repository/UnpinMsgInDMs/Page_Town Square - 123 Mattermost/a_test1' is clicked on

2021-05-29 01:19:55 - [TEST_STEP][PASSED] - pMsg = findTestObject("Object Repository/UnpinMsgInDMs/Page_test1 - 123 Mattermost/div_ngoctin02806107 PM15ba58ab6023994f93ab3a4e701cf8b8.jpg"): null

2021-05-29 01:19:55 - [TEST_STEP][PASSED] - iconMore = findTestObject("Object Repository/UnpinMsgInDMs/Page_test1 - 123 Mattermost/button_ngoctin02806_CENTER_button_4xttwiq7k_a79253"): null

2021-05-29 01:19:55 - [TEST_STEP][PASSED] - btnUnPin = findTestObject("Object Repository/UnpinMsgInDMs/Page_test1 - 123 Mattermost/span_Unpin from Channel"): null

2021-05-29 01:19:55 - [TEST_STEP][PASSED] - if (pMsg != null && iconMore != null && btnUnPin != null): Object: 'Object Repository/UnpinMsgInDMs/Page_test1 - 123 Mattermost/span_Unpin from Channel' is clicked on

2021-05-29 01:19:55 - [TEST_STEP][PASSED] - mouseOver(pMsg): Object: 'Object Repository/UnpinMsgInDMs/Page_test1 - 123 Mattermost/div_ngoctin02806107 PM15ba58ab6023994f93ab3a4e701cf8b8.jpg' is hovered

2021-05-29 01:19:58 - [MESSAGE][PASSED] - Object: 'Object Repository/UnpinMsgInDMs/Page_test1 - 123 Mattermost/div_ngoctin02806107 PM15ba58ab6023994f93ab3a4e701cf8b8.jpg' is hovered

2021-05-29 01:19:58 - [TEST_STEP][PASSED] - click(iconMore): Object: 'Object Repository/UnpinMsgInDMs/Page_test1 - 123 Mattermost/button_ngoctin02806_CENTER_button_4xttwiq7k_a79253' is clicked on

2021-05-29 01:19:59 - [MESSAGE][PASSED] - Object: 'Object Repository/UnpinMsgInDMs/Page_test1 - 123 Mattermost/button_ngoctin02806_CENTER_button_4xttwiq7k_a79253' is clicked on

2021-05-29 01:19:59 - [TEST_STEP][PASSED] - click(btnUnPin): Object: 'Object Repository/UnpinMsgInDMs/Page_test1 - 123 Mattermost/span_Unpin from Channel' is clicked on

2021-05-29 01:20:30 - [MESSAGE][INFO] - Unable to find the element located by 'By.xpath: //li[@id='unpin_post_4xttwiq7ktb45ctc1z5yoqj5ko']/button/span'. Please recheck the objects properties to make sure the desired element is located. 

2021-05-29 01:20:30 - [MESSAGE][WARNING] - [SELF-HEALING] Failed to find element with id 'Object Repository/UnpinMsgInDMs/Page_test1 - 123 Mattermost/span_Unpin from Channel'. Try using Self-healing.

2021-05-29 01:20:30 - [MESSAGE][WARNING] - [SELF-HEALING] The current locator of test object 'Object Repository/UnpinMsgInDMs/Page_test1 - 123 Mattermost/span_Unpin from Channel' was broken. Propose an alternative one: '(.//*[normalize-space(text()) and normalize-space(.)='Copy Link'])[1]/following::span[1]'.

2021-05-29 01:20:31 - [MESSAGE][PASSED] - Object: 'Object Repository/UnpinMsgInDMs/Page_test1 - 123 Mattermost/span_Unpin from Channel' is clicked on]]></system-out>
         <system-err><![CDATA[]]></system-err>
      </testcase>
      <testcase name="Test Cases/MuteUnmuteChannel" time="26.179" classname="Test Cases/MuteUnmuteChannel" status="PASSED">
         <system-out><![CDATA[2021-05-29 01:20:31 - [TEST_CASE][PASSED] - Test Cases/MuteUnmuteChannel: Test Cases/MuteUnmuteChannel

2021-05-29 01:20:32 - [TEST_STEP][PASSED] - openBrowser("https://cdnc-group2.herokuapp.com/"): Browser is opened with url: 'https://cdnc-group2.herokuapp.com/'

2021-05-29 01:20:33 - [MESSAGE][WARNING] - A browser is already opened. Closing browser and opening a new one

2021-05-29 01:20:34 - [MESSAGE][INFO] - Starting 'Chrome' driver

2021-05-29 01:20:34 - [MESSAGE][INFO] - Action delay is set to 0 milliseconds

2021-05-29 01:20:39 - [MESSAGE][PASSED] - Browser is opened with url: 'https://cdnc-group2.herokuapp.com/'

2021-05-29 01:20:39 - [TEST_STEP][PASSED] - setText(findTestObject("Login/input_Email"), "ngoctin040999@gmail.com"): Text 'ngoctin040999@gmail.com' is set on object 'Object Repository/Login/input_Email'

2021-05-29 01:20:45 - [MESSAGE][PASSED] - Text 'ngoctin040999@gmail.com' is set on object 'Object Repository/Login/input_Email'

2021-05-29 01:20:45 - [TEST_STEP][PASSED] - setText(findTestObject("Login/input_Password"), "ngoctin1"): Text 'ngoctin1' is set on object 'Object Repository/Login/input_Password'

2021-05-29 01:20:46 - [MESSAGE][PASSED] - Text 'ngoctin1' is set on object 'Object Repository/Login/input_Password'

2021-05-29 01:20:46 - [TEST_STEP][PASSED] - click(findTestObject("Login/button_Sign in")): Object: 'Object Repository/Login/button_Sign in' is clicked on

2021-05-29 01:20:47 - [MESSAGE][PASSED] - Object: 'Object Repository/Login/button_Sign in' is clicked on

2021-05-29 01:20:47 - [TEST_STEP][PASSED] - delay(2): Delayed 2 second(s)

2021-05-29 01:20:49 - [MESSAGE][PASSED] - Delayed 2 second(s)

2021-05-29 01:20:49 - [TEST_STEP][PASSED] - click(findTestObject("Ignore mentions/button_Town Square")): Object: 'Object Repository/Ignore mentions/button_Town Square' is clicked on

2021-05-29 01:20:51 - [MESSAGE][PASSED] - Object: 'Object Repository/Ignore mentions/button_Town Square' is clicked on

2021-05-29 01:20:51 - [TEST_STEP][PASSED] - click(findTestObject("Mute Unmute Channel/button_Mute Channel")): Object: 'Object Repository/Mute Unmute Channel/button_Mute Channel' is clicked on

2021-05-29 01:20:52 - [MESSAGE][PASSED] - Object: 'Object Repository/Mute Unmute Channel/button_Mute Channel' is clicked on

2021-05-29 01:20:52 - [TEST_STEP][PASSED] - verifyElementVisible(findTestObject("Mute Unmute Channel/i_Town Square_icon fa fa-bell-slash-o")): Object 'Object Repository/Mute Unmute Channel/i_Town Square_icon fa fa-bell-slash-o' is visible

2021-05-29 01:20:53 - [MESSAGE][PASSED] - Object 'Object Repository/Mute Unmute Channel/i_Town Square_icon fa fa-bell-slash-o' is visible

2021-05-29 01:20:53 - [TEST_STEP][PASSED] - delay(1): Delayed 1 second(s)

2021-05-29 01:20:54 - [MESSAGE][PASSED] - Delayed 1 second(s)

2021-05-29 01:20:54 - [TEST_STEP][PASSED] - click(findTestObject("Ignore mentions/button_Town Square")): Object: 'Object Repository/Ignore mentions/button_Town Square' is clicked on

2021-05-29 01:20:54 - [MESSAGE][PASSED] - Object: 'Object Repository/Ignore mentions/button_Town Square' is clicked on

2021-05-29 01:20:54 - [TEST_STEP][PASSED] - click(findTestObject("Mute Unmute Channel/button_Unmute Channel")): Object: 'Object Repository/Mute Unmute Channel/button_Unmute Channel' is clicked on

2021-05-29 01:20:55 - [MESSAGE][PASSED] - Object: 'Object Repository/Mute Unmute Channel/button_Unmute Channel' is clicked on

2021-05-29 01:20:55 - [TEST_STEP][PASSED] - delay(1): Delayed 1 second(s)

2021-05-29 01:20:56 - [MESSAGE][PASSED] - Delayed 1 second(s)

2021-05-29 01:20:56 - [TEST_STEP][PASSED] - closeBrowser(): Browser is closed

2021-05-29 01:20:57 - [MESSAGE][PASSED] - Browser is closed]]></system-out>
         <system-err><![CDATA[]]></system-err>
      </testcase>
      <testcase name="Test Cases/SearchInChannelWithMentionText" time="113.402" classname="Test Cases/SearchInChannelWithMentionText" status="FAILED">
         <failure type="FAILED" message="Test Cases/SearchInChannelWithMentionText FAILED.
Reason:
com.kms.katalon.core.exception.StepFailedException: Unable to click on object 'Object Repository/Page_Test - TOKEN_UPDATED Mattermost/span_Jump'
	at com.kms.katalon.core.webui.keyword.internal.WebUIKeywordMain.stepFailed(WebUIKeywordMain.groovy:64)
	at com.kms.katalon.core.webui.keyword.internal.WebUIKeywordMain.runKeyword(WebUIKeywordMain.groovy:26)
	at com.kms.katalon.core.webui.keyword.builtin.ClickKeyword.click(ClickKeyword.groovy:75)
	at com.kms.katalon.core.webui.keyword.builtin.ClickKeyword.execute(ClickKeyword.groovy:42)
	at com.kms.katalon.core.keyword.internal.KeywordExecutor.executeKeywordForPlatform(KeywordExecutor.groovy:73)
	at com.kms.katalon.core.webui.keyword.WebUiBuiltInKeywords.click(WebUiBuiltInKeywords.groovy:619)
	at com.kms.katalon.core.webui.keyword.WebUiBuiltInKeywords$click$4.call(Unknown Source)
	at SearchInChannelWithMentionText.run(SearchInChannelWithMentionText:48)
	at com.kms.katalon.core.main.ScriptEngine.run(ScriptEngine.java:194)
	at com.kms.katalon.core.main.ScriptEngine.runScriptAsRawText(ScriptEngine.java:119)
	at com.kms.katalon.core.main.TestCaseExecutor.runScript(TestCaseExecutor.java:398)
	at com.kms.katalon.core.main.TestCaseExecutor.doExecute(TestCaseExecutor.java:389)
	at com.kms.katalon.core.main.TestCaseExecutor.processExecutionPhase(TestCaseExecutor.java:368)
	at com.kms.katalon.core.main.TestCaseExecutor.accessMainPhase(TestCaseExecutor.java:360)
	at com.kms.katalon.core.main.TestCaseExecutor.execute(TestCaseExecutor.java:255)
	at com.kms.katalon.core.main.TestSuiteExecutor.accessTestCaseMainPhase(TestSuiteExecutor.java:203)
	at com.kms.katalon.core.main.TestSuiteExecutor.accessTestSuiteMainPhase(TestSuiteExecutor.java:152)
	at com.kms.katalon.core.main.TestSuiteExecutor.execute(TestSuiteExecutor.java:95)
	at com.kms.katalon.core.main.TestCaseMain.startTestSuite(TestCaseMain.java:157)
	at com.kms.katalon.core.main.TestCaseMain$startTestSuite$0.call(Unknown Source)
	at TempTestSuite1622224263190.run(TempTestSuite1622224263190.groovy:39)
Caused by: org.openqa.selenium.ElementNotInteractableException: element not interactable
  (Session info: chrome=90.0.4430.212)
Build info: version: '3.141.59', revision: 'e82be7d358', time: '2018-11-14T08:25:53'
System info: host: 'DESKTOP-0HE72I0', ip: '192.168.243.2', os.name: 'Windows 10', os.arch: 'amd64', os.version: '10.0', java.version: '1.8.0_282'
Driver info: com.kms.katalon.selenium.driver.CChromeDriver
Capabilities {acceptInsecureCerts: false, browserName: chrome, browserVersion: 90.0.4430.212, chrome: {chromedriverVersion: 90.0.4430.24 (4c6d850f087da..., userDataDir: C:\Users\tanth\AppData\Loca...}, goog:chromeOptions: {debuggerAddress: localhost:51664}, javascriptEnabled: true, networkConnectionEnabled: false, pageLoadStrategy: normal, platform: WINDOWS, platformName: WINDOWS, proxy: Proxy(), setWindowRect: true, strictFileInteractability: false, timeouts: {implicit: 0, pageLoad: 300000, script: 30000}, unhandledPromptBehavior: dismiss and notify, webauthn:extension:largeBlob: true, webauthn:virtualAuthenticators: true}
Session ID: 034ad3110ba19b520af5b15eb172f26c
	at org.openqa.selenium.remote.http.W3CHttpResponseCodec.createException(W3CHttpResponseCodec.java:187)
	at org.openqa.selenium.remote.http.W3CHttpResponseCodec.decode(W3CHttpResponseCodec.java:122)
	at org.openqa.selenium.remote.http.W3CHttpResponseCodec.decode(W3CHttpResponseCodec.java:49)
	at org.openqa.selenium.remote.HttpCommandExecutor.execute(HttpCommandExecutor.java:158)
	at org.openqa.selenium.remote.service.DriverCommandExecutor.execute(DriverCommandExecutor.java:83)
	at org.openqa.selenium.remote.RemoteWebDriver.execute(RemoteWebDriver.java:552)
	at com.kms.katalon.selenium.driver.CChromeDriver.execute(CChromeDriver.java:19)
	at org.openqa.selenium.remote.RemoteWebElement.execute(RemoteWebElement.java:285)
	at org.openqa.selenium.remote.RemoteWebElement.click(RemoteWebElement.java:84)
	at org.openqa.selenium.support.events.EventFiringWebDriver$EventFiringWebElement.lambda$new$0(EventFiringWebDriver.java:404)
	at com.sun.proxy.$Proxy11.click(Unknown Source)
	at org.openqa.selenium.support.events.EventFiringWebDriver$EventFiringWebElement.click(EventFiringWebDriver.java:417)
	at com.kms.katalon.core.webui.keyword.builtin.ClickKeyword$_click_closure1.doCall(ClickKeyword.groovy:68)
	at com.kms.katalon.core.webui.keyword.builtin.ClickKeyword$_click_closure1.call(ClickKeyword.groovy)
	at com.kms.katalon.core.webui.keyword.internal.WebUIKeywordMain.runKeyword(WebUIKeywordMain.groovy:20)
	... 19 more
"/>
         <system-out><![CDATA[2021-05-29 01:20:57 - [TEST_CASE][FAILED] - Test Cases/SearchInChannelWithMentionText: Test Cases/SearchInChannelWithMentionText FAILED.
Reason:
com.kms.katalon.core.exception.StepFailedException: Unable to click on object 'Object Repository/Page_Test - TOKEN_UPDATED Mattermost/span_Jump'
	at com.kms.katalon.core.webui.keyword.internal.WebUIKeywordMain.stepFailed(WebUIKeywordMain.groovy:64)
	at com.kms.katalon.core.webui.keyword.internal.WebUIKeywordMain.runKeyword(WebUIKeywordMain.groovy:26)
	at com.kms.katalon.core.webui.keyword.builtin.ClickKeyword.click(ClickKeyword.groovy:75)
	at com.kms.katalon.core.webui.keyword.builtin.ClickKeyword.execute(ClickKeyword.groovy:42)
	at com.kms.katalon.core.keyword.internal.KeywordExecutor.executeKeywordForPlatform(KeywordExecutor.groovy:73)
	at com.kms.katalon.core.webui.keyword.WebUiBuiltInKeywords.click(WebUiBuiltInKeywords.groovy:619)
	at com.kms.katalon.core.webui.keyword.WebUiBuiltInKeywords$click$4.call(Unknown Source)
	at SearchInChannelWithMentionText.run(SearchInChannelWithMentionText:48)
	at com.kms.katalon.core.main.ScriptEngine.run(ScriptEngine.java:194)
	at com.kms.katalon.core.main.ScriptEngine.runScriptAsRawText(ScriptEngine.java:119)
	at com.kms.katalon.core.main.TestCaseExecutor.runScript(TestCaseExecutor.java:398)
	at com.kms.katalon.core.main.TestCaseExecutor.doExecute(TestCaseExecutor.java:389)
	at com.kms.katalon.core.main.TestCaseExecutor.processExecutionPhase(TestCaseExecutor.java:368)
	at com.kms.katalon.core.main.TestCaseExecutor.accessMainPhase(TestCaseExecutor.java:360)
	at com.kms.katalon.core.main.TestCaseExecutor.execute(TestCaseExecutor.java:255)
	at com.kms.katalon.core.main.TestSuiteExecutor.accessTestCaseMainPhase(TestSuiteExecutor.java:203)
	at com.kms.katalon.core.main.TestSuiteExecutor.accessTestSuiteMainPhase(TestSuiteExecutor.java:152)
	at com.kms.katalon.core.main.TestSuiteExecutor.execute(TestSuiteExecutor.java:95)
	at com.kms.katalon.core.main.TestCaseMain.startTestSuite(TestCaseMain.java:157)
	at com.kms.katalon.core.main.TestCaseMain$startTestSuite$0.call(Unknown Source)
	at TempTestSuite1622224263190.run(TempTestSuite1622224263190.groovy:39)
Caused by: org.openqa.selenium.ElementNotInteractableException: element not interactable
  (Session info: chrome=90.0.4430.212)
Build info: version: '3.141.59', revision: 'e82be7d358', time: '2018-11-14T08:25:53'
System info: host: 'DESKTOP-0HE72I0', ip: '192.168.243.2', os.name: 'Windows 10', os.arch: 'amd64', os.version: '10.0', java.version: '1.8.0_282'
Driver info: com.kms.katalon.selenium.driver.CChromeDriver
Capabilities {acceptInsecureCerts: false, browserName: chrome, browserVersion: 90.0.4430.212, chrome: {chromedriverVersion: 90.0.4430.24 (4c6d850f087da..., userDataDir: C:\Users\tanth\AppData\Loca...}, goog:chromeOptions: {debuggerAddress: localhost:51664}, javascriptEnabled: true, networkConnectionEnabled: false, pageLoadStrategy: normal, platform: WINDOWS, platformName: WINDOWS, proxy: Proxy(), setWindowRect: true, strictFileInteractability: false, timeouts: {implicit: 0, pageLoad: 300000, script: 30000}, unhandledPromptBehavior: dismiss and notify, webauthn:extension:largeBlob: true, webauthn:virtualAuthenticators: true}
Session ID: 034ad3110ba19b520af5b15eb172f26c
	at org.openqa.selenium.remote.http.W3CHttpResponseCodec.createException(W3CHttpResponseCodec.java:187)
	at org.openqa.selenium.remote.http.W3CHttpResponseCodec.decode(W3CHttpResponseCodec.java:122)
	at org.openqa.selenium.remote.http.W3CHttpResponseCodec.decode(W3CHttpResponseCodec.java:49)
	at org.openqa.selenium.remote.HttpCommandExecutor.execute(HttpCommandExecutor.java:158)
	at org.openqa.selenium.remote.service.DriverCommandExecutor.execute(DriverCommandExecutor.java:83)
	at org.openqa.selenium.remote.RemoteWebDriver.execute(RemoteWebDriver.java:552)
	at com.kms.katalon.selenium.driver.CChromeDriver.execute(CChromeDriver.java:19)
	at org.openqa.selenium.remote.RemoteWebElement.execute(RemoteWebElement.java:285)
	at org.openqa.selenium.remote.RemoteWebElement.click(RemoteWebElement.java:84)
	at org.openqa.selenium.support.events.EventFiringWebDriver$EventFiringWebElement.lambda$new$0(EventFiringWebDriver.java:404)
	at com.sun.proxy.$Proxy11.click(Unknown Source)
	at org.openqa.selenium.support.events.EventFiringWebDriver$EventFiringWebElement.click(EventFiringWebDriver.java:417)
	at com.kms.katalon.core.webui.keyword.builtin.ClickKeyword$_click_closure1.doCall(ClickKeyword.groovy:68)
	at com.kms.katalon.core.webui.keyword.builtin.ClickKeyword$_click_closure1.call(ClickKeyword.groovy)
	at com.kms.katalon.core.webui.keyword.internal.WebUIKeywordMain.runKeyword(WebUIKeywordMain.groovy:20)
	... 19 more


2021-05-29 01:20:58 - [TEST_STEP][PASSED] - openBrowser(""): Browser is opened with url: ''

2021-05-29 01:20:58 - [MESSAGE][INFO] - Starting 'Chrome' driver

2021-05-29 01:20:58 - [MESSAGE][INFO] - Action delay is set to 0 milliseconds

2021-05-29 01:21:00 - [MESSAGE][PASSED] - Browser is opened with url: ''

2021-05-29 01:21:00 - [TEST_STEP][PASSED] - navigateToUrl("https://cdnc-group2.herokuapp.com/"): Navigate to 'https://cdnc-group2.herokuapp.com/' successfully

2021-05-29 01:21:04 - [MESSAGE][PASSED] - Navigate to 'https://cdnc-group2.herokuapp.com/' successfully

2021-05-29 01:21:04 - [TEST_STEP][PASSED] - setText(findTestObject("Object Repository/Page_Mattermost/input_All team communication in one place, _dcc84b"), "ngoctin040999@gmail.com"): Text 'ngoctin040999@gmail.com' is set on object 'Object Repository/Page_Mattermost/input_All team communication in one place, _dcc84b'

2021-05-29 01:21:09 - [MESSAGE][PASSED] - Text 'ngoctin040999@gmail.com' is set on object 'Object Repository/Page_Mattermost/input_All team communication in one place, _dcc84b'

2021-05-29 01:21:09 - [TEST_STEP][PASSED] - setEncryptedText(findTestObject("Object Repository/Page_Mattermost/input_All team communication in one place, _a3edc6"), "S8w1SJvl7D1hts9IdMV+NQ=="): Text ****** has been set on object 'Object Repository/Page_Mattermost/input_All team communication in one place, _a3edc6'

2021-05-29 01:21:10 - [MESSAGE][PASSED] - Text ****** has been set on object 'Object Repository/Page_Mattermost/input_All team communication in one place, _a3edc6'

2021-05-29 01:21:10 - [TEST_STEP][PASSED] - click(findTestObject("Object Repository/Page_Mattermost/button_Sign in")): Object: 'Object Repository/Page_Mattermost/button_Sign in' is clicked on

2021-05-29 01:21:10 - [MESSAGE][PASSED] - Object: 'Object Repository/Page_Mattermost/button_Sign in' is clicked on

2021-05-29 01:21:10 - [TEST_STEP][PASSED] - if (findTestObject("Object Repository/Page_Town Square - TOKEN_UPDATED Mattermost/span_Test") == null): null

2021-05-29 01:21:11 - [TEST_STEP][PASSED] - click(findTestObject("Object Repository/Page_Town Square - TOKEN_UPDATED Mattermost/span_Test")): Object: 'Object Repository/Page_Town Square - TOKEN_UPDATED Mattermost/span_Test' is clicked on

2021-05-29 01:21:42 - [MESSAGE][INFO] - Unable to find the element located by 'By.xpath: //a[@id='sidebarItem_test']/span[2]/span'. Please recheck the objects properties to make sure the desired element is located. 

2021-05-29 01:21:42 - [MESSAGE][WARNING] - [SELF-HEALING] Failed to find element with id 'Object Repository/Page_Town Square - TOKEN_UPDATED Mattermost/span_Test'. Try using Self-healing.

2021-05-29 01:21:42 - [MESSAGE][WARNING] - [SELF-HEALING] The current locator of test object 'Object Repository/Page_Town Square - TOKEN_UPDATED Mattermost/span_Test' was broken. Propose an alternative one: '(.//*[normalize-space(text()) and normalize-space(.)='+'])[2]/following::span[3]'.

2021-05-29 01:21:42 - [MESSAGE][PASSED] - Object: 'Object Repository/Page_Town Square - TOKEN_UPDATED Mattermost/span_Test' is clicked on

2021-05-29 01:21:42 - [TEST_STEP][PASSED] - click(findTestObject("Object Repository/Page_Test - TOKEN_UPDATED Mattermost/svg")): Object: 'Object Repository/Page_Test - TOKEN_UPDATED Mattermost/svg' is clicked on

2021-05-29 01:22:14 - [MESSAGE][INFO] - Unable to find the element located by 'By.xpath: (.//*[normalize-space(text()) and normalize-space(.)='Test'])[3]/following::*[name()='svg'][3]'. Please recheck the objects properties to make sure the desired element is located. 

2021-05-29 01:22:14 - [MESSAGE][WARNING] - [SELF-HEALING] Failed to find element with id 'Object Repository/Page_Test - TOKEN_UPDATED Mattermost/svg'. Try using Self-healing.

2021-05-29 01:22:14 - [MESSAGE][WARNING] - [SELF-HEALING] The current locator of test object 'Object Repository/Page_Test - TOKEN_UPDATED Mattermost/svg' was broken. Propose an alternative one: '(.//*[normalize-space(text()) and normalize-space(.)='Drop a file to upload it.'])[1]/following::*[name()='svg'][3]'.

2021-05-29 01:22:14 - [MESSAGE][PASSED] - Object: 'Object Repository/Page_Test - TOKEN_UPDATED Mattermost/svg' is clicked on

2021-05-29 01:22:14 - [TEST_STEP][PASSED] - setText(findTestObject("Object Repository/Page_Test - TOKEN_UPDATED Mattermost/input_Test_searchBox"), "@ngoctin12345"): Text '@ngoctin12345' is set on object 'Object Repository/Page_Test - TOKEN_UPDATED Mattermost/input_Test_searchBox'

2021-05-29 01:22:16 - [MESSAGE][PASSED] - Text '@ngoctin12345' is set on object 'Object Repository/Page_Test - TOKEN_UPDATED Mattermost/input_Test_searchBox'

2021-05-29 01:22:16 - [TEST_STEP][PASSED] - sendKeys(findTestObject("Object Repository/Page_Test - TOKEN_UPDATED Mattermost/input_Test_searchBox"), Keys.chord(ENTER)): Keys 'ENTER + ' sent to object: 'Object Repository/Page_Test - TOKEN_UPDATED Mattermost/input_Test_searchBox'

2021-05-29 01:22:17 - [MESSAGE][PASSED] - Keys 'ENTER + ' sent to object: 'Object Repository/Page_Test - TOKEN_UPDATED Mattermost/input_Test_searchBox'

2021-05-29 01:22:17 - [TEST_STEP][PASSED] - if (findTestObject("Object Repository/Page_Test - TOKEN_UPDATED Mattermost/span_Jump") == null): null

2021-05-29 01:22:17 - [TEST_STEP][FAILED] - click(findTestObject("Object Repository/Page_Test - TOKEN_UPDATED Mattermost/span_Jump")): Unable to click on object 'Object Repository/Page_Test - TOKEN_UPDATED Mattermost/span_Jump' (Root cause: com.kms.katalon.core.exception.StepFailedException: Unable to click on object 'Object Repository/Page_Test - TOKEN_UPDATED Mattermost/span_Jump'
	at com.kms.katalon.core.webui.keyword.internal.WebUIKeywordMain.stepFailed(WebUIKeywordMain.groovy:64)
	at com.kms.katalon.core.webui.keyword.internal.WebUIKeywordMain.runKeyword(WebUIKeywordMain.groovy:26)
	at com.kms.katalon.core.webui.keyword.builtin.ClickKeyword.click(ClickKeyword.groovy:75)
	at com.kms.katalon.core.webui.keyword.builtin.ClickKeyword.execute(ClickKeyword.groovy:42)
	at com.kms.katalon.core.keyword.internal.KeywordExecutor.executeKeywordForPlatform(KeywordExecutor.groovy:73)
	at com.kms.katalon.core.webui.keyword.WebUiBuiltInKeywords.click(WebUiBuiltInKeywords.groovy:619)
	at com.kms.katalon.core.webui.keyword.WebUiBuiltInKeywords$click$4.call(Unknown Source)
	at SearchInChannelWithMentionText.run(SearchInChannelWithMentionText:48)
	at com.kms.katalon.core.main.ScriptEngine.run(ScriptEngine.java:194)
	at com.kms.katalon.core.main.ScriptEngine.runScriptAsRawText(ScriptEngine.java:119)
	at com.kms.katalon.core.main.TestCaseExecutor.runScript(TestCaseExecutor.java:398)
	at com.kms.katalon.core.main.TestCaseExecutor.doExecute(TestCaseExecutor.java:389)
	at com.kms.katalon.core.main.TestCaseExecutor.processExecutionPhase(TestCaseExecutor.java:368)
	at com.kms.katalon.core.main.TestCaseExecutor.accessMainPhase(TestCaseExecutor.java:360)
	at com.kms.katalon.core.main.TestCaseExecutor.execute(TestCaseExecutor.java:255)
	at com.kms.katalon.core.main.TestSuiteExecutor.accessTestCaseMainPhase(TestSuiteExecutor.java:203)
	at com.kms.katalon.core.main.TestSuiteExecutor.accessTestSuiteMainPhase(TestSuiteExecutor.java:152)
	at com.kms.katalon.core.main.TestSuiteExecutor.execute(TestSuiteExecutor.java:95)
	at com.kms.katalon.core.main.TestCaseMain.startTestSuite(TestCaseMain.java:157)
	at com.kms.katalon.core.main.TestCaseMain$startTestSuite$0.call(Unknown Source)
	at TempTestSuite1622224263190.run(TempTestSuite1622224263190.groovy:39)
Caused by: org.openqa.selenium.ElementNotInteractableException: element not interactable
  (Session info: chrome=90.0.4430.212)
Build info: version: '3.141.59', revision: 'e82be7d358', time: '2018-11-14T08:25:53'
System info: host: 'DESKTOP-0HE72I0', ip: '192.168.243.2', os.name: 'Windows 10', os.arch: 'amd64', os.version: '10.0', java.version: '1.8.0_282'
Driver info: com.kms.katalon.selenium.driver.CChromeDriver
Capabilities {acceptInsecureCerts: false, browserName: chrome, browserVersion: 90.0.4430.212, chrome: {chromedriverVersion: 90.0.4430.24 (4c6d850f087da..., userDataDir: C:\Users\tanth\AppData\Loca...}, goog:chromeOptions: {debuggerAddress: localhost:51664}, javascriptEnabled: true, networkConnectionEnabled: false, pageLoadStrategy: normal, platform: WINDOWS, platformName: WINDOWS, proxy: Proxy(), setWindowRect: true, strictFileInteractability: false, timeouts: {implicit: 0, pageLoad: 300000, script: 30000}, unhandledPromptBehavior: dismiss and notify, webauthn:extension:largeBlob: true, webauthn:virtualAuthenticators: true}
Session ID: 034ad3110ba19b520af5b15eb172f26c
	at org.openqa.selenium.remote.http.W3CHttpResponseCodec.createException(W3CHttpResponseCodec.java:187)
	at org.openqa.selenium.remote.http.W3CHttpResponseCodec.decode(W3CHttpResponseCodec.java:122)
	at org.openqa.selenium.remote.http.W3CHttpResponseCodec.decode(W3CHttpResponseCodec.java:49)
	at org.openqa.selenium.remote.HttpCommandExecutor.execute(HttpCommandExecutor.java:158)
	at org.openqa.selenium.remote.service.DriverCommandExecutor.execute(DriverCommandExecutor.java:83)
	at org.openqa.selenium.remote.RemoteWebDriver.execute(RemoteWebDriver.java:552)
	at com.kms.katalon.selenium.driver.CChromeDriver.execute(CChromeDriver.java:19)
	at org.openqa.selenium.remote.RemoteWebElement.execute(RemoteWebElement.java:285)
	at org.openqa.selenium.remote.RemoteWebElement.click(RemoteWebElement.java:84)
	at org.openqa.selenium.support.events.EventFiringWebDriver$EventFiringWebElement.lambda$new$0(EventFiringWebDriver.java:404)
	at com.sun.proxy.$Proxy11.click(Unknown Source)
	at org.openqa.selenium.support.events.EventFiringWebDriver$EventFiringWebElement.click(EventFiringWebDriver.java:417)
	at com.kms.katalon.core.webui.keyword.builtin.ClickKeyword$_click_closure1.doCall(ClickKeyword.groovy:68)
	at com.kms.katalon.core.webui.keyword.builtin.ClickKeyword$_click_closure1.call(ClickKeyword.groovy)
	at com.kms.katalon.core.webui.keyword.internal.WebUIKeywordMain.runKeyword(WebUIKeywordMain.groovy:20)
	at com.kms.katalon.core.webui.keyword.builtin.ClickKeyword.click(ClickKeyword.groovy:75)
	at com.kms.katalon.core.webui.keyword.builtin.ClickKeyword.execute(ClickKeyword.groovy:42)
	at com.kms.katalon.core.keyword.internal.KeywordExecutor.executeKeywordForPlatform(KeywordExecutor.groovy:73)
	at com.kms.katalon.core.webui.keyword.WebUiBuiltInKeywords.click(WebUiBuiltInKeywords.groovy:619)
	at com.kms.katalon.core.webui.keyword.WebUiBuiltInKeywords$click$4.call(Unknown Source)
	at Script1621697167288.run(Script1621697167288.groovy:48)
	... 13 more
)

2021-05-29 01:22:49 - [MESSAGE][INFO] - Unable to find the element located by 'By.xpath: //div[@id='search-items-container']/div/div[2]/div[2]/div[2]/div/div[3]/a/span'. Please recheck the objects properties to make sure the desired element is located. 

2021-05-29 01:22:49 - [MESSAGE][WARNING] - [SELF-HEALING] Failed to find element with id 'Object Repository/Page_Test - TOKEN_UPDATED Mattermost/span_Jump'. Try using Self-healing.

2021-05-29 01:22:49 - [MESSAGE][INFO] - [SELF-HEALING] Failed Locator: '//div[@id='search-items-container']/div/div[2]/div[2]/div[2]/div/div[3]/a/span'.

2021-05-29 01:22:49 - [MESSAGE][INFO] - [SELF-HEALING] Failed Locator: '(.//*[normalize-space(text()) and normalize-space(.)='ngoctin12345'])[1]/following::span[6]'.

2021-05-29 01:22:50 - [MESSAGE][INFO] - [SELF-HEALING] Failed Locator: '(.//*[normalize-space(text()) and normalize-space(.)='Today'])[1]/following::span[8]'.

2021-05-29 01:22:50 - [MESSAGE][INFO] - [SELF-HEALING] Working Locator: '(.//*[normalize-space(text()) and normalize-space(.)='@ngoctin12345'])[1]/preceding::span[1]'.

2021-05-29 01:22:50 - [MESSAGE][INFO] - [SELF-HEALING] Screenshot: C:/Users/tanth/git/katalon/Reports/Self-healing/Object Repository/Page_Test - TOKEN_UPDATED Mattermost/span_Jump_neighbor.png

2021-05-29 01:22:50 - [MESSAGE][WARNING] - [SELF-HEALING] The current locator of test object 'Object Repository/Page_Test - TOKEN_UPDATED Mattermost/span_Jump' was broken. Propose an alternative one: '(.//*[normalize-space(text()) and normalize-space(.)='@ngoctin12345'])[1]/preceding::span[1]'.

2021-05-29 01:22:51 - [MESSAGE][FAILED] - Unable to click on object 'Object Repository/Page_Test - TOKEN_UPDATED Mattermost/span_Jump' (Root cause: com.kms.katalon.core.exception.StepFailedException: Unable to click on object 'Object Repository/Page_Test - TOKEN_UPDATED Mattermost/span_Jump'
	at com.kms.katalon.core.webui.keyword.internal.WebUIKeywordMain.stepFailed(WebUIKeywordMain.groovy:64)
	at com.kms.katalon.core.webui.keyword.internal.WebUIKeywordMain.runKeyword(WebUIKeywordMain.groovy:26)
	at com.kms.katalon.core.webui.keyword.builtin.ClickKeyword.click(ClickKeyword.groovy:75)
	at com.kms.katalon.core.webui.keyword.builtin.ClickKeyword.execute(ClickKeyword.groovy:42)
	at com.kms.katalon.core.keyword.internal.KeywordExecutor.executeKeywordForPlatform(KeywordExecutor.groovy:73)
	at com.kms.katalon.core.webui.keyword.WebUiBuiltInKeywords.click(WebUiBuiltInKeywords.groovy:619)
	at com.kms.katalon.core.webui.keyword.WebUiBuiltInKeywords$click$4.call(Unknown Source)
	at SearchInChannelWithMentionText.run(SearchInChannelWithMentionText:48)
	at com.kms.katalon.core.main.ScriptEngine.run(ScriptEngine.java:194)
	at com.kms.katalon.core.main.ScriptEngine.runScriptAsRawText(ScriptEngine.java:119)
	at com.kms.katalon.core.main.TestCaseExecutor.runScript(TestCaseExecutor.java:398)
	at com.kms.katalon.core.main.TestCaseExecutor.doExecute(TestCaseExecutor.java:389)
	at com.kms.katalon.core.main.TestCaseExecutor.processExecutionPhase(TestCaseExecutor.java:368)
	at com.kms.katalon.core.main.TestCaseExecutor.accessMainPhase(TestCaseExecutor.java:360)
	at com.kms.katalon.core.main.TestCaseExecutor.execute(TestCaseExecutor.java:255)
	at com.kms.katalon.core.main.TestSuiteExecutor.accessTestCaseMainPhase(TestSuiteExecutor.java:203)
	at com.kms.katalon.core.main.TestSuiteExecutor.accessTestSuiteMainPhase(TestSuiteExecutor.java:152)
	at com.kms.katalon.core.main.TestSuiteExecutor.execute(TestSuiteExecutor.java:95)
	at com.kms.katalon.core.main.TestCaseMain.startTestSuite(TestCaseMain.java:157)
	at com.kms.katalon.core.main.TestCaseMain$startTestSuite$0.call(Unknown Source)
	at TempTestSuite1622224263190.run(TempTestSuite1622224263190.groovy:39)
Caused by: org.openqa.selenium.ElementNotInteractableException: element not interactable
  (Session info: chrome=90.0.4430.212)
Build info: version: '3.141.59', revision: 'e82be7d358', time: '2018-11-14T08:25:53'
System info: host: 'DESKTOP-0HE72I0', ip: '192.168.243.2', os.name: 'Windows 10', os.arch: 'amd64', os.version: '10.0', java.version: '1.8.0_282'
Driver info: com.kms.katalon.selenium.driver.CChromeDriver
Capabilities {acceptInsecureCerts: false, browserName: chrome, browserVersion: 90.0.4430.212, chrome: {chromedriverVersion: 90.0.4430.24 (4c6d850f087da..., userDataDir: C:\Users\tanth\AppData\Loca...}, goog:chromeOptions: {debuggerAddress: localhost:51664}, javascriptEnabled: true, networkConnectionEnabled: false, pageLoadStrategy: normal, platform: WINDOWS, platformName: WINDOWS, proxy: Proxy(), setWindowRect: true, strictFileInteractability: false, timeouts: {implicit: 0, pageLoad: 300000, script: 30000}, unhandledPromptBehavior: dismiss and notify, webauthn:extension:largeBlob: true, webauthn:virtualAuthenticators: true}
Session ID: 034ad3110ba19b520af5b15eb172f26c
	at org.openqa.selenium.remote.http.W3CHttpResponseCodec.createException(W3CHttpResponseCodec.java:187)
	at org.openqa.selenium.remote.http.W3CHttpResponseCodec.decode(W3CHttpResponseCodec.java:122)
	at org.openqa.selenium.remote.http.W3CHttpResponseCodec.decode(W3CHttpResponseCodec.java:49)
	at org.openqa.selenium.remote.HttpCommandExecutor.execute(HttpCommandExecutor.java:158)
	at org.openqa.selenium.remote.service.DriverCommandExecutor.execute(DriverCommandExecutor.java:83)
	at org.openqa.selenium.remote.RemoteWebDriver.execute(RemoteWebDriver.java:552)
	at com.kms.katalon.selenium.driver.CChromeDriver.execute(CChromeDriver.java:19)
	at org.openqa.selenium.remote.RemoteWebElement.execute(RemoteWebElement.java:285)
	at org.openqa.selenium.remote.RemoteWebElement.click(RemoteWebElement.java:84)
	at org.openqa.selenium.support.events.EventFiringWebDriver$EventFiringWebElement.lambda$new$0(EventFiringWebDriver.java:404)
	at com.sun.proxy.$Proxy11.click(Unknown Source)
	at org.openqa.selenium.support.events.EventFiringWebDriver$EventFiringWebElement.click(EventFiringWebDriver.java:417)
	at com.kms.katalon.core.webui.keyword.builtin.ClickKeyword$_click_closure1.doCall(ClickKeyword.groovy:68)
	at com.kms.katalon.core.webui.keyword.builtin.ClickKeyword$_click_closure1.call(ClickKeyword.groovy)
	at com.kms.katalon.core.webui.keyword.internal.WebUIKeywordMain.runKeyword(WebUIKeywordMain.groovy:20)
	at com.kms.katalon.core.webui.keyword.builtin.ClickKeyword.click(ClickKeyword.groovy:75)
	at com.kms.katalon.core.webui.keyword.builtin.ClickKeyword.execute(ClickKeyword.groovy:42)
	at com.kms.katalon.core.keyword.internal.KeywordExecutor.executeKeywordForPlatform(KeywordExecutor.groovy:73)
	at com.kms.katalon.core.webui.keyword.WebUiBuiltInKeywords.click(WebUiBuiltInKeywords.groovy:619)
	at com.kms.katalon.core.webui.keyword.WebUiBuiltInKeywords$click$4.call(Unknown Source)
	at Script1621697167288.run(Script1621697167288.groovy:48)
	... 13 more
)
[[ATTACHMENT|C:\\Users\\tanth\\git\\katalon\\Reports\\20210529_005103\\Run all test cases\\20210529_005103\\1622226170929.png]]]]></system-out>
         <system-err><![CDATA[2021-05-29 01:20:57 - [TEST_CASE][FAILED] - Test Cases/SearchInChannelWithMentionText: Test Cases/SearchInChannelWithMentionText FAILED.
Reason:
com.kms.katalon.core.exception.StepFailedException: Unable to click on object 'Object Repository/Page_Test - TOKEN_UPDATED Mattermost/span_Jump'
	at com.kms.katalon.core.webui.keyword.internal.WebUIKeywordMain.stepFailed(WebUIKeywordMain.groovy:64)
	at com.kms.katalon.core.webui.keyword.internal.WebUIKeywordMain.runKeyword(WebUIKeywordMain.groovy:26)
	at com.kms.katalon.core.webui.keyword.builtin.ClickKeyword.click(ClickKeyword.groovy:75)
	at com.kms.katalon.core.webui.keyword.builtin.ClickKeyword.execute(ClickKeyword.groovy:42)
	at com.kms.katalon.core.keyword.internal.KeywordExecutor.executeKeywordForPlatform(KeywordExecutor.groovy:73)
	at com.kms.katalon.core.webui.keyword.WebUiBuiltInKeywords.click(WebUiBuiltInKeywords.groovy:619)
	at com.kms.katalon.core.webui.keyword.WebUiBuiltInKeywords$click$4.call(Unknown Source)
	at SearchInChannelWithMentionText.run(SearchInChannelWithMentionText:48)
	at com.kms.katalon.core.main.ScriptEngine.run(ScriptEngine.java:194)
	at com.kms.katalon.core.main.ScriptEngine.runScriptAsRawText(ScriptEngine.java:119)
	at com.kms.katalon.core.main.TestCaseExecutor.runScript(TestCaseExecutor.java:398)
	at com.kms.katalon.core.main.TestCaseExecutor.doExecute(TestCaseExecutor.java:389)
	at com.kms.katalon.core.main.TestCaseExecutor.processExecutionPhase(TestCaseExecutor.java:368)
	at com.kms.katalon.core.main.TestCaseExecutor.accessMainPhase(TestCaseExecutor.java:360)
	at com.kms.katalon.core.main.TestCaseExecutor.execute(TestCaseExecutor.java:255)
	at com.kms.katalon.core.main.TestSuiteExecutor.accessTestCaseMainPhase(TestSuiteExecutor.java:203)
	at com.kms.katalon.core.main.TestSuiteExecutor.accessTestSuiteMainPhase(TestSuiteExecutor.java:152)
	at com.kms.katalon.core.main.TestSuiteExecutor.execute(TestSuiteExecutor.java:95)
	at com.kms.katalon.core.main.TestCaseMain.startTestSuite(TestCaseMain.java:157)
	at com.kms.katalon.core.main.TestCaseMain$startTestSuite$0.call(Unknown Source)
	at TempTestSuite1622224263190.run(TempTestSuite1622224263190.groovy:39)
Caused by: org.openqa.selenium.ElementNotInteractableException: element not interactable
  (Session info: chrome=90.0.4430.212)
Build info: version: '3.141.59', revision: 'e82be7d358', time: '2018-11-14T08:25:53'
System info: host: 'DESKTOP-0HE72I0', ip: '192.168.243.2', os.name: 'Windows 10', os.arch: 'amd64', os.version: '10.0', java.version: '1.8.0_282'
Driver info: com.kms.katalon.selenium.driver.CChromeDriver
Capabilities {acceptInsecureCerts: false, browserName: chrome, browserVersion: 90.0.4430.212, chrome: {chromedriverVersion: 90.0.4430.24 (4c6d850f087da..., userDataDir: C:\Users\tanth\AppData\Loca...}, goog:chromeOptions: {debuggerAddress: localhost:51664}, javascriptEnabled: true, networkConnectionEnabled: false, pageLoadStrategy: normal, platform: WINDOWS, platformName: WINDOWS, proxy: Proxy(), setWindowRect: true, strictFileInteractability: false, timeouts: {implicit: 0, pageLoad: 300000, script: 30000}, unhandledPromptBehavior: dismiss and notify, webauthn:extension:largeBlob: true, webauthn:virtualAuthenticators: true}
Session ID: 034ad3110ba19b520af5b15eb172f26c
	at org.openqa.selenium.remote.http.W3CHttpResponseCodec.createException(W3CHttpResponseCodec.java:187)
	at org.openqa.selenium.remote.http.W3CHttpResponseCodec.decode(W3CHttpResponseCodec.java:122)
	at org.openqa.selenium.remote.http.W3CHttpResponseCodec.decode(W3CHttpResponseCodec.java:49)
	at org.openqa.selenium.remote.HttpCommandExecutor.execute(HttpCommandExecutor.java:158)
	at org.openqa.selenium.remote.service.DriverCommandExecutor.execute(DriverCommandExecutor.java:83)
	at org.openqa.selenium.remote.RemoteWebDriver.execute(RemoteWebDriver.java:552)
	at com.kms.katalon.selenium.driver.CChromeDriver.execute(CChromeDriver.java:19)
	at org.openqa.selenium.remote.RemoteWebElement.execute(RemoteWebElement.java:285)
	at org.openqa.selenium.remote.RemoteWebElement.click(RemoteWebElement.java:84)
	at org.openqa.selenium.support.events.EventFiringWebDriver$EventFiringWebElement.lambda$new$0(EventFiringWebDriver.java:404)
	at com.sun.proxy.$Proxy11.click(Unknown Source)
	at org.openqa.selenium.support.events.EventFiringWebDriver$EventFiringWebElement.click(EventFiringWebDriver.java:417)
	at com.kms.katalon.core.webui.keyword.builtin.ClickKeyword$_click_closure1.doCall(ClickKeyword.groovy:68)
	at com.kms.katalon.core.webui.keyword.builtin.ClickKeyword$_click_closure1.call(ClickKeyword.groovy)
	at com.kms.katalon.core.webui.keyword.internal.WebUIKeywordMain.runKeyword(WebUIKeywordMain.groovy:20)
	... 19 more]]></system-err>
      </testcase>
      <testcase name="Test Cases/Register" time="33.607" classname="Test Cases/Register" status="PASSED">
         <system-out><![CDATA[2021-05-29 01:22:51 - [TEST_CASE][PASSED] - Test Cases/Register: Test Cases/Register

2021-05-29 01:22:52 - [TEST_STEP][PASSED] - openBrowser("https://cdnc-group2.herokuapp.com/"): Browser is opened with url: 'https://cdnc-group2.herokuapp.com/'

2021-05-29 01:22:52 - [MESSAGE][WARNING] - A browser is already opened. Closing browser and opening a new one

2021-05-29 01:22:53 - [MESSAGE][INFO] - Starting 'Chrome' driver

2021-05-29 01:22:53 - [MESSAGE][INFO] - Action delay is set to 0 milliseconds

2021-05-29 01:22:59 - [MESSAGE][PASSED] - Browser is opened with url: 'https://cdnc-group2.herokuapp.com/'

2021-05-29 01:22:59 - [TEST_STEP][PASSED] - click(findTestObject("Register/a_Create one now")): Object: 'Object Repository/Register/a_Create one now' is clicked on

2021-05-29 01:23:05 - [MESSAGE][PASSED] - Object: 'Object Repository/Register/a_Create one now' is clicked on

2021-05-29 01:23:05 - [TEST_STEP][PASSED] - setText(findTestObject("Register/input_concat(What, , s your email address)_email"), "test@gmail.com"): Text 'test@gmail.com' is set on object 'Object Repository/Register/input_concat(What, , s your email address)_email'

2021-05-29 01:23:11 - [MESSAGE][PASSED] - Text 'test@gmail.com' is set on object 'Object Repository/Register/input_concat(What, , s your email address)_email'

2021-05-29 01:23:11 - [TEST_STEP][PASSED] - setText(findTestObject("Register/input_Choose your username_name"), "test"): Text 'test' is set on object 'Object Repository/Register/input_Choose your username_name'

2021-05-29 01:23:15 - [MESSAGE][PASSED] - Text 'test' is set on object 'Object Repository/Register/input_Choose your username_name'

2021-05-29 01:23:15 - [TEST_STEP][PASSED] - setText(findTestObject("Register/input_Choose your password_password"), "123456"): Text '123456' is set on object 'Object Repository/Register/input_Choose your password_password'

2021-05-29 01:23:19 - [MESSAGE][PASSED] - Text '123456' is set on object 'Object Repository/Register/input_Choose your password_password'

2021-05-29 01:23:19 - [TEST_STEP][PASSED] - click(findTestObject("Register/button_Create Account")): Object: 'Object Repository/Register/button_Create Account' is clicked on

2021-05-29 01:23:21 - [MESSAGE][PASSED] - Object: 'Object Repository/Register/button_Create Account' is clicked on

2021-05-29 01:23:21 - [TEST_STEP][PASSED] - delay(2): Delayed 2 second(s)

2021-05-29 01:23:23 - [MESSAGE][PASSED] - Delayed 2 second(s)

2021-05-29 01:23:23 - [TEST_STEP][PASSED] - closeBrowser(): Browser is closed

2021-05-29 01:23:24 - [MESSAGE][PASSED] - Browser is closed]]></system-out>
         <system-err><![CDATA[]]></system-err>
      </testcase>
      <testcase name="Test Cases/ReplyMessage" time="118.147" classname="Test Cases/ReplyMessage" status="PASSED">
         <system-out><![CDATA[2021-05-29 01:23:24 - [TEST_CASE][PASSED] - Test Cases/ReplyMessage: Test Cases/ReplyMessage

2021-05-29 01:23:25 - [TEST_STEP][PASSED] - openBrowser(""): Browser is opened with url: ''

2021-05-29 01:23:25 - [MESSAGE][INFO] - Starting 'Chrome' driver

2021-05-29 01:23:25 - [MESSAGE][INFO] - Action delay is set to 0 milliseconds

2021-05-29 01:23:27 - [MESSAGE][PASSED] - Browser is opened with url: ''

2021-05-29 01:23:27 - [TEST_STEP][PASSED] - navigateToUrl("https://cdnc-group2.herokuapp.com/login"): Navigate to 'https://cdnc-group2.herokuapp.com/login' successfully

2021-05-29 01:23:31 - [MESSAGE][PASSED] - Navigate to 'https://cdnc-group2.herokuapp.com/login' successfully

2021-05-29 01:23:31 - [TEST_STEP][PASSED] - setText(findTestObject("Object Repository/DeleteMessage_OR/Page_Mattermost/input_All team communication in one place, _dcc84b"), "ngoctin040999@gmail.com"): Text 'ngoctin040999@gmail.com' is set on object 'Object Repository/DeleteMessage_OR/Page_Mattermost/input_All team communication in one place, _dcc84b'

2021-05-29 01:23:36 - [MESSAGE][PASSED] - Text 'ngoctin040999@gmail.com' is set on object 'Object Repository/DeleteMessage_OR/Page_Mattermost/input_All team communication in one place, _dcc84b'

2021-05-29 01:23:36 - [TEST_STEP][PASSED] - setEncryptedText(findTestObject("Object Repository/DeleteMessage_OR/Page_Mattermost/input_All team communication in one place, _a3edc6"), "S8w1SJvl7D1hts9IdMV+NQ=="): Text ****** has been set on object 'Object Repository/DeleteMessage_OR/Page_Mattermost/input_All team communication in one place, _a3edc6'

2021-05-29 01:23:38 - [MESSAGE][PASSED] - Text ****** has been set on object 'Object Repository/DeleteMessage_OR/Page_Mattermost/input_All team communication in one place, _a3edc6'

2021-05-29 01:23:38 - [TEST_STEP][PASSED] - sendKeys(findTestObject("Object Repository/DeleteMessage_OR/Page_Mattermost/input_All team communication in one place, _a3edc6"), Keys.chord(ENTER)): Keys 'ENTER + ' sent to object: 'Object Repository/DeleteMessage_OR/Page_Mattermost/input_All team communication in one place, _a3edc6'

2021-05-29 01:23:38 - [MESSAGE][PASSED] - Keys 'ENTER + ' sent to object: 'Object Repository/DeleteMessage_OR/Page_Mattermost/input_All team communication in one place, _a3edc6'

2021-05-29 01:23:38 - [TEST_STEP][PASSED] - click(findTestObject("Object Repository/DeleteMessage_OR/Page_Town Square - TOKEN_UPDATED Mattermost/span_Test 77777")): Object: 'Object Repository/DeleteMessage_OR/Page_Town Square - TOKEN_UPDATED Mattermost/span_Test 77777' is clicked on

2021-05-29 01:24:10 - [MESSAGE][INFO] - Unable to find the element located by 'By.xpath: //*[(text() = 'Test 77777' or . = 'Test 77777')]'. Please recheck the objects properties to make sure the desired element is located. 

2021-05-29 01:24:10 - [MESSAGE][WARNING] - [SELF-HEALING] Failed to find element with id 'Object Repository/DeleteMessage_OR/Page_Town Square - TOKEN_UPDATED Mattermost/span_Test 77777'. Try using Self-healing.

2021-05-29 01:24:10 - [MESSAGE][WARNING] - [SELF-HEALING] The current locator of test object 'Object Repository/DeleteMessage_OR/Page_Town Square - TOKEN_UPDATED Mattermost/span_Test 77777' was broken. Propose an alternative one: '(.//*[normalize-space(text()) and normalize-space(.)='Test 111223'])[1]/preceding::span[2]'.

2021-05-29 01:24:10 - [MESSAGE][PASSED] - Object: 'Object Repository/DeleteMessage_OR/Page_Town Square - TOKEN_UPDATED Mattermost/span_Test 77777' is clicked on

2021-05-29 01:24:10 - [TEST_STEP][PASSED] - mouseOver(findTestObject("Object Repository/DeleteMessage_OR/Page_Test 77777 - TOKEN_UPDATED Mattermost/div_ngoctin12345747 PM213154645")): Object: 'Object Repository/DeleteMessage_OR/Page_Test 77777 - TOKEN_UPDATED Mattermost/div_ngoctin12345747 PM213154645' is hovered

2021-05-29 01:24:42 - [MESSAGE][INFO] - Unable to find the element located by 'By.xpath: //*[@class = 'a11y__section post cursor--pointer  other--root  current--user' and (text() = 'ngoctin123457:47 PM213154645' or . = 'ngoctin123457:47 PM213154645')]'. Please recheck the objects properties to make sure the desired element is located. 

2021-05-29 01:24:42 - [MESSAGE][WARNING] - [SELF-HEALING] Failed to find element with id 'Object Repository/DeleteMessage_OR/Page_Test 77777 - TOKEN_UPDATED Mattermost/div_ngoctin12345747 PM213154645'. Try using Self-healing.

2021-05-29 01:24:42 - [MESSAGE][WARNING] - [SELF-HEALING] The current locator of test object 'Object Repository/DeleteMessage_OR/Page_Test 77777 - TOKEN_UPDATED Mattermost/div_ngoctin12345747 PM213154645' was broken. Propose an alternative one: '//div[@id='postListContent']/div/div[2]/div/div[11]/div/div'.

2021-05-29 01:24:42 - [MESSAGE][PASSED] - Object: 'Object Repository/DeleteMessage_OR/Page_Test 77777 - TOKEN_UPDATED Mattermost/div_ngoctin12345747 PM213154645' is hovered

2021-05-29 01:24:42 - [TEST_STEP][PASSED] - click(findTestObject("Object Repository/DeleteMessage_OR/Page_Test 77777 - TOKEN_UPDATED Mattermost/svg")): Object: 'Object Repository/DeleteMessage_OR/Page_Test 77777 - TOKEN_UPDATED Mattermost/svg' is clicked on

2021-05-29 01:24:44 - [MESSAGE][PASSED] - Object: 'Object Repository/DeleteMessage_OR/Page_Test 77777 - TOKEN_UPDATED Mattermost/svg' is clicked on

2021-05-29 01:24:44 - [TEST_STEP][PASSED] - click(findTestObject("Object Repository/DeleteMessage_OR/Page_Test 77777 - TOKEN_UPDATED Mattermost/button_Reply")): Object: 'Object Repository/DeleteMessage_OR/Page_Test 77777 - TOKEN_UPDATED Mattermost/button_Reply' is clicked on

2021-05-29 01:25:16 - [MESSAGE][INFO] - Unable to find the element located by 'By.xpath: //div[@id='CENTER_dropdown_947745rotinbff747yofifz5yo']/ul/li/button'. Please recheck the objects properties to make sure the desired element is located. 

2021-05-29 01:25:16 - [MESSAGE][WARNING] - [SELF-HEALING] Failed to find element with id 'Object Repository/DeleteMessage_OR/Page_Test 77777 - TOKEN_UPDATED Mattermost/button_Reply'. Try using Self-healing.

2021-05-29 01:25:16 - [MESSAGE][WARNING] - [SELF-HEALING] The current locator of test object 'Object Repository/DeleteMessage_OR/Page_Test 77777 - TOKEN_UPDATED Mattermost/button_Reply' was broken. Propose an alternative one: '(.//*[normalize-space(text()) and normalize-space(.)='ngoctin12345'])[5]/following::button[2]'.

2021-05-29 01:25:17 - [MESSAGE][PASSED] - Object: 'Object Repository/DeleteMessage_OR/Page_Test 77777 - TOKEN_UPDATED Mattermost/button_Reply' is clicked on

2021-05-29 01:25:17 - [TEST_STEP][PASSED] - verifyElementPresent(findTestObject("Object Repository/DeleteMessage_OR/Page_Test 77777 - TOKEN_UPDATED Mattermost/span_ThreadTest 77777"), 0): Object 'Object Repository/DeleteMessage_OR/Page_Test 77777 - TOKEN_UPDATED Mattermost/span_ThreadTest 77777' is present

2021-05-29 01:25:17 - [MESSAGE][WARNING] - Timeout '0' is invalid. Using default page load timeout: '30'

2021-05-29 01:25:18 - [MESSAGE][PASSED] - Object 'Object Repository/DeleteMessage_OR/Page_Test 77777 - TOKEN_UPDATED Mattermost/span_ThreadTest 77777' is present

2021-05-29 01:25:18 - [TEST_STEP][PASSED] - setText(findTestObject("Object Repository/DeleteMessage_OR/Page_Test 77777 - TOKEN_UPDATED Mattermost/textarea_Add a comment_reply_textbox"), "message"): Text 'message' is set on object 'Object Repository/DeleteMessage_OR/Page_Test 77777 - TOKEN_UPDATED Mattermost/textarea_Add a comment_reply_textbox'

2021-05-29 01:25:20 - [MESSAGE][PASSED] - Text 'message' is set on object 'Object Repository/DeleteMessage_OR/Page_Test 77777 - TOKEN_UPDATED Mattermost/textarea_Add a comment_reply_textbox'

2021-05-29 01:25:20 - [TEST_STEP][PASSED] - click(findTestObject("Object Repository/DeleteMessage_OR/Page_Test 77777 - TOKEN_UPDATED Mattermost/input_Help_addCommentButton")): Object: 'Object Repository/DeleteMessage_OR/Page_Test 77777 - TOKEN_UPDATED Mattermost/input_Help_addCommentButton' is clicked on

2021-05-29 01:25:21 - [MESSAGE][PASSED] - Object: 'Object Repository/DeleteMessage_OR/Page_Test 77777 - TOKEN_UPDATED Mattermost/input_Help_addCommentButton' is clicked on

2021-05-29 01:25:21 - [TEST_STEP][PASSED] - closeBrowser(): Browser is closed

2021-05-29 01:25:22 - [MESSAGE][PASSED] - Browser is closed]]></system-out>
         <system-err><![CDATA[]]></system-err>
      </testcase>
      <testcase name="Test Cases/SearchInChannelWithFilterGUI" time="83.653" classname="Test Cases/SearchInChannelWithFilterGUI" status="FAILED">
         <failure type="FAILED" message="Test Cases/SearchInChannelWithFilterGUI FAILED.
Reason:
com.kms.katalon.core.exception.StepFailedException: Unable to click on object 'Object Repository/Page_Test - TOKEN_UPDATED Mattermost/span_Jump'
	at com.kms.katalon.core.webui.keyword.internal.WebUIKeywordMain.stepFailed(WebUIKeywordMain.groovy:64)
	at com.kms.katalon.core.webui.keyword.internal.WebUIKeywordMain.runKeyword(WebUIKeywordMain.groovy:26)
	at com.kms.katalon.core.webui.keyword.builtin.ClickKeyword.click(ClickKeyword.groovy:75)
	at com.kms.katalon.core.webui.keyword.builtin.ClickKeyword.execute(ClickKeyword.groovy:42)
	at com.kms.katalon.core.keyword.internal.KeywordExecutor.executeKeywordForPlatform(KeywordExecutor.groovy:73)
	at com.kms.katalon.core.webui.keyword.WebUiBuiltInKeywords.click(WebUiBuiltInKeywords.groovy:619)
	at com.kms.katalon.core.webui.keyword.WebUiBuiltInKeywords$click$4.call(Unknown Source)
	at SearchInChannelWithFilterGUI.run(SearchInChannelWithFilterGUI:50)
	at com.kms.katalon.core.main.ScriptEngine.run(ScriptEngine.java:194)
	at com.kms.katalon.core.main.ScriptEngine.runScriptAsRawText(ScriptEngine.java:119)
	at com.kms.katalon.core.main.TestCaseExecutor.runScript(TestCaseExecutor.java:398)
	at com.kms.katalon.core.main.TestCaseExecutor.doExecute(TestCaseExecutor.java:389)
	at com.kms.katalon.core.main.TestCaseExecutor.processExecutionPhase(TestCaseExecutor.java:368)
	at com.kms.katalon.core.main.TestCaseExecutor.accessMainPhase(TestCaseExecutor.java:360)
	at com.kms.katalon.core.main.TestCaseExecutor.execute(TestCaseExecutor.java:255)
	at com.kms.katalon.core.main.TestSuiteExecutor.accessTestCaseMainPhase(TestSuiteExecutor.java:203)
	at com.kms.katalon.core.main.TestSuiteExecutor.accessTestSuiteMainPhase(TestSuiteExecutor.java:152)
	at com.kms.katalon.core.main.TestSuiteExecutor.execute(TestSuiteExecutor.java:95)
	at com.kms.katalon.core.main.TestCaseMain.startTestSuite(TestCaseMain.java:157)
	at com.kms.katalon.core.main.TestCaseMain$startTestSuite$0.call(Unknown Source)
	at TempTestSuite1622224263190.run(TempTestSuite1622224263190.groovy:39)
Caused by: org.openqa.selenium.ElementNotInteractableException: element not interactable
  (Session info: chrome=90.0.4430.212)
Build info: version: '3.141.59', revision: 'e82be7d358', time: '2018-11-14T08:25:53'
System info: host: 'DESKTOP-0HE72I0', ip: '192.168.243.2', os.name: 'Windows 10', os.arch: 'amd64', os.version: '10.0', java.version: '1.8.0_282'
Driver info: com.kms.katalon.selenium.driver.CChromeDriver
Capabilities {acceptInsecureCerts: false, browserName: chrome, browserVersion: 90.0.4430.212, chrome: {chromedriverVersion: 90.0.4430.24 (4c6d850f087da..., userDataDir: C:\Users\tanth\AppData\Loca...}, goog:chromeOptions: {debuggerAddress: localhost:51781}, javascriptEnabled: true, networkConnectionEnabled: false, pageLoadStrategy: normal, platform: WINDOWS, platformName: WINDOWS, proxy: Proxy(), setWindowRect: true, strictFileInteractability: false, timeouts: {implicit: 0, pageLoad: 300000, script: 30000}, unhandledPromptBehavior: dismiss and notify, webauthn:extension:largeBlob: true, webauthn:virtualAuthenticators: true}
Session ID: 4e609e64c408afb4b5eb315a83b07277
	at org.openqa.selenium.remote.http.W3CHttpResponseCodec.createException(W3CHttpResponseCodec.java:187)
	at org.openqa.selenium.remote.http.W3CHttpResponseCodec.decode(W3CHttpResponseCodec.java:122)
	at org.openqa.selenium.remote.http.W3CHttpResponseCodec.decode(W3CHttpResponseCodec.java:49)
	at org.openqa.selenium.remote.HttpCommandExecutor.execute(HttpCommandExecutor.java:158)
	at org.openqa.selenium.remote.service.DriverCommandExecutor.execute(DriverCommandExecutor.java:83)
	at org.openqa.selenium.remote.RemoteWebDriver.execute(RemoteWebDriver.java:552)
	at com.kms.katalon.selenium.driver.CChromeDriver.execute(CChromeDriver.java:19)
	at org.openqa.selenium.remote.RemoteWebElement.execute(RemoteWebElement.java:285)
	at org.openqa.selenium.remote.RemoteWebElement.click(RemoteWebElement.java:84)
	at org.openqa.selenium.support.events.EventFiringWebDriver$EventFiringWebElement.lambda$new$0(EventFiringWebDriver.java:404)
	at com.sun.proxy.$Proxy11.click(Unknown Source)
	at org.openqa.selenium.support.events.EventFiringWebDriver$EventFiringWebElement.click(EventFiringWebDriver.java:417)
	at com.kms.katalon.core.webui.keyword.builtin.ClickKeyword$_click_closure1.doCall(ClickKeyword.groovy:68)
	at com.kms.katalon.core.webui.keyword.builtin.ClickKeyword$_click_closure1.call(ClickKeyword.groovy)
	at com.kms.katalon.core.webui.keyword.internal.WebUIKeywordMain.runKeyword(WebUIKeywordMain.groovy:20)
	... 19 more
"/>
         <system-out><![CDATA[2021-05-29 01:25:22 - [TEST_CASE][FAILED] - Test Cases/SearchInChannelWithFilterGUI: Test Cases/SearchInChannelWithFilterGUI FAILED.
Reason:
com.kms.katalon.core.exception.StepFailedException: Unable to click on object 'Object Repository/Page_Test - TOKEN_UPDATED Mattermost/span_Jump'
	at com.kms.katalon.core.webui.keyword.internal.WebUIKeywordMain.stepFailed(WebUIKeywordMain.groovy:64)
	at com.kms.katalon.core.webui.keyword.internal.WebUIKeywordMain.runKeyword(WebUIKeywordMain.groovy:26)
	at com.kms.katalon.core.webui.keyword.builtin.ClickKeyword.click(ClickKeyword.groovy:75)
	at com.kms.katalon.core.webui.keyword.builtin.ClickKeyword.execute(ClickKeyword.groovy:42)
	at com.kms.katalon.core.keyword.internal.KeywordExecutor.executeKeywordForPlatform(KeywordExecutor.groovy:73)
	at com.kms.katalon.core.webui.keyword.WebUiBuiltInKeywords.click(WebUiBuiltInKeywords.groovy:619)
	at com.kms.katalon.core.webui.keyword.WebUiBuiltInKeywords$click$4.call(Unknown Source)
	at SearchInChannelWithFilterGUI.run(SearchInChannelWithFilterGUI:50)
	at com.kms.katalon.core.main.ScriptEngine.run(ScriptEngine.java:194)
	at com.kms.katalon.core.main.ScriptEngine.runScriptAsRawText(ScriptEngine.java:119)
	at com.kms.katalon.core.main.TestCaseExecutor.runScript(TestCaseExecutor.java:398)
	at com.kms.katalon.core.main.TestCaseExecutor.doExecute(TestCaseExecutor.java:389)
	at com.kms.katalon.core.main.TestCaseExecutor.processExecutionPhase(TestCaseExecutor.java:368)
	at com.kms.katalon.core.main.TestCaseExecutor.accessMainPhase(TestCaseExecutor.java:360)
	at com.kms.katalon.core.main.TestCaseExecutor.execute(TestCaseExecutor.java:255)
	at com.kms.katalon.core.main.TestSuiteExecutor.accessTestCaseMainPhase(TestSuiteExecutor.java:203)
	at com.kms.katalon.core.main.TestSuiteExecutor.accessTestSuiteMainPhase(TestSuiteExecutor.java:152)
	at com.kms.katalon.core.main.TestSuiteExecutor.execute(TestSuiteExecutor.java:95)
	at com.kms.katalon.core.main.TestCaseMain.startTestSuite(TestCaseMain.java:157)
	at com.kms.katalon.core.main.TestCaseMain$startTestSuite$0.call(Unknown Source)
	at TempTestSuite1622224263190.run(TempTestSuite1622224263190.groovy:39)
Caused by: org.openqa.selenium.ElementNotInteractableException: element not interactable
  (Session info: chrome=90.0.4430.212)
Build info: version: '3.141.59', revision: 'e82be7d358', time: '2018-11-14T08:25:53'
System info: host: 'DESKTOP-0HE72I0', ip: '192.168.243.2', os.name: 'Windows 10', os.arch: 'amd64', os.version: '10.0', java.version: '1.8.0_282'
Driver info: com.kms.katalon.selenium.driver.CChromeDriver
Capabilities {acceptInsecureCerts: false, browserName: chrome, browserVersion: 90.0.4430.212, chrome: {chromedriverVersion: 90.0.4430.24 (4c6d850f087da..., userDataDir: C:\Users\tanth\AppData\Loca...}, goog:chromeOptions: {debuggerAddress: localhost:51781}, javascriptEnabled: true, networkConnectionEnabled: false, pageLoadStrategy: normal, platform: WINDOWS, platformName: WINDOWS, proxy: Proxy(), setWindowRect: true, strictFileInteractability: false, timeouts: {implicit: 0, pageLoad: 300000, script: 30000}, unhandledPromptBehavior: dismiss and notify, webauthn:extension:largeBlob: true, webauthn:virtualAuthenticators: true}
Session ID: 4e609e64c408afb4b5eb315a83b07277
	at org.openqa.selenium.remote.http.W3CHttpResponseCodec.createException(W3CHttpResponseCodec.java:187)
	at org.openqa.selenium.remote.http.W3CHttpResponseCodec.decode(W3CHttpResponseCodec.java:122)
	at org.openqa.selenium.remote.http.W3CHttpResponseCodec.decode(W3CHttpResponseCodec.java:49)
	at org.openqa.selenium.remote.HttpCommandExecutor.execute(HttpCommandExecutor.java:158)
	at org.openqa.selenium.remote.service.DriverCommandExecutor.execute(DriverCommandExecutor.java:83)
	at org.openqa.selenium.remote.RemoteWebDriver.execute(RemoteWebDriver.java:552)
	at com.kms.katalon.selenium.driver.CChromeDriver.execute(CChromeDriver.java:19)
	at org.openqa.selenium.remote.RemoteWebElement.execute(RemoteWebElement.java:285)
	at org.openqa.selenium.remote.RemoteWebElement.click(RemoteWebElement.java:84)
	at org.openqa.selenium.support.events.EventFiringWebDriver$EventFiringWebElement.lambda$new$0(EventFiringWebDriver.java:404)
	at com.sun.proxy.$Proxy11.click(Unknown Source)
	at org.openqa.selenium.support.events.EventFiringWebDriver$EventFiringWebElement.click(EventFiringWebDriver.java:417)
	at com.kms.katalon.core.webui.keyword.builtin.ClickKeyword$_click_closure1.doCall(ClickKeyword.groovy:68)
	at com.kms.katalon.core.webui.keyword.builtin.ClickKeyword$_click_closure1.call(ClickKeyword.groovy)
	at com.kms.katalon.core.webui.keyword.internal.WebUIKeywordMain.runKeyword(WebUIKeywordMain.groovy:20)
	... 19 more


2021-05-29 01:25:23 - [TEST_STEP][PASSED] - openBrowser(""): Browser is opened with url: ''

2021-05-29 01:25:23 - [MESSAGE][INFO] - Starting 'Chrome' driver

2021-05-29 01:25:23 - [MESSAGE][INFO] - Action delay is set to 0 milliseconds

2021-05-29 01:25:26 - [MESSAGE][PASSED] - Browser is opened with url: ''

2021-05-29 01:25:26 - [TEST_STEP][PASSED] - navigateToUrl("https://cdnc-group2.herokuapp.com/"): Navigate to 'https://cdnc-group2.herokuapp.com/' successfully

2021-05-29 01:25:30 - [MESSAGE][PASSED] - Navigate to 'https://cdnc-group2.herokuapp.com/' successfully

2021-05-29 01:25:30 - [TEST_STEP][PASSED] - setText(findTestObject("Object Repository/Page_Mattermost/input_All team communication in one place, _dcc84b"), "ngoctin040999@gmail.com"): Text 'ngoctin040999@gmail.com' is set on object 'Object Repository/Page_Mattermost/input_All team communication in one place, _dcc84b'

2021-05-29 01:25:36 - [MESSAGE][PASSED] - Text 'ngoctin040999@gmail.com' is set on object 'Object Repository/Page_Mattermost/input_All team communication in one place, _dcc84b'

2021-05-29 01:25:36 - [TEST_STEP][PASSED] - setEncryptedText(findTestObject("Object Repository/Page_Mattermost/input_All team communication in one place, _a3edc6"), "S8w1SJvl7D1hts9IdMV+NQ=="): Text ****** has been set on object 'Object Repository/Page_Mattermost/input_All team communication in one place, _a3edc6'

2021-05-29 01:25:37 - [MESSAGE][PASSED] - Text ****** has been set on object 'Object Repository/Page_Mattermost/input_All team communication in one place, _a3edc6'

2021-05-29 01:25:37 - [TEST_STEP][PASSED] - click(findTestObject("Object Repository/Page_Mattermost/button_Sign in")): Object: 'Object Repository/Page_Mattermost/button_Sign in' is clicked on

2021-05-29 01:25:37 - [MESSAGE][PASSED] - Object: 'Object Repository/Page_Mattermost/button_Sign in' is clicked on

2021-05-29 01:25:37 - [TEST_STEP][PASSED] - if (findTestObject("Object Repository/Page_Town Square - TOKEN_UPDATED Mattermost/span_Test") == null): null

2021-05-29 01:25:38 - [TEST_STEP][PASSED] - click(findTestObject("Object Repository/Page_Town Square - TOKEN_UPDATED Mattermost/span_Test")): Object: 'Object Repository/Page_Town Square - TOKEN_UPDATED Mattermost/span_Test' is clicked on

2021-05-29 01:26:09 - [MESSAGE][INFO] - Unable to find the element located by 'By.xpath: //a[@id='sidebarItem_test']/span[2]/span'. Please recheck the objects properties to make sure the desired element is located. 

2021-05-29 01:26:09 - [MESSAGE][WARNING] - [SELF-HEALING] Failed to find element with id 'Object Repository/Page_Town Square - TOKEN_UPDATED Mattermost/span_Test'. Try using Self-healing.

2021-05-29 01:26:09 - [MESSAGE][WARNING] - [SELF-HEALING] The current locator of test object 'Object Repository/Page_Town Square - TOKEN_UPDATED Mattermost/span_Test' was broken. Propose an alternative one: '(.//*[normalize-space(text()) and normalize-space(.)='+'])[2]/following::span[3]'.

2021-05-29 01:26:09 - [MESSAGE][PASSED] - Object: 'Object Repository/Page_Town Square - TOKEN_UPDATED Mattermost/span_Test' is clicked on

2021-05-29 01:26:09 - [TEST_STEP][PASSED] - click(findTestObject("Object Repository/Page_Test - TOKEN_UPDATED Mattermost/button_Test_channelHeaderSearchButton")): Object: 'Object Repository/Page_Test - TOKEN_UPDATED Mattermost/button_Test_channelHeaderSearchButton' is clicked on

2021-05-29 01:26:11 - [MESSAGE][PASSED] - Object: 'Object Repository/Page_Test - TOKEN_UPDATED Mattermost/button_Test_channelHeaderSearchButton' is clicked on

2021-05-29 01:26:11 - [TEST_STEP][PASSED] - click(findTestObject("Object Repository/Page_Test - TOKEN_UPDATED Mattermost/li_FromMessages from a user")): Object: 'Object Repository/Page_Test - TOKEN_UPDATED Mattermost/li_FromMessages from a user' is clicked on

2021-05-29 01:26:11 - [MESSAGE][PASSED] - Object: 'Object Repository/Page_Test - TOKEN_UPDATED Mattermost/li_FromMessages from a user' is clicked on

2021-05-29 01:26:11 - [TEST_STEP][PASSED] - setText(findTestObject("Object Repository/Page_Test - TOKEN_UPDATED Mattermost/input_Test_searchBox"), "From:ngoctin12345"): Text 'From:ngoctin12345' is set on object 'Object Repository/Page_Test - TOKEN_UPDATED Mattermost/input_Test_searchBox'

2021-05-29 01:26:13 - [MESSAGE][PASSED] - Text 'From:ngoctin12345' is set on object 'Object Repository/Page_Test - TOKEN_UPDATED Mattermost/input_Test_searchBox'

2021-05-29 01:26:13 - [TEST_STEP][PASSED] - sendKeys(findTestObject("Object Repository/Page_Test - TOKEN_UPDATED Mattermost/input_Test_searchBox"), Keys.chord(ENTER)): Keys 'ENTER + ' sent to object: 'Object Repository/Page_Test - TOKEN_UPDATED Mattermost/input_Test_searchBox'

2021-05-29 01:26:14 - [MESSAGE][PASSED] - Keys 'ENTER + ' sent to object: 'Object Repository/Page_Test - TOKEN_UPDATED Mattermost/input_Test_searchBox'

2021-05-29 01:26:14 - [TEST_STEP][PASSED] - if (findTestObject("Object Repository/Page_Test - TOKEN_UPDATED Mattermost/span_Jump") == null): null

2021-05-29 01:26:14 - [TEST_STEP][FAILED] - click(findTestObject("Object Repository/Page_Test - TOKEN_UPDATED Mattermost/span_Jump")): Unable to click on object 'Object Repository/Page_Test - TOKEN_UPDATED Mattermost/span_Jump' (Root cause: com.kms.katalon.core.exception.StepFailedException: Unable to click on object 'Object Repository/Page_Test - TOKEN_UPDATED Mattermost/span_Jump'
	at com.kms.katalon.core.webui.keyword.internal.WebUIKeywordMain.stepFailed(WebUIKeywordMain.groovy:64)
	at com.kms.katalon.core.webui.keyword.internal.WebUIKeywordMain.runKeyword(WebUIKeywordMain.groovy:26)
	at com.kms.katalon.core.webui.keyword.builtin.ClickKeyword.click(ClickKeyword.groovy:75)
	at com.kms.katalon.core.webui.keyword.builtin.ClickKeyword.execute(ClickKeyword.groovy:42)
	at com.kms.katalon.core.keyword.internal.KeywordExecutor.executeKeywordForPlatform(KeywordExecutor.groovy:73)
	at com.kms.katalon.core.webui.keyword.WebUiBuiltInKeywords.click(WebUiBuiltInKeywords.groovy:619)
	at com.kms.katalon.core.webui.keyword.WebUiBuiltInKeywords$click$4.call(Unknown Source)
	at SearchInChannelWithFilterGUI.run(SearchInChannelWithFilterGUI:50)
	at com.kms.katalon.core.main.ScriptEngine.run(ScriptEngine.java:194)
	at com.kms.katalon.core.main.ScriptEngine.runScriptAsRawText(ScriptEngine.java:119)
	at com.kms.katalon.core.main.TestCaseExecutor.runScript(TestCaseExecutor.java:398)
	at com.kms.katalon.core.main.TestCaseExecutor.doExecute(TestCaseExecutor.java:389)
	at com.kms.katalon.core.main.TestCaseExecutor.processExecutionPhase(TestCaseExecutor.java:368)
	at com.kms.katalon.core.main.TestCaseExecutor.accessMainPhase(TestCaseExecutor.java:360)
	at com.kms.katalon.core.main.TestCaseExecutor.execute(TestCaseExecutor.java:255)
	at com.kms.katalon.core.main.TestSuiteExecutor.accessTestCaseMainPhase(TestSuiteExecutor.java:203)
	at com.kms.katalon.core.main.TestSuiteExecutor.accessTestSuiteMainPhase(TestSuiteExecutor.java:152)
	at com.kms.katalon.core.main.TestSuiteExecutor.execute(TestSuiteExecutor.java:95)
	at com.kms.katalon.core.main.TestCaseMain.startTestSuite(TestCaseMain.java:157)
	at com.kms.katalon.core.main.TestCaseMain$startTestSuite$0.call(Unknown Source)
	at TempTestSuite1622224263190.run(TempTestSuite1622224263190.groovy:39)
Caused by: org.openqa.selenium.ElementNotInteractableException: element not interactable
  (Session info: chrome=90.0.4430.212)
Build info: version: '3.141.59', revision: 'e82be7d358', time: '2018-11-14T08:25:53'
System info: host: 'DESKTOP-0HE72I0', ip: '192.168.243.2', os.name: 'Windows 10', os.arch: 'amd64', os.version: '10.0', java.version: '1.8.0_282'
Driver info: com.kms.katalon.selenium.driver.CChromeDriver
Capabilities {acceptInsecureCerts: false, browserName: chrome, browserVersion: 90.0.4430.212, chrome: {chromedriverVersion: 90.0.4430.24 (4c6d850f087da..., userDataDir: C:\Users\tanth\AppData\Loca...}, goog:chromeOptions: {debuggerAddress: localhost:51781}, javascriptEnabled: true, networkConnectionEnabled: false, pageLoadStrategy: normal, platform: WINDOWS, platformName: WINDOWS, proxy: Proxy(), setWindowRect: true, strictFileInteractability: false, timeouts: {implicit: 0, pageLoad: 300000, script: 30000}, unhandledPromptBehavior: dismiss and notify, webauthn:extension:largeBlob: true, webauthn:virtualAuthenticators: true}
Session ID: 4e609e64c408afb4b5eb315a83b07277
	at org.openqa.selenium.remote.http.W3CHttpResponseCodec.createException(W3CHttpResponseCodec.java:187)
	at org.openqa.selenium.remote.http.W3CHttpResponseCodec.decode(W3CHttpResponseCodec.java:122)
	at org.openqa.selenium.remote.http.W3CHttpResponseCodec.decode(W3CHttpResponseCodec.java:49)
	at org.openqa.selenium.remote.HttpCommandExecutor.execute(HttpCommandExecutor.java:158)
	at org.openqa.selenium.remote.service.DriverCommandExecutor.execute(DriverCommandExecutor.java:83)
	at org.openqa.selenium.remote.RemoteWebDriver.execute(RemoteWebDriver.java:552)
	at com.kms.katalon.selenium.driver.CChromeDriver.execute(CChromeDriver.java:19)
	at org.openqa.selenium.remote.RemoteWebElement.execute(RemoteWebElement.java:285)
	at org.openqa.selenium.remote.RemoteWebElement.click(RemoteWebElement.java:84)
	at org.openqa.selenium.support.events.EventFiringWebDriver$EventFiringWebElement.lambda$new$0(EventFiringWebDriver.java:404)
	at com.sun.proxy.$Proxy11.click(Unknown Source)
	at org.openqa.selenium.support.events.EventFiringWebDriver$EventFiringWebElement.click(EventFiringWebDriver.java:417)
	at com.kms.katalon.core.webui.keyword.builtin.ClickKeyword$_click_closure1.doCall(ClickKeyword.groovy:68)
	at com.kms.katalon.core.webui.keyword.builtin.ClickKeyword$_click_closure1.call(ClickKeyword.groovy)
	at com.kms.katalon.core.webui.keyword.internal.WebUIKeywordMain.runKeyword(WebUIKeywordMain.groovy:20)
	at com.kms.katalon.core.webui.keyword.builtin.ClickKeyword.click(ClickKeyword.groovy:75)
	at com.kms.katalon.core.webui.keyword.builtin.ClickKeyword.execute(ClickKeyword.groovy:42)
	at com.kms.katalon.core.keyword.internal.KeywordExecutor.executeKeywordForPlatform(KeywordExecutor.groovy:73)
	at com.kms.katalon.core.webui.keyword.WebUiBuiltInKeywords.click(WebUiBuiltInKeywords.groovy:619)
	at com.kms.katalon.core.webui.keyword.WebUiBuiltInKeywords$click$4.call(Unknown Source)
	at Script1621695952223.run(Script1621695952223.groovy:50)
	... 13 more
)

2021-05-29 01:26:46 - [MESSAGE][INFO] - Unable to find the element located by 'By.xpath: //div[@id='search-items-container']/div/div[2]/div[2]/div[2]/div/div[3]/a/span'. Please recheck the objects properties to make sure the desired element is located. 

2021-05-29 01:26:46 - [MESSAGE][WARNING] - [SELF-HEALING] Failed to find element with id 'Object Repository/Page_Test - TOKEN_UPDATED Mattermost/span_Jump'. Try using Self-healing.

2021-05-29 01:26:46 - [MESSAGE][WARNING] - [SELF-HEALING] The current locator of test object 'Object Repository/Page_Test - TOKEN_UPDATED Mattermost/span_Jump' was broken. Propose an alternative one: '(.//*[normalize-space(text()) and normalize-space(.)='@ngoctin12345'])[1]/preceding::span[1]'.

2021-05-29 01:26:46 - [MESSAGE][FAILED] - Unable to click on object 'Object Repository/Page_Test - TOKEN_UPDATED Mattermost/span_Jump' (Root cause: com.kms.katalon.core.exception.StepFailedException: Unable to click on object 'Object Repository/Page_Test - TOKEN_UPDATED Mattermost/span_Jump'
	at com.kms.katalon.core.webui.keyword.internal.WebUIKeywordMain.stepFailed(WebUIKeywordMain.groovy:64)
	at com.kms.katalon.core.webui.keyword.internal.WebUIKeywordMain.runKeyword(WebUIKeywordMain.groovy:26)
	at com.kms.katalon.core.webui.keyword.builtin.ClickKeyword.click(ClickKeyword.groovy:75)
	at com.kms.katalon.core.webui.keyword.builtin.ClickKeyword.execute(ClickKeyword.groovy:42)
	at com.kms.katalon.core.keyword.internal.KeywordExecutor.executeKeywordForPlatform(KeywordExecutor.groovy:73)
	at com.kms.katalon.core.webui.keyword.WebUiBuiltInKeywords.click(WebUiBuiltInKeywords.groovy:619)
	at com.kms.katalon.core.webui.keyword.WebUiBuiltInKeywords$click$4.call(Unknown Source)
	at SearchInChannelWithFilterGUI.run(SearchInChannelWithFilterGUI:50)
	at com.kms.katalon.core.main.ScriptEngine.run(ScriptEngine.java:194)
	at com.kms.katalon.core.main.ScriptEngine.runScriptAsRawText(ScriptEngine.java:119)
	at com.kms.katalon.core.main.TestCaseExecutor.runScript(TestCaseExecutor.java:398)
	at com.kms.katalon.core.main.TestCaseExecutor.doExecute(TestCaseExecutor.java:389)
	at com.kms.katalon.core.main.TestCaseExecutor.processExecutionPhase(TestCaseExecutor.java:368)
	at com.kms.katalon.core.main.TestCaseExecutor.accessMainPhase(TestCaseExecutor.java:360)
	at com.kms.katalon.core.main.TestCaseExecutor.execute(TestCaseExecutor.java:255)
	at com.kms.katalon.core.main.TestSuiteExecutor.accessTestCaseMainPhase(TestSuiteExecutor.java:203)
	at com.kms.katalon.core.main.TestSuiteExecutor.accessTestSuiteMainPhase(TestSuiteExecutor.java:152)
	at com.kms.katalon.core.main.TestSuiteExecutor.execute(TestSuiteExecutor.java:95)
	at com.kms.katalon.core.main.TestCaseMain.startTestSuite(TestCaseMain.java:157)
	at com.kms.katalon.core.main.TestCaseMain$startTestSuite$0.call(Unknown Source)
	at TempTestSuite1622224263190.run(TempTestSuite1622224263190.groovy:39)
Caused by: org.openqa.selenium.ElementNotInteractableException: element not interactable
  (Session info: chrome=90.0.4430.212)
Build info: version: '3.141.59', revision: 'e82be7d358', time: '2018-11-14T08:25:53'
System info: host: 'DESKTOP-0HE72I0', ip: '192.168.243.2', os.name: 'Windows 10', os.arch: 'amd64', os.version: '10.0', java.version: '1.8.0_282'
Driver info: com.kms.katalon.selenium.driver.CChromeDriver
Capabilities {acceptInsecureCerts: false, browserName: chrome, browserVersion: 90.0.4430.212, chrome: {chromedriverVersion: 90.0.4430.24 (4c6d850f087da..., userDataDir: C:\Users\tanth\AppData\Loca...}, goog:chromeOptions: {debuggerAddress: localhost:51781}, javascriptEnabled: true, networkConnectionEnabled: false, pageLoadStrategy: normal, platform: WINDOWS, platformName: WINDOWS, proxy: Proxy(), setWindowRect: true, strictFileInteractability: false, timeouts: {implicit: 0, pageLoad: 300000, script: 30000}, unhandledPromptBehavior: dismiss and notify, webauthn:extension:largeBlob: true, webauthn:virtualAuthenticators: true}
Session ID: 4e609e64c408afb4b5eb315a83b07277
	at org.openqa.selenium.remote.http.W3CHttpResponseCodec.createException(W3CHttpResponseCodec.java:187)
	at org.openqa.selenium.remote.http.W3CHttpResponseCodec.decode(W3CHttpResponseCodec.java:122)
	at org.openqa.selenium.remote.http.W3CHttpResponseCodec.decode(W3CHttpResponseCodec.java:49)
	at org.openqa.selenium.remote.HttpCommandExecutor.execute(HttpCommandExecutor.java:158)
	at org.openqa.selenium.remote.service.DriverCommandExecutor.execute(DriverCommandExecutor.java:83)
	at org.openqa.selenium.remote.RemoteWebDriver.execute(RemoteWebDriver.java:552)
	at com.kms.katalon.selenium.driver.CChromeDriver.execute(CChromeDriver.java:19)
	at org.openqa.selenium.remote.RemoteWebElement.execute(RemoteWebElement.java:285)
	at org.openqa.selenium.remote.RemoteWebElement.click(RemoteWebElement.java:84)
	at org.openqa.selenium.support.events.EventFiringWebDriver$EventFiringWebElement.lambda$new$0(EventFiringWebDriver.java:404)
	at com.sun.proxy.$Proxy11.click(Unknown Source)
	at org.openqa.selenium.support.events.EventFiringWebDriver$EventFiringWebElement.click(EventFiringWebDriver.java:417)
	at com.kms.katalon.core.webui.keyword.builtin.ClickKeyword$_click_closure1.doCall(ClickKeyword.groovy:68)
	at com.kms.katalon.core.webui.keyword.builtin.ClickKeyword$_click_closure1.call(ClickKeyword.groovy)
	at com.kms.katalon.core.webui.keyword.internal.WebUIKeywordMain.runKeyword(WebUIKeywordMain.groovy:20)
	at com.kms.katalon.core.webui.keyword.builtin.ClickKeyword.click(ClickKeyword.groovy:75)
	at com.kms.katalon.core.webui.keyword.builtin.ClickKeyword.execute(ClickKeyword.groovy:42)
	at com.kms.katalon.core.keyword.internal.KeywordExecutor.executeKeywordForPlatform(KeywordExecutor.groovy:73)
	at com.kms.katalon.core.webui.keyword.WebUiBuiltInKeywords.click(WebUiBuiltInKeywords.groovy:619)
	at com.kms.katalon.core.webui.keyword.WebUiBuiltInKeywords$click$4.call(Unknown Source)
	at Script1621695952223.run(Script1621695952223.groovy:50)
	... 13 more
)
[[ATTACHMENT|C:\\Users\\tanth\\git\\katalon\\Reports\\20210529_005103\\Run all test cases\\20210529_005103\\1622226406402.png]]]]></system-out>
         <system-err><![CDATA[2021-05-29 01:25:22 - [TEST_CASE][FAILED] - Test Cases/SearchInChannelWithFilterGUI: Test Cases/SearchInChannelWithFilterGUI FAILED.
Reason:
com.kms.katalon.core.exception.StepFailedException: Unable to click on object 'Object Repository/Page_Test - TOKEN_UPDATED Mattermost/span_Jump'
	at com.kms.katalon.core.webui.keyword.internal.WebUIKeywordMain.stepFailed(WebUIKeywordMain.groovy:64)
	at com.kms.katalon.core.webui.keyword.internal.WebUIKeywordMain.runKeyword(WebUIKeywordMain.groovy:26)
	at com.kms.katalon.core.webui.keyword.builtin.ClickKeyword.click(ClickKeyword.groovy:75)
	at com.kms.katalon.core.webui.keyword.builtin.ClickKeyword.execute(ClickKeyword.groovy:42)
	at com.kms.katalon.core.keyword.internal.KeywordExecutor.executeKeywordForPlatform(KeywordExecutor.groovy:73)
	at com.kms.katalon.core.webui.keyword.WebUiBuiltInKeywords.click(WebUiBuiltInKeywords.groovy:619)
	at com.kms.katalon.core.webui.keyword.WebUiBuiltInKeywords$click$4.call(Unknown Source)
	at SearchInChannelWithFilterGUI.run(SearchInChannelWithFilterGUI:50)
	at com.kms.katalon.core.main.ScriptEngine.run(ScriptEngine.java:194)
	at com.kms.katalon.core.main.ScriptEngine.runScriptAsRawText(ScriptEngine.java:119)
	at com.kms.katalon.core.main.TestCaseExecutor.runScript(TestCaseExecutor.java:398)
	at com.kms.katalon.core.main.TestCaseExecutor.doExecute(TestCaseExecutor.java:389)
	at com.kms.katalon.core.main.TestCaseExecutor.processExecutionPhase(TestCaseExecutor.java:368)
	at com.kms.katalon.core.main.TestCaseExecutor.accessMainPhase(TestCaseExecutor.java:360)
	at com.kms.katalon.core.main.TestCaseExecutor.execute(TestCaseExecutor.java:255)
	at com.kms.katalon.core.main.TestSuiteExecutor.accessTestCaseMainPhase(TestSuiteExecutor.java:203)
	at com.kms.katalon.core.main.TestSuiteExecutor.accessTestSuiteMainPhase(TestSuiteExecutor.java:152)
	at com.kms.katalon.core.main.TestSuiteExecutor.execute(TestSuiteExecutor.java:95)
	at com.kms.katalon.core.main.TestCaseMain.startTestSuite(TestCaseMain.java:157)
	at com.kms.katalon.core.main.TestCaseMain$startTestSuite$0.call(Unknown Source)
	at TempTestSuite1622224263190.run(TempTestSuite1622224263190.groovy:39)
Caused by: org.openqa.selenium.ElementNotInteractableException: element not interactable
  (Session info: chrome=90.0.4430.212)
Build info: version: '3.141.59', revision: 'e82be7d358', time: '2018-11-14T08:25:53'
System info: host: 'DESKTOP-0HE72I0', ip: '192.168.243.2', os.name: 'Windows 10', os.arch: 'amd64', os.version: '10.0', java.version: '1.8.0_282'
Driver info: com.kms.katalon.selenium.driver.CChromeDriver
Capabilities {acceptInsecureCerts: false, browserName: chrome, browserVersion: 90.0.4430.212, chrome: {chromedriverVersion: 90.0.4430.24 (4c6d850f087da..., userDataDir: C:\Users\tanth\AppData\Loca...}, goog:chromeOptions: {debuggerAddress: localhost:51781}, javascriptEnabled: true, networkConnectionEnabled: false, pageLoadStrategy: normal, platform: WINDOWS, platformName: WINDOWS, proxy: Proxy(), setWindowRect: true, strictFileInteractability: false, timeouts: {implicit: 0, pageLoad: 300000, script: 30000}, unhandledPromptBehavior: dismiss and notify, webauthn:extension:largeBlob: true, webauthn:virtualAuthenticators: true}
Session ID: 4e609e64c408afb4b5eb315a83b07277
	at org.openqa.selenium.remote.http.W3CHttpResponseCodec.createException(W3CHttpResponseCodec.java:187)
	at org.openqa.selenium.remote.http.W3CHttpResponseCodec.decode(W3CHttpResponseCodec.java:122)
	at org.openqa.selenium.remote.http.W3CHttpResponseCodec.decode(W3CHttpResponseCodec.java:49)
	at org.openqa.selenium.remote.HttpCommandExecutor.execute(HttpCommandExecutor.java:158)
	at org.openqa.selenium.remote.service.DriverCommandExecutor.execute(DriverCommandExecutor.java:83)
	at org.openqa.selenium.remote.RemoteWebDriver.execute(RemoteWebDriver.java:552)
	at com.kms.katalon.selenium.driver.CChromeDriver.execute(CChromeDriver.java:19)
	at org.openqa.selenium.remote.RemoteWebElement.execute(RemoteWebElement.java:285)
	at org.openqa.selenium.remote.RemoteWebElement.click(RemoteWebElement.java:84)
	at org.openqa.selenium.support.events.EventFiringWebDriver$EventFiringWebElement.lambda$new$0(EventFiringWebDriver.java:404)
	at com.sun.proxy.$Proxy11.click(Unknown Source)
	at org.openqa.selenium.support.events.EventFiringWebDriver$EventFiringWebElement.click(EventFiringWebDriver.java:417)
	at com.kms.katalon.core.webui.keyword.builtin.ClickKeyword$_click_closure1.doCall(ClickKeyword.groovy:68)
	at com.kms.katalon.core.webui.keyword.builtin.ClickKeyword$_click_closure1.call(ClickKeyword.groovy)
	at com.kms.katalon.core.webui.keyword.internal.WebUIKeywordMain.runKeyword(WebUIKeywordMain.groovy:20)
	... 19 more]]></system-err>
      </testcase>
      <testcase name="Test Cases/SearchInChannelWithFilterKey" time="83.278" classname="Test Cases/SearchInChannelWithFilterKey" status="FAILED">
         <failure type="FAILED" message="Test Cases/SearchInChannelWithFilterKey FAILED.
Reason:
com.kms.katalon.core.exception.StepFailedException: Unable to click on object 'Object Repository/Page_Test - TOKEN_UPDATED Mattermost/span_Jump'
	at com.kms.katalon.core.webui.keyword.internal.WebUIKeywordMain.stepFailed(WebUIKeywordMain.groovy:64)
	at com.kms.katalon.core.webui.keyword.internal.WebUIKeywordMain.runKeyword(WebUIKeywordMain.groovy:26)
	at com.kms.katalon.core.webui.keyword.builtin.ClickKeyword.click(ClickKeyword.groovy:75)
	at com.kms.katalon.core.webui.keyword.builtin.ClickKeyword.execute(ClickKeyword.groovy:42)
	at com.kms.katalon.core.keyword.internal.KeywordExecutor.executeKeywordForPlatform(KeywordExecutor.groovy:73)
	at com.kms.katalon.core.webui.keyword.WebUiBuiltInKeywords.click(WebUiBuiltInKeywords.groovy:619)
	at com.kms.katalon.core.webui.keyword.WebUiBuiltInKeywords$click$4.call(Unknown Source)
	at SearchInChannelWithFilterKey.run(SearchInChannelWithFilterKey:48)
	at com.kms.katalon.core.main.ScriptEngine.run(ScriptEngine.java:194)
	at com.kms.katalon.core.main.ScriptEngine.runScriptAsRawText(ScriptEngine.java:119)
	at com.kms.katalon.core.main.TestCaseExecutor.runScript(TestCaseExecutor.java:398)
	at com.kms.katalon.core.main.TestCaseExecutor.doExecute(TestCaseExecutor.java:389)
	at com.kms.katalon.core.main.TestCaseExecutor.processExecutionPhase(TestCaseExecutor.java:368)
	at com.kms.katalon.core.main.TestCaseExecutor.accessMainPhase(TestCaseExecutor.java:360)
	at com.kms.katalon.core.main.TestCaseExecutor.execute(TestCaseExecutor.java:255)
	at com.kms.katalon.core.main.TestSuiteExecutor.accessTestCaseMainPhase(TestSuiteExecutor.java:203)
	at com.kms.katalon.core.main.TestSuiteExecutor.accessTestSuiteMainPhase(TestSuiteExecutor.java:152)
	at com.kms.katalon.core.main.TestSuiteExecutor.execute(TestSuiteExecutor.java:95)
	at com.kms.katalon.core.main.TestCaseMain.startTestSuite(TestCaseMain.java:157)
	at com.kms.katalon.core.main.TestCaseMain$startTestSuite$0.call(Unknown Source)
	at TempTestSuite1622224263190.run(TempTestSuite1622224263190.groovy:39)
Caused by: org.openqa.selenium.ElementNotInteractableException: element not interactable
  (Session info: chrome=90.0.4430.212)
Build info: version: '3.141.59', revision: 'e82be7d358', time: '2018-11-14T08:25:53'
System info: host: 'DESKTOP-0HE72I0', ip: '192.168.243.2', os.name: 'Windows 10', os.arch: 'amd64', os.version: '10.0', java.version: '1.8.0_282'
Driver info: com.kms.katalon.selenium.driver.CChromeDriver
Capabilities {acceptInsecureCerts: false, browserName: chrome, browserVersion: 90.0.4430.212, chrome: {chromedriverVersion: 90.0.4430.24 (4c6d850f087da..., userDataDir: C:\Users\tanth\AppData\Loca...}, goog:chromeOptions: {debuggerAddress: localhost:51820}, javascriptEnabled: true, networkConnectionEnabled: false, pageLoadStrategy: normal, platform: WINDOWS, platformName: WINDOWS, proxy: Proxy(), setWindowRect: true, strictFileInteractability: false, timeouts: {implicit: 0, pageLoad: 300000, script: 30000}, unhandledPromptBehavior: dismiss and notify, webauthn:extension:largeBlob: true, webauthn:virtualAuthenticators: true}
Session ID: 8c1b413961ead047b3e26017c0881a0a
	at org.openqa.selenium.remote.http.W3CHttpResponseCodec.createException(W3CHttpResponseCodec.java:187)
	at org.openqa.selenium.remote.http.W3CHttpResponseCodec.decode(W3CHttpResponseCodec.java:122)
	at org.openqa.selenium.remote.http.W3CHttpResponseCodec.decode(W3CHttpResponseCodec.java:49)
	at org.openqa.selenium.remote.HttpCommandExecutor.execute(HttpCommandExecutor.java:158)
	at org.openqa.selenium.remote.service.DriverCommandExecutor.execute(DriverCommandExecutor.java:83)
	at org.openqa.selenium.remote.RemoteWebDriver.execute(RemoteWebDriver.java:552)
	at com.kms.katalon.selenium.driver.CChromeDriver.execute(CChromeDriver.java:19)
	at org.openqa.selenium.remote.RemoteWebElement.execute(RemoteWebElement.java:285)
	at org.openqa.selenium.remote.RemoteWebElement.click(RemoteWebElement.java:84)
	at org.openqa.selenium.support.events.EventFiringWebDriver$EventFiringWebElement.lambda$new$0(EventFiringWebDriver.java:404)
	at com.sun.proxy.$Proxy11.click(Unknown Source)
	at org.openqa.selenium.support.events.EventFiringWebDriver$EventFiringWebElement.click(EventFiringWebDriver.java:417)
	at com.kms.katalon.core.webui.keyword.builtin.ClickKeyword$_click_closure1.doCall(ClickKeyword.groovy:68)
	at com.kms.katalon.core.webui.keyword.builtin.ClickKeyword$_click_closure1.call(ClickKeyword.groovy)
	at com.kms.katalon.core.webui.keyword.internal.WebUIKeywordMain.runKeyword(WebUIKeywordMain.groovy:20)
	... 19 more
"/>
         <system-out><![CDATA[2021-05-29 01:26:46 - [TEST_CASE][FAILED] - Test Cases/SearchInChannelWithFilterKey: Test Cases/SearchInChannelWithFilterKey FAILED.
Reason:
com.kms.katalon.core.exception.StepFailedException: Unable to click on object 'Object Repository/Page_Test - TOKEN_UPDATED Mattermost/span_Jump'
	at com.kms.katalon.core.webui.keyword.internal.WebUIKeywordMain.stepFailed(WebUIKeywordMain.groovy:64)
	at com.kms.katalon.core.webui.keyword.internal.WebUIKeywordMain.runKeyword(WebUIKeywordMain.groovy:26)
	at com.kms.katalon.core.webui.keyword.builtin.ClickKeyword.click(ClickKeyword.groovy:75)
	at com.kms.katalon.core.webui.keyword.builtin.ClickKeyword.execute(ClickKeyword.groovy:42)
	at com.kms.katalon.core.keyword.internal.KeywordExecutor.executeKeywordForPlatform(KeywordExecutor.groovy:73)
	at com.kms.katalon.core.webui.keyword.WebUiBuiltInKeywords.click(WebUiBuiltInKeywords.groovy:619)
	at com.kms.katalon.core.webui.keyword.WebUiBuiltInKeywords$click$4.call(Unknown Source)
	at SearchInChannelWithFilterKey.run(SearchInChannelWithFilterKey:48)
	at com.kms.katalon.core.main.ScriptEngine.run(ScriptEngine.java:194)
	at com.kms.katalon.core.main.ScriptEngine.runScriptAsRawText(ScriptEngine.java:119)
	at com.kms.katalon.core.main.TestCaseExecutor.runScript(TestCaseExecutor.java:398)
	at com.kms.katalon.core.main.TestCaseExecutor.doExecute(TestCaseExecutor.java:389)
	at com.kms.katalon.core.main.TestCaseExecutor.processExecutionPhase(TestCaseExecutor.java:368)
	at com.kms.katalon.core.main.TestCaseExecutor.accessMainPhase(TestCaseExecutor.java:360)
	at com.kms.katalon.core.main.TestCaseExecutor.execute(TestCaseExecutor.java:255)
	at com.kms.katalon.core.main.TestSuiteExecutor.accessTestCaseMainPhase(TestSuiteExecutor.java:203)
	at com.kms.katalon.core.main.TestSuiteExecutor.accessTestSuiteMainPhase(TestSuiteExecutor.java:152)
	at com.kms.katalon.core.main.TestSuiteExecutor.execute(TestSuiteExecutor.java:95)
	at com.kms.katalon.core.main.TestCaseMain.startTestSuite(TestCaseMain.java:157)
	at com.kms.katalon.core.main.TestCaseMain$startTestSuite$0.call(Unknown Source)
	at TempTestSuite1622224263190.run(TempTestSuite1622224263190.groovy:39)
Caused by: org.openqa.selenium.ElementNotInteractableException: element not interactable
  (Session info: chrome=90.0.4430.212)
Build info: version: '3.141.59', revision: 'e82be7d358', time: '2018-11-14T08:25:53'
System info: host: 'DESKTOP-0HE72I0', ip: '192.168.243.2', os.name: 'Windows 10', os.arch: 'amd64', os.version: '10.0', java.version: '1.8.0_282'
Driver info: com.kms.katalon.selenium.driver.CChromeDriver
Capabilities {acceptInsecureCerts: false, browserName: chrome, browserVersion: 90.0.4430.212, chrome: {chromedriverVersion: 90.0.4430.24 (4c6d850f087da..., userDataDir: C:\Users\tanth\AppData\Loca...}, goog:chromeOptions: {debuggerAddress: localhost:51820}, javascriptEnabled: true, networkConnectionEnabled: false, pageLoadStrategy: normal, platform: WINDOWS, platformName: WINDOWS, proxy: Proxy(), setWindowRect: true, strictFileInteractability: false, timeouts: {implicit: 0, pageLoad: 300000, script: 30000}, unhandledPromptBehavior: dismiss and notify, webauthn:extension:largeBlob: true, webauthn:virtualAuthenticators: true}
Session ID: 8c1b413961ead047b3e26017c0881a0a
	at org.openqa.selenium.remote.http.W3CHttpResponseCodec.createException(W3CHttpResponseCodec.java:187)
	at org.openqa.selenium.remote.http.W3CHttpResponseCodec.decode(W3CHttpResponseCodec.java:122)
	at org.openqa.selenium.remote.http.W3CHttpResponseCodec.decode(W3CHttpResponseCodec.java:49)
	at org.openqa.selenium.remote.HttpCommandExecutor.execute(HttpCommandExecutor.java:158)
	at org.openqa.selenium.remote.service.DriverCommandExecutor.execute(DriverCommandExecutor.java:83)
	at org.openqa.selenium.remote.RemoteWebDriver.execute(RemoteWebDriver.java:552)
	at com.kms.katalon.selenium.driver.CChromeDriver.execute(CChromeDriver.java:19)
	at org.openqa.selenium.remote.RemoteWebElement.execute(RemoteWebElement.java:285)
	at org.openqa.selenium.remote.RemoteWebElement.click(RemoteWebElement.java:84)
	at org.openqa.selenium.support.events.EventFiringWebDriver$EventFiringWebElement.lambda$new$0(EventFiringWebDriver.java:404)
	at com.sun.proxy.$Proxy11.click(Unknown Source)
	at org.openqa.selenium.support.events.EventFiringWebDriver$EventFiringWebElement.click(EventFiringWebDriver.java:417)
	at com.kms.katalon.core.webui.keyword.builtin.ClickKeyword$_click_closure1.doCall(ClickKeyword.groovy:68)
	at com.kms.katalon.core.webui.keyword.builtin.ClickKeyword$_click_closure1.call(ClickKeyword.groovy)
	at com.kms.katalon.core.webui.keyword.internal.WebUIKeywordMain.runKeyword(WebUIKeywordMain.groovy:20)
	... 19 more


2021-05-29 01:26:47 - [TEST_STEP][PASSED] - openBrowser(""): Browser is opened with url: ''

2021-05-29 01:26:47 - [MESSAGE][WARNING] - A browser is already opened. Closing browser and opening a new one

2021-05-29 01:26:48 - [MESSAGE][INFO] - Starting 'Chrome' driver

2021-05-29 01:26:48 - [MESSAGE][INFO] - Action delay is set to 0 milliseconds

2021-05-29 01:26:50 - [MESSAGE][PASSED] - Browser is opened with url: ''

2021-05-29 01:26:50 - [TEST_STEP][PASSED] - navigateToUrl("https://cdnc-group2.herokuapp.com/"): Navigate to 'https://cdnc-group2.herokuapp.com/' successfully

2021-05-29 01:26:54 - [MESSAGE][PASSED] - Navigate to 'https://cdnc-group2.herokuapp.com/' successfully

2021-05-29 01:26:54 - [TEST_STEP][PASSED] - setText(findTestObject("Object Repository/Page_Mattermost/input_All team communication in one place, _dcc84b"), "ngoctin040999@gmail.com"): Text 'ngoctin040999@gmail.com' is set on object 'Object Repository/Page_Mattermost/input_All team communication in one place, _dcc84b'

2021-05-29 01:27:00 - [MESSAGE][PASSED] - Text 'ngoctin040999@gmail.com' is set on object 'Object Repository/Page_Mattermost/input_All team communication in one place, _dcc84b'

2021-05-29 01:27:00 - [TEST_STEP][PASSED] - setEncryptedText(findTestObject("Object Repository/Page_Mattermost/input_All team communication in one place, _a3edc6"), "S8w1SJvl7D1hts9IdMV+NQ=="): Text ****** has been set on object 'Object Repository/Page_Mattermost/input_All team communication in one place, _a3edc6'

2021-05-29 01:27:00 - [MESSAGE][PASSED] - Text ****** has been set on object 'Object Repository/Page_Mattermost/input_All team communication in one place, _a3edc6'

2021-05-29 01:27:00 - [TEST_STEP][PASSED] - click(findTestObject("Object Repository/Page_Mattermost/span_Sign in")): Object: 'Object Repository/Page_Mattermost/span_Sign in' is clicked on

2021-05-29 01:27:01 - [MESSAGE][PASSED] - Object: 'Object Repository/Page_Mattermost/span_Sign in' is clicked on

2021-05-29 01:27:01 - [TEST_STEP][PASSED] - if (findTestObject("Object Repository/Page_Town Square - TOKEN_UPDATED Mattermost/span_Test") == null): null

2021-05-29 01:27:01 - [TEST_STEP][PASSED] - click(findTestObject("Object Repository/Page_Town Square - TOKEN_UPDATED Mattermost/span_Test")): Object: 'Object Repository/Page_Town Square - TOKEN_UPDATED Mattermost/span_Test' is clicked on

2021-05-29 01:27:33 - [MESSAGE][INFO] - Unable to find the element located by 'By.xpath: //a[@id='sidebarItem_test']/span[2]/span'. Please recheck the objects properties to make sure the desired element is located. 

2021-05-29 01:27:33 - [MESSAGE][WARNING] - [SELF-HEALING] Failed to find element with id 'Object Repository/Page_Town Square - TOKEN_UPDATED Mattermost/span_Test'. Try using Self-healing.

2021-05-29 01:27:33 - [MESSAGE][WARNING] - [SELF-HEALING] The current locator of test object 'Object Repository/Page_Town Square - TOKEN_UPDATED Mattermost/span_Test' was broken. Propose an alternative one: '(.//*[normalize-space(text()) and normalize-space(.)='+'])[2]/following::span[3]'.

2021-05-29 01:27:34 - [MESSAGE][PASSED] - Object: 'Object Repository/Page_Town Square - TOKEN_UPDATED Mattermost/span_Test' is clicked on

2021-05-29 01:27:34 - [TEST_STEP][PASSED] - click(findTestObject("Object Repository/Page_Test - TOKEN_UPDATED Mattermost/button_Test_channelHeaderSearchButton")): Object: 'Object Repository/Page_Test - TOKEN_UPDATED Mattermost/button_Test_channelHeaderSearchButton' is clicked on

2021-05-29 01:27:35 - [MESSAGE][PASSED] - Object: 'Object Repository/Page_Test - TOKEN_UPDATED Mattermost/button_Test_channelHeaderSearchButton' is clicked on

2021-05-29 01:27:35 - [TEST_STEP][PASSED] - setText(findTestObject("Object Repository/Page_Test - TOKEN_UPDATED Mattermost/input_Test_searchBox"), "from:ngoctin12345"): Text 'from:ngoctin12345' is set on object 'Object Repository/Page_Test - TOKEN_UPDATED Mattermost/input_Test_searchBox'

2021-05-29 01:27:36 - [MESSAGE][PASSED] - Text 'from:ngoctin12345' is set on object 'Object Repository/Page_Test - TOKEN_UPDATED Mattermost/input_Test_searchBox'

2021-05-29 01:27:36 - [TEST_STEP][PASSED] - sendKeys(findTestObject("Object Repository/Page_Test - TOKEN_UPDATED Mattermost/input_Test_searchBox"), Keys.chord(ENTER)): Keys 'ENTER + ' sent to object: 'Object Repository/Page_Test - TOKEN_UPDATED Mattermost/input_Test_searchBox'

2021-05-29 01:27:37 - [MESSAGE][PASSED] - Keys 'ENTER + ' sent to object: 'Object Repository/Page_Test - TOKEN_UPDATED Mattermost/input_Test_searchBox'

2021-05-29 01:27:37 - [TEST_STEP][PASSED] - if (findTestObject("Object Repository/Page_Test - TOKEN_UPDATED Mattermost/span_Jump") == null): null

2021-05-29 01:27:38 - [TEST_STEP][FAILED] - click(findTestObject("Object Repository/Page_Test - TOKEN_UPDATED Mattermost/span_Jump")): Unable to click on object 'Object Repository/Page_Test - TOKEN_UPDATED Mattermost/span_Jump' (Root cause: com.kms.katalon.core.exception.StepFailedException: Unable to click on object 'Object Repository/Page_Test - TOKEN_UPDATED Mattermost/span_Jump'
	at com.kms.katalon.core.webui.keyword.internal.WebUIKeywordMain.stepFailed(WebUIKeywordMain.groovy:64)
	at com.kms.katalon.core.webui.keyword.internal.WebUIKeywordMain.runKeyword(WebUIKeywordMain.groovy:26)
	at com.kms.katalon.core.webui.keyword.builtin.ClickKeyword.click(ClickKeyword.groovy:75)
	at com.kms.katalon.core.webui.keyword.builtin.ClickKeyword.execute(ClickKeyword.groovy:42)
	at com.kms.katalon.core.keyword.internal.KeywordExecutor.executeKeywordForPlatform(KeywordExecutor.groovy:73)
	at com.kms.katalon.core.webui.keyword.WebUiBuiltInKeywords.click(WebUiBuiltInKeywords.groovy:619)
	at com.kms.katalon.core.webui.keyword.WebUiBuiltInKeywords$click$4.call(Unknown Source)
	at SearchInChannelWithFilterKey.run(SearchInChannelWithFilterKey:48)
	at com.kms.katalon.core.main.ScriptEngine.run(ScriptEngine.java:194)
	at com.kms.katalon.core.main.ScriptEngine.runScriptAsRawText(ScriptEngine.java:119)
	at com.kms.katalon.core.main.TestCaseExecutor.runScript(TestCaseExecutor.java:398)
	at com.kms.katalon.core.main.TestCaseExecutor.doExecute(TestCaseExecutor.java:389)
	at com.kms.katalon.core.main.TestCaseExecutor.processExecutionPhase(TestCaseExecutor.java:368)
	at com.kms.katalon.core.main.TestCaseExecutor.accessMainPhase(TestCaseExecutor.java:360)
	at com.kms.katalon.core.main.TestCaseExecutor.execute(TestCaseExecutor.java:255)
	at com.kms.katalon.core.main.TestSuiteExecutor.accessTestCaseMainPhase(TestSuiteExecutor.java:203)
	at com.kms.katalon.core.main.TestSuiteExecutor.accessTestSuiteMainPhase(TestSuiteExecutor.java:152)
	at com.kms.katalon.core.main.TestSuiteExecutor.execute(TestSuiteExecutor.java:95)
	at com.kms.katalon.core.main.TestCaseMain.startTestSuite(TestCaseMain.java:157)
	at com.kms.katalon.core.main.TestCaseMain$startTestSuite$0.call(Unknown Source)
	at TempTestSuite1622224263190.run(TempTestSuite1622224263190.groovy:39)
Caused by: org.openqa.selenium.ElementNotInteractableException: element not interactable
  (Session info: chrome=90.0.4430.212)
Build info: version: '3.141.59', revision: 'e82be7d358', time: '2018-11-14T08:25:53'
System info: host: 'DESKTOP-0HE72I0', ip: '192.168.243.2', os.name: 'Windows 10', os.arch: 'amd64', os.version: '10.0', java.version: '1.8.0_282'
Driver info: com.kms.katalon.selenium.driver.CChromeDriver
Capabilities {acceptInsecureCerts: false, browserName: chrome, browserVersion: 90.0.4430.212, chrome: {chromedriverVersion: 90.0.4430.24 (4c6d850f087da..., userDataDir: C:\Users\tanth\AppData\Loca...}, goog:chromeOptions: {debuggerAddress: localhost:51820}, javascriptEnabled: true, networkConnectionEnabled: false, pageLoadStrategy: normal, platform: WINDOWS, platformName: WINDOWS, proxy: Proxy(), setWindowRect: true, strictFileInteractability: false, timeouts: {implicit: 0, pageLoad: 300000, script: 30000}, unhandledPromptBehavior: dismiss and notify, webauthn:extension:largeBlob: true, webauthn:virtualAuthenticators: true}
Session ID: 8c1b413961ead047b3e26017c0881a0a
	at org.openqa.selenium.remote.http.W3CHttpResponseCodec.createException(W3CHttpResponseCodec.java:187)
	at org.openqa.selenium.remote.http.W3CHttpResponseCodec.decode(W3CHttpResponseCodec.java:122)
	at org.openqa.selenium.remote.http.W3CHttpResponseCodec.decode(W3CHttpResponseCodec.java:49)
	at org.openqa.selenium.remote.HttpCommandExecutor.execute(HttpCommandExecutor.java:158)
	at org.openqa.selenium.remote.service.DriverCommandExecutor.execute(DriverCommandExecutor.java:83)
	at org.openqa.selenium.remote.RemoteWebDriver.execute(RemoteWebDriver.java:552)
	at com.kms.katalon.selenium.driver.CChromeDriver.execute(CChromeDriver.java:19)
	at org.openqa.selenium.remote.RemoteWebElement.execute(RemoteWebElement.java:285)
	at org.openqa.selenium.remote.RemoteWebElement.click(RemoteWebElement.java:84)
	at org.openqa.selenium.support.events.EventFiringWebDriver$EventFiringWebElement.lambda$new$0(EventFiringWebDriver.java:404)
	at com.sun.proxy.$Proxy11.click(Unknown Source)
	at org.openqa.selenium.support.events.EventFiringWebDriver$EventFiringWebElement.click(EventFiringWebDriver.java:417)
	at com.kms.katalon.core.webui.keyword.builtin.ClickKeyword$_click_closure1.doCall(ClickKeyword.groovy:68)
	at com.kms.katalon.core.webui.keyword.builtin.ClickKeyword$_click_closure1.call(ClickKeyword.groovy)
	at com.kms.katalon.core.webui.keyword.internal.WebUIKeywordMain.runKeyword(WebUIKeywordMain.groovy:20)
	at com.kms.katalon.core.webui.keyword.builtin.ClickKeyword.click(ClickKeyword.groovy:75)
	at com.kms.katalon.core.webui.keyword.builtin.ClickKeyword.execute(ClickKeyword.groovy:42)
	at com.kms.katalon.core.keyword.internal.KeywordExecutor.executeKeywordForPlatform(KeywordExecutor.groovy:73)
	at com.kms.katalon.core.webui.keyword.WebUiBuiltInKeywords.click(WebUiBuiltInKeywords.groovy:619)
	at com.kms.katalon.core.webui.keyword.WebUiBuiltInKeywords$click$4.call(Unknown Source)
	at Script1621696204422.run(Script1621696204422.groovy:48)
	... 13 more
)

2021-05-29 01:28:09 - [MESSAGE][INFO] - Unable to find the element located by 'By.xpath: //div[@id='search-items-container']/div/div[2]/div[2]/div[2]/div/div[3]/a/span'. Please recheck the objects properties to make sure the desired element is located. 

2021-05-29 01:28:09 - [MESSAGE][WARNING] - [SELF-HEALING] Failed to find element with id 'Object Repository/Page_Test - TOKEN_UPDATED Mattermost/span_Jump'. Try using Self-healing.

2021-05-29 01:28:09 - [MESSAGE][WARNING] - [SELF-HEALING] The current locator of test object 'Object Repository/Page_Test - TOKEN_UPDATED Mattermost/span_Jump' was broken. Propose an alternative one: '(.//*[normalize-space(text()) and normalize-space(.)='@ngoctin12345'])[1]/preceding::span[1]'.

2021-05-29 01:28:09 - [MESSAGE][FAILED] - Unable to click on object 'Object Repository/Page_Test - TOKEN_UPDATED Mattermost/span_Jump' (Root cause: com.kms.katalon.core.exception.StepFailedException: Unable to click on object 'Object Repository/Page_Test - TOKEN_UPDATED Mattermost/span_Jump'
	at com.kms.katalon.core.webui.keyword.internal.WebUIKeywordMain.stepFailed(WebUIKeywordMain.groovy:64)
	at com.kms.katalon.core.webui.keyword.internal.WebUIKeywordMain.runKeyword(WebUIKeywordMain.groovy:26)
	at com.kms.katalon.core.webui.keyword.builtin.ClickKeyword.click(ClickKeyword.groovy:75)
	at com.kms.katalon.core.webui.keyword.builtin.ClickKeyword.execute(ClickKeyword.groovy:42)
	at com.kms.katalon.core.keyword.internal.KeywordExecutor.executeKeywordForPlatform(KeywordExecutor.groovy:73)
	at com.kms.katalon.core.webui.keyword.WebUiBuiltInKeywords.click(WebUiBuiltInKeywords.groovy:619)
	at com.kms.katalon.core.webui.keyword.WebUiBuiltInKeywords$click$4.call(Unknown Source)
	at SearchInChannelWithFilterKey.run(SearchInChannelWithFilterKey:48)
	at com.kms.katalon.core.main.ScriptEngine.run(ScriptEngine.java:194)
	at com.kms.katalon.core.main.ScriptEngine.runScriptAsRawText(ScriptEngine.java:119)
	at com.kms.katalon.core.main.TestCaseExecutor.runScript(TestCaseExecutor.java:398)
	at com.kms.katalon.core.main.TestCaseExecutor.doExecute(TestCaseExecutor.java:389)
	at com.kms.katalon.core.main.TestCaseExecutor.processExecutionPhase(TestCaseExecutor.java:368)
	at com.kms.katalon.core.main.TestCaseExecutor.accessMainPhase(TestCaseExecutor.java:360)
	at com.kms.katalon.core.main.TestCaseExecutor.execute(TestCaseExecutor.java:255)
	at com.kms.katalon.core.main.TestSuiteExecutor.accessTestCaseMainPhase(TestSuiteExecutor.java:203)
	at com.kms.katalon.core.main.TestSuiteExecutor.accessTestSuiteMainPhase(TestSuiteExecutor.java:152)
	at com.kms.katalon.core.main.TestSuiteExecutor.execute(TestSuiteExecutor.java:95)
	at com.kms.katalon.core.main.TestCaseMain.startTestSuite(TestCaseMain.java:157)
	at com.kms.katalon.core.main.TestCaseMain$startTestSuite$0.call(Unknown Source)
	at TempTestSuite1622224263190.run(TempTestSuite1622224263190.groovy:39)
Caused by: org.openqa.selenium.ElementNotInteractableException: element not interactable
  (Session info: chrome=90.0.4430.212)
Build info: version: '3.141.59', revision: 'e82be7d358', time: '2018-11-14T08:25:53'
System info: host: 'DESKTOP-0HE72I0', ip: '192.168.243.2', os.name: 'Windows 10', os.arch: 'amd64', os.version: '10.0', java.version: '1.8.0_282'
Driver info: com.kms.katalon.selenium.driver.CChromeDriver
Capabilities {acceptInsecureCerts: false, browserName: chrome, browserVersion: 90.0.4430.212, chrome: {chromedriverVersion: 90.0.4430.24 (4c6d850f087da..., userDataDir: C:\Users\tanth\AppData\Loca...}, goog:chromeOptions: {debuggerAddress: localhost:51820}, javascriptEnabled: true, networkConnectionEnabled: false, pageLoadStrategy: normal, platform: WINDOWS, platformName: WINDOWS, proxy: Proxy(), setWindowRect: true, strictFileInteractability: false, timeouts: {implicit: 0, pageLoad: 300000, script: 30000}, unhandledPromptBehavior: dismiss and notify, webauthn:extension:largeBlob: true, webauthn:virtualAuthenticators: true}
Session ID: 8c1b413961ead047b3e26017c0881a0a
	at org.openqa.selenium.remote.http.W3CHttpResponseCodec.createException(W3CHttpResponseCodec.java:187)
	at org.openqa.selenium.remote.http.W3CHttpResponseCodec.decode(W3CHttpResponseCodec.java:122)
	at org.openqa.selenium.remote.http.W3CHttpResponseCodec.decode(W3CHttpResponseCodec.java:49)
	at org.openqa.selenium.remote.HttpCommandExecutor.execute(HttpCommandExecutor.java:158)
	at org.openqa.selenium.remote.service.DriverCommandExecutor.execute(DriverCommandExecutor.java:83)
	at org.openqa.selenium.remote.RemoteWebDriver.execute(RemoteWebDriver.java:552)
	at com.kms.katalon.selenium.driver.CChromeDriver.execute(CChromeDriver.java:19)
	at org.openqa.selenium.remote.RemoteWebElement.execute(RemoteWebElement.java:285)
	at org.openqa.selenium.remote.RemoteWebElement.click(RemoteWebElement.java:84)
	at org.openqa.selenium.support.events.EventFiringWebDriver$EventFiringWebElement.lambda$new$0(EventFiringWebDriver.java:404)
	at com.sun.proxy.$Proxy11.click(Unknown Source)
	at org.openqa.selenium.support.events.EventFiringWebDriver$EventFiringWebElement.click(EventFiringWebDriver.java:417)
	at com.kms.katalon.core.webui.keyword.builtin.ClickKeyword$_click_closure1.doCall(ClickKeyword.groovy:68)
	at com.kms.katalon.core.webui.keyword.builtin.ClickKeyword$_click_closure1.call(ClickKeyword.groovy)
	at com.kms.katalon.core.webui.keyword.internal.WebUIKeywordMain.runKeyword(WebUIKeywordMain.groovy:20)
	at com.kms.katalon.core.webui.keyword.builtin.ClickKeyword.click(ClickKeyword.groovy:75)
	at com.kms.katalon.core.webui.keyword.builtin.ClickKeyword.execute(ClickKeyword.groovy:42)
	at com.kms.katalon.core.keyword.internal.KeywordExecutor.executeKeywordForPlatform(KeywordExecutor.groovy:73)
	at com.kms.katalon.core.webui.keyword.WebUiBuiltInKeywords.click(WebUiBuiltInKeywords.groovy:619)
	at com.kms.katalon.core.webui.keyword.WebUiBuiltInKeywords$click$4.call(Unknown Source)
	at Script1621696204422.run(Script1621696204422.groovy:48)
	... 13 more
)
[[ATTACHMENT|C:\\Users\\tanth\\git\\katalon\\Reports\\20210529_005103\\Run all test cases\\20210529_005103\\1622226489656.png]]]]></system-out>
         <system-err><![CDATA[2021-05-29 01:26:46 - [TEST_CASE][FAILED] - Test Cases/SearchInChannelWithFilterKey: Test Cases/SearchInChannelWithFilterKey FAILED.
Reason:
com.kms.katalon.core.exception.StepFailedException: Unable to click on object 'Object Repository/Page_Test - TOKEN_UPDATED Mattermost/span_Jump'
	at com.kms.katalon.core.webui.keyword.internal.WebUIKeywordMain.stepFailed(WebUIKeywordMain.groovy:64)
	at com.kms.katalon.core.webui.keyword.internal.WebUIKeywordMain.runKeyword(WebUIKeywordMain.groovy:26)
	at com.kms.katalon.core.webui.keyword.builtin.ClickKeyword.click(ClickKeyword.groovy:75)
	at com.kms.katalon.core.webui.keyword.builtin.ClickKeyword.execute(ClickKeyword.groovy:42)
	at com.kms.katalon.core.keyword.internal.KeywordExecutor.executeKeywordForPlatform(KeywordExecutor.groovy:73)
	at com.kms.katalon.core.webui.keyword.WebUiBuiltInKeywords.click(WebUiBuiltInKeywords.groovy:619)
	at com.kms.katalon.core.webui.keyword.WebUiBuiltInKeywords$click$4.call(Unknown Source)
	at SearchInChannelWithFilterKey.run(SearchInChannelWithFilterKey:48)
	at com.kms.katalon.core.main.ScriptEngine.run(ScriptEngine.java:194)
	at com.kms.katalon.core.main.ScriptEngine.runScriptAsRawText(ScriptEngine.java:119)
	at com.kms.katalon.core.main.TestCaseExecutor.runScript(TestCaseExecutor.java:398)
	at com.kms.katalon.core.main.TestCaseExecutor.doExecute(TestCaseExecutor.java:389)
	at com.kms.katalon.core.main.TestCaseExecutor.processExecutionPhase(TestCaseExecutor.java:368)
	at com.kms.katalon.core.main.TestCaseExecutor.accessMainPhase(TestCaseExecutor.java:360)
	at com.kms.katalon.core.main.TestCaseExecutor.execute(TestCaseExecutor.java:255)
	at com.kms.katalon.core.main.TestSuiteExecutor.accessTestCaseMainPhase(TestSuiteExecutor.java:203)
	at com.kms.katalon.core.main.TestSuiteExecutor.accessTestSuiteMainPhase(TestSuiteExecutor.java:152)
	at com.kms.katalon.core.main.TestSuiteExecutor.execute(TestSuiteExecutor.java:95)
	at com.kms.katalon.core.main.TestCaseMain.startTestSuite(TestCaseMain.java:157)
	at com.kms.katalon.core.main.TestCaseMain$startTestSuite$0.call(Unknown Source)
	at TempTestSuite1622224263190.run(TempTestSuite1622224263190.groovy:39)
Caused by: org.openqa.selenium.ElementNotInteractableException: element not interactable
  (Session info: chrome=90.0.4430.212)
Build info: version: '3.141.59', revision: 'e82be7d358', time: '2018-11-14T08:25:53'
System info: host: 'DESKTOP-0HE72I0', ip: '192.168.243.2', os.name: 'Windows 10', os.arch: 'amd64', os.version: '10.0', java.version: '1.8.0_282'
Driver info: com.kms.katalon.selenium.driver.CChromeDriver
Capabilities {acceptInsecureCerts: false, browserName: chrome, browserVersion: 90.0.4430.212, chrome: {chromedriverVersion: 90.0.4430.24 (4c6d850f087da..., userDataDir: C:\Users\tanth\AppData\Loca...}, goog:chromeOptions: {debuggerAddress: localhost:51820}, javascriptEnabled: true, networkConnectionEnabled: false, pageLoadStrategy: normal, platform: WINDOWS, platformName: WINDOWS, proxy: Proxy(), setWindowRect: true, strictFileInteractability: false, timeouts: {implicit: 0, pageLoad: 300000, script: 30000}, unhandledPromptBehavior: dismiss and notify, webauthn:extension:largeBlob: true, webauthn:virtualAuthenticators: true}
Session ID: 8c1b413961ead047b3e26017c0881a0a
	at org.openqa.selenium.remote.http.W3CHttpResponseCodec.createException(W3CHttpResponseCodec.java:187)
	at org.openqa.selenium.remote.http.W3CHttpResponseCodec.decode(W3CHttpResponseCodec.java:122)
	at org.openqa.selenium.remote.http.W3CHttpResponseCodec.decode(W3CHttpResponseCodec.java:49)
	at org.openqa.selenium.remote.HttpCommandExecutor.execute(HttpCommandExecutor.java:158)
	at org.openqa.selenium.remote.service.DriverCommandExecutor.execute(DriverCommandExecutor.java:83)
	at org.openqa.selenium.remote.RemoteWebDriver.execute(RemoteWebDriver.java:552)
	at com.kms.katalon.selenium.driver.CChromeDriver.execute(CChromeDriver.java:19)
	at org.openqa.selenium.remote.RemoteWebElement.execute(RemoteWebElement.java:285)
	at org.openqa.selenium.remote.RemoteWebElement.click(RemoteWebElement.java:84)
	at org.openqa.selenium.support.events.EventFiringWebDriver$EventFiringWebElement.lambda$new$0(EventFiringWebDriver.java:404)
	at com.sun.proxy.$Proxy11.click(Unknown Source)
	at org.openqa.selenium.support.events.EventFiringWebDriver$EventFiringWebElement.click(EventFiringWebDriver.java:417)
	at com.kms.katalon.core.webui.keyword.builtin.ClickKeyword$_click_closure1.doCall(ClickKeyword.groovy:68)
	at com.kms.katalon.core.webui.keyword.builtin.ClickKeyword$_click_closure1.call(ClickKeyword.groovy)
	at com.kms.katalon.core.webui.keyword.internal.WebUIKeywordMain.runKeyword(WebUIKeywordMain.groovy:20)
	... 19 more]]></system-err>
      </testcase>
      <testcase name="Test Cases/WriteDirectMessage" time="54.91" classname="Test Cases/WriteDirectMessage" status="FAILED">
         <failure type="FAILED" message="Test Cases/WriteDirectMessage FAILED.
Reason:
com.kms.katalon.core.exception.StepFailedException: Unable to click on object 'Object Repository/Page_Town Square - TOKEN_UPDATED Mattermost/div_Search and add members'
	at com.kms.katalon.core.webui.keyword.internal.WebUIKeywordMain.stepFailed(WebUIKeywordMain.groovy:64)
	at com.kms.katalon.core.webui.keyword.internal.WebUIKeywordMain.runKeyword(WebUIKeywordMain.groovy:26)
	at com.kms.katalon.core.webui.keyword.builtin.ClickKeyword.click(ClickKeyword.groovy:75)
	at com.kms.katalon.core.webui.keyword.builtin.ClickKeyword.execute(ClickKeyword.groovy:42)
	at com.kms.katalon.core.keyword.internal.KeywordExecutor.executeKeywordForPlatform(KeywordExecutor.groovy:73)
	at com.kms.katalon.core.webui.keyword.WebUiBuiltInKeywords.click(WebUiBuiltInKeywords.groovy:619)
	at com.kms.katalon.core.webui.keyword.WebUiBuiltInKeywords$click$4.call(Unknown Source)
	at WriteDirectMessage.run(WriteDirectMessage:41)
	at com.kms.katalon.core.main.ScriptEngine.run(ScriptEngine.java:194)
	at com.kms.katalon.core.main.ScriptEngine.runScriptAsRawText(ScriptEngine.java:119)
	at com.kms.katalon.core.main.TestCaseExecutor.runScript(TestCaseExecutor.java:398)
	at com.kms.katalon.core.main.TestCaseExecutor.doExecute(TestCaseExecutor.java:389)
	at com.kms.katalon.core.main.TestCaseExecutor.processExecutionPhase(TestCaseExecutor.java:368)
	at com.kms.katalon.core.main.TestCaseExecutor.accessMainPhase(TestCaseExecutor.java:360)
	at com.kms.katalon.core.main.TestCaseExecutor.execute(TestCaseExecutor.java:255)
	at com.kms.katalon.core.main.TestSuiteExecutor.accessTestCaseMainPhase(TestSuiteExecutor.java:203)
	at com.kms.katalon.core.main.TestSuiteExecutor.accessTestSuiteMainPhase(TestSuiteExecutor.java:152)
	at com.kms.katalon.core.main.TestSuiteExecutor.execute(TestSuiteExecutor.java:95)
	at com.kms.katalon.core.main.TestCaseMain.startTestSuite(TestCaseMain.java:157)
	at com.kms.katalon.core.main.TestCaseMain$startTestSuite$0.call(Unknown Source)
	at TempTestSuite1622224263190.run(TempTestSuite1622224263190.groovy:39)
Caused by: com.kms.katalon.core.webui.exception.WebElementNotFoundException: Web element with id: 'Object Repository/Page_Town Square - TOKEN_UPDATED Mattermost/div_Search and add members' located by '//div[@id='selectItems']/div/div' not found
	at com.kms.katalon.core.webui.common.WebUiCommonHelper.findWebElement(WebUiCommonHelper.java:1368)
	at com.kms.katalon.core.webui.keyword.internal.WebUIAbstractKeyword.findWebElement(WebUIAbstractKeyword.groovy:27)
	at com.kms.katalon.core.webui.keyword.internal.WebUIAbstractKeyword.findWebElement(WebUIAbstractKeyword.groovy:26)
	at com.kms.katalon.core.webui.keyword.builtin.ClickKeyword$_click_closure1.doCall(ClickKeyword.groovy:66)
	at com.kms.katalon.core.webui.keyword.builtin.ClickKeyword$_click_closure1.call(ClickKeyword.groovy)
	at com.kms.katalon.core.webui.keyword.internal.WebUIKeywordMain.runKeyword(WebUIKeywordMain.groovy:20)
	... 19 more
"/>
         <system-out><![CDATA[2021-05-29 01:28:09 - [TEST_CASE][FAILED] - Test Cases/WriteDirectMessage: Test Cases/WriteDirectMessage FAILED.
Reason:
com.kms.katalon.core.exception.StepFailedException: Unable to click on object 'Object Repository/Page_Town Square - TOKEN_UPDATED Mattermost/div_Search and add members'
	at com.kms.katalon.core.webui.keyword.internal.WebUIKeywordMain.stepFailed(WebUIKeywordMain.groovy:64)
	at com.kms.katalon.core.webui.keyword.internal.WebUIKeywordMain.runKeyword(WebUIKeywordMain.groovy:26)
	at com.kms.katalon.core.webui.keyword.builtin.ClickKeyword.click(ClickKeyword.groovy:75)
	at com.kms.katalon.core.webui.keyword.builtin.ClickKeyword.execute(ClickKeyword.groovy:42)
	at com.kms.katalon.core.keyword.internal.KeywordExecutor.executeKeywordForPlatform(KeywordExecutor.groovy:73)
	at com.kms.katalon.core.webui.keyword.WebUiBuiltInKeywords.click(WebUiBuiltInKeywords.groovy:619)
	at com.kms.katalon.core.webui.keyword.WebUiBuiltInKeywords$click$4.call(Unknown Source)
	at WriteDirectMessage.run(WriteDirectMessage:41)
	at com.kms.katalon.core.main.ScriptEngine.run(ScriptEngine.java:194)
	at com.kms.katalon.core.main.ScriptEngine.runScriptAsRawText(ScriptEngine.java:119)
	at com.kms.katalon.core.main.TestCaseExecutor.runScript(TestCaseExecutor.java:398)
	at com.kms.katalon.core.main.TestCaseExecutor.doExecute(TestCaseExecutor.java:389)
	at com.kms.katalon.core.main.TestCaseExecutor.processExecutionPhase(TestCaseExecutor.java:368)
	at com.kms.katalon.core.main.TestCaseExecutor.accessMainPhase(TestCaseExecutor.java:360)
	at com.kms.katalon.core.main.TestCaseExecutor.execute(TestCaseExecutor.java:255)
	at com.kms.katalon.core.main.TestSuiteExecutor.accessTestCaseMainPhase(TestSuiteExecutor.java:203)
	at com.kms.katalon.core.main.TestSuiteExecutor.accessTestSuiteMainPhase(TestSuiteExecutor.java:152)
	at com.kms.katalon.core.main.TestSuiteExecutor.execute(TestSuiteExecutor.java:95)
	at com.kms.katalon.core.main.TestCaseMain.startTestSuite(TestCaseMain.java:157)
	at com.kms.katalon.core.main.TestCaseMain$startTestSuite$0.call(Unknown Source)
	at TempTestSuite1622224263190.run(TempTestSuite1622224263190.groovy:39)
Caused by: com.kms.katalon.core.webui.exception.WebElementNotFoundException: Web element with id: 'Object Repository/Page_Town Square - TOKEN_UPDATED Mattermost/div_Search and add members' located by '//div[@id='selectItems']/div/div' not found
	at com.kms.katalon.core.webui.common.WebUiCommonHelper.findWebElement(WebUiCommonHelper.java:1368)
	at com.kms.katalon.core.webui.keyword.internal.WebUIAbstractKeyword.findWebElement(WebUIAbstractKeyword.groovy:27)
	at com.kms.katalon.core.webui.keyword.internal.WebUIAbstractKeyword.findWebElement(WebUIAbstractKeyword.groovy:26)
	at com.kms.katalon.core.webui.keyword.builtin.ClickKeyword$_click_closure1.doCall(ClickKeyword.groovy:66)
	at com.kms.katalon.core.webui.keyword.builtin.ClickKeyword$_click_closure1.call(ClickKeyword.groovy)
	at com.kms.katalon.core.webui.keyword.internal.WebUIKeywordMain.runKeyword(WebUIKeywordMain.groovy:20)
	... 19 more


2021-05-29 01:28:10 - [TEST_STEP][PASSED] - openBrowser(""): Browser is opened with url: ''

2021-05-29 01:28:10 - [MESSAGE][WARNING] - A browser is already opened. Closing browser and opening a new one

2021-05-29 01:28:11 - [MESSAGE][INFO] - Starting 'Chrome' driver

2021-05-29 01:28:11 - [MESSAGE][INFO] - Action delay is set to 0 milliseconds

2021-05-29 01:28:13 - [MESSAGE][PASSED] - Browser is opened with url: ''

2021-05-29 01:28:13 - [TEST_STEP][PASSED] - navigateToUrl("https://cdnc-group2.herokuapp.com/"): Navigate to 'https://cdnc-group2.herokuapp.com/' successfully

2021-05-29 01:28:17 - [MESSAGE][PASSED] - Navigate to 'https://cdnc-group2.herokuapp.com/' successfully

2021-05-29 01:28:17 - [TEST_STEP][PASSED] - setText(findTestObject("Object Repository/Page_Mattermost/input_All team communication in one place, _dcc84b"), "ngoctin040999@gmail.com"): Text 'ngoctin040999@gmail.com' is set on object 'Object Repository/Page_Mattermost/input_All team communication in one place, _dcc84b'

2021-05-29 01:28:22 - [MESSAGE][PASSED] - Text 'ngoctin040999@gmail.com' is set on object 'Object Repository/Page_Mattermost/input_All team communication in one place, _dcc84b'

2021-05-29 01:28:22 - [TEST_STEP][PASSED] - setEncryptedText(findTestObject("Object Repository/Page_Mattermost/input_All team communication in one place, _a3edc6"), "S8w1SJvl7D1hts9IdMV+NQ=="): Text ****** has been set on object 'Object Repository/Page_Mattermost/input_All team communication in one place, _a3edc6'

2021-05-29 01:28:23 - [MESSAGE][PASSED] - Text ****** has been set on object 'Object Repository/Page_Mattermost/input_All team communication in one place, _a3edc6'

2021-05-29 01:28:23 - [TEST_STEP][PASSED] - click(findTestObject("Object Repository/Page_Mattermost/span_Sign in")): Object: 'Object Repository/Page_Mattermost/span_Sign in' is clicked on

2021-05-29 01:28:25 - [MESSAGE][PASSED] - Object: 'Object Repository/Page_Mattermost/span_Sign in' is clicked on

2021-05-29 01:28:25 - [TEST_STEP][PASSED] - if (findTestObject("Object Repository/Page_Town Square - TOKEN_UPDATED Mattermost/span_") == null): null

2021-05-29 01:28:25 - [TEST_STEP][PASSED] - click(findTestObject("Object Repository/Page_Town Square - TOKEN_UPDATED Mattermost/span_")): Object: 'Object Repository/Page_Town Square - TOKEN_UPDATED Mattermost/span_' is clicked on

2021-05-29 01:28:29 - [MESSAGE][PASSED] - Object: 'Object Repository/Page_Town Square - TOKEN_UPDATED Mattermost/span_' is clicked on

2021-05-29 01:28:29 - [TEST_STEP][PASSED] - if (findTestObject("Object Repository/Page_Town Square - TOKEN_UPDATED Mattermost/div_Search and add members") == null): null

2021-05-29 01:28:29 - [TEST_STEP][FAILED] - click(findTestObject("Object Repository/Page_Town Square - TOKEN_UPDATED Mattermost/div_Search and add members")): Unable to click on object 'Object Repository/Page_Town Square - TOKEN_UPDATED Mattermost/div_Search and add members' (Root cause: com.kms.katalon.core.exception.StepFailedException: Unable to click on object 'Object Repository/Page_Town Square - TOKEN_UPDATED Mattermost/div_Search and add members'
	at com.kms.katalon.core.webui.keyword.internal.WebUIKeywordMain.stepFailed(WebUIKeywordMain.groovy:64)
	at com.kms.katalon.core.webui.keyword.internal.WebUIKeywordMain.runKeyword(WebUIKeywordMain.groovy:26)
	at com.kms.katalon.core.webui.keyword.builtin.ClickKeyword.click(ClickKeyword.groovy:75)
	at com.kms.katalon.core.webui.keyword.builtin.ClickKeyword.execute(ClickKeyword.groovy:42)
	at com.kms.katalon.core.keyword.internal.KeywordExecutor.executeKeywordForPlatform(KeywordExecutor.groovy:73)
	at com.kms.katalon.core.webui.keyword.WebUiBuiltInKeywords.click(WebUiBuiltInKeywords.groovy:619)
	at com.kms.katalon.core.webui.keyword.WebUiBuiltInKeywords$click$4.call(Unknown Source)
	at WriteDirectMessage.run(WriteDirectMessage:41)
	at com.kms.katalon.core.main.ScriptEngine.run(ScriptEngine.java:194)
	at com.kms.katalon.core.main.ScriptEngine.runScriptAsRawText(ScriptEngine.java:119)
	at com.kms.katalon.core.main.TestCaseExecutor.runScript(TestCaseExecutor.java:398)
	at com.kms.katalon.core.main.TestCaseExecutor.doExecute(TestCaseExecutor.java:389)
	at com.kms.katalon.core.main.TestCaseExecutor.processExecutionPhase(TestCaseExecutor.java:368)
	at com.kms.katalon.core.main.TestCaseExecutor.accessMainPhase(TestCaseExecutor.java:360)
	at com.kms.katalon.core.main.TestCaseExecutor.execute(TestCaseExecutor.java:255)
	at com.kms.katalon.core.main.TestSuiteExecutor.accessTestCaseMainPhase(TestSuiteExecutor.java:203)
	at com.kms.katalon.core.main.TestSuiteExecutor.accessTestSuiteMainPhase(TestSuiteExecutor.java:152)
	at com.kms.katalon.core.main.TestSuiteExecutor.execute(TestSuiteExecutor.java:95)
	at com.kms.katalon.core.main.TestCaseMain.startTestSuite(TestCaseMain.java:157)
	at com.kms.katalon.core.main.TestCaseMain$startTestSuite$0.call(Unknown Source)
	at TempTestSuite1622224263190.run(TempTestSuite1622224263190.groovy:39)
Caused by: com.kms.katalon.core.webui.exception.WebElementNotFoundException: Web element with id: 'Object Repository/Page_Town Square - TOKEN_UPDATED Mattermost/div_Search and add members' located by '//div[@id='selectItems']/div/div' not found
	at com.kms.katalon.core.webui.common.WebUiCommonHelper.findWebElement(WebUiCommonHelper.java:1368)
	at com.kms.katalon.core.webui.keyword.internal.WebUIAbstractKeyword.findWebElement(WebUIAbstractKeyword.groovy:27)
	at com.kms.katalon.core.webui.keyword.internal.WebUIAbstractKeyword.findWebElement(WebUIAbstractKeyword.groovy:26)
	at com.kms.katalon.core.webui.keyword.builtin.ClickKeyword$_click_closure1.doCall(ClickKeyword.groovy:66)
	at com.kms.katalon.core.webui.keyword.builtin.ClickKeyword$_click_closure1.call(ClickKeyword.groovy)
	at com.kms.katalon.core.webui.keyword.internal.WebUIKeywordMain.runKeyword(WebUIKeywordMain.groovy:20)
	at com.kms.katalon.core.webui.keyword.builtin.ClickKeyword.click(ClickKeyword.groovy:75)
	at com.kms.katalon.core.webui.keyword.builtin.ClickKeyword.execute(ClickKeyword.groovy:42)
	at com.kms.katalon.core.keyword.internal.KeywordExecutor.executeKeywordForPlatform(KeywordExecutor.groovy:73)
	at com.kms.katalon.core.webui.keyword.WebUiBuiltInKeywords.click(WebUiBuiltInKeywords.groovy:619)
	at com.kms.katalon.core.webui.keyword.WebUiBuiltInKeywords$click$4.call(Unknown Source)
	at Script1621675791083.run(Script1621675791083.groovy:41)
	... 13 more
)

2021-05-29 01:29:00 - [MESSAGE][INFO] - Unable to find the element located by 'By.xpath: //div[@id='selectItems']/div/div'. Please recheck the objects properties to make sure the desired element is located. 

2021-05-29 01:29:00 - [MESSAGE][WARNING] - [SELF-HEALING] Failed to find element with id 'Object Repository/Page_Town Square - TOKEN_UPDATED Mattermost/div_Search and add members'. Try using Self-healing.

2021-05-29 01:29:01 - [MESSAGE][INFO] - [SELF-HEALING] Failed Locator: '//div[@id='selectItems']/div/div'.

2021-05-29 01:29:01 - [MESSAGE][INFO] - [SELF-HEALING] Failed Locator: '(.//*[normalize-space(text()) and normalize-space(.)='Direct Messages'])[1]/following::div[7]'.

2021-05-29 01:29:01 - [MESSAGE][INFO] - [SELF-HEALING] Failed Locator: '(.//*[normalize-space(text()) and normalize-space(.)='Close'])[1]/following::div[7]'.

2021-05-29 01:29:01 - [MESSAGE][INFO] - [SELF-HEALING] Failed Locator: '(.//*[normalize-space(text()) and normalize-space(.)='Go'])[1]/preceding::div[5]'.

2021-05-29 01:29:02 - [MESSAGE][INFO] - [SELF-HEALING] Failed Locator: '//div[2]/div/div/div[2]/div/div/div/div/div/div'.

2021-05-29 01:29:03 - [MESSAGE][INFO] - Unable to find the element located by 'By.xpath: //*[(text() = 'Search and add members' or . = 'Search and add members')]'. Please recheck the objects properties to make sure the desired element is located. 

2021-05-29 01:29:04 - [MESSAGE][INFO] - Unable to find the element located by 'By.cssSelector: div.css-1hwfws3.react-select-auto.react-select__value-container.react-select-auto.react-select__value-container--is-multi'. Please recheck the objects properties to make sure the desired element is located. 

2021-05-29 01:29:04 - [MESSAGE][FAILED] - Unable to click on object 'Object Repository/Page_Town Square - TOKEN_UPDATED Mattermost/div_Search and add members' (Root cause: com.kms.katalon.core.exception.StepFailedException: Unable to click on object 'Object Repository/Page_Town Square - TOKEN_UPDATED Mattermost/div_Search and add members'
	at com.kms.katalon.core.webui.keyword.internal.WebUIKeywordMain.stepFailed(WebUIKeywordMain.groovy:64)
	at com.kms.katalon.core.webui.keyword.internal.WebUIKeywordMain.runKeyword(WebUIKeywordMain.groovy:26)
	at com.kms.katalon.core.webui.keyword.builtin.ClickKeyword.click(ClickKeyword.groovy:75)
	at com.kms.katalon.core.webui.keyword.builtin.ClickKeyword.execute(ClickKeyword.groovy:42)
	at com.kms.katalon.core.keyword.internal.KeywordExecutor.executeKeywordForPlatform(KeywordExecutor.groovy:73)
	at com.kms.katalon.core.webui.keyword.WebUiBuiltInKeywords.click(WebUiBuiltInKeywords.groovy:619)
	at com.kms.katalon.core.webui.keyword.WebUiBuiltInKeywords$click$4.call(Unknown Source)
	at WriteDirectMessage.run(WriteDirectMessage:41)
	at com.kms.katalon.core.main.ScriptEngine.run(ScriptEngine.java:194)
	at com.kms.katalon.core.main.ScriptEngine.runScriptAsRawText(ScriptEngine.java:119)
	at com.kms.katalon.core.main.TestCaseExecutor.runScript(TestCaseExecutor.java:398)
	at com.kms.katalon.core.main.TestCaseExecutor.doExecute(TestCaseExecutor.java:389)
	at com.kms.katalon.core.main.TestCaseExecutor.processExecutionPhase(TestCaseExecutor.java:368)
	at com.kms.katalon.core.main.TestCaseExecutor.accessMainPhase(TestCaseExecutor.java:360)
	at com.kms.katalon.core.main.TestCaseExecutor.execute(TestCaseExecutor.java:255)
	at com.kms.katalon.core.main.TestSuiteExecutor.accessTestCaseMainPhase(TestSuiteExecutor.java:203)
	at com.kms.katalon.core.main.TestSuiteExecutor.accessTestSuiteMainPhase(TestSuiteExecutor.java:152)
	at com.kms.katalon.core.main.TestSuiteExecutor.execute(TestSuiteExecutor.java:95)
	at com.kms.katalon.core.main.TestCaseMain.startTestSuite(TestCaseMain.java:157)
	at com.kms.katalon.core.main.TestCaseMain$startTestSuite$0.call(Unknown Source)
	at TempTestSuite1622224263190.run(TempTestSuite1622224263190.groovy:39)
Caused by: com.kms.katalon.core.webui.exception.WebElementNotFoundException: Web element with id: 'Object Repository/Page_Town Square - TOKEN_UPDATED Mattermost/div_Search and add members' located by '//div[@id='selectItems']/div/div' not found
	at com.kms.katalon.core.webui.common.WebUiCommonHelper.findWebElement(WebUiCommonHelper.java:1368)
	at com.kms.katalon.core.webui.keyword.internal.WebUIAbstractKeyword.findWebElement(WebUIAbstractKeyword.groovy:27)
	at com.kms.katalon.core.webui.keyword.internal.WebUIAbstractKeyword.findWebElement(WebUIAbstractKeyword.groovy:26)
	at com.kms.katalon.core.webui.keyword.builtin.ClickKeyword$_click_closure1.doCall(ClickKeyword.groovy:66)
	at com.kms.katalon.core.webui.keyword.builtin.ClickKeyword$_click_closure1.call(ClickKeyword.groovy)
	at com.kms.katalon.core.webui.keyword.internal.WebUIKeywordMain.runKeyword(WebUIKeywordMain.groovy:20)
	at com.kms.katalon.core.webui.keyword.builtin.ClickKeyword.click(ClickKeyword.groovy:75)
	at com.kms.katalon.core.webui.keyword.builtin.ClickKeyword.execute(ClickKeyword.groovy:42)
	at com.kms.katalon.core.keyword.internal.KeywordExecutor.executeKeywordForPlatform(KeywordExecutor.groovy:73)
	at com.kms.katalon.core.webui.keyword.WebUiBuiltInKeywords.click(WebUiBuiltInKeywords.groovy:619)
	at com.kms.katalon.core.webui.keyword.WebUiBuiltInKeywords$click$4.call(Unknown Source)
	at Script1621675791083.run(Script1621675791083.groovy:41)
	... 13 more
)
[[ATTACHMENT|C:\\Users\\tanth\\git\\katalon\\Reports\\20210529_005103\\Run all test cases\\20210529_005103\\1622226544560.png]]]]></system-out>
         <system-err><![CDATA[2021-05-29 01:28:09 - [TEST_CASE][FAILED] - Test Cases/WriteDirectMessage: Test Cases/WriteDirectMessage FAILED.
Reason:
com.kms.katalon.core.exception.StepFailedException: Unable to click on object 'Object Repository/Page_Town Square - TOKEN_UPDATED Mattermost/div_Search and add members'
	at com.kms.katalon.core.webui.keyword.internal.WebUIKeywordMain.stepFailed(WebUIKeywordMain.groovy:64)
	at com.kms.katalon.core.webui.keyword.internal.WebUIKeywordMain.runKeyword(WebUIKeywordMain.groovy:26)
	at com.kms.katalon.core.webui.keyword.builtin.ClickKeyword.click(ClickKeyword.groovy:75)
	at com.kms.katalon.core.webui.keyword.builtin.ClickKeyword.execute(ClickKeyword.groovy:42)
	at com.kms.katalon.core.keyword.internal.KeywordExecutor.executeKeywordForPlatform(KeywordExecutor.groovy:73)
	at com.kms.katalon.core.webui.keyword.WebUiBuiltInKeywords.click(WebUiBuiltInKeywords.groovy:619)
	at com.kms.katalon.core.webui.keyword.WebUiBuiltInKeywords$click$4.call(Unknown Source)
	at WriteDirectMessage.run(WriteDirectMessage:41)
	at com.kms.katalon.core.main.ScriptEngine.run(ScriptEngine.java:194)
	at com.kms.katalon.core.main.ScriptEngine.runScriptAsRawText(ScriptEngine.java:119)
	at com.kms.katalon.core.main.TestCaseExecutor.runScript(TestCaseExecutor.java:398)
	at com.kms.katalon.core.main.TestCaseExecutor.doExecute(TestCaseExecutor.java:389)
	at com.kms.katalon.core.main.TestCaseExecutor.processExecutionPhase(TestCaseExecutor.java:368)
	at com.kms.katalon.core.main.TestCaseExecutor.accessMainPhase(TestCaseExecutor.java:360)
	at com.kms.katalon.core.main.TestCaseExecutor.execute(TestCaseExecutor.java:255)
	at com.kms.katalon.core.main.TestSuiteExecutor.accessTestCaseMainPhase(TestSuiteExecutor.java:203)
	at com.kms.katalon.core.main.TestSuiteExecutor.accessTestSuiteMainPhase(TestSuiteExecutor.java:152)
	at com.kms.katalon.core.main.TestSuiteExecutor.execute(TestSuiteExecutor.java:95)
	at com.kms.katalon.core.main.TestCaseMain.startTestSuite(TestCaseMain.java:157)
	at com.kms.katalon.core.main.TestCaseMain$startTestSuite$0.call(Unknown Source)
	at TempTestSuite1622224263190.run(TempTestSuite1622224263190.groovy:39)
Caused by: com.kms.katalon.core.webui.exception.WebElementNotFoundException: Web element with id: 'Object Repository/Page_Town Square - TOKEN_UPDATED Mattermost/div_Search and add members' located by '//div[@id='selectItems']/div/div' not found
	at com.kms.katalon.core.webui.common.WebUiCommonHelper.findWebElement(WebUiCommonHelper.java:1368)
	at com.kms.katalon.core.webui.keyword.internal.WebUIAbstractKeyword.findWebElement(WebUIAbstractKeyword.groovy:27)
	at com.kms.katalon.core.webui.keyword.internal.WebUIAbstractKeyword.findWebElement(WebUIAbstractKeyword.groovy:26)
	at com.kms.katalon.core.webui.keyword.builtin.ClickKeyword$_click_closure1.doCall(ClickKeyword.groovy:66)
	at com.kms.katalon.core.webui.keyword.builtin.ClickKeyword$_click_closure1.call(ClickKeyword.groovy)
	at com.kms.katalon.core.webui.keyword.internal.WebUIKeywordMain.runKeyword(WebUIKeywordMain.groovy:20)
	... 19 more]]></system-err>
      </testcase>
      <testcase name="Test Cases/SearchInChannelWithNormalText" time="114.007" classname="Test Cases/SearchInChannelWithNormalText" status="FAILED">
         <failure type="FAILED" message="Test Cases/SearchInChannelWithNormalText FAILED.
Reason:
com.kms.katalon.core.exception.StepFailedException: Unable to click on object 'Object Repository/Page_Test - TOKEN_UPDATED Mattermost/span_Jump'
	at com.kms.katalon.core.webui.keyword.internal.WebUIKeywordMain.stepFailed(WebUIKeywordMain.groovy:64)
	at com.kms.katalon.core.webui.keyword.internal.WebUIKeywordMain.runKeyword(WebUIKeywordMain.groovy:26)
	at com.kms.katalon.core.webui.keyword.builtin.ClickKeyword.click(ClickKeyword.groovy:75)
	at com.kms.katalon.core.webui.keyword.builtin.ClickKeyword.execute(ClickKeyword.groovy:42)
	at com.kms.katalon.core.keyword.internal.KeywordExecutor.executeKeywordForPlatform(KeywordExecutor.groovy:73)
	at com.kms.katalon.core.webui.keyword.WebUiBuiltInKeywords.click(WebUiBuiltInKeywords.groovy:619)
	at com.kms.katalon.core.webui.keyword.WebUiBuiltInKeywords$click$4.call(Unknown Source)
	at SearchInChannelWithNormalText.run(SearchInChannelWithNormalText:48)
	at com.kms.katalon.core.main.ScriptEngine.run(ScriptEngine.java:194)
	at com.kms.katalon.core.main.ScriptEngine.runScriptAsRawText(ScriptEngine.java:119)
	at com.kms.katalon.core.main.TestCaseExecutor.runScript(TestCaseExecutor.java:398)
	at com.kms.katalon.core.main.TestCaseExecutor.doExecute(TestCaseExecutor.java:389)
	at com.kms.katalon.core.main.TestCaseExecutor.processExecutionPhase(TestCaseExecutor.java:368)
	at com.kms.katalon.core.main.TestCaseExecutor.accessMainPhase(TestCaseExecutor.java:360)
	at com.kms.katalon.core.main.TestCaseExecutor.execute(TestCaseExecutor.java:255)
	at com.kms.katalon.core.main.TestSuiteExecutor.accessTestCaseMainPhase(TestSuiteExecutor.java:203)
	at com.kms.katalon.core.main.TestSuiteExecutor.accessTestSuiteMainPhase(TestSuiteExecutor.java:152)
	at com.kms.katalon.core.main.TestSuiteExecutor.execute(TestSuiteExecutor.java:95)
	at com.kms.katalon.core.main.TestCaseMain.startTestSuite(TestCaseMain.java:157)
	at com.kms.katalon.core.main.TestCaseMain$startTestSuite$0.call(Unknown Source)
	at TempTestSuite1622224263190.run(TempTestSuite1622224263190.groovy:39)
Caused by: org.openqa.selenium.ElementNotInteractableException: element not interactable
  (Session info: chrome=90.0.4430.212)
Build info: version: '3.141.59', revision: 'e82be7d358', time: '2018-11-14T08:25:53'
System info: host: 'DESKTOP-0HE72I0', ip: '192.168.243.2', os.name: 'Windows 10', os.arch: 'amd64', os.version: '10.0', java.version: '1.8.0_282'
Driver info: com.kms.katalon.selenium.driver.CChromeDriver
Capabilities {acceptInsecureCerts: false, browserName: chrome, browserVersion: 90.0.4430.212, chrome: {chromedriverVersion: 90.0.4430.24 (4c6d850f087da..., userDataDir: C:\Users\tanth\AppData\Loca...}, goog:chromeOptions: {debuggerAddress: localhost:51888}, javascriptEnabled: true, networkConnectionEnabled: false, pageLoadStrategy: normal, platform: WINDOWS, platformName: WINDOWS, proxy: Proxy(), setWindowRect: true, strictFileInteractability: false, timeouts: {implicit: 0, pageLoad: 300000, script: 30000}, unhandledPromptBehavior: dismiss and notify, webauthn:extension:largeBlob: true, webauthn:virtualAuthenticators: true}
Session ID: f619854a268e1f59c5230b6e9ba4bbe4
	at org.openqa.selenium.remote.http.W3CHttpResponseCodec.createException(W3CHttpResponseCodec.java:187)
	at org.openqa.selenium.remote.http.W3CHttpResponseCodec.decode(W3CHttpResponseCodec.java:122)
	at org.openqa.selenium.remote.http.W3CHttpResponseCodec.decode(W3CHttpResponseCodec.java:49)
	at org.openqa.selenium.remote.HttpCommandExecutor.execute(HttpCommandExecutor.java:158)
	at org.openqa.selenium.remote.service.DriverCommandExecutor.execute(DriverCommandExecutor.java:83)
	at org.openqa.selenium.remote.RemoteWebDriver.execute(RemoteWebDriver.java:552)
	at com.kms.katalon.selenium.driver.CChromeDriver.execute(CChromeDriver.java:19)
	at org.openqa.selenium.remote.RemoteWebElement.execute(RemoteWebElement.java:285)
	at org.openqa.selenium.remote.RemoteWebElement.click(RemoteWebElement.java:84)
	at org.openqa.selenium.support.events.EventFiringWebDriver$EventFiringWebElement.lambda$new$0(EventFiringWebDriver.java:404)
	at com.sun.proxy.$Proxy11.click(Unknown Source)
	at org.openqa.selenium.support.events.EventFiringWebDriver$EventFiringWebElement.click(EventFiringWebDriver.java:417)
	at com.kms.katalon.core.webui.keyword.builtin.ClickKeyword$_click_closure1.doCall(ClickKeyword.groovy:68)
	at com.kms.katalon.core.webui.keyword.builtin.ClickKeyword$_click_closure1.call(ClickKeyword.groovy)
	at com.kms.katalon.core.webui.keyword.internal.WebUIKeywordMain.runKeyword(WebUIKeywordMain.groovy:20)
	... 19 more
"/>
         <system-out><![CDATA[2021-05-29 01:29:04 - [TEST_CASE][FAILED] - Test Cases/SearchInChannelWithNormalText: Test Cases/SearchInChannelWithNormalText FAILED.
Reason:
com.kms.katalon.core.exception.StepFailedException: Unable to click on object 'Object Repository/Page_Test - TOKEN_UPDATED Mattermost/span_Jump'
	at com.kms.katalon.core.webui.keyword.internal.WebUIKeywordMain.stepFailed(WebUIKeywordMain.groovy:64)
	at com.kms.katalon.core.webui.keyword.internal.WebUIKeywordMain.runKeyword(WebUIKeywordMain.groovy:26)
	at com.kms.katalon.core.webui.keyword.builtin.ClickKeyword.click(ClickKeyword.groovy:75)
	at com.kms.katalon.core.webui.keyword.builtin.ClickKeyword.execute(ClickKeyword.groovy:42)
	at com.kms.katalon.core.keyword.internal.KeywordExecutor.executeKeywordForPlatform(KeywordExecutor.groovy:73)
	at com.kms.katalon.core.webui.keyword.WebUiBuiltInKeywords.click(WebUiBuiltInKeywords.groovy:619)
	at com.kms.katalon.core.webui.keyword.WebUiBuiltInKeywords$click$4.call(Unknown Source)
	at SearchInChannelWithNormalText.run(SearchInChannelWithNormalText:48)
	at com.kms.katalon.core.main.ScriptEngine.run(ScriptEngine.java:194)
	at com.kms.katalon.core.main.ScriptEngine.runScriptAsRawText(ScriptEngine.java:119)
	at com.kms.katalon.core.main.TestCaseExecutor.runScript(TestCaseExecutor.java:398)
	at com.kms.katalon.core.main.TestCaseExecutor.doExecute(TestCaseExecutor.java:389)
	at com.kms.katalon.core.main.TestCaseExecutor.processExecutionPhase(TestCaseExecutor.java:368)
	at com.kms.katalon.core.main.TestCaseExecutor.accessMainPhase(TestCaseExecutor.java:360)
	at com.kms.katalon.core.main.TestCaseExecutor.execute(TestCaseExecutor.java:255)
	at com.kms.katalon.core.main.TestSuiteExecutor.accessTestCaseMainPhase(TestSuiteExecutor.java:203)
	at com.kms.katalon.core.main.TestSuiteExecutor.accessTestSuiteMainPhase(TestSuiteExecutor.java:152)
	at com.kms.katalon.core.main.TestSuiteExecutor.execute(TestSuiteExecutor.java:95)
	at com.kms.katalon.core.main.TestCaseMain.startTestSuite(TestCaseMain.java:157)
	at com.kms.katalon.core.main.TestCaseMain$startTestSuite$0.call(Unknown Source)
	at TempTestSuite1622224263190.run(TempTestSuite1622224263190.groovy:39)
Caused by: org.openqa.selenium.ElementNotInteractableException: element not interactable
  (Session info: chrome=90.0.4430.212)
Build info: version: '3.141.59', revision: 'e82be7d358', time: '2018-11-14T08:25:53'
System info: host: 'DESKTOP-0HE72I0', ip: '192.168.243.2', os.name: 'Windows 10', os.arch: 'amd64', os.version: '10.0', java.version: '1.8.0_282'
Driver info: com.kms.katalon.selenium.driver.CChromeDriver
Capabilities {acceptInsecureCerts: false, browserName: chrome, browserVersion: 90.0.4430.212, chrome: {chromedriverVersion: 90.0.4430.24 (4c6d850f087da..., userDataDir: C:\Users\tanth\AppData\Loca...}, goog:chromeOptions: {debuggerAddress: localhost:51888}, javascriptEnabled: true, networkConnectionEnabled: false, pageLoadStrategy: normal, platform: WINDOWS, platformName: WINDOWS, proxy: Proxy(), setWindowRect: true, strictFileInteractability: false, timeouts: {implicit: 0, pageLoad: 300000, script: 30000}, unhandledPromptBehavior: dismiss and notify, webauthn:extension:largeBlob: true, webauthn:virtualAuthenticators: true}
Session ID: f619854a268e1f59c5230b6e9ba4bbe4
	at org.openqa.selenium.remote.http.W3CHttpResponseCodec.createException(W3CHttpResponseCodec.java:187)
	at org.openqa.selenium.remote.http.W3CHttpResponseCodec.decode(W3CHttpResponseCodec.java:122)
	at org.openqa.selenium.remote.http.W3CHttpResponseCodec.decode(W3CHttpResponseCodec.java:49)
	at org.openqa.selenium.remote.HttpCommandExecutor.execute(HttpCommandExecutor.java:158)
	at org.openqa.selenium.remote.service.DriverCommandExecutor.execute(DriverCommandExecutor.java:83)
	at org.openqa.selenium.remote.RemoteWebDriver.execute(RemoteWebDriver.java:552)
	at com.kms.katalon.selenium.driver.CChromeDriver.execute(CChromeDriver.java:19)
	at org.openqa.selenium.remote.RemoteWebElement.execute(RemoteWebElement.java:285)
	at org.openqa.selenium.remote.RemoteWebElement.click(RemoteWebElement.java:84)
	at org.openqa.selenium.support.events.EventFiringWebDriver$EventFiringWebElement.lambda$new$0(EventFiringWebDriver.java:404)
	at com.sun.proxy.$Proxy11.click(Unknown Source)
	at org.openqa.selenium.support.events.EventFiringWebDriver$EventFiringWebElement.click(EventFiringWebDriver.java:417)
	at com.kms.katalon.core.webui.keyword.builtin.ClickKeyword$_click_closure1.doCall(ClickKeyword.groovy:68)
	at com.kms.katalon.core.webui.keyword.builtin.ClickKeyword$_click_closure1.call(ClickKeyword.groovy)
	at com.kms.katalon.core.webui.keyword.internal.WebUIKeywordMain.runKeyword(WebUIKeywordMain.groovy:20)
	... 19 more


2021-05-29 01:29:05 - [TEST_STEP][PASSED] - openBrowser(""): Browser is opened with url: ''

2021-05-29 01:29:05 - [MESSAGE][WARNING] - A browser is already opened. Closing browser and opening a new one

2021-05-29 01:29:06 - [MESSAGE][INFO] - Starting 'Chrome' driver

2021-05-29 01:29:06 - [MESSAGE][INFO] - Action delay is set to 0 milliseconds

2021-05-29 01:29:09 - [MESSAGE][PASSED] - Browser is opened with url: ''

2021-05-29 01:29:09 - [TEST_STEP][PASSED] - navigateToUrl("https://cdnc-group2.herokuapp.com/"): Navigate to 'https://cdnc-group2.herokuapp.com/' successfully

2021-05-29 01:29:12 - [MESSAGE][PASSED] - Navigate to 'https://cdnc-group2.herokuapp.com/' successfully

2021-05-29 01:29:12 - [TEST_STEP][PASSED] - setText(findTestObject("Object Repository/Page_Mattermost/input_All team communication in one place, _dcc84b"), "ngoctin040999@gmail.com"): Text 'ngoctin040999@gmail.com' is set on object 'Object Repository/Page_Mattermost/input_All team communication in one place, _dcc84b'

2021-05-29 01:29:18 - [MESSAGE][PASSED] - Text 'ngoctin040999@gmail.com' is set on object 'Object Repository/Page_Mattermost/input_All team communication in one place, _dcc84b'

2021-05-29 01:29:18 - [TEST_STEP][PASSED] - setEncryptedText(findTestObject("Object Repository/Page_Mattermost/input_All team communication in one place, _a3edc6"), "S8w1SJvl7D1hts9IdMV+NQ=="): Text ****** has been set on object 'Object Repository/Page_Mattermost/input_All team communication in one place, _a3edc6'

2021-05-29 01:29:19 - [MESSAGE][PASSED] - Text ****** has been set on object 'Object Repository/Page_Mattermost/input_All team communication in one place, _a3edc6'

2021-05-29 01:29:19 - [TEST_STEP][PASSED] - click(findTestObject("Object Repository/Page_Mattermost/span_Sign in")): Object: 'Object Repository/Page_Mattermost/span_Sign in' is clicked on

2021-05-29 01:29:20 - [MESSAGE][PASSED] - Object: 'Object Repository/Page_Mattermost/span_Sign in' is clicked on

2021-05-29 01:29:20 - [TEST_STEP][PASSED] - if (findTestObject("Object Repository/Page_Town Square - TOKEN_UPDATED Mattermost/span_Test") == null): null

2021-05-29 01:29:20 - [TEST_STEP][PASSED] - click(findTestObject("Object Repository/Page_Town Square - TOKEN_UPDATED Mattermost/span_Test")): Object: 'Object Repository/Page_Town Square - TOKEN_UPDATED Mattermost/span_Test' is clicked on

2021-05-29 01:29:52 - [MESSAGE][INFO] - Unable to find the element located by 'By.xpath: //a[@id='sidebarItem_test']/span[2]/span'. Please recheck the objects properties to make sure the desired element is located. 

2021-05-29 01:29:52 - [MESSAGE][WARNING] - [SELF-HEALING] Failed to find element with id 'Object Repository/Page_Town Square - TOKEN_UPDATED Mattermost/span_Test'. Try using Self-healing.

2021-05-29 01:29:52 - [MESSAGE][WARNING] - [SELF-HEALING] The current locator of test object 'Object Repository/Page_Town Square - TOKEN_UPDATED Mattermost/span_Test' was broken. Propose an alternative one: '(.//*[normalize-space(text()) and normalize-space(.)='+'])[2]/following::span[3]'.

2021-05-29 01:29:52 - [MESSAGE][PASSED] - Object: 'Object Repository/Page_Town Square - TOKEN_UPDATED Mattermost/span_Test' is clicked on

2021-05-29 01:29:52 - [TEST_STEP][PASSED] - click(findTestObject("Object Repository/Page_Test - TOKEN_UPDATED Mattermost/svg")): Object: 'Object Repository/Page_Test - TOKEN_UPDATED Mattermost/svg' is clicked on

2021-05-29 01:30:23 - [MESSAGE][INFO] - Unable to find the element located by 'By.xpath: (.//*[normalize-space(text()) and normalize-space(.)='Test'])[3]/following::*[name()='svg'][3]'. Please recheck the objects properties to make sure the desired element is located. 

2021-05-29 01:30:23 - [MESSAGE][WARNING] - [SELF-HEALING] Failed to find element with id 'Object Repository/Page_Test - TOKEN_UPDATED Mattermost/svg'. Try using Self-healing.

2021-05-29 01:30:24 - [MESSAGE][WARNING] - [SELF-HEALING] The current locator of test object 'Object Repository/Page_Test - TOKEN_UPDATED Mattermost/svg' was broken. Propose an alternative one: '(.//*[normalize-space(text()) and normalize-space(.)='Drop a file to upload it.'])[1]/following::*[name()='svg'][3]'.

2021-05-29 01:30:24 - [MESSAGE][PASSED] - Object: 'Object Repository/Page_Test - TOKEN_UPDATED Mattermost/svg' is clicked on

2021-05-29 01:30:24 - [TEST_STEP][PASSED] - setText(findTestObject("Object Repository/Page_Test - TOKEN_UPDATED Mattermost/input_Test_searchBox"), "learn"): Text 'learn' is set on object 'Object Repository/Page_Test - TOKEN_UPDATED Mattermost/input_Test_searchBox'

2021-05-29 01:30:25 - [MESSAGE][PASSED] - Text 'learn' is set on object 'Object Repository/Page_Test - TOKEN_UPDATED Mattermost/input_Test_searchBox'

2021-05-29 01:30:25 - [TEST_STEP][PASSED] - sendKeys(findTestObject("Object Repository/Page_Test - TOKEN_UPDATED Mattermost/input_Test_searchBox"), Keys.chord(ENTER)): Keys 'ENTER + ' sent to object: 'Object Repository/Page_Test - TOKEN_UPDATED Mattermost/input_Test_searchBox'

2021-05-29 01:30:26 - [MESSAGE][PASSED] - Keys 'ENTER + ' sent to object: 'Object Repository/Page_Test - TOKEN_UPDATED Mattermost/input_Test_searchBox'

2021-05-29 01:30:26 - [TEST_STEP][PASSED] - if (findTestObject("Object Repository/Page_Test - TOKEN_UPDATED Mattermost/span_Jump") == null): null

2021-05-29 01:30:26 - [TEST_STEP][FAILED] - click(findTestObject("Object Repository/Page_Test - TOKEN_UPDATED Mattermost/span_Jump")): Unable to click on object 'Object Repository/Page_Test - TOKEN_UPDATED Mattermost/span_Jump' (Root cause: com.kms.katalon.core.exception.StepFailedException: Unable to click on object 'Object Repository/Page_Test - TOKEN_UPDATED Mattermost/span_Jump'
	at com.kms.katalon.core.webui.keyword.internal.WebUIKeywordMain.stepFailed(WebUIKeywordMain.groovy:64)
	at com.kms.katalon.core.webui.keyword.internal.WebUIKeywordMain.runKeyword(WebUIKeywordMain.groovy:26)
	at com.kms.katalon.core.webui.keyword.builtin.ClickKeyword.click(ClickKeyword.groovy:75)
	at com.kms.katalon.core.webui.keyword.builtin.ClickKeyword.execute(ClickKeyword.groovy:42)
	at com.kms.katalon.core.keyword.internal.KeywordExecutor.executeKeywordForPlatform(KeywordExecutor.groovy:73)
	at com.kms.katalon.core.webui.keyword.WebUiBuiltInKeywords.click(WebUiBuiltInKeywords.groovy:619)
	at com.kms.katalon.core.webui.keyword.WebUiBuiltInKeywords$click$4.call(Unknown Source)
	at SearchInChannelWithNormalText.run(SearchInChannelWithNormalText:48)
	at com.kms.katalon.core.main.ScriptEngine.run(ScriptEngine.java:194)
	at com.kms.katalon.core.main.ScriptEngine.runScriptAsRawText(ScriptEngine.java:119)
	at com.kms.katalon.core.main.TestCaseExecutor.runScript(TestCaseExecutor.java:398)
	at com.kms.katalon.core.main.TestCaseExecutor.doExecute(TestCaseExecutor.java:389)
	at com.kms.katalon.core.main.TestCaseExecutor.processExecutionPhase(TestCaseExecutor.java:368)
	at com.kms.katalon.core.main.TestCaseExecutor.accessMainPhase(TestCaseExecutor.java:360)
	at com.kms.katalon.core.main.TestCaseExecutor.execute(TestCaseExecutor.java:255)
	at com.kms.katalon.core.main.TestSuiteExecutor.accessTestCaseMainPhase(TestSuiteExecutor.java:203)
	at com.kms.katalon.core.main.TestSuiteExecutor.accessTestSuiteMainPhase(TestSuiteExecutor.java:152)
	at com.kms.katalon.core.main.TestSuiteExecutor.execute(TestSuiteExecutor.java:95)
	at com.kms.katalon.core.main.TestCaseMain.startTestSuite(TestCaseMain.java:157)
	at com.kms.katalon.core.main.TestCaseMain$startTestSuite$0.call(Unknown Source)
	at TempTestSuite1622224263190.run(TempTestSuite1622224263190.groovy:39)
Caused by: org.openqa.selenium.ElementNotInteractableException: element not interactable
  (Session info: chrome=90.0.4430.212)
Build info: version: '3.141.59', revision: 'e82be7d358', time: '2018-11-14T08:25:53'
System info: host: 'DESKTOP-0HE72I0', ip: '192.168.243.2', os.name: 'Windows 10', os.arch: 'amd64', os.version: '10.0', java.version: '1.8.0_282'
Driver info: com.kms.katalon.selenium.driver.CChromeDriver
Capabilities {acceptInsecureCerts: false, browserName: chrome, browserVersion: 90.0.4430.212, chrome: {chromedriverVersion: 90.0.4430.24 (4c6d850f087da..., userDataDir: C:\Users\tanth\AppData\Loca...}, goog:chromeOptions: {debuggerAddress: localhost:51888}, javascriptEnabled: true, networkConnectionEnabled: false, pageLoadStrategy: normal, platform: WINDOWS, platformName: WINDOWS, proxy: Proxy(), setWindowRect: true, strictFileInteractability: false, timeouts: {implicit: 0, pageLoad: 300000, script: 30000}, unhandledPromptBehavior: dismiss and notify, webauthn:extension:largeBlob: true, webauthn:virtualAuthenticators: true}
Session ID: f619854a268e1f59c5230b6e9ba4bbe4
	at org.openqa.selenium.remote.http.W3CHttpResponseCodec.createException(W3CHttpResponseCodec.java:187)
	at org.openqa.selenium.remote.http.W3CHttpResponseCodec.decode(W3CHttpResponseCodec.java:122)
	at org.openqa.selenium.remote.http.W3CHttpResponseCodec.decode(W3CHttpResponseCodec.java:49)
	at org.openqa.selenium.remote.HttpCommandExecutor.execute(HttpCommandExecutor.java:158)
	at org.openqa.selenium.remote.service.DriverCommandExecutor.execute(DriverCommandExecutor.java:83)
	at org.openqa.selenium.remote.RemoteWebDriver.execute(RemoteWebDriver.java:552)
	at com.kms.katalon.selenium.driver.CChromeDriver.execute(CChromeDriver.java:19)
	at org.openqa.selenium.remote.RemoteWebElement.execute(RemoteWebElement.java:285)
	at org.openqa.selenium.remote.RemoteWebElement.click(RemoteWebElement.java:84)
	at org.openqa.selenium.support.events.EventFiringWebDriver$EventFiringWebElement.lambda$new$0(EventFiringWebDriver.java:404)
	at com.sun.proxy.$Proxy11.click(Unknown Source)
	at org.openqa.selenium.support.events.EventFiringWebDriver$EventFiringWebElement.click(EventFiringWebDriver.java:417)
	at com.kms.katalon.core.webui.keyword.builtin.ClickKeyword$_click_closure1.doCall(ClickKeyword.groovy:68)
	at com.kms.katalon.core.webui.keyword.builtin.ClickKeyword$_click_closure1.call(ClickKeyword.groovy)
	at com.kms.katalon.core.webui.keyword.internal.WebUIKeywordMain.runKeyword(WebUIKeywordMain.groovy:20)
	at com.kms.katalon.core.webui.keyword.builtin.ClickKeyword.click(ClickKeyword.groovy:75)
	at com.kms.katalon.core.webui.keyword.builtin.ClickKeyword.execute(ClickKeyword.groovy:42)
	at com.kms.katalon.core.keyword.internal.KeywordExecutor.executeKeywordForPlatform(KeywordExecutor.groovy:73)
	at com.kms.katalon.core.webui.keyword.WebUiBuiltInKeywords.click(WebUiBuiltInKeywords.groovy:619)
	at com.kms.katalon.core.webui.keyword.WebUiBuiltInKeywords$click$4.call(Unknown Source)
	at Script1621693415004.run(Script1621693415004.groovy:48)
	... 13 more
)

2021-05-29 01:30:58 - [MESSAGE][INFO] - Unable to find the element located by 'By.xpath: //div[@id='search-items-container']/div/div[2]/div[2]/div[2]/div/div[3]/a/span'. Please recheck the objects properties to make sure the desired element is located. 

2021-05-29 01:30:58 - [MESSAGE][WARNING] - [SELF-HEALING] Failed to find element with id 'Object Repository/Page_Test - TOKEN_UPDATED Mattermost/span_Jump'. Try using Self-healing.

2021-05-29 01:30:58 - [MESSAGE][WARNING] - [SELF-HEALING] The current locator of test object 'Object Repository/Page_Test - TOKEN_UPDATED Mattermost/span_Jump' was broken. Propose an alternative one: '(.//*[normalize-space(text()) and normalize-space(.)='@ngoctin12345'])[1]/preceding::span[1]'.

2021-05-29 01:30:58 - [MESSAGE][FAILED] - Unable to click on object 'Object Repository/Page_Test - TOKEN_UPDATED Mattermost/span_Jump' (Root cause: com.kms.katalon.core.exception.StepFailedException: Unable to click on object 'Object Repository/Page_Test - TOKEN_UPDATED Mattermost/span_Jump'
	at com.kms.katalon.core.webui.keyword.internal.WebUIKeywordMain.stepFailed(WebUIKeywordMain.groovy:64)
	at com.kms.katalon.core.webui.keyword.internal.WebUIKeywordMain.runKeyword(WebUIKeywordMain.groovy:26)
	at com.kms.katalon.core.webui.keyword.builtin.ClickKeyword.click(ClickKeyword.groovy:75)
	at com.kms.katalon.core.webui.keyword.builtin.ClickKeyword.execute(ClickKeyword.groovy:42)
	at com.kms.katalon.core.keyword.internal.KeywordExecutor.executeKeywordForPlatform(KeywordExecutor.groovy:73)
	at com.kms.katalon.core.webui.keyword.WebUiBuiltInKeywords.click(WebUiBuiltInKeywords.groovy:619)
	at com.kms.katalon.core.webui.keyword.WebUiBuiltInKeywords$click$4.call(Unknown Source)
	at SearchInChannelWithNormalText.run(SearchInChannelWithNormalText:48)
	at com.kms.katalon.core.main.ScriptEngine.run(ScriptEngine.java:194)
	at com.kms.katalon.core.main.ScriptEngine.runScriptAsRawText(ScriptEngine.java:119)
	at com.kms.katalon.core.main.TestCaseExecutor.runScript(TestCaseExecutor.java:398)
	at com.kms.katalon.core.main.TestCaseExecutor.doExecute(TestCaseExecutor.java:389)
	at com.kms.katalon.core.main.TestCaseExecutor.processExecutionPhase(TestCaseExecutor.java:368)
	at com.kms.katalon.core.main.TestCaseExecutor.accessMainPhase(TestCaseExecutor.java:360)
	at com.kms.katalon.core.main.TestCaseExecutor.execute(TestCaseExecutor.java:255)
	at com.kms.katalon.core.main.TestSuiteExecutor.accessTestCaseMainPhase(TestSuiteExecutor.java:203)
	at com.kms.katalon.core.main.TestSuiteExecutor.accessTestSuiteMainPhase(TestSuiteExecutor.java:152)
	at com.kms.katalon.core.main.TestSuiteExecutor.execute(TestSuiteExecutor.java:95)
	at com.kms.katalon.core.main.TestCaseMain.startTestSuite(TestCaseMain.java:157)
	at com.kms.katalon.core.main.TestCaseMain$startTestSuite$0.call(Unknown Source)
	at TempTestSuite1622224263190.run(TempTestSuite1622224263190.groovy:39)
Caused by: org.openqa.selenium.ElementNotInteractableException: element not interactable
  (Session info: chrome=90.0.4430.212)
Build info: version: '3.141.59', revision: 'e82be7d358', time: '2018-11-14T08:25:53'
System info: host: 'DESKTOP-0HE72I0', ip: '192.168.243.2', os.name: 'Windows 10', os.arch: 'amd64', os.version: '10.0', java.version: '1.8.0_282'
Driver info: com.kms.katalon.selenium.driver.CChromeDriver
Capabilities {acceptInsecureCerts: false, browserName: chrome, browserVersion: 90.0.4430.212, chrome: {chromedriverVersion: 90.0.4430.24 (4c6d850f087da..., userDataDir: C:\Users\tanth\AppData\Loca...}, goog:chromeOptions: {debuggerAddress: localhost:51888}, javascriptEnabled: true, networkConnectionEnabled: false, pageLoadStrategy: normal, platform: WINDOWS, platformName: WINDOWS, proxy: Proxy(), setWindowRect: true, strictFileInteractability: false, timeouts: {implicit: 0, pageLoad: 300000, script: 30000}, unhandledPromptBehavior: dismiss and notify, webauthn:extension:largeBlob: true, webauthn:virtualAuthenticators: true}
Session ID: f619854a268e1f59c5230b6e9ba4bbe4
	at org.openqa.selenium.remote.http.W3CHttpResponseCodec.createException(W3CHttpResponseCodec.java:187)
	at org.openqa.selenium.remote.http.W3CHttpResponseCodec.decode(W3CHttpResponseCodec.java:122)
	at org.openqa.selenium.remote.http.W3CHttpResponseCodec.decode(W3CHttpResponseCodec.java:49)
	at org.openqa.selenium.remote.HttpCommandExecutor.execute(HttpCommandExecutor.java:158)
	at org.openqa.selenium.remote.service.DriverCommandExecutor.execute(DriverCommandExecutor.java:83)
	at org.openqa.selenium.remote.RemoteWebDriver.execute(RemoteWebDriver.java:552)
	at com.kms.katalon.selenium.driver.CChromeDriver.execute(CChromeDriver.java:19)
	at org.openqa.selenium.remote.RemoteWebElement.execute(RemoteWebElement.java:285)
	at org.openqa.selenium.remote.RemoteWebElement.click(RemoteWebElement.java:84)
	at org.openqa.selenium.support.events.EventFiringWebDriver$EventFiringWebElement.lambda$new$0(EventFiringWebDriver.java:404)
	at com.sun.proxy.$Proxy11.click(Unknown Source)
	at org.openqa.selenium.support.events.EventFiringWebDriver$EventFiringWebElement.click(EventFiringWebDriver.java:417)
	at com.kms.katalon.core.webui.keyword.builtin.ClickKeyword$_click_closure1.doCall(ClickKeyword.groovy:68)
	at com.kms.katalon.core.webui.keyword.builtin.ClickKeyword$_click_closure1.call(ClickKeyword.groovy)
	at com.kms.katalon.core.webui.keyword.internal.WebUIKeywordMain.runKeyword(WebUIKeywordMain.groovy:20)
	at com.kms.katalon.core.webui.keyword.builtin.ClickKeyword.click(ClickKeyword.groovy:75)
	at com.kms.katalon.core.webui.keyword.builtin.ClickKeyword.execute(ClickKeyword.groovy:42)
	at com.kms.katalon.core.keyword.internal.KeywordExecutor.executeKeywordForPlatform(KeywordExecutor.groovy:73)
	at com.kms.katalon.core.webui.keyword.WebUiBuiltInKeywords.click(WebUiBuiltInKeywords.groovy:619)
	at com.kms.katalon.core.webui.keyword.WebUiBuiltInKeywords$click$4.call(Unknown Source)
	at Script1621693415004.run(Script1621693415004.groovy:48)
	... 13 more
)
[[ATTACHMENT|C:\\Users\\tanth\\git\\katalon\\Reports\\20210529_005103\\Run all test cases\\20210529_005103\\1622226658584.png]]]]></system-out>
         <system-err><![CDATA[2021-05-29 01:29:04 - [TEST_CASE][FAILED] - Test Cases/SearchInChannelWithNormalText: Test Cases/SearchInChannelWithNormalText FAILED.
Reason:
com.kms.katalon.core.exception.StepFailedException: Unable to click on object 'Object Repository/Page_Test - TOKEN_UPDATED Mattermost/span_Jump'
	at com.kms.katalon.core.webui.keyword.internal.WebUIKeywordMain.stepFailed(WebUIKeywordMain.groovy:64)
	at com.kms.katalon.core.webui.keyword.internal.WebUIKeywordMain.runKeyword(WebUIKeywordMain.groovy:26)
	at com.kms.katalon.core.webui.keyword.builtin.ClickKeyword.click(ClickKeyword.groovy:75)
	at com.kms.katalon.core.webui.keyword.builtin.ClickKeyword.execute(ClickKeyword.groovy:42)
	at com.kms.katalon.core.keyword.internal.KeywordExecutor.executeKeywordForPlatform(KeywordExecutor.groovy:73)
	at com.kms.katalon.core.webui.keyword.WebUiBuiltInKeywords.click(WebUiBuiltInKeywords.groovy:619)
	at com.kms.katalon.core.webui.keyword.WebUiBuiltInKeywords$click$4.call(Unknown Source)
	at SearchInChannelWithNormalText.run(SearchInChannelWithNormalText:48)
	at com.kms.katalon.core.main.ScriptEngine.run(ScriptEngine.java:194)
	at com.kms.katalon.core.main.ScriptEngine.runScriptAsRawText(ScriptEngine.java:119)
	at com.kms.katalon.core.main.TestCaseExecutor.runScript(TestCaseExecutor.java:398)
	at com.kms.katalon.core.main.TestCaseExecutor.doExecute(TestCaseExecutor.java:389)
	at com.kms.katalon.core.main.TestCaseExecutor.processExecutionPhase(TestCaseExecutor.java:368)
	at com.kms.katalon.core.main.TestCaseExecutor.accessMainPhase(TestCaseExecutor.java:360)
	at com.kms.katalon.core.main.TestCaseExecutor.execute(TestCaseExecutor.java:255)
	at com.kms.katalon.core.main.TestSuiteExecutor.accessTestCaseMainPhase(TestSuiteExecutor.java:203)
	at com.kms.katalon.core.main.TestSuiteExecutor.accessTestSuiteMainPhase(TestSuiteExecutor.java:152)
	at com.kms.katalon.core.main.TestSuiteExecutor.execute(TestSuiteExecutor.java:95)
	at com.kms.katalon.core.main.TestCaseMain.startTestSuite(TestCaseMain.java:157)
	at com.kms.katalon.core.main.TestCaseMain$startTestSuite$0.call(Unknown Source)
	at TempTestSuite1622224263190.run(TempTestSuite1622224263190.groovy:39)
Caused by: org.openqa.selenium.ElementNotInteractableException: element not interactable
  (Session info: chrome=90.0.4430.212)
Build info: version: '3.141.59', revision: 'e82be7d358', time: '2018-11-14T08:25:53'
System info: host: 'DESKTOP-0HE72I0', ip: '192.168.243.2', os.name: 'Windows 10', os.arch: 'amd64', os.version: '10.0', java.version: '1.8.0_282'
Driver info: com.kms.katalon.selenium.driver.CChromeDriver
Capabilities {acceptInsecureCerts: false, browserName: chrome, browserVersion: 90.0.4430.212, chrome: {chromedriverVersion: 90.0.4430.24 (4c6d850f087da..., userDataDir: C:\Users\tanth\AppData\Loca...}, goog:chromeOptions: {debuggerAddress: localhost:51888}, javascriptEnabled: true, networkConnectionEnabled: false, pageLoadStrategy: normal, platform: WINDOWS, platformName: WINDOWS, proxy: Proxy(), setWindowRect: true, strictFileInteractability: false, timeouts: {implicit: 0, pageLoad: 300000, script: 30000}, unhandledPromptBehavior: dismiss and notify, webauthn:extension:largeBlob: true, webauthn:virtualAuthenticators: true}
Session ID: f619854a268e1f59c5230b6e9ba4bbe4
	at org.openqa.selenium.remote.http.W3CHttpResponseCodec.createException(W3CHttpResponseCodec.java:187)
	at org.openqa.selenium.remote.http.W3CHttpResponseCodec.decode(W3CHttpResponseCodec.java:122)
	at org.openqa.selenium.remote.http.W3CHttpResponseCodec.decode(W3CHttpResponseCodec.java:49)
	at org.openqa.selenium.remote.HttpCommandExecutor.execute(HttpCommandExecutor.java:158)
	at org.openqa.selenium.remote.service.DriverCommandExecutor.execute(DriverCommandExecutor.java:83)
	at org.openqa.selenium.remote.RemoteWebDriver.execute(RemoteWebDriver.java:552)
	at com.kms.katalon.selenium.driver.CChromeDriver.execute(CChromeDriver.java:19)
	at org.openqa.selenium.remote.RemoteWebElement.execute(RemoteWebElement.java:285)
	at org.openqa.selenium.remote.RemoteWebElement.click(RemoteWebElement.java:84)
	at org.openqa.selenium.support.events.EventFiringWebDriver$EventFiringWebElement.lambda$new$0(EventFiringWebDriver.java:404)
	at com.sun.proxy.$Proxy11.click(Unknown Source)
	at org.openqa.selenium.support.events.EventFiringWebDriver$EventFiringWebElement.click(EventFiringWebDriver.java:417)
	at com.kms.katalon.core.webui.keyword.builtin.ClickKeyword$_click_closure1.doCall(ClickKeyword.groovy:68)
	at com.kms.katalon.core.webui.keyword.builtin.ClickKeyword$_click_closure1.call(ClickKeyword.groovy)
	at com.kms.katalon.core.webui.keyword.internal.WebUIKeywordMain.runKeyword(WebUIKeywordMain.groovy:20)
	... 19 more]]></system-err>
      </testcase>
      <testcase name="Test Cases/SearchInChannelWithSpecialChar" time="53.079" classname="Test Cases/SearchInChannelWithSpecialChar" status="PASSED">
         <system-out><![CDATA[2021-05-29 01:30:58 - [TEST_CASE][PASSED] - Test Cases/SearchInChannelWithSpecialChar: Test Cases/SearchInChannelWithSpecialChar

2021-05-29 01:31:00 - [TEST_STEP][PASSED] - openBrowser(""): Browser is opened with url: ''

2021-05-29 01:31:00 - [MESSAGE][WARNING] - A browser is already opened. Closing browser and opening a new one

2021-05-29 01:31:01 - [MESSAGE][INFO] - Starting 'Chrome' driver

2021-05-29 01:31:01 - [MESSAGE][INFO] - Action delay is set to 0 milliseconds

2021-05-29 01:31:03 - [MESSAGE][PASSED] - Browser is opened with url: ''

2021-05-29 01:31:03 - [TEST_STEP][PASSED] - navigateToUrl("https://cdnc-group2.herokuapp.com/"): Navigate to 'https://cdnc-group2.herokuapp.com/' successfully

2021-05-29 01:31:07 - [MESSAGE][PASSED] - Navigate to 'https://cdnc-group2.herokuapp.com/' successfully

2021-05-29 01:31:07 - [TEST_STEP][PASSED] - setText(findTestObject("Object Repository/Page_Mattermost/input_All team communication in one place, _dcc84b"), "ngoctin040999@gmail.com"): Text 'ngoctin040999@gmail.com' is set on object 'Object Repository/Page_Mattermost/input_All team communication in one place, _dcc84b'

2021-05-29 01:31:12 - [MESSAGE][PASSED] - Text 'ngoctin040999@gmail.com' is set on object 'Object Repository/Page_Mattermost/input_All team communication in one place, _dcc84b'

2021-05-29 01:31:12 - [TEST_STEP][PASSED] - setEncryptedText(findTestObject("Object Repository/Page_Mattermost/input_All team communication in one place, _a3edc6"), "S8w1SJvl7D1hts9IdMV+NQ=="): Text ****** has been set on object 'Object Repository/Page_Mattermost/input_All team communication in one place, _a3edc6'

2021-05-29 01:31:13 - [MESSAGE][PASSED] - Text ****** has been set on object 'Object Repository/Page_Mattermost/input_All team communication in one place, _a3edc6'

2021-05-29 01:31:13 - [TEST_STEP][PASSED] - click(findTestObject("Object Repository/Page_Mattermost/span_Sign in")): Object: 'Object Repository/Page_Mattermost/span_Sign in' is clicked on

2021-05-29 01:31:14 - [MESSAGE][PASSED] - Object: 'Object Repository/Page_Mattermost/span_Sign in' is clicked on

2021-05-29 01:31:14 - [TEST_STEP][PASSED] - if (findTestObject("Object Repository/Page_Town Square - TOKEN_UPDATED Mattermost/span_Test") == null): null

2021-05-29 01:31:14 - [TEST_STEP][PASSED] - click(findTestObject("Object Repository/Page_Town Square - TOKEN_UPDATED Mattermost/span_Test")): Object: 'Object Repository/Page_Town Square - TOKEN_UPDATED Mattermost/span_Test' is clicked on

2021-05-29 01:31:45 - [MESSAGE][INFO] - Unable to find the element located by 'By.xpath: //a[@id='sidebarItem_test']/span[2]/span'. Please recheck the objects properties to make sure the desired element is located. 

2021-05-29 01:31:45 - [MESSAGE][WARNING] - [SELF-HEALING] Failed to find element with id 'Object Repository/Page_Town Square - TOKEN_UPDATED Mattermost/span_Test'. Try using Self-healing.

2021-05-29 01:31:46 - [MESSAGE][WARNING] - [SELF-HEALING] The current locator of test object 'Object Repository/Page_Town Square - TOKEN_UPDATED Mattermost/span_Test' was broken. Propose an alternative one: '(.//*[normalize-space(text()) and normalize-space(.)='+'])[2]/following::span[3]'.

2021-05-29 01:31:46 - [MESSAGE][PASSED] - Object: 'Object Repository/Page_Town Square - TOKEN_UPDATED Mattermost/span_Test' is clicked on

2021-05-29 01:31:46 - [TEST_STEP][PASSED] - click(findTestObject("Object Repository/Page_Test - TOKEN_UPDATED Mattermost/button_Test_channelHeaderSearchButton")): Object: 'Object Repository/Page_Test - TOKEN_UPDATED Mattermost/button_Test_channelHeaderSearchButton' is clicked on

2021-05-29 01:31:47 - [MESSAGE][PASSED] - Object: 'Object Repository/Page_Test - TOKEN_UPDATED Mattermost/button_Test_channelHeaderSearchButton' is clicked on

2021-05-29 01:31:47 - [TEST_STEP][PASSED] - setText(findTestObject("Object Repository/Page_Test - TOKEN_UPDATED Mattermost/input_Test_searchBox"), "(^(^"): Text '(^(^' is set on object 'Object Repository/Page_Test - TOKEN_UPDATED Mattermost/input_Test_searchBox'

2021-05-29 01:31:48 - [MESSAGE][PASSED] - Text '(^(^' is set on object 'Object Repository/Page_Test - TOKEN_UPDATED Mattermost/input_Test_searchBox'

2021-05-29 01:31:48 - [TEST_STEP][PASSED] - sendKeys(findTestObject("Object Repository/Page_Test - TOKEN_UPDATED Mattermost/input_Test_searchBox"), Keys.chord(ENTER)): Keys 'ENTER + ' sent to object: 'Object Repository/Page_Test - TOKEN_UPDATED Mattermost/input_Test_searchBox'

2021-05-29 01:31:49 - [MESSAGE][PASSED] - Keys 'ENTER + ' sent to object: 'Object Repository/Page_Test - TOKEN_UPDATED Mattermost/input_Test_searchBox'

2021-05-29 01:31:49 - [TEST_STEP][PASSED] - click(findTestObject("Object Repository/Page_Test - TOKEN_UPDATED Mattermost/i_Search Results_icon icon-close")): Object: 'Object Repository/Page_Test - TOKEN_UPDATED Mattermost/i_Search Results_icon icon-close' is clicked on

2021-05-29 01:31:50 - [MESSAGE][PASSED] - Object: 'Object Repository/Page_Test - TOKEN_UPDATED Mattermost/i_Search Results_icon icon-close' is clicked on

2021-05-29 01:31:50 - [TEST_STEP][PASSED] - closeBrowser(): Browser is closed

2021-05-29 01:31:51 - [MESSAGE][PASSED] - Browser is closed]]></system-out>
         <system-err><![CDATA[]]></system-err>
      </testcase>
      <testcase name="Test Cases/SearchInChannelWithTextHaveSpace" time="114.29" classname="Test Cases/SearchInChannelWithTextHaveSpace" status="FAILED">
         <failure type="FAILED" message="Test Cases/SearchInChannelWithTextHaveSpace FAILED.
Reason:
com.kms.katalon.core.exception.StepFailedException: Unable to click on object 'Object Repository/Page_Test - TOKEN_UPDATED Mattermost/span_Jump'
	at com.kms.katalon.core.webui.keyword.internal.WebUIKeywordMain.stepFailed(WebUIKeywordMain.groovy:64)
	at com.kms.katalon.core.webui.keyword.internal.WebUIKeywordMain.runKeyword(WebUIKeywordMain.groovy:26)
	at com.kms.katalon.core.webui.keyword.builtin.ClickKeyword.click(ClickKeyword.groovy:75)
	at com.kms.katalon.core.webui.keyword.builtin.ClickKeyword.execute(ClickKeyword.groovy:42)
	at com.kms.katalon.core.keyword.internal.KeywordExecutor.executeKeywordForPlatform(KeywordExecutor.groovy:73)
	at com.kms.katalon.core.webui.keyword.WebUiBuiltInKeywords.click(WebUiBuiltInKeywords.groovy:619)
	at com.kms.katalon.core.webui.keyword.WebUiBuiltInKeywords$click$4.call(Unknown Source)
	at SearchInChannelWithTextHaveSpace.run(SearchInChannelWithTextHaveSpace:48)
	at com.kms.katalon.core.main.ScriptEngine.run(ScriptEngine.java:194)
	at com.kms.katalon.core.main.ScriptEngine.runScriptAsRawText(ScriptEngine.java:119)
	at com.kms.katalon.core.main.TestCaseExecutor.runScript(TestCaseExecutor.java:398)
	at com.kms.katalon.core.main.TestCaseExecutor.doExecute(TestCaseExecutor.java:389)
	at com.kms.katalon.core.main.TestCaseExecutor.processExecutionPhase(TestCaseExecutor.java:368)
	at com.kms.katalon.core.main.TestCaseExecutor.accessMainPhase(TestCaseExecutor.java:360)
	at com.kms.katalon.core.main.TestCaseExecutor.execute(TestCaseExecutor.java:255)
	at com.kms.katalon.core.main.TestSuiteExecutor.accessTestCaseMainPhase(TestSuiteExecutor.java:203)
	at com.kms.katalon.core.main.TestSuiteExecutor.accessTestSuiteMainPhase(TestSuiteExecutor.java:152)
	at com.kms.katalon.core.main.TestSuiteExecutor.execute(TestSuiteExecutor.java:95)
	at com.kms.katalon.core.main.TestCaseMain.startTestSuite(TestCaseMain.java:157)
	at com.kms.katalon.core.main.TestCaseMain$startTestSuite$0.call(Unknown Source)
	at TempTestSuite1622224263190.run(TempTestSuite1622224263190.groovy:39)
Caused by: org.openqa.selenium.ElementNotInteractableException: element not interactable
  (Session info: chrome=90.0.4430.212)
Build info: version: '3.141.59', revision: 'e82be7d358', time: '2018-11-14T08:25:53'
System info: host: 'DESKTOP-0HE72I0', ip: '192.168.243.2', os.name: 'Windows 10', os.arch: 'amd64', os.version: '10.0', java.version: '1.8.0_282'
Driver info: com.kms.katalon.selenium.driver.CChromeDriver
Capabilities {acceptInsecureCerts: false, browserName: chrome, browserVersion: 90.0.4430.212, chrome: {chromedriverVersion: 90.0.4430.24 (4c6d850f087da..., userDataDir: C:\Users\tanth\AppData\Loca...}, goog:chromeOptions: {debuggerAddress: localhost:51969}, javascriptEnabled: true, networkConnectionEnabled: false, pageLoadStrategy: normal, platform: WINDOWS, platformName: WINDOWS, proxy: Proxy(), setWindowRect: true, strictFileInteractability: false, timeouts: {implicit: 0, pageLoad: 300000, script: 30000}, unhandledPromptBehavior: dismiss and notify, webauthn:extension:largeBlob: true, webauthn:virtualAuthenticators: true}
Session ID: 4b60ef28ac564450d955f7bdc19c02bc
	at org.openqa.selenium.remote.http.W3CHttpResponseCodec.createException(W3CHttpResponseCodec.java:187)
	at org.openqa.selenium.remote.http.W3CHttpResponseCodec.decode(W3CHttpResponseCodec.java:122)
	at org.openqa.selenium.remote.http.W3CHttpResponseCodec.decode(W3CHttpResponseCodec.java:49)
	at org.openqa.selenium.remote.HttpCommandExecutor.execute(HttpCommandExecutor.java:158)
	at org.openqa.selenium.remote.service.DriverCommandExecutor.execute(DriverCommandExecutor.java:83)
	at org.openqa.selenium.remote.RemoteWebDriver.execute(RemoteWebDriver.java:552)
	at com.kms.katalon.selenium.driver.CChromeDriver.execute(CChromeDriver.java:19)
	at org.openqa.selenium.remote.RemoteWebElement.execute(RemoteWebElement.java:285)
	at org.openqa.selenium.remote.RemoteWebElement.click(RemoteWebElement.java:84)
	at org.openqa.selenium.support.events.EventFiringWebDriver$EventFiringWebElement.lambda$new$0(EventFiringWebDriver.java:404)
	at com.sun.proxy.$Proxy11.click(Unknown Source)
	at org.openqa.selenium.support.events.EventFiringWebDriver$EventFiringWebElement.click(EventFiringWebDriver.java:417)
	at com.kms.katalon.core.webui.keyword.builtin.ClickKeyword$_click_closure1.doCall(ClickKeyword.groovy:68)
	at com.kms.katalon.core.webui.keyword.builtin.ClickKeyword$_click_closure1.call(ClickKeyword.groovy)
	at com.kms.katalon.core.webui.keyword.internal.WebUIKeywordMain.runKeyword(WebUIKeywordMain.groovy:20)
	... 19 more
"/>
         <system-out><![CDATA[2021-05-29 01:31:51 - [TEST_CASE][FAILED] - Test Cases/SearchInChannelWithTextHaveSpace: Test Cases/SearchInChannelWithTextHaveSpace FAILED.
Reason:
com.kms.katalon.core.exception.StepFailedException: Unable to click on object 'Object Repository/Page_Test - TOKEN_UPDATED Mattermost/span_Jump'
	at com.kms.katalon.core.webui.keyword.internal.WebUIKeywordMain.stepFailed(WebUIKeywordMain.groovy:64)
	at com.kms.katalon.core.webui.keyword.internal.WebUIKeywordMain.runKeyword(WebUIKeywordMain.groovy:26)
	at com.kms.katalon.core.webui.keyword.builtin.ClickKeyword.click(ClickKeyword.groovy:75)
	at com.kms.katalon.core.webui.keyword.builtin.ClickKeyword.execute(ClickKeyword.groovy:42)
	at com.kms.katalon.core.keyword.internal.KeywordExecutor.executeKeywordForPlatform(KeywordExecutor.groovy:73)
	at com.kms.katalon.core.webui.keyword.WebUiBuiltInKeywords.click(WebUiBuiltInKeywords.groovy:619)
	at com.kms.katalon.core.webui.keyword.WebUiBuiltInKeywords$click$4.call(Unknown Source)
	at SearchInChannelWithTextHaveSpace.run(SearchInChannelWithTextHaveSpace:48)
	at com.kms.katalon.core.main.ScriptEngine.run(ScriptEngine.java:194)
	at com.kms.katalon.core.main.ScriptEngine.runScriptAsRawText(ScriptEngine.java:119)
	at com.kms.katalon.core.main.TestCaseExecutor.runScript(TestCaseExecutor.java:398)
	at com.kms.katalon.core.main.TestCaseExecutor.doExecute(TestCaseExecutor.java:389)
	at com.kms.katalon.core.main.TestCaseExecutor.processExecutionPhase(TestCaseExecutor.java:368)
	at com.kms.katalon.core.main.TestCaseExecutor.accessMainPhase(TestCaseExecutor.java:360)
	at com.kms.katalon.core.main.TestCaseExecutor.execute(TestCaseExecutor.java:255)
	at com.kms.katalon.core.main.TestSuiteExecutor.accessTestCaseMainPhase(TestSuiteExecutor.java:203)
	at com.kms.katalon.core.main.TestSuiteExecutor.accessTestSuiteMainPhase(TestSuiteExecutor.java:152)
	at com.kms.katalon.core.main.TestSuiteExecutor.execute(TestSuiteExecutor.java:95)
	at com.kms.katalon.core.main.TestCaseMain.startTestSuite(TestCaseMain.java:157)
	at com.kms.katalon.core.main.TestCaseMain$startTestSuite$0.call(Unknown Source)
	at TempTestSuite1622224263190.run(TempTestSuite1622224263190.groovy:39)
Caused by: org.openqa.selenium.ElementNotInteractableException: element not interactable
  (Session info: chrome=90.0.4430.212)
Build info: version: '3.141.59', revision: 'e82be7d358', time: '2018-11-14T08:25:53'
System info: host: 'DESKTOP-0HE72I0', ip: '192.168.243.2', os.name: 'Windows 10', os.arch: 'amd64', os.version: '10.0', java.version: '1.8.0_282'
Driver info: com.kms.katalon.selenium.driver.CChromeDriver
Capabilities {acceptInsecureCerts: false, browserName: chrome, browserVersion: 90.0.4430.212, chrome: {chromedriverVersion: 90.0.4430.24 (4c6d850f087da..., userDataDir: C:\Users\tanth\AppData\Loca...}, goog:chromeOptions: {debuggerAddress: localhost:51969}, javascriptEnabled: true, networkConnectionEnabled: false, pageLoadStrategy: normal, platform: WINDOWS, platformName: WINDOWS, proxy: Proxy(), setWindowRect: true, strictFileInteractability: false, timeouts: {implicit: 0, pageLoad: 300000, script: 30000}, unhandledPromptBehavior: dismiss and notify, webauthn:extension:largeBlob: true, webauthn:virtualAuthenticators: true}
Session ID: 4b60ef28ac564450d955f7bdc19c02bc
	at org.openqa.selenium.remote.http.W3CHttpResponseCodec.createException(W3CHttpResponseCodec.java:187)
	at org.openqa.selenium.remote.http.W3CHttpResponseCodec.decode(W3CHttpResponseCodec.java:122)
	at org.openqa.selenium.remote.http.W3CHttpResponseCodec.decode(W3CHttpResponseCodec.java:49)
	at org.openqa.selenium.remote.HttpCommandExecutor.execute(HttpCommandExecutor.java:158)
	at org.openqa.selenium.remote.service.DriverCommandExecutor.execute(DriverCommandExecutor.java:83)
	at org.openqa.selenium.remote.RemoteWebDriver.execute(RemoteWebDriver.java:552)
	at com.kms.katalon.selenium.driver.CChromeDriver.execute(CChromeDriver.java:19)
	at org.openqa.selenium.remote.RemoteWebElement.execute(RemoteWebElement.java:285)
	at org.openqa.selenium.remote.RemoteWebElement.click(RemoteWebElement.java:84)
	at org.openqa.selenium.support.events.EventFiringWebDriver$EventFiringWebElement.lambda$new$0(EventFiringWebDriver.java:404)
	at com.sun.proxy.$Proxy11.click(Unknown Source)
	at org.openqa.selenium.support.events.EventFiringWebDriver$EventFiringWebElement.click(EventFiringWebDriver.java:417)
	at com.kms.katalon.core.webui.keyword.builtin.ClickKeyword$_click_closure1.doCall(ClickKeyword.groovy:68)
	at com.kms.katalon.core.webui.keyword.builtin.ClickKeyword$_click_closure1.call(ClickKeyword.groovy)
	at com.kms.katalon.core.webui.keyword.internal.WebUIKeywordMain.runKeyword(WebUIKeywordMain.groovy:20)
	... 19 more


2021-05-29 01:31:52 - [TEST_STEP][PASSED] - openBrowser(""): Browser is opened with url: ''

2021-05-29 01:31:52 - [MESSAGE][INFO] - Starting 'Chrome' driver

2021-05-29 01:31:52 - [MESSAGE][INFO] - Action delay is set to 0 milliseconds

2021-05-29 01:31:54 - [MESSAGE][PASSED] - Browser is opened with url: ''

2021-05-29 01:31:54 - [TEST_STEP][PASSED] - navigateToUrl("https://cdnc-group2.herokuapp.com/"): Navigate to 'https://cdnc-group2.herokuapp.com/' successfully

2021-05-29 01:31:59 - [MESSAGE][PASSED] - Navigate to 'https://cdnc-group2.herokuapp.com/' successfully

2021-05-29 01:31:59 - [TEST_STEP][PASSED] - setText(findTestObject("Object Repository/Page_Mattermost/input_All team communication in one place, _dcc84b"), "ngoctin040999@gmail.com"): Text 'ngoctin040999@gmail.com' is set on object 'Object Repository/Page_Mattermost/input_All team communication in one place, _dcc84b'

2021-05-29 01:32:04 - [MESSAGE][PASSED] - Text 'ngoctin040999@gmail.com' is set on object 'Object Repository/Page_Mattermost/input_All team communication in one place, _dcc84b'

2021-05-29 01:32:04 - [TEST_STEP][PASSED] - setEncryptedText(findTestObject("Object Repository/Page_Mattermost/input_All team communication in one place, _a3edc6"), "S8w1SJvl7D1hts9IdMV+NQ=="): Text ****** has been set on object 'Object Repository/Page_Mattermost/input_All team communication in one place, _a3edc6'

2021-05-29 01:32:05 - [MESSAGE][PASSED] - Text ****** has been set on object 'Object Repository/Page_Mattermost/input_All team communication in one place, _a3edc6'

2021-05-29 01:32:05 - [TEST_STEP][PASSED] - click(findTestObject("Object Repository/Page_Mattermost/button_Sign in")): Object: 'Object Repository/Page_Mattermost/button_Sign in' is clicked on

2021-05-29 01:32:06 - [MESSAGE][PASSED] - Object: 'Object Repository/Page_Mattermost/button_Sign in' is clicked on

2021-05-29 01:32:06 - [TEST_STEP][PASSED] - if (findTestObject("Object Repository/Page_Town Square - TOKEN_UPDATED Mattermost/span_Test") == null): null

2021-05-29 01:32:06 - [TEST_STEP][PASSED] - click(findTestObject("Object Repository/Page_Town Square - TOKEN_UPDATED Mattermost/span_Test")): Object: 'Object Repository/Page_Town Square - TOKEN_UPDATED Mattermost/span_Test' is clicked on

2021-05-29 01:32:37 - [MESSAGE][INFO] - Unable to find the element located by 'By.xpath: //a[@id='sidebarItem_test']/span[2]/span'. Please recheck the objects properties to make sure the desired element is located. 

2021-05-29 01:32:37 - [MESSAGE][WARNING] - [SELF-HEALING] Failed to find element with id 'Object Repository/Page_Town Square - TOKEN_UPDATED Mattermost/span_Test'. Try using Self-healing.

2021-05-29 01:32:38 - [MESSAGE][WARNING] - [SELF-HEALING] The current locator of test object 'Object Repository/Page_Town Square - TOKEN_UPDATED Mattermost/span_Test' was broken. Propose an alternative one: '(.//*[normalize-space(text()) and normalize-space(.)='+'])[2]/following::span[3]'.

2021-05-29 01:32:38 - [MESSAGE][PASSED] - Object: 'Object Repository/Page_Town Square - TOKEN_UPDATED Mattermost/span_Test' is clicked on

2021-05-29 01:32:38 - [TEST_STEP][PASSED] - click(findTestObject("Object Repository/Page_Test - TOKEN_UPDATED Mattermost/svg")): Object: 'Object Repository/Page_Test - TOKEN_UPDATED Mattermost/svg' is clicked on

2021-05-29 01:33:09 - [MESSAGE][INFO] - Unable to find the element located by 'By.xpath: (.//*[normalize-space(text()) and normalize-space(.)='Test'])[3]/following::*[name()='svg'][3]'. Please recheck the objects properties to make sure the desired element is located. 

2021-05-29 01:33:09 - [MESSAGE][WARNING] - [SELF-HEALING] Failed to find element with id 'Object Repository/Page_Test - TOKEN_UPDATED Mattermost/svg'. Try using Self-healing.

2021-05-29 01:33:10 - [MESSAGE][WARNING] - [SELF-HEALING] The current locator of test object 'Object Repository/Page_Test - TOKEN_UPDATED Mattermost/svg' was broken. Propose an alternative one: '(.//*[normalize-space(text()) and normalize-space(.)='Drop a file to upload it.'])[1]/following::*[name()='svg'][3]'.

2021-05-29 01:33:10 - [MESSAGE][PASSED] - Object: 'Object Repository/Page_Test - TOKEN_UPDATED Mattermost/svg' is clicked on

2021-05-29 01:33:10 - [TEST_STEP][PASSED] - setText(findTestObject("Object Repository/Page_Test - TOKEN_UPDATED Mattermost/input_Test_searchBox"), "   learn    "): Text '   learn    ' is set on object 'Object Repository/Page_Test - TOKEN_UPDATED Mattermost/input_Test_searchBox'

2021-05-29 01:33:11 - [MESSAGE][PASSED] - Text '   learn    ' is set on object 'Object Repository/Page_Test - TOKEN_UPDATED Mattermost/input_Test_searchBox'

2021-05-29 01:33:11 - [TEST_STEP][PASSED] - sendKeys(findTestObject("Object Repository/Page_Test - TOKEN_UPDATED Mattermost/input_Test_searchBox"), Keys.chord(ENTER)): Keys 'ENTER + ' sent to object: 'Object Repository/Page_Test - TOKEN_UPDATED Mattermost/input_Test_searchBox'

2021-05-29 01:33:12 - [MESSAGE][PASSED] - Keys 'ENTER + ' sent to object: 'Object Repository/Page_Test - TOKEN_UPDATED Mattermost/input_Test_searchBox'

2021-05-29 01:33:12 - [TEST_STEP][PASSED] - if (findTestObject("Object Repository/Page_Test - TOKEN_UPDATED Mattermost/span_Jump") == null): null

2021-05-29 01:33:12 - [TEST_STEP][FAILED] - click(findTestObject("Object Repository/Page_Test - TOKEN_UPDATED Mattermost/span_Jump")): Unable to click on object 'Object Repository/Page_Test - TOKEN_UPDATED Mattermost/span_Jump' (Root cause: com.kms.katalon.core.exception.StepFailedException: Unable to click on object 'Object Repository/Page_Test - TOKEN_UPDATED Mattermost/span_Jump'
	at com.kms.katalon.core.webui.keyword.internal.WebUIKeywordMain.stepFailed(WebUIKeywordMain.groovy:64)
	at com.kms.katalon.core.webui.keyword.internal.WebUIKeywordMain.runKeyword(WebUIKeywordMain.groovy:26)
	at com.kms.katalon.core.webui.keyword.builtin.ClickKeyword.click(ClickKeyword.groovy:75)
	at com.kms.katalon.core.webui.keyword.builtin.ClickKeyword.execute(ClickKeyword.groovy:42)
	at com.kms.katalon.core.keyword.internal.KeywordExecutor.executeKeywordForPlatform(KeywordExecutor.groovy:73)
	at com.kms.katalon.core.webui.keyword.WebUiBuiltInKeywords.click(WebUiBuiltInKeywords.groovy:619)
	at com.kms.katalon.core.webui.keyword.WebUiBuiltInKeywords$click$4.call(Unknown Source)
	at SearchInChannelWithTextHaveSpace.run(SearchInChannelWithTextHaveSpace:48)
	at com.kms.katalon.core.main.ScriptEngine.run(ScriptEngine.java:194)
	at com.kms.katalon.core.main.ScriptEngine.runScriptAsRawText(ScriptEngine.java:119)
	at com.kms.katalon.core.main.TestCaseExecutor.runScript(TestCaseExecutor.java:398)
	at com.kms.katalon.core.main.TestCaseExecutor.doExecute(TestCaseExecutor.java:389)
	at com.kms.katalon.core.main.TestCaseExecutor.processExecutionPhase(TestCaseExecutor.java:368)
	at com.kms.katalon.core.main.TestCaseExecutor.accessMainPhase(TestCaseExecutor.java:360)
	at com.kms.katalon.core.main.TestCaseExecutor.execute(TestCaseExecutor.java:255)
	at com.kms.katalon.core.main.TestSuiteExecutor.accessTestCaseMainPhase(TestSuiteExecutor.java:203)
	at com.kms.katalon.core.main.TestSuiteExecutor.accessTestSuiteMainPhase(TestSuiteExecutor.java:152)
	at com.kms.katalon.core.main.TestSuiteExecutor.execute(TestSuiteExecutor.java:95)
	at com.kms.katalon.core.main.TestCaseMain.startTestSuite(TestCaseMain.java:157)
	at com.kms.katalon.core.main.TestCaseMain$startTestSuite$0.call(Unknown Source)
	at TempTestSuite1622224263190.run(TempTestSuite1622224263190.groovy:39)
Caused by: org.openqa.selenium.ElementNotInteractableException: element not interactable
  (Session info: chrome=90.0.4430.212)
Build info: version: '3.141.59', revision: 'e82be7d358', time: '2018-11-14T08:25:53'
System info: host: 'DESKTOP-0HE72I0', ip: '192.168.243.2', os.name: 'Windows 10', os.arch: 'amd64', os.version: '10.0', java.version: '1.8.0_282'
Driver info: com.kms.katalon.selenium.driver.CChromeDriver
Capabilities {acceptInsecureCerts: false, browserName: chrome, browserVersion: 90.0.4430.212, chrome: {chromedriverVersion: 90.0.4430.24 (4c6d850f087da..., userDataDir: C:\Users\tanth\AppData\Loca...}, goog:chromeOptions: {debuggerAddress: localhost:51969}, javascriptEnabled: true, networkConnectionEnabled: false, pageLoadStrategy: normal, platform: WINDOWS, platformName: WINDOWS, proxy: Proxy(), setWindowRect: true, strictFileInteractability: false, timeouts: {implicit: 0, pageLoad: 300000, script: 30000}, unhandledPromptBehavior: dismiss and notify, webauthn:extension:largeBlob: true, webauthn:virtualAuthenticators: true}
Session ID: 4b60ef28ac564450d955f7bdc19c02bc
	at org.openqa.selenium.remote.http.W3CHttpResponseCodec.createException(W3CHttpResponseCodec.java:187)
	at org.openqa.selenium.remote.http.W3CHttpResponseCodec.decode(W3CHttpResponseCodec.java:122)
	at org.openqa.selenium.remote.http.W3CHttpResponseCodec.decode(W3CHttpResponseCodec.java:49)
	at org.openqa.selenium.remote.HttpCommandExecutor.execute(HttpCommandExecutor.java:158)
	at org.openqa.selenium.remote.service.DriverCommandExecutor.execute(DriverCommandExecutor.java:83)
	at org.openqa.selenium.remote.RemoteWebDriver.execute(RemoteWebDriver.java:552)
	at com.kms.katalon.selenium.driver.CChromeDriver.execute(CChromeDriver.java:19)
	at org.openqa.selenium.remote.RemoteWebElement.execute(RemoteWebElement.java:285)
	at org.openqa.selenium.remote.RemoteWebElement.click(RemoteWebElement.java:84)
	at org.openqa.selenium.support.events.EventFiringWebDriver$EventFiringWebElement.lambda$new$0(EventFiringWebDriver.java:404)
	at com.sun.proxy.$Proxy11.click(Unknown Source)
	at org.openqa.selenium.support.events.EventFiringWebDriver$EventFiringWebElement.click(EventFiringWebDriver.java:417)
	at com.kms.katalon.core.webui.keyword.builtin.ClickKeyword$_click_closure1.doCall(ClickKeyword.groovy:68)
	at com.kms.katalon.core.webui.keyword.builtin.ClickKeyword$_click_closure1.call(ClickKeyword.groovy)
	at com.kms.katalon.core.webui.keyword.internal.WebUIKeywordMain.runKeyword(WebUIKeywordMain.groovy:20)
	at com.kms.katalon.core.webui.keyword.builtin.ClickKeyword.click(ClickKeyword.groovy:75)
	at com.kms.katalon.core.webui.keyword.builtin.ClickKeyword.execute(ClickKeyword.groovy:42)
	at com.kms.katalon.core.keyword.internal.KeywordExecutor.executeKeywordForPlatform(KeywordExecutor.groovy:73)
	at com.kms.katalon.core.webui.keyword.WebUiBuiltInKeywords.click(WebUiBuiltInKeywords.groovy:619)
	at com.kms.katalon.core.webui.keyword.WebUiBuiltInKeywords$click$4.call(Unknown Source)
	at Script1621696393777.run(Script1621696393777.groovy:48)
	... 13 more
)

2021-05-29 01:33:44 - [MESSAGE][INFO] - Unable to find the element located by 'By.xpath: //div[@id='search-items-container']/div/div[2]/div[2]/div[2]/div/div[3]/a/span'. Please recheck the objects properties to make sure the desired element is located. 

2021-05-29 01:33:44 - [MESSAGE][WARNING] - [SELF-HEALING] Failed to find element with id 'Object Repository/Page_Test - TOKEN_UPDATED Mattermost/span_Jump'. Try using Self-healing.

2021-05-29 01:33:45 - [MESSAGE][WARNING] - [SELF-HEALING] The current locator of test object 'Object Repository/Page_Test - TOKEN_UPDATED Mattermost/span_Jump' was broken. Propose an alternative one: '(.//*[normalize-space(text()) and normalize-space(.)='@ngoctin12345'])[1]/preceding::span[1]'.

2021-05-29 01:33:46 - [MESSAGE][FAILED] - Unable to click on object 'Object Repository/Page_Test - TOKEN_UPDATED Mattermost/span_Jump' (Root cause: com.kms.katalon.core.exception.StepFailedException: Unable to click on object 'Object Repository/Page_Test - TOKEN_UPDATED Mattermost/span_Jump'
	at com.kms.katalon.core.webui.keyword.internal.WebUIKeywordMain.stepFailed(WebUIKeywordMain.groovy:64)
	at com.kms.katalon.core.webui.keyword.internal.WebUIKeywordMain.runKeyword(WebUIKeywordMain.groovy:26)
	at com.kms.katalon.core.webui.keyword.builtin.ClickKeyword.click(ClickKeyword.groovy:75)
	at com.kms.katalon.core.webui.keyword.builtin.ClickKeyword.execute(ClickKeyword.groovy:42)
	at com.kms.katalon.core.keyword.internal.KeywordExecutor.executeKeywordForPlatform(KeywordExecutor.groovy:73)
	at com.kms.katalon.core.webui.keyword.WebUiBuiltInKeywords.click(WebUiBuiltInKeywords.groovy:619)
	at com.kms.katalon.core.webui.keyword.WebUiBuiltInKeywords$click$4.call(Unknown Source)
	at SearchInChannelWithTextHaveSpace.run(SearchInChannelWithTextHaveSpace:48)
	at com.kms.katalon.core.main.ScriptEngine.run(ScriptEngine.java:194)
	at com.kms.katalon.core.main.ScriptEngine.runScriptAsRawText(ScriptEngine.java:119)
	at com.kms.katalon.core.main.TestCaseExecutor.runScript(TestCaseExecutor.java:398)
	at com.kms.katalon.core.main.TestCaseExecutor.doExecute(TestCaseExecutor.java:389)
	at com.kms.katalon.core.main.TestCaseExecutor.processExecutionPhase(TestCaseExecutor.java:368)
	at com.kms.katalon.core.main.TestCaseExecutor.accessMainPhase(TestCaseExecutor.java:360)
	at com.kms.katalon.core.main.TestCaseExecutor.execute(TestCaseExecutor.java:255)
	at com.kms.katalon.core.main.TestSuiteExecutor.accessTestCaseMainPhase(TestSuiteExecutor.java:203)
	at com.kms.katalon.core.main.TestSuiteExecutor.accessTestSuiteMainPhase(TestSuiteExecutor.java:152)
	at com.kms.katalon.core.main.TestSuiteExecutor.execute(TestSuiteExecutor.java:95)
	at com.kms.katalon.core.main.TestCaseMain.startTestSuite(TestCaseMain.java:157)
	at com.kms.katalon.core.main.TestCaseMain$startTestSuite$0.call(Unknown Source)
	at TempTestSuite1622224263190.run(TempTestSuite1622224263190.groovy:39)
Caused by: org.openqa.selenium.ElementNotInteractableException: element not interactable
  (Session info: chrome=90.0.4430.212)
Build info: version: '3.141.59', revision: 'e82be7d358', time: '2018-11-14T08:25:53'
System info: host: 'DESKTOP-0HE72I0', ip: '192.168.243.2', os.name: 'Windows 10', os.arch: 'amd64', os.version: '10.0', java.version: '1.8.0_282'
Driver info: com.kms.katalon.selenium.driver.CChromeDriver
Capabilities {acceptInsecureCerts: false, browserName: chrome, browserVersion: 90.0.4430.212, chrome: {chromedriverVersion: 90.0.4430.24 (4c6d850f087da..., userDataDir: C:\Users\tanth\AppData\Loca...}, goog:chromeOptions: {debuggerAddress: localhost:51969}, javascriptEnabled: true, networkConnectionEnabled: false, pageLoadStrategy: normal, platform: WINDOWS, platformName: WINDOWS, proxy: Proxy(), setWindowRect: true, strictFileInteractability: false, timeouts: {implicit: 0, pageLoad: 300000, script: 30000}, unhandledPromptBehavior: dismiss and notify, webauthn:extension:largeBlob: true, webauthn:virtualAuthenticators: true}
Session ID: 4b60ef28ac564450d955f7bdc19c02bc
	at org.openqa.selenium.remote.http.W3CHttpResponseCodec.createException(W3CHttpResponseCodec.java:187)
	at org.openqa.selenium.remote.http.W3CHttpResponseCodec.decode(W3CHttpResponseCodec.java:122)
	at org.openqa.selenium.remote.http.W3CHttpResponseCodec.decode(W3CHttpResponseCodec.java:49)
	at org.openqa.selenium.remote.HttpCommandExecutor.execute(HttpCommandExecutor.java:158)
	at org.openqa.selenium.remote.service.DriverCommandExecutor.execute(DriverCommandExecutor.java:83)
	at org.openqa.selenium.remote.RemoteWebDriver.execute(RemoteWebDriver.java:552)
	at com.kms.katalon.selenium.driver.CChromeDriver.execute(CChromeDriver.java:19)
	at org.openqa.selenium.remote.RemoteWebElement.execute(RemoteWebElement.java:285)
	at org.openqa.selenium.remote.RemoteWebElement.click(RemoteWebElement.java:84)
	at org.openqa.selenium.support.events.EventFiringWebDriver$EventFiringWebElement.lambda$new$0(EventFiringWebDriver.java:404)
	at com.sun.proxy.$Proxy11.click(Unknown Source)
	at org.openqa.selenium.support.events.EventFiringWebDriver$EventFiringWebElement.click(EventFiringWebDriver.java:417)
	at com.kms.katalon.core.webui.keyword.builtin.ClickKeyword$_click_closure1.doCall(ClickKeyword.groovy:68)
	at com.kms.katalon.core.webui.keyword.builtin.ClickKeyword$_click_closure1.call(ClickKeyword.groovy)
	at com.kms.katalon.core.webui.keyword.internal.WebUIKeywordMain.runKeyword(WebUIKeywordMain.groovy:20)
	at com.kms.katalon.core.webui.keyword.builtin.ClickKeyword.click(ClickKeyword.groovy:75)
	at com.kms.katalon.core.webui.keyword.builtin.ClickKeyword.execute(ClickKeyword.groovy:42)
	at com.kms.katalon.core.keyword.internal.KeywordExecutor.executeKeywordForPlatform(KeywordExecutor.groovy:73)
	at com.kms.katalon.core.webui.keyword.WebUiBuiltInKeywords.click(WebUiBuiltInKeywords.groovy:619)
	at com.kms.katalon.core.webui.keyword.WebUiBuiltInKeywords$click$4.call(Unknown Source)
	at Script1621696393777.run(Script1621696393777.groovy:48)
	... 13 more
)
[[ATTACHMENT|C:\\Users\\tanth\\git\\katalon\\Reports\\20210529_005103\\Run all test cases\\20210529_005103\\1622226825995.png]]]]></system-out>
         <system-err><![CDATA[2021-05-29 01:31:51 - [TEST_CASE][FAILED] - Test Cases/SearchInChannelWithTextHaveSpace: Test Cases/SearchInChannelWithTextHaveSpace FAILED.
Reason:
com.kms.katalon.core.exception.StepFailedException: Unable to click on object 'Object Repository/Page_Test - TOKEN_UPDATED Mattermost/span_Jump'
	at com.kms.katalon.core.webui.keyword.internal.WebUIKeywordMain.stepFailed(WebUIKeywordMain.groovy:64)
	at com.kms.katalon.core.webui.keyword.internal.WebUIKeywordMain.runKeyword(WebUIKeywordMain.groovy:26)
	at com.kms.katalon.core.webui.keyword.builtin.ClickKeyword.click(ClickKeyword.groovy:75)
	at com.kms.katalon.core.webui.keyword.builtin.ClickKeyword.execute(ClickKeyword.groovy:42)
	at com.kms.katalon.core.keyword.internal.KeywordExecutor.executeKeywordForPlatform(KeywordExecutor.groovy:73)
	at com.kms.katalon.core.webui.keyword.WebUiBuiltInKeywords.click(WebUiBuiltInKeywords.groovy:619)
	at com.kms.katalon.core.webui.keyword.WebUiBuiltInKeywords$click$4.call(Unknown Source)
	at SearchInChannelWithTextHaveSpace.run(SearchInChannelWithTextHaveSpace:48)
	at com.kms.katalon.core.main.ScriptEngine.run(ScriptEngine.java:194)
	at com.kms.katalon.core.main.ScriptEngine.runScriptAsRawText(ScriptEngine.java:119)
	at com.kms.katalon.core.main.TestCaseExecutor.runScript(TestCaseExecutor.java:398)
	at com.kms.katalon.core.main.TestCaseExecutor.doExecute(TestCaseExecutor.java:389)
	at com.kms.katalon.core.main.TestCaseExecutor.processExecutionPhase(TestCaseExecutor.java:368)
	at com.kms.katalon.core.main.TestCaseExecutor.accessMainPhase(TestCaseExecutor.java:360)
	at com.kms.katalon.core.main.TestCaseExecutor.execute(TestCaseExecutor.java:255)
	at com.kms.katalon.core.main.TestSuiteExecutor.accessTestCaseMainPhase(TestSuiteExecutor.java:203)
	at com.kms.katalon.core.main.TestSuiteExecutor.accessTestSuiteMainPhase(TestSuiteExecutor.java:152)
	at com.kms.katalon.core.main.TestSuiteExecutor.execute(TestSuiteExecutor.java:95)
	at com.kms.katalon.core.main.TestCaseMain.startTestSuite(TestCaseMain.java:157)
	at com.kms.katalon.core.main.TestCaseMain$startTestSuite$0.call(Unknown Source)
	at TempTestSuite1622224263190.run(TempTestSuite1622224263190.groovy:39)
Caused by: org.openqa.selenium.ElementNotInteractableException: element not interactable
  (Session info: chrome=90.0.4430.212)
Build info: version: '3.141.59', revision: 'e82be7d358', time: '2018-11-14T08:25:53'
System info: host: 'DESKTOP-0HE72I0', ip: '192.168.243.2', os.name: 'Windows 10', os.arch: 'amd64', os.version: '10.0', java.version: '1.8.0_282'
Driver info: com.kms.katalon.selenium.driver.CChromeDriver
Capabilities {acceptInsecureCerts: false, browserName: chrome, browserVersion: 90.0.4430.212, chrome: {chromedriverVersion: 90.0.4430.24 (4c6d850f087da..., userDataDir: C:\Users\tanth\AppData\Loca...}, goog:chromeOptions: {debuggerAddress: localhost:51969}, javascriptEnabled: true, networkConnectionEnabled: false, pageLoadStrategy: normal, platform: WINDOWS, platformName: WINDOWS, proxy: Proxy(), setWindowRect: true, strictFileInteractability: false, timeouts: {implicit: 0, pageLoad: 300000, script: 30000}, unhandledPromptBehavior: dismiss and notify, webauthn:extension:largeBlob: true, webauthn:virtualAuthenticators: true}
Session ID: 4b60ef28ac564450d955f7bdc19c02bc
	at org.openqa.selenium.remote.http.W3CHttpResponseCodec.createException(W3CHttpResponseCodec.java:187)
	at org.openqa.selenium.remote.http.W3CHttpResponseCodec.decode(W3CHttpResponseCodec.java:122)
	at org.openqa.selenium.remote.http.W3CHttpResponseCodec.decode(W3CHttpResponseCodec.java:49)
	at org.openqa.selenium.remote.HttpCommandExecutor.execute(HttpCommandExecutor.java:158)
	at org.openqa.selenium.remote.service.DriverCommandExecutor.execute(DriverCommandExecutor.java:83)
	at org.openqa.selenium.remote.RemoteWebDriver.execute(RemoteWebDriver.java:552)
	at com.kms.katalon.selenium.driver.CChromeDriver.execute(CChromeDriver.java:19)
	at org.openqa.selenium.remote.RemoteWebElement.execute(RemoteWebElement.java:285)
	at org.openqa.selenium.remote.RemoteWebElement.click(RemoteWebElement.java:84)
	at org.openqa.selenium.support.events.EventFiringWebDriver$EventFiringWebElement.lambda$new$0(EventFiringWebDriver.java:404)
	at com.sun.proxy.$Proxy11.click(Unknown Source)
	at org.openqa.selenium.support.events.EventFiringWebDriver$EventFiringWebElement.click(EventFiringWebDriver.java:417)
	at com.kms.katalon.core.webui.keyword.builtin.ClickKeyword$_click_closure1.doCall(ClickKeyword.groovy:68)
	at com.kms.katalon.core.webui.keyword.builtin.ClickKeyword$_click_closure1.call(ClickKeyword.groovy)
	at com.kms.katalon.core.webui.keyword.internal.WebUIKeywordMain.runKeyword(WebUIKeywordMain.groovy:20)
	... 19 more]]></system-err>
      </testcase>
      <testcase name="Test Cases/UnpinMessage" time="96.873" classname="Test Cases/UnpinMessage" status="FAILED">
         <failure type="FAILED" message="Test Cases/UnpinMessage FAILED.
Reason:
com.kms.katalon.core.exception.StepFailedException: Unable to move mouse over object 'Object Repository/FixElement/Page_Test 123 - Team Mattermost/div_Pinnedngoctin123451059 PMMessage'
	at com.kms.katalon.core.webui.keyword.internal.WebUIKeywordMain.stepFailed(WebUIKeywordMain.groovy:64)
	at com.kms.katalon.core.webui.keyword.internal.WebUIKeywordMain.runKeyword(WebUIKeywordMain.groovy:26)
	at com.kms.katalon.core.webui.keyword.builtin.MouseOverKeyword.mouseOver(MouseOverKeyword.groovy:66)
	at com.kms.katalon.core.webui.keyword.builtin.MouseOverKeyword.execute(MouseOverKeyword.groovy:40)
	at com.kms.katalon.core.keyword.internal.KeywordExecutor.executeKeywordForPlatform(KeywordExecutor.groovy:73)
	at com.kms.katalon.core.webui.keyword.WebUiBuiltInKeywords.mouseOver(WebUiBuiltInKeywords.groovy:805)
	at com.kms.katalon.core.webui.keyword.WebUiBuiltInKeywords$mouseOver$9.call(Unknown Source)
	at UnpinMessage.run(UnpinMessage:43)
	at com.kms.katalon.core.main.ScriptEngine.run(ScriptEngine.java:194)
	at com.kms.katalon.core.main.ScriptEngine.runScriptAsRawText(ScriptEngine.java:119)
	at com.kms.katalon.core.main.TestCaseExecutor.runScript(TestCaseExecutor.java:398)
	at com.kms.katalon.core.main.TestCaseExecutor.doExecute(TestCaseExecutor.java:389)
	at com.kms.katalon.core.main.TestCaseExecutor.processExecutionPhase(TestCaseExecutor.java:368)
	at com.kms.katalon.core.main.TestCaseExecutor.accessMainPhase(TestCaseExecutor.java:360)
	at com.kms.katalon.core.main.TestCaseExecutor.execute(TestCaseExecutor.java:255)
	at com.kms.katalon.core.main.TestSuiteExecutor.accessTestCaseMainPhase(TestSuiteExecutor.java:203)
	at com.kms.katalon.core.main.TestSuiteExecutor.accessTestSuiteMainPhase(TestSuiteExecutor.java:152)
	at com.kms.katalon.core.main.TestSuiteExecutor.execute(TestSuiteExecutor.java:95)
	at com.kms.katalon.core.main.TestCaseMain.startTestSuite(TestCaseMain.java:157)
	at com.kms.katalon.core.main.TestCaseMain$startTestSuite$0.call(Unknown Source)
	at TempTestSuite1622224263190.run(TempTestSuite1622224263190.groovy:39)
Caused by: com.kms.katalon.core.webui.exception.WebElementNotFoundException: Web element with id: 'Object Repository/FixElement/Page_Test 123 - Team Mattermost/div_Pinnedngoctin123451059 PMMessage' located by '//div[@id='post_cbnbttpn1ig5jg13jidu64xfbc']' not found
	at com.kms.katalon.core.webui.common.WebUiCommonHelper.findWebElement(WebUiCommonHelper.java:1368)
	at com.kms.katalon.core.webui.keyword.internal.WebUIAbstractKeyword.findWebElement(WebUIAbstractKeyword.groovy:27)
	at com.kms.katalon.core.webui.keyword.internal.WebUIAbstractKeyword.findWebElement(WebUIAbstractKeyword.groovy:26)
	at com.kms.katalon.core.webui.keyword.builtin.MouseOverKeyword$_mouseOver_closure1.doCall(MouseOverKeyword.groovy:54)
	at com.kms.katalon.core.webui.keyword.builtin.MouseOverKeyword$_mouseOver_closure1.call(MouseOverKeyword.groovy)
	at com.kms.katalon.core.webui.keyword.internal.WebUIKeywordMain.runKeyword(WebUIKeywordMain.groovy:20)
	... 19 more
"/>
         <system-out><![CDATA[2021-05-29 01:33:46 - [TEST_CASE][FAILED] - Test Cases/UnpinMessage: Test Cases/UnpinMessage FAILED.
Reason:
com.kms.katalon.core.exception.StepFailedException: Unable to move mouse over object 'Object Repository/FixElement/Page_Test 123 - Team Mattermost/div_Pinnedngoctin123451059 PMMessage'
	at com.kms.katalon.core.webui.keyword.internal.WebUIKeywordMain.stepFailed(WebUIKeywordMain.groovy:64)
	at com.kms.katalon.core.webui.keyword.internal.WebUIKeywordMain.runKeyword(WebUIKeywordMain.groovy:26)
	at com.kms.katalon.core.webui.keyword.builtin.MouseOverKeyword.mouseOver(MouseOverKeyword.groovy:66)
	at com.kms.katalon.core.webui.keyword.builtin.MouseOverKeyword.execute(MouseOverKeyword.groovy:40)
	at com.kms.katalon.core.keyword.internal.KeywordExecutor.executeKeywordForPlatform(KeywordExecutor.groovy:73)
	at com.kms.katalon.core.webui.keyword.WebUiBuiltInKeywords.mouseOver(WebUiBuiltInKeywords.groovy:805)
	at com.kms.katalon.core.webui.keyword.WebUiBuiltInKeywords$mouseOver$9.call(Unknown Source)
	at UnpinMessage.run(UnpinMessage:43)
	at com.kms.katalon.core.main.ScriptEngine.run(ScriptEngine.java:194)
	at com.kms.katalon.core.main.ScriptEngine.runScriptAsRawText(ScriptEngine.java:119)
	at com.kms.katalon.core.main.TestCaseExecutor.runScript(TestCaseExecutor.java:398)
	at com.kms.katalon.core.main.TestCaseExecutor.doExecute(TestCaseExecutor.java:389)
	at com.kms.katalon.core.main.TestCaseExecutor.processExecutionPhase(TestCaseExecutor.java:368)
	at com.kms.katalon.core.main.TestCaseExecutor.accessMainPhase(TestCaseExecutor.java:360)
	at com.kms.katalon.core.main.TestCaseExecutor.execute(TestCaseExecutor.java:255)
	at com.kms.katalon.core.main.TestSuiteExecutor.accessTestCaseMainPhase(TestSuiteExecutor.java:203)
	at com.kms.katalon.core.main.TestSuiteExecutor.accessTestSuiteMainPhase(TestSuiteExecutor.java:152)
	at com.kms.katalon.core.main.TestSuiteExecutor.execute(TestSuiteExecutor.java:95)
	at com.kms.katalon.core.main.TestCaseMain.startTestSuite(TestCaseMain.java:157)
	at com.kms.katalon.core.main.TestCaseMain$startTestSuite$0.call(Unknown Source)
	at TempTestSuite1622224263190.run(TempTestSuite1622224263190.groovy:39)
Caused by: com.kms.katalon.core.webui.exception.WebElementNotFoundException: Web element with id: 'Object Repository/FixElement/Page_Test 123 - Team Mattermost/div_Pinnedngoctin123451059 PMMessage' located by '//div[@id='post_cbnbttpn1ig5jg13jidu64xfbc']' not found
	at com.kms.katalon.core.webui.common.WebUiCommonHelper.findWebElement(WebUiCommonHelper.java:1368)
	at com.kms.katalon.core.webui.keyword.internal.WebUIAbstractKeyword.findWebElement(WebUIAbstractKeyword.groovy:27)
	at com.kms.katalon.core.webui.keyword.internal.WebUIAbstractKeyword.findWebElement(WebUIAbstractKeyword.groovy:26)
	at com.kms.katalon.core.webui.keyword.builtin.MouseOverKeyword$_mouseOver_closure1.doCall(MouseOverKeyword.groovy:54)
	at com.kms.katalon.core.webui.keyword.builtin.MouseOverKeyword$_mouseOver_closure1.call(MouseOverKeyword.groovy)
	at com.kms.katalon.core.webui.keyword.internal.WebUIKeywordMain.runKeyword(WebUIKeywordMain.groovy:20)
	... 19 more


2021-05-29 01:33:47 - [TEST_STEP][PASSED] - openBrowser(""): Browser is opened with url: ''

2021-05-29 01:33:47 - [MESSAGE][WARNING] - A browser is already opened. Closing browser and opening a new one

2021-05-29 01:33:48 - [MESSAGE][INFO] - Starting 'Chrome' driver

2021-05-29 01:33:48 - [MESSAGE][INFO] - Action delay is set to 0 milliseconds

2021-05-29 01:33:50 - [MESSAGE][PASSED] - Browser is opened with url: ''

2021-05-29 01:33:50 - [TEST_STEP][PASSED] - navigateToUrl("https://cdnc-group2.herokuapp.com/login"): Navigate to 'https://cdnc-group2.herokuapp.com/login' successfully

2021-05-29 01:33:54 - [MESSAGE][PASSED] - Navigate to 'https://cdnc-group2.herokuapp.com/login' successfully

2021-05-29 01:33:54 - [TEST_STEP][PASSED] - setText(findTestObject("Object Repository/DeleteMessage_OR/Page_Mattermost/input_All team communication in one place, _dcc84b"), "ngoctin040999@gmail.com"): Text 'ngoctin040999@gmail.com' is set on object 'Object Repository/DeleteMessage_OR/Page_Mattermost/input_All team communication in one place, _dcc84b'

2021-05-29 01:33:59 - [MESSAGE][PASSED] - Text 'ngoctin040999@gmail.com' is set on object 'Object Repository/DeleteMessage_OR/Page_Mattermost/input_All team communication in one place, _dcc84b'

2021-05-29 01:33:59 - [TEST_STEP][PASSED] - setEncryptedText(findTestObject("Object Repository/DeleteMessage_OR/Page_Mattermost/input_All team communication in one place, _a3edc6"), "S8w1SJvl7D1hts9IdMV+NQ=="): Text ****** has been set on object 'Object Repository/DeleteMessage_OR/Page_Mattermost/input_All team communication in one place, _a3edc6'

2021-05-29 01:34:00 - [MESSAGE][PASSED] - Text ****** has been set on object 'Object Repository/DeleteMessage_OR/Page_Mattermost/input_All team communication in one place, _a3edc6'

2021-05-29 01:34:00 - [TEST_STEP][PASSED] - sendKeys(findTestObject("Object Repository/DeleteMessage_OR/Page_Mattermost/input_All team communication in one place, _a3edc6"), Keys.chord(ENTER)): Keys 'ENTER + ' sent to object: 'Object Repository/DeleteMessage_OR/Page_Mattermost/input_All team communication in one place, _a3edc6'

2021-05-29 01:34:01 - [MESSAGE][PASSED] - Keys 'ENTER + ' sent to object: 'Object Repository/DeleteMessage_OR/Page_Mattermost/input_All team communication in one place, _a3edc6'

2021-05-29 01:34:01 - [TEST_STEP][PASSED] - a = findTestObject("Object Repository/DeleteMessage_OR/Page_Town Square - TOKEN_UPDATED Mattermost/span_Test 77777"): null

2021-05-29 01:34:01 - [TEST_STEP][PASSED] - b = findTestObject("Object Repository/FixElement/Page_Test 123 - Team Mattermost/div_Pinnedngoctin123451059 PMMessage"): null

2021-05-29 01:34:02 - [TEST_STEP][PASSED] - c = findTestObject("Object Repository/FixElement/Page_Test 123 - Team Mattermost/button_ngoctin12345_CENTER_button_cbnbttpn1ig5jg13jidu64xfbc"): null

2021-05-29 01:34:02 - [TEST_STEP][PASSED] - d = findTestObject("Object Repository/FixElement/Page_Test 123 - Team Mattermost/div_Pinnedngoctin123451059 PMMessage"): null

2021-05-29 01:34:02 - [TEST_STEP][FAILED] - if (a != null && b != null && c != null && d != null): Unable to move mouse over object 'Object Repository/FixElement/Page_Test 123 - Team Mattermost/div_Pinnedngoctin123451059 PMMessage' (Root cause: com.kms.katalon.core.exception.StepFailedException: Unable to move mouse over object 'Object Repository/FixElement/Page_Test 123 - Team Mattermost/div_Pinnedngoctin123451059 PMMessage'
	at com.kms.katalon.core.webui.keyword.internal.WebUIKeywordMain.stepFailed(WebUIKeywordMain.groovy:64)
	at com.kms.katalon.core.webui.keyword.internal.WebUIKeywordMain.runKeyword(WebUIKeywordMain.groovy:26)
	at com.kms.katalon.core.webui.keyword.builtin.MouseOverKeyword.mouseOver(MouseOverKeyword.groovy:66)
	at com.kms.katalon.core.webui.keyword.builtin.MouseOverKeyword.execute(MouseOverKeyword.groovy:40)
	at com.kms.katalon.core.keyword.internal.KeywordExecutor.executeKeywordForPlatform(KeywordExecutor.groovy:73)
	at com.kms.katalon.core.webui.keyword.WebUiBuiltInKeywords.mouseOver(WebUiBuiltInKeywords.groovy:805)
	at com.kms.katalon.core.webui.keyword.WebUiBuiltInKeywords$mouseOver$9.call(Unknown Source)
	at UnpinMessage.run(UnpinMessage:43)
	at com.kms.katalon.core.main.ScriptEngine.run(ScriptEngine.java:194)
	at com.kms.katalon.core.main.ScriptEngine.runScriptAsRawText(ScriptEngine.java:119)
	at com.kms.katalon.core.main.TestCaseExecutor.runScript(TestCaseExecutor.java:398)
	at com.kms.katalon.core.main.TestCaseExecutor.doExecute(TestCaseExecutor.java:389)
	at com.kms.katalon.core.main.TestCaseExecutor.processExecutionPhase(TestCaseExecutor.java:368)
	at com.kms.katalon.core.main.TestCaseExecutor.accessMainPhase(TestCaseExecutor.java:360)
	at com.kms.katalon.core.main.TestCaseExecutor.execute(TestCaseExecutor.java:255)
	at com.kms.katalon.core.main.TestSuiteExecutor.accessTestCaseMainPhase(TestSuiteExecutor.java:203)
	at com.kms.katalon.core.main.TestSuiteExecutor.accessTestSuiteMainPhase(TestSuiteExecutor.java:152)
	at com.kms.katalon.core.main.TestSuiteExecutor.execute(TestSuiteExecutor.java:95)
	at com.kms.katalon.core.main.TestCaseMain.startTestSuite(TestCaseMain.java:157)
	at com.kms.katalon.core.main.TestCaseMain$startTestSuite$0.call(Unknown Source)
	at TempTestSuite1622224263190.run(TempTestSuite1622224263190.groovy:39)
Caused by: com.kms.katalon.core.webui.exception.WebElementNotFoundException: Web element with id: 'Object Repository/FixElement/Page_Test 123 - Team Mattermost/div_Pinnedngoctin123451059 PMMessage' located by '//div[@id='post_cbnbttpn1ig5jg13jidu64xfbc']' not found
	at com.kms.katalon.core.webui.common.WebUiCommonHelper.findWebElement(WebUiCommonHelper.java:1368)
	at com.kms.katalon.core.webui.keyword.internal.WebUIAbstractKeyword.findWebElement(WebUIAbstractKeyword.groovy:27)
	at com.kms.katalon.core.webui.keyword.internal.WebUIAbstractKeyword.findWebElement(WebUIAbstractKeyword.groovy:26)
	at com.kms.katalon.core.webui.keyword.builtin.MouseOverKeyword$_mouseOver_closure1.doCall(MouseOverKeyword.groovy:54)
	at com.kms.katalon.core.webui.keyword.builtin.MouseOverKeyword$_mouseOver_closure1.call(MouseOverKeyword.groovy)
	at com.kms.katalon.core.webui.keyword.internal.WebUIKeywordMain.runKeyword(WebUIKeywordMain.groovy:20)
	at com.kms.katalon.core.webui.keyword.builtin.MouseOverKeyword.mouseOver(MouseOverKeyword.groovy:66)
	at com.kms.katalon.core.webui.keyword.builtin.MouseOverKeyword.execute(MouseOverKeyword.groovy:40)
	at com.kms.katalon.core.keyword.internal.KeywordExecutor.executeKeywordForPlatform(KeywordExecutor.groovy:73)
	at com.kms.katalon.core.webui.keyword.WebUiBuiltInKeywords.mouseOver(WebUiBuiltInKeywords.groovy:805)
	at com.kms.katalon.core.webui.keyword.WebUiBuiltInKeywords$mouseOver$9.call(Unknown Source)
	at Script1621733057057.run(Script1621733057057.groovy:43)
	... 13 more
)

2021-05-29 01:34:02 - [TEST_STEP][PASSED] - click(a): Object: 'Object Repository/DeleteMessage_OR/Page_Town Square - TOKEN_UPDATED Mattermost/span_Test 77777' is clicked on

2021-05-29 01:34:34 - [MESSAGE][INFO] - Unable to find the element located by 'By.xpath: //*[(text() = 'Test 77777' or . = 'Test 77777')]'. Please recheck the objects properties to make sure the desired element is located. 

2021-05-29 01:34:34 - [MESSAGE][WARNING] - [SELF-HEALING] Failed to find element with id 'Object Repository/DeleteMessage_OR/Page_Town Square - TOKEN_UPDATED Mattermost/span_Test 77777'. Try using Self-healing.

2021-05-29 01:34:36 - [MESSAGE][WARNING] - [SELF-HEALING] The current locator of test object 'Object Repository/DeleteMessage_OR/Page_Town Square - TOKEN_UPDATED Mattermost/span_Test 77777' was broken. Propose an alternative one: '(.//*[normalize-space(text()) and normalize-space(.)='Test 111223'])[1]/preceding::span[2]'.

2021-05-29 01:34:37 - [MESSAGE][PASSED] - Object: 'Object Repository/DeleteMessage_OR/Page_Town Square - TOKEN_UPDATED Mattermost/span_Test 77777' is clicked on

2021-05-29 01:34:37 - [TEST_STEP][PASSED] - scrollToPosition(50, 60): Browser is scrolled to position x = 50, y = 60

2021-05-29 01:34:37 - [MESSAGE][PASSED] - Browser is scrolled to position x = 50, y = 60

2021-05-29 01:34:37 - [TEST_STEP][FAILED] - mouseOver(b): Unable to move mouse over object 'Object Repository/FixElement/Page_Test 123 - Team Mattermost/div_Pinnedngoctin123451059 PMMessage' (Root cause: com.kms.katalon.core.exception.StepFailedException: Unable to move mouse over object 'Object Repository/FixElement/Page_Test 123 - Team Mattermost/div_Pinnedngoctin123451059 PMMessage'
	at com.kms.katalon.core.webui.keyword.internal.WebUIKeywordMain.stepFailed(WebUIKeywordMain.groovy:64)
	at com.kms.katalon.core.webui.keyword.internal.WebUIKeywordMain.runKeyword(WebUIKeywordMain.groovy:26)
	at com.kms.katalon.core.webui.keyword.builtin.MouseOverKeyword.mouseOver(MouseOverKeyword.groovy:66)
	at com.kms.katalon.core.webui.keyword.builtin.MouseOverKeyword.execute(MouseOverKeyword.groovy:40)
	at com.kms.katalon.core.keyword.internal.KeywordExecutor.executeKeywordForPlatform(KeywordExecutor.groovy:73)
	at com.kms.katalon.core.webui.keyword.WebUiBuiltInKeywords.mouseOver(WebUiBuiltInKeywords.groovy:805)
	at com.kms.katalon.core.webui.keyword.WebUiBuiltInKeywords$mouseOver$9.call(Unknown Source)
	at UnpinMessage.run(UnpinMessage:43)
	at com.kms.katalon.core.main.ScriptEngine.run(ScriptEngine.java:194)
	at com.kms.katalon.core.main.ScriptEngine.runScriptAsRawText(ScriptEngine.java:119)
	at com.kms.katalon.core.main.TestCaseExecutor.runScript(TestCaseExecutor.java:398)
	at com.kms.katalon.core.main.TestCaseExecutor.doExecute(TestCaseExecutor.java:389)
	at com.kms.katalon.core.main.TestCaseExecutor.processExecutionPhase(TestCaseExecutor.java:368)
	at com.kms.katalon.core.main.TestCaseExecutor.accessMainPhase(TestCaseExecutor.java:360)
	at com.kms.katalon.core.main.TestCaseExecutor.execute(TestCaseExecutor.java:255)
	at com.kms.katalon.core.main.TestSuiteExecutor.accessTestCaseMainPhase(TestSuiteExecutor.java:203)
	at com.kms.katalon.core.main.TestSuiteExecutor.accessTestSuiteMainPhase(TestSuiteExecutor.java:152)
	at com.kms.katalon.core.main.TestSuiteExecutor.execute(TestSuiteExecutor.java:95)
	at com.kms.katalon.core.main.TestCaseMain.startTestSuite(TestCaseMain.java:157)
	at com.kms.katalon.core.main.TestCaseMain$startTestSuite$0.call(Unknown Source)
	at TempTestSuite1622224263190.run(TempTestSuite1622224263190.groovy:39)
Caused by: com.kms.katalon.core.webui.exception.WebElementNotFoundException: Web element with id: 'Object Repository/FixElement/Page_Test 123 - Team Mattermost/div_Pinnedngoctin123451059 PMMessage' located by '//div[@id='post_cbnbttpn1ig5jg13jidu64xfbc']' not found
	at com.kms.katalon.core.webui.common.WebUiCommonHelper.findWebElement(WebUiCommonHelper.java:1368)
	at com.kms.katalon.core.webui.keyword.internal.WebUIAbstractKeyword.findWebElement(WebUIAbstractKeyword.groovy:27)
	at com.kms.katalon.core.webui.keyword.internal.WebUIAbstractKeyword.findWebElement(WebUIAbstractKeyword.groovy:26)
	at com.kms.katalon.core.webui.keyword.builtin.MouseOverKeyword$_mouseOver_closure1.doCall(MouseOverKeyword.groovy:54)
	at com.kms.katalon.core.webui.keyword.builtin.MouseOverKeyword$_mouseOver_closure1.call(MouseOverKeyword.groovy)
	at com.kms.katalon.core.webui.keyword.internal.WebUIKeywordMain.runKeyword(WebUIKeywordMain.groovy:20)
	at com.kms.katalon.core.webui.keyword.builtin.MouseOverKeyword.mouseOver(MouseOverKeyword.groovy:66)
	at com.kms.katalon.core.webui.keyword.builtin.MouseOverKeyword.execute(MouseOverKeyword.groovy:40)
	at com.kms.katalon.core.keyword.internal.KeywordExecutor.executeKeywordForPlatform(KeywordExecutor.groovy:73)
	at com.kms.katalon.core.webui.keyword.WebUiBuiltInKeywords.mouseOver(WebUiBuiltInKeywords.groovy:805)
	at com.kms.katalon.core.webui.keyword.WebUiBuiltInKeywords$mouseOver$9.call(Unknown Source)
	at Script1621733057057.run(Script1621733057057.groovy:43)
	... 13 more
)

2021-05-29 01:35:08 - [MESSAGE][INFO] - Unable to find the element located by 'By.xpath: //div[@id='post_cbnbttpn1ig5jg13jidu64xfbc']'. Please recheck the objects properties to make sure the desired element is located. 

2021-05-29 01:35:08 - [MESSAGE][WARNING] - [SELF-HEALING] Failed to find element with id 'Object Repository/FixElement/Page_Test 123 - Team Mattermost/div_Pinnedngoctin123451059 PMMessage'. Try using Self-healing.

2021-05-29 01:35:10 - [MESSAGE][INFO] - [SELF-HEALING] Failed Locator: '//div[@id='post_cbnbttpn1ig5jg13jidu64xfbc']'.

2021-05-29 01:35:12 - [MESSAGE][INFO] - [SELF-HEALING] Failed Locator: '//div[@id='postListContent']/div/div[2]/div/div[59]/div/div'.

2021-05-29 01:35:14 - [MESSAGE][INFO] - [SELF-HEALING] Failed Locator: '(.//*[normalize-space(text()) and normalize-space(.)='ngoctin12345'])[55]/following::div[19]'.

2021-05-29 01:35:16 - [MESSAGE][INFO] - [SELF-HEALING] Failed Locator: '(.//*[normalize-space(text()) and normalize-space(.)='ngoctin12345'])[54]/following::div[43]'.

2021-05-29 01:35:18 - [MESSAGE][INFO] - [SELF-HEALING] Failed Locator: '//div[59]/div/div'.

2021-05-29 01:35:20 - [MESSAGE][INFO] - Unable to find the element located by 'By.xpath: //*[@id = 'post_cbnbttpn1ig5jg13jidu64xfbc' and (text() = 'Pinnedngoctin1234510:59 PMMessage' or . = 'Pinnedngoctin1234510:59 PMMessage')]'. Please recheck the objects properties to make sure the desired element is located. 

2021-05-29 01:35:22 - [MESSAGE][INFO] - Unable to find the element located by 'By.cssSelector: #post_cbnbttpn1ig5jg13jidu64xfbc'. Please recheck the objects properties to make sure the desired element is located. 

2021-05-29 01:35:23 - [MESSAGE][FAILED] - Unable to move mouse over object 'Object Repository/FixElement/Page_Test 123 - Team Mattermost/div_Pinnedngoctin123451059 PMMessage' (Root cause: com.kms.katalon.core.exception.StepFailedException: Unable to move mouse over object 'Object Repository/FixElement/Page_Test 123 - Team Mattermost/div_Pinnedngoctin123451059 PMMessage'
	at com.kms.katalon.core.webui.keyword.internal.WebUIKeywordMain.stepFailed(WebUIKeywordMain.groovy:64)
	at com.kms.katalon.core.webui.keyword.internal.WebUIKeywordMain.runKeyword(WebUIKeywordMain.groovy:26)
	at com.kms.katalon.core.webui.keyword.builtin.MouseOverKeyword.mouseOver(MouseOverKeyword.groovy:66)
	at com.kms.katalon.core.webui.keyword.builtin.MouseOverKeyword.execute(MouseOverKeyword.groovy:40)
	at com.kms.katalon.core.keyword.internal.KeywordExecutor.executeKeywordForPlatform(KeywordExecutor.groovy:73)
	at com.kms.katalon.core.webui.keyword.WebUiBuiltInKeywords.mouseOver(WebUiBuiltInKeywords.groovy:805)
	at com.kms.katalon.core.webui.keyword.WebUiBuiltInKeywords$mouseOver$9.call(Unknown Source)
	at UnpinMessage.run(UnpinMessage:43)
	at com.kms.katalon.core.main.ScriptEngine.run(ScriptEngine.java:194)
	at com.kms.katalon.core.main.ScriptEngine.runScriptAsRawText(ScriptEngine.java:119)
	at com.kms.katalon.core.main.TestCaseExecutor.runScript(TestCaseExecutor.java:398)
	at com.kms.katalon.core.main.TestCaseExecutor.doExecute(TestCaseExecutor.java:389)
	at com.kms.katalon.core.main.TestCaseExecutor.processExecutionPhase(TestCaseExecutor.java:368)
	at com.kms.katalon.core.main.TestCaseExecutor.accessMainPhase(TestCaseExecutor.java:360)
	at com.kms.katalon.core.main.TestCaseExecutor.execute(TestCaseExecutor.java:255)
	at com.kms.katalon.core.main.TestSuiteExecutor.accessTestCaseMainPhase(TestSuiteExecutor.java:203)
	at com.kms.katalon.core.main.TestSuiteExecutor.accessTestSuiteMainPhase(TestSuiteExecutor.java:152)
	at com.kms.katalon.core.main.TestSuiteExecutor.execute(TestSuiteExecutor.java:95)
	at com.kms.katalon.core.main.TestCaseMain.startTestSuite(TestCaseMain.java:157)
	at com.kms.katalon.core.main.TestCaseMain$startTestSuite$0.call(Unknown Source)
	at TempTestSuite1622224263190.run(TempTestSuite1622224263190.groovy:39)
Caused by: com.kms.katalon.core.webui.exception.WebElementNotFoundException: Web element with id: 'Object Repository/FixElement/Page_Test 123 - Team Mattermost/div_Pinnedngoctin123451059 PMMessage' located by '//div[@id='post_cbnbttpn1ig5jg13jidu64xfbc']' not found
	at com.kms.katalon.core.webui.common.WebUiCommonHelper.findWebElement(WebUiCommonHelper.java:1368)
	at com.kms.katalon.core.webui.keyword.internal.WebUIAbstractKeyword.findWebElement(WebUIAbstractKeyword.groovy:27)
	at com.kms.katalon.core.webui.keyword.internal.WebUIAbstractKeyword.findWebElement(WebUIAbstractKeyword.groovy:26)
	at com.kms.katalon.core.webui.keyword.builtin.MouseOverKeyword$_mouseOver_closure1.doCall(MouseOverKeyword.groovy:54)
	at com.kms.katalon.core.webui.keyword.builtin.MouseOverKeyword$_mouseOver_closure1.call(MouseOverKeyword.groovy)
	at com.kms.katalon.core.webui.keyword.internal.WebUIKeywordMain.runKeyword(WebUIKeywordMain.groovy:20)
	at com.kms.katalon.core.webui.keyword.builtin.MouseOverKeyword.mouseOver(MouseOverKeyword.groovy:66)
	at com.kms.katalon.core.webui.keyword.builtin.MouseOverKeyword.execute(MouseOverKeyword.groovy:40)
	at com.kms.katalon.core.keyword.internal.KeywordExecutor.executeKeywordForPlatform(KeywordExecutor.groovy:73)
	at com.kms.katalon.core.webui.keyword.WebUiBuiltInKeywords.mouseOver(WebUiBuiltInKeywords.groovy:805)
	at com.kms.katalon.core.webui.keyword.WebUiBuiltInKeywords$mouseOver$9.call(Unknown Source)
	at Script1621733057057.run(Script1621733057057.groovy:43)
	... 13 more
)
[[ATTACHMENT|C:\\Users\\tanth\\git\\katalon\\Reports\\20210529_005103\\Run all test cases\\20210529_005103\\1622226922598.png]]]]></system-out>
         <system-err><![CDATA[2021-05-29 01:33:46 - [TEST_CASE][FAILED] - Test Cases/UnpinMessage: Test Cases/UnpinMessage FAILED.
Reason:
com.kms.katalon.core.exception.StepFailedException: Unable to move mouse over object 'Object Repository/FixElement/Page_Test 123 - Team Mattermost/div_Pinnedngoctin123451059 PMMessage'
	at com.kms.katalon.core.webui.keyword.internal.WebUIKeywordMain.stepFailed(WebUIKeywordMain.groovy:64)
	at com.kms.katalon.core.webui.keyword.internal.WebUIKeywordMain.runKeyword(WebUIKeywordMain.groovy:26)
	at com.kms.katalon.core.webui.keyword.builtin.MouseOverKeyword.mouseOver(MouseOverKeyword.groovy:66)
	at com.kms.katalon.core.webui.keyword.builtin.MouseOverKeyword.execute(MouseOverKeyword.groovy:40)
	at com.kms.katalon.core.keyword.internal.KeywordExecutor.executeKeywordForPlatform(KeywordExecutor.groovy:73)
	at com.kms.katalon.core.webui.keyword.WebUiBuiltInKeywords.mouseOver(WebUiBuiltInKeywords.groovy:805)
	at com.kms.katalon.core.webui.keyword.WebUiBuiltInKeywords$mouseOver$9.call(Unknown Source)
	at UnpinMessage.run(UnpinMessage:43)
	at com.kms.katalon.core.main.ScriptEngine.run(ScriptEngine.java:194)
	at com.kms.katalon.core.main.ScriptEngine.runScriptAsRawText(ScriptEngine.java:119)
	at com.kms.katalon.core.main.TestCaseExecutor.runScript(TestCaseExecutor.java:398)
	at com.kms.katalon.core.main.TestCaseExecutor.doExecute(TestCaseExecutor.java:389)
	at com.kms.katalon.core.main.TestCaseExecutor.processExecutionPhase(TestCaseExecutor.java:368)
	at com.kms.katalon.core.main.TestCaseExecutor.accessMainPhase(TestCaseExecutor.java:360)
	at com.kms.katalon.core.main.TestCaseExecutor.execute(TestCaseExecutor.java:255)
	at com.kms.katalon.core.main.TestSuiteExecutor.accessTestCaseMainPhase(TestSuiteExecutor.java:203)
	at com.kms.katalon.core.main.TestSuiteExecutor.accessTestSuiteMainPhase(TestSuiteExecutor.java:152)
	at com.kms.katalon.core.main.TestSuiteExecutor.execute(TestSuiteExecutor.java:95)
	at com.kms.katalon.core.main.TestCaseMain.startTestSuite(TestCaseMain.java:157)
	at com.kms.katalon.core.main.TestCaseMain$startTestSuite$0.call(Unknown Source)
	at TempTestSuite1622224263190.run(TempTestSuite1622224263190.groovy:39)
Caused by: com.kms.katalon.core.webui.exception.WebElementNotFoundException: Web element with id: 'Object Repository/FixElement/Page_Test 123 - Team Mattermost/div_Pinnedngoctin123451059 PMMessage' located by '//div[@id='post_cbnbttpn1ig5jg13jidu64xfbc']' not found
	at com.kms.katalon.core.webui.common.WebUiCommonHelper.findWebElement(WebUiCommonHelper.java:1368)
	at com.kms.katalon.core.webui.keyword.internal.WebUIAbstractKeyword.findWebElement(WebUIAbstractKeyword.groovy:27)
	at com.kms.katalon.core.webui.keyword.internal.WebUIAbstractKeyword.findWebElement(WebUIAbstractKeyword.groovy:26)
	at com.kms.katalon.core.webui.keyword.builtin.MouseOverKeyword$_mouseOver_closure1.doCall(MouseOverKeyword.groovy:54)
	at com.kms.katalon.core.webui.keyword.builtin.MouseOverKeyword$_mouseOver_closure1.call(MouseOverKeyword.groovy)
	at com.kms.katalon.core.webui.keyword.internal.WebUIKeywordMain.runKeyword(WebUIKeywordMain.groovy:20)
	... 19 more]]></system-err>
      </testcase>
      <testcase name="Test Cases/ViewChannelInfo" time="25.431" classname="Test Cases/ViewChannelInfo" status="PASSED">
         <system-out><![CDATA[2021-05-29 01:35:23 - [TEST_CASE][PASSED] - Test Cases/ViewChannelInfo: Test Cases/ViewChannelInfo

2021-05-29 01:35:24 - [TEST_STEP][PASSED] - openBrowser(""): Browser is opened with url: ''

2021-05-29 01:35:24 - [MESSAGE][WARNING] - A browser is already opened. Closing browser and opening a new one

2021-05-29 01:35:26 - [MESSAGE][INFO] - Starting 'Chrome' driver

2021-05-29 01:35:26 - [MESSAGE][INFO] - Action delay is set to 0 milliseconds

2021-05-29 01:35:28 - [MESSAGE][PASSED] - Browser is opened with url: ''

2021-05-29 01:35:28 - [TEST_STEP][PASSED] - navigateToUrl("https://cdnc-group2.herokuapp.com/"): Navigate to 'https://cdnc-group2.herokuapp.com/' successfully

2021-05-29 01:35:32 - [MESSAGE][PASSED] - Navigate to 'https://cdnc-group2.herokuapp.com/' successfully

2021-05-29 01:35:32 - [TEST_STEP][PASSED] - setText(findTestObject("Object Repository/Page_Mattermost/input_All team communication in one place, _dcc84b (1)"), "ngoctin0409999@gmail.com"): Text 'ngoctin0409999@gmail.com' is set on object 'Object Repository/Page_Mattermost/input_All team communication in one place, _dcc84b (1)'

2021-05-29 01:35:37 - [MESSAGE][PASSED] - Text 'ngoctin0409999@gmail.com' is set on object 'Object Repository/Page_Mattermost/input_All team communication in one place, _dcc84b (1)'

2021-05-29 01:35:37 - [TEST_STEP][PASSED] - setEncryptedText(findTestObject("Object Repository/Page_Mattermost/input_All team communication in one place, _a3edc6 (1)"), "S8w1SJvl7D1hts9IdMV+NQ=="): Text ****** has been set on object 'Object Repository/Page_Mattermost/input_All team communication in one place, _a3edc6 (1)'

2021-05-29 01:35:38 - [MESSAGE][PASSED] - Text ****** has been set on object 'Object Repository/Page_Mattermost/input_All team communication in one place, _a3edc6 (1)'

2021-05-29 01:35:38 - [TEST_STEP][PASSED] - sendKeys(findTestObject("Object Repository/Page_Mattermost/input_All team communication in one place, _a3edc6 (1)"), Keys.chord(ENTER)): Keys 'ENTER + ' sent to object: 'Object Repository/Page_Mattermost/input_All team communication in one place, _a3edc6 (1)'

2021-05-29 01:35:39 - [MESSAGE][PASSED] - Keys 'ENTER + ' sent to object: 'Object Repository/Page_Mattermost/input_All team communication in one place, _a3edc6 (1)'

2021-05-29 01:35:39 - [TEST_STEP][PASSED] - setText(findTestObject("Object Repository/Page_Mattermost/input_All team communication in one place, _dcc84b (1)"), "ngoctin040999@gmail.com"): Text 'ngoctin040999@gmail.com' is set on object 'Object Repository/Page_Mattermost/input_All team communication in one place, _dcc84b (1)'

2021-05-29 01:35:40 - [MESSAGE][PASSED] - Text 'ngoctin040999@gmail.com' is set on object 'Object Repository/Page_Mattermost/input_All team communication in one place, _dcc84b (1)'

2021-05-29 01:35:40 - [TEST_STEP][PASSED] - click(findTestObject("Object Repository/Page_Mattermost/div_MattermostAll team communication in one_93cd78")): Object: 'Object Repository/Page_Mattermost/div_MattermostAll team communication in one_93cd78' is clicked on

2021-05-29 01:35:41 - [MESSAGE][PASSED] - Object: 'Object Repository/Page_Mattermost/div_MattermostAll team communication in one_93cd78' is clicked on

2021-05-29 01:35:41 - [TEST_STEP][PASSED] - click(findTestObject("Object Repository/Page_Mattermost/span_Sign in (1)")): Object: 'Object Repository/Page_Mattermost/span_Sign in (1)' is clicked on

2021-05-29 01:35:41 - [MESSAGE][PASSED] - Object: 'Object Repository/Page_Mattermost/span_Sign in (1)' is clicked on

2021-05-29 01:35:41 - [TEST_STEP][PASSED] - click(findTestObject("Object Repository/Page_Town Square - TOKEN_UPDATED Mattermost/span_Town Square_channelHeaderDropdownIcon")): Object: 'Object Repository/Page_Town Square - TOKEN_UPDATED Mattermost/span_Town Square_channelHeaderDropdownIcon' is clicked on

2021-05-29 01:35:45 - [MESSAGE][PASSED] - Object: 'Object Repository/Page_Town Square - TOKEN_UPDATED Mattermost/span_Town Square_channelHeaderDropdownIcon' is clicked on

2021-05-29 01:35:45 - [TEST_STEP][PASSED] - click(findTestObject("Object Repository/Page_Town Square - TOKEN_UPDATED Mattermost/button_View Info")): Object: 'Object Repository/Page_Town Square - TOKEN_UPDATED Mattermost/button_View Info' is clicked on

2021-05-29 01:35:46 - [MESSAGE][PASSED] - Object: 'Object Repository/Page_Town Square - TOKEN_UPDATED Mattermost/button_View Info' is clicked on

2021-05-29 01:35:46 - [TEST_STEP][PASSED] - click(findTestObject("Object Repository/Page_Town Square - TOKEN_UPDATED Mattermost/span_Post messages here that you want every_f1827f")): Object: 'Object Repository/Page_Town Square - TOKEN_UPDATED Mattermost/span_Post messages here that you want every_f1827f' is clicked on

2021-05-29 01:35:47 - [MESSAGE][PASSED] - Object: 'Object Repository/Page_Town Square - TOKEN_UPDATED Mattermost/span_Post messages here that you want every_f1827f' is clicked on

2021-05-29 01:35:47 - [TEST_STEP][PASSED] - closeBrowser(): Browser is closed

2021-05-29 01:35:48 - [MESSAGE][PASSED] - Browser is closed]]></system-out>
         <system-err><![CDATA[]]></system-err>
      </testcase>
      <testcase name="Test Cases/Main/TestcaseLeaveChannel" time="23.173" classname="Test Cases/Main/TestcaseLeaveChannel" status="PASSED">
         <system-out><![CDATA[2021-05-29 01:35:48 - [TEST_CASE][PASSED] - Test Cases/Main/TestcaseLeaveChannel: Test Cases/Main/TestcaseLeaveChannel

2021-05-29 01:35:50 - [TEST_STEP][PASSED] - callTestCase(findTestCase("PreCondition/Login"), [:], STOP_ON_FAILURE): Call Test Case 'Test Cases/PreCondition/Login' successfully

2021-05-29 01:35:50 - [TEST_CASE][PASSED] - Test Cases/PreCondition/Login: Test Cases/PreCondition/Login

2021-05-29 01:35:50 - [TEST_STEP][PASSED] - openBrowser(""): Browser is opened with url: ''

2021-05-29 01:35:50 - [MESSAGE][INFO] - Starting 'Chrome' driver

2021-05-29 01:35:50 - [MESSAGE][INFO] - Action delay is set to 0 milliseconds

2021-05-29 01:35:52 - [MESSAGE][PASSED] - Browser is opened with url: ''

2021-05-29 01:35:52 - [TEST_STEP][PASSED] - navigateToUrl("https://cdnc-group2.herokuapp.com/"): Navigate to 'https://cdnc-group2.herokuapp.com/' successfully

2021-05-29 01:35:56 - [MESSAGE][PASSED] - Navigate to 'https://cdnc-group2.herokuapp.com/' successfully

2021-05-29 01:35:56 - [TEST_STEP][PASSED] - setText(findTestObject("Object Repository/Login/Page_Mattermost/input_All team communication in one place, _dcc84b"), "ngoctin040999@gmail.com"): Text 'ngoctin040999@gmail.com' is set on object 'Object Repository/Login/Page_Mattermost/input_All team communication in one place, _dcc84b'

2021-05-29 01:36:02 - [MESSAGE][PASSED] - Text 'ngoctin040999@gmail.com' is set on object 'Object Repository/Login/Page_Mattermost/input_All team communication in one place, _dcc84b'

2021-05-29 01:36:02 - [TEST_STEP][PASSED] - setEncryptedText(findTestObject("Object Repository/Login/Page_Mattermost/input_All team communication in one place, _a3edc6"), "S8w1SJvl7D1hts9IdMV+NQ=="): Text ****** has been set on object 'Object Repository/Login/Page_Mattermost/input_All team communication in one place, _a3edc6'

2021-05-29 01:36:03 - [MESSAGE][PASSED] - Text ****** has been set on object 'Object Repository/Login/Page_Mattermost/input_All team communication in one place, _a3edc6'

2021-05-29 01:36:03 - [TEST_STEP][PASSED] - click(findTestObject("Object Repository/Login/Page_Mattermost/button_Sign in")): Object: 'Object Repository/Login/Page_Mattermost/button_Sign in' is clicked on

2021-05-29 01:36:03 - [MESSAGE][PASSED] - Object: 'Object Repository/Login/Page_Mattermost/button_Sign in' is clicked on

2021-05-29 01:36:03 - [MESSAGE][PASSED] - Call Test Case 'Test Cases/PreCondition/Login' successfully

2021-05-29 01:36:03 - [TEST_STEP][PASSED] - click(findTestObject("Object Repository/Leave Channel/Page_Town Square - 123 Mattermost/span_hello")): Object: 'Object Repository/Leave Channel/Page_Town Square - 123 Mattermost/span_hello' is clicked on

2021-05-29 01:36:07 - [MESSAGE][PASSED] - Object: 'Object Repository/Leave Channel/Page_Town Square - 123 Mattermost/span_hello' is clicked on

2021-05-29 01:36:07 - [TEST_STEP][PASSED] - out.println(findTestObject("Object Repository/Leave Channel/Page_hello - 123 Mattermost/span_hello_channelHeaderDropdownIcon")): null

2021-05-29 01:36:07 - [TEST_STEP][PASSED] - click(findTestObject("Object Repository/Leave Channel/Page_hello - 123 Mattermost/span_hello_channelHeaderDropdownIcon")): Object: 'Object Repository/Leave Channel/Page_hello - 123 Mattermost/span_hello_channelHeaderDropdownIcon' is clicked on

2021-05-29 01:36:09 - [MESSAGE][PASSED] - Object: 'Object Repository/Leave Channel/Page_hello - 123 Mattermost/span_hello_channelHeaderDropdownIcon' is clicked on

2021-05-29 01:36:09 - [TEST_STEP][PASSED] - click(findTestObject("Object Repository/Leave Channel/Page_hello - 123 Mattermost/span_Leave Channel")): Object: 'Object Repository/Leave Channel/Page_hello - 123 Mattermost/span_Leave Channel' is clicked on

2021-05-29 01:36:10 - [MESSAGE][PASSED] - Object: 'Object Repository/Leave Channel/Page_hello - 123 Mattermost/span_Leave Channel' is clicked on

2021-05-29 01:36:10 - [TEST_STEP][PASSED] - closeBrowser(): Browser is closed

2021-05-29 01:36:11 - [MESSAGE][PASSED] - Browser is closed]]></system-out>
         <system-err><![CDATA[]]></system-err>
      </testcase>
      <testcase name="Test Cases/Main/TestCaseLeaveTeam" time="78.575" classname="Test Cases/Main/TestCaseLeaveTeam" status="FAILED">
         <failure type="FAILED" message="Test Cases/Main/TestCaseLeaveTeam FAILED.
Reason:
com.kms.katalon.core.exception.StepFailedException: Unable to click on object 'Object Repository/LeaveTeam/Page_Town Square - 123 Mattermost/svg'
	at com.kms.katalon.core.webui.keyword.internal.WebUIKeywordMain.stepFailed(WebUIKeywordMain.groovy:64)
	at com.kms.katalon.core.webui.keyword.internal.WebUIKeywordMain.runKeyword(WebUIKeywordMain.groovy:26)
	at com.kms.katalon.core.webui.keyword.builtin.ClickKeyword.click(ClickKeyword.groovy:75)
	at com.kms.katalon.core.webui.keyword.builtin.ClickKeyword.execute(ClickKeyword.groovy:42)
	at com.kms.katalon.core.keyword.internal.KeywordExecutor.executeKeywordForPlatform(KeywordExecutor.groovy:73)
	at com.kms.katalon.core.webui.keyword.WebUiBuiltInKeywords.click(WebUiBuiltInKeywords.groovy:619)
	at com.kms.katalon.core.webui.keyword.WebUiBuiltInKeywords$click$4.call(Unknown Source)
	at TestCaseLeaveTeam.run(TestCaseLeaveTeam:24)
	at com.kms.katalon.core.main.ScriptEngine.run(ScriptEngine.java:194)
	at com.kms.katalon.core.main.ScriptEngine.runScriptAsRawText(ScriptEngine.java:119)
	at com.kms.katalon.core.main.TestCaseExecutor.runScript(TestCaseExecutor.java:398)
	at com.kms.katalon.core.main.TestCaseExecutor.doExecute(TestCaseExecutor.java:389)
	at com.kms.katalon.core.main.TestCaseExecutor.processExecutionPhase(TestCaseExecutor.java:368)
	at com.kms.katalon.core.main.TestCaseExecutor.accessMainPhase(TestCaseExecutor.java:360)
	at com.kms.katalon.core.main.TestCaseExecutor.execute(TestCaseExecutor.java:255)
	at com.kms.katalon.core.main.TestSuiteExecutor.accessTestCaseMainPhase(TestSuiteExecutor.java:203)
	at com.kms.katalon.core.main.TestSuiteExecutor.accessTestSuiteMainPhase(TestSuiteExecutor.java:152)
	at com.kms.katalon.core.main.TestSuiteExecutor.execute(TestSuiteExecutor.java:95)
	at com.kms.katalon.core.main.TestCaseMain.startTestSuite(TestCaseMain.java:157)
	at com.kms.katalon.core.main.TestCaseMain$startTestSuite$0.call(Unknown Source)
	at TempTestSuite1622224263190.run(TempTestSuite1622224263190.groovy:39)
Caused by: org.openqa.selenium.ElementClickInterceptedException: element click intercepted: Element &lt;svg width=&quot;13px&quot; height=&quot;13px&quot; viewBox=&quot;0 0 16 16&quot; role=&quot;presentation&quot; aria-label=&quot;Public Channel Icon&quot;>...&lt;/svg> is not clickable at point (23, 271). Other element would receive the click: &lt;button class=&quot;style--none &quot; actions=&quot;[object Object]&quot; intl=&quot;[object Object]&quot; data-toggle=&quot;modal toggle&quot; aria-label=&quot;Manage Members dialog&quot;>...&lt;/button>
  (Session info: chrome=90.0.4430.212)
Build info: version: '3.141.59', revision: 'e82be7d358', time: '2018-11-14T08:25:53'
System info: host: 'DESKTOP-0HE72I0', ip: '192.168.243.2', os.name: 'Windows 10', os.arch: 'amd64', os.version: '10.0', java.version: '1.8.0_282'
Driver info: com.kms.katalon.selenium.driver.CChromeDriver
Capabilities {acceptInsecureCerts: false, browserName: chrome, browserVersion: 90.0.4430.212, chrome: {chromedriverVersion: 90.0.4430.24 (4c6d850f087da..., userDataDir: C:\Users\tanth\AppData\Loca...}, goog:chromeOptions: {debuggerAddress: localhost:52109}, javascriptEnabled: true, networkConnectionEnabled: false, pageLoadStrategy: normal, platform: WINDOWS, platformName: WINDOWS, proxy: Proxy(), setWindowRect: true, strictFileInteractability: false, timeouts: {implicit: 0, pageLoad: 300000, script: 30000}, unhandledPromptBehavior: dismiss and notify, webauthn:extension:largeBlob: true, webauthn:virtualAuthenticators: true}
Session ID: 43e1f6f14bbdd5f8a564a442d3bed484
	at org.openqa.selenium.remote.http.W3CHttpResponseCodec.createException(W3CHttpResponseCodec.java:187)
	at org.openqa.selenium.remote.http.W3CHttpResponseCodec.decode(W3CHttpResponseCodec.java:122)
	at org.openqa.selenium.remote.http.W3CHttpResponseCodec.decode(W3CHttpResponseCodec.java:49)
	at org.openqa.selenium.remote.HttpCommandExecutor.execute(HttpCommandExecutor.java:158)
	at org.openqa.selenium.remote.service.DriverCommandExecutor.execute(DriverCommandExecutor.java:83)
	at org.openqa.selenium.remote.RemoteWebDriver.execute(RemoteWebDriver.java:552)
	at com.kms.katalon.selenium.driver.CChromeDriver.execute(CChromeDriver.java:19)
	at org.openqa.selenium.remote.RemoteWebElement.execute(RemoteWebElement.java:285)
	at org.openqa.selenium.remote.RemoteWebElement.click(RemoteWebElement.java:84)
	at org.openqa.selenium.support.events.EventFiringWebDriver$EventFiringWebElement.lambda$new$0(EventFiringWebDriver.java:404)
	at com.sun.proxy.$Proxy11.click(Unknown Source)
	at org.openqa.selenium.support.events.EventFiringWebDriver$EventFiringWebElement.click(EventFiringWebDriver.java:417)
	at com.kms.katalon.core.webui.keyword.builtin.ClickKeyword$_click_closure1.doCall(ClickKeyword.groovy:68)
	at com.kms.katalon.core.webui.keyword.builtin.ClickKeyword$_click_closure1.call(ClickKeyword.groovy)
	at com.kms.katalon.core.webui.keyword.internal.WebUIKeywordMain.runKeyword(WebUIKeywordMain.groovy:20)
	... 19 more
"/>
         <system-out><![CDATA[2021-05-29 01:36:11 - [TEST_CASE][FAILED] - Test Cases/Main/TestCaseLeaveTeam: Test Cases/Main/TestCaseLeaveTeam FAILED.
Reason:
com.kms.katalon.core.exception.StepFailedException: Unable to click on object 'Object Repository/LeaveTeam/Page_Town Square - 123 Mattermost/svg'
	at com.kms.katalon.core.webui.keyword.internal.WebUIKeywordMain.stepFailed(WebUIKeywordMain.groovy:64)
	at com.kms.katalon.core.webui.keyword.internal.WebUIKeywordMain.runKeyword(WebUIKeywordMain.groovy:26)
	at com.kms.katalon.core.webui.keyword.builtin.ClickKeyword.click(ClickKeyword.groovy:75)
	at com.kms.katalon.core.webui.keyword.builtin.ClickKeyword.execute(ClickKeyword.groovy:42)
	at com.kms.katalon.core.keyword.internal.KeywordExecutor.executeKeywordForPlatform(KeywordExecutor.groovy:73)
	at com.kms.katalon.core.webui.keyword.WebUiBuiltInKeywords.click(WebUiBuiltInKeywords.groovy:619)
	at com.kms.katalon.core.webui.keyword.WebUiBuiltInKeywords$click$4.call(Unknown Source)
	at TestCaseLeaveTeam.run(TestCaseLeaveTeam:24)
	at com.kms.katalon.core.main.ScriptEngine.run(ScriptEngine.java:194)
	at com.kms.katalon.core.main.ScriptEngine.runScriptAsRawText(ScriptEngine.java:119)
	at com.kms.katalon.core.main.TestCaseExecutor.runScript(TestCaseExecutor.java:398)
	at com.kms.katalon.core.main.TestCaseExecutor.doExecute(TestCaseExecutor.java:389)
	at com.kms.katalon.core.main.TestCaseExecutor.processExecutionPhase(TestCaseExecutor.java:368)
	at com.kms.katalon.core.main.TestCaseExecutor.accessMainPhase(TestCaseExecutor.java:360)
	at com.kms.katalon.core.main.TestCaseExecutor.execute(TestCaseExecutor.java:255)
	at com.kms.katalon.core.main.TestSuiteExecutor.accessTestCaseMainPhase(TestSuiteExecutor.java:203)
	at com.kms.katalon.core.main.TestSuiteExecutor.accessTestSuiteMainPhase(TestSuiteExecutor.java:152)
	at com.kms.katalon.core.main.TestSuiteExecutor.execute(TestSuiteExecutor.java:95)
	at com.kms.katalon.core.main.TestCaseMain.startTestSuite(TestCaseMain.java:157)
	at com.kms.katalon.core.main.TestCaseMain$startTestSuite$0.call(Unknown Source)
	at TempTestSuite1622224263190.run(TempTestSuite1622224263190.groovy:39)
Caused by: org.openqa.selenium.ElementClickInterceptedException: element click intercepted: Element <svg width="13px" height="13px" viewBox="0 0 16 16" role="presentation" aria-label="Public Channel Icon">...</svg> is not clickable at point (23, 271). Other element would receive the click: <button class="style--none " actions="[object Object]" intl="[object Object]" data-toggle="modal toggle" aria-label="Manage Members dialog">...</button>
  (Session info: chrome=90.0.4430.212)
Build info: version: '3.141.59', revision: 'e82be7d358', time: '2018-11-14T08:25:53'
System info: host: 'DESKTOP-0HE72I0', ip: '192.168.243.2', os.name: 'Windows 10', os.arch: 'amd64', os.version: '10.0', java.version: '1.8.0_282'
Driver info: com.kms.katalon.selenium.driver.CChromeDriver
Capabilities {acceptInsecureCerts: false, browserName: chrome, browserVersion: 90.0.4430.212, chrome: {chromedriverVersion: 90.0.4430.24 (4c6d850f087da..., userDataDir: C:\Users\tanth\AppData\Loca...}, goog:chromeOptions: {debuggerAddress: localhost:52109}, javascriptEnabled: true, networkConnectionEnabled: false, pageLoadStrategy: normal, platform: WINDOWS, platformName: WINDOWS, proxy: Proxy(), setWindowRect: true, strictFileInteractability: false, timeouts: {implicit: 0, pageLoad: 300000, script: 30000}, unhandledPromptBehavior: dismiss and notify, webauthn:extension:largeBlob: true, webauthn:virtualAuthenticators: true}
Session ID: 43e1f6f14bbdd5f8a564a442d3bed484
	at org.openqa.selenium.remote.http.W3CHttpResponseCodec.createException(W3CHttpResponseCodec.java:187)
	at org.openqa.selenium.remote.http.W3CHttpResponseCodec.decode(W3CHttpResponseCodec.java:122)
	at org.openqa.selenium.remote.http.W3CHttpResponseCodec.decode(W3CHttpResponseCodec.java:49)
	at org.openqa.selenium.remote.HttpCommandExecutor.execute(HttpCommandExecutor.java:158)
	at org.openqa.selenium.remote.service.DriverCommandExecutor.execute(DriverCommandExecutor.java:83)
	at org.openqa.selenium.remote.RemoteWebDriver.execute(RemoteWebDriver.java:552)
	at com.kms.katalon.selenium.driver.CChromeDriver.execute(CChromeDriver.java:19)
	at org.openqa.selenium.remote.RemoteWebElement.execute(RemoteWebElement.java:285)
	at org.openqa.selenium.remote.RemoteWebElement.click(RemoteWebElement.java:84)
	at org.openqa.selenium.support.events.EventFiringWebDriver$EventFiringWebElement.lambda$new$0(EventFiringWebDriver.java:404)
	at com.sun.proxy.$Proxy11.click(Unknown Source)
	at org.openqa.selenium.support.events.EventFiringWebDriver$EventFiringWebElement.click(EventFiringWebDriver.java:417)
	at com.kms.katalon.core.webui.keyword.builtin.ClickKeyword$_click_closure1.doCall(ClickKeyword.groovy:68)
	at com.kms.katalon.core.webui.keyword.builtin.ClickKeyword$_click_closure1.call(ClickKeyword.groovy)
	at com.kms.katalon.core.webui.keyword.internal.WebUIKeywordMain.runKeyword(WebUIKeywordMain.groovy:20)
	... 19 more


2021-05-29 01:36:12 - [TEST_STEP][PASSED] - callTestCase(findTestCase("PreCondition/Login"), [:], STOP_ON_FAILURE): Call Test Case 'Test Cases/PreCondition/Login' successfully

2021-05-29 01:36:12 - [TEST_CASE][PASSED] - Test Cases/PreCondition/Login: Test Cases/PreCondition/Login

2021-05-29 01:36:12 - [TEST_STEP][PASSED] - openBrowser(""): Browser is opened with url: ''

2021-05-29 01:36:12 - [MESSAGE][INFO] - Starting 'Chrome' driver

2021-05-29 01:36:12 - [MESSAGE][INFO] - Action delay is set to 0 milliseconds

2021-05-29 01:36:14 - [MESSAGE][PASSED] - Browser is opened with url: ''

2021-05-29 01:36:14 - [TEST_STEP][PASSED] - navigateToUrl("https://cdnc-group2.herokuapp.com/"): Navigate to 'https://cdnc-group2.herokuapp.com/' successfully

2021-05-29 01:36:18 - [MESSAGE][PASSED] - Navigate to 'https://cdnc-group2.herokuapp.com/' successfully

2021-05-29 01:36:18 - [TEST_STEP][PASSED] - setText(findTestObject("Object Repository/Login/Page_Mattermost/input_All team communication in one place, _dcc84b"), "ngoctin040999@gmail.com"): Text 'ngoctin040999@gmail.com' is set on object 'Object Repository/Login/Page_Mattermost/input_All team communication in one place, _dcc84b'

2021-05-29 01:36:23 - [MESSAGE][PASSED] - Text 'ngoctin040999@gmail.com' is set on object 'Object Repository/Login/Page_Mattermost/input_All team communication in one place, _dcc84b'

2021-05-29 01:36:23 - [TEST_STEP][PASSED] - setEncryptedText(findTestObject("Object Repository/Login/Page_Mattermost/input_All team communication in one place, _a3edc6"), "S8w1SJvl7D1hts9IdMV+NQ=="): Text ****** has been set on object 'Object Repository/Login/Page_Mattermost/input_All team communication in one place, _a3edc6'

2021-05-29 01:36:24 - [MESSAGE][PASSED] - Text ****** has been set on object 'Object Repository/Login/Page_Mattermost/input_All team communication in one place, _a3edc6'

2021-05-29 01:36:24 - [TEST_STEP][PASSED] - click(findTestObject("Object Repository/Login/Page_Mattermost/button_Sign in")): Object: 'Object Repository/Login/Page_Mattermost/button_Sign in' is clicked on

2021-05-29 01:36:25 - [MESSAGE][PASSED] - Object: 'Object Repository/Login/Page_Mattermost/button_Sign in' is clicked on

2021-05-29 01:36:25 - [MESSAGE][PASSED] - Call Test Case 'Test Cases/PreCondition/Login' successfully

2021-05-29 01:36:25 - [TEST_STEP][PASSED] - click(findTestObject("Object Repository/LeaveTeam/Page_Town Square - 123 Mattermost/div_12")): Object: 'Object Repository/LeaveTeam/Page_Town Square - 123 Mattermost/div_12' is clicked on

2021-05-29 01:36:56 - [MESSAGE][INFO] - Unable to find the element located by 'By.xpath: //a[@id='cdnc-gr-123TeamButton']/div/div/div/div'. Please recheck the objects properties to make sure the desired element is located. 

2021-05-29 01:36:56 - [MESSAGE][WARNING] - [SELF-HEALING] Failed to find element with id 'Object Repository/LeaveTeam/Page_Town Square - 123 Mattermost/div_12'. Try using Self-healing.

2021-05-29 01:36:56 - [MESSAGE][WARNING] - [SELF-HEALING] The current locator of test object 'Object Repository/LeaveTeam/Page_Town Square - 123 Mattermost/div_12' was broken. Propose an alternative one: '(.//*[normalize-space(text()) and normalize-space(.)='+'])[1]/preceding::div[6]'.

2021-05-29 01:36:56 - [MESSAGE][PASSED] - Object: 'Object Repository/LeaveTeam/Page_Town Square - 123 Mattermost/div_12' is clicked on

2021-05-29 01:36:56 - [TEST_STEP][FAILED] - click(findTestObject("Object Repository/LeaveTeam/Page_Town Square - 123 Mattermost/svg")): Unable to click on object 'Object Repository/LeaveTeam/Page_Town Square - 123 Mattermost/svg' (Root cause: com.kms.katalon.core.exception.StepFailedException: Unable to click on object 'Object Repository/LeaveTeam/Page_Town Square - 123 Mattermost/svg'
	at com.kms.katalon.core.webui.keyword.internal.WebUIKeywordMain.stepFailed(WebUIKeywordMain.groovy:64)
	at com.kms.katalon.core.webui.keyword.internal.WebUIKeywordMain.runKeyword(WebUIKeywordMain.groovy:26)
	at com.kms.katalon.core.webui.keyword.builtin.ClickKeyword.click(ClickKeyword.groovy:75)
	at com.kms.katalon.core.webui.keyword.builtin.ClickKeyword.execute(ClickKeyword.groovy:42)
	at com.kms.katalon.core.keyword.internal.KeywordExecutor.executeKeywordForPlatform(KeywordExecutor.groovy:73)
	at com.kms.katalon.core.webui.keyword.WebUiBuiltInKeywords.click(WebUiBuiltInKeywords.groovy:619)
	at com.kms.katalon.core.webui.keyword.WebUiBuiltInKeywords$click$4.call(Unknown Source)
	at TestCaseLeaveTeam.run(TestCaseLeaveTeam:24)
	at com.kms.katalon.core.main.ScriptEngine.run(ScriptEngine.java:194)
	at com.kms.katalon.core.main.ScriptEngine.runScriptAsRawText(ScriptEngine.java:119)
	at com.kms.katalon.core.main.TestCaseExecutor.runScript(TestCaseExecutor.java:398)
	at com.kms.katalon.core.main.TestCaseExecutor.doExecute(TestCaseExecutor.java:389)
	at com.kms.katalon.core.main.TestCaseExecutor.processExecutionPhase(TestCaseExecutor.java:368)
	at com.kms.katalon.core.main.TestCaseExecutor.accessMainPhase(TestCaseExecutor.java:360)
	at com.kms.katalon.core.main.TestCaseExecutor.execute(TestCaseExecutor.java:255)
	at com.kms.katalon.core.main.TestSuiteExecutor.accessTestCaseMainPhase(TestSuiteExecutor.java:203)
	at com.kms.katalon.core.main.TestSuiteExecutor.accessTestSuiteMainPhase(TestSuiteExecutor.java:152)
	at com.kms.katalon.core.main.TestSuiteExecutor.execute(TestSuiteExecutor.java:95)
	at com.kms.katalon.core.main.TestCaseMain.startTestSuite(TestCaseMain.java:157)
	at com.kms.katalon.core.main.TestCaseMain$startTestSuite$0.call(Unknown Source)
	at TempTestSuite1622224263190.run(TempTestSuite1622224263190.groovy:39)
Caused by: org.openqa.selenium.ElementClickInterceptedException: element click intercepted: Element <svg width="13px" height="13px" viewBox="0 0 16 16" role="presentation" aria-label="Public Channel Icon">...</svg> is not clickable at point (23, 271). Other element would receive the click: <button class="style--none " actions="[object Object]" intl="[object Object]" data-toggle="modal toggle" aria-label="Manage Members dialog">...</button>
  (Session info: chrome=90.0.4430.212)
Build info: version: '3.141.59', revision: 'e82be7d358', time: '2018-11-14T08:25:53'
System info: host: 'DESKTOP-0HE72I0', ip: '192.168.243.2', os.name: 'Windows 10', os.arch: 'amd64', os.version: '10.0', java.version: '1.8.0_282'
Driver info: com.kms.katalon.selenium.driver.CChromeDriver
Capabilities {acceptInsecureCerts: false, browserName: chrome, browserVersion: 90.0.4430.212, chrome: {chromedriverVersion: 90.0.4430.24 (4c6d850f087da..., userDataDir: C:\Users\tanth\AppData\Loca...}, goog:chromeOptions: {debuggerAddress: localhost:52109}, javascriptEnabled: true, networkConnectionEnabled: false, pageLoadStrategy: normal, platform: WINDOWS, platformName: WINDOWS, proxy: Proxy(), setWindowRect: true, strictFileInteractability: false, timeouts: {implicit: 0, pageLoad: 300000, script: 30000}, unhandledPromptBehavior: dismiss and notify, webauthn:extension:largeBlob: true, webauthn:virtualAuthenticators: true}
Session ID: 43e1f6f14bbdd5f8a564a442d3bed484
	at org.openqa.selenium.remote.http.W3CHttpResponseCodec.createException(W3CHttpResponseCodec.java:187)
	at org.openqa.selenium.remote.http.W3CHttpResponseCodec.decode(W3CHttpResponseCodec.java:122)
	at org.openqa.selenium.remote.http.W3CHttpResponseCodec.decode(W3CHttpResponseCodec.java:49)
	at org.openqa.selenium.remote.HttpCommandExecutor.execute(HttpCommandExecutor.java:158)
	at org.openqa.selenium.remote.service.DriverCommandExecutor.execute(DriverCommandExecutor.java:83)
	at org.openqa.selenium.remote.RemoteWebDriver.execute(RemoteWebDriver.java:552)
	at com.kms.katalon.selenium.driver.CChromeDriver.execute(CChromeDriver.java:19)
	at org.openqa.selenium.remote.RemoteWebElement.execute(RemoteWebElement.java:285)
	at org.openqa.selenium.remote.RemoteWebElement.click(RemoteWebElement.java:84)
	at org.openqa.selenium.support.events.EventFiringWebDriver$EventFiringWebElement.lambda$new$0(EventFiringWebDriver.java:404)
	at com.sun.proxy.$Proxy11.click(Unknown Source)
	at org.openqa.selenium.support.events.EventFiringWebDriver$EventFiringWebElement.click(EventFiringWebDriver.java:417)
	at com.kms.katalon.core.webui.keyword.builtin.ClickKeyword$_click_closure1.doCall(ClickKeyword.groovy:68)
	at com.kms.katalon.core.webui.keyword.builtin.ClickKeyword$_click_closure1.call(ClickKeyword.groovy)
	at com.kms.katalon.core.webui.keyword.internal.WebUIKeywordMain.runKeyword(WebUIKeywordMain.groovy:20)
	at com.kms.katalon.core.webui.keyword.builtin.ClickKeyword.click(ClickKeyword.groovy:75)
	at com.kms.katalon.core.webui.keyword.builtin.ClickKeyword.execute(ClickKeyword.groovy:42)
	at com.kms.katalon.core.keyword.internal.KeywordExecutor.executeKeywordForPlatform(KeywordExecutor.groovy:73)
	at com.kms.katalon.core.webui.keyword.WebUiBuiltInKeywords.click(WebUiBuiltInKeywords.groovy:619)
	at com.kms.katalon.core.webui.keyword.WebUiBuiltInKeywords$click$4.call(Unknown Source)
	at Script1622007899682.run(Script1622007899682.groovy:24)
	... 13 more
)

2021-05-29 01:37:28 - [MESSAGE][INFO] - Unable to find the element located by 'By.xpath: (.//*[normalize-space(text()) and normalize-space(.)='@ngoctin02806'])[1]/following::*[name()='svg'][1]'. Please recheck the objects properties to make sure the desired element is located. 

2021-05-29 01:37:28 - [MESSAGE][WARNING] - [SELF-HEALING] Failed to find element with id 'Object Repository/LeaveTeam/Page_Town Square - 123 Mattermost/svg'. Try using Self-healing.

2021-05-29 01:37:28 - [MESSAGE][WARNING] - [SELF-HEALING] The current locator of test object 'Object Repository/LeaveTeam/Page_Town Square - 123 Mattermost/svg' was broken. Propose an alternative one: '(.//*[normalize-space(text()) and normalize-space(.)='+'])[1]/following::*[name()='svg'][2]'.

2021-05-29 01:37:30 - [MESSAGE][FAILED] - Unable to click on object 'Object Repository/LeaveTeam/Page_Town Square - 123 Mattermost/svg' (Root cause: com.kms.katalon.core.exception.StepFailedException: Unable to click on object 'Object Repository/LeaveTeam/Page_Town Square - 123 Mattermost/svg'
	at com.kms.katalon.core.webui.keyword.internal.WebUIKeywordMain.stepFailed(WebUIKeywordMain.groovy:64)
	at com.kms.katalon.core.webui.keyword.internal.WebUIKeywordMain.runKeyword(WebUIKeywordMain.groovy:26)
	at com.kms.katalon.core.webui.keyword.builtin.ClickKeyword.click(ClickKeyword.groovy:75)
	at com.kms.katalon.core.webui.keyword.builtin.ClickKeyword.execute(ClickKeyword.groovy:42)
	at com.kms.katalon.core.keyword.internal.KeywordExecutor.executeKeywordForPlatform(KeywordExecutor.groovy:73)
	at com.kms.katalon.core.webui.keyword.WebUiBuiltInKeywords.click(WebUiBuiltInKeywords.groovy:619)
	at com.kms.katalon.core.webui.keyword.WebUiBuiltInKeywords$click$4.call(Unknown Source)
	at TestCaseLeaveTeam.run(TestCaseLeaveTeam:24)
	at com.kms.katalon.core.main.ScriptEngine.run(ScriptEngine.java:194)
	at com.kms.katalon.core.main.ScriptEngine.runScriptAsRawText(ScriptEngine.java:119)
	at com.kms.katalon.core.main.TestCaseExecutor.runScript(TestCaseExecutor.java:398)
	at com.kms.katalon.core.main.TestCaseExecutor.doExecute(TestCaseExecutor.java:389)
	at com.kms.katalon.core.main.TestCaseExecutor.processExecutionPhase(TestCaseExecutor.java:368)
	at com.kms.katalon.core.main.TestCaseExecutor.accessMainPhase(TestCaseExecutor.java:360)
	at com.kms.katalon.core.main.TestCaseExecutor.execute(TestCaseExecutor.java:255)
	at com.kms.katalon.core.main.TestSuiteExecutor.accessTestCaseMainPhase(TestSuiteExecutor.java:203)
	at com.kms.katalon.core.main.TestSuiteExecutor.accessTestSuiteMainPhase(TestSuiteExecutor.java:152)
	at com.kms.katalon.core.main.TestSuiteExecutor.execute(TestSuiteExecutor.java:95)
	at com.kms.katalon.core.main.TestCaseMain.startTestSuite(TestCaseMain.java:157)
	at com.kms.katalon.core.main.TestCaseMain$startTestSuite$0.call(Unknown Source)
	at TempTestSuite1622224263190.run(TempTestSuite1622224263190.groovy:39)
Caused by: org.openqa.selenium.ElementClickInterceptedException: element click intercepted: Element <svg width="13px" height="13px" viewBox="0 0 16 16" role="presentation" aria-label="Public Channel Icon">...</svg> is not clickable at point (23, 271). Other element would receive the click: <button class="style--none " actions="[object Object]" intl="[object Object]" data-toggle="modal toggle" aria-label="Manage Members dialog">...</button>
  (Session info: chrome=90.0.4430.212)
Build info: version: '3.141.59', revision: 'e82be7d358', time: '2018-11-14T08:25:53'
System info: host: 'DESKTOP-0HE72I0', ip: '192.168.243.2', os.name: 'Windows 10', os.arch: 'amd64', os.version: '10.0', java.version: '1.8.0_282'
Driver info: com.kms.katalon.selenium.driver.CChromeDriver
Capabilities {acceptInsecureCerts: false, browserName: chrome, browserVersion: 90.0.4430.212, chrome: {chromedriverVersion: 90.0.4430.24 (4c6d850f087da..., userDataDir: C:\Users\tanth\AppData\Loca...}, goog:chromeOptions: {debuggerAddress: localhost:52109}, javascriptEnabled: true, networkConnectionEnabled: false, pageLoadStrategy: normal, platform: WINDOWS, platformName: WINDOWS, proxy: Proxy(), setWindowRect: true, strictFileInteractability: false, timeouts: {implicit: 0, pageLoad: 300000, script: 30000}, unhandledPromptBehavior: dismiss and notify, webauthn:extension:largeBlob: true, webauthn:virtualAuthenticators: true}
Session ID: 43e1f6f14bbdd5f8a564a442d3bed484
	at org.openqa.selenium.remote.http.W3CHttpResponseCodec.createException(W3CHttpResponseCodec.java:187)
	at org.openqa.selenium.remote.http.W3CHttpResponseCodec.decode(W3CHttpResponseCodec.java:122)
	at org.openqa.selenium.remote.http.W3CHttpResponseCodec.decode(W3CHttpResponseCodec.java:49)
	at org.openqa.selenium.remote.HttpCommandExecutor.execute(HttpCommandExecutor.java:158)
	at org.openqa.selenium.remote.service.DriverCommandExecutor.execute(DriverCommandExecutor.java:83)
	at org.openqa.selenium.remote.RemoteWebDriver.execute(RemoteWebDriver.java:552)
	at com.kms.katalon.selenium.driver.CChromeDriver.execute(CChromeDriver.java:19)
	at org.openqa.selenium.remote.RemoteWebElement.execute(RemoteWebElement.java:285)
	at org.openqa.selenium.remote.RemoteWebElement.click(RemoteWebElement.java:84)
	at org.openqa.selenium.support.events.EventFiringWebDriver$EventFiringWebElement.lambda$new$0(EventFiringWebDriver.java:404)
	at com.sun.proxy.$Proxy11.click(Unknown Source)
	at org.openqa.selenium.support.events.EventFiringWebDriver$EventFiringWebElement.click(EventFiringWebDriver.java:417)
	at com.kms.katalon.core.webui.keyword.builtin.ClickKeyword$_click_closure1.doCall(ClickKeyword.groovy:68)
	at com.kms.katalon.core.webui.keyword.builtin.ClickKeyword$_click_closure1.call(ClickKeyword.groovy)
	at com.kms.katalon.core.webui.keyword.internal.WebUIKeywordMain.runKeyword(WebUIKeywordMain.groovy:20)
	at com.kms.katalon.core.webui.keyword.builtin.ClickKeyword.click(ClickKeyword.groovy:75)
	at com.kms.katalon.core.webui.keyword.builtin.ClickKeyword.execute(ClickKeyword.groovy:42)
	at com.kms.katalon.core.keyword.internal.KeywordExecutor.executeKeywordForPlatform(KeywordExecutor.groovy:73)
	at com.kms.katalon.core.webui.keyword.WebUiBuiltInKeywords.click(WebUiBuiltInKeywords.groovy:619)
	at com.kms.katalon.core.webui.keyword.WebUiBuiltInKeywords$click$4.call(Unknown Source)
	at Script1622007899682.run(Script1622007899682.groovy:24)
	... 13 more
)
[[ATTACHMENT|C:\\Users\\tanth\\git\\katalon\\Reports\\20210529_005103\\Run all test cases\\20210529_005103\\1622227050088.png]]]]></system-out>
         <system-err><![CDATA[2021-05-29 01:36:11 - [TEST_CASE][FAILED] - Test Cases/Main/TestCaseLeaveTeam: Test Cases/Main/TestCaseLeaveTeam FAILED.
Reason:
com.kms.katalon.core.exception.StepFailedException: Unable to click on object 'Object Repository/LeaveTeam/Page_Town Square - 123 Mattermost/svg'
	at com.kms.katalon.core.webui.keyword.internal.WebUIKeywordMain.stepFailed(WebUIKeywordMain.groovy:64)
	at com.kms.katalon.core.webui.keyword.internal.WebUIKeywordMain.runKeyword(WebUIKeywordMain.groovy:26)
	at com.kms.katalon.core.webui.keyword.builtin.ClickKeyword.click(ClickKeyword.groovy:75)
	at com.kms.katalon.core.webui.keyword.builtin.ClickKeyword.execute(ClickKeyword.groovy:42)
	at com.kms.katalon.core.keyword.internal.KeywordExecutor.executeKeywordForPlatform(KeywordExecutor.groovy:73)
	at com.kms.katalon.core.webui.keyword.WebUiBuiltInKeywords.click(WebUiBuiltInKeywords.groovy:619)
	at com.kms.katalon.core.webui.keyword.WebUiBuiltInKeywords$click$4.call(Unknown Source)
	at TestCaseLeaveTeam.run(TestCaseLeaveTeam:24)
	at com.kms.katalon.core.main.ScriptEngine.run(ScriptEngine.java:194)
	at com.kms.katalon.core.main.ScriptEngine.runScriptAsRawText(ScriptEngine.java:119)
	at com.kms.katalon.core.main.TestCaseExecutor.runScript(TestCaseExecutor.java:398)
	at com.kms.katalon.core.main.TestCaseExecutor.doExecute(TestCaseExecutor.java:389)
	at com.kms.katalon.core.main.TestCaseExecutor.processExecutionPhase(TestCaseExecutor.java:368)
	at com.kms.katalon.core.main.TestCaseExecutor.accessMainPhase(TestCaseExecutor.java:360)
	at com.kms.katalon.core.main.TestCaseExecutor.execute(TestCaseExecutor.java:255)
	at com.kms.katalon.core.main.TestSuiteExecutor.accessTestCaseMainPhase(TestSuiteExecutor.java:203)
	at com.kms.katalon.core.main.TestSuiteExecutor.accessTestSuiteMainPhase(TestSuiteExecutor.java:152)
	at com.kms.katalon.core.main.TestSuiteExecutor.execute(TestSuiteExecutor.java:95)
	at com.kms.katalon.core.main.TestCaseMain.startTestSuite(TestCaseMain.java:157)
	at com.kms.katalon.core.main.TestCaseMain$startTestSuite$0.call(Unknown Source)
	at TempTestSuite1622224263190.run(TempTestSuite1622224263190.groovy:39)
Caused by: org.openqa.selenium.ElementClickInterceptedException: element click intercepted: Element <svg width="13px" height="13px" viewBox="0 0 16 16" role="presentation" aria-label="Public Channel Icon">...</svg> is not clickable at point (23, 271). Other element would receive the click: <button class="style--none " actions="[object Object]" intl="[object Object]" data-toggle="modal toggle" aria-label="Manage Members dialog">...</button>
  (Session info: chrome=90.0.4430.212)
Build info: version: '3.141.59', revision: 'e82be7d358', time: '2018-11-14T08:25:53'
System info: host: 'DESKTOP-0HE72I0', ip: '192.168.243.2', os.name: 'Windows 10', os.arch: 'amd64', os.version: '10.0', java.version: '1.8.0_282'
Driver info: com.kms.katalon.selenium.driver.CChromeDriver
Capabilities {acceptInsecureCerts: false, browserName: chrome, browserVersion: 90.0.4430.212, chrome: {chromedriverVersion: 90.0.4430.24 (4c6d850f087da..., userDataDir: C:\Users\tanth\AppData\Loca...}, goog:chromeOptions: {debuggerAddress: localhost:52109}, javascriptEnabled: true, networkConnectionEnabled: false, pageLoadStrategy: normal, platform: WINDOWS, platformName: WINDOWS, proxy: Proxy(), setWindowRect: true, strictFileInteractability: false, timeouts: {implicit: 0, pageLoad: 300000, script: 30000}, unhandledPromptBehavior: dismiss and notify, webauthn:extension:largeBlob: true, webauthn:virtualAuthenticators: true}
Session ID: 43e1f6f14bbdd5f8a564a442d3bed484
	at org.openqa.selenium.remote.http.W3CHttpResponseCodec.createException(W3CHttpResponseCodec.java:187)
	at org.openqa.selenium.remote.http.W3CHttpResponseCodec.decode(W3CHttpResponseCodec.java:122)
	at org.openqa.selenium.remote.http.W3CHttpResponseCodec.decode(W3CHttpResponseCodec.java:49)
	at org.openqa.selenium.remote.HttpCommandExecutor.execute(HttpCommandExecutor.java:158)
	at org.openqa.selenium.remote.service.DriverCommandExecutor.execute(DriverCommandExecutor.java:83)
	at org.openqa.selenium.remote.RemoteWebDriver.execute(RemoteWebDriver.java:552)
	at com.kms.katalon.selenium.driver.CChromeDriver.execute(CChromeDriver.java:19)
	at org.openqa.selenium.remote.RemoteWebElement.execute(RemoteWebElement.java:285)
	at org.openqa.selenium.remote.RemoteWebElement.click(RemoteWebElement.java:84)
	at org.openqa.selenium.support.events.EventFiringWebDriver$EventFiringWebElement.lambda$new$0(EventFiringWebDriver.java:404)
	at com.sun.proxy.$Proxy11.click(Unknown Source)
	at org.openqa.selenium.support.events.EventFiringWebDriver$EventFiringWebElement.click(EventFiringWebDriver.java:417)
	at com.kms.katalon.core.webui.keyword.builtin.ClickKeyword$_click_closure1.doCall(ClickKeyword.groovy:68)
	at com.kms.katalon.core.webui.keyword.builtin.ClickKeyword$_click_closure1.call(ClickKeyword.groovy)
	at com.kms.katalon.core.webui.keyword.internal.WebUIKeywordMain.runKeyword(WebUIKeywordMain.groovy:20)
	... 19 more]]></system-err>
      </testcase>
      <testcase name="Test Cases/RemoveMember" time="25.305" classname="Test Cases/RemoveMember" status="PASSED">
         <system-out><![CDATA[2021-05-29 01:37:30 - [TEST_CASE][PASSED] - Test Cases/RemoveMember: Test Cases/RemoveMember

2021-05-29 01:37:31 - [TEST_STEP][PASSED] - openBrowser("https://cdnc-group2.herokuapp.com/"): Browser is opened with url: 'https://cdnc-group2.herokuapp.com/'

2021-05-29 01:37:31 - [MESSAGE][WARNING] - A browser is already opened. Closing browser and opening a new one

2021-05-29 01:37:32 - [MESSAGE][INFO] - Starting 'Chrome' driver

2021-05-29 01:37:32 - [MESSAGE][INFO] - Action delay is set to 0 milliseconds

2021-05-29 01:37:39 - [MESSAGE][PASSED] - Browser is opened with url: 'https://cdnc-group2.herokuapp.com/'

2021-05-29 01:37:39 - [TEST_STEP][PASSED] - setText(findTestObject("Login/input_Email"), "ngoctin040999@gmail.com"): Text 'ngoctin040999@gmail.com' is set on object 'Object Repository/Login/input_Email'

2021-05-29 01:37:43 - [MESSAGE][PASSED] - Text 'ngoctin040999@gmail.com' is set on object 'Object Repository/Login/input_Email'

2021-05-29 01:37:43 - [TEST_STEP][PASSED] - setText(findTestObject("Login/input_Password"), "ngoctin1"): Text 'ngoctin1' is set on object 'Object Repository/Login/input_Password'

2021-05-29 01:37:45 - [MESSAGE][PASSED] - Text 'ngoctin1' is set on object 'Object Repository/Login/input_Password'

2021-05-29 01:37:45 - [TEST_STEP][PASSED] - click(findTestObject("Login/button_Sign in")): Object: 'Object Repository/Login/button_Sign in' is clicked on

2021-05-29 01:37:45 - [MESSAGE][PASSED] - Object: 'Object Repository/Login/button_Sign in' is clicked on

2021-05-29 01:37:45 - [TEST_STEP][PASSED] - delay(2): Delayed 2 second(s)

2021-05-29 01:37:47 - [MESSAGE][PASSED] - Delayed 2 second(s)

2021-05-29 01:37:47 - [TEST_STEP][PASSED] - click(findTestObject("UpdatePassword/button_Option")): Object: 'Object Repository/UpdatePassword/button_Option' is clicked on

2021-05-29 01:37:49 - [MESSAGE][PASSED] - Object: 'Object Repository/UpdatePassword/button_Option' is clicked on

2021-05-29 01:37:49 - [TEST_STEP][PASSED] - click(findTestObject("Update Member Role/button_Manage Members")): Object: 'Object Repository/Update Member Role/button_Manage Members' is clicked on

2021-05-29 01:37:50 - [MESSAGE][PASSED] - Object: 'Object Repository/Update Member Role/button_Manage Members' is clicked on

2021-05-29 01:37:50 - [TEST_STEP][PASSED] - click(findTestObject("Update Member Role/button_Member")): Object: 'Object Repository/Update Member Role/button_Member' is clicked on

2021-05-29 01:37:51 - [MESSAGE][PASSED] - Object: 'Object Repository/Update Member Role/button_Member' is clicked on

2021-05-29 01:37:51 - [TEST_STEP][PASSED] - click(findTestObject("Remove Member/button_Remove from Team")): Object: 'Object Repository/Remove Member/button_Remove from Team' is clicked on

2021-05-29 01:37:52 - [MESSAGE][PASSED] - Object: 'Object Repository/Remove Member/button_Remove from Team' is clicked on

2021-05-29 01:37:52 - [TEST_STEP][PASSED] - delay(2): Delayed 2 second(s)

2021-05-29 01:37:54 - [MESSAGE][PASSED] - Delayed 2 second(s)

2021-05-29 01:37:54 - [TEST_STEP][PASSED] - closeBrowser(): Browser is closed

2021-05-29 01:37:55 - [MESSAGE][PASSED] - Browser is closed]]></system-out>
         <system-err><![CDATA[]]></system-err>
      </testcase>
      <testcase name="Test Cases/ChangePassword" time="26.023" classname="Test Cases/ChangePassword" status="PASSED">
         <system-out><![CDATA[2021-05-29 01:37:55 - [TEST_CASE][PASSED] - Test Cases/ChangePassword: Test Cases/ChangePassword

2021-05-29 01:37:56 - [TEST_STEP][PASSED] - openBrowser("https://cdnc-group2.herokuapp.com/"): Browser is opened with url: 'https://cdnc-group2.herokuapp.com/'

2021-05-29 01:37:56 - [MESSAGE][INFO] - Starting 'Chrome' driver

2021-05-29 01:37:56 - [MESSAGE][INFO] - Action delay is set to 0 milliseconds

2021-05-29 01:38:03 - [MESSAGE][PASSED] - Browser is opened with url: 'https://cdnc-group2.herokuapp.com/'

2021-05-29 01:38:03 - [TEST_STEP][PASSED] - setText(findTestObject("Login/input_Email"), "ngoctin040999@gmail.com"): Text 'ngoctin040999@gmail.com' is set on object 'Object Repository/Login/input_Email'

2021-05-29 01:38:07 - [MESSAGE][PASSED] - Text 'ngoctin040999@gmail.com' is set on object 'Object Repository/Login/input_Email'

2021-05-29 01:38:07 - [TEST_STEP][PASSED] - setText(findTestObject("Login/input_Password"), "ngoctin1"): Text 'ngoctin1' is set on object 'Object Repository/Login/input_Password'

2021-05-29 01:38:08 - [MESSAGE][PASSED] - Text 'ngoctin1' is set on object 'Object Repository/Login/input_Password'

2021-05-29 01:38:08 - [TEST_STEP][PASSED] - click(findTestObject("Login/button_Sign in")): Object: 'Object Repository/Login/button_Sign in' is clicked on

2021-05-29 01:38:09 - [MESSAGE][PASSED] - Object: 'Object Repository/Login/button_Sign in' is clicked on

2021-05-29 01:38:09 - [TEST_STEP][PASSED] - delay(2): Delayed 2 second(s)

2021-05-29 01:38:11 - [MESSAGE][PASSED] - Delayed 2 second(s)

2021-05-29 01:38:11 - [TEST_STEP][PASSED] - click(findTestObject("UpdatePassword/button_Option")): Object: 'Object Repository/UpdatePassword/button_Option' is clicked on

2021-05-29 01:38:12 - [MESSAGE][PASSED] - Object: 'Object Repository/UpdatePassword/button_Option' is clicked on

2021-05-29 01:38:12 - [TEST_STEP][PASSED] - click(findTestObject("UpdatePassword/button_Account Settings")): Object: 'Object Repository/UpdatePassword/button_Account Settings' is clicked on

2021-05-29 01:38:13 - [MESSAGE][PASSED] - Object: 'Object Repository/UpdatePassword/button_Account Settings' is clicked on

2021-05-29 01:38:13 - [TEST_STEP][PASSED] - click(findTestObject("UpdatePassword/button_Security")): Object: 'Object Repository/UpdatePassword/button_Security' is clicked on

2021-05-29 01:38:14 - [MESSAGE][PASSED] - Object: 'Object Repository/UpdatePassword/button_Security' is clicked on

2021-05-29 01:38:14 - [TEST_STEP][PASSED] - click(findTestObject("UpdatePassword/button_Edit")): Object: 'Object Repository/UpdatePassword/button_Edit' is clicked on

2021-05-29 01:38:14 - [MESSAGE][PASSED] - Object: 'Object Repository/UpdatePassword/button_Edit' is clicked on

2021-05-29 01:38:14 - [TEST_STEP][PASSED] - setText(findTestObject("UpdatePassword/input_Current Password_currentPassword"), "ngoctin1"): Text 'ngoctin1' is set on object 'Object Repository/UpdatePassword/input_Current Password_currentPassword'

2021-05-29 01:38:15 - [MESSAGE][PASSED] - Text 'ngoctin1' is set on object 'Object Repository/UpdatePassword/input_Current Password_currentPassword'

2021-05-29 01:38:15 - [TEST_STEP][PASSED] - setText(findTestObject("UpdatePassword/input_New Password_newPassword"), "ngoctin2"): Text 'ngoctin2' is set on object 'Object Repository/UpdatePassword/input_New Password_newPassword'

2021-05-29 01:38:16 - [MESSAGE][PASSED] - Text 'ngoctin2' is set on object 'Object Repository/UpdatePassword/input_New Password_newPassword'

2021-05-29 01:38:16 - [TEST_STEP][PASSED] - setText(findTestObject("UpdatePassword/input_Retype New Password_confirmPassword"), "ngoctin2"): Text 'ngoctin2' is set on object 'Object Repository/UpdatePassword/input_Retype New Password_confirmPassword'

2021-05-29 01:38:17 - [MESSAGE][PASSED] - Text 'ngoctin2' is set on object 'Object Repository/UpdatePassword/input_Retype New Password_confirmPassword'

2021-05-29 01:38:17 - [TEST_STEP][PASSED] - click(findTestObject("UpdatePassword/button_Save")): Object: 'Object Repository/UpdatePassword/button_Save' is clicked on

2021-05-29 01:38:17 - [MESSAGE][PASSED] - Object: 'Object Repository/UpdatePassword/button_Save' is clicked on

2021-05-29 01:38:17 - [TEST_STEP][PASSED] - delay(2): Delayed 2 second(s)

2021-05-29 01:38:19 - [MESSAGE][PASSED] - Delayed 2 second(s)

2021-05-29 01:38:19 - [TEST_STEP][PASSED] - verifyElementText(findTestObject("UpdatePassword/h4_Password"), "Password"): Actual text and expected text of test object 'Object Repository/UpdatePassword/h4_Password' are matched.

2021-05-29 01:38:20 - [MESSAGE][PASSED] - Actual text and expected text of test object 'Object Repository/UpdatePassword/h4_Password' are matched.

2021-05-29 01:38:20 - [TEST_STEP][PASSED] - closeBrowser(): Browser is closed

2021-05-29 01:38:21 - [MESSAGE][PASSED] - Browser is closed]]></system-out>
         <system-err><![CDATA[]]></system-err>
      </testcase>
      <system-out><![CDATA[2021-05-29 00:51:25 - [TEST_SUITE][FAILED] - Run all test cases: Test Cases/DeleteMessage FAILED.
Reason:
com.kms.katalon.core.exception.StepFailedException: Unable to verify object 'Object Repository/DeleteMessage_OR/Page_Test 77777 - TOKEN_UPDATED Mattermost/span_Confirm Post Delete' is present
	at com.kms.katalon.core.webui.keyword.internal.WebUIKeywordMain.stepFailed(WebUIKeywordMain.groovy:64)
	at com.kms.katalon.core.webui.keyword.internal.WebUIKeywordMain.runKeyword(WebUIKeywordMain.groovy:26)
	at com.kms.katalon.core.webui.keyword.builtin.VerifyElementPresentKeyword.verifyElementPresent(VerifyElementPresentKeyword.groovy:92)
	at com.kms.katalon.core.webui.keyword.builtin.VerifyElementPresentKeyword.execute(VerifyElementPresentKeyword.groovy:68)
	at com.kms.katalon.core.keyword.internal.KeywordExecutor.executeKeywordForPlatform(KeywordExecutor.groovy:73)
	at com.kms.katalon.core.webui.keyword.WebUiBuiltInKeywords.verifyElementPresent(WebUiBuiltInKeywords.groovy:1463)
	at com.kms.katalon.core.webui.keyword.WebUiBuiltInKeywords$verifyElementPresent$6.call(Unknown Source)
	at DeleteMessage.run(DeleteMessage:48)
	at com.kms.katalon.core.main.ScriptEngine.run(ScriptEngine.java:194)
	at com.kms.katalon.core.main.ScriptEngine.runScriptAsRawText(ScriptEngine.java:119)
	at com.kms.katalon.core.main.TestCaseExecutor.runScript(TestCaseExecutor.java:398)
	at com.kms.katalon.core.main.TestCaseExecutor.doExecute(TestCaseExecutor.java:389)
	at com.kms.katalon.core.main.TestCaseExecutor.processExecutionPhase(TestCaseExecutor.java:368)
	at com.kms.katalon.core.main.TestCaseExecutor.accessMainPhase(TestCaseExecutor.java:360)
	at com.kms.katalon.core.main.TestCaseExecutor.execute(TestCaseExecutor.java:255)
	at com.kms.katalon.core.main.TestSuiteExecutor.accessTestCaseMainPhase(TestSuiteExecutor.java:203)
	at com.kms.katalon.core.main.TestSuiteExecutor.accessTestSuiteMainPhase(TestSuiteExecutor.java:152)
	at com.kms.katalon.core.main.TestSuiteExecutor.execute(TestSuiteExecutor.java:95)
	at com.kms.katalon.core.main.TestCaseMain.startTestSuite(TestCaseMain.java:157)
	at com.kms.katalon.core.main.TestCaseMain$startTestSuite$0.call(Unknown Source)
	at TempTestSuite1622224263190.run(TempTestSuite1622224263190.groovy:39)
Caused by: com.kms.katalon.core.exception.StepFailedException: com.kms.katalon.core.webui.exception.WebElementNotFoundException: Web element with id: 'Object Repository/DeleteMessage_OR/Page_Test 77777 - TOKEN_UPDATED Mattermost/span_Confirm Post Delete' located by '//h1[@id='deletePostModalLabel']/span' not found
	at com.kms.katalon.core.webui.keyword.internal.WebUIKeywordMain.stepFailed(WebUIKeywordMain.groovy:64)
	at com.kms.katalon.core.webui.keyword.builtin.VerifyElementPresentKeyword$_verifyElementPresent_closure1.doCall(VerifyElementPresentKeyword.groovy:85)
	at com.kms.katalon.core.webui.keyword.builtin.VerifyElementPresentKeyword$_verifyElementPresent_closure1.call(VerifyElementPresentKeyword.groovy)
	at com.kms.katalon.core.webui.keyword.internal.WebUIKeywordMain.runKeyword(WebUIKeywordMain.groovy:20)
	... 19 more]]></system-out>
      <system-err><![CDATA[2021-05-29 00:51:25 - [TEST_SUITE][FAILED] - Run all test cases: Test Cases/DeleteMessage FAILED.
Reason:
com.kms.katalon.core.exception.StepFailedException: Unable to verify object 'Object Repository/DeleteMessage_OR/Page_Test 77777 - TOKEN_UPDATED Mattermost/span_Confirm Post Delete' is present
	at com.kms.katalon.core.webui.keyword.internal.WebUIKeywordMain.stepFailed(WebUIKeywordMain.groovy:64)
	at com.kms.katalon.core.webui.keyword.internal.WebUIKeywordMain.runKeyword(WebUIKeywordMain.groovy:26)
	at com.kms.katalon.core.webui.keyword.builtin.VerifyElementPresentKeyword.verifyElementPresent(VerifyElementPresentKeyword.groovy:92)
	at com.kms.katalon.core.webui.keyword.builtin.VerifyElementPresentKeyword.execute(VerifyElementPresentKeyword.groovy:68)
	at com.kms.katalon.core.keyword.internal.KeywordExecutor.executeKeywordForPlatform(KeywordExecutor.groovy:73)
	at com.kms.katalon.core.webui.keyword.WebUiBuiltInKeywords.verifyElementPresent(WebUiBuiltInKeywords.groovy:1463)
	at com.kms.katalon.core.webui.keyword.WebUiBuiltInKeywords$verifyElementPresent$6.call(Unknown Source)
	at DeleteMessage.run(DeleteMessage:48)
	at com.kms.katalon.core.main.ScriptEngine.run(ScriptEngine.java:194)
	at com.kms.katalon.core.main.ScriptEngine.runScriptAsRawText(ScriptEngine.java:119)
	at com.kms.katalon.core.main.TestCaseExecutor.runScript(TestCaseExecutor.java:398)
	at com.kms.katalon.core.main.TestCaseExecutor.doExecute(TestCaseExecutor.java:389)
	at com.kms.katalon.core.main.TestCaseExecutor.processExecutionPhase(TestCaseExecutor.java:368)
	at com.kms.katalon.core.main.TestCaseExecutor.accessMainPhase(TestCaseExecutor.java:360)
	at com.kms.katalon.core.main.TestCaseExecutor.execute(TestCaseExecutor.java:255)
	at com.kms.katalon.core.main.TestSuiteExecutor.accessTestCaseMainPhase(TestSuiteExecutor.java:203)
	at com.kms.katalon.core.main.TestSuiteExecutor.accessTestSuiteMainPhase(TestSuiteExecutor.java:152)
	at com.kms.katalon.core.main.TestSuiteExecutor.execute(TestSuiteExecutor.java:95)
	at com.kms.katalon.core.main.TestCaseMain.startTestSuite(TestCaseMain.java:157)
	at com.kms.katalon.core.main.TestCaseMain$startTestSuite$0.call(Unknown Source)
	at TempTestSuite1622224263190.run(TempTestSuite1622224263190.groovy:39)
Caused by: com.kms.katalon.core.exception.StepFailedException: com.kms.katalon.core.webui.exception.WebElementNotFoundException: Web element with id: 'Object Repository/DeleteMessage_OR/Page_Test 77777 - TOKEN_UPDATED Mattermost/span_Confirm Post Delete' located by '//h1[@id='deletePostModalLabel']/span' not found
	at com.kms.katalon.core.webui.keyword.internal.WebUIKeywordMain.stepFailed(WebUIKeywordMain.groovy:64)
	at com.kms.katalon.core.webui.keyword.builtin.VerifyElementPresentKeyword$_verifyElementPresent_closure1.doCall(VerifyElementPresentKeyword.groovy:85)
	at com.kms.katalon.core.webui.keyword.builtin.VerifyElementPresentKeyword$_verifyElementPresent_closure1.call(VerifyElementPresentKeyword.groovy)
	at com.kms.katalon.core.webui.keyword.internal.WebUIKeywordMain.runKeyword(WebUIKeywordMain.groovy:20)
	... 19 more]]></system-err>
   </testsuite>
</testsuites>
