<?xml version="1.0" encoding="UTF-8"?>
<testsuites name="Run all test cases" time="1446.643" tests="41" failures="5" errors="0">
   <testsuite name="Run all test cases" tests="41" failures="5" errors="0" time="1446.643" skipped="0" timestamp="2021-05-27 16:38:35" hostname="NgocTin - DESKTOP-55NS62S" id="Test Suites/Run all test cases">
      <properties>
         <property name="deviceName" value=""/>
         <property name="devicePlatform" value=""/>
         <property name="logFolder" value="D:\\graduating-project\\advanced-subject-in-technology-software\\katalon\\Reports\\20210527_163818\\Run all test cases\\20210527_163818"/>
         <property name="logFiles" value="D:\\graduating-project\\advanced-subject-in-technology-software\\katalon\\Reports\\20210527_163818\\Run all test cases\\20210527_163818\\execution0.log"/>
         <property name="attachments" value="D:\\graduating-project\\advanced-subject-in-technology-software\\katalon\\Reports\\20210527_163818\\Run all test cases\\20210527_163818\\1622109218359.png, D:\\graduating-project\\advanced-subject-in-technology-software\\katalon\\Reports\\20210527_163818\\Run all test cases\\20210527_163818\\1622109328553.png, D:\\graduating-project\\advanced-subject-in-technology-software\\katalon\\Reports\\20210527_163818\\Run all test cases\\20210527_163818\\1622109440170.png, D:\\graduating-project\\advanced-subject-in-technology-software\\katalon\\Reports\\20210527_163818\\Run all test cases\\20210527_163818\\1622109600162.png, D:\\graduating-project\\advanced-subject-in-technology-software\\katalon\\Reports\\20210527_163818\\Run all test cases\\20210527_163818\\1622109711410.png"/>
         <property name="hostName" value="NgocTin - DESKTOP-55NS62S"/>
         <property name="os" value="Windows 10 64bit"/>
         <property name="katalonVersion" value="8.0.0.208"/>
         <property name="browser" value="Chrome 90.0.4430.212"/>
         <property name="hostAddress" value="172.24.112.1"/>
         <property name="sessionId" value="1059a9b47f3247a66ea18de7d5caacdb"/>
         <property name="seleniumVersion" value="3.141.59"/>
         <property name="proxyInformation" value="ProxyInformation { proxyOption=NO_PROXY, proxyServerType=HTTP, username=, password=********, proxyServerAddress=, proxyServerPort=0, executionList=&quot;&quot;, isApplyToDesiredCapabilities=true }"/>
         <property name="platform" value="Windows 10"/>
      </properties>
      <testcase name="Test Cases/Login" time="17.645" classname="Test Cases/Login" status="PASSED">
         <system-out><![CDATA[2021-05-27 16:38:36 - [TEST_CASE][PASSED] - Test Cases/Login: Test Cases/Login

2021-05-27 16:38:36 - [TEST_STEP][PASSED] - openBrowser(""): Browser is opened with url: ''

2021-05-27 16:38:37 - [MESSAGE][INFO] - Starting 'Chrome' driver

2021-05-27 16:38:37 - [MESSAGE][INFO] - Action delay is set to 0 milliseconds

2021-05-27 16:38:39 - [MESSAGE][PASSED] - Browser is opened with url: ''

2021-05-27 16:38:39 - [TEST_STEP][PASSED] - navigateToUrl("https://cdnc-group2.herokuapp.com/"): Navigate to 'https://cdnc-group2.herokuapp.com/' successfully

2021-05-27 16:38:43 - [MESSAGE][PASSED] - Navigate to 'https://cdnc-group2.herokuapp.com/' successfully

2021-05-27 16:38:43 - [TEST_STEP][PASSED] - setText(findTestObject("Login_Mattermost_OR/input_All team communication in one place, _dcc84b"), Username): Text 'ngoctin040999@gmail.com' is set on object 'Object Repository/Login_Mattermost_OR/input_All team communication in one place, _dcc84b'

2021-05-27 16:38:48 - [MESSAGE][PASSED] - Text 'ngoctin040999@gmail.com' is set on object 'Object Repository/Login_Mattermost_OR/input_All team communication in one place, _dcc84b'

2021-05-27 16:38:48 - [TEST_STEP][PASSED] - setText(findTestObject("Login_Mattermost_OR/input_All team communication in one place, _a3edc6"), Password): Text 'ngoctin1' is set on object 'Object Repository/Login_Mattermost_OR/input_All team communication in one place, _a3edc6'

2021-05-27 16:38:49 - [MESSAGE][PASSED] - Text 'ngoctin1' is set on object 'Object Repository/Login_Mattermost_OR/input_All team communication in one place, _a3edc6'

2021-05-27 16:38:49 - [TEST_STEP][PASSED] - click(findTestObject("Login_Mattermost_OR/span_Sign in")): Object: 'Object Repository/Login_Mattermost_OR/span_Sign in' is clicked on

2021-05-27 16:38:50 - [MESSAGE][PASSED] - Object: 'Object Repository/Login_Mattermost_OR/span_Sign in' is clicked on

2021-05-27 16:38:50 - [TEST_STEP][PASSED] - if (Username != "ngoctin040999@gmail.com"): null

2021-05-27 16:38:50 - [TEST_STEP][PASSED] - else: Object 'Object Repository/Login_Mattermost_OR/h1_fsdfsdf' is present

2021-05-27 16:38:50 - [TEST_STEP][PASSED] - Thread.sleep(3000): null

2021-05-27 16:38:53 - [TEST_STEP][PASSED] - verifyElementPresent(findTestObject("Object Repository/Login_Mattermost_OR/h1_fsdfsdf"), 0): Object 'Object Repository/Login_Mattermost_OR/h1_fsdfsdf' is present

2021-05-27 16:38:53 - [MESSAGE][WARNING] - Timeout '0' is invalid. Using default page load timeout: '30'

2021-05-27 16:38:53 - [MESSAGE][PASSED] - Object 'Object Repository/Login_Mattermost_OR/h1_fsdfsdf' is present

2021-05-27 16:38:53 - [TEST_STEP][PASSED] - closeBrowser(): Browser is closed

2021-05-27 16:38:54 - [MESSAGE][PASSED] - Browser is closed]]></system-out>
         <system-err><![CDATA[]]></system-err>
      </testcase>
      <testcase name="Test Cases/Login" time="13.307" classname="Test Cases/Login" status="PASSED">
         <system-out><![CDATA[2021-05-27 16:38:54 - [TEST_CASE][PASSED] - Test Cases/Login: Test Cases/Login

2021-05-27 16:38:54 - [TEST_STEP][PASSED] - openBrowser(""): Browser is opened with url: ''

2021-05-27 16:38:54 - [MESSAGE][INFO] - Starting 'Chrome' driver

2021-05-27 16:38:54 - [MESSAGE][INFO] - Action delay is set to 0 milliseconds

2021-05-27 16:38:55 - [MESSAGE][PASSED] - Browser is opened with url: ''

2021-05-27 16:38:55 - [TEST_STEP][PASSED] - navigateToUrl("https://cdnc-group2.herokuapp.com/"): Navigate to 'https://cdnc-group2.herokuapp.com/' successfully

2021-05-27 16:38:59 - [MESSAGE][PASSED] - Navigate to 'https://cdnc-group2.herokuapp.com/' successfully

2021-05-27 16:38:59 - [TEST_STEP][PASSED] - setText(findTestObject("Login_Mattermost_OR/input_All team communication in one place, _dcc84b"), Username): Text 'ngoctin040999' is set on object 'Object Repository/Login_Mattermost_OR/input_All team communication in one place, _dcc84b'

2021-05-27 16:39:04 - [MESSAGE][PASSED] - Text 'ngoctin040999' is set on object 'Object Repository/Login_Mattermost_OR/input_All team communication in one place, _dcc84b'

2021-05-27 16:39:04 - [TEST_STEP][PASSED] - setText(findTestObject("Login_Mattermost_OR/input_All team communication in one place, _a3edc6"), Password): Text 'ngoctin1' is set on object 'Object Repository/Login_Mattermost_OR/input_All team communication in one place, _a3edc6'

2021-05-27 16:39:04 - [MESSAGE][PASSED] - Text 'ngoctin1' is set on object 'Object Repository/Login_Mattermost_OR/input_All team communication in one place, _a3edc6'

2021-05-27 16:39:04 - [TEST_STEP][PASSED] - click(findTestObject("Login_Mattermost_OR/span_Sign in")): Object: 'Object Repository/Login_Mattermost_OR/span_Sign in' is clicked on

2021-05-27 16:39:05 - [MESSAGE][PASSED] - Object: 'Object Repository/Login_Mattermost_OR/span_Sign in' is clicked on

2021-05-27 16:39:05 - [TEST_STEP][PASSED] - if (Username != "ngoctin040999@gmail.com"): Object 'Object Repository/Login_Mattermost_OR/label_Enter a valid email or username andor password' is present

2021-05-27 16:39:05 - [TEST_STEP][PASSED] - verifyElementPresent(findTestObject("Object Repository/Login_Mattermost_OR/label_Enter a valid email or username andor password"), 0): Object 'Object Repository/Login_Mattermost_OR/label_Enter a valid email or username andor password' is present

2021-05-27 16:39:05 - [MESSAGE][WARNING] - Timeout '0' is invalid. Using default page load timeout: '30'

2021-05-27 16:39:06 - [MESSAGE][PASSED] - Object 'Object Repository/Login_Mattermost_OR/label_Enter a valid email or username andor password' is present

2021-05-27 16:39:06 - [TEST_STEP][PASSED] - closeBrowser(): Browser is closed

2021-05-27 16:39:07 - [MESSAGE][PASSED] - Browser is closed]]></system-out>
         <system-err><![CDATA[]]></system-err>
      </testcase>
      <testcase name="Test Cases/Login" time="14.148" classname="Test Cases/Login" status="PASSED">
         <system-out><![CDATA[2021-05-27 16:39:07 - [TEST_CASE][PASSED] - Test Cases/Login: Test Cases/Login

2021-05-27 16:39:07 - [TEST_STEP][PASSED] - openBrowser(""): Browser is opened with url: ''

2021-05-27 16:39:07 - [MESSAGE][INFO] - Starting 'Chrome' driver

2021-05-27 16:39:07 - [MESSAGE][INFO] - Action delay is set to 0 milliseconds

2021-05-27 16:39:09 - [MESSAGE][PASSED] - Browser is opened with url: ''

2021-05-27 16:39:09 - [TEST_STEP][PASSED] - navigateToUrl("https://cdnc-group2.herokuapp.com/"): Navigate to 'https://cdnc-group2.herokuapp.com/' successfully

2021-05-27 16:39:12 - [MESSAGE][PASSED] - Navigate to 'https://cdnc-group2.herokuapp.com/' successfully

2021-05-27 16:39:12 - [TEST_STEP][PASSED] - setText(findTestObject("Login_Mattermost_OR/input_All team communication in one place, _dcc84b"), Username): Text 'testing123@gmail.com' is set on object 'Object Repository/Login_Mattermost_OR/input_All team communication in one place, _dcc84b'

2021-05-27 16:39:17 - [MESSAGE][PASSED] - Text 'testing123@gmail.com' is set on object 'Object Repository/Login_Mattermost_OR/input_All team communication in one place, _dcc84b'

2021-05-27 16:39:17 - [TEST_STEP][PASSED] - setText(findTestObject("Login_Mattermost_OR/input_All team communication in one place, _a3edc6"), Password): Text 'test12' is set on object 'Object Repository/Login_Mattermost_OR/input_All team communication in one place, _a3edc6'

2021-05-27 16:39:18 - [MESSAGE][PASSED] - Text 'test12' is set on object 'Object Repository/Login_Mattermost_OR/input_All team communication in one place, _a3edc6'

2021-05-27 16:39:18 - [TEST_STEP][PASSED] - click(findTestObject("Login_Mattermost_OR/span_Sign in")): Object: 'Object Repository/Login_Mattermost_OR/span_Sign in' is clicked on

2021-05-27 16:39:18 - [MESSAGE][PASSED] - Object: 'Object Repository/Login_Mattermost_OR/span_Sign in' is clicked on

2021-05-27 16:39:18 - [TEST_STEP][PASSED] - if (Username != "ngoctin040999@gmail.com"): Object 'Object Repository/Login_Mattermost_OR/label_Enter a valid email or username andor password' is present

2021-05-27 16:39:18 - [TEST_STEP][PASSED] - verifyElementPresent(findTestObject("Object Repository/Login_Mattermost_OR/label_Enter a valid email or username andor password"), 0): Object 'Object Repository/Login_Mattermost_OR/label_Enter a valid email or username andor password' is present

2021-05-27 16:39:18 - [MESSAGE][WARNING] - Timeout '0' is invalid. Using default page load timeout: '30'

2021-05-27 16:39:20 - [MESSAGE][PASSED] - Object 'Object Repository/Login_Mattermost_OR/label_Enter a valid email or username andor password' is present

2021-05-27 16:39:20 - [TEST_STEP][PASSED] - closeBrowser(): Browser is closed

2021-05-27 16:39:21 - [MESSAGE][PASSED] - Browser is closed]]></system-out>
         <system-err><![CDATA[]]></system-err>
      </testcase>
      <testcase name="Test Cases/Login" time="13.611" classname="Test Cases/Login" status="PASSED">
         <system-out><![CDATA[2021-05-27 16:39:21 - [TEST_CASE][PASSED] - Test Cases/Login: Test Cases/Login

2021-05-27 16:39:21 - [TEST_STEP][PASSED] - openBrowser(""): Browser is opened with url: ''

2021-05-27 16:39:21 - [MESSAGE][INFO] - Starting 'Chrome' driver

2021-05-27 16:39:21 - [MESSAGE][INFO] - Action delay is set to 0 milliseconds

2021-05-27 16:39:23 - [MESSAGE][PASSED] - Browser is opened with url: ''

2021-05-27 16:39:23 - [TEST_STEP][PASSED] - navigateToUrl("https://cdnc-group2.herokuapp.com/"): Navigate to 'https://cdnc-group2.herokuapp.com/' successfully

2021-05-27 16:39:26 - [MESSAGE][PASSED] - Navigate to 'https://cdnc-group2.herokuapp.com/' successfully

2021-05-27 16:39:26 - [TEST_STEP][PASSED] - setText(findTestObject("Login_Mattermost_OR/input_All team communication in one place, _dcc84b"), Username): Text 'admin' is set on object 'Object Repository/Login_Mattermost_OR/input_All team communication in one place, _dcc84b'

2021-05-27 16:39:31 - [MESSAGE][PASSED] - Text 'admin' is set on object 'Object Repository/Login_Mattermost_OR/input_All team communication in one place, _dcc84b'

2021-05-27 16:39:31 - [TEST_STEP][PASSED] - setText(findTestObject("Login_Mattermost_OR/input_All team communication in one place, _a3edc6"), Password): Text 'admin' is set on object 'Object Repository/Login_Mattermost_OR/input_All team communication in one place, _a3edc6'

2021-05-27 16:39:32 - [MESSAGE][PASSED] - Text 'admin' is set on object 'Object Repository/Login_Mattermost_OR/input_All team communication in one place, _a3edc6'

2021-05-27 16:39:32 - [TEST_STEP][PASSED] - click(findTestObject("Login_Mattermost_OR/span_Sign in")): Object: 'Object Repository/Login_Mattermost_OR/span_Sign in' is clicked on

2021-05-27 16:39:33 - [MESSAGE][PASSED] - Object: 'Object Repository/Login_Mattermost_OR/span_Sign in' is clicked on

2021-05-27 16:39:33 - [TEST_STEP][PASSED] - if (Username != "ngoctin040999@gmail.com"): Object 'Object Repository/Login_Mattermost_OR/label_Enter a valid email or username andor password' is present

2021-05-27 16:39:33 - [TEST_STEP][PASSED] - verifyElementPresent(findTestObject("Object Repository/Login_Mattermost_OR/label_Enter a valid email or username andor password"), 0): Object 'Object Repository/Login_Mattermost_OR/label_Enter a valid email or username andor password' is present

2021-05-27 16:39:33 - [MESSAGE][WARNING] - Timeout '0' is invalid. Using default page load timeout: '30'

2021-05-27 16:39:34 - [MESSAGE][PASSED] - Object 'Object Repository/Login_Mattermost_OR/label_Enter a valid email or username andor password' is present

2021-05-27 16:39:34 - [TEST_STEP][PASSED] - closeBrowser(): Browser is closed

2021-05-27 16:39:35 - [MESSAGE][PASSED] - Browser is closed]]></system-out>
         <system-err><![CDATA[]]></system-err>
      </testcase>
      <testcase name="Test Cases/Login" time="13.954" classname="Test Cases/Login" status="PASSED">
         <system-out><![CDATA[2021-05-27 16:39:35 - [TEST_CASE][PASSED] - Test Cases/Login: Test Cases/Login

2021-05-27 16:39:35 - [TEST_STEP][PASSED] - openBrowser(""): Browser is opened with url: ''

2021-05-27 16:39:35 - [MESSAGE][INFO] - Starting 'Chrome' driver

2021-05-27 16:39:35 - [MESSAGE][INFO] - Action delay is set to 0 milliseconds

2021-05-27 16:39:37 - [MESSAGE][PASSED] - Browser is opened with url: ''

2021-05-27 16:39:37 - [TEST_STEP][PASSED] - navigateToUrl("https://cdnc-group2.herokuapp.com/"): Navigate to 'https://cdnc-group2.herokuapp.com/' successfully

2021-05-27 16:39:40 - [MESSAGE][PASSED] - Navigate to 'https://cdnc-group2.herokuapp.com/' successfully

2021-05-27 16:39:40 - [TEST_STEP][PASSED] - setText(findTestObject("Login_Mattermost_OR/input_All team communication in one place, _dcc84b"), Username): Text 'admin@outlook.com' is set on object 'Object Repository/Login_Mattermost_OR/input_All team communication in one place, _dcc84b'

2021-05-27 16:39:45 - [MESSAGE][PASSED] - Text 'admin@outlook.com' is set on object 'Object Repository/Login_Mattermost_OR/input_All team communication in one place, _dcc84b'

2021-05-27 16:39:45 - [TEST_STEP][PASSED] - setText(findTestObject("Login_Mattermost_OR/input_All team communication in one place, _a3edc6"), Password): Text '123456789' is set on object 'Object Repository/Login_Mattermost_OR/input_All team communication in one place, _a3edc6'

2021-05-27 16:39:46 - [MESSAGE][PASSED] - Text '123456789' is set on object 'Object Repository/Login_Mattermost_OR/input_All team communication in one place, _a3edc6'

2021-05-27 16:39:46 - [TEST_STEP][PASSED] - click(findTestObject("Login_Mattermost_OR/span_Sign in")): Object: 'Object Repository/Login_Mattermost_OR/span_Sign in' is clicked on

2021-05-27 16:39:47 - [MESSAGE][PASSED] - Object: 'Object Repository/Login_Mattermost_OR/span_Sign in' is clicked on

2021-05-27 16:39:47 - [TEST_STEP][PASSED] - if (Username != "ngoctin040999@gmail.com"): Object 'Object Repository/Login_Mattermost_OR/label_Enter a valid email or username andor password' is present

2021-05-27 16:39:47 - [TEST_STEP][PASSED] - verifyElementPresent(findTestObject("Object Repository/Login_Mattermost_OR/label_Enter a valid email or username andor password"), 0): Object 'Object Repository/Login_Mattermost_OR/label_Enter a valid email or username andor password' is present

2021-05-27 16:39:47 - [MESSAGE][WARNING] - Timeout '0' is invalid. Using default page load timeout: '30'

2021-05-27 16:39:48 - [MESSAGE][PASSED] - Object 'Object Repository/Login_Mattermost_OR/label_Enter a valid email or username andor password' is present

2021-05-27 16:39:48 - [TEST_STEP][PASSED] - closeBrowser(): Browser is closed

2021-05-27 16:39:49 - [MESSAGE][PASSED] - Browser is closed]]></system-out>
         <system-err><![CDATA[]]></system-err>
      </testcase>
      <testcase name="Test Cases/Login" time="12.496" classname="Test Cases/Login" status="PASSED">
         <system-out><![CDATA[2021-05-27 16:39:49 - [TEST_CASE][PASSED] - Test Cases/Login: Test Cases/Login

2021-05-27 16:39:49 - [TEST_STEP][PASSED] - openBrowser(""): Browser is opened with url: ''

2021-05-27 16:39:49 - [MESSAGE][INFO] - Starting 'Chrome' driver

2021-05-27 16:39:49 - [MESSAGE][INFO] - Action delay is set to 0 milliseconds

2021-05-27 16:39:50 - [MESSAGE][PASSED] - Browser is opened with url: ''

2021-05-27 16:39:50 - [TEST_STEP][PASSED] - navigateToUrl("https://cdnc-group2.herokuapp.com/"): Navigate to 'https://cdnc-group2.herokuapp.com/' successfully

2021-05-27 16:39:54 - [MESSAGE][PASSED] - Navigate to 'https://cdnc-group2.herokuapp.com/' successfully

2021-05-27 16:39:54 - [TEST_STEP][PASSED] - setText(findTestObject("Login_Mattermost_OR/input_All team communication in one place, _dcc84b"), Username): Text 'admin@outlook.com' is set on object 'Object Repository/Login_Mattermost_OR/input_All team communication in one place, _dcc84b'

2021-05-27 16:39:59 - [MESSAGE][PASSED] - Text 'admin@outlook.com' is set on object 'Object Repository/Login_Mattermost_OR/input_All team communication in one place, _dcc84b'

2021-05-27 16:39:59 - [TEST_STEP][PASSED] - setText(findTestObject("Login_Mattermost_OR/input_All team communication in one place, _a3edc6"), Password): Text '' is set on object 'Object Repository/Login_Mattermost_OR/input_All team communication in one place, _a3edc6'

2021-05-27 16:39:59 - [MESSAGE][PASSED] - Text '' is set on object 'Object Repository/Login_Mattermost_OR/input_All team communication in one place, _a3edc6'

2021-05-27 16:39:59 - [TEST_STEP][PASSED] - click(findTestObject("Login_Mattermost_OR/span_Sign in")): Object: 'Object Repository/Login_Mattermost_OR/span_Sign in' is clicked on

2021-05-27 16:40:00 - [MESSAGE][PASSED] - Object: 'Object Repository/Login_Mattermost_OR/span_Sign in' is clicked on

2021-05-27 16:40:00 - [TEST_STEP][PASSED] - if (Username != "ngoctin040999@gmail.com"): Object 'Object Repository/Login_Mattermost_OR/label_Enter a valid email or username andor password' is present

2021-05-27 16:40:00 - [TEST_STEP][PASSED] - verifyElementPresent(findTestObject("Object Repository/Login_Mattermost_OR/label_Enter a valid email or username andor password"), 0): Object 'Object Repository/Login_Mattermost_OR/label_Enter a valid email or username andor password' is present

2021-05-27 16:40:00 - [MESSAGE][WARNING] - Timeout '0' is invalid. Using default page load timeout: '30'

2021-05-27 16:40:00 - [MESSAGE][PASSED] - Object 'Object Repository/Login_Mattermost_OR/label_Enter a valid email or username andor password' is present

2021-05-27 16:40:00 - [TEST_STEP][PASSED] - closeBrowser(): Browser is closed

2021-05-27 16:40:01 - [MESSAGE][PASSED] - Browser is closed]]></system-out>
         <system-err><![CDATA[]]></system-err>
      </testcase>
      <testcase name="Test Cases/ForgetPassword" time="13.703" classname="Test Cases/ForgetPassword" status="PASSED">
         <system-out><![CDATA[2021-05-27 16:40:01 - [TEST_CASE][PASSED] - Test Cases/ForgetPassword: Test Cases/ForgetPassword

2021-05-27 16:40:02 - [TEST_STEP][PASSED] - openBrowser(""): Browser is opened with url: ''

2021-05-27 16:40:02 - [MESSAGE][INFO] - Starting 'Chrome' driver

2021-05-27 16:40:02 - [MESSAGE][INFO] - Action delay is set to 0 milliseconds

2021-05-27 16:40:03 - [MESSAGE][PASSED] - Browser is opened with url: ''

2021-05-27 16:40:03 - [TEST_STEP][PASSED] - navigateToUrl("https://cdnc-group2.herokuapp.com/"): Navigate to 'https://cdnc-group2.herokuapp.com/' successfully

2021-05-27 16:40:07 - [MESSAGE][PASSED] - Navigate to 'https://cdnc-group2.herokuapp.com/' successfully

2021-05-27 16:40:07 - [TEST_STEP][PASSED] - click(findTestObject("Object Repository/ForgetPassword_Mattermost_OR/span_I forgot my password")): Object: 'Object Repository/ForgetPassword_Mattermost_OR/span_I forgot my password' is clicked on

2021-05-27 16:40:11 - [MESSAGE][PASSED] - Object: 'Object Repository/ForgetPassword_Mattermost_OR/span_I forgot my password' is clicked on

2021-05-27 16:40:11 - [TEST_STEP][PASSED] - setText(findTestObject("Object Repository/ForgetPassword_Mattermost_OR/input_To reset your password, enter the email address you used to sign up_email"), "ngoctin040999@gmail.com"): Text 'ngoctin040999@gmail.com' is set on object 'Object Repository/ForgetPassword_Mattermost_OR/input_To reset your password, enter the email address you used to sign up_email'

2021-05-27 16:40:13 - [MESSAGE][PASSED] - Text 'ngoctin040999@gmail.com' is set on object 'Object Repository/ForgetPassword_Mattermost_OR/input_To reset your password, enter the email address you used to sign up_email'

2021-05-27 16:40:13 - [TEST_STEP][PASSED] - click(findTestObject("Object Repository/ForgetPassword_Mattermost_OR/button_Reset my password")): Object: 'Object Repository/ForgetPassword_Mattermost_OR/button_Reset my password' is clicked on

2021-05-27 16:40:13 - [MESSAGE][PASSED] - Object: 'Object Repository/ForgetPassword_Mattermost_OR/button_Reset my password' is clicked on

2021-05-27 16:40:13 - [TEST_STEP][PASSED] - verifyElementPresent(findTestObject("Object Repository/ForgetPassword_Mattermost_OR/label_Failed to send password reset email successfully"), 1000): Object 'Object Repository/ForgetPassword_Mattermost_OR/label_Failed to send password reset email successfully' is present

2021-05-27 16:40:14 - [MESSAGE][PASSED] - Object 'Object Repository/ForgetPassword_Mattermost_OR/label_Failed to send password reset email successfully' is present

2021-05-27 16:40:14 - [TEST_STEP][PASSED] - closeBrowser(): Browser is closed

2021-05-27 16:40:15 - [MESSAGE][PASSED] - Browser is closed]]></system-out>
         <system-err><![CDATA[]]></system-err>
      </testcase>
      <testcase name="Test Cases/ForgetPassword" time="13.966" classname="Test Cases/ForgetPassword" status="PASSED">
         <system-out><![CDATA[2021-05-27 16:40:15 - [TEST_CASE][PASSED] - Test Cases/ForgetPassword: Test Cases/ForgetPassword

2021-05-27 16:40:15 - [TEST_STEP][PASSED] - openBrowser(""): Browser is opened with url: ''

2021-05-27 16:40:15 - [MESSAGE][INFO] - Starting 'Chrome' driver

2021-05-27 16:40:15 - [MESSAGE][INFO] - Action delay is set to 0 milliseconds

2021-05-27 16:40:17 - [MESSAGE][PASSED] - Browser is opened with url: ''

2021-05-27 16:40:17 - [TEST_STEP][PASSED] - navigateToUrl("https://cdnc-group2.herokuapp.com/"): Navigate to 'https://cdnc-group2.herokuapp.com/' successfully

2021-05-27 16:40:20 - [MESSAGE][PASSED] - Navigate to 'https://cdnc-group2.herokuapp.com/' successfully

2021-05-27 16:40:20 - [TEST_STEP][PASSED] - click(findTestObject("Object Repository/ForgetPassword_Mattermost_OR/span_I forgot my password")): Object: 'Object Repository/ForgetPassword_Mattermost_OR/span_I forgot my password' is clicked on

2021-05-27 16:40:25 - [MESSAGE][PASSED] - Object: 'Object Repository/ForgetPassword_Mattermost_OR/span_I forgot my password' is clicked on

2021-05-27 16:40:25 - [TEST_STEP][PASSED] - setText(findTestObject("Object Repository/ForgetPassword_Mattermost_OR/input_To reset your password, enter the email address you used to sign up_email"), "ngoctin040999@gmail.com"): Text 'ngoctin040999@gmail.com' is set on object 'Object Repository/ForgetPassword_Mattermost_OR/input_To reset your password, enter the email address you used to sign up_email'

2021-05-27 16:40:26 - [MESSAGE][PASSED] - Text 'ngoctin040999@gmail.com' is set on object 'Object Repository/ForgetPassword_Mattermost_OR/input_To reset your password, enter the email address you used to sign up_email'

2021-05-27 16:40:26 - [TEST_STEP][PASSED] - click(findTestObject("Object Repository/ForgetPassword_Mattermost_OR/button_Reset my password")): Object: 'Object Repository/ForgetPassword_Mattermost_OR/button_Reset my password' is clicked on

2021-05-27 16:40:26 - [MESSAGE][PASSED] - Object: 'Object Repository/ForgetPassword_Mattermost_OR/button_Reset my password' is clicked on

2021-05-27 16:40:26 - [TEST_STEP][PASSED] - verifyElementPresent(findTestObject("Object Repository/ForgetPassword_Mattermost_OR/label_Failed to send password reset email successfully"), 1000): Object 'Object Repository/ForgetPassword_Mattermost_OR/label_Failed to send password reset email successfully' is present

2021-05-27 16:40:28 - [MESSAGE][PASSED] - Object 'Object Repository/ForgetPassword_Mattermost_OR/label_Failed to send password reset email successfully' is present

2021-05-27 16:40:28 - [TEST_STEP][PASSED] - closeBrowser(): Browser is closed

2021-05-27 16:40:29 - [MESSAGE][PASSED] - Browser is closed]]></system-out>
         <system-err><![CDATA[]]></system-err>
      </testcase>
      <testcase name="Test Cases/ForgetPassword" time="13.842" classname="Test Cases/ForgetPassword" status="PASSED">
         <system-out><![CDATA[2021-05-27 16:40:29 - [TEST_CASE][PASSED] - Test Cases/ForgetPassword: Test Cases/ForgetPassword

2021-05-27 16:40:29 - [TEST_STEP][PASSED] - openBrowser(""): Browser is opened with url: ''

2021-05-27 16:40:29 - [MESSAGE][INFO] - Starting 'Chrome' driver

2021-05-27 16:40:29 - [MESSAGE][INFO] - Action delay is set to 0 milliseconds

2021-05-27 16:40:31 - [MESSAGE][PASSED] - Browser is opened with url: ''

2021-05-27 16:40:31 - [TEST_STEP][PASSED] - navigateToUrl("https://cdnc-group2.herokuapp.com/"): Navigate to 'https://cdnc-group2.herokuapp.com/' successfully

2021-05-27 16:40:34 - [MESSAGE][PASSED] - Navigate to 'https://cdnc-group2.herokuapp.com/' successfully

2021-05-27 16:40:34 - [TEST_STEP][PASSED] - click(findTestObject("Object Repository/ForgetPassword_Mattermost_OR/span_I forgot my password")): Object: 'Object Repository/ForgetPassword_Mattermost_OR/span_I forgot my password' is clicked on

2021-05-27 16:40:39 - [MESSAGE][PASSED] - Object: 'Object Repository/ForgetPassword_Mattermost_OR/span_I forgot my password' is clicked on

2021-05-27 16:40:39 - [TEST_STEP][PASSED] - setText(findTestObject("Object Repository/ForgetPassword_Mattermost_OR/input_To reset your password, enter the email address you used to sign up_email"), "ngoctin040999@gmail.com"): Text 'ngoctin040999@gmail.com' is set on object 'Object Repository/ForgetPassword_Mattermost_OR/input_To reset your password, enter the email address you used to sign up_email'

2021-05-27 16:40:40 - [MESSAGE][PASSED] - Text 'ngoctin040999@gmail.com' is set on object 'Object Repository/ForgetPassword_Mattermost_OR/input_To reset your password, enter the email address you used to sign up_email'

2021-05-27 16:40:40 - [TEST_STEP][PASSED] - click(findTestObject("Object Repository/ForgetPassword_Mattermost_OR/button_Reset my password")): Object: 'Object Repository/ForgetPassword_Mattermost_OR/button_Reset my password' is clicked on

2021-05-27 16:40:40 - [MESSAGE][PASSED] - Object: 'Object Repository/ForgetPassword_Mattermost_OR/button_Reset my password' is clicked on

2021-05-27 16:40:40 - [TEST_STEP][PASSED] - verifyElementPresent(findTestObject("Object Repository/ForgetPassword_Mattermost_OR/label_Failed to send password reset email successfully"), 1000): Object 'Object Repository/ForgetPassword_Mattermost_OR/label_Failed to send password reset email successfully' is present

2021-05-27 16:40:42 - [MESSAGE][PASSED] - Object 'Object Repository/ForgetPassword_Mattermost_OR/label_Failed to send password reset email successfully' is present

2021-05-27 16:40:42 - [TEST_STEP][PASSED] - closeBrowser(): Browser is closed

2021-05-27 16:40:43 - [MESSAGE][PASSED] - Browser is closed]]></system-out>
         <system-err><![CDATA[]]></system-err>
      </testcase>
      <testcase name="Test Cases/ForgetPassword" time="13.42" classname="Test Cases/ForgetPassword" status="PASSED">
         <system-out><![CDATA[2021-05-27 16:40:43 - [TEST_CASE][PASSED] - Test Cases/ForgetPassword: Test Cases/ForgetPassword

2021-05-27 16:40:43 - [TEST_STEP][PASSED] - openBrowser(""): Browser is opened with url: ''

2021-05-27 16:40:43 - [MESSAGE][INFO] - Starting 'Chrome' driver

2021-05-27 16:40:43 - [MESSAGE][INFO] - Action delay is set to 0 milliseconds

2021-05-27 16:40:45 - [MESSAGE][PASSED] - Browser is opened with url: ''

2021-05-27 16:40:45 - [TEST_STEP][PASSED] - navigateToUrl("https://cdnc-group2.herokuapp.com/"): Navigate to 'https://cdnc-group2.herokuapp.com/' successfully

2021-05-27 16:40:48 - [MESSAGE][PASSED] - Navigate to 'https://cdnc-group2.herokuapp.com/' successfully

2021-05-27 16:40:48 - [TEST_STEP][PASSED] - click(findTestObject("Object Repository/ForgetPassword_Mattermost_OR/span_I forgot my password")): Object: 'Object Repository/ForgetPassword_Mattermost_OR/span_I forgot my password' is clicked on

2021-05-27 16:40:53 - [MESSAGE][PASSED] - Object: 'Object Repository/ForgetPassword_Mattermost_OR/span_I forgot my password' is clicked on

2021-05-27 16:40:53 - [TEST_STEP][PASSED] - setText(findTestObject("Object Repository/ForgetPassword_Mattermost_OR/input_To reset your password, enter the email address you used to sign up_email"), "ngoctin040999@gmail.com"): Text 'ngoctin040999@gmail.com' is set on object 'Object Repository/ForgetPassword_Mattermost_OR/input_To reset your password, enter the email address you used to sign up_email'

2021-05-27 16:40:54 - [MESSAGE][PASSED] - Text 'ngoctin040999@gmail.com' is set on object 'Object Repository/ForgetPassword_Mattermost_OR/input_To reset your password, enter the email address you used to sign up_email'

2021-05-27 16:40:54 - [TEST_STEP][PASSED] - click(findTestObject("Object Repository/ForgetPassword_Mattermost_OR/button_Reset my password")): Object: 'Object Repository/ForgetPassword_Mattermost_OR/button_Reset my password' is clicked on

2021-05-27 16:40:54 - [MESSAGE][PASSED] - Object: 'Object Repository/ForgetPassword_Mattermost_OR/button_Reset my password' is clicked on

2021-05-27 16:40:54 - [TEST_STEP][PASSED] - verifyElementPresent(findTestObject("Object Repository/ForgetPassword_Mattermost_OR/label_Failed to send password reset email successfully"), 1000): Object 'Object Repository/ForgetPassword_Mattermost_OR/label_Failed to send password reset email successfully' is present

2021-05-27 16:40:56 - [MESSAGE][PASSED] - Object 'Object Repository/ForgetPassword_Mattermost_OR/label_Failed to send password reset email successfully' is present

2021-05-27 16:40:56 - [TEST_STEP][PASSED] - closeBrowser(): Browser is closed

2021-05-27 16:40:56 - [MESSAGE][PASSED] - Browser is closed]]></system-out>
         <system-err><![CDATA[]]></system-err>
      </testcase>
      <testcase name="Test Cases/ForgetPassword" time="14.33" classname="Test Cases/ForgetPassword" status="PASSED">
         <system-out><![CDATA[2021-05-27 16:40:56 - [TEST_CASE][PASSED] - Test Cases/ForgetPassword: Test Cases/ForgetPassword

2021-05-27 16:40:56 - [TEST_STEP][PASSED] - openBrowser(""): Browser is opened with url: ''

2021-05-27 16:40:56 - [MESSAGE][INFO] - Starting 'Chrome' driver

2021-05-27 16:40:56 - [MESSAGE][INFO] - Action delay is set to 0 milliseconds

2021-05-27 16:40:58 - [MESSAGE][PASSED] - Browser is opened with url: ''

2021-05-27 16:40:58 - [TEST_STEP][PASSED] - navigateToUrl("https://cdnc-group2.herokuapp.com/"): Navigate to 'https://cdnc-group2.herokuapp.com/' successfully

2021-05-27 16:41:02 - [MESSAGE][PASSED] - Navigate to 'https://cdnc-group2.herokuapp.com/' successfully

2021-05-27 16:41:02 - [TEST_STEP][PASSED] - click(findTestObject("Object Repository/ForgetPassword_Mattermost_OR/span_I forgot my password")): Object: 'Object Repository/ForgetPassword_Mattermost_OR/span_I forgot my password' is clicked on

2021-05-27 16:41:07 - [MESSAGE][PASSED] - Object: 'Object Repository/ForgetPassword_Mattermost_OR/span_I forgot my password' is clicked on

2021-05-27 16:41:07 - [TEST_STEP][PASSED] - setText(findTestObject("Object Repository/ForgetPassword_Mattermost_OR/input_To reset your password, enter the email address you used to sign up_email"), "ngoctin040999@gmail.com"): Text 'ngoctin040999@gmail.com' is set on object 'Object Repository/ForgetPassword_Mattermost_OR/input_To reset your password, enter the email address you used to sign up_email'

2021-05-27 16:41:08 - [MESSAGE][PASSED] - Text 'ngoctin040999@gmail.com' is set on object 'Object Repository/ForgetPassword_Mattermost_OR/input_To reset your password, enter the email address you used to sign up_email'

2021-05-27 16:41:08 - [TEST_STEP][PASSED] - click(findTestObject("Object Repository/ForgetPassword_Mattermost_OR/button_Reset my password")): Object: 'Object Repository/ForgetPassword_Mattermost_OR/button_Reset my password' is clicked on

2021-05-27 16:41:08 - [MESSAGE][PASSED] - Object: 'Object Repository/ForgetPassword_Mattermost_OR/button_Reset my password' is clicked on

2021-05-27 16:41:08 - [TEST_STEP][PASSED] - verifyElementPresent(findTestObject("Object Repository/ForgetPassword_Mattermost_OR/label_Failed to send password reset email successfully"), 1000): Object 'Object Repository/ForgetPassword_Mattermost_OR/label_Failed to send password reset email successfully' is present

2021-05-27 16:41:10 - [MESSAGE][PASSED] - Object 'Object Repository/ForgetPassword_Mattermost_OR/label_Failed to send password reset email successfully' is present

2021-05-27 16:41:10 - [TEST_STEP][PASSED] - closeBrowser(): Browser is closed

2021-05-27 16:41:11 - [MESSAGE][PASSED] - Browser is closed]]></system-out>
         <system-err><![CDATA[]]></system-err>
      </testcase>
      <testcase name="Test Cases/ForgetPassword" time="14.595" classname="Test Cases/ForgetPassword" status="PASSED">
         <system-out><![CDATA[2021-05-27 16:41:11 - [TEST_CASE][PASSED] - Test Cases/ForgetPassword: Test Cases/ForgetPassword

2021-05-27 16:41:11 - [TEST_STEP][PASSED] - openBrowser(""): Browser is opened with url: ''

2021-05-27 16:41:11 - [MESSAGE][INFO] - Starting 'Chrome' driver

2021-05-27 16:41:11 - [MESSAGE][INFO] - Action delay is set to 0 milliseconds

2021-05-27 16:41:12 - [MESSAGE][PASSED] - Browser is opened with url: ''

2021-05-27 16:41:12 - [TEST_STEP][PASSED] - navigateToUrl("https://cdnc-group2.herokuapp.com/"): Navigate to 'https://cdnc-group2.herokuapp.com/' successfully

2021-05-27 16:41:16 - [MESSAGE][PASSED] - Navigate to 'https://cdnc-group2.herokuapp.com/' successfully

2021-05-27 16:41:16 - [TEST_STEP][PASSED] - click(findTestObject("Object Repository/ForgetPassword_Mattermost_OR/span_I forgot my password")): Object: 'Object Repository/ForgetPassword_Mattermost_OR/span_I forgot my password' is clicked on

2021-05-27 16:41:21 - [MESSAGE][PASSED] - Object: 'Object Repository/ForgetPassword_Mattermost_OR/span_I forgot my password' is clicked on

2021-05-27 16:41:21 - [TEST_STEP][PASSED] - setText(findTestObject("Object Repository/ForgetPassword_Mattermost_OR/input_To reset your password, enter the email address you used to sign up_email"), "ngoctin040999@gmail.com"): Text 'ngoctin040999@gmail.com' is set on object 'Object Repository/ForgetPassword_Mattermost_OR/input_To reset your password, enter the email address you used to sign up_email'

2021-05-27 16:41:22 - [MESSAGE][PASSED] - Text 'ngoctin040999@gmail.com' is set on object 'Object Repository/ForgetPassword_Mattermost_OR/input_To reset your password, enter the email address you used to sign up_email'

2021-05-27 16:41:22 - [TEST_STEP][PASSED] - click(findTestObject("Object Repository/ForgetPassword_Mattermost_OR/button_Reset my password")): Object: 'Object Repository/ForgetPassword_Mattermost_OR/button_Reset my password' is clicked on

2021-05-27 16:41:22 - [MESSAGE][PASSED] - Object: 'Object Repository/ForgetPassword_Mattermost_OR/button_Reset my password' is clicked on

2021-05-27 16:41:22 - [TEST_STEP][PASSED] - verifyElementPresent(findTestObject("Object Repository/ForgetPassword_Mattermost_OR/label_Failed to send password reset email successfully"), 1000): Object 'Object Repository/ForgetPassword_Mattermost_OR/label_Failed to send password reset email successfully' is present

2021-05-27 16:41:24 - [MESSAGE][PASSED] - Object 'Object Repository/ForgetPassword_Mattermost_OR/label_Failed to send password reset email successfully' is present

2021-05-27 16:41:24 - [TEST_STEP][PASSED] - closeBrowser(): Browser is closed

2021-05-27 16:41:25 - [MESSAGE][PASSED] - Browser is closed]]></system-out>
         <system-err><![CDATA[]]></system-err>
      </testcase>
      <testcase name="Test Cases/CreateRoom" time="21.865" classname="Test Cases/CreateRoom" status="PASSED">
         <system-out><![CDATA[2021-05-27 16:41:25 - [TEST_CASE][PASSED] - Test Cases/CreateRoom: Test Cases/CreateRoom

2021-05-27 16:41:26 - [TEST_STEP][PASSED] - openBrowser(""): Browser is opened with url: ''

2021-05-27 16:41:26 - [MESSAGE][INFO] - Starting 'Chrome' driver

2021-05-27 16:41:26 - [MESSAGE][INFO] - Action delay is set to 0 milliseconds

2021-05-27 16:41:27 - [MESSAGE][PASSED] - Browser is opened with url: ''

2021-05-27 16:41:27 - [TEST_STEP][PASSED] - navigateToUrl("https://cdnc-group2.herokuapp.com"): Navigate to 'https://cdnc-group2.herokuapp.com' successfully

2021-05-27 16:41:31 - [MESSAGE][PASSED] - Navigate to 'https://cdnc-group2.herokuapp.com' successfully

2021-05-27 16:41:31 - [TEST_STEP][PASSED] - setText(findTestObject("Object Repository/Login_Mattermost_OR/input_All team communication in one place, _dcc84b"), "ngoctin040999@gmail.com"): Text 'ngoctin040999@gmail.com' is set on object 'Object Repository/Login_Mattermost_OR/input_All team communication in one place, _dcc84b'

2021-05-27 16:41:36 - [MESSAGE][PASSED] - Text 'ngoctin040999@gmail.com' is set on object 'Object Repository/Login_Mattermost_OR/input_All team communication in one place, _dcc84b'

2021-05-27 16:41:36 - [TEST_STEP][PASSED] - setText(findTestObject("Object Repository/Login_Mattermost_OR/input_All team communication in one place, _a3edc6"), "ngoctin1"): Text 'ngoctin1' is set on object 'Object Repository/Login_Mattermost_OR/input_All team communication in one place, _a3edc6'

2021-05-27 16:41:37 - [MESSAGE][PASSED] - Text 'ngoctin1' is set on object 'Object Repository/Login_Mattermost_OR/input_All team communication in one place, _a3edc6'

2021-05-27 16:41:37 - [TEST_STEP][PASSED] - click(findTestObject("Object Repository/Login_Mattermost_OR/span_Sign in")): Object: 'Object Repository/Login_Mattermost_OR/span_Sign in' is clicked on

2021-05-27 16:41:37 - [MESSAGE][PASSED] - Object: 'Object Repository/Login_Mattermost_OR/span_Sign in' is clicked on

2021-05-27 16:41:37 - [TEST_STEP][PASSED] - click(findTestObject("CreateRoom_Mattermose_OR/span_")): Object: 'Object Repository/CreateRoom_Mattermose_OR/span_' is clicked on

2021-05-27 16:41:41 - [MESSAGE][PASSED] - Object: 'Object Repository/CreateRoom_Mattermose_OR/span_' is clicked on

2021-05-27 16:41:41 - [TEST_STEP][PASSED] - verifyElementPresent(findTestObject("CreateRoom_Mattermose_OR/span_New Channel"), 0): Object 'Object Repository/CreateRoom_Mattermose_OR/span_New Channel' is present

2021-05-27 16:41:41 - [MESSAGE][WARNING] - Timeout '0' is invalid. Using default page load timeout: '30'

2021-05-27 16:41:42 - [MESSAGE][PASSED] - Object 'Object Repository/CreateRoom_Mattermose_OR/span_New Channel' is present

2021-05-27 16:41:42 - [TEST_STEP][PASSED] - switch (Type): null

2021-05-27 16:41:42 - [TEST_STEP][PASSED] - case "Public":: null

2021-05-27 16:41:42 - [TEST_STEP][PASSED] - click(findTestObject("CreateRoom_Mattermose_OR/input_Type_channelType")): Object: 'Object Repository/CreateRoom_Mattermose_OR/input_Type_channelType' is clicked on

2021-05-27 16:41:42 - [MESSAGE][PASSED] - Object: 'Object Repository/CreateRoom_Mattermose_OR/input_Type_channelType' is clicked on

2021-05-27 16:41:42 - [TEST_STEP][PASSED] - break: null

2021-05-27 16:41:42 - [TEST_STEP][PASSED] - setText(findTestObject("CreateRoom_Mattermose_OR/input_Name_newChannelName"), ChannelName): Text 'Test 123' is set on object 'Object Repository/CreateRoom_Mattermose_OR/input_Name_newChannelName'

2021-05-27 16:41:43 - [MESSAGE][PASSED] - Text 'Test 123' is set on object 'Object Repository/CreateRoom_Mattermose_OR/input_Name_newChannelName'

2021-05-27 16:41:43 - [TEST_STEP][PASSED] - setText(findTestObject("CreateRoom_Mattermose_OR/textarea_(optional)_newChannelPurpose"), Purpose): Text 'Data test 1' is set on object 'Object Repository/CreateRoom_Mattermose_OR/textarea_(optional)_newChannelPurpose'

2021-05-27 16:41:44 - [MESSAGE][PASSED] - Text 'Data test 1' is set on object 'Object Repository/CreateRoom_Mattermose_OR/textarea_(optional)_newChannelPurpose'

2021-05-27 16:41:44 - [TEST_STEP][PASSED] - setText(findTestObject("CreateRoom_Mattermose_OR/textarea_(optional)_newChannelHeader"), Description): Text 'Test Description' is set on object 'Object Repository/CreateRoom_Mattermose_OR/textarea_(optional)_newChannelHeader'

2021-05-27 16:41:45 - [MESSAGE][PASSED] - Text 'Test Description' is set on object 'Object Repository/CreateRoom_Mattermose_OR/textarea_(optional)_newChannelHeader'

2021-05-27 16:41:45 - [TEST_STEP][PASSED] - click(findTestObject("CreateRoom_Mattermose_OR/button_Create Channel")): Object: 'Object Repository/CreateRoom_Mattermose_OR/button_Create Channel' is clicked on

2021-05-27 16:41:46 - [MESSAGE][PASSED] - Object: 'Object Repository/CreateRoom_Mattermose_OR/button_Create Channel' is clicked on

2021-05-27 16:41:46 - [TEST_STEP][PASSED] - if (verifyElementPresent(findTestObject("CreateRoom_Mattermose_OR/p_A channel with that name already exists on the same team"), 0, OPTIONAL)): null

2021-05-27 16:41:46 - [MESSAGE][WARNING] - Timeout '0' is invalid. Using default page load timeout: '30'

2021-05-27 16:41:47 - [MESSAGE][PASSED] - Object 'Object Repository/CreateRoom_Mattermose_OR/p_A channel with that name already exists on the same team' is present

2021-05-27 16:41:47 - [TEST_STEP][PASSED] - closeBrowser(): Browser is closed

2021-05-27 16:41:47 - [MESSAGE][PASSED] - Browser is closed]]></system-out>
         <system-err><![CDATA[]]></system-err>
      </testcase>
      <testcase name="Test Cases/CreateRoom" time="21.745" classname="Test Cases/CreateRoom" status="PASSED">
         <system-out><![CDATA[2021-05-27 16:41:47 - [TEST_CASE][PASSED] - Test Cases/CreateRoom: Test Cases/CreateRoom

2021-05-27 16:41:47 - [TEST_STEP][PASSED] - openBrowser(""): Browser is opened with url: ''

2021-05-27 16:41:47 - [MESSAGE][INFO] - Starting 'Chrome' driver

2021-05-27 16:41:47 - [MESSAGE][INFO] - Action delay is set to 0 milliseconds

2021-05-27 16:41:49 - [MESSAGE][PASSED] - Browser is opened with url: ''

2021-05-27 16:41:49 - [TEST_STEP][PASSED] - navigateToUrl("https://cdnc-group2.herokuapp.com"): Navigate to 'https://cdnc-group2.herokuapp.com' successfully

2021-05-27 16:41:52 - [MESSAGE][PASSED] - Navigate to 'https://cdnc-group2.herokuapp.com' successfully

2021-05-27 16:41:52 - [TEST_STEP][PASSED] - setText(findTestObject("Object Repository/Login_Mattermost_OR/input_All team communication in one place, _dcc84b"), "ngoctin040999@gmail.com"): Text 'ngoctin040999@gmail.com' is set on object 'Object Repository/Login_Mattermost_OR/input_All team communication in one place, _dcc84b'

2021-05-27 16:41:57 - [MESSAGE][PASSED] - Text 'ngoctin040999@gmail.com' is set on object 'Object Repository/Login_Mattermost_OR/input_All team communication in one place, _dcc84b'

2021-05-27 16:41:57 - [TEST_STEP][PASSED] - setText(findTestObject("Object Repository/Login_Mattermost_OR/input_All team communication in one place, _a3edc6"), "ngoctin1"): Text 'ngoctin1' is set on object 'Object Repository/Login_Mattermost_OR/input_All team communication in one place, _a3edc6'

2021-05-27 16:41:58 - [MESSAGE][PASSED] - Text 'ngoctin1' is set on object 'Object Repository/Login_Mattermost_OR/input_All team communication in one place, _a3edc6'

2021-05-27 16:41:58 - [TEST_STEP][PASSED] - click(findTestObject("Object Repository/Login_Mattermost_OR/span_Sign in")): Object: 'Object Repository/Login_Mattermost_OR/span_Sign in' is clicked on

2021-05-27 16:41:59 - [MESSAGE][PASSED] - Object: 'Object Repository/Login_Mattermost_OR/span_Sign in' is clicked on

2021-05-27 16:41:59 - [TEST_STEP][PASSED] - click(findTestObject("CreateRoom_Mattermose_OR/span_")): Object: 'Object Repository/CreateRoom_Mattermose_OR/span_' is clicked on

2021-05-27 16:42:02 - [MESSAGE][PASSED] - Object: 'Object Repository/CreateRoom_Mattermose_OR/span_' is clicked on

2021-05-27 16:42:02 - [TEST_STEP][PASSED] - verifyElementPresent(findTestObject("CreateRoom_Mattermose_OR/span_New Channel"), 0): Object 'Object Repository/CreateRoom_Mattermose_OR/span_New Channel' is present

2021-05-27 16:42:02 - [MESSAGE][WARNING] - Timeout '0' is invalid. Using default page load timeout: '30'

2021-05-27 16:42:03 - [MESSAGE][PASSED] - Object 'Object Repository/CreateRoom_Mattermose_OR/span_New Channel' is present

2021-05-27 16:42:03 - [TEST_STEP][PASSED] - switch (Type): null

2021-05-27 16:42:03 - [TEST_STEP][PASSED] - case "Private":: null

2021-05-27 16:42:03 - [TEST_STEP][PASSED] - click(findTestObject("CreateRoom_Mattermose_OR/input_- Anyone can join this channel_channelType")): Object: 'Object Repository/CreateRoom_Mattermose_OR/input_- Anyone can join this channel_channelType' is clicked on

2021-05-27 16:42:03 - [MESSAGE][PASSED] - Object: 'Object Repository/CreateRoom_Mattermose_OR/input_- Anyone can join this channel_channelType' is clicked on

2021-05-27 16:42:03 - [TEST_STEP][PASSED] - break: null

2021-05-27 16:42:03 - [TEST_STEP][PASSED] - setText(findTestObject("CreateRoom_Mattermose_OR/input_Name_newChannelName"), ChannelName): Text 'Test 456' is set on object 'Object Repository/CreateRoom_Mattermose_OR/input_Name_newChannelName'

2021-05-27 16:42:04 - [MESSAGE][PASSED] - Text 'Test 456' is set on object 'Object Repository/CreateRoom_Mattermose_OR/input_Name_newChannelName'

2021-05-27 16:42:04 - [TEST_STEP][PASSED] - setText(findTestObject("CreateRoom_Mattermose_OR/textarea_(optional)_newChannelPurpose"), Purpose): Text 'Data test 1' is set on object 'Object Repository/CreateRoom_Mattermose_OR/textarea_(optional)_newChannelPurpose'

2021-05-27 16:42:06 - [MESSAGE][PASSED] - Text 'Data test 1' is set on object 'Object Repository/CreateRoom_Mattermose_OR/textarea_(optional)_newChannelPurpose'

2021-05-27 16:42:06 - [TEST_STEP][PASSED] - setText(findTestObject("CreateRoom_Mattermose_OR/textarea_(optional)_newChannelHeader"), Description): Text 'Test Description' is set on object 'Object Repository/CreateRoom_Mattermose_OR/textarea_(optional)_newChannelHeader'

2021-05-27 16:42:07 - [MESSAGE][PASSED] - Text 'Test Description' is set on object 'Object Repository/CreateRoom_Mattermose_OR/textarea_(optional)_newChannelHeader'

2021-05-27 16:42:07 - [TEST_STEP][PASSED] - click(findTestObject("CreateRoom_Mattermose_OR/button_Create Channel")): Object: 'Object Repository/CreateRoom_Mattermose_OR/button_Create Channel' is clicked on

2021-05-27 16:42:07 - [MESSAGE][PASSED] - Object: 'Object Repository/CreateRoom_Mattermose_OR/button_Create Channel' is clicked on

2021-05-27 16:42:07 - [TEST_STEP][PASSED] - if (verifyElementPresent(findTestObject("CreateRoom_Mattermose_OR/p_A channel with that name already exists on the same team"), 0, OPTIONAL)): null

2021-05-27 16:42:07 - [MESSAGE][WARNING] - Timeout '0' is invalid. Using default page load timeout: '30'

2021-05-27 16:42:08 - [MESSAGE][PASSED] - Object 'Object Repository/CreateRoom_Mattermose_OR/p_A channel with that name already exists on the same team' is present

2021-05-27 16:42:08 - [TEST_STEP][PASSED] - closeBrowser(): Browser is closed

2021-05-27 16:42:09 - [MESSAGE][PASSED] - Browser is closed]]></system-out>
         <system-err><![CDATA[]]></system-err>
      </testcase>
      <testcase name="Test Cases/CreateRoom" time="21.418" classname="Test Cases/CreateRoom" status="PASSED">
         <system-out><![CDATA[2021-05-27 16:42:09 - [TEST_CASE][PASSED] - Test Cases/CreateRoom: Test Cases/CreateRoom

2021-05-27 16:42:09 - [TEST_STEP][PASSED] - openBrowser(""): Browser is opened with url: ''

2021-05-27 16:42:09 - [MESSAGE][INFO] - Starting 'Chrome' driver

2021-05-27 16:42:09 - [MESSAGE][INFO] - Action delay is set to 0 milliseconds

2021-05-27 16:42:11 - [MESSAGE][PASSED] - Browser is opened with url: ''

2021-05-27 16:42:11 - [TEST_STEP][PASSED] - navigateToUrl("https://cdnc-group2.herokuapp.com"): Navigate to 'https://cdnc-group2.herokuapp.com' successfully

2021-05-27 16:42:14 - [MESSAGE][PASSED] - Navigate to 'https://cdnc-group2.herokuapp.com' successfully

2021-05-27 16:42:14 - [TEST_STEP][PASSED] - setText(findTestObject("Object Repository/Login_Mattermost_OR/input_All team communication in one place, _dcc84b"), "ngoctin040999@gmail.com"): Text 'ngoctin040999@gmail.com' is set on object 'Object Repository/Login_Mattermost_OR/input_All team communication in one place, _dcc84b'

2021-05-27 16:42:19 - [MESSAGE][PASSED] - Text 'ngoctin040999@gmail.com' is set on object 'Object Repository/Login_Mattermost_OR/input_All team communication in one place, _dcc84b'

2021-05-27 16:42:19 - [TEST_STEP][PASSED] - setText(findTestObject("Object Repository/Login_Mattermost_OR/input_All team communication in one place, _a3edc6"), "ngoctin1"): Text 'ngoctin1' is set on object 'Object Repository/Login_Mattermost_OR/input_All team communication in one place, _a3edc6'

2021-05-27 16:42:20 - [MESSAGE][PASSED] - Text 'ngoctin1' is set on object 'Object Repository/Login_Mattermost_OR/input_All team communication in one place, _a3edc6'

2021-05-27 16:42:20 - [TEST_STEP][PASSED] - click(findTestObject("Object Repository/Login_Mattermost_OR/span_Sign in")): Object: 'Object Repository/Login_Mattermost_OR/span_Sign in' is clicked on

2021-05-27 16:42:21 - [MESSAGE][PASSED] - Object: 'Object Repository/Login_Mattermost_OR/span_Sign in' is clicked on

2021-05-27 16:42:21 - [TEST_STEP][PASSED] - click(findTestObject("CreateRoom_Mattermose_OR/span_")): Object: 'Object Repository/CreateRoom_Mattermose_OR/span_' is clicked on

2021-05-27 16:42:24 - [MESSAGE][PASSED] - Object: 'Object Repository/CreateRoom_Mattermose_OR/span_' is clicked on

2021-05-27 16:42:24 - [TEST_STEP][PASSED] - verifyElementPresent(findTestObject("CreateRoom_Mattermose_OR/span_New Channel"), 0): Object 'Object Repository/CreateRoom_Mattermose_OR/span_New Channel' is present

2021-05-27 16:42:24 - [MESSAGE][WARNING] - Timeout '0' is invalid. Using default page load timeout: '30'

2021-05-27 16:42:25 - [MESSAGE][PASSED] - Object 'Object Repository/CreateRoom_Mattermose_OR/span_New Channel' is present

2021-05-27 16:42:25 - [TEST_STEP][PASSED] - switch (Type): null

2021-05-27 16:42:25 - [TEST_STEP][PASSED] - case "Private":: null

2021-05-27 16:42:25 - [TEST_STEP][PASSED] - click(findTestObject("CreateRoom_Mattermose_OR/input_- Anyone can join this channel_channelType")): Object: 'Object Repository/CreateRoom_Mattermose_OR/input_- Anyone can join this channel_channelType' is clicked on

2021-05-27 16:42:26 - [MESSAGE][PASSED] - Object: 'Object Repository/CreateRoom_Mattermose_OR/input_- Anyone can join this channel_channelType' is clicked on

2021-05-27 16:42:26 - [TEST_STEP][PASSED] - break: null

2021-05-27 16:42:26 - [TEST_STEP][PASSED] - setText(findTestObject("CreateRoom_Mattermose_OR/input_Name_newChannelName"), ChannelName): Text 'Test 4474' is set on object 'Object Repository/CreateRoom_Mattermose_OR/input_Name_newChannelName'

2021-05-27 16:42:26 - [MESSAGE][PASSED] - Text 'Test 4474' is set on object 'Object Repository/CreateRoom_Mattermose_OR/input_Name_newChannelName'

2021-05-27 16:42:26 - [TEST_STEP][PASSED] - setText(findTestObject("CreateRoom_Mattermose_OR/textarea_(optional)_newChannelPurpose"), Purpose): Text 'Data test 1' is set on object 'Object Repository/CreateRoom_Mattermose_OR/textarea_(optional)_newChannelPurpose'

2021-05-27 16:42:27 - [MESSAGE][PASSED] - Text 'Data test 1' is set on object 'Object Repository/CreateRoom_Mattermose_OR/textarea_(optional)_newChannelPurpose'

2021-05-27 16:42:27 - [TEST_STEP][PASSED] - setText(findTestObject("CreateRoom_Mattermose_OR/textarea_(optional)_newChannelHeader"), Description): Text 'Test Description' is set on object 'Object Repository/CreateRoom_Mattermose_OR/textarea_(optional)_newChannelHeader'

2021-05-27 16:42:28 - [MESSAGE][PASSED] - Text 'Test Description' is set on object 'Object Repository/CreateRoom_Mattermose_OR/textarea_(optional)_newChannelHeader'

2021-05-27 16:42:28 - [TEST_STEP][PASSED] - click(findTestObject("CreateRoom_Mattermose_OR/button_Create Channel")): Object: 'Object Repository/CreateRoom_Mattermose_OR/button_Create Channel' is clicked on

2021-05-27 16:42:29 - [MESSAGE][PASSED] - Object: 'Object Repository/CreateRoom_Mattermose_OR/button_Create Channel' is clicked on

2021-05-27 16:42:29 - [TEST_STEP][PASSED] - if (verifyElementPresent(findTestObject("CreateRoom_Mattermose_OR/p_A channel with that name already exists on the same team"), 0, OPTIONAL)): null

2021-05-27 16:42:29 - [MESSAGE][WARNING] - Timeout '0' is invalid. Using default page load timeout: '30'

2021-05-27 16:42:30 - [MESSAGE][PASSED] - Object 'Object Repository/CreateRoom_Mattermose_OR/p_A channel with that name already exists on the same team' is present

2021-05-27 16:42:30 - [TEST_STEP][PASSED] - closeBrowser(): Browser is closed

2021-05-27 16:42:31 - [MESSAGE][PASSED] - Browser is closed]]></system-out>
         <system-err><![CDATA[]]></system-err>
      </testcase>
      <testcase name="Test Cases/CreateRoom" time="20.795" classname="Test Cases/CreateRoom" status="PASSED">
         <system-out><![CDATA[2021-05-27 16:42:31 - [TEST_CASE][PASSED] - Test Cases/CreateRoom: Test Cases/CreateRoom

2021-05-27 16:42:31 - [TEST_STEP][PASSED] - openBrowser(""): Browser is opened with url: ''

2021-05-27 16:42:31 - [MESSAGE][INFO] - Starting 'Chrome' driver

2021-05-27 16:42:31 - [MESSAGE][INFO] - Action delay is set to 0 milliseconds

2021-05-27 16:42:32 - [MESSAGE][PASSED] - Browser is opened with url: ''

2021-05-27 16:42:32 - [TEST_STEP][PASSED] - navigateToUrl("https://cdnc-group2.herokuapp.com"): Navigate to 'https://cdnc-group2.herokuapp.com' successfully

2021-05-27 16:42:36 - [MESSAGE][PASSED] - Navigate to 'https://cdnc-group2.herokuapp.com' successfully

2021-05-27 16:42:36 - [TEST_STEP][PASSED] - setText(findTestObject("Object Repository/Login_Mattermost_OR/input_All team communication in one place, _dcc84b"), "ngoctin040999@gmail.com"): Text 'ngoctin040999@gmail.com' is set on object 'Object Repository/Login_Mattermost_OR/input_All team communication in one place, _dcc84b'

2021-05-27 16:42:41 - [MESSAGE][PASSED] - Text 'ngoctin040999@gmail.com' is set on object 'Object Repository/Login_Mattermost_OR/input_All team communication in one place, _dcc84b'

2021-05-27 16:42:41 - [TEST_STEP][PASSED] - setText(findTestObject("Object Repository/Login_Mattermost_OR/input_All team communication in one place, _a3edc6"), "ngoctin1"): Text 'ngoctin1' is set on object 'Object Repository/Login_Mattermost_OR/input_All team communication in one place, _a3edc6'

2021-05-27 16:42:42 - [MESSAGE][PASSED] - Text 'ngoctin1' is set on object 'Object Repository/Login_Mattermost_OR/input_All team communication in one place, _a3edc6'

2021-05-27 16:42:42 - [TEST_STEP][PASSED] - click(findTestObject("Object Repository/Login_Mattermost_OR/span_Sign in")): Object: 'Object Repository/Login_Mattermost_OR/span_Sign in' is clicked on

2021-05-27 16:42:42 - [MESSAGE][PASSED] - Object: 'Object Repository/Login_Mattermost_OR/span_Sign in' is clicked on

2021-05-27 16:42:42 - [TEST_STEP][PASSED] - click(findTestObject("CreateRoom_Mattermose_OR/span_")): Object: 'Object Repository/CreateRoom_Mattermose_OR/span_' is clicked on

2021-05-27 16:42:45 - [MESSAGE][PASSED] - Object: 'Object Repository/CreateRoom_Mattermose_OR/span_' is clicked on

2021-05-27 16:42:45 - [TEST_STEP][PASSED] - verifyElementPresent(findTestObject("CreateRoom_Mattermose_OR/span_New Channel"), 0): Object 'Object Repository/CreateRoom_Mattermose_OR/span_New Channel' is present

2021-05-27 16:42:46 - [MESSAGE][WARNING] - Timeout '0' is invalid. Using default page load timeout: '30'

2021-05-27 16:42:46 - [MESSAGE][PASSED] - Object 'Object Repository/CreateRoom_Mattermose_OR/span_New Channel' is present

2021-05-27 16:42:46 - [TEST_STEP][PASSED] - switch (Type): null

2021-05-27 16:42:46 - [TEST_STEP][PASSED] - setText(findTestObject("CreateRoom_Mattermose_OR/input_Name_newChannelName"), ChannelName): Text 'Test 111223' is set on object 'Object Repository/CreateRoom_Mattermose_OR/input_Name_newChannelName'

2021-05-27 16:42:47 - [MESSAGE][PASSED] - Text 'Test 111223' is set on object 'Object Repository/CreateRoom_Mattermose_OR/input_Name_newChannelName'

2021-05-27 16:42:47 - [TEST_STEP][PASSED] - setText(findTestObject("CreateRoom_Mattermose_OR/textarea_(optional)_newChannelPurpose"), Purpose): Text 'Data test 2' is set on object 'Object Repository/CreateRoom_Mattermose_OR/textarea_(optional)_newChannelPurpose'

2021-05-27 16:42:48 - [MESSAGE][PASSED] - Text 'Data test 2' is set on object 'Object Repository/CreateRoom_Mattermose_OR/textarea_(optional)_newChannelPurpose'

2021-05-27 16:42:48 - [TEST_STEP][PASSED] - setText(findTestObject("CreateRoom_Mattermose_OR/textarea_(optional)_newChannelHeader"), Description): Text 'Test Description' is set on object 'Object Repository/CreateRoom_Mattermose_OR/textarea_(optional)_newChannelHeader'

2021-05-27 16:42:49 - [MESSAGE][PASSED] - Text 'Test Description' is set on object 'Object Repository/CreateRoom_Mattermose_OR/textarea_(optional)_newChannelHeader'

2021-05-27 16:42:49 - [TEST_STEP][PASSED] - click(findTestObject("CreateRoom_Mattermose_OR/button_Create Channel")): Object: 'Object Repository/CreateRoom_Mattermose_OR/button_Create Channel' is clicked on

2021-05-27 16:42:50 - [MESSAGE][PASSED] - Object: 'Object Repository/CreateRoom_Mattermose_OR/button_Create Channel' is clicked on

2021-05-27 16:42:50 - [TEST_STEP][PASSED] - if (verifyElementPresent(findTestObject("CreateRoom_Mattermose_OR/p_A channel with that name already exists on the same team"), 0, OPTIONAL)): null

2021-05-27 16:42:50 - [MESSAGE][WARNING] - Timeout '0' is invalid. Using default page load timeout: '30'

2021-05-27 16:42:51 - [MESSAGE][PASSED] - Object 'Object Repository/CreateRoom_Mattermose_OR/p_A channel with that name already exists on the same team' is present

2021-05-27 16:42:51 - [TEST_STEP][PASSED] - closeBrowser(): Browser is closed

2021-05-27 16:42:51 - [MESSAGE][PASSED] - Browser is closed]]></system-out>
         <system-err><![CDATA[]]></system-err>
      </testcase>
      <testcase name="Test Cases/CreateRoom" time="20.204" classname="Test Cases/CreateRoom" status="PASSED">
         <system-out><![CDATA[2021-05-27 16:42:52 - [TEST_CASE][PASSED] - Test Cases/CreateRoom: Test Cases/CreateRoom

2021-05-27 16:42:52 - [TEST_STEP][PASSED] - openBrowser(""): Browser is opened with url: ''

2021-05-27 16:42:52 - [MESSAGE][INFO] - Starting 'Chrome' driver

2021-05-27 16:42:52 - [MESSAGE][INFO] - Action delay is set to 0 milliseconds

2021-05-27 16:42:53 - [MESSAGE][PASSED] - Browser is opened with url: ''

2021-05-27 16:42:53 - [TEST_STEP][PASSED] - navigateToUrl("https://cdnc-group2.herokuapp.com"): Navigate to 'https://cdnc-group2.herokuapp.com' successfully

2021-05-27 16:42:56 - [MESSAGE][PASSED] - Navigate to 'https://cdnc-group2.herokuapp.com' successfully

2021-05-27 16:42:56 - [TEST_STEP][PASSED] - setText(findTestObject("Object Repository/Login_Mattermost_OR/input_All team communication in one place, _dcc84b"), "ngoctin040999@gmail.com"): Text 'ngoctin040999@gmail.com' is set on object 'Object Repository/Login_Mattermost_OR/input_All team communication in one place, _dcc84b'

2021-05-27 16:43:02 - [MESSAGE][PASSED] - Text 'ngoctin040999@gmail.com' is set on object 'Object Repository/Login_Mattermost_OR/input_All team communication in one place, _dcc84b'

2021-05-27 16:43:02 - [TEST_STEP][PASSED] - setText(findTestObject("Object Repository/Login_Mattermost_OR/input_All team communication in one place, _a3edc6"), "ngoctin1"): Text 'ngoctin1' is set on object 'Object Repository/Login_Mattermost_OR/input_All team communication in one place, _a3edc6'

2021-05-27 16:43:03 - [MESSAGE][PASSED] - Text 'ngoctin1' is set on object 'Object Repository/Login_Mattermost_OR/input_All team communication in one place, _a3edc6'

2021-05-27 16:43:03 - [TEST_STEP][PASSED] - click(findTestObject("Object Repository/Login_Mattermost_OR/span_Sign in")): Object: 'Object Repository/Login_Mattermost_OR/span_Sign in' is clicked on

2021-05-27 16:43:03 - [MESSAGE][PASSED] - Object: 'Object Repository/Login_Mattermost_OR/span_Sign in' is clicked on

2021-05-27 16:43:03 - [TEST_STEP][PASSED] - click(findTestObject("CreateRoom_Mattermose_OR/span_")): Object: 'Object Repository/CreateRoom_Mattermose_OR/span_' is clicked on

2021-05-27 16:43:06 - [MESSAGE][PASSED] - Object: 'Object Repository/CreateRoom_Mattermose_OR/span_' is clicked on

2021-05-27 16:43:06 - [TEST_STEP][PASSED] - verifyElementPresent(findTestObject("CreateRoom_Mattermose_OR/span_New Channel"), 0): Object 'Object Repository/CreateRoom_Mattermose_OR/span_New Channel' is present

2021-05-27 16:43:06 - [MESSAGE][WARNING] - Timeout '0' is invalid. Using default page load timeout: '30'

2021-05-27 16:43:07 - [MESSAGE][PASSED] - Object 'Object Repository/CreateRoom_Mattermose_OR/span_New Channel' is present

2021-05-27 16:43:07 - [TEST_STEP][PASSED] - switch (Type): null

2021-05-27 16:43:07 - [TEST_STEP][PASSED] - setText(findTestObject("CreateRoom_Mattermose_OR/input_Name_newChannelName"), ChannelName): Text 'Test 111224' is set on object 'Object Repository/CreateRoom_Mattermose_OR/input_Name_newChannelName'

2021-05-27 16:43:07 - [MESSAGE][PASSED] - Text 'Test 111224' is set on object 'Object Repository/CreateRoom_Mattermose_OR/input_Name_newChannelName'

2021-05-27 16:43:07 - [TEST_STEP][PASSED] - setText(findTestObject("CreateRoom_Mattermose_OR/textarea_(optional)_newChannelPurpose"), Purpose): Text 'Data test 3' is set on object 'Object Repository/CreateRoom_Mattermose_OR/textarea_(optional)_newChannelPurpose'

2021-05-27 16:43:08 - [MESSAGE][PASSED] - Text 'Data test 3' is set on object 'Object Repository/CreateRoom_Mattermose_OR/textarea_(optional)_newChannelPurpose'

2021-05-27 16:43:08 - [TEST_STEP][PASSED] - setText(findTestObject("CreateRoom_Mattermose_OR/textarea_(optional)_newChannelHeader"), Description): Text 'Test Description' is set on object 'Object Repository/CreateRoom_Mattermose_OR/textarea_(optional)_newChannelHeader'

2021-05-27 16:43:09 - [MESSAGE][PASSED] - Text 'Test Description' is set on object 'Object Repository/CreateRoom_Mattermose_OR/textarea_(optional)_newChannelHeader'

2021-05-27 16:43:09 - [TEST_STEP][PASSED] - click(findTestObject("CreateRoom_Mattermose_OR/button_Create Channel")): Object: 'Object Repository/CreateRoom_Mattermose_OR/button_Create Channel' is clicked on

2021-05-27 16:43:10 - [MESSAGE][PASSED] - Object: 'Object Repository/CreateRoom_Mattermose_OR/button_Create Channel' is clicked on

2021-05-27 16:43:10 - [TEST_STEP][PASSED] - if (verifyElementPresent(findTestObject("CreateRoom_Mattermose_OR/p_A channel with that name already exists on the same team"), 0, OPTIONAL)): null

2021-05-27 16:43:10 - [MESSAGE][WARNING] - Timeout '0' is invalid. Using default page load timeout: '30'

2021-05-27 16:43:11 - [MESSAGE][PASSED] - Object 'Object Repository/CreateRoom_Mattermose_OR/p_A channel with that name already exists on the same team' is present

2021-05-27 16:43:11 - [TEST_STEP][PASSED] - closeBrowser(): Browser is closed

2021-05-27 16:43:12 - [MESSAGE][PASSED] - Browser is closed]]></system-out>
         <system-err><![CDATA[]]></system-err>
      </testcase>
      <testcase name="Test Cases/CreateRoom" time="21.604" classname="Test Cases/CreateRoom" status="PASSED">
         <system-out><![CDATA[2021-05-27 16:43:12 - [TEST_CASE][PASSED] - Test Cases/CreateRoom: Test Cases/CreateRoom

2021-05-27 16:43:12 - [TEST_STEP][PASSED] - openBrowser(""): Browser is opened with url: ''

2021-05-27 16:43:12 - [MESSAGE][INFO] - Starting 'Chrome' driver

2021-05-27 16:43:12 - [MESSAGE][INFO] - Action delay is set to 0 milliseconds

2021-05-27 16:43:13 - [MESSAGE][PASSED] - Browser is opened with url: ''

2021-05-27 16:43:13 - [TEST_STEP][PASSED] - navigateToUrl("https://cdnc-group2.herokuapp.com"): Navigate to 'https://cdnc-group2.herokuapp.com' successfully

2021-05-27 16:43:17 - [MESSAGE][PASSED] - Navigate to 'https://cdnc-group2.herokuapp.com' successfully

2021-05-27 16:43:17 - [TEST_STEP][PASSED] - setText(findTestObject("Object Repository/Login_Mattermost_OR/input_All team communication in one place, _dcc84b"), "ngoctin040999@gmail.com"): Text 'ngoctin040999@gmail.com' is set on object 'Object Repository/Login_Mattermost_OR/input_All team communication in one place, _dcc84b'

2021-05-27 16:43:23 - [MESSAGE][PASSED] - Text 'ngoctin040999@gmail.com' is set on object 'Object Repository/Login_Mattermost_OR/input_All team communication in one place, _dcc84b'

2021-05-27 16:43:23 - [TEST_STEP][PASSED] - setText(findTestObject("Object Repository/Login_Mattermost_OR/input_All team communication in one place, _a3edc6"), "ngoctin1"): Text 'ngoctin1' is set on object 'Object Repository/Login_Mattermost_OR/input_All team communication in one place, _a3edc6'

2021-05-27 16:43:24 - [MESSAGE][PASSED] - Text 'ngoctin1' is set on object 'Object Repository/Login_Mattermost_OR/input_All team communication in one place, _a3edc6'

2021-05-27 16:43:24 - [TEST_STEP][PASSED] - click(findTestObject("Object Repository/Login_Mattermost_OR/span_Sign in")): Object: 'Object Repository/Login_Mattermost_OR/span_Sign in' is clicked on

2021-05-27 16:43:24 - [MESSAGE][PASSED] - Object: 'Object Repository/Login_Mattermost_OR/span_Sign in' is clicked on

2021-05-27 16:43:24 - [TEST_STEP][PASSED] - click(findTestObject("CreateRoom_Mattermose_OR/span_")): Object: 'Object Repository/CreateRoom_Mattermose_OR/span_' is clicked on

2021-05-27 16:43:27 - [MESSAGE][PASSED] - Object: 'Object Repository/CreateRoom_Mattermose_OR/span_' is clicked on

2021-05-27 16:43:27 - [TEST_STEP][PASSED] - verifyElementPresent(findTestObject("CreateRoom_Mattermose_OR/span_New Channel"), 0): Object 'Object Repository/CreateRoom_Mattermose_OR/span_New Channel' is present

2021-05-27 16:43:27 - [MESSAGE][WARNING] - Timeout '0' is invalid. Using default page load timeout: '30'

2021-05-27 16:43:28 - [MESSAGE][PASSED] - Object 'Object Repository/CreateRoom_Mattermose_OR/span_New Channel' is present

2021-05-27 16:43:28 - [TEST_STEP][PASSED] - switch (Type): null

2021-05-27 16:43:28 - [TEST_STEP][PASSED] - setText(findTestObject("CreateRoom_Mattermose_OR/input_Name_newChannelName"), ChannelName): Text 'Test 111225' is set on object 'Object Repository/CreateRoom_Mattermose_OR/input_Name_newChannelName'

2021-05-27 16:43:29 - [MESSAGE][PASSED] - Text 'Test 111225' is set on object 'Object Repository/CreateRoom_Mattermose_OR/input_Name_newChannelName'

2021-05-27 16:43:29 - [TEST_STEP][PASSED] - setText(findTestObject("CreateRoom_Mattermose_OR/textarea_(optional)_newChannelPurpose"), Purpose): Text 'Data test 4' is set on object 'Object Repository/CreateRoom_Mattermose_OR/textarea_(optional)_newChannelPurpose'

2021-05-27 16:43:30 - [MESSAGE][PASSED] - Text 'Data test 4' is set on object 'Object Repository/CreateRoom_Mattermose_OR/textarea_(optional)_newChannelPurpose'

2021-05-27 16:43:30 - [TEST_STEP][PASSED] - setText(findTestObject("CreateRoom_Mattermose_OR/textarea_(optional)_newChannelHeader"), Description): Text 'Test Description' is set on object 'Object Repository/CreateRoom_Mattermose_OR/textarea_(optional)_newChannelHeader'

2021-05-27 16:43:31 - [MESSAGE][PASSED] - Text 'Test Description' is set on object 'Object Repository/CreateRoom_Mattermose_OR/textarea_(optional)_newChannelHeader'

2021-05-27 16:43:31 - [TEST_STEP][PASSED] - click(findTestObject("CreateRoom_Mattermose_OR/button_Create Channel")): Object: 'Object Repository/CreateRoom_Mattermose_OR/button_Create Channel' is clicked on

2021-05-27 16:43:32 - [MESSAGE][PASSED] - Object: 'Object Repository/CreateRoom_Mattermose_OR/button_Create Channel' is clicked on

2021-05-27 16:43:32 - [TEST_STEP][PASSED] - if (verifyElementPresent(findTestObject("CreateRoom_Mattermose_OR/p_A channel with that name already exists on the same team"), 0, OPTIONAL)): null

2021-05-27 16:43:32 - [MESSAGE][WARNING] - Timeout '0' is invalid. Using default page load timeout: '30'

2021-05-27 16:43:33 - [MESSAGE][PASSED] - Object 'Object Repository/CreateRoom_Mattermose_OR/p_A channel with that name already exists on the same team' is present

2021-05-27 16:43:33 - [TEST_STEP][PASSED] - closeBrowser(): Browser is closed

2021-05-27 16:43:33 - [MESSAGE][PASSED] - Browser is closed]]></system-out>
         <system-err><![CDATA[]]></system-err>
      </testcase>
      <testcase name="Test Cases/CreateRoom" time="20.773" classname="Test Cases/CreateRoom" status="PASSED">
         <system-out><![CDATA[2021-05-27 16:43:33 - [TEST_CASE][PASSED] - Test Cases/CreateRoom: Test Cases/CreateRoom

2021-05-27 16:43:33 - [TEST_STEP][PASSED] - openBrowser(""): Browser is opened with url: ''

2021-05-27 16:43:33 - [MESSAGE][INFO] - Starting 'Chrome' driver

2021-05-27 16:43:33 - [MESSAGE][INFO] - Action delay is set to 0 milliseconds

2021-05-27 16:43:35 - [MESSAGE][PASSED] - Browser is opened with url: ''

2021-05-27 16:43:35 - [TEST_STEP][PASSED] - navigateToUrl("https://cdnc-group2.herokuapp.com"): Navigate to 'https://cdnc-group2.herokuapp.com' successfully

2021-05-27 16:43:38 - [MESSAGE][PASSED] - Navigate to 'https://cdnc-group2.herokuapp.com' successfully

2021-05-27 16:43:38 - [TEST_STEP][PASSED] - setText(findTestObject("Object Repository/Login_Mattermost_OR/input_All team communication in one place, _dcc84b"), "ngoctin040999@gmail.com"): Text 'ngoctin040999@gmail.com' is set on object 'Object Repository/Login_Mattermost_OR/input_All team communication in one place, _dcc84b'

2021-05-27 16:43:44 - [MESSAGE][PASSED] - Text 'ngoctin040999@gmail.com' is set on object 'Object Repository/Login_Mattermost_OR/input_All team communication in one place, _dcc84b'

2021-05-27 16:43:44 - [TEST_STEP][PASSED] - setText(findTestObject("Object Repository/Login_Mattermost_OR/input_All team communication in one place, _a3edc6"), "ngoctin1"): Text 'ngoctin1' is set on object 'Object Repository/Login_Mattermost_OR/input_All team communication in one place, _a3edc6'

2021-05-27 16:43:45 - [MESSAGE][PASSED] - Text 'ngoctin1' is set on object 'Object Repository/Login_Mattermost_OR/input_All team communication in one place, _a3edc6'

2021-05-27 16:43:45 - [TEST_STEP][PASSED] - click(findTestObject("Object Repository/Login_Mattermost_OR/span_Sign in")): Object: 'Object Repository/Login_Mattermost_OR/span_Sign in' is clicked on

2021-05-27 16:43:46 - [MESSAGE][PASSED] - Object: 'Object Repository/Login_Mattermost_OR/span_Sign in' is clicked on

2021-05-27 16:43:46 - [TEST_STEP][PASSED] - click(findTestObject("CreateRoom_Mattermose_OR/span_")): Object: 'Object Repository/CreateRoom_Mattermose_OR/span_' is clicked on

2021-05-27 16:43:49 - [MESSAGE][PASSED] - Object: 'Object Repository/CreateRoom_Mattermose_OR/span_' is clicked on

2021-05-27 16:43:49 - [TEST_STEP][PASSED] - verifyElementPresent(findTestObject("CreateRoom_Mattermose_OR/span_New Channel"), 0): Object 'Object Repository/CreateRoom_Mattermose_OR/span_New Channel' is present

2021-05-27 16:43:49 - [MESSAGE][WARNING] - Timeout '0' is invalid. Using default page load timeout: '30'

2021-05-27 16:43:49 - [MESSAGE][PASSED] - Object 'Object Repository/CreateRoom_Mattermose_OR/span_New Channel' is present

2021-05-27 16:43:49 - [TEST_STEP][PASSED] - switch (Type): null

2021-05-27 16:43:49 - [TEST_STEP][PASSED] - setText(findTestObject("CreateRoom_Mattermose_OR/input_Name_newChannelName"), ChannelName): Text 'Test 111227' is set on object 'Object Repository/CreateRoom_Mattermose_OR/input_Name_newChannelName'

2021-05-27 16:43:50 - [MESSAGE][PASSED] - Text 'Test 111227' is set on object 'Object Repository/CreateRoom_Mattermose_OR/input_Name_newChannelName'

2021-05-27 16:43:50 - [TEST_STEP][PASSED] - setText(findTestObject("CreateRoom_Mattermose_OR/textarea_(optional)_newChannelPurpose"), Purpose): Text 'Data test 5' is set on object 'Object Repository/CreateRoom_Mattermose_OR/textarea_(optional)_newChannelPurpose'

2021-05-27 16:43:51 - [MESSAGE][PASSED] - Text 'Data test 5' is set on object 'Object Repository/CreateRoom_Mattermose_OR/textarea_(optional)_newChannelPurpose'

2021-05-27 16:43:51 - [TEST_STEP][PASSED] - setText(findTestObject("CreateRoom_Mattermose_OR/textarea_(optional)_newChannelHeader"), Description): Text 'Test Description' is set on object 'Object Repository/CreateRoom_Mattermose_OR/textarea_(optional)_newChannelHeader'

2021-05-27 16:43:52 - [MESSAGE][PASSED] - Text 'Test Description' is set on object 'Object Repository/CreateRoom_Mattermose_OR/textarea_(optional)_newChannelHeader'

2021-05-27 16:43:52 - [TEST_STEP][PASSED] - click(findTestObject("CreateRoom_Mattermose_OR/button_Create Channel")): Object: 'Object Repository/CreateRoom_Mattermose_OR/button_Create Channel' is clicked on

2021-05-27 16:43:53 - [MESSAGE][PASSED] - Object: 'Object Repository/CreateRoom_Mattermose_OR/button_Create Channel' is clicked on

2021-05-27 16:43:53 - [TEST_STEP][PASSED] - if (verifyElementPresent(findTestObject("CreateRoom_Mattermose_OR/p_A channel with that name already exists on the same team"), 0, OPTIONAL)): null

2021-05-27 16:43:53 - [MESSAGE][WARNING] - Timeout '0' is invalid. Using default page load timeout: '30'

2021-05-27 16:43:54 - [MESSAGE][PASSED] - Object 'Object Repository/CreateRoom_Mattermose_OR/p_A channel with that name already exists on the same team' is present

2021-05-27 16:43:54 - [TEST_STEP][PASSED] - closeBrowser(): Browser is closed

2021-05-27 16:43:54 - [MESSAGE][PASSED] - Browser is closed]]></system-out>
         <system-err><![CDATA[]]></system-err>
      </testcase>
      <testcase name="Test Cases/CreateRoom" time="21.469" classname="Test Cases/CreateRoom" status="PASSED">
         <system-out><![CDATA[2021-05-27 16:43:54 - [TEST_CASE][PASSED] - Test Cases/CreateRoom: Test Cases/CreateRoom

2021-05-27 16:43:54 - [TEST_STEP][PASSED] - openBrowser(""): Browser is opened with url: ''

2021-05-27 16:43:54 - [MESSAGE][INFO] - Starting 'Chrome' driver

2021-05-27 16:43:54 - [MESSAGE][INFO] - Action delay is set to 0 milliseconds

2021-05-27 16:43:56 - [MESSAGE][PASSED] - Browser is opened with url: ''

2021-05-27 16:43:56 - [TEST_STEP][PASSED] - navigateToUrl("https://cdnc-group2.herokuapp.com"): Navigate to 'https://cdnc-group2.herokuapp.com' successfully

2021-05-27 16:43:59 - [MESSAGE][PASSED] - Navigate to 'https://cdnc-group2.herokuapp.com' successfully

2021-05-27 16:43:59 - [TEST_STEP][PASSED] - setText(findTestObject("Object Repository/Login_Mattermost_OR/input_All team communication in one place, _dcc84b"), "ngoctin040999@gmail.com"): Text 'ngoctin040999@gmail.com' is set on object 'Object Repository/Login_Mattermost_OR/input_All team communication in one place, _dcc84b'

2021-05-27 16:44:04 - [MESSAGE][PASSED] - Text 'ngoctin040999@gmail.com' is set on object 'Object Repository/Login_Mattermost_OR/input_All team communication in one place, _dcc84b'

2021-05-27 16:44:04 - [TEST_STEP][PASSED] - setText(findTestObject("Object Repository/Login_Mattermost_OR/input_All team communication in one place, _a3edc6"), "ngoctin1"): Text 'ngoctin1' is set on object 'Object Repository/Login_Mattermost_OR/input_All team communication in one place, _a3edc6'

2021-05-27 16:44:05 - [MESSAGE][PASSED] - Text 'ngoctin1' is set on object 'Object Repository/Login_Mattermost_OR/input_All team communication in one place, _a3edc6'

2021-05-27 16:44:05 - [TEST_STEP][PASSED] - click(findTestObject("Object Repository/Login_Mattermost_OR/span_Sign in")): Object: 'Object Repository/Login_Mattermost_OR/span_Sign in' is clicked on

2021-05-27 16:44:06 - [MESSAGE][PASSED] - Object: 'Object Repository/Login_Mattermost_OR/span_Sign in' is clicked on

2021-05-27 16:44:06 - [TEST_STEP][PASSED] - click(findTestObject("CreateRoom_Mattermose_OR/span_")): Object: 'Object Repository/CreateRoom_Mattermose_OR/span_' is clicked on

2021-05-27 16:44:09 - [MESSAGE][PASSED] - Object: 'Object Repository/CreateRoom_Mattermose_OR/span_' is clicked on

2021-05-27 16:44:09 - [TEST_STEP][PASSED] - verifyElementPresent(findTestObject("CreateRoom_Mattermose_OR/span_New Channel"), 0): Object 'Object Repository/CreateRoom_Mattermose_OR/span_New Channel' is present

2021-05-27 16:44:09 - [MESSAGE][WARNING] - Timeout '0' is invalid. Using default page load timeout: '30'

2021-05-27 16:44:10 - [MESSAGE][PASSED] - Object 'Object Repository/CreateRoom_Mattermose_OR/span_New Channel' is present

2021-05-27 16:44:10 - [TEST_STEP][PASSED] - switch (Type): null

2021-05-27 16:44:10 - [TEST_STEP][PASSED] - setText(findTestObject("CreateRoom_Mattermose_OR/input_Name_newChannelName"), ChannelName): Text 'Test 111227' is set on object 'Object Repository/CreateRoom_Mattermose_OR/input_Name_newChannelName'

2021-05-27 16:44:11 - [MESSAGE][PASSED] - Text 'Test 111227' is set on object 'Object Repository/CreateRoom_Mattermose_OR/input_Name_newChannelName'

2021-05-27 16:44:11 - [TEST_STEP][PASSED] - setText(findTestObject("CreateRoom_Mattermose_OR/textarea_(optional)_newChannelPurpose"), Purpose): Text 'Data test 6' is set on object 'Object Repository/CreateRoom_Mattermose_OR/textarea_(optional)_newChannelPurpose'

2021-05-27 16:44:13 - [MESSAGE][PASSED] - Text 'Data test 6' is set on object 'Object Repository/CreateRoom_Mattermose_OR/textarea_(optional)_newChannelPurpose'

2021-05-27 16:44:13 - [TEST_STEP][PASSED] - setText(findTestObject("CreateRoom_Mattermose_OR/textarea_(optional)_newChannelHeader"), Description): Text 'Test Description' is set on object 'Object Repository/CreateRoom_Mattermose_OR/textarea_(optional)_newChannelHeader'

2021-05-27 16:44:14 - [MESSAGE][PASSED] - Text 'Test Description' is set on object 'Object Repository/CreateRoom_Mattermose_OR/textarea_(optional)_newChannelHeader'

2021-05-27 16:44:14 - [TEST_STEP][PASSED] - click(findTestObject("CreateRoom_Mattermose_OR/button_Create Channel")): Object: 'Object Repository/CreateRoom_Mattermose_OR/button_Create Channel' is clicked on

2021-05-27 16:44:14 - [MESSAGE][PASSED] - Object: 'Object Repository/CreateRoom_Mattermose_OR/button_Create Channel' is clicked on

2021-05-27 16:44:14 - [TEST_STEP][PASSED] - if (verifyElementPresent(findTestObject("CreateRoom_Mattermose_OR/p_A channel with that name already exists on the same team"), 0, OPTIONAL)): null

2021-05-27 16:44:14 - [MESSAGE][WARNING] - Timeout '0' is invalid. Using default page load timeout: '30'

2021-05-27 16:44:15 - [MESSAGE][PASSED] - Object 'Object Repository/CreateRoom_Mattermose_OR/p_A channel with that name already exists on the same team' is present

2021-05-27 16:44:15 - [TEST_STEP][PASSED] - closeBrowser(): Browser is closed

2021-05-27 16:44:16 - [MESSAGE][PASSED] - Browser is closed]]></system-out>
         <system-err><![CDATA[]]></system-err>
      </testcase>
      <testcase name="Test Cases/CreateRoom" time="21.65" classname="Test Cases/CreateRoom" status="PASSED">
         <system-out><![CDATA[2021-05-27 16:44:16 - [TEST_CASE][PASSED] - Test Cases/CreateRoom: Test Cases/CreateRoom

2021-05-27 16:44:16 - [TEST_STEP][PASSED] - openBrowser(""): Browser is opened with url: ''

2021-05-27 16:44:16 - [MESSAGE][INFO] - Starting 'Chrome' driver

2021-05-27 16:44:16 - [MESSAGE][INFO] - Action delay is set to 0 milliseconds

2021-05-27 16:44:18 - [MESSAGE][PASSED] - Browser is opened with url: ''

2021-05-27 16:44:18 - [TEST_STEP][PASSED] - navigateToUrl("https://cdnc-group2.herokuapp.com"): Navigate to 'https://cdnc-group2.herokuapp.com' successfully

2021-05-27 16:44:21 - [MESSAGE][PASSED] - Navigate to 'https://cdnc-group2.herokuapp.com' successfully

2021-05-27 16:44:21 - [TEST_STEP][PASSED] - setText(findTestObject("Object Repository/Login_Mattermost_OR/input_All team communication in one place, _dcc84b"), "ngoctin040999@gmail.com"): Text 'ngoctin040999@gmail.com' is set on object 'Object Repository/Login_Mattermost_OR/input_All team communication in one place, _dcc84b'

2021-05-27 16:44:26 - [MESSAGE][PASSED] - Text 'ngoctin040999@gmail.com' is set on object 'Object Repository/Login_Mattermost_OR/input_All team communication in one place, _dcc84b'

2021-05-27 16:44:26 - [TEST_STEP][PASSED] - setText(findTestObject("Object Repository/Login_Mattermost_OR/input_All team communication in one place, _a3edc6"), "ngoctin1"): Text 'ngoctin1' is set on object 'Object Repository/Login_Mattermost_OR/input_All team communication in one place, _a3edc6'

2021-05-27 16:44:27 - [MESSAGE][PASSED] - Text 'ngoctin1' is set on object 'Object Repository/Login_Mattermost_OR/input_All team communication in one place, _a3edc6'

2021-05-27 16:44:27 - [TEST_STEP][PASSED] - click(findTestObject("Object Repository/Login_Mattermost_OR/span_Sign in")): Object: 'Object Repository/Login_Mattermost_OR/span_Sign in' is clicked on

2021-05-27 16:44:27 - [MESSAGE][PASSED] - Object: 'Object Repository/Login_Mattermost_OR/span_Sign in' is clicked on

2021-05-27 16:44:27 - [TEST_STEP][PASSED] - click(findTestObject("CreateRoom_Mattermose_OR/span_")): Object: 'Object Repository/CreateRoom_Mattermose_OR/span_' is clicked on

2021-05-27 16:44:30 - [MESSAGE][PASSED] - Object: 'Object Repository/CreateRoom_Mattermose_OR/span_' is clicked on

2021-05-27 16:44:31 - [TEST_STEP][PASSED] - verifyElementPresent(findTestObject("CreateRoom_Mattermose_OR/span_New Channel"), 0): Object 'Object Repository/CreateRoom_Mattermose_OR/span_New Channel' is present

2021-05-27 16:44:31 - [MESSAGE][WARNING] - Timeout '0' is invalid. Using default page load timeout: '30'

2021-05-27 16:44:32 - [MESSAGE][PASSED] - Object 'Object Repository/CreateRoom_Mattermose_OR/span_New Channel' is present

2021-05-27 16:44:32 - [TEST_STEP][PASSED] - switch (Type): null

2021-05-27 16:44:32 - [TEST_STEP][PASSED] - case "Private":: null

2021-05-27 16:44:32 - [TEST_STEP][PASSED] - click(findTestObject("CreateRoom_Mattermose_OR/input_- Anyone can join this channel_channelType")): Object: 'Object Repository/CreateRoom_Mattermose_OR/input_- Anyone can join this channel_channelType' is clicked on

2021-05-27 16:44:32 - [MESSAGE][PASSED] - Object: 'Object Repository/CreateRoom_Mattermose_OR/input_- Anyone can join this channel_channelType' is clicked on

2021-05-27 16:44:32 - [TEST_STEP][PASSED] - break: null

2021-05-27 16:44:32 - [TEST_STEP][PASSED] - setText(findTestObject("CreateRoom_Mattermose_OR/input_Name_newChannelName"), ChannelName): Text 'Test 111227' is set on object 'Object Repository/CreateRoom_Mattermose_OR/input_Name_newChannelName'

2021-05-27 16:44:33 - [MESSAGE][PASSED] - Text 'Test 111227' is set on object 'Object Repository/CreateRoom_Mattermose_OR/input_Name_newChannelName'

2021-05-27 16:44:33 - [TEST_STEP][PASSED] - setText(findTestObject("CreateRoom_Mattermose_OR/textarea_(optional)_newChannelPurpose"), Purpose): Text 'Data test 7' is set on object 'Object Repository/CreateRoom_Mattermose_OR/textarea_(optional)_newChannelPurpose'

2021-05-27 16:44:34 - [MESSAGE][PASSED] - Text 'Data test 7' is set on object 'Object Repository/CreateRoom_Mattermose_OR/textarea_(optional)_newChannelPurpose'

2021-05-27 16:44:34 - [TEST_STEP][PASSED] - setText(findTestObject("CreateRoom_Mattermose_OR/textarea_(optional)_newChannelHeader"), Description): Text 'Test Description' is set on object 'Object Repository/CreateRoom_Mattermose_OR/textarea_(optional)_newChannelHeader'

2021-05-27 16:44:35 - [MESSAGE][PASSED] - Text 'Test Description' is set on object 'Object Repository/CreateRoom_Mattermose_OR/textarea_(optional)_newChannelHeader'

2021-05-27 16:44:35 - [TEST_STEP][PASSED] - click(findTestObject("CreateRoom_Mattermose_OR/button_Create Channel")): Object: 'Object Repository/CreateRoom_Mattermose_OR/button_Create Channel' is clicked on

2021-05-27 16:44:36 - [MESSAGE][PASSED] - Object: 'Object Repository/CreateRoom_Mattermose_OR/button_Create Channel' is clicked on

2021-05-27 16:44:36 - [TEST_STEP][PASSED] - if (verifyElementPresent(findTestObject("CreateRoom_Mattermose_OR/p_A channel with that name already exists on the same team"), 0, OPTIONAL)): null

2021-05-27 16:44:36 - [MESSAGE][WARNING] - Timeout '0' is invalid. Using default page load timeout: '30'

2021-05-27 16:44:37 - [MESSAGE][PASSED] - Object 'Object Repository/CreateRoom_Mattermose_OR/p_A channel with that name already exists on the same team' is present

2021-05-27 16:44:37 - [TEST_STEP][PASSED] - closeBrowser(): Browser is closed

2021-05-27 16:44:37 - [MESSAGE][PASSED] - Browser is closed]]></system-out>
         <system-err><![CDATA[]]></system-err>
      </testcase>
      <testcase name="Test Cases/CreateRoom" time="21.375" classname="Test Cases/CreateRoom" status="PASSED">
         <system-out><![CDATA[2021-05-27 16:44:38 - [TEST_CASE][PASSED] - Test Cases/CreateRoom: Test Cases/CreateRoom

2021-05-27 16:44:38 - [TEST_STEP][PASSED] - openBrowser(""): Browser is opened with url: ''

2021-05-27 16:44:38 - [MESSAGE][INFO] - Starting 'Chrome' driver

2021-05-27 16:44:38 - [MESSAGE][INFO] - Action delay is set to 0 milliseconds

2021-05-27 16:44:39 - [MESSAGE][PASSED] - Browser is opened with url: ''

2021-05-27 16:44:39 - [TEST_STEP][PASSED] - navigateToUrl("https://cdnc-group2.herokuapp.com"): Navigate to 'https://cdnc-group2.herokuapp.com' successfully

2021-05-27 16:44:43 - [MESSAGE][PASSED] - Navigate to 'https://cdnc-group2.herokuapp.com' successfully

2021-05-27 16:44:43 - [TEST_STEP][PASSED] - setText(findTestObject("Object Repository/Login_Mattermost_OR/input_All team communication in one place, _dcc84b"), "ngoctin040999@gmail.com"): Text 'ngoctin040999@gmail.com' is set on object 'Object Repository/Login_Mattermost_OR/input_All team communication in one place, _dcc84b'

2021-05-27 16:44:48 - [MESSAGE][PASSED] - Text 'ngoctin040999@gmail.com' is set on object 'Object Repository/Login_Mattermost_OR/input_All team communication in one place, _dcc84b'

2021-05-27 16:44:48 - [TEST_STEP][PASSED] - setText(findTestObject("Object Repository/Login_Mattermost_OR/input_All team communication in one place, _a3edc6"), "ngoctin1"): Text 'ngoctin1' is set on object 'Object Repository/Login_Mattermost_OR/input_All team communication in one place, _a3edc6'

2021-05-27 16:44:48 - [MESSAGE][PASSED] - Text 'ngoctin1' is set on object 'Object Repository/Login_Mattermost_OR/input_All team communication in one place, _a3edc6'

2021-05-27 16:44:48 - [TEST_STEP][PASSED] - click(findTestObject("Object Repository/Login_Mattermost_OR/span_Sign in")): Object: 'Object Repository/Login_Mattermost_OR/span_Sign in' is clicked on

2021-05-27 16:44:49 - [MESSAGE][PASSED] - Object: 'Object Repository/Login_Mattermost_OR/span_Sign in' is clicked on

2021-05-27 16:44:49 - [TEST_STEP][PASSED] - click(findTestObject("CreateRoom_Mattermose_OR/span_")): Object: 'Object Repository/CreateRoom_Mattermose_OR/span_' is clicked on

2021-05-27 16:44:52 - [MESSAGE][PASSED] - Object: 'Object Repository/CreateRoom_Mattermose_OR/span_' is clicked on

2021-05-27 16:44:52 - [TEST_STEP][PASSED] - verifyElementPresent(findTestObject("CreateRoom_Mattermose_OR/span_New Channel"), 0): Object 'Object Repository/CreateRoom_Mattermose_OR/span_New Channel' is present

2021-05-27 16:44:52 - [MESSAGE][WARNING] - Timeout '0' is invalid. Using default page load timeout: '30'

2021-05-27 16:44:53 - [MESSAGE][PASSED] - Object 'Object Repository/CreateRoom_Mattermose_OR/span_New Channel' is present

2021-05-27 16:44:53 - [TEST_STEP][PASSED] - switch (Type): null

2021-05-27 16:44:53 - [TEST_STEP][PASSED] - case "Private":: null

2021-05-27 16:44:53 - [TEST_STEP][PASSED] - click(findTestObject("CreateRoom_Mattermose_OR/input_- Anyone can join this channel_channelType")): Object: 'Object Repository/CreateRoom_Mattermose_OR/input_- Anyone can join this channel_channelType' is clicked on

2021-05-27 16:44:54 - [MESSAGE][PASSED] - Object: 'Object Repository/CreateRoom_Mattermose_OR/input_- Anyone can join this channel_channelType' is clicked on

2021-05-27 16:44:54 - [TEST_STEP][PASSED] - break: null

2021-05-27 16:44:54 - [TEST_STEP][PASSED] - setText(findTestObject("CreateRoom_Mattermose_OR/input_Name_newChannelName"), ChannelName): Text 'Test 111228' is set on object 'Object Repository/CreateRoom_Mattermose_OR/input_Name_newChannelName'

2021-05-27 16:44:54 - [MESSAGE][PASSED] - Text 'Test 111228' is set on object 'Object Repository/CreateRoom_Mattermose_OR/input_Name_newChannelName'

2021-05-27 16:44:54 - [TEST_STEP][PASSED] - setText(findTestObject("CreateRoom_Mattermose_OR/textarea_(optional)_newChannelPurpose"), Purpose): Text 'Data test 8' is set on object 'Object Repository/CreateRoom_Mattermose_OR/textarea_(optional)_newChannelPurpose'

2021-05-27 16:44:56 - [MESSAGE][PASSED] - Text 'Data test 8' is set on object 'Object Repository/CreateRoom_Mattermose_OR/textarea_(optional)_newChannelPurpose'

2021-05-27 16:44:56 - [TEST_STEP][PASSED] - setText(findTestObject("CreateRoom_Mattermose_OR/textarea_(optional)_newChannelHeader"), Description): Text 'Test Description' is set on object 'Object Repository/CreateRoom_Mattermose_OR/textarea_(optional)_newChannelHeader'

2021-05-27 16:44:57 - [MESSAGE][PASSED] - Text 'Test Description' is set on object 'Object Repository/CreateRoom_Mattermose_OR/textarea_(optional)_newChannelHeader'

2021-05-27 16:44:57 - [TEST_STEP][PASSED] - click(findTestObject("CreateRoom_Mattermose_OR/button_Create Channel")): Object: 'Object Repository/CreateRoom_Mattermose_OR/button_Create Channel' is clicked on

2021-05-27 16:44:57 - [MESSAGE][PASSED] - Object: 'Object Repository/CreateRoom_Mattermose_OR/button_Create Channel' is clicked on

2021-05-27 16:44:57 - [TEST_STEP][PASSED] - if (verifyElementPresent(findTestObject("CreateRoom_Mattermose_OR/p_A channel with that name already exists on the same team"), 0, OPTIONAL)): null

2021-05-27 16:44:57 - [MESSAGE][WARNING] - Timeout '0' is invalid. Using default page load timeout: '30'

2021-05-27 16:44:58 - [MESSAGE][PASSED] - Object 'Object Repository/CreateRoom_Mattermose_OR/p_A channel with that name already exists on the same team' is present

2021-05-27 16:44:58 - [TEST_STEP][PASSED] - closeBrowser(): Browser is closed

2021-05-27 16:44:59 - [MESSAGE][PASSED] - Browser is closed]]></system-out>
         <system-err><![CDATA[]]></system-err>
      </testcase>
      <testcase name="Test Cases/CreateRoom" time="20.983" classname="Test Cases/CreateRoom" status="PASSED">
         <system-out><![CDATA[2021-05-27 16:44:59 - [TEST_CASE][PASSED] - Test Cases/CreateRoom: Test Cases/CreateRoom

2021-05-27 16:44:59 - [TEST_STEP][PASSED] - openBrowser(""): Browser is opened with url: ''

2021-05-27 16:44:59 - [MESSAGE][INFO] - Starting 'Chrome' driver

2021-05-27 16:44:59 - [MESSAGE][INFO] - Action delay is set to 0 milliseconds

2021-05-27 16:45:01 - [MESSAGE][PASSED] - Browser is opened with url: ''

2021-05-27 16:45:01 - [TEST_STEP][PASSED] - navigateToUrl("https://cdnc-group2.herokuapp.com"): Navigate to 'https://cdnc-group2.herokuapp.com' successfully

2021-05-27 16:45:04 - [MESSAGE][PASSED] - Navigate to 'https://cdnc-group2.herokuapp.com' successfully

2021-05-27 16:45:04 - [TEST_STEP][PASSED] - setText(findTestObject("Object Repository/Login_Mattermost_OR/input_All team communication in one place, _dcc84b"), "ngoctin040999@gmail.com"): Text 'ngoctin040999@gmail.com' is set on object 'Object Repository/Login_Mattermost_OR/input_All team communication in one place, _dcc84b'

2021-05-27 16:45:09 - [MESSAGE][PASSED] - Text 'ngoctin040999@gmail.com' is set on object 'Object Repository/Login_Mattermost_OR/input_All team communication in one place, _dcc84b'

2021-05-27 16:45:09 - [TEST_STEP][PASSED] - setText(findTestObject("Object Repository/Login_Mattermost_OR/input_All team communication in one place, _a3edc6"), "ngoctin1"): Text 'ngoctin1' is set on object 'Object Repository/Login_Mattermost_OR/input_All team communication in one place, _a3edc6'

2021-05-27 16:45:10 - [MESSAGE][PASSED] - Text 'ngoctin1' is set on object 'Object Repository/Login_Mattermost_OR/input_All team communication in one place, _a3edc6'

2021-05-27 16:45:10 - [TEST_STEP][PASSED] - click(findTestObject("Object Repository/Login_Mattermost_OR/span_Sign in")): Object: 'Object Repository/Login_Mattermost_OR/span_Sign in' is clicked on

2021-05-27 16:45:10 - [MESSAGE][PASSED] - Object: 'Object Repository/Login_Mattermost_OR/span_Sign in' is clicked on

2021-05-27 16:45:10 - [TEST_STEP][PASSED] - click(findTestObject("CreateRoom_Mattermose_OR/span_")): Object: 'Object Repository/CreateRoom_Mattermose_OR/span_' is clicked on

2021-05-27 16:45:14 - [MESSAGE][PASSED] - Object: 'Object Repository/CreateRoom_Mattermose_OR/span_' is clicked on

2021-05-27 16:45:14 - [TEST_STEP][PASSED] - verifyElementPresent(findTestObject("CreateRoom_Mattermose_OR/span_New Channel"), 0): Object 'Object Repository/CreateRoom_Mattermose_OR/span_New Channel' is present

2021-05-27 16:45:14 - [MESSAGE][WARNING] - Timeout '0' is invalid. Using default page load timeout: '30'

2021-05-27 16:45:15 - [MESSAGE][PASSED] - Object 'Object Repository/CreateRoom_Mattermose_OR/span_New Channel' is present

2021-05-27 16:45:15 - [TEST_STEP][PASSED] - switch (Type): null

2021-05-27 16:45:15 - [TEST_STEP][PASSED] - case "Private":: null

2021-05-27 16:45:15 - [TEST_STEP][PASSED] - click(findTestObject("CreateRoom_Mattermose_OR/input_- Anyone can join this channel_channelType")): Object: 'Object Repository/CreateRoom_Mattermose_OR/input_- Anyone can join this channel_channelType' is clicked on

2021-05-27 16:45:15 - [MESSAGE][PASSED] - Object: 'Object Repository/CreateRoom_Mattermose_OR/input_- Anyone can join this channel_channelType' is clicked on

2021-05-27 16:45:15 - [TEST_STEP][PASSED] - break: null

2021-05-27 16:45:15 - [TEST_STEP][PASSED] - setText(findTestObject("CreateRoom_Mattermose_OR/input_Name_newChannelName"), ChannelName): Text 'Test 111229' is set on object 'Object Repository/CreateRoom_Mattermose_OR/input_Name_newChannelName'

2021-05-27 16:45:16 - [MESSAGE][PASSED] - Text 'Test 111229' is set on object 'Object Repository/CreateRoom_Mattermose_OR/input_Name_newChannelName'

2021-05-27 16:45:16 - [TEST_STEP][PASSED] - setText(findTestObject("CreateRoom_Mattermose_OR/textarea_(optional)_newChannelPurpose"), Purpose): Text 'Data test 9' is set on object 'Object Repository/CreateRoom_Mattermose_OR/textarea_(optional)_newChannelPurpose'

2021-05-27 16:45:17 - [MESSAGE][PASSED] - Text 'Data test 9' is set on object 'Object Repository/CreateRoom_Mattermose_OR/textarea_(optional)_newChannelPurpose'

2021-05-27 16:45:17 - [TEST_STEP][PASSED] - setText(findTestObject("CreateRoom_Mattermose_OR/textarea_(optional)_newChannelHeader"), Description): Text 'Test Description' is set on object 'Object Repository/CreateRoom_Mattermose_OR/textarea_(optional)_newChannelHeader'

2021-05-27 16:45:18 - [MESSAGE][PASSED] - Text 'Test Description' is set on object 'Object Repository/CreateRoom_Mattermose_OR/textarea_(optional)_newChannelHeader'

2021-05-27 16:45:18 - [TEST_STEP][PASSED] - click(findTestObject("CreateRoom_Mattermose_OR/button_Create Channel")): Object: 'Object Repository/CreateRoom_Mattermose_OR/button_Create Channel' is clicked on

2021-05-27 16:45:18 - [MESSAGE][PASSED] - Object: 'Object Repository/CreateRoom_Mattermose_OR/button_Create Channel' is clicked on

2021-05-27 16:45:18 - [TEST_STEP][PASSED] - if (verifyElementPresent(findTestObject("CreateRoom_Mattermose_OR/p_A channel with that name already exists on the same team"), 0, OPTIONAL)): null

2021-05-27 16:45:18 - [MESSAGE][WARNING] - Timeout '0' is invalid. Using default page load timeout: '30'

2021-05-27 16:45:19 - [MESSAGE][PASSED] - Object 'Object Repository/CreateRoom_Mattermose_OR/p_A channel with that name already exists on the same team' is present

2021-05-27 16:45:19 - [TEST_STEP][PASSED] - closeBrowser(): Browser is closed

2021-05-27 16:45:20 - [MESSAGE][PASSED] - Browser is closed]]></system-out>
         <system-err><![CDATA[]]></system-err>
      </testcase>
      <testcase name="Test Cases/CreateRoom" time="22.333" classname="Test Cases/CreateRoom" status="PASSED">
         <system-out><![CDATA[2021-05-27 16:45:20 - [TEST_CASE][PASSED] - Test Cases/CreateRoom: Test Cases/CreateRoom

2021-05-27 16:45:20 - [TEST_STEP][PASSED] - openBrowser(""): Browser is opened with url: ''

2021-05-27 16:45:20 - [MESSAGE][INFO] - Starting 'Chrome' driver

2021-05-27 16:45:20 - [MESSAGE][INFO] - Action delay is set to 0 milliseconds

2021-05-27 16:45:22 - [MESSAGE][PASSED] - Browser is opened with url: ''

2021-05-27 16:45:22 - [TEST_STEP][PASSED] - navigateToUrl("https://cdnc-group2.herokuapp.com"): Navigate to 'https://cdnc-group2.herokuapp.com' successfully

2021-05-27 16:45:26 - [MESSAGE][PASSED] - Navigate to 'https://cdnc-group2.herokuapp.com' successfully

2021-05-27 16:45:26 - [TEST_STEP][PASSED] - setText(findTestObject("Object Repository/Login_Mattermost_OR/input_All team communication in one place, _dcc84b"), "ngoctin040999@gmail.com"): Text 'ngoctin040999@gmail.com' is set on object 'Object Repository/Login_Mattermost_OR/input_All team communication in one place, _dcc84b'

2021-05-27 16:45:31 - [MESSAGE][PASSED] - Text 'ngoctin040999@gmail.com' is set on object 'Object Repository/Login_Mattermost_OR/input_All team communication in one place, _dcc84b'

2021-05-27 16:45:31 - [TEST_STEP][PASSED] - setText(findTestObject("Object Repository/Login_Mattermost_OR/input_All team communication in one place, _a3edc6"), "ngoctin1"): Text 'ngoctin1' is set on object 'Object Repository/Login_Mattermost_OR/input_All team communication in one place, _a3edc6'

2021-05-27 16:45:32 - [MESSAGE][PASSED] - Text 'ngoctin1' is set on object 'Object Repository/Login_Mattermost_OR/input_All team communication in one place, _a3edc6'

2021-05-27 16:45:32 - [TEST_STEP][PASSED] - click(findTestObject("Object Repository/Login_Mattermost_OR/span_Sign in")): Object: 'Object Repository/Login_Mattermost_OR/span_Sign in' is clicked on

2021-05-27 16:45:32 - [MESSAGE][PASSED] - Object: 'Object Repository/Login_Mattermost_OR/span_Sign in' is clicked on

2021-05-27 16:45:32 - [TEST_STEP][PASSED] - click(findTestObject("CreateRoom_Mattermose_OR/span_")): Object: 'Object Repository/CreateRoom_Mattermose_OR/span_' is clicked on

2021-05-27 16:45:36 - [MESSAGE][PASSED] - Object: 'Object Repository/CreateRoom_Mattermose_OR/span_' is clicked on

2021-05-27 16:45:36 - [TEST_STEP][PASSED] - verifyElementPresent(findTestObject("CreateRoom_Mattermose_OR/span_New Channel"), 0): Object 'Object Repository/CreateRoom_Mattermose_OR/span_New Channel' is present

2021-05-27 16:45:36 - [MESSAGE][WARNING] - Timeout '0' is invalid. Using default page load timeout: '30'

2021-05-27 16:45:37 - [MESSAGE][PASSED] - Object 'Object Repository/CreateRoom_Mattermose_OR/span_New Channel' is present

2021-05-27 16:45:37 - [TEST_STEP][PASSED] - switch (Type): null

2021-05-27 16:45:37 - [TEST_STEP][PASSED] - case "Private":: null

2021-05-27 16:45:37 - [TEST_STEP][PASSED] - click(findTestObject("CreateRoom_Mattermose_OR/input_- Anyone can join this channel_channelType")): Object: 'Object Repository/CreateRoom_Mattermose_OR/input_- Anyone can join this channel_channelType' is clicked on

2021-05-27 16:45:37 - [MESSAGE][PASSED] - Object: 'Object Repository/CreateRoom_Mattermose_OR/input_- Anyone can join this channel_channelType' is clicked on

2021-05-27 16:45:37 - [TEST_STEP][PASSED] - break: null

2021-05-27 16:45:37 - [TEST_STEP][PASSED] - setText(findTestObject("CreateRoom_Mattermose_OR/input_Name_newChannelName"), ChannelName): Text 'Test 111230' is set on object 'Object Repository/CreateRoom_Mattermose_OR/input_Name_newChannelName'

2021-05-27 16:45:38 - [MESSAGE][PASSED] - Text 'Test 111230' is set on object 'Object Repository/CreateRoom_Mattermose_OR/input_Name_newChannelName'

2021-05-27 16:45:38 - [TEST_STEP][PASSED] - setText(findTestObject("CreateRoom_Mattermose_OR/textarea_(optional)_newChannelPurpose"), Purpose): Text 'Data test 10' is set on object 'Object Repository/CreateRoom_Mattermose_OR/textarea_(optional)_newChannelPurpose'

2021-05-27 16:45:39 - [MESSAGE][PASSED] - Text 'Data test 10' is set on object 'Object Repository/CreateRoom_Mattermose_OR/textarea_(optional)_newChannelPurpose'

2021-05-27 16:45:39 - [TEST_STEP][PASSED] - setText(findTestObject("CreateRoom_Mattermose_OR/textarea_(optional)_newChannelHeader"), Description): Text 'Test Description' is set on object 'Object Repository/CreateRoom_Mattermose_OR/textarea_(optional)_newChannelHeader'

2021-05-27 16:45:40 - [MESSAGE][PASSED] - Text 'Test Description' is set on object 'Object Repository/CreateRoom_Mattermose_OR/textarea_(optional)_newChannelHeader'

2021-05-27 16:45:40 - [TEST_STEP][PASSED] - click(findTestObject("CreateRoom_Mattermose_OR/button_Create Channel")): Object: 'Object Repository/CreateRoom_Mattermose_OR/button_Create Channel' is clicked on

2021-05-27 16:45:41 - [MESSAGE][PASSED] - Object: 'Object Repository/CreateRoom_Mattermose_OR/button_Create Channel' is clicked on

2021-05-27 16:45:41 - [TEST_STEP][PASSED] - if (verifyElementPresent(findTestObject("CreateRoom_Mattermose_OR/p_A channel with that name already exists on the same team"), 0, OPTIONAL)): null

2021-05-27 16:45:41 - [MESSAGE][WARNING] - Timeout '0' is invalid. Using default page load timeout: '30'

2021-05-27 16:45:42 - [MESSAGE][PASSED] - Object 'Object Repository/CreateRoom_Mattermose_OR/p_A channel with that name already exists on the same team' is present

2021-05-27 16:45:42 - [TEST_STEP][PASSED] - closeBrowser(): Browser is closed

2021-05-27 16:45:42 - [MESSAGE][PASSED] - Browser is closed]]></system-out>
         <system-err><![CDATA[]]></system-err>
      </testcase>
      <testcase name="Test Cases/Chat" time="126.465" classname="Test Cases/Chat" status="PASSED">
         <system-out><![CDATA[2021-05-27 16:45:42 - [TEST_CASE][PASSED] - Test Cases/Chat: Test Cases/Chat

2021-05-27 16:45:43 - [TEST_STEP][PASSED] - openBrowser(""): Browser is opened with url: ''

2021-05-27 16:45:43 - [MESSAGE][INFO] - Starting 'Chrome' driver

2021-05-27 16:45:43 - [MESSAGE][INFO] - Action delay is set to 0 milliseconds

2021-05-27 16:45:44 - [MESSAGE][PASSED] - Browser is opened with url: ''

2021-05-27 16:45:44 - [TEST_STEP][PASSED] - navigateToUrl("https://cdnc-group2.herokuapp.com/"): Navigate to 'https://cdnc-group2.herokuapp.com/' successfully

2021-05-27 16:45:48 - [MESSAGE][PASSED] - Navigate to 'https://cdnc-group2.herokuapp.com/' successfully

2021-05-27 16:45:48 - [TEST_STEP][PASSED] - setText(findTestObject("Object Repository/Chat_Mattermose_OR/Page_Mattermost/input_All team communication in one place, _dcc84b"), "ngoctin040999@gmail.com"): Text 'ngoctin040999@gmail.com' is set on object 'Object Repository/Chat_Mattermose_OR/Page_Mattermost/input_All team communication in one place, _dcc84b'

2021-05-27 16:45:53 - [MESSAGE][PASSED] - Text 'ngoctin040999@gmail.com' is set on object 'Object Repository/Chat_Mattermose_OR/Page_Mattermost/input_All team communication in one place, _dcc84b'

2021-05-27 16:45:53 - [TEST_STEP][PASSED] - setEncryptedText(findTestObject("Object Repository/Chat_Mattermose_OR/Page_Mattermost/input_All team communication in one place, _a3edc6"), "S8w1SJvl7D1hts9IdMV+NQ=="): Text ****** has been set on object 'Object Repository/Chat_Mattermose_OR/Page_Mattermost/input_All team communication in one place, _a3edc6'

2021-05-27 16:45:54 - [MESSAGE][PASSED] - Text ****** has been set on object 'Object Repository/Chat_Mattermose_OR/Page_Mattermost/input_All team communication in one place, _a3edc6'

2021-05-27 16:45:54 - [TEST_STEP][PASSED] - sendKeys(findTestObject("Object Repository/Chat_Mattermose_OR/Page_Mattermost/input_All team communication in one place, _a3edc6"), Keys.chord(ENTER)): Keys 'ENTER + ' sent to object: 'Object Repository/Chat_Mattermose_OR/Page_Mattermost/input_All team communication in one place, _a3edc6'

2021-05-27 16:45:54 - [MESSAGE][PASSED] - Keys 'ENTER + ' sent to object: 'Object Repository/Chat_Mattermose_OR/Page_Mattermost/input_All team communication in one place, _a3edc6'

2021-05-27 16:45:54 - [TEST_STEP][PASSED] - click(findTestObject("Object Repository/Chat_Mattermose_OR/Page_Town Square - TOKEN Mattermost/span_Test 77777")): Object: 'Object Repository/Chat_Mattermose_OR/Page_Town Square - TOKEN Mattermost/span_Test 77777' is clicked on

2021-05-27 16:46:25 - [MESSAGE][INFO] - Unable to find the element located by 'By.xpath: //a[@id='sidebarItem_test-77777']/span[2]/span'. Please recheck the objects properties to make sure the desired element is located. 

2021-05-27 16:46:25 - [MESSAGE][WARNING] - [SELF-HEALING] Failed to find element with id 'Object Repository/Chat_Mattermose_OR/Page_Town Square - TOKEN Mattermost/span_Test 77777'. Try using Self-healing.

2021-05-27 16:46:26 - [MESSAGE][WARNING] - [SELF-HEALING] The current locator of test object 'Object Repository/Chat_Mattermose_OR/Page_Town Square - TOKEN Mattermost/span_Test 77777' was broken. Propose an alternative one: '(.//*[normalize-space(text()) and normalize-space(.)='Test 111223'])[1]/preceding::span[2]'.

2021-05-27 16:46:26 - [MESSAGE][PASSED] - Object: 'Object Repository/Chat_Mattermose_OR/Page_Town Square - TOKEN Mattermost/span_Test 77777' is clicked on

2021-05-27 16:46:26 - [TEST_STEP][PASSED] - data = chatMessagePackage.ChatMessageDataTest.findChatTestMessage("D:\graduating-project\advanced-subject-in-technology-software\katalon\DataTest\ChatMessageDataTest.csv"): chatMessagePackage.ChatMessageDataTest.findChatTestMessage is PASSED

2021-05-27 16:46:26 - [MESSAGE][PASSED] - chatMessagePackage.ChatMessageDataTest.findChatTestMessage is PASSED

2021-05-27 16:46:26 - [TEST_STEP][PASSED] - for ([rowNum = 0, rowNum < data.size(), (rowNum++)]): Keys 'ENTER + ' sent to object: 'Object Repository/Chat_Mattermose_OR/Page_Test 77777 - TOKEN Mattermost/textarea_1'

2021-05-27 16:46:26 - [TEST_STEP][PASSED] - setText(findTestObject("Object Repository/Chat_Mattermose_OR/Page_Test 77777 - TOKEN Mattermost/textarea_1"), data.get(rowNum)): Text 'Message' is set on object 'Object Repository/Chat_Mattermose_OR/Page_Test 77777 - TOKEN Mattermost/textarea_1'

2021-05-27 16:46:28 - [MESSAGE][PASSED] - Text 'Message' is set on object 'Object Repository/Chat_Mattermose_OR/Page_Test 77777 - TOKEN Mattermost/textarea_1'

2021-05-27 16:46:28 - [TEST_STEP][PASSED] - sendKeys(findTestObject("Object Repository/Chat_Mattermose_OR/Page_Test 77777 - TOKEN Mattermost/textarea_1"), Keys.chord(ENTER)): Keys 'ENTER + ' sent to object: 'Object Repository/Chat_Mattermose_OR/Page_Test 77777 - TOKEN Mattermost/textarea_1'

2021-05-27 16:46:29 - [MESSAGE][PASSED] - Keys 'ENTER + ' sent to object: 'Object Repository/Chat_Mattermose_OR/Page_Test 77777 - TOKEN Mattermost/textarea_1'

2021-05-27 16:46:29 - [TEST_STEP][PASSED] - setText(findTestObject("Object Repository/Chat_Mattermose_OR/Page_Test 77777 - TOKEN Mattermost/textarea_1"), data.get(rowNum)): Text 'Test message 1' is set on object 'Object Repository/Chat_Mattermose_OR/Page_Test 77777 - TOKEN Mattermost/textarea_1'

2021-05-27 16:46:30 - [MESSAGE][PASSED] - Text 'Test message 1' is set on object 'Object Repository/Chat_Mattermose_OR/Page_Test 77777 - TOKEN Mattermost/textarea_1'

2021-05-27 16:46:30 - [TEST_STEP][PASSED] - sendKeys(findTestObject("Object Repository/Chat_Mattermose_OR/Page_Test 77777 - TOKEN Mattermost/textarea_1"), Keys.chord(ENTER)): Keys 'ENTER + ' sent to object: 'Object Repository/Chat_Mattermose_OR/Page_Test 77777 - TOKEN Mattermost/textarea_1'

2021-05-27 16:46:31 - [MESSAGE][PASSED] - Keys 'ENTER + ' sent to object: 'Object Repository/Chat_Mattermose_OR/Page_Test 77777 - TOKEN Mattermost/textarea_1'

2021-05-27 16:46:31 - [TEST_STEP][PASSED] - setText(findTestObject("Object Repository/Chat_Mattermose_OR/Page_Test 77777 - TOKEN Mattermost/textarea_1"), data.get(rowNum)): Text 'Test message 2' is set on object 'Object Repository/Chat_Mattermose_OR/Page_Test 77777 - TOKEN Mattermost/textarea_1'

2021-05-27 16:46:32 - [MESSAGE][PASSED] - Text 'Test message 2' is set on object 'Object Repository/Chat_Mattermose_OR/Page_Test 77777 - TOKEN Mattermost/textarea_1'

2021-05-27 16:46:32 - [TEST_STEP][PASSED] - sendKeys(findTestObject("Object Repository/Chat_Mattermose_OR/Page_Test 77777 - TOKEN Mattermost/textarea_1"), Keys.chord(ENTER)): Keys 'ENTER + ' sent to object: 'Object Repository/Chat_Mattermose_OR/Page_Test 77777 - TOKEN Mattermost/textarea_1'

2021-05-27 16:46:33 - [MESSAGE][PASSED] - Keys 'ENTER + ' sent to object: 'Object Repository/Chat_Mattermose_OR/Page_Test 77777 - TOKEN Mattermost/textarea_1'

2021-05-27 16:46:33 - [TEST_STEP][PASSED] - setText(findTestObject("Object Repository/Chat_Mattermose_OR/Page_Test 77777 - TOKEN Mattermost/textarea_1"), data.get(rowNum)): Text 'Test message 3' is set on object 'Object Repository/Chat_Mattermose_OR/Page_Test 77777 - TOKEN Mattermost/textarea_1'

2021-05-27 16:46:35 - [MESSAGE][PASSED] - Text 'Test message 3' is set on object 'Object Repository/Chat_Mattermose_OR/Page_Test 77777 - TOKEN Mattermost/textarea_1'

2021-05-27 16:46:35 - [TEST_STEP][PASSED] - sendKeys(findTestObject("Object Repository/Chat_Mattermose_OR/Page_Test 77777 - TOKEN Mattermost/textarea_1"), Keys.chord(ENTER)): Keys 'ENTER + ' sent to object: 'Object Repository/Chat_Mattermose_OR/Page_Test 77777 - TOKEN Mattermost/textarea_1'

2021-05-27 16:46:35 - [MESSAGE][PASSED] - Keys 'ENTER + ' sent to object: 'Object Repository/Chat_Mattermose_OR/Page_Test 77777 - TOKEN Mattermost/textarea_1'

2021-05-27 16:46:35 - [TEST_STEP][PASSED] - setText(findTestObject("Object Repository/Chat_Mattermose_OR/Page_Test 77777 - TOKEN Mattermost/textarea_1"), data.get(rowNum)): Text 'Test message 4' is set on object 'Object Repository/Chat_Mattermose_OR/Page_Test 77777 - TOKEN Mattermost/textarea_1'

2021-05-27 16:46:37 - [MESSAGE][PASSED] - Text 'Test message 4' is set on object 'Object Repository/Chat_Mattermose_OR/Page_Test 77777 - TOKEN Mattermost/textarea_1'

2021-05-27 16:46:37 - [TEST_STEP][PASSED] - sendKeys(findTestObject("Object Repository/Chat_Mattermose_OR/Page_Test 77777 - TOKEN Mattermost/textarea_1"), Keys.chord(ENTER)): Keys 'ENTER + ' sent to object: 'Object Repository/Chat_Mattermose_OR/Page_Test 77777 - TOKEN Mattermost/textarea_1'

2021-05-27 16:46:38 - [MESSAGE][PASSED] - Keys 'ENTER + ' sent to object: 'Object Repository/Chat_Mattermose_OR/Page_Test 77777 - TOKEN Mattermost/textarea_1'

2021-05-27 16:46:38 - [TEST_STEP][PASSED] - setText(findTestObject("Object Repository/Chat_Mattermose_OR/Page_Test 77777 - TOKEN Mattermost/textarea_1"), data.get(rowNum)): Text 'Test message 5' is set on object 'Object Repository/Chat_Mattermose_OR/Page_Test 77777 - TOKEN Mattermost/textarea_1'

2021-05-27 16:46:40 - [MESSAGE][PASSED] - Text 'Test message 5' is set on object 'Object Repository/Chat_Mattermose_OR/Page_Test 77777 - TOKEN Mattermost/textarea_1'

2021-05-27 16:46:40 - [TEST_STEP][PASSED] - sendKeys(findTestObject("Object Repository/Chat_Mattermose_OR/Page_Test 77777 - TOKEN Mattermost/textarea_1"), Keys.chord(ENTER)): Keys 'ENTER + ' sent to object: 'Object Repository/Chat_Mattermose_OR/Page_Test 77777 - TOKEN Mattermost/textarea_1'

2021-05-27 16:46:41 - [MESSAGE][PASSED] - Keys 'ENTER + ' sent to object: 'Object Repository/Chat_Mattermose_OR/Page_Test 77777 - TOKEN Mattermost/textarea_1'

2021-05-27 16:46:41 - [TEST_STEP][PASSED] - setText(findTestObject("Object Repository/Chat_Mattermose_OR/Page_Test 77777 - TOKEN Mattermost/textarea_1"), data.get(rowNum)): Text 'Test message 6' is set on object 'Object Repository/Chat_Mattermose_OR/Page_Test 77777 - TOKEN Mattermost/textarea_1'

2021-05-27 16:46:43 - [MESSAGE][PASSED] - Text 'Test message 6' is set on object 'Object Repository/Chat_Mattermose_OR/Page_Test 77777 - TOKEN Mattermost/textarea_1'

2021-05-27 16:46:43 - [TEST_STEP][PASSED] - sendKeys(findTestObject("Object Repository/Chat_Mattermose_OR/Page_Test 77777 - TOKEN Mattermost/textarea_1"), Keys.chord(ENTER)): Keys 'ENTER + ' sent to object: 'Object Repository/Chat_Mattermose_OR/Page_Test 77777 - TOKEN Mattermost/textarea_1'

2021-05-27 16:46:44 - [MESSAGE][PASSED] - Keys 'ENTER + ' sent to object: 'Object Repository/Chat_Mattermose_OR/Page_Test 77777 - TOKEN Mattermost/textarea_1'

2021-05-27 16:46:44 - [TEST_STEP][PASSED] - setText(findTestObject("Object Repository/Chat_Mattermose_OR/Page_Test 77777 - TOKEN Mattermost/textarea_1"), data.get(rowNum)): Text 'Test message 7' is set on object 'Object Repository/Chat_Mattermose_OR/Page_Test 77777 - TOKEN Mattermost/textarea_1'

2021-05-27 16:46:46 - [MESSAGE][PASSED] - Text 'Test message 7' is set on object 'Object Repository/Chat_Mattermose_OR/Page_Test 77777 - TOKEN Mattermost/textarea_1'

2021-05-27 16:46:46 - [TEST_STEP][PASSED] - sendKeys(findTestObject("Object Repository/Chat_Mattermose_OR/Page_Test 77777 - TOKEN Mattermost/textarea_1"), Keys.chord(ENTER)): Keys 'ENTER + ' sent to object: 'Object Repository/Chat_Mattermose_OR/Page_Test 77777 - TOKEN Mattermost/textarea_1'

2021-05-27 16:46:49 - [MESSAGE][PASSED] - Keys 'ENTER + ' sent to object: 'Object Repository/Chat_Mattermose_OR/Page_Test 77777 - TOKEN Mattermost/textarea_1'

2021-05-27 16:46:49 - [TEST_STEP][PASSED] - setText(findTestObject("Object Repository/Chat_Mattermose_OR/Page_Test 77777 - TOKEN Mattermost/textarea_1"), data.get(rowNum)): Text 'Test message 8' is set on object 'Object Repository/Chat_Mattermose_OR/Page_Test 77777 - TOKEN Mattermost/textarea_1'

2021-05-27 16:46:53 - [MESSAGE][PASSED] - Text 'Test message 8' is set on object 'Object Repository/Chat_Mattermose_OR/Page_Test 77777 - TOKEN Mattermost/textarea_1'

2021-05-27 16:46:53 - [TEST_STEP][PASSED] - sendKeys(findTestObject("Object Repository/Chat_Mattermose_OR/Page_Test 77777 - TOKEN Mattermost/textarea_1"), Keys.chord(ENTER)): Keys 'ENTER + ' sent to object: 'Object Repository/Chat_Mattermose_OR/Page_Test 77777 - TOKEN Mattermost/textarea_1'

2021-05-27 16:46:53 - [MESSAGE][PASSED] - Keys 'ENTER + ' sent to object: 'Object Repository/Chat_Mattermose_OR/Page_Test 77777 - TOKEN Mattermost/textarea_1'

2021-05-27 16:46:53 - [TEST_STEP][PASSED] - setText(findTestObject("Object Repository/Chat_Mattermose_OR/Page_Test 77777 - TOKEN Mattermost/textarea_1"), data.get(rowNum)): Text 'Test message 9' is set on object 'Object Repository/Chat_Mattermose_OR/Page_Test 77777 - TOKEN Mattermost/textarea_1'

2021-05-27 16:46:55 - [MESSAGE][PASSED] - Text 'Test message 9' is set on object 'Object Repository/Chat_Mattermose_OR/Page_Test 77777 - TOKEN Mattermost/textarea_1'

2021-05-27 16:46:55 - [TEST_STEP][PASSED] - sendKeys(findTestObject("Object Repository/Chat_Mattermose_OR/Page_Test 77777 - TOKEN Mattermost/textarea_1"), Keys.chord(ENTER)): Keys 'ENTER + ' sent to object: 'Object Repository/Chat_Mattermose_OR/Page_Test 77777 - TOKEN Mattermost/textarea_1'

2021-05-27 16:46:56 - [MESSAGE][PASSED] - Keys 'ENTER + ' sent to object: 'Object Repository/Chat_Mattermose_OR/Page_Test 77777 - TOKEN Mattermost/textarea_1'

2021-05-27 16:46:56 - [TEST_STEP][PASSED] - setText(findTestObject("Object Repository/Chat_Mattermose_OR/Page_Test 77777 - TOKEN Mattermost/textarea_1"), data.get(rowNum)): Text 'Test message 10' is set on object 'Object Repository/Chat_Mattermose_OR/Page_Test 77777 - TOKEN Mattermost/textarea_1'

2021-05-27 16:46:58 - [MESSAGE][PASSED] - Text 'Test message 10' is set on object 'Object Repository/Chat_Mattermose_OR/Page_Test 77777 - TOKEN Mattermost/textarea_1'

2021-05-27 16:46:58 - [TEST_STEP][PASSED] - sendKeys(findTestObject("Object Repository/Chat_Mattermose_OR/Page_Test 77777 - TOKEN Mattermost/textarea_1"), Keys.chord(ENTER)): Keys 'ENTER + ' sent to object: 'Object Repository/Chat_Mattermose_OR/Page_Test 77777 - TOKEN Mattermost/textarea_1'

2021-05-27 16:46:58 - [MESSAGE][PASSED] - Keys 'ENTER + ' sent to object: 'Object Repository/Chat_Mattermose_OR/Page_Test 77777 - TOKEN Mattermost/textarea_1'

2021-05-27 16:46:58 - [TEST_STEP][PASSED] - setText(findTestObject("Object Repository/Chat_Mattermose_OR/Page_Test 77777 - TOKEN Mattermost/textarea_1"), data.get(rowNum)): Text 'Test message 11' is set on object 'Object Repository/Chat_Mattermose_OR/Page_Test 77777 - TOKEN Mattermost/textarea_1'

2021-05-27 16:47:00 - [MESSAGE][PASSED] - Text 'Test message 11' is set on object 'Object Repository/Chat_Mattermose_OR/Page_Test 77777 - TOKEN Mattermost/textarea_1'

2021-05-27 16:47:00 - [TEST_STEP][PASSED] - sendKeys(findTestObject("Object Repository/Chat_Mattermose_OR/Page_Test 77777 - TOKEN Mattermost/textarea_1"), Keys.chord(ENTER)): Keys 'ENTER + ' sent to object: 'Object Repository/Chat_Mattermose_OR/Page_Test 77777 - TOKEN Mattermost/textarea_1'

2021-05-27 16:47:00 - [MESSAGE][PASSED] - Keys 'ENTER + ' sent to object: 'Object Repository/Chat_Mattermose_OR/Page_Test 77777 - TOKEN Mattermost/textarea_1'

2021-05-27 16:47:00 - [TEST_STEP][PASSED] - setText(findTestObject("Object Repository/Chat_Mattermose_OR/Page_Test 77777 - TOKEN Mattermost/textarea_1"), data.get(rowNum)): Text 'Test message 12' is set on object 'Object Repository/Chat_Mattermose_OR/Page_Test 77777 - TOKEN Mattermost/textarea_1'

2021-05-27 16:47:02 - [MESSAGE][PASSED] - Text 'Test message 12' is set on object 'Object Repository/Chat_Mattermose_OR/Page_Test 77777 - TOKEN Mattermost/textarea_1'

2021-05-27 16:47:02 - [TEST_STEP][PASSED] - sendKeys(findTestObject("Object Repository/Chat_Mattermose_OR/Page_Test 77777 - TOKEN Mattermost/textarea_1"), Keys.chord(ENTER)): Keys 'ENTER + ' sent to object: 'Object Repository/Chat_Mattermose_OR/Page_Test 77777 - TOKEN Mattermost/textarea_1'

2021-05-27 16:47:03 - [MESSAGE][PASSED] - Keys 'ENTER + ' sent to object: 'Object Repository/Chat_Mattermose_OR/Page_Test 77777 - TOKEN Mattermost/textarea_1'

2021-05-27 16:47:03 - [TEST_STEP][PASSED] - setText(findTestObject("Object Repository/Chat_Mattermose_OR/Page_Test 77777 - TOKEN Mattermost/textarea_1"), data.get(rowNum)): Text 'Test message 13' is set on object 'Object Repository/Chat_Mattermose_OR/Page_Test 77777 - TOKEN Mattermost/textarea_1'

2021-05-27 16:47:04 - [MESSAGE][PASSED] - Text 'Test message 13' is set on object 'Object Repository/Chat_Mattermose_OR/Page_Test 77777 - TOKEN Mattermost/textarea_1'

2021-05-27 16:47:04 - [TEST_STEP][PASSED] - sendKeys(findTestObject("Object Repository/Chat_Mattermose_OR/Page_Test 77777 - TOKEN Mattermost/textarea_1"), Keys.chord(ENTER)): Keys 'ENTER + ' sent to object: 'Object Repository/Chat_Mattermose_OR/Page_Test 77777 - TOKEN Mattermost/textarea_1'

2021-05-27 16:47:05 - [MESSAGE][PASSED] - Keys 'ENTER + ' sent to object: 'Object Repository/Chat_Mattermose_OR/Page_Test 77777 - TOKEN Mattermost/textarea_1'

2021-05-27 16:47:05 - [TEST_STEP][PASSED] - setText(findTestObject("Object Repository/Chat_Mattermose_OR/Page_Test 77777 - TOKEN Mattermost/textarea_1"), data.get(rowNum)): Text 'Test message 14' is set on object 'Object Repository/Chat_Mattermose_OR/Page_Test 77777 - TOKEN Mattermost/textarea_1'

2021-05-27 16:47:07 - [MESSAGE][PASSED] - Text 'Test message 14' is set on object 'Object Repository/Chat_Mattermose_OR/Page_Test 77777 - TOKEN Mattermost/textarea_1'

2021-05-27 16:47:07 - [TEST_STEP][PASSED] - sendKeys(findTestObject("Object Repository/Chat_Mattermose_OR/Page_Test 77777 - TOKEN Mattermost/textarea_1"), Keys.chord(ENTER)): Keys 'ENTER + ' sent to object: 'Object Repository/Chat_Mattermose_OR/Page_Test 77777 - TOKEN Mattermost/textarea_1'

2021-05-27 16:47:07 - [MESSAGE][PASSED] - Keys 'ENTER + ' sent to object: 'Object Repository/Chat_Mattermose_OR/Page_Test 77777 - TOKEN Mattermost/textarea_1'

2021-05-27 16:47:07 - [TEST_STEP][PASSED] - setText(findTestObject("Object Repository/Chat_Mattermose_OR/Page_Test 77777 - TOKEN Mattermost/textarea_1"), data.get(rowNum)): Text 'Test message 15' is set on object 'Object Repository/Chat_Mattermose_OR/Page_Test 77777 - TOKEN Mattermost/textarea_1'

2021-05-27 16:47:09 - [MESSAGE][PASSED] - Text 'Test message 15' is set on object 'Object Repository/Chat_Mattermose_OR/Page_Test 77777 - TOKEN Mattermost/textarea_1'

2021-05-27 16:47:09 - [TEST_STEP][PASSED] - sendKeys(findTestObject("Object Repository/Chat_Mattermose_OR/Page_Test 77777 - TOKEN Mattermost/textarea_1"), Keys.chord(ENTER)): Keys 'ENTER + ' sent to object: 'Object Repository/Chat_Mattermose_OR/Page_Test 77777 - TOKEN Mattermost/textarea_1'

2021-05-27 16:47:09 - [MESSAGE][PASSED] - Keys 'ENTER + ' sent to object: 'Object Repository/Chat_Mattermose_OR/Page_Test 77777 - TOKEN Mattermost/textarea_1'

2021-05-27 16:47:09 - [TEST_STEP][PASSED] - setText(findTestObject("Object Repository/Chat_Mattermose_OR/Page_Test 77777 - TOKEN Mattermost/textarea_1"), data.get(rowNum)): Text 'Test message 16' is set on object 'Object Repository/Chat_Mattermose_OR/Page_Test 77777 - TOKEN Mattermost/textarea_1'

2021-05-27 16:47:11 - [MESSAGE][PASSED] - Text 'Test message 16' is set on object 'Object Repository/Chat_Mattermose_OR/Page_Test 77777 - TOKEN Mattermost/textarea_1'

2021-05-27 16:47:11 - [TEST_STEP][PASSED] - sendKeys(findTestObject("Object Repository/Chat_Mattermose_OR/Page_Test 77777 - TOKEN Mattermost/textarea_1"), Keys.chord(ENTER)): Keys 'ENTER + ' sent to object: 'Object Repository/Chat_Mattermose_OR/Page_Test 77777 - TOKEN Mattermost/textarea_1'

2021-05-27 16:47:12 - [MESSAGE][PASSED] - Keys 'ENTER + ' sent to object: 'Object Repository/Chat_Mattermose_OR/Page_Test 77777 - TOKEN Mattermost/textarea_1'

2021-05-27 16:47:12 - [TEST_STEP][PASSED] - setText(findTestObject("Object Repository/Chat_Mattermose_OR/Page_Test 77777 - TOKEN Mattermost/textarea_1"), data.get(rowNum)): Text 'Test message 17' is set on object 'Object Repository/Chat_Mattermose_OR/Page_Test 77777 - TOKEN Mattermost/textarea_1'

2021-05-27 16:47:13 - [MESSAGE][PASSED] - Text 'Test message 17' is set on object 'Object Repository/Chat_Mattermose_OR/Page_Test 77777 - TOKEN Mattermost/textarea_1'

2021-05-27 16:47:13 - [TEST_STEP][PASSED] - sendKeys(findTestObject("Object Repository/Chat_Mattermose_OR/Page_Test 77777 - TOKEN Mattermost/textarea_1"), Keys.chord(ENTER)): Keys 'ENTER + ' sent to object: 'Object Repository/Chat_Mattermose_OR/Page_Test 77777 - TOKEN Mattermost/textarea_1'

2021-05-27 16:47:14 - [MESSAGE][PASSED] - Keys 'ENTER + ' sent to object: 'Object Repository/Chat_Mattermose_OR/Page_Test 77777 - TOKEN Mattermost/textarea_1'

2021-05-27 16:47:14 - [TEST_STEP][PASSED] - setText(findTestObject("Object Repository/Chat_Mattermose_OR/Page_Test 77777 - TOKEN Mattermost/textarea_1"), data.get(rowNum)): Text 'Test message 18' is set on object 'Object Repository/Chat_Mattermose_OR/Page_Test 77777 - TOKEN Mattermost/textarea_1'

2021-05-27 16:47:16 - [MESSAGE][PASSED] - Text 'Test message 18' is set on object 'Object Repository/Chat_Mattermose_OR/Page_Test 77777 - TOKEN Mattermost/textarea_1'

2021-05-27 16:47:16 - [TEST_STEP][PASSED] - sendKeys(findTestObject("Object Repository/Chat_Mattermose_OR/Page_Test 77777 - TOKEN Mattermost/textarea_1"), Keys.chord(ENTER)): Keys 'ENTER + ' sent to object: 'Object Repository/Chat_Mattermose_OR/Page_Test 77777 - TOKEN Mattermost/textarea_1'

2021-05-27 16:47:16 - [MESSAGE][PASSED] - Keys 'ENTER + ' sent to object: 'Object Repository/Chat_Mattermose_OR/Page_Test 77777 - TOKEN Mattermost/textarea_1'

2021-05-27 16:47:16 - [TEST_STEP][PASSED] - setText(findTestObject("Object Repository/Chat_Mattermose_OR/Page_Test 77777 - TOKEN Mattermost/textarea_1"), data.get(rowNum)): Text 'Test message 19' is set on object 'Object Repository/Chat_Mattermose_OR/Page_Test 77777 - TOKEN Mattermost/textarea_1'

2021-05-27 16:47:18 - [MESSAGE][PASSED] - Text 'Test message 19' is set on object 'Object Repository/Chat_Mattermose_OR/Page_Test 77777 - TOKEN Mattermost/textarea_1'

2021-05-27 16:47:18 - [TEST_STEP][PASSED] - sendKeys(findTestObject("Object Repository/Chat_Mattermose_OR/Page_Test 77777 - TOKEN Mattermost/textarea_1"), Keys.chord(ENTER)): Keys 'ENTER + ' sent to object: 'Object Repository/Chat_Mattermose_OR/Page_Test 77777 - TOKEN Mattermost/textarea_1'

2021-05-27 16:47:18 - [MESSAGE][PASSED] - Keys 'ENTER + ' sent to object: 'Object Repository/Chat_Mattermose_OR/Page_Test 77777 - TOKEN Mattermost/textarea_1'

2021-05-27 16:47:18 - [TEST_STEP][PASSED] - setText(findTestObject("Object Repository/Chat_Mattermose_OR/Page_Test 77777 - TOKEN Mattermost/textarea_1"), data.get(rowNum)): Text 'Test message 20' is set on object 'Object Repository/Chat_Mattermose_OR/Page_Test 77777 - TOKEN Mattermost/textarea_1'

2021-05-27 16:47:20 - [MESSAGE][PASSED] - Text 'Test message 20' is set on object 'Object Repository/Chat_Mattermose_OR/Page_Test 77777 - TOKEN Mattermost/textarea_1'

2021-05-27 16:47:20 - [TEST_STEP][PASSED] - sendKeys(findTestObject("Object Repository/Chat_Mattermose_OR/Page_Test 77777 - TOKEN Mattermost/textarea_1"), Keys.chord(ENTER)): Keys 'ENTER + ' sent to object: 'Object Repository/Chat_Mattermose_OR/Page_Test 77777 - TOKEN Mattermost/textarea_1'

2021-05-27 16:47:20 - [MESSAGE][PASSED] - Keys 'ENTER + ' sent to object: 'Object Repository/Chat_Mattermose_OR/Page_Test 77777 - TOKEN Mattermost/textarea_1'

2021-05-27 16:47:20 - [TEST_STEP][PASSED] - setText(findTestObject("Object Repository/Chat_Mattermose_OR/Page_Test 77777 - TOKEN Mattermost/textarea_1"), data.get(rowNum)): Text 'Test message 21' is set on object 'Object Repository/Chat_Mattermose_OR/Page_Test 77777 - TOKEN Mattermost/textarea_1'

2021-05-27 16:47:22 - [MESSAGE][PASSED] - Text 'Test message 21' is set on object 'Object Repository/Chat_Mattermose_OR/Page_Test 77777 - TOKEN Mattermost/textarea_1'

2021-05-27 16:47:22 - [TEST_STEP][PASSED] - sendKeys(findTestObject("Object Repository/Chat_Mattermose_OR/Page_Test 77777 - TOKEN Mattermost/textarea_1"), Keys.chord(ENTER)): Keys 'ENTER + ' sent to object: 'Object Repository/Chat_Mattermose_OR/Page_Test 77777 - TOKEN Mattermost/textarea_1'

2021-05-27 16:47:23 - [MESSAGE][PASSED] - Keys 'ENTER + ' sent to object: 'Object Repository/Chat_Mattermose_OR/Page_Test 77777 - TOKEN Mattermost/textarea_1'

2021-05-27 16:47:23 - [TEST_STEP][PASSED] - setText(findTestObject("Object Repository/Chat_Mattermose_OR/Page_Test 77777 - TOKEN Mattermost/textarea_1"), data.get(rowNum)): Text 'Test message 22' is set on object 'Object Repository/Chat_Mattermose_OR/Page_Test 77777 - TOKEN Mattermost/textarea_1'

2021-05-27 16:47:24 - [MESSAGE][PASSED] - Text 'Test message 22' is set on object 'Object Repository/Chat_Mattermose_OR/Page_Test 77777 - TOKEN Mattermost/textarea_1'

2021-05-27 16:47:24 - [TEST_STEP][PASSED] - sendKeys(findTestObject("Object Repository/Chat_Mattermose_OR/Page_Test 77777 - TOKEN Mattermost/textarea_1"), Keys.chord(ENTER)): Keys 'ENTER + ' sent to object: 'Object Repository/Chat_Mattermose_OR/Page_Test 77777 - TOKEN Mattermost/textarea_1'

2021-05-27 16:47:25 - [MESSAGE][PASSED] - Keys 'ENTER + ' sent to object: 'Object Repository/Chat_Mattermose_OR/Page_Test 77777 - TOKEN Mattermost/textarea_1'

2021-05-27 16:47:25 - [TEST_STEP][PASSED] - setText(findTestObject("Object Repository/Chat_Mattermose_OR/Page_Test 77777 - TOKEN Mattermost/textarea_1"), data.get(rowNum)): Text 'Test message 23' is set on object 'Object Repository/Chat_Mattermose_OR/Page_Test 77777 - TOKEN Mattermost/textarea_1'

2021-05-27 16:47:26 - [MESSAGE][PASSED] - Text 'Test message 23' is set on object 'Object Repository/Chat_Mattermose_OR/Page_Test 77777 - TOKEN Mattermost/textarea_1'

2021-05-27 16:47:26 - [TEST_STEP][PASSED] - sendKeys(findTestObject("Object Repository/Chat_Mattermose_OR/Page_Test 77777 - TOKEN Mattermost/textarea_1"), Keys.chord(ENTER)): Keys 'ENTER + ' sent to object: 'Object Repository/Chat_Mattermose_OR/Page_Test 77777 - TOKEN Mattermost/textarea_1'

2021-05-27 16:47:27 - [MESSAGE][PASSED] - Keys 'ENTER + ' sent to object: 'Object Repository/Chat_Mattermose_OR/Page_Test 77777 - TOKEN Mattermost/textarea_1'

2021-05-27 16:47:27 - [TEST_STEP][PASSED] - setText(findTestObject("Object Repository/Chat_Mattermose_OR/Page_Test 77777 - TOKEN Mattermost/textarea_1"), data.get(rowNum)): Text 'Test message 24' is set on object 'Object Repository/Chat_Mattermose_OR/Page_Test 77777 - TOKEN Mattermost/textarea_1'

2021-05-27 16:47:28 - [MESSAGE][PASSED] - Text 'Test message 24' is set on object 'Object Repository/Chat_Mattermose_OR/Page_Test 77777 - TOKEN Mattermost/textarea_1'

2021-05-27 16:47:28 - [TEST_STEP][PASSED] - sendKeys(findTestObject("Object Repository/Chat_Mattermose_OR/Page_Test 77777 - TOKEN Mattermost/textarea_1"), Keys.chord(ENTER)): Keys 'ENTER + ' sent to object: 'Object Repository/Chat_Mattermose_OR/Page_Test 77777 - TOKEN Mattermost/textarea_1'

2021-05-27 16:47:29 - [MESSAGE][PASSED] - Keys 'ENTER + ' sent to object: 'Object Repository/Chat_Mattermose_OR/Page_Test 77777 - TOKEN Mattermost/textarea_1'

2021-05-27 16:47:29 - [TEST_STEP][PASSED] - setText(findTestObject("Object Repository/Chat_Mattermose_OR/Page_Test 77777 - TOKEN Mattermost/textarea_1"), data.get(rowNum)): Text 'Test message 25' is set on object 'Object Repository/Chat_Mattermose_OR/Page_Test 77777 - TOKEN Mattermost/textarea_1'

2021-05-27 16:47:30 - [MESSAGE][PASSED] - Text 'Test message 25' is set on object 'Object Repository/Chat_Mattermose_OR/Page_Test 77777 - TOKEN Mattermost/textarea_1'

2021-05-27 16:47:30 - [TEST_STEP][PASSED] - sendKeys(findTestObject("Object Repository/Chat_Mattermose_OR/Page_Test 77777 - TOKEN Mattermost/textarea_1"), Keys.chord(ENTER)): Keys 'ENTER + ' sent to object: 'Object Repository/Chat_Mattermose_OR/Page_Test 77777 - TOKEN Mattermost/textarea_1'

2021-05-27 16:47:31 - [MESSAGE][PASSED] - Keys 'ENTER + ' sent to object: 'Object Repository/Chat_Mattermose_OR/Page_Test 77777 - TOKEN Mattermost/textarea_1'

2021-05-27 16:47:31 - [TEST_STEP][PASSED] - setText(findTestObject("Object Repository/Chat_Mattermose_OR/Page_Test 77777 - TOKEN Mattermost/textarea_1"), data.get(rowNum)): Text 'Test message 26' is set on object 'Object Repository/Chat_Mattermose_OR/Page_Test 77777 - TOKEN Mattermost/textarea_1'

2021-05-27 16:47:32 - [MESSAGE][PASSED] - Text 'Test message 26' is set on object 'Object Repository/Chat_Mattermose_OR/Page_Test 77777 - TOKEN Mattermost/textarea_1'

2021-05-27 16:47:32 - [TEST_STEP][PASSED] - sendKeys(findTestObject("Object Repository/Chat_Mattermose_OR/Page_Test 77777 - TOKEN Mattermost/textarea_1"), Keys.chord(ENTER)): Keys 'ENTER + ' sent to object: 'Object Repository/Chat_Mattermose_OR/Page_Test 77777 - TOKEN Mattermost/textarea_1'

2021-05-27 16:47:33 - [MESSAGE][PASSED] - Keys 'ENTER + ' sent to object: 'Object Repository/Chat_Mattermose_OR/Page_Test 77777 - TOKEN Mattermost/textarea_1'

2021-05-27 16:47:33 - [TEST_STEP][PASSED] - setText(findTestObject("Object Repository/Chat_Mattermose_OR/Page_Test 77777 - TOKEN Mattermost/textarea_1"), data.get(rowNum)): Text 'Test message 27' is set on object 'Object Repository/Chat_Mattermose_OR/Page_Test 77777 - TOKEN Mattermost/textarea_1'

2021-05-27 16:47:34 - [MESSAGE][PASSED] - Text 'Test message 27' is set on object 'Object Repository/Chat_Mattermose_OR/Page_Test 77777 - TOKEN Mattermost/textarea_1'

2021-05-27 16:47:34 - [TEST_STEP][PASSED] - sendKeys(findTestObject("Object Repository/Chat_Mattermose_OR/Page_Test 77777 - TOKEN Mattermost/textarea_1"), Keys.chord(ENTER)): Keys 'ENTER + ' sent to object: 'Object Repository/Chat_Mattermose_OR/Page_Test 77777 - TOKEN Mattermost/textarea_1'

2021-05-27 16:47:35 - [MESSAGE][PASSED] - Keys 'ENTER + ' sent to object: 'Object Repository/Chat_Mattermose_OR/Page_Test 77777 - TOKEN Mattermost/textarea_1'

2021-05-27 16:47:35 - [TEST_STEP][PASSED] - setText(findTestObject("Object Repository/Chat_Mattermose_OR/Page_Test 77777 - TOKEN Mattermost/textarea_1"), data.get(rowNum)): Text 'Test message 28' is set on object 'Object Repository/Chat_Mattermose_OR/Page_Test 77777 - TOKEN Mattermost/textarea_1'

2021-05-27 16:47:36 - [MESSAGE][PASSED] - Text 'Test message 28' is set on object 'Object Repository/Chat_Mattermose_OR/Page_Test 77777 - TOKEN Mattermost/textarea_1'

2021-05-27 16:47:36 - [TEST_STEP][PASSED] - sendKeys(findTestObject("Object Repository/Chat_Mattermose_OR/Page_Test 77777 - TOKEN Mattermost/textarea_1"), Keys.chord(ENTER)): Keys 'ENTER + ' sent to object: 'Object Repository/Chat_Mattermose_OR/Page_Test 77777 - TOKEN Mattermost/textarea_1'

2021-05-27 16:47:37 - [MESSAGE][PASSED] - Keys 'ENTER + ' sent to object: 'Object Repository/Chat_Mattermose_OR/Page_Test 77777 - TOKEN Mattermost/textarea_1'

2021-05-27 16:47:37 - [TEST_STEP][PASSED] - setText(findTestObject("Object Repository/Chat_Mattermose_OR/Page_Test 77777 - TOKEN Mattermost/textarea_1"), data.get(rowNum)): Text 'Test message 29' is set on object 'Object Repository/Chat_Mattermose_OR/Page_Test 77777 - TOKEN Mattermost/textarea_1'

2021-05-27 16:47:39 - [MESSAGE][PASSED] - Text 'Test message 29' is set on object 'Object Repository/Chat_Mattermose_OR/Page_Test 77777 - TOKEN Mattermost/textarea_1'

2021-05-27 16:47:39 - [TEST_STEP][PASSED] - sendKeys(findTestObject("Object Repository/Chat_Mattermose_OR/Page_Test 77777 - TOKEN Mattermost/textarea_1"), Keys.chord(ENTER)): Keys 'ENTER + ' sent to object: 'Object Repository/Chat_Mattermose_OR/Page_Test 77777 - TOKEN Mattermost/textarea_1'

2021-05-27 16:47:39 - [MESSAGE][PASSED] - Keys 'ENTER + ' sent to object: 'Object Repository/Chat_Mattermose_OR/Page_Test 77777 - TOKEN Mattermost/textarea_1'

2021-05-27 16:47:39 - [TEST_STEP][PASSED] - setText(findTestObject("Object Repository/Chat_Mattermose_OR/Page_Test 77777 - TOKEN Mattermost/textarea_1"), data.get(rowNum)): Text 'Test message 30' is set on object 'Object Repository/Chat_Mattermose_OR/Page_Test 77777 - TOKEN Mattermost/textarea_1'

2021-05-27 16:47:41 - [MESSAGE][PASSED] - Text 'Test message 30' is set on object 'Object Repository/Chat_Mattermose_OR/Page_Test 77777 - TOKEN Mattermost/textarea_1'

2021-05-27 16:47:41 - [TEST_STEP][PASSED] - sendKeys(findTestObject("Object Repository/Chat_Mattermose_OR/Page_Test 77777 - TOKEN Mattermost/textarea_1"), Keys.chord(ENTER)): Keys 'ENTER + ' sent to object: 'Object Repository/Chat_Mattermose_OR/Page_Test 77777 - TOKEN Mattermost/textarea_1'

2021-05-27 16:47:42 - [MESSAGE][PASSED] - Keys 'ENTER + ' sent to object: 'Object Repository/Chat_Mattermose_OR/Page_Test 77777 - TOKEN Mattermost/textarea_1'

2021-05-27 16:47:42 - [TEST_STEP][PASSED] - setText(findTestObject("Object Repository/Chat_Mattermose_OR/Page_Test 77777 - TOKEN Mattermost/textarea_1"), data.get(rowNum)): Text 'Test message 31' is set on object 'Object Repository/Chat_Mattermose_OR/Page_Test 77777 - TOKEN Mattermost/textarea_1'

2021-05-27 16:47:43 - [MESSAGE][PASSED] - Text 'Test message 31' is set on object 'Object Repository/Chat_Mattermose_OR/Page_Test 77777 - TOKEN Mattermost/textarea_1'

2021-05-27 16:47:43 - [TEST_STEP][PASSED] - sendKeys(findTestObject("Object Repository/Chat_Mattermose_OR/Page_Test 77777 - TOKEN Mattermost/textarea_1"), Keys.chord(ENTER)): Keys 'ENTER + ' sent to object: 'Object Repository/Chat_Mattermose_OR/Page_Test 77777 - TOKEN Mattermost/textarea_1'

2021-05-27 16:47:44 - [MESSAGE][PASSED] - Keys 'ENTER + ' sent to object: 'Object Repository/Chat_Mattermose_OR/Page_Test 77777 - TOKEN Mattermost/textarea_1'

2021-05-27 16:47:44 - [TEST_STEP][PASSED] - setText(findTestObject("Object Repository/Chat_Mattermose_OR/Page_Test 77777 - TOKEN Mattermost/textarea_1"), data.get(rowNum)): Text 'Test message 32' is set on object 'Object Repository/Chat_Mattermose_OR/Page_Test 77777 - TOKEN Mattermost/textarea_1'

2021-05-27 16:47:45 - [MESSAGE][PASSED] - Text 'Test message 32' is set on object 'Object Repository/Chat_Mattermose_OR/Page_Test 77777 - TOKEN Mattermost/textarea_1'

2021-05-27 16:47:45 - [TEST_STEP][PASSED] - sendKeys(findTestObject("Object Repository/Chat_Mattermose_OR/Page_Test 77777 - TOKEN Mattermost/textarea_1"), Keys.chord(ENTER)): Keys 'ENTER + ' sent to object: 'Object Repository/Chat_Mattermose_OR/Page_Test 77777 - TOKEN Mattermost/textarea_1'

2021-05-27 16:47:46 - [MESSAGE][PASSED] - Keys 'ENTER + ' sent to object: 'Object Repository/Chat_Mattermose_OR/Page_Test 77777 - TOKEN Mattermost/textarea_1'

2021-05-27 16:47:46 - [TEST_STEP][PASSED] - setText(findTestObject("Object Repository/Chat_Mattermose_OR/Page_Test 77777 - TOKEN Mattermost/textarea_1"), data.get(rowNum)): Text 'Test message 33' is set on object 'Object Repository/Chat_Mattermose_OR/Page_Test 77777 - TOKEN Mattermost/textarea_1'

2021-05-27 16:47:47 - [MESSAGE][PASSED] - Text 'Test message 33' is set on object 'Object Repository/Chat_Mattermose_OR/Page_Test 77777 - TOKEN Mattermost/textarea_1'

2021-05-27 16:47:47 - [TEST_STEP][PASSED] - sendKeys(findTestObject("Object Repository/Chat_Mattermose_OR/Page_Test 77777 - TOKEN Mattermost/textarea_1"), Keys.chord(ENTER)): Keys 'ENTER + ' sent to object: 'Object Repository/Chat_Mattermose_OR/Page_Test 77777 - TOKEN Mattermost/textarea_1'

2021-05-27 16:47:48 - [MESSAGE][PASSED] - Keys 'ENTER + ' sent to object: 'Object Repository/Chat_Mattermose_OR/Page_Test 77777 - TOKEN Mattermost/textarea_1'

2021-05-27 16:47:48 - [TEST_STEP][PASSED] - closeBrowser(): Browser is closed

2021-05-27 16:47:49 - [MESSAGE][PASSED] - Browser is closed]]></system-out>
         <system-err><![CDATA[]]></system-err>
      </testcase>
      <testcase name="Test Cases/SwitchChannels" time="17.1" classname="Test Cases/SwitchChannels" status="PASSED">
         <system-out><![CDATA[2021-05-27 16:47:49 - [TEST_CASE][PASSED] - Test Cases/SwitchChannels: Test Cases/SwitchChannels

2021-05-27 16:47:49 - [TEST_STEP][PASSED] - openBrowser(""): Browser is opened with url: ''

2021-05-27 16:47:49 - [MESSAGE][INFO] - Starting 'Chrome' driver

2021-05-27 16:47:49 - [MESSAGE][INFO] - Action delay is set to 0 milliseconds

2021-05-27 16:47:51 - [MESSAGE][PASSED] - Browser is opened with url: ''

2021-05-27 16:47:51 - [TEST_STEP][PASSED] - navigateToUrl("https://cdnc-group2.herokuapp.com/"): Navigate to 'https://cdnc-group2.herokuapp.com/' successfully

2021-05-27 16:47:54 - [MESSAGE][PASSED] - Navigate to 'https://cdnc-group2.herokuapp.com/' successfully

2021-05-27 16:47:54 - [TEST_STEP][PASSED] - setText(findTestObject("Object Repository/Page_Mattermost/input_All team communication in one place, _dcc84b"), "ngoctin040999@gmail.com"): Text 'ngoctin040999@gmail.com' is set on object 'Object Repository/Page_Mattermost/input_All team communication in one place, _dcc84b'

2021-05-27 16:47:59 - [MESSAGE][PASSED] - Text 'ngoctin040999@gmail.com' is set on object 'Object Repository/Page_Mattermost/input_All team communication in one place, _dcc84b'

2021-05-27 16:47:59 - [TEST_STEP][PASSED] - setEncryptedText(findTestObject("Object Repository/Page_Mattermost/input_All team communication in one place, _a3edc6"), "S8w1SJvl7D1hts9IdMV+NQ=="): Text ****** has been set on object 'Object Repository/Page_Mattermost/input_All team communication in one place, _a3edc6'

2021-05-27 16:48:00 - [MESSAGE][PASSED] - Text ****** has been set on object 'Object Repository/Page_Mattermost/input_All team communication in one place, _a3edc6'

2021-05-27 16:48:00 - [TEST_STEP][PASSED] - click(findTestObject("Object Repository/Page_Mattermost/span_Sign in")): Object: 'Object Repository/Page_Mattermost/span_Sign in' is clicked on

2021-05-27 16:48:00 - [MESSAGE][PASSED] - Object: 'Object Repository/Page_Mattermost/span_Sign in' is clicked on

2021-05-27 16:48:00 - [TEST_STEP][PASSED] - click(findTestObject("Object Repository/Page_Town Square - TOKEN Mattermost/span_Switch Channels")): Object: 'Object Repository/Page_Town Square - TOKEN Mattermost/span_Switch Channels' is clicked on

2021-05-27 16:48:04 - [MESSAGE][PASSED] - Object: 'Object Repository/Page_Town Square - TOKEN Mattermost/span_Switch Channels' is clicked on

2021-05-27 16:48:04 - [TEST_STEP][PASSED] - setText(findTestObject("Object Repository/Page_Town Square - TOKEN Mattermost/input_ESC_quickSwitchInput"), "Test 111224"): Text 'Test 111224' is set on object 'Object Repository/Page_Town Square - TOKEN Mattermost/input_ESC_quickSwitchInput'

2021-05-27 16:48:05 - [MESSAGE][PASSED] - Text 'Test 111224' is set on object 'Object Repository/Page_Town Square - TOKEN Mattermost/input_ESC_quickSwitchInput'

2021-05-27 16:48:05 - [TEST_STEP][PASSED] - if (findTestObject("Object Repository/Page_Town Square - TOKEN Mattermost/span_Test 111224") == null): null

2021-05-27 16:48:05 - [TEST_STEP][PASSED] - click(findTestObject("Object Repository/Page_Town Square - TOKEN Mattermost/span_Test 111224")): Object: 'Object Repository/Page_Town Square - TOKEN Mattermost/span_Test 111224' is clicked on

2021-05-27 16:48:06 - [MESSAGE][PASSED] - Object: 'Object Repository/Page_Town Square - TOKEN Mattermost/span_Test 111224' is clicked on]]></system-out>
         <system-err><![CDATA[]]></system-err>
      </testcase>
      <testcase name="Test Cases/UnpinMessage" time="62.834" classname="Test Cases/UnpinMessage" status="PASSED">
         <system-out><![CDATA[2021-05-27 16:48:06 - [TEST_CASE][PASSED] - Test Cases/UnpinMessage: Test Cases/UnpinMessage

2021-05-27 16:48:06 - [TEST_STEP][PASSED] - openBrowser(""): Browser is opened with url: ''

2021-05-27 16:48:06 - [MESSAGE][WARNING] - A browser is already opened. Closing browser and opening a new one

2021-05-27 16:48:07 - [MESSAGE][INFO] - Starting 'Chrome' driver

2021-05-27 16:48:07 - [MESSAGE][INFO] - Action delay is set to 0 milliseconds

2021-05-27 16:48:09 - [MESSAGE][PASSED] - Browser is opened with url: ''

2021-05-27 16:48:09 - [TEST_STEP][PASSED] - navigateToUrl("https://cdnc-group2.herokuapp.com/login"): Navigate to 'https://cdnc-group2.herokuapp.com/login' successfully

2021-05-27 16:48:12 - [MESSAGE][PASSED] - Navigate to 'https://cdnc-group2.herokuapp.com/login' successfully

2021-05-27 16:48:12 - [TEST_STEP][PASSED] - setText(findTestObject("Object Repository/DeleteMessage_OR/Page_Mattermost/input_All team communication in one place, _dcc84b"), "ngoctin040999@gmail.com"): Text 'ngoctin040999@gmail.com' is set on object 'Object Repository/DeleteMessage_OR/Page_Mattermost/input_All team communication in one place, _dcc84b'

2021-05-27 16:48:15 - [MESSAGE][PASSED] - Text 'ngoctin040999@gmail.com' is set on object 'Object Repository/DeleteMessage_OR/Page_Mattermost/input_All team communication in one place, _dcc84b'

2021-05-27 16:48:15 - [TEST_STEP][PASSED] - setEncryptedText(findTestObject("Object Repository/DeleteMessage_OR/Page_Mattermost/input_All team communication in one place, _a3edc6"), "S8w1SJvl7D1hts9IdMV+NQ=="): Text ****** has been set on object 'Object Repository/DeleteMessage_OR/Page_Mattermost/input_All team communication in one place, _a3edc6'

2021-05-27 16:48:16 - [MESSAGE][PASSED] - Text ****** has been set on object 'Object Repository/DeleteMessage_OR/Page_Mattermost/input_All team communication in one place, _a3edc6'

2021-05-27 16:48:16 - [TEST_STEP][PASSED] - sendKeys(findTestObject("Object Repository/DeleteMessage_OR/Page_Mattermost/input_All team communication in one place, _a3edc6"), Keys.chord(ENTER)): Keys 'ENTER + ' sent to object: 'Object Repository/DeleteMessage_OR/Page_Mattermost/input_All team communication in one place, _a3edc6'

2021-05-27 16:48:16 - [MESSAGE][PASSED] - Keys 'ENTER + ' sent to object: 'Object Repository/DeleteMessage_OR/Page_Mattermost/input_All team communication in one place, _a3edc6'

2021-05-27 16:48:16 - [TEST_STEP][PASSED] - a = findTestObject("Object Repository/DeleteMessage_OR/Page_Town Square - TOKEN_UPDATED Mattermost/span_Test 77777"): null

2021-05-27 16:48:16 - [TEST_STEP][PASSED] - b = findTestObject("Object Repository/FixElement/Page_Test 123 - Team Mattermost/div_Pinnedngoctin123451059 PMMessage"): null

2021-05-27 16:48:16 - [TEST_STEP][PASSED] - c = findTestObject("Object Repository/FixElement/Page_Test 123 - Team Mattermost/button_ngoctin12345_CENTER_button_cbnbttpn1ig5jg13jidu64xfbc"): null

2021-05-27 16:48:17 - [TEST_STEP][PASSED] - d = findTestObject("Object Repository/FixElement/Page_Test 123 - Team Mattermost/div_Pinnedngoctin123451059 PMMessage"): null

2021-05-27 16:48:17 - [TEST_STEP][PASSED] - if (a != null && b != null && c != null && d != null): Object: 'Object Repository/FixElement/Page_Test 123 - Team Mattermost/div_Pinnedngoctin123451059 PMMessage' is clicked on

2021-05-27 16:48:17 - [TEST_STEP][PASSED] - click(a): Object: 'Object Repository/DeleteMessage_OR/Page_Town Square - TOKEN_UPDATED Mattermost/span_Test 77777' is clicked on

2021-05-27 16:48:48 - [MESSAGE][INFO] - Unable to find the element located by 'By.xpath: //a[@id='sidebarItem_test-77777']/span[2]/span'. Please recheck the objects properties to make sure the desired element is located. 

2021-05-27 16:48:48 - [MESSAGE][WARNING] - [SELF-HEALING] Failed to find element with id 'Object Repository/DeleteMessage_OR/Page_Town Square - TOKEN_UPDATED Mattermost/span_Test 77777'. Try using Self-healing.

2021-05-27 16:48:48 - [MESSAGE][WARNING] - [SELF-HEALING] The current locator of test object 'Object Repository/DeleteMessage_OR/Page_Town Square - TOKEN_UPDATED Mattermost/span_Test 77777' was broken. Propose an alternative one: '(.//*[normalize-space(text()) and normalize-space(.)='Test 111223'])[1]/preceding::span[2]'.

2021-05-27 16:48:48 - [MESSAGE][PASSED] - Object: 'Object Repository/DeleteMessage_OR/Page_Town Square - TOKEN_UPDATED Mattermost/span_Test 77777' is clicked on

2021-05-27 16:48:48 - [TEST_STEP][PASSED] - mouseOver(b): Object: 'Object Repository/FixElement/Page_Test 123 - Team Mattermost/div_Pinnedngoctin123451059 PMMessage' is hovered

2021-05-27 16:48:55 - [MESSAGE][PASSED] - Object: 'Object Repository/FixElement/Page_Test 123 - Team Mattermost/div_Pinnedngoctin123451059 PMMessage' is hovered

2021-05-27 16:48:55 - [TEST_STEP][PASSED] - click(c): Object: 'Object Repository/FixElement/Page_Test 123 - Team Mattermost/button_ngoctin12345_CENTER_button_cbnbttpn1ig5jg13jidu64xfbc' is clicked on

2021-05-27 16:49:08 - [MESSAGE][PASSED] - Object: 'Object Repository/FixElement/Page_Test 123 - Team Mattermost/button_ngoctin12345_CENTER_button_cbnbttpn1ig5jg13jidu64xfbc' is clicked on

2021-05-27 16:49:08 - [TEST_STEP][PASSED] - click(d): Object: 'Object Repository/FixElement/Page_Test 123 - Team Mattermost/div_Pinnedngoctin123451059 PMMessage' is clicked on

2021-05-27 16:49:08 - [MESSAGE][PASSED] - Object: 'Object Repository/FixElement/Page_Test 123 - Team Mattermost/div_Pinnedngoctin123451059 PMMessage' is clicked on

2021-05-27 16:49:08 - [TEST_STEP][PASSED] - closeBrowser(): Browser is closed

2021-05-27 16:49:09 - [MESSAGE][PASSED] - Browser is closed]]></system-out>
         <system-err><![CDATA[]]></system-err>
      </testcase>
      <testcase name="Test Cases/UpdateChannelName" time="19.314" classname="Test Cases/UpdateChannelName" status="PASSED">
         <system-out><![CDATA[2021-05-27 16:49:09 - [TEST_CASE][PASSED] - Test Cases/UpdateChannelName: Test Cases/UpdateChannelName

2021-05-27 16:49:09 - [TEST_STEP][PASSED] - openBrowser(""): Browser is opened with url: ''

2021-05-27 16:49:09 - [MESSAGE][INFO] - Starting 'Chrome' driver

2021-05-27 16:49:09 - [MESSAGE][INFO] - Action delay is set to 0 milliseconds

2021-05-27 16:49:11 - [MESSAGE][PASSED] - Browser is opened with url: ''

2021-05-27 16:49:11 - [TEST_STEP][PASSED] - navigateToUrl("https://cdnc-group2.herokuapp.com/"): Navigate to 'https://cdnc-group2.herokuapp.com/' successfully

2021-05-27 16:49:14 - [MESSAGE][PASSED] - Navigate to 'https://cdnc-group2.herokuapp.com/' successfully

2021-05-27 16:49:14 - [TEST_STEP][PASSED] - setText(findTestObject("Object Repository/Page_Mattermost/input_All team communication in one place, _dcc84b"), "ngoctin040999@gmail.com"): Text 'ngoctin040999@gmail.com' is set on object 'Object Repository/Page_Mattermost/input_All team communication in one place, _dcc84b'

2021-05-27 16:49:19 - [MESSAGE][PASSED] - Text 'ngoctin040999@gmail.com' is set on object 'Object Repository/Page_Mattermost/input_All team communication in one place, _dcc84b'

2021-05-27 16:49:19 - [TEST_STEP][PASSED] - setEncryptedText(findTestObject("Object Repository/Page_Mattermost/input_All team communication in one place, _a3edc6"), "S8w1SJvl7D1hts9IdMV+NQ=="): Text ****** has been set on object 'Object Repository/Page_Mattermost/input_All team communication in one place, _a3edc6'

2021-05-27 16:49:20 - [MESSAGE][PASSED] - Text ****** has been set on object 'Object Repository/Page_Mattermost/input_All team communication in one place, _a3edc6'

2021-05-27 16:49:20 - [TEST_STEP][PASSED] - sendKeys(findTestObject("Object Repository/Page_Mattermost/input_All team communication in one place, _a3edc6"), Keys.chord(ENTER)): Keys 'ENTER + ' sent to object: 'Object Repository/Page_Mattermost/input_All team communication in one place, _a3edc6'

2021-05-27 16:49:20 - [MESSAGE][PASSED] - Keys 'ENTER + ' sent to object: 'Object Repository/Page_Mattermost/input_All team communication in one place, _a3edc6'

2021-05-27 16:49:20 - [TEST_STEP][PASSED] - click(findTestObject("Object Repository/Page_Town Square - Team Mattermost/span_Test 123")): Object: 'Object Repository/Page_Town Square - Team Mattermost/span_Test 123' is clicked on

2021-05-27 16:49:23 - [MESSAGE][PASSED] - Object: 'Object Repository/Page_Town Square - Team Mattermost/span_Test 123' is clicked on

2021-05-27 16:49:23 - [TEST_STEP][PASSED] - click(findTestObject("Object Repository/Page_Test 123 - Team Mattermost/span_Test 123_channelHeaderDropdownIcon")): Object: 'Object Repository/Page_Test 123 - Team Mattermost/span_Test 123_channelHeaderDropdownIcon' is clicked on

2021-05-27 16:49:25 - [MESSAGE][PASSED] - Object: 'Object Repository/Page_Test 123 - Team Mattermost/span_Test 123_channelHeaderDropdownIcon' is clicked on

2021-05-27 16:49:25 - [TEST_STEP][PASSED] - click(findTestObject("Object Repository/Page_Test 123 - Team Mattermost/span_Rename Channel")): Object: 'Object Repository/Page_Test 123 - Team Mattermost/span_Rename Channel' is clicked on

2021-05-27 16:49:26 - [MESSAGE][PASSED] - Object: 'Object Repository/Page_Test 123 - Team Mattermost/span_Rename Channel' is clicked on

2021-05-27 16:49:26 - [TEST_STEP][PASSED] - setText(findTestObject("Object Repository/Page_Test 123 - Team Mattermost/input_Display Name_display_name"), "Test 123"): Text 'Test 123' is set on object 'Object Repository/Page_Test 123 - Team Mattermost/input_Display Name_display_name'

2021-05-27 16:49:27 - [MESSAGE][PASSED] - Text 'Test 123' is set on object 'Object Repository/Page_Test 123 - Team Mattermost/input_Display Name_display_name'

2021-05-27 16:49:27 - [TEST_STEP][PASSED] - click(findTestObject("Object Repository/Page_Test 123 - Team Mattermost/span_Save")): Object: 'Object Repository/Page_Test 123 - Team Mattermost/span_Save' is clicked on

2021-05-27 16:49:27 - [MESSAGE][PASSED] - Object: 'Object Repository/Page_Test 123 - Team Mattermost/span_Save' is clicked on

2021-05-27 16:49:27 - [TEST_STEP][PASSED] - closeBrowser(): Browser is closed

2021-05-27 16:49:28 - [MESSAGE][PASSED] - Browser is closed]]></system-out>
         <system-err><![CDATA[]]></system-err>
      </testcase>
      <testcase name="Test Cases/UpdateDescriptionChannel" time="35.916" classname="Test Cases/UpdateDescriptionChannel" status="PASSED">
         <system-out><![CDATA[2021-05-27 16:49:28 - [TEST_CASE][PASSED] - Test Cases/UpdateDescriptionChannel: Test Cases/UpdateDescriptionChannel

2021-05-27 16:49:28 - [TEST_STEP][PASSED] - openBrowser(""): Browser is opened with url: ''

2021-05-27 16:49:28 - [MESSAGE][INFO] - Starting 'Chrome' driver

2021-05-27 16:49:28 - [MESSAGE][INFO] - Action delay is set to 0 milliseconds

2021-05-27 16:49:30 - [MESSAGE][PASSED] - Browser is opened with url: ''

2021-05-27 16:49:30 - [TEST_STEP][PASSED] - navigateToUrl("https://cdnc-group2.herokuapp.com/"): Navigate to 'https://cdnc-group2.herokuapp.com/' successfully

2021-05-27 16:49:33 - [MESSAGE][PASSED] - Navigate to 'https://cdnc-group2.herokuapp.com/' successfully

2021-05-27 16:49:33 - [TEST_STEP][PASSED] - setText(findTestObject("Object Repository/Page_Mattermost/input_All team communication in one place, _dcc84b"), "ngoctin040999@gmail.com"): Text 'ngoctin040999@gmail.com' is set on object 'Object Repository/Page_Mattermost/input_All team communication in one place, _dcc84b'

2021-05-27 16:49:38 - [MESSAGE][PASSED] - Text 'ngoctin040999@gmail.com' is set on object 'Object Repository/Page_Mattermost/input_All team communication in one place, _dcc84b'

2021-05-27 16:49:38 - [TEST_STEP][PASSED] - setEncryptedText(findTestObject("Object Repository/Page_Mattermost/input_All team communication in one place, _a3edc6"), "S8w1SJvl7D1hts9IdMV+NQ=="): Text ****** has been set on object 'Object Repository/Page_Mattermost/input_All team communication in one place, _a3edc6'

2021-05-27 16:49:39 - [MESSAGE][PASSED] - Text ****** has been set on object 'Object Repository/Page_Mattermost/input_All team communication in one place, _a3edc6'

2021-05-27 16:49:39 - [TEST_STEP][PASSED] - sendKeys(findTestObject("Object Repository/Page_Mattermost/input_All team communication in one place, _a3edc6"), Keys.chord(ENTER)): Keys 'ENTER + ' sent to object: 'Object Repository/Page_Mattermost/input_All team communication in one place, _a3edc6'

2021-05-27 16:49:39 - [MESSAGE][PASSED] - Keys 'ENTER + ' sent to object: 'Object Repository/Page_Mattermost/input_All team communication in one place, _a3edc6'

2021-05-27 16:49:39 - [TEST_STEP][PASSED] - click(findTestObject("Object Repository/Page_Town Square - Team Mattermost/span_Test 123")): Object: 'Object Repository/Page_Town Square - Team Mattermost/span_Test 123' is clicked on

2021-05-27 16:49:42 - [MESSAGE][PASSED] - Object: 'Object Repository/Page_Town Square - Team Mattermost/span_Test 123' is clicked on

2021-05-27 16:49:42 - [TEST_STEP][PASSED] - click(findTestObject("Object Repository/Page_Test 123 - Team Mattermost/span_Test 123_channelHeaderDropdownIcon")): Object: 'Object Repository/Page_Test 123 - Team Mattermost/span_Test 123_channelHeaderDropdownIcon' is clicked on

2021-05-27 16:49:44 - [MESSAGE][PASSED] - Object: 'Object Repository/Page_Test 123 - Team Mattermost/span_Test 123_channelHeaderDropdownIcon' is clicked on

2021-05-27 16:49:44 - [TEST_STEP][PASSED] - click(findTestObject("Object Repository/Page_Test 123 - Team Mattermost/span_Edit Channel Header")): Object: 'Object Repository/Page_Test 123 - Team Mattermost/span_Edit Channel Header' is clicked on

2021-05-27 16:49:44 - [MESSAGE][PASSED] - Object: 'Object Repository/Page_Test 123 - Team Mattermost/span_Edit Channel Header' is clicked on

2021-05-27 16:49:44 - [TEST_STEP][PASSED] - click(findTestObject("Object Repository/Page_Test 123 - Team Mattermost/div_CloseEdit Header for Test 123Edit the t_4a8350")): Object: 'Object Repository/Page_Test 123 - Team Mattermost/div_CloseEdit Header for Test 123Edit the t_4a8350' is clicked on

2021-05-27 16:49:45 - [MESSAGE][PASSED] - Object: 'Object Repository/Page_Test 123 - Team Mattermost/div_CloseEdit Header for Test 123Edit the t_4a8350' is clicked on

2021-05-27 16:49:45 - [TEST_STEP][PASSED] - setText(findTestObject("Object Repository/Page_Test 123 - Team Mattermost/textarea_Test Description"), "T"): Text 'T' is set on object 'Object Repository/Page_Test 123 - Team Mattermost/textarea_Test Description'

2021-05-27 16:49:46 - [MESSAGE][PASSED] - Text 'T' is set on object 'Object Repository/Page_Test 123 - Team Mattermost/textarea_Test Description'

2021-05-27 16:49:46 - [TEST_STEP][PASSED] - setText(findTestObject("Object Repository/Page_Test 123 - Team Mattermost/textarea_T"), "Te"): Text 'Te' is set on object 'Object Repository/Page_Test 123 - Team Mattermost/textarea_T'

2021-05-27 16:49:47 - [MESSAGE][PASSED] - Text 'Te' is set on object 'Object Repository/Page_Test 123 - Team Mattermost/textarea_T'

2021-05-27 16:49:47 - [TEST_STEP][PASSED] - setText(findTestObject("Object Repository/Page_Test 123 - Team Mattermost/textarea_Te"), "Tes"): Text 'Tes' is set on object 'Object Repository/Page_Test 123 - Team Mattermost/textarea_Te'

2021-05-27 16:49:48 - [MESSAGE][PASSED] - Text 'Tes' is set on object 'Object Repository/Page_Test 123 - Team Mattermost/textarea_Te'

2021-05-27 16:49:48 - [TEST_STEP][PASSED] - setText(findTestObject("Object Repository/Page_Test 123 - Team Mattermost/textarea_Tes"), "Test"): Text 'Test' is set on object 'Object Repository/Page_Test 123 - Team Mattermost/textarea_Tes'

2021-05-27 16:49:49 - [MESSAGE][PASSED] - Text 'Test' is set on object 'Object Repository/Page_Test 123 - Team Mattermost/textarea_Tes'

2021-05-27 16:49:49 - [TEST_STEP][PASSED] - setText(findTestObject("Object Repository/Page_Test 123 - Team Mattermost/textarea_Test"), "Test "): Text 'Test ' is set on object 'Object Repository/Page_Test 123 - Team Mattermost/textarea_Test'

2021-05-27 16:49:49 - [MESSAGE][PASSED] - Text 'Test ' is set on object 'Object Repository/Page_Test 123 - Team Mattermost/textarea_Test'

2021-05-27 16:49:49 - [TEST_STEP][PASSED] - setText(findTestObject("Object Repository/Page_Test 123 - Team Mattermost/textarea_Test_1"), "Test D"): Text 'Test D' is set on object 'Object Repository/Page_Test 123 - Team Mattermost/textarea_Test_1'

2021-05-27 16:49:50 - [MESSAGE][PASSED] - Text 'Test D' is set on object 'Object Repository/Page_Test 123 - Team Mattermost/textarea_Test_1'

2021-05-27 16:49:50 - [TEST_STEP][PASSED] - setText(findTestObject("Object Repository/Page_Test 123 - Team Mattermost/textarea_Test D"), "Test De"): Text 'Test De' is set on object 'Object Repository/Page_Test 123 - Team Mattermost/textarea_Test D'

2021-05-27 16:49:51 - [MESSAGE][PASSED] - Text 'Test De' is set on object 'Object Repository/Page_Test 123 - Team Mattermost/textarea_Test D'

2021-05-27 16:49:51 - [TEST_STEP][PASSED] - setText(findTestObject("Object Repository/Page_Test 123 - Team Mattermost/textarea_Test De"), "Test Des"): Text 'Test Des' is set on object 'Object Repository/Page_Test 123 - Team Mattermost/textarea_Test De'

2021-05-27 16:49:52 - [MESSAGE][PASSED] - Text 'Test Des' is set on object 'Object Repository/Page_Test 123 - Team Mattermost/textarea_Test De'

2021-05-27 16:49:52 - [TEST_STEP][PASSED] - setText(findTestObject("Object Repository/Page_Test 123 - Team Mattermost/textarea_Test Des"), "Test Desc"): Text 'Test Desc' is set on object 'Object Repository/Page_Test 123 - Team Mattermost/textarea_Test Des'

2021-05-27 16:49:53 - [MESSAGE][PASSED] - Text 'Test Desc' is set on object 'Object Repository/Page_Test 123 - Team Mattermost/textarea_Test Des'

2021-05-27 16:49:53 - [TEST_STEP][PASSED] - setText(findTestObject("Object Repository/Page_Test 123 - Team Mattermost/textarea_Test Desc"), "Test Descu"): Text 'Test Descu' is set on object 'Object Repository/Page_Test 123 - Team Mattermost/textarea_Test Desc'

2021-05-27 16:49:54 - [MESSAGE][PASSED] - Text 'Test Descu' is set on object 'Object Repository/Page_Test 123 - Team Mattermost/textarea_Test Desc'

2021-05-27 16:49:54 - [TEST_STEP][PASSED] - setText(findTestObject("Object Repository/Page_Test 123 - Team Mattermost/textarea_Test Descu"), "Test Descur"): Text 'Test Descur' is set on object 'Object Repository/Page_Test 123 - Team Mattermost/textarea_Test Descu'

2021-05-27 16:49:55 - [MESSAGE][PASSED] - Text 'Test Descur' is set on object 'Object Repository/Page_Test 123 - Team Mattermost/textarea_Test Descu'

2021-05-27 16:49:55 - [TEST_STEP][PASSED] - setText(findTestObject("Object Repository/Page_Test 123 - Team Mattermost/textarea_Test Descur"), "Test Descu"): Text 'Test Descu' is set on object 'Object Repository/Page_Test 123 - Team Mattermost/textarea_Test Descur'

2021-05-27 16:49:56 - [MESSAGE][PASSED] - Text 'Test Descu' is set on object 'Object Repository/Page_Test 123 - Team Mattermost/textarea_Test Descur'

2021-05-27 16:49:56 - [TEST_STEP][PASSED] - setText(findTestObject("Object Repository/Page_Test 123 - Team Mattermost/textarea_Test Descu"), "Test Desc"): Text 'Test Desc' is set on object 'Object Repository/Page_Test 123 - Team Mattermost/textarea_Test Descu'

2021-05-27 16:49:56 - [MESSAGE][PASSED] - Text 'Test Desc' is set on object 'Object Repository/Page_Test 123 - Team Mattermost/textarea_Test Descu'

2021-05-27 16:49:56 - [TEST_STEP][PASSED] - setText(findTestObject("Object Repository/Page_Test 123 - Team Mattermost/textarea_Test Desc"), "Test Descr"): Text 'Test Descr' is set on object 'Object Repository/Page_Test 123 - Team Mattermost/textarea_Test Desc'

2021-05-27 16:49:57 - [MESSAGE][PASSED] - Text 'Test Descr' is set on object 'Object Repository/Page_Test 123 - Team Mattermost/textarea_Test Desc'

2021-05-27 16:49:57 - [TEST_STEP][PASSED] - setText(findTestObject("Object Repository/Page_Test 123 - Team Mattermost/textarea_Test Descr"), "Test Descri"): Text 'Test Descri' is set on object 'Object Repository/Page_Test 123 - Team Mattermost/textarea_Test Descr'

2021-05-27 16:49:58 - [MESSAGE][PASSED] - Text 'Test Descri' is set on object 'Object Repository/Page_Test 123 - Team Mattermost/textarea_Test Descr'

2021-05-27 16:49:58 - [TEST_STEP][PASSED] - setText(findTestObject("Object Repository/Page_Test 123 - Team Mattermost/textarea_Test Descri"), "Test Descrip"): Text 'Test Descrip' is set on object 'Object Repository/Page_Test 123 - Team Mattermost/textarea_Test Descri'

2021-05-27 16:49:59 - [MESSAGE][PASSED] - Text 'Test Descrip' is set on object 'Object Repository/Page_Test 123 - Team Mattermost/textarea_Test Descri'

2021-05-27 16:49:59 - [TEST_STEP][PASSED] - setText(findTestObject("Object Repository/Page_Test 123 - Team Mattermost/textarea_Test Descrip"), "Test Descript"): Text 'Test Descript' is set on object 'Object Repository/Page_Test 123 - Team Mattermost/textarea_Test Descrip'

2021-05-27 16:50:00 - [MESSAGE][PASSED] - Text 'Test Descript' is set on object 'Object Repository/Page_Test 123 - Team Mattermost/textarea_Test Descrip'

2021-05-27 16:50:00 - [TEST_STEP][PASSED] - setText(findTestObject("Object Repository/Page_Test 123 - Team Mattermost/textarea_Test Descript"), "Test Descripti"): Text 'Test Descripti' is set on object 'Object Repository/Page_Test 123 - Team Mattermost/textarea_Test Descript'

2021-05-27 16:50:01 - [MESSAGE][PASSED] - Text 'Test Descripti' is set on object 'Object Repository/Page_Test 123 - Team Mattermost/textarea_Test Descript'

2021-05-27 16:50:01 - [TEST_STEP][PASSED] - setText(findTestObject("Object Repository/Page_Test 123 - Team Mattermost/textarea_Test Descripti"), "Test Descriptio"): Text 'Test Descriptio' is set on object 'Object Repository/Page_Test 123 - Team Mattermost/textarea_Test Descripti'

2021-05-27 16:50:02 - [MESSAGE][PASSED] - Text 'Test Descriptio' is set on object 'Object Repository/Page_Test 123 - Team Mattermost/textarea_Test Descripti'

2021-05-27 16:50:02 - [TEST_STEP][PASSED] - setText(findTestObject("Object Repository/Page_Test 123 - Team Mattermost/textarea_Test Descriptio"), "Test Description"): Text 'Test Description' is set on object 'Object Repository/Page_Test 123 - Team Mattermost/textarea_Test Descriptio'

2021-05-27 16:50:03 - [MESSAGE][PASSED] - Text 'Test Description' is set on object 'Object Repository/Page_Test 123 - Team Mattermost/textarea_Test Descriptio'

2021-05-27 16:50:03 - [TEST_STEP][PASSED] - click(findTestObject("Object Repository/Page_Test 123 - Team Mattermost/button_Save")): Object: 'Object Repository/Page_Test 123 - Team Mattermost/button_Save' is clicked on

2021-05-27 16:50:03 - [MESSAGE][PASSED] - Object: 'Object Repository/Page_Test 123 - Team Mattermost/button_Save' is clicked on

2021-05-27 16:50:03 - [TEST_STEP][PASSED] - closeBrowser(): Browser is closed

2021-05-27 16:50:04 - [MESSAGE][PASSED] - Browser is closed]]></system-out>
         <system-err><![CDATA[]]></system-err>
      </testcase>
      <testcase name="Test Cases/UpdateFullNameAccount" time="20.219" classname="Test Cases/UpdateFullNameAccount" status="PASSED">
         <system-out><![CDATA[2021-05-27 16:50:04 - [TEST_CASE][PASSED] - Test Cases/UpdateFullNameAccount: Test Cases/UpdateFullNameAccount

2021-05-27 16:50:04 - [TEST_STEP][PASSED] - openBrowser(""): Browser is opened with url: ''

2021-05-27 16:50:04 - [MESSAGE][INFO] - Starting 'Chrome' driver

2021-05-27 16:50:04 - [MESSAGE][INFO] - Action delay is set to 0 milliseconds

2021-05-27 16:50:06 - [MESSAGE][PASSED] - Browser is opened with url: ''

2021-05-27 16:50:06 - [TEST_STEP][PASSED] - navigateToUrl("https://cdnc-group2.herokuapp.com/"): Navigate to 'https://cdnc-group2.herokuapp.com/' successfully

2021-05-27 16:50:10 - [MESSAGE][PASSED] - Navigate to 'https://cdnc-group2.herokuapp.com/' successfully

2021-05-27 16:50:10 - [TEST_STEP][PASSED] - setText(findTestObject("Object Repository/Page_Mattermost/input_All team communication in one place, _dcc84b"), "ngoctin040999@gmail.com"): Text 'ngoctin040999@gmail.com' is set on object 'Object Repository/Page_Mattermost/input_All team communication in one place, _dcc84b'

2021-05-27 16:50:15 - [MESSAGE][PASSED] - Text 'ngoctin040999@gmail.com' is set on object 'Object Repository/Page_Mattermost/input_All team communication in one place, _dcc84b'

2021-05-27 16:50:15 - [TEST_STEP][PASSED] - setEncryptedText(findTestObject("Object Repository/Page_Mattermost/input_All team communication in one place, _a3edc6"), "S8w1SJvl7D1hts9IdMV+NQ=="): Text ****** has been set on object 'Object Repository/Page_Mattermost/input_All team communication in one place, _a3edc6'

2021-05-27 16:50:15 - [MESSAGE][PASSED] - Text ****** has been set on object 'Object Repository/Page_Mattermost/input_All team communication in one place, _a3edc6'

2021-05-27 16:50:15 - [TEST_STEP][PASSED] - click(findTestObject("Object Repository/Page_Mattermost/span_Sign in")): Object: 'Object Repository/Page_Mattermost/span_Sign in' is clicked on

2021-05-27 16:50:16 - [MESSAGE][PASSED] - Object: 'Object Repository/Page_Mattermost/span_Sign in' is clicked on

2021-05-27 16:50:16 - [TEST_STEP][PASSED] - click(findTestObject("Object Repository/Page_Town Square - Team Mattermost/span")): Object: 'Object Repository/Page_Town Square - Team Mattermost/span' is clicked on

2021-05-27 16:50:19 - [MESSAGE][PASSED] - Object: 'Object Repository/Page_Town Square - Team Mattermost/span' is clicked on

2021-05-27 16:50:19 - [TEST_STEP][PASSED] - click(findTestObject("Object Repository/Page_Town Square - Team Mattermost/button_Account Settings")): Object: 'Object Repository/Page_Town Square - Team Mattermost/button_Account Settings' is clicked on

2021-05-27 16:50:19 - [MESSAGE][PASSED] - Object: 'Object Repository/Page_Town Square - Team Mattermost/button_Account Settings' is clicked on

2021-05-27 16:50:19 - [TEST_STEP][PASSED] - click(findTestObject("Object Repository/Page_Town Square - Team Mattermost/button_Edit")): Object: 'Object Repository/Page_Town Square - Team Mattermost/button_Edit' is clicked on

2021-05-27 16:50:20 - [MESSAGE][PASSED] - Object: 'Object Repository/Page_Town Square - Team Mattermost/button_Edit' is clicked on

2021-05-27 16:50:20 - [TEST_STEP][PASSED] - setText(findTestObject("Object Repository/Page_Town Square - Team Mattermost/input_First Name_firstName"), "Tin"): Text 'Tin' is set on object 'Object Repository/Page_Town Square - Team Mattermost/input_First Name_firstName'

2021-05-27 16:50:21 - [MESSAGE][PASSED] - Text 'Tin' is set on object 'Object Repository/Page_Town Square - Team Mattermost/input_First Name_firstName'

2021-05-27 16:50:21 - [TEST_STEP][PASSED] - setText(findTestObject("Object Repository/Page_Town Square - Team Mattermost/input_Last Name_lastName"), "Nguyen Ngoc"): Text 'Nguyen Ngoc' is set on object 'Object Repository/Page_Town Square - Team Mattermost/input_Last Name_lastName'

2021-05-27 16:50:22 - [MESSAGE][PASSED] - Text 'Nguyen Ngoc' is set on object 'Object Repository/Page_Town Square - Team Mattermost/input_Last Name_lastName'

2021-05-27 16:50:22 - [TEST_STEP][PASSED] - click(findTestObject("Object Repository/Page_Town Square - Team Mattermost/span_Save")): Object: 'Object Repository/Page_Town Square - Team Mattermost/span_Save' is clicked on

2021-05-27 16:50:23 - [MESSAGE][PASSED] - Object: 'Object Repository/Page_Town Square - Team Mattermost/span_Save' is clicked on

2021-05-27 16:50:23 - [TEST_STEP][PASSED] - click(findTestObject("Object Repository/Page_Town Square - Team Mattermost/button_Close")): Object: 'Object Repository/Page_Town Square - Team Mattermost/button_Close' is clicked on

2021-05-27 16:50:24 - [MESSAGE][PASSED] - Object: 'Object Repository/Page_Town Square - Team Mattermost/button_Close' is clicked on

2021-05-27 16:50:24 - [TEST_STEP][PASSED] - closeBrowser(): Browser is closed

2021-05-27 16:50:24 - [MESSAGE][PASSED] - Browser is closed]]></system-out>
         <system-err><![CDATA[]]></system-err>
      </testcase>
      <testcase name="Test Cases/UpdateMemberRole" time="20.925" classname="Test Cases/UpdateMemberRole" status="PASSED">
         <system-out><![CDATA[2021-05-27 16:50:24 - [TEST_CASE][PASSED] - Test Cases/UpdateMemberRole: Test Cases/UpdateMemberRole

2021-05-27 16:50:25 - [TEST_STEP][PASSED] - openBrowser("https://cdnc-group2.herokuapp.com/"): Browser is opened with url: 'https://cdnc-group2.herokuapp.com/'

2021-05-27 16:50:25 - [MESSAGE][INFO] - Starting 'Chrome' driver

2021-05-27 16:50:25 - [MESSAGE][INFO] - Action delay is set to 0 milliseconds

2021-05-27 16:50:29 - [MESSAGE][PASSED] - Browser is opened with url: 'https://cdnc-group2.herokuapp.com/'

2021-05-27 16:50:29 - [TEST_STEP][PASSED] - setText(findTestObject("Login/input_Email"), "ngoctin040999@gmail.com"): Text 'ngoctin040999@gmail.com' is set on object 'Object Repository/Login/input_Email'

2021-05-27 16:50:34 - [MESSAGE][PASSED] - Text 'ngoctin040999@gmail.com' is set on object 'Object Repository/Login/input_Email'

2021-05-27 16:50:34 - [TEST_STEP][PASSED] - setText(findTestObject("Login/input_Password"), "ngoctin1"): Text 'ngoctin1' is set on object 'Object Repository/Login/input_Password'

2021-05-27 16:50:35 - [MESSAGE][PASSED] - Text 'ngoctin1' is set on object 'Object Repository/Login/input_Password'

2021-05-27 16:50:35 - [TEST_STEP][PASSED] - click(findTestObject("Login/button_Sign in")): Object: 'Object Repository/Login/button_Sign in' is clicked on

2021-05-27 16:50:36 - [MESSAGE][PASSED] - Object: 'Object Repository/Login/button_Sign in' is clicked on

2021-05-27 16:50:36 - [TEST_STEP][PASSED] - delay(2): Delayed 2 second(s)

2021-05-27 16:50:38 - [MESSAGE][PASSED] - Delayed 2 second(s)

2021-05-27 16:50:38 - [TEST_STEP][PASSED] - click(findTestObject("UpdatePassword/button_Option")): Object: 'Object Repository/UpdatePassword/button_Option' is clicked on

2021-05-27 16:50:39 - [MESSAGE][PASSED] - Object: 'Object Repository/UpdatePassword/button_Option' is clicked on

2021-05-27 16:50:39 - [TEST_STEP][PASSED] - click(findTestObject("Update Member Role/button_Manage Members")): Object: 'Object Repository/Update Member Role/button_Manage Members' is clicked on

2021-05-27 16:50:40 - [MESSAGE][PASSED] - Object: 'Object Repository/Update Member Role/button_Manage Members' is clicked on

2021-05-27 16:50:40 - [TEST_STEP][PASSED] - click(findTestObject("Update Member Role/button_Member")): Object: 'Object Repository/Update Member Role/button_Member' is clicked on

2021-05-27 16:50:41 - [MESSAGE][PASSED] - Object: 'Object Repository/Update Member Role/button_Member' is clicked on

2021-05-27 16:50:41 - [TEST_STEP][PASSED] - click(findTestObject("Update Member Role/button_Make Team Admin")): Object: 'Object Repository/Update Member Role/button_Make Team Admin' is clicked on

2021-05-27 16:50:41 - [MESSAGE][PASSED] - Object: 'Object Repository/Update Member Role/button_Make Team Admin' is clicked on

2021-05-27 16:50:41 - [TEST_STEP][PASSED] - verifyElementVisible(findTestObject("Update Member Role/span_Team Admin")): Object 'Object Repository/Update Member Role/span_Team Admin' is visible

2021-05-27 16:50:42 - [MESSAGE][PASSED] - Object 'Object Repository/Update Member Role/span_Team Admin' is visible

2021-05-27 16:50:42 - [TEST_STEP][PASSED] - delay(2): Delayed 2 second(s)

2021-05-27 16:50:44 - [MESSAGE][PASSED] - Delayed 2 second(s)

2021-05-27 16:50:44 - [TEST_STEP][PASSED] - closeBrowser(): Browser is closed

2021-05-27 16:50:45 - [MESSAGE][PASSED] - Browser is closed]]></system-out>
         <system-err><![CDATA[]]></system-err>
      </testcase>
      <testcase name="Test Cases/UpdatePurposeChannel" time="30.983" classname="Test Cases/UpdatePurposeChannel" status="PASSED">
         <system-out><![CDATA[2021-05-27 16:50:45 - [TEST_CASE][PASSED] - Test Cases/UpdatePurposeChannel: Test Cases/UpdatePurposeChannel

2021-05-27 16:50:45 - [TEST_STEP][PASSED] - openBrowser(""): Browser is opened with url: ''

2021-05-27 16:50:45 - [MESSAGE][INFO] - Starting 'Chrome' driver

2021-05-27 16:50:45 - [MESSAGE][INFO] - Action delay is set to 0 milliseconds

2021-05-27 16:50:47 - [MESSAGE][PASSED] - Browser is opened with url: ''

2021-05-27 16:50:47 - [TEST_STEP][PASSED] - navigateToUrl("https://cdnc-group2.herokuapp.com/"): Navigate to 'https://cdnc-group2.herokuapp.com/' successfully

2021-05-27 16:50:50 - [MESSAGE][PASSED] - Navigate to 'https://cdnc-group2.herokuapp.com/' successfully

2021-05-27 16:50:50 - [TEST_STEP][PASSED] - setText(findTestObject("Object Repository/Page_Mattermost/input_All team communication in one place, _dcc84b"), "ngoctin040999@gmail.com"): Text 'ngoctin040999@gmail.com' is set on object 'Object Repository/Page_Mattermost/input_All team communication in one place, _dcc84b'

2021-05-27 16:50:55 - [MESSAGE][PASSED] - Text 'ngoctin040999@gmail.com' is set on object 'Object Repository/Page_Mattermost/input_All team communication in one place, _dcc84b'

2021-05-27 16:50:55 - [TEST_STEP][PASSED] - setEncryptedText(findTestObject("Object Repository/Page_Mattermost/input_All team communication in one place, _a3edc6"), "S8w1SJvl7D1hts9IdMV+NQ=="): Text ****** has been set on object 'Object Repository/Page_Mattermost/input_All team communication in one place, _a3edc6'

2021-05-27 16:50:56 - [MESSAGE][PASSED] - Text ****** has been set on object 'Object Repository/Page_Mattermost/input_All team communication in one place, _a3edc6'

2021-05-27 16:50:56 - [TEST_STEP][PASSED] - sendKeys(findTestObject("Object Repository/Page_Mattermost/input_All team communication in one place, _a3edc6"), Keys.chord(ENTER)): Keys 'ENTER + ' sent to object: 'Object Repository/Page_Mattermost/input_All team communication in one place, _a3edc6'

2021-05-27 16:50:56 - [MESSAGE][PASSED] - Keys 'ENTER + ' sent to object: 'Object Repository/Page_Mattermost/input_All team communication in one place, _a3edc6'

2021-05-27 16:50:56 - [TEST_STEP][PASSED] - click(findTestObject("Object Repository/Page_Town Square - Team Mattermost/span_Test 123")): Object: 'Object Repository/Page_Town Square - Team Mattermost/span_Test 123' is clicked on

2021-05-27 16:51:00 - [MESSAGE][PASSED] - Object: 'Object Repository/Page_Town Square - Team Mattermost/span_Test 123' is clicked on

2021-05-27 16:51:00 - [TEST_STEP][PASSED] - click(findTestObject("Object Repository/Page_Test 123 - Team Mattermost/span_Test 123_channelHeaderDropdownIcon")): Object: 'Object Repository/Page_Test 123 - Team Mattermost/span_Test 123_channelHeaderDropdownIcon' is clicked on

2021-05-27 16:51:01 - [MESSAGE][PASSED] - Object: 'Object Repository/Page_Test 123 - Team Mattermost/span_Test 123_channelHeaderDropdownIcon' is clicked on

2021-05-27 16:51:01 - [TEST_STEP][PASSED] - click(findTestObject("Object Repository/Page_Test 123 - Team Mattermost/span_Edit Channel Purpose")): Object: 'Object Repository/Page_Test 123 - Team Mattermost/span_Edit Channel Purpose' is clicked on

2021-05-27 16:51:02 - [MESSAGE][PASSED] - Object: 'Object Repository/Page_Test 123 - Team Mattermost/span_Edit Channel Purpose' is clicked on

2021-05-27 16:51:02 - [TEST_STEP][PASSED] - setText(findTestObject("Object Repository/Page_Test 123 - Team Mattermost/textarea_dasdasdasasd"), ""): Text '' is set on object 'Object Repository/Page_Test 123 - Team Mattermost/textarea_dasdasdasasd'

2021-05-27 16:51:04 - [MESSAGE][PASSED] - Text '' is set on object 'Object Repository/Page_Test 123 - Team Mattermost/textarea_dasdasdasasd'

2021-05-27 16:51:04 - [TEST_STEP][PASSED] - setText(findTestObject("Object Repository/Page_Test 123 - Team Mattermost/textarea_Test 123_form-control no-resize"), "d"): Text 'd' is set on object 'Object Repository/Page_Test 123 - Team Mattermost/textarea_Test 123_form-control no-resize'

2021-05-27 16:51:04 - [MESSAGE][PASSED] - Text 'd' is set on object 'Object Repository/Page_Test 123 - Team Mattermost/textarea_Test 123_form-control no-resize'

2021-05-27 16:51:04 - [TEST_STEP][PASSED] - setText(findTestObject("Object Repository/Page_Test 123 - Team Mattermost/textarea_d"), "da"): Text 'da' is set on object 'Object Repository/Page_Test 123 - Team Mattermost/textarea_d'

2021-05-27 16:51:05 - [MESSAGE][PASSED] - Text 'da' is set on object 'Object Repository/Page_Test 123 - Team Mattermost/textarea_d'

2021-05-27 16:51:05 - [TEST_STEP][PASSED] - setText(findTestObject("Object Repository/Page_Test 123 - Team Mattermost/textarea_da"), "das"): Text 'das' is set on object 'Object Repository/Page_Test 123 - Team Mattermost/textarea_da'

2021-05-27 16:51:06 - [MESSAGE][PASSED] - Text 'das' is set on object 'Object Repository/Page_Test 123 - Team Mattermost/textarea_da'

2021-05-27 16:51:06 - [TEST_STEP][PASSED] - setText(findTestObject("Object Repository/Page_Test 123 - Team Mattermost/textarea_das"), "dasd"): Text 'dasd' is set on object 'Object Repository/Page_Test 123 - Team Mattermost/textarea_das'

2021-05-27 16:51:07 - [MESSAGE][PASSED] - Text 'dasd' is set on object 'Object Repository/Page_Test 123 - Team Mattermost/textarea_das'

2021-05-27 16:51:07 - [TEST_STEP][PASSED] - setText(findTestObject("Object Repository/Page_Test 123 - Team Mattermost/textarea_dasd"), "dasda"): Text 'dasda' is set on object 'Object Repository/Page_Test 123 - Team Mattermost/textarea_dasd'

2021-05-27 16:51:08 - [MESSAGE][PASSED] - Text 'dasda' is set on object 'Object Repository/Page_Test 123 - Team Mattermost/textarea_dasd'

2021-05-27 16:51:08 - [TEST_STEP][PASSED] - setText(findTestObject("Object Repository/Page_Test 123 - Team Mattermost/textarea_dasda"), "dasdas"): Text 'dasdas' is set on object 'Object Repository/Page_Test 123 - Team Mattermost/textarea_dasda'

2021-05-27 16:51:09 - [MESSAGE][PASSED] - Text 'dasdas' is set on object 'Object Repository/Page_Test 123 - Team Mattermost/textarea_dasda'

2021-05-27 16:51:09 - [TEST_STEP][PASSED] - setText(findTestObject("Object Repository/Page_Test 123 - Team Mattermost/textarea_dasdas"), "dasdasd"): Text 'dasdasd' is set on object 'Object Repository/Page_Test 123 - Team Mattermost/textarea_dasdas'

2021-05-27 16:51:10 - [MESSAGE][PASSED] - Text 'dasdasd' is set on object 'Object Repository/Page_Test 123 - Team Mattermost/textarea_dasdas'

2021-05-27 16:51:10 - [TEST_STEP][PASSED] - setText(findTestObject("Object Repository/Page_Test 123 - Team Mattermost/textarea_dasdasd"), "dasdasda"): Text 'dasdasda' is set on object 'Object Repository/Page_Test 123 - Team Mattermost/textarea_dasdasd'

2021-05-27 16:51:11 - [MESSAGE][PASSED] - Text 'dasdasda' is set on object 'Object Repository/Page_Test 123 - Team Mattermost/textarea_dasdasd'

2021-05-27 16:51:11 - [TEST_STEP][PASSED] - setText(findTestObject("Object Repository/Page_Test 123 - Team Mattermost/textarea_dasdasda"), "dasdasdas"): Text 'dasdasdas' is set on object 'Object Repository/Page_Test 123 - Team Mattermost/textarea_dasdasda'

2021-05-27 16:51:11 - [MESSAGE][PASSED] - Text 'dasdasdas' is set on object 'Object Repository/Page_Test 123 - Team Mattermost/textarea_dasdasda'

2021-05-27 16:51:11 - [TEST_STEP][PASSED] - setText(findTestObject("Object Repository/Page_Test 123 - Team Mattermost/textarea_dasdasdas"), "dasdasdasd"): Text 'dasdasdasd' is set on object 'Object Repository/Page_Test 123 - Team Mattermost/textarea_dasdasdas'

2021-05-27 16:51:12 - [MESSAGE][PASSED] - Text 'dasdasdasd' is set on object 'Object Repository/Page_Test 123 - Team Mattermost/textarea_dasdasdas'

2021-05-27 16:51:12 - [TEST_STEP][PASSED] - setText(findTestObject("Object Repository/Page_Test 123 - Team Mattermost/textarea_dasdasdasd"), "dasdasdasda"): Text 'dasdasdasda' is set on object 'Object Repository/Page_Test 123 - Team Mattermost/textarea_dasdasdasd'

2021-05-27 16:51:13 - [MESSAGE][PASSED] - Text 'dasdasdasda' is set on object 'Object Repository/Page_Test 123 - Team Mattermost/textarea_dasdasdasd'

2021-05-27 16:51:13 - [TEST_STEP][PASSED] - setText(findTestObject("Object Repository/Page_Test 123 - Team Mattermost/textarea_dasdasdasda"), "dasdasdasdas"): Text 'dasdasdasdas' is set on object 'Object Repository/Page_Test 123 - Team Mattermost/textarea_dasdasdasda'

2021-05-27 16:51:14 - [MESSAGE][PASSED] - Text 'dasdasdasdas' is set on object 'Object Repository/Page_Test 123 - Team Mattermost/textarea_dasdasdasda'

2021-05-27 16:51:14 - [TEST_STEP][PASSED] - setText(findTestObject("Object Repository/Page_Test 123 - Team Mattermost/textarea_dasdasdasdas"), "dasdasdasdasd"): Text 'dasdasdasdasd' is set on object 'Object Repository/Page_Test 123 - Team Mattermost/textarea_dasdasdasdas'

2021-05-27 16:51:15 - [MESSAGE][PASSED] - Text 'dasdasdasdasd' is set on object 'Object Repository/Page_Test 123 - Team Mattermost/textarea_dasdasdasdas'

2021-05-27 16:51:15 - [TEST_STEP][PASSED] - click(findTestObject("Object Repository/Page_Test 123 - Team Mattermost/button_Save")): Object: 'Object Repository/Page_Test 123 - Team Mattermost/button_Save' is clicked on

2021-05-27 16:51:15 - [MESSAGE][PASSED] - Object: 'Object Repository/Page_Test 123 - Team Mattermost/button_Save' is clicked on

2021-05-27 16:51:15 - [TEST_STEP][PASSED] - closeBrowser(): Browser is closed

2021-05-27 16:51:16 - [MESSAGE][PASSED] - Browser is closed]]></system-out>
         <system-err><![CDATA[]]></system-err>
      </testcase>
      <testcase name="Test Cases/UpdateTeamDescription" time="141.928" classname="Test Cases/UpdateTeamDescription" status="FAILED">
         <failure type="FAILED" message="Test Cases/UpdateTeamDescription FAILED.
Reason:
com.kms.katalon.core.exception.StepFailedException: Unable to click on object 'Object Repository/Page_Town Square - TOKEN_UPDATED Mattermost/span_'
	at com.kms.katalon.core.webui.keyword.internal.WebUIKeywordMain.stepFailed(WebUIKeywordMain.groovy:64)
	at com.kms.katalon.core.webui.keyword.internal.WebUIKeywordMain.runKeyword(WebUIKeywordMain.groovy:26)
	at com.kms.katalon.core.webui.keyword.builtin.ClickKeyword.click(ClickKeyword.groovy:75)
	at com.kms.katalon.core.webui.keyword.builtin.ClickKeyword.execute(ClickKeyword.groovy:42)
	at com.kms.katalon.core.keyword.internal.KeywordExecutor.executeKeywordForPlatform(KeywordExecutor.groovy:73)
	at com.kms.katalon.core.webui.keyword.WebUiBuiltInKeywords.click(WebUiBuiltInKeywords.groovy:619)
	at com.kms.katalon.core.webui.keyword.WebUiBuiltInKeywords$click$2.call(Unknown Source)
	at UpdateTeamDescription.run(UpdateTeamDescription:44)
	at com.kms.katalon.core.main.ScriptEngine.run(ScriptEngine.java:194)
	at com.kms.katalon.core.main.ScriptEngine.runScriptAsRawText(ScriptEngine.java:119)
	at com.kms.katalon.core.main.TestCaseExecutor.runScript(TestCaseExecutor.java:398)
	at com.kms.katalon.core.main.TestCaseExecutor.doExecute(TestCaseExecutor.java:389)
	at com.kms.katalon.core.main.TestCaseExecutor.processExecutionPhase(TestCaseExecutor.java:368)
	at com.kms.katalon.core.main.TestCaseExecutor.accessMainPhase(TestCaseExecutor.java:360)
	at com.kms.katalon.core.main.TestCaseExecutor.execute(TestCaseExecutor.java:255)
	at com.kms.katalon.core.main.TestSuiteExecutor.accessTestCaseMainPhase(TestSuiteExecutor.java:203)
	at com.kms.katalon.core.main.TestSuiteExecutor.accessTestSuiteMainPhase(TestSuiteExecutor.java:152)
	at com.kms.katalon.core.main.TestSuiteExecutor.execute(TestSuiteExecutor.java:95)
	at com.kms.katalon.core.main.TestCaseMain.startTestSuite(TestCaseMain.java:157)
	at com.kms.katalon.core.main.TestCaseMain$startTestSuite$0.call(Unknown Source)
	at TempTestSuite1622108298394.run(TempTestSuite1622108298394.groovy:39)
Caused by: org.openqa.selenium.ElementClickInterceptedException: element click intercepted: Element &lt;span>...&lt;/span> is not clickable at point (258, 625). Other element would receive the click: &lt;div role=&quot;dialog&quot; aria-labelledby=&quot;teamSettingsModalLabel&quot; id=&quot;teamSettingsModal&quot; tabindex=&quot;-1&quot; class=&quot;fade in modal&quot; style=&quot;display: block;&quot;>...&lt;/div>
  (Session info: chrome=90.0.4430.212)
Build info: version: '3.141.59', revision: 'e82be7d358', time: '2018-11-14T08:25:53'
System info: host: 'DESKTOP-55NS62S', ip: '172.24.112.1', os.name: 'Windows 10', os.arch: 'amd64', os.version: '10.0', java.version: '1.8.0_282'
Driver info: com.kms.katalon.selenium.driver.CChromeDriver
Capabilities {acceptInsecureCerts: false, browserName: chrome, browserVersion: 90.0.4430.212, chrome: {chromedriverVersion: 90.0.4430.24 (4c6d850f087da..., userDataDir: C:\Users\NgocTin\AppData\Lo...}, goog:chromeOptions: {debuggerAddress: localhost:53799}, javascriptEnabled: true, networkConnectionEnabled: false, pageLoadStrategy: normal, platform: WINDOWS, platformName: WINDOWS, proxy: Proxy(), setWindowRect: true, strictFileInteractability: false, timeouts: {implicit: 0, pageLoad: 300000, script: 30000}, unhandledPromptBehavior: dismiss and notify, webauthn:extension:largeBlob: true, webauthn:virtualAuthenticators: true}
Session ID: 76d7e4f8b93d591ab5481817dfc42587
	at org.openqa.selenium.remote.http.W3CHttpResponseCodec.createException(W3CHttpResponseCodec.java:187)
	at org.openqa.selenium.remote.http.W3CHttpResponseCodec.decode(W3CHttpResponseCodec.java:122)
	at org.openqa.selenium.remote.http.W3CHttpResponseCodec.decode(W3CHttpResponseCodec.java:49)
	at org.openqa.selenium.remote.HttpCommandExecutor.execute(HttpCommandExecutor.java:158)
	at org.openqa.selenium.remote.service.DriverCommandExecutor.execute(DriverCommandExecutor.java:83)
	at org.openqa.selenium.remote.RemoteWebDriver.execute(RemoteWebDriver.java:552)
	at com.kms.katalon.selenium.driver.CChromeDriver.execute(CChromeDriver.java:19)
	at org.openqa.selenium.remote.RemoteWebElement.execute(RemoteWebElement.java:285)
	at org.openqa.selenium.remote.RemoteWebElement.click(RemoteWebElement.java:84)
	at org.openqa.selenium.support.events.EventFiringWebDriver$EventFiringWebElement.lambda$new$0(EventFiringWebDriver.java:404)
	at com.sun.proxy.$Proxy11.click(Unknown Source)
	at org.openqa.selenium.support.events.EventFiringWebDriver$EventFiringWebElement.click(EventFiringWebDriver.java:417)
	at com.kms.katalon.core.webui.keyword.builtin.ClickKeyword$_click_closure1.doCall(ClickKeyword.groovy:68)
	at com.kms.katalon.core.webui.keyword.builtin.ClickKeyword$_click_closure1.call(ClickKeyword.groovy)
	at com.kms.katalon.core.webui.keyword.internal.WebUIKeywordMain.runKeyword(WebUIKeywordMain.groovy:20)
	... 19 more
"/>
         <system-out><![CDATA[2021-05-27 16:51:16 - [TEST_CASE][FAILED] - Test Cases/UpdateTeamDescription: Test Cases/UpdateTeamDescription FAILED.
Reason:
com.kms.katalon.core.exception.StepFailedException: Unable to click on object 'Object Repository/Page_Town Square - TOKEN_UPDATED Mattermost/span_'
	at com.kms.katalon.core.webui.keyword.internal.WebUIKeywordMain.stepFailed(WebUIKeywordMain.groovy:64)
	at com.kms.katalon.core.webui.keyword.internal.WebUIKeywordMain.runKeyword(WebUIKeywordMain.groovy:26)
	at com.kms.katalon.core.webui.keyword.builtin.ClickKeyword.click(ClickKeyword.groovy:75)
	at com.kms.katalon.core.webui.keyword.builtin.ClickKeyword.execute(ClickKeyword.groovy:42)
	at com.kms.katalon.core.keyword.internal.KeywordExecutor.executeKeywordForPlatform(KeywordExecutor.groovy:73)
	at com.kms.katalon.core.webui.keyword.WebUiBuiltInKeywords.click(WebUiBuiltInKeywords.groovy:619)
	at com.kms.katalon.core.webui.keyword.WebUiBuiltInKeywords$click$2.call(Unknown Source)
	at UpdateTeamDescription.run(UpdateTeamDescription:44)
	at com.kms.katalon.core.main.ScriptEngine.run(ScriptEngine.java:194)
	at com.kms.katalon.core.main.ScriptEngine.runScriptAsRawText(ScriptEngine.java:119)
	at com.kms.katalon.core.main.TestCaseExecutor.runScript(TestCaseExecutor.java:398)
	at com.kms.katalon.core.main.TestCaseExecutor.doExecute(TestCaseExecutor.java:389)
	at com.kms.katalon.core.main.TestCaseExecutor.processExecutionPhase(TestCaseExecutor.java:368)
	at com.kms.katalon.core.main.TestCaseExecutor.accessMainPhase(TestCaseExecutor.java:360)
	at com.kms.katalon.core.main.TestCaseExecutor.execute(TestCaseExecutor.java:255)
	at com.kms.katalon.core.main.TestSuiteExecutor.accessTestCaseMainPhase(TestSuiteExecutor.java:203)
	at com.kms.katalon.core.main.TestSuiteExecutor.accessTestSuiteMainPhase(TestSuiteExecutor.java:152)
	at com.kms.katalon.core.main.TestSuiteExecutor.execute(TestSuiteExecutor.java:95)
	at com.kms.katalon.core.main.TestCaseMain.startTestSuite(TestCaseMain.java:157)
	at com.kms.katalon.core.main.TestCaseMain$startTestSuite$0.call(Unknown Source)
	at TempTestSuite1622108298394.run(TempTestSuite1622108298394.groovy:39)
Caused by: org.openqa.selenium.ElementClickInterceptedException: element click intercepted: Element <span>...</span> is not clickable at point (258, 625). Other element would receive the click: <div role="dialog" aria-labelledby="teamSettingsModalLabel" id="teamSettingsModal" tabindex="-1" class="fade in modal" style="display: block;">...</div>
  (Session info: chrome=90.0.4430.212)
Build info: version: '3.141.59', revision: 'e82be7d358', time: '2018-11-14T08:25:53'
System info: host: 'DESKTOP-55NS62S', ip: '172.24.112.1', os.name: 'Windows 10', os.arch: 'amd64', os.version: '10.0', java.version: '1.8.0_282'
Driver info: com.kms.katalon.selenium.driver.CChromeDriver
Capabilities {acceptInsecureCerts: false, browserName: chrome, browserVersion: 90.0.4430.212, chrome: {chromedriverVersion: 90.0.4430.24 (4c6d850f087da..., userDataDir: C:\Users\NgocTin\AppData\Lo...}, goog:chromeOptions: {debuggerAddress: localhost:53799}, javascriptEnabled: true, networkConnectionEnabled: false, pageLoadStrategy: normal, platform: WINDOWS, platformName: WINDOWS, proxy: Proxy(), setWindowRect: true, strictFileInteractability: false, timeouts: {implicit: 0, pageLoad: 300000, script: 30000}, unhandledPromptBehavior: dismiss and notify, webauthn:extension:largeBlob: true, webauthn:virtualAuthenticators: true}
Session ID: 76d7e4f8b93d591ab5481817dfc42587
	at org.openqa.selenium.remote.http.W3CHttpResponseCodec.createException(W3CHttpResponseCodec.java:187)
	at org.openqa.selenium.remote.http.W3CHttpResponseCodec.decode(W3CHttpResponseCodec.java:122)
	at org.openqa.selenium.remote.http.W3CHttpResponseCodec.decode(W3CHttpResponseCodec.java:49)
	at org.openqa.selenium.remote.HttpCommandExecutor.execute(HttpCommandExecutor.java:158)
	at org.openqa.selenium.remote.service.DriverCommandExecutor.execute(DriverCommandExecutor.java:83)
	at org.openqa.selenium.remote.RemoteWebDriver.execute(RemoteWebDriver.java:552)
	at com.kms.katalon.selenium.driver.CChromeDriver.execute(CChromeDriver.java:19)
	at org.openqa.selenium.remote.RemoteWebElement.execute(RemoteWebElement.java:285)
	at org.openqa.selenium.remote.RemoteWebElement.click(RemoteWebElement.java:84)
	at org.openqa.selenium.support.events.EventFiringWebDriver$EventFiringWebElement.lambda$new$0(EventFiringWebDriver.java:404)
	at com.sun.proxy.$Proxy11.click(Unknown Source)
	at org.openqa.selenium.support.events.EventFiringWebDriver$EventFiringWebElement.click(EventFiringWebDriver.java:417)
	at com.kms.katalon.core.webui.keyword.builtin.ClickKeyword$_click_closure1.doCall(ClickKeyword.groovy:68)
	at com.kms.katalon.core.webui.keyword.builtin.ClickKeyword$_click_closure1.call(ClickKeyword.groovy)
	at com.kms.katalon.core.webui.keyword.internal.WebUIKeywordMain.runKeyword(WebUIKeywordMain.groovy:20)
	... 19 more


2021-05-27 16:51:16 - [TEST_STEP][PASSED] - openBrowser(""): Browser is opened with url: ''

2021-05-27 16:51:16 - [MESSAGE][INFO] - Starting 'Chrome' driver

2021-05-27 16:51:16 - [MESSAGE][INFO] - Action delay is set to 0 milliseconds

2021-05-27 16:51:18 - [MESSAGE][PASSED] - Browser is opened with url: ''

2021-05-27 16:51:18 - [TEST_STEP][PASSED] - navigateToUrl("https://cdnc-group2.herokuapp.com/"): Navigate to 'https://cdnc-group2.herokuapp.com/' successfully

2021-05-27 16:51:22 - [MESSAGE][PASSED] - Navigate to 'https://cdnc-group2.herokuapp.com/' successfully

2021-05-27 16:51:22 - [TEST_STEP][PASSED] - setText(findTestObject("Object Repository/Page_Mattermost/input_All team communication in one place, _dcc84b"), "ngoctin040999@gmail.com"): Text 'ngoctin040999@gmail.com' is set on object 'Object Repository/Page_Mattermost/input_All team communication in one place, _dcc84b'

2021-05-27 16:51:26 - [MESSAGE][PASSED] - Text 'ngoctin040999@gmail.com' is set on object 'Object Repository/Page_Mattermost/input_All team communication in one place, _dcc84b'

2021-05-27 16:51:26 - [TEST_STEP][PASSED] - setEncryptedText(findTestObject("Object Repository/Page_Mattermost/input_All team communication in one place, _a3edc6"), "S8w1SJvl7D1hts9IdMV+NQ=="): Text ****** has been set on object 'Object Repository/Page_Mattermost/input_All team communication in one place, _a3edc6'

2021-05-27 16:51:27 - [MESSAGE][PASSED] - Text ****** has been set on object 'Object Repository/Page_Mattermost/input_All team communication in one place, _a3edc6'

2021-05-27 16:51:27 - [TEST_STEP][PASSED] - click(findTestObject("Object Repository/Page_Mattermost/button_Sign in")): Object: 'Object Repository/Page_Mattermost/button_Sign in' is clicked on

2021-05-27 16:51:28 - [MESSAGE][PASSED] - Object: 'Object Repository/Page_Mattermost/button_Sign in' is clicked on

2021-05-27 16:51:28 - [TEST_STEP][PASSED] - click(findTestObject("Object Repository/Page_Town Square - TOKEN_UPDATED Mattermost/div_TO")): Object: 'Object Repository/Page_Town Square - TOKEN_UPDATED Mattermost/div_TO' is clicked on

2021-05-27 16:51:59 - [MESSAGE][INFO] - Unable to find the element located by 'By.xpath: //a[@id='fsdfsdfTeamButton']/div/div/div/div'. Please recheck the objects properties to make sure the desired element is located. 

2021-05-27 16:51:59 - [MESSAGE][WARNING] - [SELF-HEALING] Failed to find element with id 'Object Repository/Page_Town Square - TOKEN_UPDATED Mattermost/div_TO'. Try using Self-healing.

2021-05-27 16:51:59 - [MESSAGE][WARNING] - [SELF-HEALING] The current locator of test object 'Object Repository/Page_Town Square - TOKEN_UPDATED Mattermost/div_TO' was broken. Propose an alternative one: '//a/div/div/div/div'.

2021-05-27 16:51:59 - [MESSAGE][PASSED] - Object: 'Object Repository/Page_Town Square - TOKEN_UPDATED Mattermost/div_TO' is clicked on

2021-05-27 16:51:59 - [TEST_STEP][PASSED] - click(findTestObject("Object Repository/Page_Town Square - TOKEN_UPDATED Mattermost/path")): Object: 'Object Repository/Page_Town Square - TOKEN_UPDATED Mattermost/path' is clicked on

2021-05-27 16:52:31 - [MESSAGE][INFO] - Unable to find the element located by 'By.xpath: '. Please recheck the objects properties to make sure the desired element is located. 

2021-05-27 16:52:31 - [MESSAGE][WARNING] - [SELF-HEALING] Failed to find element with id 'Object Repository/Page_Town Square - TOKEN_UPDATED Mattermost/path'. Try using Self-healing.

2021-05-27 16:52:31 - [MESSAGE][WARNING] - [SELF-HEALING] The current locator of test object 'Object Repository/Page_Town Square - TOKEN_UPDATED Mattermost/path' was broken. Propose an alternative one: 'g > path'.

2021-05-27 16:52:31 - [MESSAGE][PASSED] - Object: 'Object Repository/Page_Town Square - TOKEN_UPDATED Mattermost/path' is clicked on

2021-05-27 16:52:31 - [TEST_STEP][PASSED] - click(findTestObject("Object Repository/Page_Town Square - TOKEN_UPDATED Mattermost/button_Team Settings")): Object: 'Object Repository/Page_Town Square - TOKEN_UPDATED Mattermost/button_Team Settings' is clicked on

2021-05-27 16:52:32 - [MESSAGE][PASSED] - Object: 'Object Repository/Page_Town Square - TOKEN_UPDATED Mattermost/button_Team Settings' is clicked on

2021-05-27 16:52:32 - [TEST_STEP][PASSED] - click(findTestObject("Object Repository/Page_Town Square - TOKEN_UPDATED Mattermost/span_Edit")): Object: 'Object Repository/Page_Town Square - TOKEN_UPDATED Mattermost/span_Edit' is clicked on

2021-05-27 16:53:03 - [MESSAGE][INFO] - Unable to find the element located by 'By.xpath: //button[@id='usernameEdit']/span'. Please recheck the objects properties to make sure the desired element is located. 

2021-05-27 16:53:03 - [MESSAGE][WARNING] - [SELF-HEALING] Failed to find element with id 'Object Repository/Page_Town Square - TOKEN_UPDATED Mattermost/span_Edit'. Try using Self-healing.

2021-05-27 16:53:04 - [MESSAGE][WARNING] - [SELF-HEALING] The current locator of test object 'Object Repository/Page_Town Square - TOKEN_UPDATED Mattermost/span_Edit' was broken. Propose an alternative one: '//div[4]/div/div/button/span'.

2021-05-27 16:53:04 - [MESSAGE][PASSED] - Object: 'Object Repository/Page_Town Square - TOKEN_UPDATED Mattermost/span_Edit' is clicked on

2021-05-27 16:53:04 - [TEST_STEP][PASSED] - setText(findTestObject("Object Repository/Page_Town Square - TOKEN_UPDATED Mattermost/input_Team Description_teamDescription"), "TOKEN TEAM"): Text 'TOKEN TEAM' is set on object 'Object Repository/Page_Town Square - TOKEN_UPDATED Mattermost/input_Team Description_teamDescription'

2021-05-27 16:53:05 - [MESSAGE][PASSED] - Text 'TOKEN TEAM' is set on object 'Object Repository/Page_Town Square - TOKEN_UPDATED Mattermost/input_Team Description_teamDescription'

2021-05-27 16:53:05 - [TEST_STEP][PASSED] - click(findTestObject("Object Repository/Page_Town Square - TOKEN_UPDATED Mattermost/span_Save")): Object: 'Object Repository/Page_Town Square - TOKEN_UPDATED Mattermost/span_Save' is clicked on

2021-05-27 16:53:05 - [MESSAGE][PASSED] - Object: 'Object Repository/Page_Town Square - TOKEN_UPDATED Mattermost/span_Save' is clicked on

2021-05-27 16:53:05 - [TEST_STEP][FAILED] - click(findTestObject("Object Repository/Page_Town Square - TOKEN_UPDATED Mattermost/span_")): Unable to click on object 'Object Repository/Page_Town Square - TOKEN_UPDATED Mattermost/span_' (Root cause: com.kms.katalon.core.exception.StepFailedException: Unable to click on object 'Object Repository/Page_Town Square - TOKEN_UPDATED Mattermost/span_'
	at com.kms.katalon.core.webui.keyword.internal.WebUIKeywordMain.stepFailed(WebUIKeywordMain.groovy:64)
	at com.kms.katalon.core.webui.keyword.internal.WebUIKeywordMain.runKeyword(WebUIKeywordMain.groovy:26)
	at com.kms.katalon.core.webui.keyword.builtin.ClickKeyword.click(ClickKeyword.groovy:75)
	at com.kms.katalon.core.webui.keyword.builtin.ClickKeyword.execute(ClickKeyword.groovy:42)
	at com.kms.katalon.core.keyword.internal.KeywordExecutor.executeKeywordForPlatform(KeywordExecutor.groovy:73)
	at com.kms.katalon.core.webui.keyword.WebUiBuiltInKeywords.click(WebUiBuiltInKeywords.groovy:619)
	at com.kms.katalon.core.webui.keyword.WebUiBuiltInKeywords$click$2.call(Unknown Source)
	at UpdateTeamDescription.run(UpdateTeamDescription:44)
	at com.kms.katalon.core.main.ScriptEngine.run(ScriptEngine.java:194)
	at com.kms.katalon.core.main.ScriptEngine.runScriptAsRawText(ScriptEngine.java:119)
	at com.kms.katalon.core.main.TestCaseExecutor.runScript(TestCaseExecutor.java:398)
	at com.kms.katalon.core.main.TestCaseExecutor.doExecute(TestCaseExecutor.java:389)
	at com.kms.katalon.core.main.TestCaseExecutor.processExecutionPhase(TestCaseExecutor.java:368)
	at com.kms.katalon.core.main.TestCaseExecutor.accessMainPhase(TestCaseExecutor.java:360)
	at com.kms.katalon.core.main.TestCaseExecutor.execute(TestCaseExecutor.java:255)
	at com.kms.katalon.core.main.TestSuiteExecutor.accessTestCaseMainPhase(TestSuiteExecutor.java:203)
	at com.kms.katalon.core.main.TestSuiteExecutor.accessTestSuiteMainPhase(TestSuiteExecutor.java:152)
	at com.kms.katalon.core.main.TestSuiteExecutor.execute(TestSuiteExecutor.java:95)
	at com.kms.katalon.core.main.TestCaseMain.startTestSuite(TestCaseMain.java:157)
	at com.kms.katalon.core.main.TestCaseMain$startTestSuite$0.call(Unknown Source)
	at TempTestSuite1622108298394.run(TempTestSuite1622108298394.groovy:39)
Caused by: org.openqa.selenium.ElementClickInterceptedException: element click intercepted: Element <span>...</span> is not clickable at point (258, 625). Other element would receive the click: <div role="dialog" aria-labelledby="teamSettingsModalLabel" id="teamSettingsModal" tabindex="-1" class="fade in modal" style="display: block;">...</div>
  (Session info: chrome=90.0.4430.212)
Build info: version: '3.141.59', revision: 'e82be7d358', time: '2018-11-14T08:25:53'
System info: host: 'DESKTOP-55NS62S', ip: '172.24.112.1', os.name: 'Windows 10', os.arch: 'amd64', os.version: '10.0', java.version: '1.8.0_282'
Driver info: com.kms.katalon.selenium.driver.CChromeDriver
Capabilities {acceptInsecureCerts: false, browserName: chrome, browserVersion: 90.0.4430.212, chrome: {chromedriverVersion: 90.0.4430.24 (4c6d850f087da..., userDataDir: C:\Users\NgocTin\AppData\Lo...}, goog:chromeOptions: {debuggerAddress: localhost:53799}, javascriptEnabled: true, networkConnectionEnabled: false, pageLoadStrategy: normal, platform: WINDOWS, platformName: WINDOWS, proxy: Proxy(), setWindowRect: true, strictFileInteractability: false, timeouts: {implicit: 0, pageLoad: 300000, script: 30000}, unhandledPromptBehavior: dismiss and notify, webauthn:extension:largeBlob: true, webauthn:virtualAuthenticators: true}
Session ID: 76d7e4f8b93d591ab5481817dfc42587
	at org.openqa.selenium.remote.http.W3CHttpResponseCodec.createException(W3CHttpResponseCodec.java:187)
	at org.openqa.selenium.remote.http.W3CHttpResponseCodec.decode(W3CHttpResponseCodec.java:122)
	at org.openqa.selenium.remote.http.W3CHttpResponseCodec.decode(W3CHttpResponseCodec.java:49)
	at org.openqa.selenium.remote.HttpCommandExecutor.execute(HttpCommandExecutor.java:158)
	at org.openqa.selenium.remote.service.DriverCommandExecutor.execute(DriverCommandExecutor.java:83)
	at org.openqa.selenium.remote.RemoteWebDriver.execute(RemoteWebDriver.java:552)
	at com.kms.katalon.selenium.driver.CChromeDriver.execute(CChromeDriver.java:19)
	at org.openqa.selenium.remote.RemoteWebElement.execute(RemoteWebElement.java:285)
	at org.openqa.selenium.remote.RemoteWebElement.click(RemoteWebElement.java:84)
	at org.openqa.selenium.support.events.EventFiringWebDriver$EventFiringWebElement.lambda$new$0(EventFiringWebDriver.java:404)
	at com.sun.proxy.$Proxy11.click(Unknown Source)
	at org.openqa.selenium.support.events.EventFiringWebDriver$EventFiringWebElement.click(EventFiringWebDriver.java:417)
	at com.kms.katalon.core.webui.keyword.builtin.ClickKeyword$_click_closure1.doCall(ClickKeyword.groovy:68)
	at com.kms.katalon.core.webui.keyword.builtin.ClickKeyword$_click_closure1.call(ClickKeyword.groovy)
	at com.kms.katalon.core.webui.keyword.internal.WebUIKeywordMain.runKeyword(WebUIKeywordMain.groovy:20)
	at com.kms.katalon.core.webui.keyword.builtin.ClickKeyword.click(ClickKeyword.groovy:75)
	at com.kms.katalon.core.webui.keyword.builtin.ClickKeyword.execute(ClickKeyword.groovy:42)
	at com.kms.katalon.core.keyword.internal.KeywordExecutor.executeKeywordForPlatform(KeywordExecutor.groovy:73)
	at com.kms.katalon.core.webui.keyword.WebUiBuiltInKeywords.click(WebUiBuiltInKeywords.groovy:619)
	at com.kms.katalon.core.webui.keyword.WebUiBuiltInKeywords$click$2.call(Unknown Source)
	at Script1621607224487.run(Script1621607224487.groovy:44)
	... 13 more
)

2021-05-27 16:53:36 - [MESSAGE][INFO] - Unable to find the element located by 'By.xpath: //div[@id='accountSettingsHeader']/button/span'. Please recheck the objects properties to make sure the desired element is located. 

2021-05-27 16:53:36 - [MESSAGE][WARNING] - [SELF-HEALING] Failed to find element with id 'Object Repository/Page_Town Square - TOKEN_UPDATED Mattermost/span_'. Try using Self-healing.

2021-05-27 16:53:37 - [MESSAGE][WARNING] - [SELF-HEALING] The current locator of test object 'Object Repository/Page_Town Square - TOKEN_UPDATED Mattermost/span_' was broken. Propose an alternative one: '//button[@id='addDirectChannel']/span'.

2021-05-27 16:53:38 - [MESSAGE][FAILED] - Unable to click on object 'Object Repository/Page_Town Square - TOKEN_UPDATED Mattermost/span_' (Root cause: com.kms.katalon.core.exception.StepFailedException: Unable to click on object 'Object Repository/Page_Town Square - TOKEN_UPDATED Mattermost/span_'
	at com.kms.katalon.core.webui.keyword.internal.WebUIKeywordMain.stepFailed(WebUIKeywordMain.groovy:64)
	at com.kms.katalon.core.webui.keyword.internal.WebUIKeywordMain.runKeyword(WebUIKeywordMain.groovy:26)
	at com.kms.katalon.core.webui.keyword.builtin.ClickKeyword.click(ClickKeyword.groovy:75)
	at com.kms.katalon.core.webui.keyword.builtin.ClickKeyword.execute(ClickKeyword.groovy:42)
	at com.kms.katalon.core.keyword.internal.KeywordExecutor.executeKeywordForPlatform(KeywordExecutor.groovy:73)
	at com.kms.katalon.core.webui.keyword.WebUiBuiltInKeywords.click(WebUiBuiltInKeywords.groovy:619)
	at com.kms.katalon.core.webui.keyword.WebUiBuiltInKeywords$click$2.call(Unknown Source)
	at UpdateTeamDescription.run(UpdateTeamDescription:44)
	at com.kms.katalon.core.main.ScriptEngine.run(ScriptEngine.java:194)
	at com.kms.katalon.core.main.ScriptEngine.runScriptAsRawText(ScriptEngine.java:119)
	at com.kms.katalon.core.main.TestCaseExecutor.runScript(TestCaseExecutor.java:398)
	at com.kms.katalon.core.main.TestCaseExecutor.doExecute(TestCaseExecutor.java:389)
	at com.kms.katalon.core.main.TestCaseExecutor.processExecutionPhase(TestCaseExecutor.java:368)
	at com.kms.katalon.core.main.TestCaseExecutor.accessMainPhase(TestCaseExecutor.java:360)
	at com.kms.katalon.core.main.TestCaseExecutor.execute(TestCaseExecutor.java:255)
	at com.kms.katalon.core.main.TestSuiteExecutor.accessTestCaseMainPhase(TestSuiteExecutor.java:203)
	at com.kms.katalon.core.main.TestSuiteExecutor.accessTestSuiteMainPhase(TestSuiteExecutor.java:152)
	at com.kms.katalon.core.main.TestSuiteExecutor.execute(TestSuiteExecutor.java:95)
	at com.kms.katalon.core.main.TestCaseMain.startTestSuite(TestCaseMain.java:157)
	at com.kms.katalon.core.main.TestCaseMain$startTestSuite$0.call(Unknown Source)
	at TempTestSuite1622108298394.run(TempTestSuite1622108298394.groovy:39)
Caused by: org.openqa.selenium.ElementClickInterceptedException: element click intercepted: Element <span>...</span> is not clickable at point (258, 625). Other element would receive the click: <div role="dialog" aria-labelledby="teamSettingsModalLabel" id="teamSettingsModal" tabindex="-1" class="fade in modal" style="display: block;">...</div>
  (Session info: chrome=90.0.4430.212)
Build info: version: '3.141.59', revision: 'e82be7d358', time: '2018-11-14T08:25:53'
System info: host: 'DESKTOP-55NS62S', ip: '172.24.112.1', os.name: 'Windows 10', os.arch: 'amd64', os.version: '10.0', java.version: '1.8.0_282'
Driver info: com.kms.katalon.selenium.driver.CChromeDriver
Capabilities {acceptInsecureCerts: false, browserName: chrome, browserVersion: 90.0.4430.212, chrome: {chromedriverVersion: 90.0.4430.24 (4c6d850f087da..., userDataDir: C:\Users\NgocTin\AppData\Lo...}, goog:chromeOptions: {debuggerAddress: localhost:53799}, javascriptEnabled: true, networkConnectionEnabled: false, pageLoadStrategy: normal, platform: WINDOWS, platformName: WINDOWS, proxy: Proxy(), setWindowRect: true, strictFileInteractability: false, timeouts: {implicit: 0, pageLoad: 300000, script: 30000}, unhandledPromptBehavior: dismiss and notify, webauthn:extension:largeBlob: true, webauthn:virtualAuthenticators: true}
Session ID: 76d7e4f8b93d591ab5481817dfc42587
	at org.openqa.selenium.remote.http.W3CHttpResponseCodec.createException(W3CHttpResponseCodec.java:187)
	at org.openqa.selenium.remote.http.W3CHttpResponseCodec.decode(W3CHttpResponseCodec.java:122)
	at org.openqa.selenium.remote.http.W3CHttpResponseCodec.decode(W3CHttpResponseCodec.java:49)
	at org.openqa.selenium.remote.HttpCommandExecutor.execute(HttpCommandExecutor.java:158)
	at org.openqa.selenium.remote.service.DriverCommandExecutor.execute(DriverCommandExecutor.java:83)
	at org.openqa.selenium.remote.RemoteWebDriver.execute(RemoteWebDriver.java:552)
	at com.kms.katalon.selenium.driver.CChromeDriver.execute(CChromeDriver.java:19)
	at org.openqa.selenium.remote.RemoteWebElement.execute(RemoteWebElement.java:285)
	at org.openqa.selenium.remote.RemoteWebElement.click(RemoteWebElement.java:84)
	at org.openqa.selenium.support.events.EventFiringWebDriver$EventFiringWebElement.lambda$new$0(EventFiringWebDriver.java:404)
	at com.sun.proxy.$Proxy11.click(Unknown Source)
	at org.openqa.selenium.support.events.EventFiringWebDriver$EventFiringWebElement.click(EventFiringWebDriver.java:417)
	at com.kms.katalon.core.webui.keyword.builtin.ClickKeyword$_click_closure1.doCall(ClickKeyword.groovy:68)
	at com.kms.katalon.core.webui.keyword.builtin.ClickKeyword$_click_closure1.call(ClickKeyword.groovy)
	at com.kms.katalon.core.webui.keyword.internal.WebUIKeywordMain.runKeyword(WebUIKeywordMain.groovy:20)
	at com.kms.katalon.core.webui.keyword.builtin.ClickKeyword.click(ClickKeyword.groovy:75)
	at com.kms.katalon.core.webui.keyword.builtin.ClickKeyword.execute(ClickKeyword.groovy:42)
	at com.kms.katalon.core.keyword.internal.KeywordExecutor.executeKeywordForPlatform(KeywordExecutor.groovy:73)
	at com.kms.katalon.core.webui.keyword.WebUiBuiltInKeywords.click(WebUiBuiltInKeywords.groovy:619)
	at com.kms.katalon.core.webui.keyword.WebUiBuiltInKeywords$click$2.call(Unknown Source)
	at Script1621607224487.run(Script1621607224487.groovy:44)
	... 13 more
)
[[ATTACHMENT|D:\\graduating-project\\advanced-subject-in-technology-software\\katalon\\Reports\\20210527_163818\\Run all test cases\\20210527_163818\\1622109218359.png]]]]></system-out>
         <system-err><![CDATA[2021-05-27 16:51:16 - [TEST_CASE][FAILED] - Test Cases/UpdateTeamDescription: Test Cases/UpdateTeamDescription FAILED.
Reason:
com.kms.katalon.core.exception.StepFailedException: Unable to click on object 'Object Repository/Page_Town Square - TOKEN_UPDATED Mattermost/span_'
	at com.kms.katalon.core.webui.keyword.internal.WebUIKeywordMain.stepFailed(WebUIKeywordMain.groovy:64)
	at com.kms.katalon.core.webui.keyword.internal.WebUIKeywordMain.runKeyword(WebUIKeywordMain.groovy:26)
	at com.kms.katalon.core.webui.keyword.builtin.ClickKeyword.click(ClickKeyword.groovy:75)
	at com.kms.katalon.core.webui.keyword.builtin.ClickKeyword.execute(ClickKeyword.groovy:42)
	at com.kms.katalon.core.keyword.internal.KeywordExecutor.executeKeywordForPlatform(KeywordExecutor.groovy:73)
	at com.kms.katalon.core.webui.keyword.WebUiBuiltInKeywords.click(WebUiBuiltInKeywords.groovy:619)
	at com.kms.katalon.core.webui.keyword.WebUiBuiltInKeywords$click$2.call(Unknown Source)
	at UpdateTeamDescription.run(UpdateTeamDescription:44)
	at com.kms.katalon.core.main.ScriptEngine.run(ScriptEngine.java:194)
	at com.kms.katalon.core.main.ScriptEngine.runScriptAsRawText(ScriptEngine.java:119)
	at com.kms.katalon.core.main.TestCaseExecutor.runScript(TestCaseExecutor.java:398)
	at com.kms.katalon.core.main.TestCaseExecutor.doExecute(TestCaseExecutor.java:389)
	at com.kms.katalon.core.main.TestCaseExecutor.processExecutionPhase(TestCaseExecutor.java:368)
	at com.kms.katalon.core.main.TestCaseExecutor.accessMainPhase(TestCaseExecutor.java:360)
	at com.kms.katalon.core.main.TestCaseExecutor.execute(TestCaseExecutor.java:255)
	at com.kms.katalon.core.main.TestSuiteExecutor.accessTestCaseMainPhase(TestSuiteExecutor.java:203)
	at com.kms.katalon.core.main.TestSuiteExecutor.accessTestSuiteMainPhase(TestSuiteExecutor.java:152)
	at com.kms.katalon.core.main.TestSuiteExecutor.execute(TestSuiteExecutor.java:95)
	at com.kms.katalon.core.main.TestCaseMain.startTestSuite(TestCaseMain.java:157)
	at com.kms.katalon.core.main.TestCaseMain$startTestSuite$0.call(Unknown Source)
	at TempTestSuite1622108298394.run(TempTestSuite1622108298394.groovy:39)
Caused by: org.openqa.selenium.ElementClickInterceptedException: element click intercepted: Element <span>...</span> is not clickable at point (258, 625). Other element would receive the click: <div role="dialog" aria-labelledby="teamSettingsModalLabel" id="teamSettingsModal" tabindex="-1" class="fade in modal" style="display: block;">...</div>
  (Session info: chrome=90.0.4430.212)
Build info: version: '3.141.59', revision: 'e82be7d358', time: '2018-11-14T08:25:53'
System info: host: 'DESKTOP-55NS62S', ip: '172.24.112.1', os.name: 'Windows 10', os.arch: 'amd64', os.version: '10.0', java.version: '1.8.0_282'
Driver info: com.kms.katalon.selenium.driver.CChromeDriver
Capabilities {acceptInsecureCerts: false, browserName: chrome, browserVersion: 90.0.4430.212, chrome: {chromedriverVersion: 90.0.4430.24 (4c6d850f087da..., userDataDir: C:\Users\NgocTin\AppData\Lo...}, goog:chromeOptions: {debuggerAddress: localhost:53799}, javascriptEnabled: true, networkConnectionEnabled: false, pageLoadStrategy: normal, platform: WINDOWS, platformName: WINDOWS, proxy: Proxy(), setWindowRect: true, strictFileInteractability: false, timeouts: {implicit: 0, pageLoad: 300000, script: 30000}, unhandledPromptBehavior: dismiss and notify, webauthn:extension:largeBlob: true, webauthn:virtualAuthenticators: true}
Session ID: 76d7e4f8b93d591ab5481817dfc42587
	at org.openqa.selenium.remote.http.W3CHttpResponseCodec.createException(W3CHttpResponseCodec.java:187)
	at org.openqa.selenium.remote.http.W3CHttpResponseCodec.decode(W3CHttpResponseCodec.java:122)
	at org.openqa.selenium.remote.http.W3CHttpResponseCodec.decode(W3CHttpResponseCodec.java:49)
	at org.openqa.selenium.remote.HttpCommandExecutor.execute(HttpCommandExecutor.java:158)
	at org.openqa.selenium.remote.service.DriverCommandExecutor.execute(DriverCommandExecutor.java:83)
	at org.openqa.selenium.remote.RemoteWebDriver.execute(RemoteWebDriver.java:552)
	at com.kms.katalon.selenium.driver.CChromeDriver.execute(CChromeDriver.java:19)
	at org.openqa.selenium.remote.RemoteWebElement.execute(RemoteWebElement.java:285)
	at org.openqa.selenium.remote.RemoteWebElement.click(RemoteWebElement.java:84)
	at org.openqa.selenium.support.events.EventFiringWebDriver$EventFiringWebElement.lambda$new$0(EventFiringWebDriver.java:404)
	at com.sun.proxy.$Proxy11.click(Unknown Source)
	at org.openqa.selenium.support.events.EventFiringWebDriver$EventFiringWebElement.click(EventFiringWebDriver.java:417)
	at com.kms.katalon.core.webui.keyword.builtin.ClickKeyword$_click_closure1.doCall(ClickKeyword.groovy:68)
	at com.kms.katalon.core.webui.keyword.builtin.ClickKeyword$_click_closure1.call(ClickKeyword.groovy)
	at com.kms.katalon.core.webui.keyword.internal.WebUIKeywordMain.runKeyword(WebUIKeywordMain.groovy:20)
	... 19 more]]></system-err>
      </testcase>
      <testcase name="Test Cases/UpdateTeamName" time="50.12" classname="Test Cases/UpdateTeamName" status="PASSED">
         <system-out><![CDATA[2021-05-27 16:53:38 - [TEST_CASE][PASSED] - Test Cases/UpdateTeamName: Test Cases/UpdateTeamName

2021-05-27 16:53:38 - [TEST_STEP][PASSED] - openBrowser(""): Browser is opened with url: ''

2021-05-27 16:53:38 - [MESSAGE][WARNING] - A browser is already opened. Closing browser and opening a new one

2021-05-27 16:53:39 - [MESSAGE][INFO] - Starting 'Chrome' driver

2021-05-27 16:53:39 - [MESSAGE][INFO] - Action delay is set to 0 milliseconds

2021-05-27 16:53:41 - [MESSAGE][PASSED] - Browser is opened with url: ''

2021-05-27 16:53:41 - [TEST_STEP][PASSED] - navigateToUrl("https://cdnc-group2.herokuapp.com/"): Navigate to 'https://cdnc-group2.herokuapp.com/' successfully

2021-05-27 16:53:44 - [MESSAGE][PASSED] - Navigate to 'https://cdnc-group2.herokuapp.com/' successfully

2021-05-27 16:53:44 - [TEST_STEP][PASSED] - setText(findTestObject("Object Repository/Page_Mattermost/input_All team communication in one place, _dcc84b"), "ngoctin040999@gmail.com"): Text 'ngoctin040999@gmail.com' is set on object 'Object Repository/Page_Mattermost/input_All team communication in one place, _dcc84b'

2021-05-27 16:53:49 - [MESSAGE][PASSED] - Text 'ngoctin040999@gmail.com' is set on object 'Object Repository/Page_Mattermost/input_All team communication in one place, _dcc84b'

2021-05-27 16:53:49 - [TEST_STEP][PASSED] - setEncryptedText(findTestObject("Object Repository/Page_Mattermost/input_All team communication in one place, _a3edc6"), "S8w1SJvl7D1hts9IdMV+NQ=="): Text ****** has been set on object 'Object Repository/Page_Mattermost/input_All team communication in one place, _a3edc6'

2021-05-27 16:53:50 - [MESSAGE][PASSED] - Text ****** has been set on object 'Object Repository/Page_Mattermost/input_All team communication in one place, _a3edc6'

2021-05-27 16:53:50 - [TEST_STEP][PASSED] - click(findTestObject("Object Repository/Page_Mattermost/span_Sign in")): Object: 'Object Repository/Page_Mattermost/span_Sign in' is clicked on

2021-05-27 16:53:50 - [MESSAGE][PASSED] - Object: 'Object Repository/Page_Mattermost/span_Sign in' is clicked on

2021-05-27 16:53:50 - [TEST_STEP][PASSED] - click(findTestObject("Object Repository/Page_Town Square - TOKEN Mattermost/div_TO")): Object: 'Object Repository/Page_Town Square - TOKEN Mattermost/div_TO' is clicked on

2021-05-27 16:54:21 - [MESSAGE][INFO] - Unable to find the element located by 'By.xpath: //a[@id='fsdfsdfTeamButton']/div/div/div/div'. Please recheck the objects properties to make sure the desired element is located. 

2021-05-27 16:54:21 - [MESSAGE][WARNING] - [SELF-HEALING] Failed to find element with id 'Object Repository/Page_Town Square - TOKEN Mattermost/div_TO'. Try using Self-healing.

2021-05-27 16:54:22 - [MESSAGE][WARNING] - [SELF-HEALING] The current locator of test object 'Object Repository/Page_Town Square - TOKEN Mattermost/div_TO' was broken. Propose an alternative one: '//a/div/div/div/div'.

2021-05-27 16:54:22 - [MESSAGE][PASSED] - Object: 'Object Repository/Page_Town Square - TOKEN Mattermost/div_TO' is clicked on

2021-05-27 16:54:22 - [TEST_STEP][PASSED] - click(findTestObject("Object Repository/Page_Town Square - TOKEN Mattermost/button_ngoctin02806_style--none sidebar-hea_8af0e1")): Object: 'Object Repository/Page_Town Square - TOKEN Mattermost/button_ngoctin02806_style--none sidebar-hea_8af0e1' is clicked on

2021-05-27 16:54:24 - [MESSAGE][PASSED] - Object: 'Object Repository/Page_Town Square - TOKEN Mattermost/button_ngoctin02806_style--none sidebar-hea_8af0e1' is clicked on

2021-05-27 16:54:24 - [TEST_STEP][PASSED] - click(findTestObject("Object Repository/Page_Town Square - TOKEN Mattermost/button_Team Settings")): Object: 'Object Repository/Page_Town Square - TOKEN Mattermost/button_Team Settings' is clicked on

2021-05-27 16:54:25 - [MESSAGE][PASSED] - Object: 'Object Repository/Page_Town Square - TOKEN Mattermost/button_Team Settings' is clicked on

2021-05-27 16:54:25 - [TEST_STEP][PASSED] - click(findTestObject("Object Repository/Page_Town Square - TOKEN Mattermost/button_Edit")): Object: 'Object Repository/Page_Town Square - TOKEN Mattermost/button_Edit' is clicked on

2021-05-27 16:54:25 - [MESSAGE][PASSED] - Object: 'Object Repository/Page_Town Square - TOKEN Mattermost/button_Edit' is clicked on

2021-05-27 16:54:25 - [TEST_STEP][PASSED] - setText(findTestObject("Object Repository/Page_Town Square - TOKEN Mattermost/input_Team Name_teamName"), "TOKEN_UPDATED"): Text 'TOKEN_UPDATED' is set on object 'Object Repository/Page_Town Square - TOKEN Mattermost/input_Team Name_teamName'

2021-05-27 16:54:26 - [MESSAGE][PASSED] - Text 'TOKEN_UPDATED' is set on object 'Object Repository/Page_Town Square - TOKEN Mattermost/input_Team Name_teamName'

2021-05-27 16:54:26 - [TEST_STEP][PASSED] - click(findTestObject("Object Repository/Page_Town Square - TOKEN Mattermost/span_Save")): Object: 'Object Repository/Page_Town Square - TOKEN Mattermost/span_Save' is clicked on

2021-05-27 16:54:27 - [MESSAGE][PASSED] - Object: 'Object Repository/Page_Town Square - TOKEN Mattermost/span_Save' is clicked on

2021-05-27 16:54:27 - [TEST_STEP][PASSED] - click(findTestObject("Page_Town Square - UpdateTeamName Mattermost/span_")): Object: 'Object Repository/Page_Town Square - UpdateTeamName Mattermost/span_' is clicked on

2021-05-27 16:54:28 - [MESSAGE][PASSED] - Object: 'Object Repository/Page_Town Square - UpdateTeamName Mattermost/span_' is clicked on

2021-05-27 16:54:28 - [TEST_STEP][PASSED] - closeBrowser(): Browser is closed

2021-05-27 16:54:28 - [MESSAGE][PASSED] - Browser is closed]]></system-out>
         <system-err><![CDATA[]]></system-err>
      </testcase>
      <testcase name="Test Cases/UpdateUsernameAccount" time="17.165" classname="Test Cases/UpdateUsernameAccount" status="PASSED">
         <system-out><![CDATA[2021-05-27 16:54:28 - [TEST_CASE][PASSED] - Test Cases/UpdateUsernameAccount: Test Cases/UpdateUsernameAccount

2021-05-27 16:54:28 - [TEST_STEP][PASSED] - openBrowser(""): Browser is opened with url: ''

2021-05-27 16:54:29 - [MESSAGE][INFO] - Starting 'Chrome' driver

2021-05-27 16:54:29 - [MESSAGE][INFO] - Action delay is set to 0 milliseconds

2021-05-27 16:54:30 - [MESSAGE][PASSED] - Browser is opened with url: ''

2021-05-27 16:54:30 - [TEST_STEP][PASSED] - navigateToUrl("https://cdnc-group2.herokuapp.com/"): Navigate to 'https://cdnc-group2.herokuapp.com/' successfully

2021-05-27 16:54:34 - [MESSAGE][PASSED] - Navigate to 'https://cdnc-group2.herokuapp.com/' successfully

2021-05-27 16:54:34 - [TEST_STEP][PASSED] - setText(findTestObject("Object Repository/Page_Mattermost/input_All team communication in one place, _dcc84b"), "ngoctin040999@gmail.com"): Text 'ngoctin040999@gmail.com' is set on object 'Object Repository/Page_Mattermost/input_All team communication in one place, _dcc84b'

2021-05-27 16:54:38 - [MESSAGE][PASSED] - Text 'ngoctin040999@gmail.com' is set on object 'Object Repository/Page_Mattermost/input_All team communication in one place, _dcc84b'

2021-05-27 16:54:38 - [TEST_STEP][PASSED] - setEncryptedText(findTestObject("Object Repository/Page_Mattermost/input_All team communication in one place, _a3edc6"), "S8w1SJvl7D1hts9IdMV+NQ=="): Text ****** has been set on object 'Object Repository/Page_Mattermost/input_All team communication in one place, _a3edc6'

2021-05-27 16:54:38 - [MESSAGE][PASSED] - Text ****** has been set on object 'Object Repository/Page_Mattermost/input_All team communication in one place, _a3edc6'

2021-05-27 16:54:38 - [TEST_STEP][PASSED] - click(findTestObject("Object Repository/Page_Mattermost/button_Sign in")): Object: 'Object Repository/Page_Mattermost/button_Sign in' is clicked on

2021-05-27 16:54:39 - [MESSAGE][PASSED] - Object: 'Object Repository/Page_Mattermost/button_Sign in' is clicked on

2021-05-27 16:54:39 - [TEST_STEP][PASSED] - click(findTestObject("Object Repository/Page_Town Square - TOKEN_UPDATED Mattermost/button_ngoctin02806_style--none sidebar-hea_8af0e1")): Object: 'Object Repository/Page_Town Square - TOKEN_UPDATED Mattermost/button_ngoctin02806_style--none sidebar-hea_8af0e1' is clicked on

2021-05-27 16:54:42 - [MESSAGE][PASSED] - Object: 'Object Repository/Page_Town Square - TOKEN_UPDATED Mattermost/button_ngoctin02806_style--none sidebar-hea_8af0e1' is clicked on

2021-05-27 16:54:42 - [TEST_STEP][PASSED] - click(findTestObject("Object Repository/Page_Town Square - TOKEN_UPDATED Mattermost/button_Account Settings")): Object: 'Object Repository/Page_Town Square - TOKEN_UPDATED Mattermost/button_Account Settings' is clicked on

2021-05-27 16:54:42 - [MESSAGE][PASSED] - Object: 'Object Repository/Page_Town Square - TOKEN_UPDATED Mattermost/button_Account Settings' is clicked on

2021-05-27 16:54:42 - [TEST_STEP][PASSED] - click(findTestObject("Object Repository/Page_Town Square - TOKEN_UPDATED Mattermost/span_Edit")): Object: 'Object Repository/Page_Town Square - TOKEN_UPDATED Mattermost/span_Edit' is clicked on

2021-05-27 16:54:43 - [MESSAGE][PASSED] - Object: 'Object Repository/Page_Town Square - TOKEN_UPDATED Mattermost/span_Edit' is clicked on

2021-05-27 16:54:43 - [TEST_STEP][PASSED] - setText(findTestObject("Object Repository/Page_Town Square - TOKEN_UPDATED Mattermost/input_Username_username"), "ngoctin12345"): Text 'ngoctin12345' is set on object 'Object Repository/Page_Town Square - TOKEN_UPDATED Mattermost/input_Username_username'

2021-05-27 16:54:44 - [MESSAGE][PASSED] - Text 'ngoctin12345' is set on object 'Object Repository/Page_Town Square - TOKEN_UPDATED Mattermost/input_Username_username'

2021-05-27 16:54:44 - [TEST_STEP][PASSED] - click(findTestObject("Object Repository/Page_Town Square - TOKEN_UPDATED Mattermost/button_Save")): Object: 'Object Repository/Page_Town Square - TOKEN_UPDATED Mattermost/button_Save' is clicked on

2021-05-27 16:54:44 - [MESSAGE][PASSED] - Object: 'Object Repository/Page_Town Square - TOKEN_UPDATED Mattermost/button_Save' is clicked on

2021-05-27 16:54:44 - [TEST_STEP][PASSED] - click(findTestObject("Object Repository/Page_Town Square - TOKEN_UPDATED Mattermost/button_Close")): Object: 'Object Repository/Page_Town Square - TOKEN_UPDATED Mattermost/button_Close' is clicked on

2021-05-27 16:54:45 - [MESSAGE][PASSED] - Object: 'Object Repository/Page_Town Square - TOKEN_UPDATED Mattermost/button_Close' is clicked on

2021-05-27 16:54:45 - [TEST_STEP][PASSED] - closeBrowser(): Browser is closed

2021-05-27 16:54:45 - [MESSAGE][PASSED] - Browser is closed]]></system-out>
         <system-err><![CDATA[]]></system-err>
      </testcase>
      <testcase name="Test Cases/WriteDirectMessage" time="42.803" classname="Test Cases/WriteDirectMessage" status="FAILED">
         <failure type="FAILED" message="Test Cases/WriteDirectMessage FAILED.
Reason:
com.kms.katalon.core.exception.StepFailedException: Unable to click on object 'Object Repository/Page_Town Square - TOKEN_UPDATED Mattermost/span_'
	at com.kms.katalon.core.webui.keyword.internal.WebUIKeywordMain.stepFailed(WebUIKeywordMain.groovy:64)
	at com.kms.katalon.core.webui.keyword.internal.WebUIKeywordMain.runKeyword(WebUIKeywordMain.groovy:26)
	at com.kms.katalon.core.webui.keyword.builtin.ClickKeyword.click(ClickKeyword.groovy:75)
	at com.kms.katalon.core.webui.keyword.builtin.ClickKeyword.execute(ClickKeyword.groovy:42)
	at com.kms.katalon.core.keyword.internal.KeywordExecutor.executeKeywordForPlatform(KeywordExecutor.groovy:73)
	at com.kms.katalon.core.webui.keyword.WebUiBuiltInKeywords.click(WebUiBuiltInKeywords.groovy:619)
	at com.kms.katalon.core.webui.keyword.WebUiBuiltInKeywords$click$2.call(Unknown Source)
	at WriteDirectMessage.run(WriteDirectMessage:31)
	at com.kms.katalon.core.main.ScriptEngine.run(ScriptEngine.java:194)
	at com.kms.katalon.core.main.ScriptEngine.runScriptAsRawText(ScriptEngine.java:119)
	at com.kms.katalon.core.main.TestCaseExecutor.runScript(TestCaseExecutor.java:398)
	at com.kms.katalon.core.main.TestCaseExecutor.doExecute(TestCaseExecutor.java:389)
	at com.kms.katalon.core.main.TestCaseExecutor.processExecutionPhase(TestCaseExecutor.java:368)
	at com.kms.katalon.core.main.TestCaseExecutor.accessMainPhase(TestCaseExecutor.java:360)
	at com.kms.katalon.core.main.TestCaseExecutor.execute(TestCaseExecutor.java:255)
	at com.kms.katalon.core.main.TestSuiteExecutor.accessTestCaseMainPhase(TestSuiteExecutor.java:203)
	at com.kms.katalon.core.main.TestSuiteExecutor.accessTestSuiteMainPhase(TestSuiteExecutor.java:152)
	at com.kms.katalon.core.main.TestSuiteExecutor.execute(TestSuiteExecutor.java:95)
	at com.kms.katalon.core.main.TestCaseMain.startTestSuite(TestCaseMain.java:157)
	at com.kms.katalon.core.main.TestCaseMain$startTestSuite$0.call(Unknown Source)
	at TempTestSuite1622108298394.run(TempTestSuite1622108298394.groovy:39)
Caused by: org.openqa.selenium.ElementNotInteractableException: element not interactable
  (Session info: chrome=90.0.4430.212)
Build info: version: '3.141.59', revision: 'e82be7d358', time: '2018-11-14T08:25:53'
System info: host: 'DESKTOP-55NS62S', ip: '172.24.112.1', os.name: 'Windows 10', os.arch: 'amd64', os.version: '10.0', java.version: '1.8.0_282'
Driver info: com.kms.katalon.selenium.driver.CChromeDriver
Capabilities {acceptInsecureCerts: false, browserName: chrome, browserVersion: 90.0.4430.212, chrome: {chromedriverVersion: 90.0.4430.24 (4c6d850f087da..., userDataDir: C:\Users\NgocTin\AppData\Lo...}, goog:chromeOptions: {debuggerAddress: localhost:53919}, javascriptEnabled: true, networkConnectionEnabled: false, pageLoadStrategy: normal, platform: WINDOWS, platformName: WINDOWS, proxy: Proxy(), setWindowRect: true, strictFileInteractability: false, timeouts: {implicit: 0, pageLoad: 300000, script: 30000}, unhandledPromptBehavior: dismiss and notify, webauthn:extension:largeBlob: true, webauthn:virtualAuthenticators: true}
Session ID: b20d4b4e70d1fdeb22c498ff8c1aa2f1
	at org.openqa.selenium.remote.http.W3CHttpResponseCodec.createException(W3CHttpResponseCodec.java:187)
	at org.openqa.selenium.remote.http.W3CHttpResponseCodec.decode(W3CHttpResponseCodec.java:122)
	at org.openqa.selenium.remote.http.W3CHttpResponseCodec.decode(W3CHttpResponseCodec.java:49)
	at org.openqa.selenium.remote.HttpCommandExecutor.execute(HttpCommandExecutor.java:158)
	at org.openqa.selenium.remote.service.DriverCommandExecutor.execute(DriverCommandExecutor.java:83)
	at org.openqa.selenium.remote.RemoteWebDriver.execute(RemoteWebDriver.java:552)
	at com.kms.katalon.selenium.driver.CChromeDriver.execute(CChromeDriver.java:19)
	at org.openqa.selenium.remote.RemoteWebElement.execute(RemoteWebElement.java:285)
	at org.openqa.selenium.remote.RemoteWebElement.click(RemoteWebElement.java:84)
	at org.openqa.selenium.support.events.EventFiringWebDriver$EventFiringWebElement.lambda$new$0(EventFiringWebDriver.java:404)
	at com.sun.proxy.$Proxy11.click(Unknown Source)
	at org.openqa.selenium.support.events.EventFiringWebDriver$EventFiringWebElement.click(EventFiringWebDriver.java:417)
	at com.kms.katalon.core.webui.keyword.builtin.ClickKeyword$_click_closure1.doCall(ClickKeyword.groovy:68)
	at com.kms.katalon.core.webui.keyword.builtin.ClickKeyword$_click_closure1.call(ClickKeyword.groovy)
	at com.kms.katalon.core.webui.keyword.internal.WebUIKeywordMain.runKeyword(WebUIKeywordMain.groovy:20)
	... 19 more
"/>
         <system-out><![CDATA[2021-05-27 16:54:45 - [TEST_CASE][FAILED] - Test Cases/WriteDirectMessage: Test Cases/WriteDirectMessage FAILED.
Reason:
com.kms.katalon.core.exception.StepFailedException: Unable to click on object 'Object Repository/Page_Town Square - TOKEN_UPDATED Mattermost/span_'
	at com.kms.katalon.core.webui.keyword.internal.WebUIKeywordMain.stepFailed(WebUIKeywordMain.groovy:64)
	at com.kms.katalon.core.webui.keyword.internal.WebUIKeywordMain.runKeyword(WebUIKeywordMain.groovy:26)
	at com.kms.katalon.core.webui.keyword.builtin.ClickKeyword.click(ClickKeyword.groovy:75)
	at com.kms.katalon.core.webui.keyword.builtin.ClickKeyword.execute(ClickKeyword.groovy:42)
	at com.kms.katalon.core.keyword.internal.KeywordExecutor.executeKeywordForPlatform(KeywordExecutor.groovy:73)
	at com.kms.katalon.core.webui.keyword.WebUiBuiltInKeywords.click(WebUiBuiltInKeywords.groovy:619)
	at com.kms.katalon.core.webui.keyword.WebUiBuiltInKeywords$click$2.call(Unknown Source)
	at WriteDirectMessage.run(WriteDirectMessage:31)
	at com.kms.katalon.core.main.ScriptEngine.run(ScriptEngine.java:194)
	at com.kms.katalon.core.main.ScriptEngine.runScriptAsRawText(ScriptEngine.java:119)
	at com.kms.katalon.core.main.TestCaseExecutor.runScript(TestCaseExecutor.java:398)
	at com.kms.katalon.core.main.TestCaseExecutor.doExecute(TestCaseExecutor.java:389)
	at com.kms.katalon.core.main.TestCaseExecutor.processExecutionPhase(TestCaseExecutor.java:368)
	at com.kms.katalon.core.main.TestCaseExecutor.accessMainPhase(TestCaseExecutor.java:360)
	at com.kms.katalon.core.main.TestCaseExecutor.execute(TestCaseExecutor.java:255)
	at com.kms.katalon.core.main.TestSuiteExecutor.accessTestCaseMainPhase(TestSuiteExecutor.java:203)
	at com.kms.katalon.core.main.TestSuiteExecutor.accessTestSuiteMainPhase(TestSuiteExecutor.java:152)
	at com.kms.katalon.core.main.TestSuiteExecutor.execute(TestSuiteExecutor.java:95)
	at com.kms.katalon.core.main.TestCaseMain.startTestSuite(TestCaseMain.java:157)
	at com.kms.katalon.core.main.TestCaseMain$startTestSuite$0.call(Unknown Source)
	at TempTestSuite1622108298394.run(TempTestSuite1622108298394.groovy:39)
Caused by: org.openqa.selenium.ElementNotInteractableException: element not interactable
  (Session info: chrome=90.0.4430.212)
Build info: version: '3.141.59', revision: 'e82be7d358', time: '2018-11-14T08:25:53'
System info: host: 'DESKTOP-55NS62S', ip: '172.24.112.1', os.name: 'Windows 10', os.arch: 'amd64', os.version: '10.0', java.version: '1.8.0_282'
Driver info: com.kms.katalon.selenium.driver.CChromeDriver
Capabilities {acceptInsecureCerts: false, browserName: chrome, browserVersion: 90.0.4430.212, chrome: {chromedriverVersion: 90.0.4430.24 (4c6d850f087da..., userDataDir: C:\Users\NgocTin\AppData\Lo...}, goog:chromeOptions: {debuggerAddress: localhost:53919}, javascriptEnabled: true, networkConnectionEnabled: false, pageLoadStrategy: normal, platform: WINDOWS, platformName: WINDOWS, proxy: Proxy(), setWindowRect: true, strictFileInteractability: false, timeouts: {implicit: 0, pageLoad: 300000, script: 30000}, unhandledPromptBehavior: dismiss and notify, webauthn:extension:largeBlob: true, webauthn:virtualAuthenticators: true}
Session ID: b20d4b4e70d1fdeb22c498ff8c1aa2f1
	at org.openqa.selenium.remote.http.W3CHttpResponseCodec.createException(W3CHttpResponseCodec.java:187)
	at org.openqa.selenium.remote.http.W3CHttpResponseCodec.decode(W3CHttpResponseCodec.java:122)
	at org.openqa.selenium.remote.http.W3CHttpResponseCodec.decode(W3CHttpResponseCodec.java:49)
	at org.openqa.selenium.remote.HttpCommandExecutor.execute(HttpCommandExecutor.java:158)
	at org.openqa.selenium.remote.service.DriverCommandExecutor.execute(DriverCommandExecutor.java:83)
	at org.openqa.selenium.remote.RemoteWebDriver.execute(RemoteWebDriver.java:552)
	at com.kms.katalon.selenium.driver.CChromeDriver.execute(CChromeDriver.java:19)
	at org.openqa.selenium.remote.RemoteWebElement.execute(RemoteWebElement.java:285)
	at org.openqa.selenium.remote.RemoteWebElement.click(RemoteWebElement.java:84)
	at org.openqa.selenium.support.events.EventFiringWebDriver$EventFiringWebElement.lambda$new$0(EventFiringWebDriver.java:404)
	at com.sun.proxy.$Proxy11.click(Unknown Source)
	at org.openqa.selenium.support.events.EventFiringWebDriver$EventFiringWebElement.click(EventFiringWebDriver.java:417)
	at com.kms.katalon.core.webui.keyword.builtin.ClickKeyword$_click_closure1.doCall(ClickKeyword.groovy:68)
	at com.kms.katalon.core.webui.keyword.builtin.ClickKeyword$_click_closure1.call(ClickKeyword.groovy)
	at com.kms.katalon.core.webui.keyword.internal.WebUIKeywordMain.runKeyword(WebUIKeywordMain.groovy:20)
	... 19 more


2021-05-27 16:54:46 - [TEST_STEP][PASSED] - openBrowser(""): Browser is opened with url: ''

2021-05-27 16:54:46 - [MESSAGE][INFO] - Starting 'Chrome' driver

2021-05-27 16:54:46 - [MESSAGE][INFO] - Action delay is set to 0 milliseconds

2021-05-27 16:54:47 - [MESSAGE][PASSED] - Browser is opened with url: ''

2021-05-27 16:54:47 - [TEST_STEP][PASSED] - navigateToUrl("https://cdnc-group2.herokuapp.com/"): Navigate to 'https://cdnc-group2.herokuapp.com/' successfully

2021-05-27 16:54:51 - [MESSAGE][PASSED] - Navigate to 'https://cdnc-group2.herokuapp.com/' successfully

2021-05-27 16:54:51 - [TEST_STEP][PASSED] - setText(findTestObject("Object Repository/Page_Mattermost/input_All team communication in one place, _dcc84b"), "ngoctin040999@gmail.com"): Text 'ngoctin040999@gmail.com' is set on object 'Object Repository/Page_Mattermost/input_All team communication in one place, _dcc84b'

2021-05-27 16:54:55 - [MESSAGE][PASSED] - Text 'ngoctin040999@gmail.com' is set on object 'Object Repository/Page_Mattermost/input_All team communication in one place, _dcc84b'

2021-05-27 16:54:55 - [TEST_STEP][PASSED] - setEncryptedText(findTestObject("Object Repository/Page_Mattermost/input_All team communication in one place, _a3edc6"), "S8w1SJvl7D1hts9IdMV+NQ=="): Text ****** has been set on object 'Object Repository/Page_Mattermost/input_All team communication in one place, _a3edc6'

2021-05-27 16:54:56 - [MESSAGE][PASSED] - Text ****** has been set on object 'Object Repository/Page_Mattermost/input_All team communication in one place, _a3edc6'

2021-05-27 16:54:56 - [TEST_STEP][PASSED] - click(findTestObject("Object Repository/Page_Mattermost/span_Sign in")): Object: 'Object Repository/Page_Mattermost/span_Sign in' is clicked on

2021-05-27 16:54:57 - [MESSAGE][PASSED] - Object: 'Object Repository/Page_Mattermost/span_Sign in' is clicked on

2021-05-27 16:54:57 - [TEST_STEP][FAILED] - click(findTestObject("Object Repository/Page_Town Square - TOKEN_UPDATED Mattermost/span_")): Unable to click on object 'Object Repository/Page_Town Square - TOKEN_UPDATED Mattermost/span_' (Root cause: com.kms.katalon.core.exception.StepFailedException: Unable to click on object 'Object Repository/Page_Town Square - TOKEN_UPDATED Mattermost/span_'
	at com.kms.katalon.core.webui.keyword.internal.WebUIKeywordMain.stepFailed(WebUIKeywordMain.groovy:64)
	at com.kms.katalon.core.webui.keyword.internal.WebUIKeywordMain.runKeyword(WebUIKeywordMain.groovy:26)
	at com.kms.katalon.core.webui.keyword.builtin.ClickKeyword.click(ClickKeyword.groovy:75)
	at com.kms.katalon.core.webui.keyword.builtin.ClickKeyword.execute(ClickKeyword.groovy:42)
	at com.kms.katalon.core.keyword.internal.KeywordExecutor.executeKeywordForPlatform(KeywordExecutor.groovy:73)
	at com.kms.katalon.core.webui.keyword.WebUiBuiltInKeywords.click(WebUiBuiltInKeywords.groovy:619)
	at com.kms.katalon.core.webui.keyword.WebUiBuiltInKeywords$click$2.call(Unknown Source)
	at WriteDirectMessage.run(WriteDirectMessage:31)
	at com.kms.katalon.core.main.ScriptEngine.run(ScriptEngine.java:194)
	at com.kms.katalon.core.main.ScriptEngine.runScriptAsRawText(ScriptEngine.java:119)
	at com.kms.katalon.core.main.TestCaseExecutor.runScript(TestCaseExecutor.java:398)
	at com.kms.katalon.core.main.TestCaseExecutor.doExecute(TestCaseExecutor.java:389)
	at com.kms.katalon.core.main.TestCaseExecutor.processExecutionPhase(TestCaseExecutor.java:368)
	at com.kms.katalon.core.main.TestCaseExecutor.accessMainPhase(TestCaseExecutor.java:360)
	at com.kms.katalon.core.main.TestCaseExecutor.execute(TestCaseExecutor.java:255)
	at com.kms.katalon.core.main.TestSuiteExecutor.accessTestCaseMainPhase(TestSuiteExecutor.java:203)
	at com.kms.katalon.core.main.TestSuiteExecutor.accessTestSuiteMainPhase(TestSuiteExecutor.java:152)
	at com.kms.katalon.core.main.TestSuiteExecutor.execute(TestSuiteExecutor.java:95)
	at com.kms.katalon.core.main.TestCaseMain.startTestSuite(TestCaseMain.java:157)
	at com.kms.katalon.core.main.TestCaseMain$startTestSuite$0.call(Unknown Source)
	at TempTestSuite1622108298394.run(TempTestSuite1622108298394.groovy:39)
Caused by: org.openqa.selenium.ElementNotInteractableException: element not interactable
  (Session info: chrome=90.0.4430.212)
Build info: version: '3.141.59', revision: 'e82be7d358', time: '2018-11-14T08:25:53'
System info: host: 'DESKTOP-55NS62S', ip: '172.24.112.1', os.name: 'Windows 10', os.arch: 'amd64', os.version: '10.0', java.version: '1.8.0_282'
Driver info: com.kms.katalon.selenium.driver.CChromeDriver
Capabilities {acceptInsecureCerts: false, browserName: chrome, browserVersion: 90.0.4430.212, chrome: {chromedriverVersion: 90.0.4430.24 (4c6d850f087da..., userDataDir: C:\Users\NgocTin\AppData\Lo...}, goog:chromeOptions: {debuggerAddress: localhost:53919}, javascriptEnabled: true, networkConnectionEnabled: false, pageLoadStrategy: normal, platform: WINDOWS, platformName: WINDOWS, proxy: Proxy(), setWindowRect: true, strictFileInteractability: false, timeouts: {implicit: 0, pageLoad: 300000, script: 30000}, unhandledPromptBehavior: dismiss and notify, webauthn:extension:largeBlob: true, webauthn:virtualAuthenticators: true}
Session ID: b20d4b4e70d1fdeb22c498ff8c1aa2f1
	at org.openqa.selenium.remote.http.W3CHttpResponseCodec.createException(W3CHttpResponseCodec.java:187)
	at org.openqa.selenium.remote.http.W3CHttpResponseCodec.decode(W3CHttpResponseCodec.java:122)
	at org.openqa.selenium.remote.http.W3CHttpResponseCodec.decode(W3CHttpResponseCodec.java:49)
	at org.openqa.selenium.remote.HttpCommandExecutor.execute(HttpCommandExecutor.java:158)
	at org.openqa.selenium.remote.service.DriverCommandExecutor.execute(DriverCommandExecutor.java:83)
	at org.openqa.selenium.remote.RemoteWebDriver.execute(RemoteWebDriver.java:552)
	at com.kms.katalon.selenium.driver.CChromeDriver.execute(CChromeDriver.java:19)
	at org.openqa.selenium.remote.RemoteWebElement.execute(RemoteWebElement.java:285)
	at org.openqa.selenium.remote.RemoteWebElement.click(RemoteWebElement.java:84)
	at org.openqa.selenium.support.events.EventFiringWebDriver$EventFiringWebElement.lambda$new$0(EventFiringWebDriver.java:404)
	at com.sun.proxy.$Proxy11.click(Unknown Source)
	at org.openqa.selenium.support.events.EventFiringWebDriver$EventFiringWebElement.click(EventFiringWebDriver.java:417)
	at com.kms.katalon.core.webui.keyword.builtin.ClickKeyword$_click_closure1.doCall(ClickKeyword.groovy:68)
	at com.kms.katalon.core.webui.keyword.builtin.ClickKeyword$_click_closure1.call(ClickKeyword.groovy)
	at com.kms.katalon.core.webui.keyword.internal.WebUIKeywordMain.runKeyword(WebUIKeywordMain.groovy:20)
	at com.kms.katalon.core.webui.keyword.builtin.ClickKeyword.click(ClickKeyword.groovy:75)
	at com.kms.katalon.core.webui.keyword.builtin.ClickKeyword.execute(ClickKeyword.groovy:42)
	at com.kms.katalon.core.keyword.internal.KeywordExecutor.executeKeywordForPlatform(KeywordExecutor.groovy:73)
	at com.kms.katalon.core.webui.keyword.WebUiBuiltInKeywords.click(WebUiBuiltInKeywords.groovy:619)
	at com.kms.katalon.core.webui.keyword.WebUiBuiltInKeywords$click$2.call(Unknown Source)
	at Script1621675791083.run(Script1621675791083.groovy:31)
	... 13 more
)

2021-05-27 16:55:28 - [MESSAGE][INFO] - Unable to find the element located by 'By.xpath: //div[@id='accountSettingsHeader']/button/span'. Please recheck the objects properties to make sure the desired element is located. 

2021-05-27 16:55:28 - [MESSAGE][WARNING] - [SELF-HEALING] Failed to find element with id 'Object Repository/Page_Town Square - TOKEN_UPDATED Mattermost/span_'. Try using Self-healing.

2021-05-27 16:55:28 - [MESSAGE][WARNING] - [SELF-HEALING] The current locator of test object 'Object Repository/Page_Town Square - TOKEN_UPDATED Mattermost/span_' was broken. Propose an alternative one: '//button[@id='addDirectChannel']/span'.

2021-05-27 16:55:28 - [MESSAGE][FAILED] - Unable to click on object 'Object Repository/Page_Town Square - TOKEN_UPDATED Mattermost/span_' (Root cause: com.kms.katalon.core.exception.StepFailedException: Unable to click on object 'Object Repository/Page_Town Square - TOKEN_UPDATED Mattermost/span_'
	at com.kms.katalon.core.webui.keyword.internal.WebUIKeywordMain.stepFailed(WebUIKeywordMain.groovy:64)
	at com.kms.katalon.core.webui.keyword.internal.WebUIKeywordMain.runKeyword(WebUIKeywordMain.groovy:26)
	at com.kms.katalon.core.webui.keyword.builtin.ClickKeyword.click(ClickKeyword.groovy:75)
	at com.kms.katalon.core.webui.keyword.builtin.ClickKeyword.execute(ClickKeyword.groovy:42)
	at com.kms.katalon.core.keyword.internal.KeywordExecutor.executeKeywordForPlatform(KeywordExecutor.groovy:73)
	at com.kms.katalon.core.webui.keyword.WebUiBuiltInKeywords.click(WebUiBuiltInKeywords.groovy:619)
	at com.kms.katalon.core.webui.keyword.WebUiBuiltInKeywords$click$2.call(Unknown Source)
	at WriteDirectMessage.run(WriteDirectMessage:31)
	at com.kms.katalon.core.main.ScriptEngine.run(ScriptEngine.java:194)
	at com.kms.katalon.core.main.ScriptEngine.runScriptAsRawText(ScriptEngine.java:119)
	at com.kms.katalon.core.main.TestCaseExecutor.runScript(TestCaseExecutor.java:398)
	at com.kms.katalon.core.main.TestCaseExecutor.doExecute(TestCaseExecutor.java:389)
	at com.kms.katalon.core.main.TestCaseExecutor.processExecutionPhase(TestCaseExecutor.java:368)
	at com.kms.katalon.core.main.TestCaseExecutor.accessMainPhase(TestCaseExecutor.java:360)
	at com.kms.katalon.core.main.TestCaseExecutor.execute(TestCaseExecutor.java:255)
	at com.kms.katalon.core.main.TestSuiteExecutor.accessTestCaseMainPhase(TestSuiteExecutor.java:203)
	at com.kms.katalon.core.main.TestSuiteExecutor.accessTestSuiteMainPhase(TestSuiteExecutor.java:152)
	at com.kms.katalon.core.main.TestSuiteExecutor.execute(TestSuiteExecutor.java:95)
	at com.kms.katalon.core.main.TestCaseMain.startTestSuite(TestCaseMain.java:157)
	at com.kms.katalon.core.main.TestCaseMain$startTestSuite$0.call(Unknown Source)
	at TempTestSuite1622108298394.run(TempTestSuite1622108298394.groovy:39)
Caused by: org.openqa.selenium.ElementNotInteractableException: element not interactable
  (Session info: chrome=90.0.4430.212)
Build info: version: '3.141.59', revision: 'e82be7d358', time: '2018-11-14T08:25:53'
System info: host: 'DESKTOP-55NS62S', ip: '172.24.112.1', os.name: 'Windows 10', os.arch: 'amd64', os.version: '10.0', java.version: '1.8.0_282'
Driver info: com.kms.katalon.selenium.driver.CChromeDriver
Capabilities {acceptInsecureCerts: false, browserName: chrome, browserVersion: 90.0.4430.212, chrome: {chromedriverVersion: 90.0.4430.24 (4c6d850f087da..., userDataDir: C:\Users\NgocTin\AppData\Lo...}, goog:chromeOptions: {debuggerAddress: localhost:53919}, javascriptEnabled: true, networkConnectionEnabled: false, pageLoadStrategy: normal, platform: WINDOWS, platformName: WINDOWS, proxy: Proxy(), setWindowRect: true, strictFileInteractability: false, timeouts: {implicit: 0, pageLoad: 300000, script: 30000}, unhandledPromptBehavior: dismiss and notify, webauthn:extension:largeBlob: true, webauthn:virtualAuthenticators: true}
Session ID: b20d4b4e70d1fdeb22c498ff8c1aa2f1
	at org.openqa.selenium.remote.http.W3CHttpResponseCodec.createException(W3CHttpResponseCodec.java:187)
	at org.openqa.selenium.remote.http.W3CHttpResponseCodec.decode(W3CHttpResponseCodec.java:122)
	at org.openqa.selenium.remote.http.W3CHttpResponseCodec.decode(W3CHttpResponseCodec.java:49)
	at org.openqa.selenium.remote.HttpCommandExecutor.execute(HttpCommandExecutor.java:158)
	at org.openqa.selenium.remote.service.DriverCommandExecutor.execute(DriverCommandExecutor.java:83)
	at org.openqa.selenium.remote.RemoteWebDriver.execute(RemoteWebDriver.java:552)
	at com.kms.katalon.selenium.driver.CChromeDriver.execute(CChromeDriver.java:19)
	at org.openqa.selenium.remote.RemoteWebElement.execute(RemoteWebElement.java:285)
	at org.openqa.selenium.remote.RemoteWebElement.click(RemoteWebElement.java:84)
	at org.openqa.selenium.support.events.EventFiringWebDriver$EventFiringWebElement.lambda$new$0(EventFiringWebDriver.java:404)
	at com.sun.proxy.$Proxy11.click(Unknown Source)
	at org.openqa.selenium.support.events.EventFiringWebDriver$EventFiringWebElement.click(EventFiringWebDriver.java:417)
	at com.kms.katalon.core.webui.keyword.builtin.ClickKeyword$_click_closure1.doCall(ClickKeyword.groovy:68)
	at com.kms.katalon.core.webui.keyword.builtin.ClickKeyword$_click_closure1.call(ClickKeyword.groovy)
	at com.kms.katalon.core.webui.keyword.internal.WebUIKeywordMain.runKeyword(WebUIKeywordMain.groovy:20)
	at com.kms.katalon.core.webui.keyword.builtin.ClickKeyword.click(ClickKeyword.groovy:75)
	at com.kms.katalon.core.webui.keyword.builtin.ClickKeyword.execute(ClickKeyword.groovy:42)
	at com.kms.katalon.core.keyword.internal.KeywordExecutor.executeKeywordForPlatform(KeywordExecutor.groovy:73)
	at com.kms.katalon.core.webui.keyword.WebUiBuiltInKeywords.click(WebUiBuiltInKeywords.groovy:619)
	at com.kms.katalon.core.webui.keyword.WebUiBuiltInKeywords$click$2.call(Unknown Source)
	at Script1621675791083.run(Script1621675791083.groovy:31)
	... 13 more
)
[[ATTACHMENT|D:\\graduating-project\\advanced-subject-in-technology-software\\katalon\\Reports\\20210527_163818\\Run all test cases\\20210527_163818\\1622109328553.png]]]]></system-out>
         <system-err><![CDATA[2021-05-27 16:54:45 - [TEST_CASE][FAILED] - Test Cases/WriteDirectMessage: Test Cases/WriteDirectMessage FAILED.
Reason:
com.kms.katalon.core.exception.StepFailedException: Unable to click on object 'Object Repository/Page_Town Square - TOKEN_UPDATED Mattermost/span_'
	at com.kms.katalon.core.webui.keyword.internal.WebUIKeywordMain.stepFailed(WebUIKeywordMain.groovy:64)
	at com.kms.katalon.core.webui.keyword.internal.WebUIKeywordMain.runKeyword(WebUIKeywordMain.groovy:26)
	at com.kms.katalon.core.webui.keyword.builtin.ClickKeyword.click(ClickKeyword.groovy:75)
	at com.kms.katalon.core.webui.keyword.builtin.ClickKeyword.execute(ClickKeyword.groovy:42)
	at com.kms.katalon.core.keyword.internal.KeywordExecutor.executeKeywordForPlatform(KeywordExecutor.groovy:73)
	at com.kms.katalon.core.webui.keyword.WebUiBuiltInKeywords.click(WebUiBuiltInKeywords.groovy:619)
	at com.kms.katalon.core.webui.keyword.WebUiBuiltInKeywords$click$2.call(Unknown Source)
	at WriteDirectMessage.run(WriteDirectMessage:31)
	at com.kms.katalon.core.main.ScriptEngine.run(ScriptEngine.java:194)
	at com.kms.katalon.core.main.ScriptEngine.runScriptAsRawText(ScriptEngine.java:119)
	at com.kms.katalon.core.main.TestCaseExecutor.runScript(TestCaseExecutor.java:398)
	at com.kms.katalon.core.main.TestCaseExecutor.doExecute(TestCaseExecutor.java:389)
	at com.kms.katalon.core.main.TestCaseExecutor.processExecutionPhase(TestCaseExecutor.java:368)
	at com.kms.katalon.core.main.TestCaseExecutor.accessMainPhase(TestCaseExecutor.java:360)
	at com.kms.katalon.core.main.TestCaseExecutor.execute(TestCaseExecutor.java:255)
	at com.kms.katalon.core.main.TestSuiteExecutor.accessTestCaseMainPhase(TestSuiteExecutor.java:203)
	at com.kms.katalon.core.main.TestSuiteExecutor.accessTestSuiteMainPhase(TestSuiteExecutor.java:152)
	at com.kms.katalon.core.main.TestSuiteExecutor.execute(TestSuiteExecutor.java:95)
	at com.kms.katalon.core.main.TestCaseMain.startTestSuite(TestCaseMain.java:157)
	at com.kms.katalon.core.main.TestCaseMain$startTestSuite$0.call(Unknown Source)
	at TempTestSuite1622108298394.run(TempTestSuite1622108298394.groovy:39)
Caused by: org.openqa.selenium.ElementNotInteractableException: element not interactable
  (Session info: chrome=90.0.4430.212)
Build info: version: '3.141.59', revision: 'e82be7d358', time: '2018-11-14T08:25:53'
System info: host: 'DESKTOP-55NS62S', ip: '172.24.112.1', os.name: 'Windows 10', os.arch: 'amd64', os.version: '10.0', java.version: '1.8.0_282'
Driver info: com.kms.katalon.selenium.driver.CChromeDriver
Capabilities {acceptInsecureCerts: false, browserName: chrome, browserVersion: 90.0.4430.212, chrome: {chromedriverVersion: 90.0.4430.24 (4c6d850f087da..., userDataDir: C:\Users\NgocTin\AppData\Lo...}, goog:chromeOptions: {debuggerAddress: localhost:53919}, javascriptEnabled: true, networkConnectionEnabled: false, pageLoadStrategy: normal, platform: WINDOWS, platformName: WINDOWS, proxy: Proxy(), setWindowRect: true, strictFileInteractability: false, timeouts: {implicit: 0, pageLoad: 300000, script: 30000}, unhandledPromptBehavior: dismiss and notify, webauthn:extension:largeBlob: true, webauthn:virtualAuthenticators: true}
Session ID: b20d4b4e70d1fdeb22c498ff8c1aa2f1
	at org.openqa.selenium.remote.http.W3CHttpResponseCodec.createException(W3CHttpResponseCodec.java:187)
	at org.openqa.selenium.remote.http.W3CHttpResponseCodec.decode(W3CHttpResponseCodec.java:122)
	at org.openqa.selenium.remote.http.W3CHttpResponseCodec.decode(W3CHttpResponseCodec.java:49)
	at org.openqa.selenium.remote.HttpCommandExecutor.execute(HttpCommandExecutor.java:158)
	at org.openqa.selenium.remote.service.DriverCommandExecutor.execute(DriverCommandExecutor.java:83)
	at org.openqa.selenium.remote.RemoteWebDriver.execute(RemoteWebDriver.java:552)
	at com.kms.katalon.selenium.driver.CChromeDriver.execute(CChromeDriver.java:19)
	at org.openqa.selenium.remote.RemoteWebElement.execute(RemoteWebElement.java:285)
	at org.openqa.selenium.remote.RemoteWebElement.click(RemoteWebElement.java:84)
	at org.openqa.selenium.support.events.EventFiringWebDriver$EventFiringWebElement.lambda$new$0(EventFiringWebDriver.java:404)
	at com.sun.proxy.$Proxy11.click(Unknown Source)
	at org.openqa.selenium.support.events.EventFiringWebDriver$EventFiringWebElement.click(EventFiringWebDriver.java:417)
	at com.kms.katalon.core.webui.keyword.builtin.ClickKeyword$_click_closure1.doCall(ClickKeyword.groovy:68)
	at com.kms.katalon.core.webui.keyword.builtin.ClickKeyword$_click_closure1.call(ClickKeyword.groovy)
	at com.kms.katalon.core.webui.keyword.internal.WebUIKeywordMain.runKeyword(WebUIKeywordMain.groovy:20)
	... 19 more]]></system-err>
      </testcase>
      <testcase name="Test Cases/SearchInChannelWithTextHaveSpace" time="111.577" classname="Test Cases/SearchInChannelWithTextHaveSpace" status="FAILED">
         <failure type="FAILED" message="Test Cases/SearchInChannelWithTextHaveSpace FAILED.
Reason:
com.kms.katalon.core.exception.StepFailedException: Unable to click on object 'Object Repository/Page_Test - TOKEN_UPDATED Mattermost/span_Jump'
	at com.kms.katalon.core.webui.keyword.internal.WebUIKeywordMain.stepFailed(WebUIKeywordMain.groovy:64)
	at com.kms.katalon.core.webui.keyword.internal.WebUIKeywordMain.runKeyword(WebUIKeywordMain.groovy:26)
	at com.kms.katalon.core.webui.keyword.builtin.ClickKeyword.click(ClickKeyword.groovy:75)
	at com.kms.katalon.core.webui.keyword.builtin.ClickKeyword.execute(ClickKeyword.groovy:42)
	at com.kms.katalon.core.keyword.internal.KeywordExecutor.executeKeywordForPlatform(KeywordExecutor.groovy:73)
	at com.kms.katalon.core.webui.keyword.WebUiBuiltInKeywords.click(WebUiBuiltInKeywords.groovy:619)
	at com.kms.katalon.core.webui.keyword.WebUiBuiltInKeywords$click$2.call(Unknown Source)
	at SearchInChannelWithTextHaveSpace.run(SearchInChannelWithTextHaveSpace:48)
	at com.kms.katalon.core.main.ScriptEngine.run(ScriptEngine.java:194)
	at com.kms.katalon.core.main.ScriptEngine.runScriptAsRawText(ScriptEngine.java:119)
	at com.kms.katalon.core.main.TestCaseExecutor.runScript(TestCaseExecutor.java:398)
	at com.kms.katalon.core.main.TestCaseExecutor.doExecute(TestCaseExecutor.java:389)
	at com.kms.katalon.core.main.TestCaseExecutor.processExecutionPhase(TestCaseExecutor.java:368)
	at com.kms.katalon.core.main.TestCaseExecutor.accessMainPhase(TestCaseExecutor.java:360)
	at com.kms.katalon.core.main.TestCaseExecutor.execute(TestCaseExecutor.java:255)
	at com.kms.katalon.core.main.TestSuiteExecutor.accessTestCaseMainPhase(TestSuiteExecutor.java:203)
	at com.kms.katalon.core.main.TestSuiteExecutor.accessTestSuiteMainPhase(TestSuiteExecutor.java:152)
	at com.kms.katalon.core.main.TestSuiteExecutor.execute(TestSuiteExecutor.java:95)
	at com.kms.katalon.core.main.TestCaseMain.startTestSuite(TestCaseMain.java:157)
	at com.kms.katalon.core.main.TestCaseMain$startTestSuite$0.call(Unknown Source)
	at TempTestSuite1622108298394.run(TempTestSuite1622108298394.groovy:39)
Caused by: com.kms.katalon.core.webui.exception.WebElementNotFoundException: Web element with id: 'Object Repository/Page_Test - TOKEN_UPDATED Mattermost/span_Jump' located by '//div[@id='search-items-container']/div/div[2]/div[2]/div[2]/div/div[3]/a/span' not found
	at com.kms.katalon.core.webui.common.WebUiCommonHelper.findWebElement(WebUiCommonHelper.java:1368)
	at com.kms.katalon.core.webui.keyword.internal.WebUIAbstractKeyword.findWebElement(WebUIAbstractKeyword.groovy:27)
	at com.kms.katalon.core.webui.keyword.internal.WebUIAbstractKeyword.findWebElement(WebUIAbstractKeyword.groovy:26)
	at com.kms.katalon.core.webui.keyword.builtin.ClickKeyword$_click_closure1.doCall(ClickKeyword.groovy:66)
	at com.kms.katalon.core.webui.keyword.builtin.ClickKeyword$_click_closure1.call(ClickKeyword.groovy)
	at com.kms.katalon.core.webui.keyword.internal.WebUIKeywordMain.runKeyword(WebUIKeywordMain.groovy:20)
	... 19 more
"/>
         <system-out><![CDATA[2021-05-27 16:55:28 - [TEST_CASE][FAILED] - Test Cases/SearchInChannelWithTextHaveSpace: Test Cases/SearchInChannelWithTextHaveSpace FAILED.
Reason:
com.kms.katalon.core.exception.StepFailedException: Unable to click on object 'Object Repository/Page_Test - TOKEN_UPDATED Mattermost/span_Jump'
	at com.kms.katalon.core.webui.keyword.internal.WebUIKeywordMain.stepFailed(WebUIKeywordMain.groovy:64)
	at com.kms.katalon.core.webui.keyword.internal.WebUIKeywordMain.runKeyword(WebUIKeywordMain.groovy:26)
	at com.kms.katalon.core.webui.keyword.builtin.ClickKeyword.click(ClickKeyword.groovy:75)
	at com.kms.katalon.core.webui.keyword.builtin.ClickKeyword.execute(ClickKeyword.groovy:42)
	at com.kms.katalon.core.keyword.internal.KeywordExecutor.executeKeywordForPlatform(KeywordExecutor.groovy:73)
	at com.kms.katalon.core.webui.keyword.WebUiBuiltInKeywords.click(WebUiBuiltInKeywords.groovy:619)
	at com.kms.katalon.core.webui.keyword.WebUiBuiltInKeywords$click$2.call(Unknown Source)
	at SearchInChannelWithTextHaveSpace.run(SearchInChannelWithTextHaveSpace:48)
	at com.kms.katalon.core.main.ScriptEngine.run(ScriptEngine.java:194)
	at com.kms.katalon.core.main.ScriptEngine.runScriptAsRawText(ScriptEngine.java:119)
	at com.kms.katalon.core.main.TestCaseExecutor.runScript(TestCaseExecutor.java:398)
	at com.kms.katalon.core.main.TestCaseExecutor.doExecute(TestCaseExecutor.java:389)
	at com.kms.katalon.core.main.TestCaseExecutor.processExecutionPhase(TestCaseExecutor.java:368)
	at com.kms.katalon.core.main.TestCaseExecutor.accessMainPhase(TestCaseExecutor.java:360)
	at com.kms.katalon.core.main.TestCaseExecutor.execute(TestCaseExecutor.java:255)
	at com.kms.katalon.core.main.TestSuiteExecutor.accessTestCaseMainPhase(TestSuiteExecutor.java:203)
	at com.kms.katalon.core.main.TestSuiteExecutor.accessTestSuiteMainPhase(TestSuiteExecutor.java:152)
	at com.kms.katalon.core.main.TestSuiteExecutor.execute(TestSuiteExecutor.java:95)
	at com.kms.katalon.core.main.TestCaseMain.startTestSuite(TestCaseMain.java:157)
	at com.kms.katalon.core.main.TestCaseMain$startTestSuite$0.call(Unknown Source)
	at TempTestSuite1622108298394.run(TempTestSuite1622108298394.groovy:39)
Caused by: com.kms.katalon.core.webui.exception.WebElementNotFoundException: Web element with id: 'Object Repository/Page_Test - TOKEN_UPDATED Mattermost/span_Jump' located by '//div[@id='search-items-container']/div/div[2]/div[2]/div[2]/div/div[3]/a/span' not found
	at com.kms.katalon.core.webui.common.WebUiCommonHelper.findWebElement(WebUiCommonHelper.java:1368)
	at com.kms.katalon.core.webui.keyword.internal.WebUIAbstractKeyword.findWebElement(WebUIAbstractKeyword.groovy:27)
	at com.kms.katalon.core.webui.keyword.internal.WebUIAbstractKeyword.findWebElement(WebUIAbstractKeyword.groovy:26)
	at com.kms.katalon.core.webui.keyword.builtin.ClickKeyword$_click_closure1.doCall(ClickKeyword.groovy:66)
	at com.kms.katalon.core.webui.keyword.builtin.ClickKeyword$_click_closure1.call(ClickKeyword.groovy)
	at com.kms.katalon.core.webui.keyword.internal.WebUIKeywordMain.runKeyword(WebUIKeywordMain.groovy:20)
	... 19 more


2021-05-27 16:55:28 - [TEST_STEP][PASSED] - openBrowser(""): Browser is opened with url: ''

2021-05-27 16:55:28 - [MESSAGE][WARNING] - A browser is already opened. Closing browser and opening a new one

2021-05-27 16:55:29 - [MESSAGE][INFO] - Starting 'Chrome' driver

2021-05-27 16:55:29 - [MESSAGE][INFO] - Action delay is set to 0 milliseconds

2021-05-27 16:55:31 - [MESSAGE][PASSED] - Browser is opened with url: ''

2021-05-27 16:55:31 - [TEST_STEP][PASSED] - navigateToUrl("https://cdnc-group2.herokuapp.com/"): Navigate to 'https://cdnc-group2.herokuapp.com/' successfully

2021-05-27 16:55:34 - [MESSAGE][PASSED] - Navigate to 'https://cdnc-group2.herokuapp.com/' successfully

2021-05-27 16:55:34 - [TEST_STEP][PASSED] - setText(findTestObject("Object Repository/Page_Mattermost/input_All team communication in one place, _dcc84b"), "ngoctin040999@gmail.com"): Text 'ngoctin040999@gmail.com' is set on object 'Object Repository/Page_Mattermost/input_All team communication in one place, _dcc84b'

2021-05-27 16:55:39 - [MESSAGE][PASSED] - Text 'ngoctin040999@gmail.com' is set on object 'Object Repository/Page_Mattermost/input_All team communication in one place, _dcc84b'

2021-05-27 16:55:39 - [TEST_STEP][PASSED] - setEncryptedText(findTestObject("Object Repository/Page_Mattermost/input_All team communication in one place, _a3edc6"), "S8w1SJvl7D1hts9IdMV+NQ=="): Text ****** has been set on object 'Object Repository/Page_Mattermost/input_All team communication in one place, _a3edc6'

2021-05-27 16:55:40 - [MESSAGE][PASSED] - Text ****** has been set on object 'Object Repository/Page_Mattermost/input_All team communication in one place, _a3edc6'

2021-05-27 16:55:40 - [TEST_STEP][PASSED] - click(findTestObject("Object Repository/Page_Mattermost/button_Sign in")): Object: 'Object Repository/Page_Mattermost/button_Sign in' is clicked on

2021-05-27 16:55:40 - [MESSAGE][PASSED] - Object: 'Object Repository/Page_Mattermost/button_Sign in' is clicked on

2021-05-27 16:55:40 - [TEST_STEP][PASSED] - if (findTestObject("Object Repository/Page_Town Square - TOKEN_UPDATED Mattermost/span_Test") == null): null

2021-05-27 16:55:40 - [TEST_STEP][PASSED] - click(findTestObject("Object Repository/Page_Town Square - TOKEN_UPDATED Mattermost/span_Test")): Object: 'Object Repository/Page_Town Square - TOKEN_UPDATED Mattermost/span_Test' is clicked on

2021-05-27 16:56:11 - [MESSAGE][INFO] - Unable to find the element located by 'By.xpath: //a[@id='sidebarItem_test']/span[2]/span'. Please recheck the objects properties to make sure the desired element is located. 

2021-05-27 16:56:11 - [MESSAGE][WARNING] - [SELF-HEALING] Failed to find element with id 'Object Repository/Page_Town Square - TOKEN_UPDATED Mattermost/span_Test'. Try using Self-healing.

2021-05-27 16:56:12 - [MESSAGE][WARNING] - [SELF-HEALING] The current locator of test object 'Object Repository/Page_Town Square - TOKEN_UPDATED Mattermost/span_Test' was broken. Propose an alternative one: '(.//*[normalize-space(text()) and normalize-space(.)='+'])[2]/following::span[3]'.

2021-05-27 16:56:12 - [MESSAGE][PASSED] - Object: 'Object Repository/Page_Town Square - TOKEN_UPDATED Mattermost/span_Test' is clicked on

2021-05-27 16:56:12 - [TEST_STEP][PASSED] - click(findTestObject("Object Repository/Page_Test - TOKEN_UPDATED Mattermost/svg")): Object: 'Object Repository/Page_Test - TOKEN_UPDATED Mattermost/svg' is clicked on

2021-05-27 16:56:43 - [MESSAGE][INFO] - Unable to find the element located by 'By.xpath: (.//*[normalize-space(text()) and normalize-space(.)='Test'])[3]/following::*[name()='svg'][3]'. Please recheck the objects properties to make sure the desired element is located. 

2021-05-27 16:56:43 - [MESSAGE][WARNING] - [SELF-HEALING] Failed to find element with id 'Object Repository/Page_Test - TOKEN_UPDATED Mattermost/svg'. Try using Self-healing.

2021-05-27 16:56:44 - [MESSAGE][WARNING] - [SELF-HEALING] The current locator of test object 'Object Repository/Page_Test - TOKEN_UPDATED Mattermost/svg' was broken. Propose an alternative one: '(.//*[normalize-space(text()) and normalize-space(.)='Drop a file to upload it.'])[1]/following::*[name()='svg'][3]'.

2021-05-27 16:56:44 - [MESSAGE][PASSED] - Object: 'Object Repository/Page_Test - TOKEN_UPDATED Mattermost/svg' is clicked on

2021-05-27 16:56:44 - [TEST_STEP][PASSED] - setText(findTestObject("Object Repository/Page_Test - TOKEN_UPDATED Mattermost/input_Test_searchBox"), "   learn    "): Text '   learn    ' is set on object 'Object Repository/Page_Test - TOKEN_UPDATED Mattermost/input_Test_searchBox'

2021-05-27 16:56:45 - [MESSAGE][PASSED] - Text '   learn    ' is set on object 'Object Repository/Page_Test - TOKEN_UPDATED Mattermost/input_Test_searchBox'

2021-05-27 16:56:45 - [TEST_STEP][PASSED] - sendKeys(findTestObject("Object Repository/Page_Test - TOKEN_UPDATED Mattermost/input_Test_searchBox"), Keys.chord(ENTER)): Keys 'ENTER + ' sent to object: 'Object Repository/Page_Test - TOKEN_UPDATED Mattermost/input_Test_searchBox'

2021-05-27 16:56:45 - [MESSAGE][PASSED] - Keys 'ENTER + ' sent to object: 'Object Repository/Page_Test - TOKEN_UPDATED Mattermost/input_Test_searchBox'

2021-05-27 16:56:45 - [TEST_STEP][PASSED] - if (findTestObject("Object Repository/Page_Test - TOKEN_UPDATED Mattermost/span_Jump") == null): null

2021-05-27 16:56:45 - [TEST_STEP][FAILED] - click(findTestObject("Object Repository/Page_Test - TOKEN_UPDATED Mattermost/span_Jump")): Unable to click on object 'Object Repository/Page_Test - TOKEN_UPDATED Mattermost/span_Jump' (Root cause: com.kms.katalon.core.exception.StepFailedException: Unable to click on object 'Object Repository/Page_Test - TOKEN_UPDATED Mattermost/span_Jump'
	at com.kms.katalon.core.webui.keyword.internal.WebUIKeywordMain.stepFailed(WebUIKeywordMain.groovy:64)
	at com.kms.katalon.core.webui.keyword.internal.WebUIKeywordMain.runKeyword(WebUIKeywordMain.groovy:26)
	at com.kms.katalon.core.webui.keyword.builtin.ClickKeyword.click(ClickKeyword.groovy:75)
	at com.kms.katalon.core.webui.keyword.builtin.ClickKeyword.execute(ClickKeyword.groovy:42)
	at com.kms.katalon.core.keyword.internal.KeywordExecutor.executeKeywordForPlatform(KeywordExecutor.groovy:73)
	at com.kms.katalon.core.webui.keyword.WebUiBuiltInKeywords.click(WebUiBuiltInKeywords.groovy:619)
	at com.kms.katalon.core.webui.keyword.WebUiBuiltInKeywords$click$2.call(Unknown Source)
	at SearchInChannelWithTextHaveSpace.run(SearchInChannelWithTextHaveSpace:48)
	at com.kms.katalon.core.main.ScriptEngine.run(ScriptEngine.java:194)
	at com.kms.katalon.core.main.ScriptEngine.runScriptAsRawText(ScriptEngine.java:119)
	at com.kms.katalon.core.main.TestCaseExecutor.runScript(TestCaseExecutor.java:398)
	at com.kms.katalon.core.main.TestCaseExecutor.doExecute(TestCaseExecutor.java:389)
	at com.kms.katalon.core.main.TestCaseExecutor.processExecutionPhase(TestCaseExecutor.java:368)
	at com.kms.katalon.core.main.TestCaseExecutor.accessMainPhase(TestCaseExecutor.java:360)
	at com.kms.katalon.core.main.TestCaseExecutor.execute(TestCaseExecutor.java:255)
	at com.kms.katalon.core.main.TestSuiteExecutor.accessTestCaseMainPhase(TestSuiteExecutor.java:203)
	at com.kms.katalon.core.main.TestSuiteExecutor.accessTestSuiteMainPhase(TestSuiteExecutor.java:152)
	at com.kms.katalon.core.main.TestSuiteExecutor.execute(TestSuiteExecutor.java:95)
	at com.kms.katalon.core.main.TestCaseMain.startTestSuite(TestCaseMain.java:157)
	at com.kms.katalon.core.main.TestCaseMain$startTestSuite$0.call(Unknown Source)
	at TempTestSuite1622108298394.run(TempTestSuite1622108298394.groovy:39)
Caused by: com.kms.katalon.core.webui.exception.WebElementNotFoundException: Web element with id: 'Object Repository/Page_Test - TOKEN_UPDATED Mattermost/span_Jump' located by '//div[@id='search-items-container']/div/div[2]/div[2]/div[2]/div/div[3]/a/span' not found
	at com.kms.katalon.core.webui.common.WebUiCommonHelper.findWebElement(WebUiCommonHelper.java:1368)
	at com.kms.katalon.core.webui.keyword.internal.WebUIAbstractKeyword.findWebElement(WebUIAbstractKeyword.groovy:27)
	at com.kms.katalon.core.webui.keyword.internal.WebUIAbstractKeyword.findWebElement(WebUIAbstractKeyword.groovy:26)
	at com.kms.katalon.core.webui.keyword.builtin.ClickKeyword$_click_closure1.doCall(ClickKeyword.groovy:66)
	at com.kms.katalon.core.webui.keyword.builtin.ClickKeyword$_click_closure1.call(ClickKeyword.groovy)
	at com.kms.katalon.core.webui.keyword.internal.WebUIKeywordMain.runKeyword(WebUIKeywordMain.groovy:20)
	at com.kms.katalon.core.webui.keyword.builtin.ClickKeyword.click(ClickKeyword.groovy:75)
	at com.kms.katalon.core.webui.keyword.builtin.ClickKeyword.execute(ClickKeyword.groovy:42)
	at com.kms.katalon.core.keyword.internal.KeywordExecutor.executeKeywordForPlatform(KeywordExecutor.groovy:73)
	at com.kms.katalon.core.webui.keyword.WebUiBuiltInKeywords.click(WebUiBuiltInKeywords.groovy:619)
	at com.kms.katalon.core.webui.keyword.WebUiBuiltInKeywords$click$2.call(Unknown Source)
	at Script1621696393777.run(Script1621696393777.groovy:48)
	... 13 more
)

2021-05-27 16:57:17 - [MESSAGE][INFO] - Unable to find the element located by 'By.xpath: //div[@id='search-items-container']/div/div[2]/div[2]/div[2]/div/div[3]/a/span'. Please recheck the objects properties to make sure the desired element is located. 

2021-05-27 16:57:17 - [MESSAGE][WARNING] - [SELF-HEALING] Failed to find element with id 'Object Repository/Page_Test - TOKEN_UPDATED Mattermost/span_Jump'. Try using Self-healing.

2021-05-27 16:57:17 - [MESSAGE][INFO] - [SELF-HEALING] Failed Locator: '//div[@id='search-items-container']/div/div[2]/div[2]/div[2]/div/div[3]/a/span'.

2021-05-27 16:57:17 - [MESSAGE][INFO] - [SELF-HEALING] Working Locator: '(.//*[normalize-space(text()) and normalize-space(.)='ngoctin12345'])[1]/following::span[6]'.

2021-05-27 16:57:17 - [MESSAGE][ERROR] - [SELF-HEALING] Cannot save screenshot to: D:\graduating-project\advanced-subject-in-technology-software\katalon\Reports\Self-healing, reason: unknown error: unhandled inspector error: {"code":-32000,"message":"Cannot take screenshot with 0 width."}
  (Session info: chrome=90.0.4430.212)
Build info: version: '3.141.59', revision: 'e82be7d358', time: '2018-11-14T08:25:53'
System info: host: 'DESKTOP-55NS62S', ip: '172.24.112.1', os.name: 'Windows 10', os.arch: 'amd64', os.version: '10.0', java.version: '1.8.0_282'
Driver info: com.kms.katalon.selenium.driver.CChromeDriver
Capabilities {acceptInsecureCerts: false, browserName: chrome, browserVersion: 90.0.4430.212, chrome: {chromedriverVersion: 90.0.4430.24 (4c6d850f087da..., userDataDir: C:\Users\NgocTin\AppData\Lo...}, goog:chromeOptions: {debuggerAddress: localhost:53956}, javascriptEnabled: true, networkConnectionEnabled: false, pageLoadStrategy: normal, platform: WINDOWS, platformName: WINDOWS, proxy: Proxy(), setWindowRect: true, strictFileInteractability: false, timeouts: {implicit: 0, pageLoad: 300000, script: 30000}, unhandledPromptBehavior: dismiss and notify, webauthn:extension:largeBlob: true, webauthn:virtualAuthenticators: true}
Session ID: 24d1722d5758a16fea2a00eb35371675.

2021-05-27 16:57:17 - [MESSAGE][ERROR] - [SELF-HEALING] Cannot save screenshot to: D:\graduating-project\advanced-subject-in-technology-software\katalon\Reports\Self-healing, reason: unknown error: unhandled inspector error: {"code":-32000,"message":"Cannot take screenshot with 0 width."}
  (Session info: chrome=90.0.4430.212)
Build info: version: '3.141.59', revision: 'e82be7d358', time: '2018-11-14T08:25:53'
System info: host: 'DESKTOP-55NS62S', ip: '172.24.112.1', os.name: 'Windows 10', os.arch: 'amd64', os.version: '10.0', java.version: '1.8.0_282'
Driver info: com.kms.katalon.selenium.driver.CChromeDriver
Capabilities {acceptInsecureCerts: false, browserName: chrome, browserVersion: 90.0.4430.212, chrome: {chromedriverVersion: 90.0.4430.24 (4c6d850f087da..., userDataDir: C:\Users\NgocTin\AppData\Lo...}, goog:chromeOptions: {debuggerAddress: localhost:53956}, javascriptEnabled: true, networkConnectionEnabled: false, pageLoadStrategy: normal, platform: WINDOWS, platformName: WINDOWS, proxy: Proxy(), setWindowRect: true, strictFileInteractability: false, timeouts: {implicit: 0, pageLoad: 300000, script: 30000}, unhandledPromptBehavior: dismiss and notify, webauthn:extension:largeBlob: true, webauthn:virtualAuthenticators: true}
Session ID: 24d1722d5758a16fea2a00eb35371675.

2021-05-27 16:57:17 - [MESSAGE][WARNING] - [SELF-HEALING] 'other' is different type of Path

2021-05-27 16:57:19 - [MESSAGE][INFO] - Unable to find the element located by 'By.xpath: //*[(text() = 'Jump' or . = 'Jump')]'. Please recheck the objects properties to make sure the desired element is located. 

2021-05-27 16:57:20 - [MESSAGE][INFO] - Unable to find the element located by 'By.cssSelector: a.search-item__jump > span'. Please recheck the objects properties to make sure the desired element is located. 

2021-05-27 16:57:20 - [MESSAGE][FAILED] - Unable to click on object 'Object Repository/Page_Test - TOKEN_UPDATED Mattermost/span_Jump' (Root cause: com.kms.katalon.core.exception.StepFailedException: Unable to click on object 'Object Repository/Page_Test - TOKEN_UPDATED Mattermost/span_Jump'
	at com.kms.katalon.core.webui.keyword.internal.WebUIKeywordMain.stepFailed(WebUIKeywordMain.groovy:64)
	at com.kms.katalon.core.webui.keyword.internal.WebUIKeywordMain.runKeyword(WebUIKeywordMain.groovy:26)
	at com.kms.katalon.core.webui.keyword.builtin.ClickKeyword.click(ClickKeyword.groovy:75)
	at com.kms.katalon.core.webui.keyword.builtin.ClickKeyword.execute(ClickKeyword.groovy:42)
	at com.kms.katalon.core.keyword.internal.KeywordExecutor.executeKeywordForPlatform(KeywordExecutor.groovy:73)
	at com.kms.katalon.core.webui.keyword.WebUiBuiltInKeywords.click(WebUiBuiltInKeywords.groovy:619)
	at com.kms.katalon.core.webui.keyword.WebUiBuiltInKeywords$click$2.call(Unknown Source)
	at SearchInChannelWithTextHaveSpace.run(SearchInChannelWithTextHaveSpace:48)
	at com.kms.katalon.core.main.ScriptEngine.run(ScriptEngine.java:194)
	at com.kms.katalon.core.main.ScriptEngine.runScriptAsRawText(ScriptEngine.java:119)
	at com.kms.katalon.core.main.TestCaseExecutor.runScript(TestCaseExecutor.java:398)
	at com.kms.katalon.core.main.TestCaseExecutor.doExecute(TestCaseExecutor.java:389)
	at com.kms.katalon.core.main.TestCaseExecutor.processExecutionPhase(TestCaseExecutor.java:368)
	at com.kms.katalon.core.main.TestCaseExecutor.accessMainPhase(TestCaseExecutor.java:360)
	at com.kms.katalon.core.main.TestCaseExecutor.execute(TestCaseExecutor.java:255)
	at com.kms.katalon.core.main.TestSuiteExecutor.accessTestCaseMainPhase(TestSuiteExecutor.java:203)
	at com.kms.katalon.core.main.TestSuiteExecutor.accessTestSuiteMainPhase(TestSuiteExecutor.java:152)
	at com.kms.katalon.core.main.TestSuiteExecutor.execute(TestSuiteExecutor.java:95)
	at com.kms.katalon.core.main.TestCaseMain.startTestSuite(TestCaseMain.java:157)
	at com.kms.katalon.core.main.TestCaseMain$startTestSuite$0.call(Unknown Source)
	at TempTestSuite1622108298394.run(TempTestSuite1622108298394.groovy:39)
Caused by: com.kms.katalon.core.webui.exception.WebElementNotFoundException: Web element with id: 'Object Repository/Page_Test - TOKEN_UPDATED Mattermost/span_Jump' located by '//div[@id='search-items-container']/div/div[2]/div[2]/div[2]/div/div[3]/a/span' not found
	at com.kms.katalon.core.webui.common.WebUiCommonHelper.findWebElement(WebUiCommonHelper.java:1368)
	at com.kms.katalon.core.webui.keyword.internal.WebUIAbstractKeyword.findWebElement(WebUIAbstractKeyword.groovy:27)
	at com.kms.katalon.core.webui.keyword.internal.WebUIAbstractKeyword.findWebElement(WebUIAbstractKeyword.groovy:26)
	at com.kms.katalon.core.webui.keyword.builtin.ClickKeyword$_click_closure1.doCall(ClickKeyword.groovy:66)
	at com.kms.katalon.core.webui.keyword.builtin.ClickKeyword$_click_closure1.call(ClickKeyword.groovy)
	at com.kms.katalon.core.webui.keyword.internal.WebUIKeywordMain.runKeyword(WebUIKeywordMain.groovy:20)
	at com.kms.katalon.core.webui.keyword.builtin.ClickKeyword.click(ClickKeyword.groovy:75)
	at com.kms.katalon.core.webui.keyword.builtin.ClickKeyword.execute(ClickKeyword.groovy:42)
	at com.kms.katalon.core.keyword.internal.KeywordExecutor.executeKeywordForPlatform(KeywordExecutor.groovy:73)
	at com.kms.katalon.core.webui.keyword.WebUiBuiltInKeywords.click(WebUiBuiltInKeywords.groovy:619)
	at com.kms.katalon.core.webui.keyword.WebUiBuiltInKeywords$click$2.call(Unknown Source)
	at Script1621696393777.run(Script1621696393777.groovy:48)
	... 13 more
)
[[ATTACHMENT|D:\\graduating-project\\advanced-subject-in-technology-software\\katalon\\Reports\\20210527_163818\\Run all test cases\\20210527_163818\\1622109440170.png]]]]></system-out>
         <system-err><![CDATA[2021-05-27 16:55:28 - [TEST_CASE][FAILED] - Test Cases/SearchInChannelWithTextHaveSpace: Test Cases/SearchInChannelWithTextHaveSpace FAILED.
Reason:
com.kms.katalon.core.exception.StepFailedException: Unable to click on object 'Object Repository/Page_Test - TOKEN_UPDATED Mattermost/span_Jump'
	at com.kms.katalon.core.webui.keyword.internal.WebUIKeywordMain.stepFailed(WebUIKeywordMain.groovy:64)
	at com.kms.katalon.core.webui.keyword.internal.WebUIKeywordMain.runKeyword(WebUIKeywordMain.groovy:26)
	at com.kms.katalon.core.webui.keyword.builtin.ClickKeyword.click(ClickKeyword.groovy:75)
	at com.kms.katalon.core.webui.keyword.builtin.ClickKeyword.execute(ClickKeyword.groovy:42)
	at com.kms.katalon.core.keyword.internal.KeywordExecutor.executeKeywordForPlatform(KeywordExecutor.groovy:73)
	at com.kms.katalon.core.webui.keyword.WebUiBuiltInKeywords.click(WebUiBuiltInKeywords.groovy:619)
	at com.kms.katalon.core.webui.keyword.WebUiBuiltInKeywords$click$2.call(Unknown Source)
	at SearchInChannelWithTextHaveSpace.run(SearchInChannelWithTextHaveSpace:48)
	at com.kms.katalon.core.main.ScriptEngine.run(ScriptEngine.java:194)
	at com.kms.katalon.core.main.ScriptEngine.runScriptAsRawText(ScriptEngine.java:119)
	at com.kms.katalon.core.main.TestCaseExecutor.runScript(TestCaseExecutor.java:398)
	at com.kms.katalon.core.main.TestCaseExecutor.doExecute(TestCaseExecutor.java:389)
	at com.kms.katalon.core.main.TestCaseExecutor.processExecutionPhase(TestCaseExecutor.java:368)
	at com.kms.katalon.core.main.TestCaseExecutor.accessMainPhase(TestCaseExecutor.java:360)
	at com.kms.katalon.core.main.TestCaseExecutor.execute(TestCaseExecutor.java:255)
	at com.kms.katalon.core.main.TestSuiteExecutor.accessTestCaseMainPhase(TestSuiteExecutor.java:203)
	at com.kms.katalon.core.main.TestSuiteExecutor.accessTestSuiteMainPhase(TestSuiteExecutor.java:152)
	at com.kms.katalon.core.main.TestSuiteExecutor.execute(TestSuiteExecutor.java:95)
	at com.kms.katalon.core.main.TestCaseMain.startTestSuite(TestCaseMain.java:157)
	at com.kms.katalon.core.main.TestCaseMain$startTestSuite$0.call(Unknown Source)
	at TempTestSuite1622108298394.run(TempTestSuite1622108298394.groovy:39)
Caused by: com.kms.katalon.core.webui.exception.WebElementNotFoundException: Web element with id: 'Object Repository/Page_Test - TOKEN_UPDATED Mattermost/span_Jump' located by '//div[@id='search-items-container']/div/div[2]/div[2]/div[2]/div/div[3]/a/span' not found
	at com.kms.katalon.core.webui.common.WebUiCommonHelper.findWebElement(WebUiCommonHelper.java:1368)
	at com.kms.katalon.core.webui.keyword.internal.WebUIAbstractKeyword.findWebElement(WebUIAbstractKeyword.groovy:27)
	at com.kms.katalon.core.webui.keyword.internal.WebUIAbstractKeyword.findWebElement(WebUIAbstractKeyword.groovy:26)
	at com.kms.katalon.core.webui.keyword.builtin.ClickKeyword$_click_closure1.doCall(ClickKeyword.groovy:66)
	at com.kms.katalon.core.webui.keyword.builtin.ClickKeyword$_click_closure1.call(ClickKeyword.groovy)
	at com.kms.katalon.core.webui.keyword.internal.WebUIKeywordMain.runKeyword(WebUIKeywordMain.groovy:20)
	... 19 more]]></system-err>
      </testcase>
      <testcase name="Test Cases/SearchInChannelWithSpecialChar" time="48.499" classname="Test Cases/SearchInChannelWithSpecialChar" status="PASSED">
         <system-out><![CDATA[2021-05-27 16:57:20 - [TEST_CASE][PASSED] - Test Cases/SearchInChannelWithSpecialChar: Test Cases/SearchInChannelWithSpecialChar

2021-05-27 16:57:20 - [TEST_STEP][PASSED] - openBrowser(""): Browser is opened with url: ''

2021-05-27 16:57:20 - [MESSAGE][WARNING] - A browser is already opened. Closing browser and opening a new one

2021-05-27 16:57:21 - [MESSAGE][INFO] - Starting 'Chrome' driver

2021-05-27 16:57:21 - [MESSAGE][INFO] - Action delay is set to 0 milliseconds

2021-05-27 16:57:22 - [MESSAGE][PASSED] - Browser is opened with url: ''

2021-05-27 16:57:22 - [TEST_STEP][PASSED] - navigateToUrl("https://cdnc-group2.herokuapp.com/"): Navigate to 'https://cdnc-group2.herokuapp.com/' successfully

2021-05-27 16:57:26 - [MESSAGE][PASSED] - Navigate to 'https://cdnc-group2.herokuapp.com/' successfully

2021-05-27 16:57:26 - [TEST_STEP][PASSED] - setText(findTestObject("Object Repository/Page_Mattermost/input_All team communication in one place, _dcc84b"), "ngoctin040999@gmail.com"): Text 'ngoctin040999@gmail.com' is set on object 'Object Repository/Page_Mattermost/input_All team communication in one place, _dcc84b'

2021-05-27 16:57:31 - [MESSAGE][PASSED] - Text 'ngoctin040999@gmail.com' is set on object 'Object Repository/Page_Mattermost/input_All team communication in one place, _dcc84b'

2021-05-27 16:57:31 - [TEST_STEP][PASSED] - setEncryptedText(findTestObject("Object Repository/Page_Mattermost/input_All team communication in one place, _a3edc6"), "S8w1SJvl7D1hts9IdMV+NQ=="): Text ****** has been set on object 'Object Repository/Page_Mattermost/input_All team communication in one place, _a3edc6'

2021-05-27 16:57:31 - [MESSAGE][PASSED] - Text ****** has been set on object 'Object Repository/Page_Mattermost/input_All team communication in one place, _a3edc6'

2021-05-27 16:57:31 - [TEST_STEP][PASSED] - click(findTestObject("Object Repository/Page_Mattermost/span_Sign in")): Object: 'Object Repository/Page_Mattermost/span_Sign in' is clicked on

2021-05-27 16:57:32 - [MESSAGE][PASSED] - Object: 'Object Repository/Page_Mattermost/span_Sign in' is clicked on

2021-05-27 16:57:32 - [TEST_STEP][PASSED] - if (findTestObject("Object Repository/Page_Town Square - TOKEN_UPDATED Mattermost/span_Test") == null): null

2021-05-27 16:57:32 - [TEST_STEP][PASSED] - click(findTestObject("Object Repository/Page_Town Square - TOKEN_UPDATED Mattermost/span_Test")): Object: 'Object Repository/Page_Town Square - TOKEN_UPDATED Mattermost/span_Test' is clicked on

2021-05-27 16:58:03 - [MESSAGE][INFO] - Unable to find the element located by 'By.xpath: //a[@id='sidebarItem_test']/span[2]/span'. Please recheck the objects properties to make sure the desired element is located. 

2021-05-27 16:58:03 - [MESSAGE][WARNING] - [SELF-HEALING] Failed to find element with id 'Object Repository/Page_Town Square - TOKEN_UPDATED Mattermost/span_Test'. Try using Self-healing.

2021-05-27 16:58:03 - [MESSAGE][WARNING] - [SELF-HEALING] The current locator of test object 'Object Repository/Page_Town Square - TOKEN_UPDATED Mattermost/span_Test' was broken. Propose an alternative one: '(.//*[normalize-space(text()) and normalize-space(.)='+'])[2]/following::span[3]'.

2021-05-27 16:58:03 - [MESSAGE][PASSED] - Object: 'Object Repository/Page_Town Square - TOKEN_UPDATED Mattermost/span_Test' is clicked on

2021-05-27 16:58:03 - [TEST_STEP][PASSED] - click(findTestObject("Object Repository/Page_Test - TOKEN_UPDATED Mattermost/button_Test_channelHeaderSearchButton")): Object: 'Object Repository/Page_Test - TOKEN_UPDATED Mattermost/button_Test_channelHeaderSearchButton' is clicked on

2021-05-27 16:58:04 - [MESSAGE][PASSED] - Object: 'Object Repository/Page_Test - TOKEN_UPDATED Mattermost/button_Test_channelHeaderSearchButton' is clicked on

2021-05-27 16:58:04 - [TEST_STEP][PASSED] - setText(findTestObject("Object Repository/Page_Test - TOKEN_UPDATED Mattermost/input_Test_searchBox"), "(^(^"): Text '(^(^' is set on object 'Object Repository/Page_Test - TOKEN_UPDATED Mattermost/input_Test_searchBox'

2021-05-27 16:58:06 - [MESSAGE][PASSED] - Text '(^(^' is set on object 'Object Repository/Page_Test - TOKEN_UPDATED Mattermost/input_Test_searchBox'

2021-05-27 16:58:06 - [TEST_STEP][PASSED] - sendKeys(findTestObject("Object Repository/Page_Test - TOKEN_UPDATED Mattermost/input_Test_searchBox"), Keys.chord(ENTER)): Keys 'ENTER + ' sent to object: 'Object Repository/Page_Test - TOKEN_UPDATED Mattermost/input_Test_searchBox'

2021-05-27 16:58:06 - [MESSAGE][PASSED] - Keys 'ENTER + ' sent to object: 'Object Repository/Page_Test - TOKEN_UPDATED Mattermost/input_Test_searchBox'

2021-05-27 16:58:06 - [TEST_STEP][PASSED] - click(findTestObject("Object Repository/Page_Test - TOKEN_UPDATED Mattermost/i_Search Results_icon icon-close")): Object: 'Object Repository/Page_Test - TOKEN_UPDATED Mattermost/i_Search Results_icon icon-close' is clicked on

2021-05-27 16:58:08 - [MESSAGE][PASSED] - Object: 'Object Repository/Page_Test - TOKEN_UPDATED Mattermost/i_Search Results_icon icon-close' is clicked on

2021-05-27 16:58:08 - [TEST_STEP][PASSED] - closeBrowser(): Browser is closed

2021-05-27 16:58:08 - [MESSAGE][PASSED] - Browser is closed]]></system-out>
         <system-err><![CDATA[]]></system-err>
      </testcase>
      <testcase name="Test Cases/SearchInChannelWithNormalText" time="111.498" classname="Test Cases/SearchInChannelWithNormalText" status="FAILED">
         <failure type="FAILED" message="Test Cases/SearchInChannelWithNormalText FAILED.
Reason:
com.kms.katalon.core.exception.StepFailedException: Unable to click on object 'Object Repository/Page_Test - TOKEN_UPDATED Mattermost/span_Jump'
	at com.kms.katalon.core.webui.keyword.internal.WebUIKeywordMain.stepFailed(WebUIKeywordMain.groovy:64)
	at com.kms.katalon.core.webui.keyword.internal.WebUIKeywordMain.runKeyword(WebUIKeywordMain.groovy:26)
	at com.kms.katalon.core.webui.keyword.builtin.ClickKeyword.click(ClickKeyword.groovy:75)
	at com.kms.katalon.core.webui.keyword.builtin.ClickKeyword.execute(ClickKeyword.groovy:42)
	at com.kms.katalon.core.keyword.internal.KeywordExecutor.executeKeywordForPlatform(KeywordExecutor.groovy:73)
	at com.kms.katalon.core.webui.keyword.WebUiBuiltInKeywords.click(WebUiBuiltInKeywords.groovy:619)
	at com.kms.katalon.core.webui.keyword.WebUiBuiltInKeywords$click$2.call(Unknown Source)
	at SearchInChannelWithNormalText.run(SearchInChannelWithNormalText:48)
	at com.kms.katalon.core.main.ScriptEngine.run(ScriptEngine.java:194)
	at com.kms.katalon.core.main.ScriptEngine.runScriptAsRawText(ScriptEngine.java:119)
	at com.kms.katalon.core.main.TestCaseExecutor.runScript(TestCaseExecutor.java:398)
	at com.kms.katalon.core.main.TestCaseExecutor.doExecute(TestCaseExecutor.java:389)
	at com.kms.katalon.core.main.TestCaseExecutor.processExecutionPhase(TestCaseExecutor.java:368)
	at com.kms.katalon.core.main.TestCaseExecutor.accessMainPhase(TestCaseExecutor.java:360)
	at com.kms.katalon.core.main.TestCaseExecutor.execute(TestCaseExecutor.java:255)
	at com.kms.katalon.core.main.TestSuiteExecutor.accessTestCaseMainPhase(TestSuiteExecutor.java:203)
	at com.kms.katalon.core.main.TestSuiteExecutor.accessTestSuiteMainPhase(TestSuiteExecutor.java:152)
	at com.kms.katalon.core.main.TestSuiteExecutor.execute(TestSuiteExecutor.java:95)
	at com.kms.katalon.core.main.TestCaseMain.startTestSuite(TestCaseMain.java:157)
	at com.kms.katalon.core.main.TestCaseMain$startTestSuite$0.call(Unknown Source)
	at TempTestSuite1622108298394.run(TempTestSuite1622108298394.groovy:39)
Caused by: com.kms.katalon.core.webui.exception.WebElementNotFoundException: Web element with id: 'Object Repository/Page_Test - TOKEN_UPDATED Mattermost/span_Jump' located by '//div[@id='search-items-container']/div/div[2]/div[2]/div[2]/div/div[3]/a/span' not found
	at com.kms.katalon.core.webui.common.WebUiCommonHelper.findWebElement(WebUiCommonHelper.java:1368)
	at com.kms.katalon.core.webui.keyword.internal.WebUIAbstractKeyword.findWebElement(WebUIAbstractKeyword.groovy:27)
	at com.kms.katalon.core.webui.keyword.internal.WebUIAbstractKeyword.findWebElement(WebUIAbstractKeyword.groovy:26)
	at com.kms.katalon.core.webui.keyword.builtin.ClickKeyword$_click_closure1.doCall(ClickKeyword.groovy:66)
	at com.kms.katalon.core.webui.keyword.builtin.ClickKeyword$_click_closure1.call(ClickKeyword.groovy)
	at com.kms.katalon.core.webui.keyword.internal.WebUIKeywordMain.runKeyword(WebUIKeywordMain.groovy:20)
	... 19 more
"/>
         <system-out><![CDATA[2021-05-27 16:58:08 - [TEST_CASE][FAILED] - Test Cases/SearchInChannelWithNormalText: Test Cases/SearchInChannelWithNormalText FAILED.
Reason:
com.kms.katalon.core.exception.StepFailedException: Unable to click on object 'Object Repository/Page_Test - TOKEN_UPDATED Mattermost/span_Jump'
	at com.kms.katalon.core.webui.keyword.internal.WebUIKeywordMain.stepFailed(WebUIKeywordMain.groovy:64)
	at com.kms.katalon.core.webui.keyword.internal.WebUIKeywordMain.runKeyword(WebUIKeywordMain.groovy:26)
	at com.kms.katalon.core.webui.keyword.builtin.ClickKeyword.click(ClickKeyword.groovy:75)
	at com.kms.katalon.core.webui.keyword.builtin.ClickKeyword.execute(ClickKeyword.groovy:42)
	at com.kms.katalon.core.keyword.internal.KeywordExecutor.executeKeywordForPlatform(KeywordExecutor.groovy:73)
	at com.kms.katalon.core.webui.keyword.WebUiBuiltInKeywords.click(WebUiBuiltInKeywords.groovy:619)
	at com.kms.katalon.core.webui.keyword.WebUiBuiltInKeywords$click$2.call(Unknown Source)
	at SearchInChannelWithNormalText.run(SearchInChannelWithNormalText:48)
	at com.kms.katalon.core.main.ScriptEngine.run(ScriptEngine.java:194)
	at com.kms.katalon.core.main.ScriptEngine.runScriptAsRawText(ScriptEngine.java:119)
	at com.kms.katalon.core.main.TestCaseExecutor.runScript(TestCaseExecutor.java:398)
	at com.kms.katalon.core.main.TestCaseExecutor.doExecute(TestCaseExecutor.java:389)
	at com.kms.katalon.core.main.TestCaseExecutor.processExecutionPhase(TestCaseExecutor.java:368)
	at com.kms.katalon.core.main.TestCaseExecutor.accessMainPhase(TestCaseExecutor.java:360)
	at com.kms.katalon.core.main.TestCaseExecutor.execute(TestCaseExecutor.java:255)
	at com.kms.katalon.core.main.TestSuiteExecutor.accessTestCaseMainPhase(TestSuiteExecutor.java:203)
	at com.kms.katalon.core.main.TestSuiteExecutor.accessTestSuiteMainPhase(TestSuiteExecutor.java:152)
	at com.kms.katalon.core.main.TestSuiteExecutor.execute(TestSuiteExecutor.java:95)
	at com.kms.katalon.core.main.TestCaseMain.startTestSuite(TestCaseMain.java:157)
	at com.kms.katalon.core.main.TestCaseMain$startTestSuite$0.call(Unknown Source)
	at TempTestSuite1622108298394.run(TempTestSuite1622108298394.groovy:39)
Caused by: com.kms.katalon.core.webui.exception.WebElementNotFoundException: Web element with id: 'Object Repository/Page_Test - TOKEN_UPDATED Mattermost/span_Jump' located by '//div[@id='search-items-container']/div/div[2]/div[2]/div[2]/div/div[3]/a/span' not found
	at com.kms.katalon.core.webui.common.WebUiCommonHelper.findWebElement(WebUiCommonHelper.java:1368)
	at com.kms.katalon.core.webui.keyword.internal.WebUIAbstractKeyword.findWebElement(WebUIAbstractKeyword.groovy:27)
	at com.kms.katalon.core.webui.keyword.internal.WebUIAbstractKeyword.findWebElement(WebUIAbstractKeyword.groovy:26)
	at com.kms.katalon.core.webui.keyword.builtin.ClickKeyword$_click_closure1.doCall(ClickKeyword.groovy:66)
	at com.kms.katalon.core.webui.keyword.builtin.ClickKeyword$_click_closure1.call(ClickKeyword.groovy)
	at com.kms.katalon.core.webui.keyword.internal.WebUIKeywordMain.runKeyword(WebUIKeywordMain.groovy:20)
	... 19 more


2021-05-27 16:58:09 - [TEST_STEP][PASSED] - openBrowser(""): Browser is opened with url: ''

2021-05-27 16:58:09 - [MESSAGE][INFO] - Starting 'Chrome' driver

2021-05-27 16:58:09 - [MESSAGE][INFO] - Action delay is set to 0 milliseconds

2021-05-27 16:58:10 - [MESSAGE][PASSED] - Browser is opened with url: ''

2021-05-27 16:58:10 - [TEST_STEP][PASSED] - navigateToUrl("https://cdnc-group2.herokuapp.com/"): Navigate to 'https://cdnc-group2.herokuapp.com/' successfully

2021-05-27 16:58:14 - [MESSAGE][PASSED] - Navigate to 'https://cdnc-group2.herokuapp.com/' successfully

2021-05-27 16:58:14 - [TEST_STEP][PASSED] - setText(findTestObject("Object Repository/Page_Mattermost/input_All team communication in one place, _dcc84b"), "ngoctin040999@gmail.com"): Text 'ngoctin040999@gmail.com' is set on object 'Object Repository/Page_Mattermost/input_All team communication in one place, _dcc84b'

2021-05-27 16:58:19 - [MESSAGE][PASSED] - Text 'ngoctin040999@gmail.com' is set on object 'Object Repository/Page_Mattermost/input_All team communication in one place, _dcc84b'

2021-05-27 16:58:19 - [TEST_STEP][PASSED] - setEncryptedText(findTestObject("Object Repository/Page_Mattermost/input_All team communication in one place, _a3edc6"), "S8w1SJvl7D1hts9IdMV+NQ=="): Text ****** has been set on object 'Object Repository/Page_Mattermost/input_All team communication in one place, _a3edc6'

2021-05-27 16:58:19 - [MESSAGE][PASSED] - Text ****** has been set on object 'Object Repository/Page_Mattermost/input_All team communication in one place, _a3edc6'

2021-05-27 16:58:19 - [TEST_STEP][PASSED] - click(findTestObject("Object Repository/Page_Mattermost/span_Sign in")): Object: 'Object Repository/Page_Mattermost/span_Sign in' is clicked on

2021-05-27 16:58:20 - [MESSAGE][PASSED] - Object: 'Object Repository/Page_Mattermost/span_Sign in' is clicked on

2021-05-27 16:58:20 - [TEST_STEP][PASSED] - if (findTestObject("Object Repository/Page_Town Square - TOKEN_UPDATED Mattermost/span_Test") == null): null

2021-05-27 16:58:20 - [TEST_STEP][PASSED] - click(findTestObject("Object Repository/Page_Town Square - TOKEN_UPDATED Mattermost/span_Test")): Object: 'Object Repository/Page_Town Square - TOKEN_UPDATED Mattermost/span_Test' is clicked on

2021-05-27 16:58:51 - [MESSAGE][INFO] - Unable to find the element located by 'By.xpath: //a[@id='sidebarItem_test']/span[2]/span'. Please recheck the objects properties to make sure the desired element is located. 

2021-05-27 16:58:51 - [MESSAGE][WARNING] - [SELF-HEALING] Failed to find element with id 'Object Repository/Page_Town Square - TOKEN_UPDATED Mattermost/span_Test'. Try using Self-healing.

2021-05-27 16:58:51 - [MESSAGE][WARNING] - [SELF-HEALING] The current locator of test object 'Object Repository/Page_Town Square - TOKEN_UPDATED Mattermost/span_Test' was broken. Propose an alternative one: '(.//*[normalize-space(text()) and normalize-space(.)='+'])[2]/following::span[3]'.

2021-05-27 16:58:51 - [MESSAGE][PASSED] - Object: 'Object Repository/Page_Town Square - TOKEN_UPDATED Mattermost/span_Test' is clicked on

2021-05-27 16:58:51 - [TEST_STEP][PASSED] - click(findTestObject("Object Repository/Page_Test - TOKEN_UPDATED Mattermost/svg")): Object: 'Object Repository/Page_Test - TOKEN_UPDATED Mattermost/svg' is clicked on

2021-05-27 16:59:23 - [MESSAGE][INFO] - Unable to find the element located by 'By.xpath: (.//*[normalize-space(text()) and normalize-space(.)='Test'])[3]/following::*[name()='svg'][3]'. Please recheck the objects properties to make sure the desired element is located. 

2021-05-27 16:59:23 - [MESSAGE][WARNING] - [SELF-HEALING] Failed to find element with id 'Object Repository/Page_Test - TOKEN_UPDATED Mattermost/svg'. Try using Self-healing.

2021-05-27 16:59:23 - [MESSAGE][WARNING] - [SELF-HEALING] The current locator of test object 'Object Repository/Page_Test - TOKEN_UPDATED Mattermost/svg' was broken. Propose an alternative one: '(.//*[normalize-space(text()) and normalize-space(.)='Drop a file to upload it.'])[1]/following::*[name()='svg'][3]'.

2021-05-27 16:59:23 - [MESSAGE][PASSED] - Object: 'Object Repository/Page_Test - TOKEN_UPDATED Mattermost/svg' is clicked on

2021-05-27 16:59:23 - [TEST_STEP][PASSED] - setText(findTestObject("Object Repository/Page_Test - TOKEN_UPDATED Mattermost/input_Test_searchBox"), "learn"): Text 'learn' is set on object 'Object Repository/Page_Test - TOKEN_UPDATED Mattermost/input_Test_searchBox'

2021-05-27 16:59:24 - [MESSAGE][PASSED] - Text 'learn' is set on object 'Object Repository/Page_Test - TOKEN_UPDATED Mattermost/input_Test_searchBox'

2021-05-27 16:59:24 - [TEST_STEP][PASSED] - sendKeys(findTestObject("Object Repository/Page_Test - TOKEN_UPDATED Mattermost/input_Test_searchBox"), Keys.chord(ENTER)): Keys 'ENTER + ' sent to object: 'Object Repository/Page_Test - TOKEN_UPDATED Mattermost/input_Test_searchBox'

2021-05-27 16:59:25 - [MESSAGE][PASSED] - Keys 'ENTER + ' sent to object: 'Object Repository/Page_Test - TOKEN_UPDATED Mattermost/input_Test_searchBox'

2021-05-27 16:59:25 - [TEST_STEP][PASSED] - if (findTestObject("Object Repository/Page_Test - TOKEN_UPDATED Mattermost/span_Jump") == null): null

2021-05-27 16:59:25 - [TEST_STEP][FAILED] - click(findTestObject("Object Repository/Page_Test - TOKEN_UPDATED Mattermost/span_Jump")): Unable to click on object 'Object Repository/Page_Test - TOKEN_UPDATED Mattermost/span_Jump' (Root cause: com.kms.katalon.core.exception.StepFailedException: Unable to click on object 'Object Repository/Page_Test - TOKEN_UPDATED Mattermost/span_Jump'
	at com.kms.katalon.core.webui.keyword.internal.WebUIKeywordMain.stepFailed(WebUIKeywordMain.groovy:64)
	at com.kms.katalon.core.webui.keyword.internal.WebUIKeywordMain.runKeyword(WebUIKeywordMain.groovy:26)
	at com.kms.katalon.core.webui.keyword.builtin.ClickKeyword.click(ClickKeyword.groovy:75)
	at com.kms.katalon.core.webui.keyword.builtin.ClickKeyword.execute(ClickKeyword.groovy:42)
	at com.kms.katalon.core.keyword.internal.KeywordExecutor.executeKeywordForPlatform(KeywordExecutor.groovy:73)
	at com.kms.katalon.core.webui.keyword.WebUiBuiltInKeywords.click(WebUiBuiltInKeywords.groovy:619)
	at com.kms.katalon.core.webui.keyword.WebUiBuiltInKeywords$click$2.call(Unknown Source)
	at SearchInChannelWithNormalText.run(SearchInChannelWithNormalText:48)
	at com.kms.katalon.core.main.ScriptEngine.run(ScriptEngine.java:194)
	at com.kms.katalon.core.main.ScriptEngine.runScriptAsRawText(ScriptEngine.java:119)
	at com.kms.katalon.core.main.TestCaseExecutor.runScript(TestCaseExecutor.java:398)
	at com.kms.katalon.core.main.TestCaseExecutor.doExecute(TestCaseExecutor.java:389)
	at com.kms.katalon.core.main.TestCaseExecutor.processExecutionPhase(TestCaseExecutor.java:368)
	at com.kms.katalon.core.main.TestCaseExecutor.accessMainPhase(TestCaseExecutor.java:360)
	at com.kms.katalon.core.main.TestCaseExecutor.execute(TestCaseExecutor.java:255)
	at com.kms.katalon.core.main.TestSuiteExecutor.accessTestCaseMainPhase(TestSuiteExecutor.java:203)
	at com.kms.katalon.core.main.TestSuiteExecutor.accessTestSuiteMainPhase(TestSuiteExecutor.java:152)
	at com.kms.katalon.core.main.TestSuiteExecutor.execute(TestSuiteExecutor.java:95)
	at com.kms.katalon.core.main.TestCaseMain.startTestSuite(TestCaseMain.java:157)
	at com.kms.katalon.core.main.TestCaseMain$startTestSuite$0.call(Unknown Source)
	at TempTestSuite1622108298394.run(TempTestSuite1622108298394.groovy:39)
Caused by: com.kms.katalon.core.webui.exception.WebElementNotFoundException: Web element with id: 'Object Repository/Page_Test - TOKEN_UPDATED Mattermost/span_Jump' located by '//div[@id='search-items-container']/div/div[2]/div[2]/div[2]/div/div[3]/a/span' not found
	at com.kms.katalon.core.webui.common.WebUiCommonHelper.findWebElement(WebUiCommonHelper.java:1368)
	at com.kms.katalon.core.webui.keyword.internal.WebUIAbstractKeyword.findWebElement(WebUIAbstractKeyword.groovy:27)
	at com.kms.katalon.core.webui.keyword.internal.WebUIAbstractKeyword.findWebElement(WebUIAbstractKeyword.groovy:26)
	at com.kms.katalon.core.webui.keyword.builtin.ClickKeyword$_click_closure1.doCall(ClickKeyword.groovy:66)
	at com.kms.katalon.core.webui.keyword.builtin.ClickKeyword$_click_closure1.call(ClickKeyword.groovy)
	at com.kms.katalon.core.webui.keyword.internal.WebUIKeywordMain.runKeyword(WebUIKeywordMain.groovy:20)
	at com.kms.katalon.core.webui.keyword.builtin.ClickKeyword.click(ClickKeyword.groovy:75)
	at com.kms.katalon.core.webui.keyword.builtin.ClickKeyword.execute(ClickKeyword.groovy:42)
	at com.kms.katalon.core.keyword.internal.KeywordExecutor.executeKeywordForPlatform(KeywordExecutor.groovy:73)
	at com.kms.katalon.core.webui.keyword.WebUiBuiltInKeywords.click(WebUiBuiltInKeywords.groovy:619)
	at com.kms.katalon.core.webui.keyword.WebUiBuiltInKeywords$click$2.call(Unknown Source)
	at Script1621693415004.run(Script1621693415004.groovy:48)
	... 13 more
)

2021-05-27 16:59:57 - [MESSAGE][INFO] - Unable to find the element located by 'By.xpath: //div[@id='search-items-container']/div/div[2]/div[2]/div[2]/div/div[3]/a/span'. Please recheck the objects properties to make sure the desired element is located. 

2021-05-27 16:59:57 - [MESSAGE][WARNING] - [SELF-HEALING] Failed to find element with id 'Object Repository/Page_Test - TOKEN_UPDATED Mattermost/span_Jump'. Try using Self-healing.

2021-05-27 16:59:57 - [MESSAGE][INFO] - [SELF-HEALING] Failed Locator: '//div[@id='search-items-container']/div/div[2]/div[2]/div[2]/div/div[3]/a/span'.

2021-05-27 16:59:57 - [MESSAGE][INFO] - [SELF-HEALING] Working Locator: '(.//*[normalize-space(text()) and normalize-space(.)='ngoctin12345'])[1]/following::span[6]'.

2021-05-27 16:59:57 - [MESSAGE][ERROR] - [SELF-HEALING] Cannot save screenshot to: D:\graduating-project\advanced-subject-in-technology-software\katalon\Reports\Self-healing, reason: unknown error: unhandled inspector error: {"code":-32000,"message":"Cannot take screenshot with 0 width."}
  (Session info: chrome=90.0.4430.212)
Build info: version: '3.141.59', revision: 'e82be7d358', time: '2018-11-14T08:25:53'
System info: host: 'DESKTOP-55NS62S', ip: '172.24.112.1', os.name: 'Windows 10', os.arch: 'amd64', os.version: '10.0', java.version: '1.8.0_282'
Driver info: com.kms.katalon.selenium.driver.CChromeDriver
Capabilities {acceptInsecureCerts: false, browserName: chrome, browserVersion: 90.0.4430.212, chrome: {chromedriverVersion: 90.0.4430.24 (4c6d850f087da..., userDataDir: C:\Users\NgocTin\AppData\Lo...}, goog:chromeOptions: {debuggerAddress: localhost:54034}, javascriptEnabled: true, networkConnectionEnabled: false, pageLoadStrategy: normal, platform: WINDOWS, platformName: WINDOWS, proxy: Proxy(), setWindowRect: true, strictFileInteractability: false, timeouts: {implicit: 0, pageLoad: 300000, script: 30000}, unhandledPromptBehavior: dismiss and notify, webauthn:extension:largeBlob: true, webauthn:virtualAuthenticators: true}
Session ID: 579a65dd7f5a365bc993dbe62ea64878.

2021-05-27 16:59:57 - [MESSAGE][ERROR] - [SELF-HEALING] Cannot save screenshot to: D:\graduating-project\advanced-subject-in-technology-software\katalon\Reports\Self-healing, reason: unknown error: unhandled inspector error: {"code":-32000,"message":"Cannot take screenshot with 0 width."}
  (Session info: chrome=90.0.4430.212)
Build info: version: '3.141.59', revision: 'e82be7d358', time: '2018-11-14T08:25:53'
System info: host: 'DESKTOP-55NS62S', ip: '172.24.112.1', os.name: 'Windows 10', os.arch: 'amd64', os.version: '10.0', java.version: '1.8.0_282'
Driver info: com.kms.katalon.selenium.driver.CChromeDriver
Capabilities {acceptInsecureCerts: false, browserName: chrome, browserVersion: 90.0.4430.212, chrome: {chromedriverVersion: 90.0.4430.24 (4c6d850f087da..., userDataDir: C:\Users\NgocTin\AppData\Lo...}, goog:chromeOptions: {debuggerAddress: localhost:54034}, javascriptEnabled: true, networkConnectionEnabled: false, pageLoadStrategy: normal, platform: WINDOWS, platformName: WINDOWS, proxy: Proxy(), setWindowRect: true, strictFileInteractability: false, timeouts: {implicit: 0, pageLoad: 300000, script: 30000}, unhandledPromptBehavior: dismiss and notify, webauthn:extension:largeBlob: true, webauthn:virtualAuthenticators: true}
Session ID: 579a65dd7f5a365bc993dbe62ea64878.

2021-05-27 16:59:57 - [MESSAGE][WARNING] - [SELF-HEALING] 'other' is different type of Path

2021-05-27 16:59:58 - [MESSAGE][INFO] - Unable to find the element located by 'By.xpath: //*[(text() = 'Jump' or . = 'Jump')]'. Please recheck the objects properties to make sure the desired element is located. 

2021-05-27 17:00:00 - [MESSAGE][INFO] - Unable to find the element located by 'By.cssSelector: a.search-item__jump > span'. Please recheck the objects properties to make sure the desired element is located. 

2021-05-27 17:00:00 - [MESSAGE][FAILED] - Unable to click on object 'Object Repository/Page_Test - TOKEN_UPDATED Mattermost/span_Jump' (Root cause: com.kms.katalon.core.exception.StepFailedException: Unable to click on object 'Object Repository/Page_Test - TOKEN_UPDATED Mattermost/span_Jump'
	at com.kms.katalon.core.webui.keyword.internal.WebUIKeywordMain.stepFailed(WebUIKeywordMain.groovy:64)
	at com.kms.katalon.core.webui.keyword.internal.WebUIKeywordMain.runKeyword(WebUIKeywordMain.groovy:26)
	at com.kms.katalon.core.webui.keyword.builtin.ClickKeyword.click(ClickKeyword.groovy:75)
	at com.kms.katalon.core.webui.keyword.builtin.ClickKeyword.execute(ClickKeyword.groovy:42)
	at com.kms.katalon.core.keyword.internal.KeywordExecutor.executeKeywordForPlatform(KeywordExecutor.groovy:73)
	at com.kms.katalon.core.webui.keyword.WebUiBuiltInKeywords.click(WebUiBuiltInKeywords.groovy:619)
	at com.kms.katalon.core.webui.keyword.WebUiBuiltInKeywords$click$2.call(Unknown Source)
	at SearchInChannelWithNormalText.run(SearchInChannelWithNormalText:48)
	at com.kms.katalon.core.main.ScriptEngine.run(ScriptEngine.java:194)
	at com.kms.katalon.core.main.ScriptEngine.runScriptAsRawText(ScriptEngine.java:119)
	at com.kms.katalon.core.main.TestCaseExecutor.runScript(TestCaseExecutor.java:398)
	at com.kms.katalon.core.main.TestCaseExecutor.doExecute(TestCaseExecutor.java:389)
	at com.kms.katalon.core.main.TestCaseExecutor.processExecutionPhase(TestCaseExecutor.java:368)
	at com.kms.katalon.core.main.TestCaseExecutor.accessMainPhase(TestCaseExecutor.java:360)
	at com.kms.katalon.core.main.TestCaseExecutor.execute(TestCaseExecutor.java:255)
	at com.kms.katalon.core.main.TestSuiteExecutor.accessTestCaseMainPhase(TestSuiteExecutor.java:203)
	at com.kms.katalon.core.main.TestSuiteExecutor.accessTestSuiteMainPhase(TestSuiteExecutor.java:152)
	at com.kms.katalon.core.main.TestSuiteExecutor.execute(TestSuiteExecutor.java:95)
	at com.kms.katalon.core.main.TestCaseMain.startTestSuite(TestCaseMain.java:157)
	at com.kms.katalon.core.main.TestCaseMain$startTestSuite$0.call(Unknown Source)
	at TempTestSuite1622108298394.run(TempTestSuite1622108298394.groovy:39)
Caused by: com.kms.katalon.core.webui.exception.WebElementNotFoundException: Web element with id: 'Object Repository/Page_Test - TOKEN_UPDATED Mattermost/span_Jump' located by '//div[@id='search-items-container']/div/div[2]/div[2]/div[2]/div/div[3]/a/span' not found
	at com.kms.katalon.core.webui.common.WebUiCommonHelper.findWebElement(WebUiCommonHelper.java:1368)
	at com.kms.katalon.core.webui.keyword.internal.WebUIAbstractKeyword.findWebElement(WebUIAbstractKeyword.groovy:27)
	at com.kms.katalon.core.webui.keyword.internal.WebUIAbstractKeyword.findWebElement(WebUIAbstractKeyword.groovy:26)
	at com.kms.katalon.core.webui.keyword.builtin.ClickKeyword$_click_closure1.doCall(ClickKeyword.groovy:66)
	at com.kms.katalon.core.webui.keyword.builtin.ClickKeyword$_click_closure1.call(ClickKeyword.groovy)
	at com.kms.katalon.core.webui.keyword.internal.WebUIKeywordMain.runKeyword(WebUIKeywordMain.groovy:20)
	at com.kms.katalon.core.webui.keyword.builtin.ClickKeyword.click(ClickKeyword.groovy:75)
	at com.kms.katalon.core.webui.keyword.builtin.ClickKeyword.execute(ClickKeyword.groovy:42)
	at com.kms.katalon.core.keyword.internal.KeywordExecutor.executeKeywordForPlatform(KeywordExecutor.groovy:73)
	at com.kms.katalon.core.webui.keyword.WebUiBuiltInKeywords.click(WebUiBuiltInKeywords.groovy:619)
	at com.kms.katalon.core.webui.keyword.WebUiBuiltInKeywords$click$2.call(Unknown Source)
	at Script1621693415004.run(Script1621693415004.groovy:48)
	... 13 more
)
[[ATTACHMENT|D:\\graduating-project\\advanced-subject-in-technology-software\\katalon\\Reports\\20210527_163818\\Run all test cases\\20210527_163818\\1622109600162.png]]]]></system-out>
         <system-err><![CDATA[2021-05-27 16:58:08 - [TEST_CASE][FAILED] - Test Cases/SearchInChannelWithNormalText: Test Cases/SearchInChannelWithNormalText FAILED.
Reason:
com.kms.katalon.core.exception.StepFailedException: Unable to click on object 'Object Repository/Page_Test - TOKEN_UPDATED Mattermost/span_Jump'
	at com.kms.katalon.core.webui.keyword.internal.WebUIKeywordMain.stepFailed(WebUIKeywordMain.groovy:64)
	at com.kms.katalon.core.webui.keyword.internal.WebUIKeywordMain.runKeyword(WebUIKeywordMain.groovy:26)
	at com.kms.katalon.core.webui.keyword.builtin.ClickKeyword.click(ClickKeyword.groovy:75)
	at com.kms.katalon.core.webui.keyword.builtin.ClickKeyword.execute(ClickKeyword.groovy:42)
	at com.kms.katalon.core.keyword.internal.KeywordExecutor.executeKeywordForPlatform(KeywordExecutor.groovy:73)
	at com.kms.katalon.core.webui.keyword.WebUiBuiltInKeywords.click(WebUiBuiltInKeywords.groovy:619)
	at com.kms.katalon.core.webui.keyword.WebUiBuiltInKeywords$click$2.call(Unknown Source)
	at SearchInChannelWithNormalText.run(SearchInChannelWithNormalText:48)
	at com.kms.katalon.core.main.ScriptEngine.run(ScriptEngine.java:194)
	at com.kms.katalon.core.main.ScriptEngine.runScriptAsRawText(ScriptEngine.java:119)
	at com.kms.katalon.core.main.TestCaseExecutor.runScript(TestCaseExecutor.java:398)
	at com.kms.katalon.core.main.TestCaseExecutor.doExecute(TestCaseExecutor.java:389)
	at com.kms.katalon.core.main.TestCaseExecutor.processExecutionPhase(TestCaseExecutor.java:368)
	at com.kms.katalon.core.main.TestCaseExecutor.accessMainPhase(TestCaseExecutor.java:360)
	at com.kms.katalon.core.main.TestCaseExecutor.execute(TestCaseExecutor.java:255)
	at com.kms.katalon.core.main.TestSuiteExecutor.accessTestCaseMainPhase(TestSuiteExecutor.java:203)
	at com.kms.katalon.core.main.TestSuiteExecutor.accessTestSuiteMainPhase(TestSuiteExecutor.java:152)
	at com.kms.katalon.core.main.TestSuiteExecutor.execute(TestSuiteExecutor.java:95)
	at com.kms.katalon.core.main.TestCaseMain.startTestSuite(TestCaseMain.java:157)
	at com.kms.katalon.core.main.TestCaseMain$startTestSuite$0.call(Unknown Source)
	at TempTestSuite1622108298394.run(TempTestSuite1622108298394.groovy:39)
Caused by: com.kms.katalon.core.webui.exception.WebElementNotFoundException: Web element with id: 'Object Repository/Page_Test - TOKEN_UPDATED Mattermost/span_Jump' located by '//div[@id='search-items-container']/div/div[2]/div[2]/div[2]/div/div[3]/a/span' not found
	at com.kms.katalon.core.webui.common.WebUiCommonHelper.findWebElement(WebUiCommonHelper.java:1368)
	at com.kms.katalon.core.webui.keyword.internal.WebUIAbstractKeyword.findWebElement(WebUIAbstractKeyword.groovy:27)
	at com.kms.katalon.core.webui.keyword.internal.WebUIAbstractKeyword.findWebElement(WebUIAbstractKeyword.groovy:26)
	at com.kms.katalon.core.webui.keyword.builtin.ClickKeyword$_click_closure1.doCall(ClickKeyword.groovy:66)
	at com.kms.katalon.core.webui.keyword.builtin.ClickKeyword$_click_closure1.call(ClickKeyword.groovy)
	at com.kms.katalon.core.webui.keyword.internal.WebUIKeywordMain.runKeyword(WebUIKeywordMain.groovy:20)
	... 19 more]]></system-err>
      </testcase>
      <testcase name="Test Cases/SearchInChannelWithMentionText" time="111.239" classname="Test Cases/SearchInChannelWithMentionText" status="FAILED">
         <failure type="FAILED" message="Test Cases/SearchInChannelWithMentionText FAILED.
Reason:
com.kms.katalon.core.exception.StepFailedException: Unable to click on object 'Object Repository/Page_Test - TOKEN_UPDATED Mattermost/span_Jump'
	at com.kms.katalon.core.webui.keyword.internal.WebUIKeywordMain.stepFailed(WebUIKeywordMain.groovy:64)
	at com.kms.katalon.core.webui.keyword.internal.WebUIKeywordMain.runKeyword(WebUIKeywordMain.groovy:26)
	at com.kms.katalon.core.webui.keyword.builtin.ClickKeyword.click(ClickKeyword.groovy:75)
	at com.kms.katalon.core.webui.keyword.builtin.ClickKeyword.execute(ClickKeyword.groovy:42)
	at com.kms.katalon.core.keyword.internal.KeywordExecutor.executeKeywordForPlatform(KeywordExecutor.groovy:73)
	at com.kms.katalon.core.webui.keyword.WebUiBuiltInKeywords.click(WebUiBuiltInKeywords.groovy:619)
	at com.kms.katalon.core.webui.keyword.WebUiBuiltInKeywords$click$2.call(Unknown Source)
	at SearchInChannelWithMentionText.run(SearchInChannelWithMentionText:48)
	at com.kms.katalon.core.main.ScriptEngine.run(ScriptEngine.java:194)
	at com.kms.katalon.core.main.ScriptEngine.runScriptAsRawText(ScriptEngine.java:119)
	at com.kms.katalon.core.main.TestCaseExecutor.runScript(TestCaseExecutor.java:398)
	at com.kms.katalon.core.main.TestCaseExecutor.doExecute(TestCaseExecutor.java:389)
	at com.kms.katalon.core.main.TestCaseExecutor.processExecutionPhase(TestCaseExecutor.java:368)
	at com.kms.katalon.core.main.TestCaseExecutor.accessMainPhase(TestCaseExecutor.java:360)
	at com.kms.katalon.core.main.TestCaseExecutor.execute(TestCaseExecutor.java:255)
	at com.kms.katalon.core.main.TestSuiteExecutor.accessTestCaseMainPhase(TestSuiteExecutor.java:203)
	at com.kms.katalon.core.main.TestSuiteExecutor.accessTestSuiteMainPhase(TestSuiteExecutor.java:152)
	at com.kms.katalon.core.main.TestSuiteExecutor.execute(TestSuiteExecutor.java:95)
	at com.kms.katalon.core.main.TestCaseMain.startTestSuite(TestCaseMain.java:157)
	at com.kms.katalon.core.main.TestCaseMain$startTestSuite$0.call(Unknown Source)
	at TempTestSuite1622108298394.run(TempTestSuite1622108298394.groovy:39)
Caused by: com.kms.katalon.core.webui.exception.WebElementNotFoundException: Web element with id: 'Object Repository/Page_Test - TOKEN_UPDATED Mattermost/span_Jump' located by '//div[@id='search-items-container']/div/div[2]/div[2]/div[2]/div/div[3]/a/span' not found
	at com.kms.katalon.core.webui.common.WebUiCommonHelper.findWebElement(WebUiCommonHelper.java:1368)
	at com.kms.katalon.core.webui.keyword.internal.WebUIAbstractKeyword.findWebElement(WebUIAbstractKeyword.groovy:27)
	at com.kms.katalon.core.webui.keyword.internal.WebUIAbstractKeyword.findWebElement(WebUIAbstractKeyword.groovy:26)
	at com.kms.katalon.core.webui.keyword.builtin.ClickKeyword$_click_closure1.doCall(ClickKeyword.groovy:66)
	at com.kms.katalon.core.webui.keyword.builtin.ClickKeyword$_click_closure1.call(ClickKeyword.groovy)
	at com.kms.katalon.core.webui.keyword.internal.WebUIKeywordMain.runKeyword(WebUIKeywordMain.groovy:20)
	... 19 more
"/>
         <system-out><![CDATA[2021-05-27 17:00:00 - [TEST_CASE][FAILED] - Test Cases/SearchInChannelWithMentionText: Test Cases/SearchInChannelWithMentionText FAILED.
Reason:
com.kms.katalon.core.exception.StepFailedException: Unable to click on object 'Object Repository/Page_Test - TOKEN_UPDATED Mattermost/span_Jump'
	at com.kms.katalon.core.webui.keyword.internal.WebUIKeywordMain.stepFailed(WebUIKeywordMain.groovy:64)
	at com.kms.katalon.core.webui.keyword.internal.WebUIKeywordMain.runKeyword(WebUIKeywordMain.groovy:26)
	at com.kms.katalon.core.webui.keyword.builtin.ClickKeyword.click(ClickKeyword.groovy:75)
	at com.kms.katalon.core.webui.keyword.builtin.ClickKeyword.execute(ClickKeyword.groovy:42)
	at com.kms.katalon.core.keyword.internal.KeywordExecutor.executeKeywordForPlatform(KeywordExecutor.groovy:73)
	at com.kms.katalon.core.webui.keyword.WebUiBuiltInKeywords.click(WebUiBuiltInKeywords.groovy:619)
	at com.kms.katalon.core.webui.keyword.WebUiBuiltInKeywords$click$2.call(Unknown Source)
	at SearchInChannelWithMentionText.run(SearchInChannelWithMentionText:48)
	at com.kms.katalon.core.main.ScriptEngine.run(ScriptEngine.java:194)
	at com.kms.katalon.core.main.ScriptEngine.runScriptAsRawText(ScriptEngine.java:119)
	at com.kms.katalon.core.main.TestCaseExecutor.runScript(TestCaseExecutor.java:398)
	at com.kms.katalon.core.main.TestCaseExecutor.doExecute(TestCaseExecutor.java:389)
	at com.kms.katalon.core.main.TestCaseExecutor.processExecutionPhase(TestCaseExecutor.java:368)
	at com.kms.katalon.core.main.TestCaseExecutor.accessMainPhase(TestCaseExecutor.java:360)
	at com.kms.katalon.core.main.TestCaseExecutor.execute(TestCaseExecutor.java:255)
	at com.kms.katalon.core.main.TestSuiteExecutor.accessTestCaseMainPhase(TestSuiteExecutor.java:203)
	at com.kms.katalon.core.main.TestSuiteExecutor.accessTestSuiteMainPhase(TestSuiteExecutor.java:152)
	at com.kms.katalon.core.main.TestSuiteExecutor.execute(TestSuiteExecutor.java:95)
	at com.kms.katalon.core.main.TestCaseMain.startTestSuite(TestCaseMain.java:157)
	at com.kms.katalon.core.main.TestCaseMain$startTestSuite$0.call(Unknown Source)
	at TempTestSuite1622108298394.run(TempTestSuite1622108298394.groovy:39)
Caused by: com.kms.katalon.core.webui.exception.WebElementNotFoundException: Web element with id: 'Object Repository/Page_Test - TOKEN_UPDATED Mattermost/span_Jump' located by '//div[@id='search-items-container']/div/div[2]/div[2]/div[2]/div/div[3]/a/span' not found
	at com.kms.katalon.core.webui.common.WebUiCommonHelper.findWebElement(WebUiCommonHelper.java:1368)
	at com.kms.katalon.core.webui.keyword.internal.WebUIAbstractKeyword.findWebElement(WebUIAbstractKeyword.groovy:27)
	at com.kms.katalon.core.webui.keyword.internal.WebUIAbstractKeyword.findWebElement(WebUIAbstractKeyword.groovy:26)
	at com.kms.katalon.core.webui.keyword.builtin.ClickKeyword$_click_closure1.doCall(ClickKeyword.groovy:66)
	at com.kms.katalon.core.webui.keyword.builtin.ClickKeyword$_click_closure1.call(ClickKeyword.groovy)
	at com.kms.katalon.core.webui.keyword.internal.WebUIKeywordMain.runKeyword(WebUIKeywordMain.groovy:20)
	... 19 more


2021-05-27 17:00:00 - [TEST_STEP][PASSED] - openBrowser(""): Browser is opened with url: ''

2021-05-27 17:00:00 - [MESSAGE][WARNING] - A browser is already opened. Closing browser and opening a new one

2021-05-27 17:00:01 - [MESSAGE][INFO] - Starting 'Chrome' driver

2021-05-27 17:00:01 - [MESSAGE][INFO] - Action delay is set to 0 milliseconds

2021-05-27 17:00:02 - [MESSAGE][PASSED] - Browser is opened with url: ''

2021-05-27 17:00:02 - [TEST_STEP][PASSED] - navigateToUrl("https://cdnc-group2.herokuapp.com/"): Navigate to 'https://cdnc-group2.herokuapp.com/' successfully

2021-05-27 17:00:06 - [MESSAGE][PASSED] - Navigate to 'https://cdnc-group2.herokuapp.com/' successfully

2021-05-27 17:00:06 - [TEST_STEP][PASSED] - setText(findTestObject("Object Repository/Page_Mattermost/input_All team communication in one place, _dcc84b"), "ngoctin040999@gmail.com"): Text 'ngoctin040999@gmail.com' is set on object 'Object Repository/Page_Mattermost/input_All team communication in one place, _dcc84b'

2021-05-27 17:00:11 - [MESSAGE][PASSED] - Text 'ngoctin040999@gmail.com' is set on object 'Object Repository/Page_Mattermost/input_All team communication in one place, _dcc84b'

2021-05-27 17:00:11 - [TEST_STEP][PASSED] - setEncryptedText(findTestObject("Object Repository/Page_Mattermost/input_All team communication in one place, _a3edc6"), "S8w1SJvl7D1hts9IdMV+NQ=="): Text ****** has been set on object 'Object Repository/Page_Mattermost/input_All team communication in one place, _a3edc6'

2021-05-27 17:00:11 - [MESSAGE][PASSED] - Text ****** has been set on object 'Object Repository/Page_Mattermost/input_All team communication in one place, _a3edc6'

2021-05-27 17:00:11 - [TEST_STEP][PASSED] - click(findTestObject("Object Repository/Page_Mattermost/button_Sign in")): Object: 'Object Repository/Page_Mattermost/button_Sign in' is clicked on

2021-05-27 17:00:12 - [MESSAGE][PASSED] - Object: 'Object Repository/Page_Mattermost/button_Sign in' is clicked on

2021-05-27 17:00:12 - [TEST_STEP][PASSED] - if (findTestObject("Object Repository/Page_Town Square - TOKEN_UPDATED Mattermost/span_Test") == null): null

2021-05-27 17:00:12 - [TEST_STEP][PASSED] - click(findTestObject("Object Repository/Page_Town Square - TOKEN_UPDATED Mattermost/span_Test")): Object: 'Object Repository/Page_Town Square - TOKEN_UPDATED Mattermost/span_Test' is clicked on

2021-05-27 17:00:43 - [MESSAGE][INFO] - Unable to find the element located by 'By.xpath: //a[@id='sidebarItem_test']/span[2]/span'. Please recheck the objects properties to make sure the desired element is located. 

2021-05-27 17:00:43 - [MESSAGE][WARNING] - [SELF-HEALING] Failed to find element with id 'Object Repository/Page_Town Square - TOKEN_UPDATED Mattermost/span_Test'. Try using Self-healing.

2021-05-27 17:00:43 - [MESSAGE][WARNING] - [SELF-HEALING] The current locator of test object 'Object Repository/Page_Town Square - TOKEN_UPDATED Mattermost/span_Test' was broken. Propose an alternative one: '(.//*[normalize-space(text()) and normalize-space(.)='+'])[2]/following::span[3]'.

2021-05-27 17:00:44 - [MESSAGE][PASSED] - Object: 'Object Repository/Page_Town Square - TOKEN_UPDATED Mattermost/span_Test' is clicked on

2021-05-27 17:00:44 - [TEST_STEP][PASSED] - click(findTestObject("Object Repository/Page_Test - TOKEN_UPDATED Mattermost/svg")): Object: 'Object Repository/Page_Test - TOKEN_UPDATED Mattermost/svg' is clicked on

2021-05-27 17:01:15 - [MESSAGE][INFO] - Unable to find the element located by 'By.xpath: (.//*[normalize-space(text()) and normalize-space(.)='Test'])[3]/following::*[name()='svg'][3]'. Please recheck the objects properties to make sure the desired element is located. 

2021-05-27 17:01:15 - [MESSAGE][WARNING] - [SELF-HEALING] Failed to find element with id 'Object Repository/Page_Test - TOKEN_UPDATED Mattermost/svg'. Try using Self-healing.

2021-05-27 17:01:15 - [MESSAGE][WARNING] - [SELF-HEALING] The current locator of test object 'Object Repository/Page_Test - TOKEN_UPDATED Mattermost/svg' was broken. Propose an alternative one: '(.//*[normalize-space(text()) and normalize-space(.)='Drop a file to upload it.'])[1]/following::*[name()='svg'][3]'.

2021-05-27 17:01:15 - [MESSAGE][PASSED] - Object: 'Object Repository/Page_Test - TOKEN_UPDATED Mattermost/svg' is clicked on

2021-05-27 17:01:15 - [TEST_STEP][PASSED] - setText(findTestObject("Object Repository/Page_Test - TOKEN_UPDATED Mattermost/input_Test_searchBox"), "@ngoctin12345"): Text '@ngoctin12345' is set on object 'Object Repository/Page_Test - TOKEN_UPDATED Mattermost/input_Test_searchBox'

2021-05-27 17:01:17 - [MESSAGE][PASSED] - Text '@ngoctin12345' is set on object 'Object Repository/Page_Test - TOKEN_UPDATED Mattermost/input_Test_searchBox'

2021-05-27 17:01:17 - [TEST_STEP][PASSED] - sendKeys(findTestObject("Object Repository/Page_Test - TOKEN_UPDATED Mattermost/input_Test_searchBox"), Keys.chord(ENTER)): Keys 'ENTER + ' sent to object: 'Object Repository/Page_Test - TOKEN_UPDATED Mattermost/input_Test_searchBox'

2021-05-27 17:01:17 - [MESSAGE][PASSED] - Keys 'ENTER + ' sent to object: 'Object Repository/Page_Test - TOKEN_UPDATED Mattermost/input_Test_searchBox'

2021-05-27 17:01:17 - [TEST_STEP][PASSED] - if (findTestObject("Object Repository/Page_Test - TOKEN_UPDATED Mattermost/span_Jump") == null): null

2021-05-27 17:01:17 - [TEST_STEP][FAILED] - click(findTestObject("Object Repository/Page_Test - TOKEN_UPDATED Mattermost/span_Jump")): Unable to click on object 'Object Repository/Page_Test - TOKEN_UPDATED Mattermost/span_Jump' (Root cause: com.kms.katalon.core.exception.StepFailedException: Unable to click on object 'Object Repository/Page_Test - TOKEN_UPDATED Mattermost/span_Jump'
	at com.kms.katalon.core.webui.keyword.internal.WebUIKeywordMain.stepFailed(WebUIKeywordMain.groovy:64)
	at com.kms.katalon.core.webui.keyword.internal.WebUIKeywordMain.runKeyword(WebUIKeywordMain.groovy:26)
	at com.kms.katalon.core.webui.keyword.builtin.ClickKeyword.click(ClickKeyword.groovy:75)
	at com.kms.katalon.core.webui.keyword.builtin.ClickKeyword.execute(ClickKeyword.groovy:42)
	at com.kms.katalon.core.keyword.internal.KeywordExecutor.executeKeywordForPlatform(KeywordExecutor.groovy:73)
	at com.kms.katalon.core.webui.keyword.WebUiBuiltInKeywords.click(WebUiBuiltInKeywords.groovy:619)
	at com.kms.katalon.core.webui.keyword.WebUiBuiltInKeywords$click$2.call(Unknown Source)
	at SearchInChannelWithMentionText.run(SearchInChannelWithMentionText:48)
	at com.kms.katalon.core.main.ScriptEngine.run(ScriptEngine.java:194)
	at com.kms.katalon.core.main.ScriptEngine.runScriptAsRawText(ScriptEngine.java:119)
	at com.kms.katalon.core.main.TestCaseExecutor.runScript(TestCaseExecutor.java:398)
	at com.kms.katalon.core.main.TestCaseExecutor.doExecute(TestCaseExecutor.java:389)
	at com.kms.katalon.core.main.TestCaseExecutor.processExecutionPhase(TestCaseExecutor.java:368)
	at com.kms.katalon.core.main.TestCaseExecutor.accessMainPhase(TestCaseExecutor.java:360)
	at com.kms.katalon.core.main.TestCaseExecutor.execute(TestCaseExecutor.java:255)
	at com.kms.katalon.core.main.TestSuiteExecutor.accessTestCaseMainPhase(TestSuiteExecutor.java:203)
	at com.kms.katalon.core.main.TestSuiteExecutor.accessTestSuiteMainPhase(TestSuiteExecutor.java:152)
	at com.kms.katalon.core.main.TestSuiteExecutor.execute(TestSuiteExecutor.java:95)
	at com.kms.katalon.core.main.TestCaseMain.startTestSuite(TestCaseMain.java:157)
	at com.kms.katalon.core.main.TestCaseMain$startTestSuite$0.call(Unknown Source)
	at TempTestSuite1622108298394.run(TempTestSuite1622108298394.groovy:39)
Caused by: com.kms.katalon.core.webui.exception.WebElementNotFoundException: Web element with id: 'Object Repository/Page_Test - TOKEN_UPDATED Mattermost/span_Jump' located by '//div[@id='search-items-container']/div/div[2]/div[2]/div[2]/div/div[3]/a/span' not found
	at com.kms.katalon.core.webui.common.WebUiCommonHelper.findWebElement(WebUiCommonHelper.java:1368)
	at com.kms.katalon.core.webui.keyword.internal.WebUIAbstractKeyword.findWebElement(WebUIAbstractKeyword.groovy:27)
	at com.kms.katalon.core.webui.keyword.internal.WebUIAbstractKeyword.findWebElement(WebUIAbstractKeyword.groovy:26)
	at com.kms.katalon.core.webui.keyword.builtin.ClickKeyword$_click_closure1.doCall(ClickKeyword.groovy:66)
	at com.kms.katalon.core.webui.keyword.builtin.ClickKeyword$_click_closure1.call(ClickKeyword.groovy)
	at com.kms.katalon.core.webui.keyword.internal.WebUIKeywordMain.runKeyword(WebUIKeywordMain.groovy:20)
	at com.kms.katalon.core.webui.keyword.builtin.ClickKeyword.click(ClickKeyword.groovy:75)
	at com.kms.katalon.core.webui.keyword.builtin.ClickKeyword.execute(ClickKeyword.groovy:42)
	at com.kms.katalon.core.keyword.internal.KeywordExecutor.executeKeywordForPlatform(KeywordExecutor.groovy:73)
	at com.kms.katalon.core.webui.keyword.WebUiBuiltInKeywords.click(WebUiBuiltInKeywords.groovy:619)
	at com.kms.katalon.core.webui.keyword.WebUiBuiltInKeywords$click$2.call(Unknown Source)
	at Script1621697167288.run(Script1621697167288.groovy:48)
	... 13 more
)

2021-05-27 17:01:48 - [MESSAGE][INFO] - Unable to find the element located by 'By.xpath: //div[@id='search-items-container']/div/div[2]/div[2]/div[2]/div/div[3]/a/span'. Please recheck the objects properties to make sure the desired element is located. 

2021-05-27 17:01:48 - [MESSAGE][WARNING] - [SELF-HEALING] Failed to find element with id 'Object Repository/Page_Test - TOKEN_UPDATED Mattermost/span_Jump'. Try using Self-healing.

2021-05-27 17:01:48 - [MESSAGE][INFO] - [SELF-HEALING] Failed Locator: '//div[@id='search-items-container']/div/div[2]/div[2]/div[2]/div/div[3]/a/span'.

2021-05-27 17:01:49 - [MESSAGE][INFO] - [SELF-HEALING] Working Locator: '(.//*[normalize-space(text()) and normalize-space(.)='ngoctin12345'])[1]/following::span[6]'.

2021-05-27 17:01:49 - [MESSAGE][ERROR] - [SELF-HEALING] Cannot save screenshot to: D:\graduating-project\advanced-subject-in-technology-software\katalon\Reports\Self-healing, reason: unknown error: unhandled inspector error: {"code":-32000,"message":"Cannot take screenshot with 0 width."}
  (Session info: chrome=90.0.4430.212)
Build info: version: '3.141.59', revision: 'e82be7d358', time: '2018-11-14T08:25:53'
System info: host: 'DESKTOP-55NS62S', ip: '172.24.112.1', os.name: 'Windows 10', os.arch: 'amd64', os.version: '10.0', java.version: '1.8.0_282'
Driver info: com.kms.katalon.selenium.driver.CChromeDriver
Capabilities {acceptInsecureCerts: false, browserName: chrome, browserVersion: 90.0.4430.212, chrome: {chromedriverVersion: 90.0.4430.24 (4c6d850f087da..., userDataDir: C:\Users\NgocTin\AppData\Lo...}, goog:chromeOptions: {debuggerAddress: localhost:54082}, javascriptEnabled: true, networkConnectionEnabled: false, pageLoadStrategy: normal, platform: WINDOWS, platformName: WINDOWS, proxy: Proxy(), setWindowRect: true, strictFileInteractability: false, timeouts: {implicit: 0, pageLoad: 300000, script: 30000}, unhandledPromptBehavior: dismiss and notify, webauthn:extension:largeBlob: true, webauthn:virtualAuthenticators: true}
Session ID: 2a1016d1ab683540aff3384ea475a43d.

2021-05-27 17:01:49 - [MESSAGE][ERROR] - [SELF-HEALING] Cannot save screenshot to: D:\graduating-project\advanced-subject-in-technology-software\katalon\Reports\Self-healing, reason: unknown error: unhandled inspector error: {"code":-32000,"message":"Cannot take screenshot with 0 width."}
  (Session info: chrome=90.0.4430.212)
Build info: version: '3.141.59', revision: 'e82be7d358', time: '2018-11-14T08:25:53'
System info: host: 'DESKTOP-55NS62S', ip: '172.24.112.1', os.name: 'Windows 10', os.arch: 'amd64', os.version: '10.0', java.version: '1.8.0_282'
Driver info: com.kms.katalon.selenium.driver.CChromeDriver
Capabilities {acceptInsecureCerts: false, browserName: chrome, browserVersion: 90.0.4430.212, chrome: {chromedriverVersion: 90.0.4430.24 (4c6d850f087da..., userDataDir: C:\Users\NgocTin\AppData\Lo...}, goog:chromeOptions: {debuggerAddress: localhost:54082}, javascriptEnabled: true, networkConnectionEnabled: false, pageLoadStrategy: normal, platform: WINDOWS, platformName: WINDOWS, proxy: Proxy(), setWindowRect: true, strictFileInteractability: false, timeouts: {implicit: 0, pageLoad: 300000, script: 30000}, unhandledPromptBehavior: dismiss and notify, webauthn:extension:largeBlob: true, webauthn:virtualAuthenticators: true}
Session ID: 2a1016d1ab683540aff3384ea475a43d.

2021-05-27 17:01:49 - [MESSAGE][WARNING] - [SELF-HEALING] 'other' is different type of Path

2021-05-27 17:01:50 - [MESSAGE][INFO] - Unable to find the element located by 'By.xpath: //*[(text() = 'Jump' or . = 'Jump')]'. Please recheck the objects properties to make sure the desired element is located. 

2021-05-27 17:01:51 - [MESSAGE][INFO] - Unable to find the element located by 'By.cssSelector: a.search-item__jump > span'. Please recheck the objects properties to make sure the desired element is located. 

2021-05-27 17:01:51 - [MESSAGE][FAILED] - Unable to click on object 'Object Repository/Page_Test - TOKEN_UPDATED Mattermost/span_Jump' (Root cause: com.kms.katalon.core.exception.StepFailedException: Unable to click on object 'Object Repository/Page_Test - TOKEN_UPDATED Mattermost/span_Jump'
	at com.kms.katalon.core.webui.keyword.internal.WebUIKeywordMain.stepFailed(WebUIKeywordMain.groovy:64)
	at com.kms.katalon.core.webui.keyword.internal.WebUIKeywordMain.runKeyword(WebUIKeywordMain.groovy:26)
	at com.kms.katalon.core.webui.keyword.builtin.ClickKeyword.click(ClickKeyword.groovy:75)
	at com.kms.katalon.core.webui.keyword.builtin.ClickKeyword.execute(ClickKeyword.groovy:42)
	at com.kms.katalon.core.keyword.internal.KeywordExecutor.executeKeywordForPlatform(KeywordExecutor.groovy:73)
	at com.kms.katalon.core.webui.keyword.WebUiBuiltInKeywords.click(WebUiBuiltInKeywords.groovy:619)
	at com.kms.katalon.core.webui.keyword.WebUiBuiltInKeywords$click$2.call(Unknown Source)
	at SearchInChannelWithMentionText.run(SearchInChannelWithMentionText:48)
	at com.kms.katalon.core.main.ScriptEngine.run(ScriptEngine.java:194)
	at com.kms.katalon.core.main.ScriptEngine.runScriptAsRawText(ScriptEngine.java:119)
	at com.kms.katalon.core.main.TestCaseExecutor.runScript(TestCaseExecutor.java:398)
	at com.kms.katalon.core.main.TestCaseExecutor.doExecute(TestCaseExecutor.java:389)
	at com.kms.katalon.core.main.TestCaseExecutor.processExecutionPhase(TestCaseExecutor.java:368)
	at com.kms.katalon.core.main.TestCaseExecutor.accessMainPhase(TestCaseExecutor.java:360)
	at com.kms.katalon.core.main.TestCaseExecutor.execute(TestCaseExecutor.java:255)
	at com.kms.katalon.core.main.TestSuiteExecutor.accessTestCaseMainPhase(TestSuiteExecutor.java:203)
	at com.kms.katalon.core.main.TestSuiteExecutor.accessTestSuiteMainPhase(TestSuiteExecutor.java:152)
	at com.kms.katalon.core.main.TestSuiteExecutor.execute(TestSuiteExecutor.java:95)
	at com.kms.katalon.core.main.TestCaseMain.startTestSuite(TestCaseMain.java:157)
	at com.kms.katalon.core.main.TestCaseMain$startTestSuite$0.call(Unknown Source)
	at TempTestSuite1622108298394.run(TempTestSuite1622108298394.groovy:39)
Caused by: com.kms.katalon.core.webui.exception.WebElementNotFoundException: Web element with id: 'Object Repository/Page_Test - TOKEN_UPDATED Mattermost/span_Jump' located by '//div[@id='search-items-container']/div/div[2]/div[2]/div[2]/div/div[3]/a/span' not found
	at com.kms.katalon.core.webui.common.WebUiCommonHelper.findWebElement(WebUiCommonHelper.java:1368)
	at com.kms.katalon.core.webui.keyword.internal.WebUIAbstractKeyword.findWebElement(WebUIAbstractKeyword.groovy:27)
	at com.kms.katalon.core.webui.keyword.internal.WebUIAbstractKeyword.findWebElement(WebUIAbstractKeyword.groovy:26)
	at com.kms.katalon.core.webui.keyword.builtin.ClickKeyword$_click_closure1.doCall(ClickKeyword.groovy:66)
	at com.kms.katalon.core.webui.keyword.builtin.ClickKeyword$_click_closure1.call(ClickKeyword.groovy)
	at com.kms.katalon.core.webui.keyword.internal.WebUIKeywordMain.runKeyword(WebUIKeywordMain.groovy:20)
	at com.kms.katalon.core.webui.keyword.builtin.ClickKeyword.click(ClickKeyword.groovy:75)
	at com.kms.katalon.core.webui.keyword.builtin.ClickKeyword.execute(ClickKeyword.groovy:42)
	at com.kms.katalon.core.keyword.internal.KeywordExecutor.executeKeywordForPlatform(KeywordExecutor.groovy:73)
	at com.kms.katalon.core.webui.keyword.WebUiBuiltInKeywords.click(WebUiBuiltInKeywords.groovy:619)
	at com.kms.katalon.core.webui.keyword.WebUiBuiltInKeywords$click$2.call(Unknown Source)
	at Script1621697167288.run(Script1621697167288.groovy:48)
	... 13 more
)
[[ATTACHMENT|D:\\graduating-project\\advanced-subject-in-technology-software\\katalon\\Reports\\20210527_163818\\Run all test cases\\20210527_163818\\1622109711410.png]]]]></system-out>
         <system-err><![CDATA[2021-05-27 17:00:00 - [TEST_CASE][FAILED] - Test Cases/SearchInChannelWithMentionText: Test Cases/SearchInChannelWithMentionText FAILED.
Reason:
com.kms.katalon.core.exception.StepFailedException: Unable to click on object 'Object Repository/Page_Test - TOKEN_UPDATED Mattermost/span_Jump'
	at com.kms.katalon.core.webui.keyword.internal.WebUIKeywordMain.stepFailed(WebUIKeywordMain.groovy:64)
	at com.kms.katalon.core.webui.keyword.internal.WebUIKeywordMain.runKeyword(WebUIKeywordMain.groovy:26)
	at com.kms.katalon.core.webui.keyword.builtin.ClickKeyword.click(ClickKeyword.groovy:75)
	at com.kms.katalon.core.webui.keyword.builtin.ClickKeyword.execute(ClickKeyword.groovy:42)
	at com.kms.katalon.core.keyword.internal.KeywordExecutor.executeKeywordForPlatform(KeywordExecutor.groovy:73)
	at com.kms.katalon.core.webui.keyword.WebUiBuiltInKeywords.click(WebUiBuiltInKeywords.groovy:619)
	at com.kms.katalon.core.webui.keyword.WebUiBuiltInKeywords$click$2.call(Unknown Source)
	at SearchInChannelWithMentionText.run(SearchInChannelWithMentionText:48)
	at com.kms.katalon.core.main.ScriptEngine.run(ScriptEngine.java:194)
	at com.kms.katalon.core.main.ScriptEngine.runScriptAsRawText(ScriptEngine.java:119)
	at com.kms.katalon.core.main.TestCaseExecutor.runScript(TestCaseExecutor.java:398)
	at com.kms.katalon.core.main.TestCaseExecutor.doExecute(TestCaseExecutor.java:389)
	at com.kms.katalon.core.main.TestCaseExecutor.processExecutionPhase(TestCaseExecutor.java:368)
	at com.kms.katalon.core.main.TestCaseExecutor.accessMainPhase(TestCaseExecutor.java:360)
	at com.kms.katalon.core.main.TestCaseExecutor.execute(TestCaseExecutor.java:255)
	at com.kms.katalon.core.main.TestSuiteExecutor.accessTestCaseMainPhase(TestSuiteExecutor.java:203)
	at com.kms.katalon.core.main.TestSuiteExecutor.accessTestSuiteMainPhase(TestSuiteExecutor.java:152)
	at com.kms.katalon.core.main.TestSuiteExecutor.execute(TestSuiteExecutor.java:95)
	at com.kms.katalon.core.main.TestCaseMain.startTestSuite(TestCaseMain.java:157)
	at com.kms.katalon.core.main.TestCaseMain$startTestSuite$0.call(Unknown Source)
	at TempTestSuite1622108298394.run(TempTestSuite1622108298394.groovy:39)
Caused by: com.kms.katalon.core.webui.exception.WebElementNotFoundException: Web element with id: 'Object Repository/Page_Test - TOKEN_UPDATED Mattermost/span_Jump' located by '//div[@id='search-items-container']/div/div[2]/div[2]/div[2]/div/div[3]/a/span' not found
	at com.kms.katalon.core.webui.common.WebUiCommonHelper.findWebElement(WebUiCommonHelper.java:1368)
	at com.kms.katalon.core.webui.keyword.internal.WebUIAbstractKeyword.findWebElement(WebUIAbstractKeyword.groovy:27)
	at com.kms.katalon.core.webui.keyword.internal.WebUIAbstractKeyword.findWebElement(WebUIAbstractKeyword.groovy:26)
	at com.kms.katalon.core.webui.keyword.builtin.ClickKeyword$_click_closure1.doCall(ClickKeyword.groovy:66)
	at com.kms.katalon.core.webui.keyword.builtin.ClickKeyword$_click_closure1.call(ClickKeyword.groovy)
	at com.kms.katalon.core.webui.keyword.internal.WebUIKeywordMain.runKeyword(WebUIKeywordMain.groovy:20)
	... 19 more]]></system-err>
      </testcase>
      <testcase name="Test Cases/SearchInChannelWithFilterKey" time="49.55" classname="Test Cases/SearchInChannelWithFilterKey" status="PASSED">
         <system-out><![CDATA[2021-05-27 17:01:51 - [TEST_CASE][PASSED] - Test Cases/SearchInChannelWithFilterKey: Test Cases/SearchInChannelWithFilterKey

2021-05-27 17:01:51 - [TEST_STEP][PASSED] - openBrowser(""): Browser is opened with url: ''

2021-05-27 17:01:51 - [MESSAGE][WARNING] - A browser is already opened. Closing browser and opening a new one

2021-05-27 17:01:52 - [MESSAGE][INFO] - Starting 'Chrome' driver

2021-05-27 17:01:52 - [MESSAGE][INFO] - Action delay is set to 0 milliseconds

2021-05-27 17:01:54 - [MESSAGE][PASSED] - Browser is opened with url: ''

2021-05-27 17:01:54 - [TEST_STEP][PASSED] - navigateToUrl("https://cdnc-group2.herokuapp.com/"): Navigate to 'https://cdnc-group2.herokuapp.com/' successfully

2021-05-27 17:01:57 - [MESSAGE][PASSED] - Navigate to 'https://cdnc-group2.herokuapp.com/' successfully

2021-05-27 17:01:57 - [TEST_STEP][PASSED] - setText(findTestObject("Object Repository/Page_Mattermost/input_All team communication in one place, _dcc84b"), "ngoctin040999@gmail.com"): Text 'ngoctin040999@gmail.com' is set on object 'Object Repository/Page_Mattermost/input_All team communication in one place, _dcc84b'

2021-05-27 17:02:02 - [MESSAGE][PASSED] - Text 'ngoctin040999@gmail.com' is set on object 'Object Repository/Page_Mattermost/input_All team communication in one place, _dcc84b'

2021-05-27 17:02:02 - [TEST_STEP][PASSED] - setEncryptedText(findTestObject("Object Repository/Page_Mattermost/input_All team communication in one place, _a3edc6"), "S8w1SJvl7D1hts9IdMV+NQ=="): Text ****** has been set on object 'Object Repository/Page_Mattermost/input_All team communication in one place, _a3edc6'

2021-05-27 17:02:03 - [MESSAGE][PASSED] - Text ****** has been set on object 'Object Repository/Page_Mattermost/input_All team communication in one place, _a3edc6'

2021-05-27 17:02:03 - [TEST_STEP][PASSED] - click(findTestObject("Object Repository/Page_Mattermost/span_Sign in")): Object: 'Object Repository/Page_Mattermost/span_Sign in' is clicked on

2021-05-27 17:02:03 - [MESSAGE][PASSED] - Object: 'Object Repository/Page_Mattermost/span_Sign in' is clicked on

2021-05-27 17:02:03 - [TEST_STEP][PASSED] - if (findTestObject("Object Repository/Page_Town Square - TOKEN_UPDATED Mattermost/span_Test") == null): null

2021-05-27 17:02:03 - [TEST_STEP][PASSED] - click(findTestObject("Object Repository/Page_Town Square - TOKEN_UPDATED Mattermost/span_Test")): Object: 'Object Repository/Page_Town Square - TOKEN_UPDATED Mattermost/span_Test' is clicked on

2021-05-27 17:02:35 - [MESSAGE][INFO] - Unable to find the element located by 'By.xpath: //a[@id='sidebarItem_test']/span[2]/span'. Please recheck the objects properties to make sure the desired element is located. 

2021-05-27 17:02:35 - [MESSAGE][WARNING] - [SELF-HEALING] Failed to find element with id 'Object Repository/Page_Town Square - TOKEN_UPDATED Mattermost/span_Test'. Try using Self-healing.

2021-05-27 17:02:35 - [MESSAGE][WARNING] - [SELF-HEALING] The current locator of test object 'Object Repository/Page_Town Square - TOKEN_UPDATED Mattermost/span_Test' was broken. Propose an alternative one: '(.//*[normalize-space(text()) and normalize-space(.)='+'])[2]/following::span[3]'.

2021-05-27 17:02:35 - [MESSAGE][PASSED] - Object: 'Object Repository/Page_Town Square - TOKEN_UPDATED Mattermost/span_Test' is clicked on

2021-05-27 17:02:35 - [TEST_STEP][PASSED] - click(findTestObject("Object Repository/Page_Test - TOKEN_UPDATED Mattermost/button_Test_channelHeaderSearchButton")): Object: 'Object Repository/Page_Test - TOKEN_UPDATED Mattermost/button_Test_channelHeaderSearchButton' is clicked on

2021-05-27 17:02:36 - [MESSAGE][PASSED] - Object: 'Object Repository/Page_Test - TOKEN_UPDATED Mattermost/button_Test_channelHeaderSearchButton' is clicked on

2021-05-27 17:02:36 - [TEST_STEP][PASSED] - setText(findTestObject("Object Repository/Page_Test - TOKEN_UPDATED Mattermost/input_Test_searchBox"), "from:ngoctin12345"): Text 'from:ngoctin12345' is set on object 'Object Repository/Page_Test - TOKEN_UPDATED Mattermost/input_Test_searchBox'

2021-05-27 17:02:38 - [MESSAGE][PASSED] - Text 'from:ngoctin12345' is set on object 'Object Repository/Page_Test - TOKEN_UPDATED Mattermost/input_Test_searchBox'

2021-05-27 17:02:38 - [TEST_STEP][PASSED] - sendKeys(findTestObject("Object Repository/Page_Test - TOKEN_UPDATED Mattermost/input_Test_searchBox"), Keys.chord(ENTER)): Keys 'ENTER + ' sent to object: 'Object Repository/Page_Test - TOKEN_UPDATED Mattermost/input_Test_searchBox'

2021-05-27 17:02:38 - [MESSAGE][PASSED] - Keys 'ENTER + ' sent to object: 'Object Repository/Page_Test - TOKEN_UPDATED Mattermost/input_Test_searchBox'

2021-05-27 17:02:38 - [TEST_STEP][PASSED] - if (findTestObject("Object Repository/Page_Test - TOKEN_UPDATED Mattermost/span_Jump") == null): null

2021-05-27 17:02:38 - [TEST_STEP][PASSED] - click(findTestObject("Object Repository/Page_Test - TOKEN_UPDATED Mattermost/span_Jump")): Object: 'Object Repository/Page_Test - TOKEN_UPDATED Mattermost/span_Jump' is clicked on

2021-05-27 17:02:40 - [MESSAGE][PASSED] - Object: 'Object Repository/Page_Test - TOKEN_UPDATED Mattermost/span_Jump' is clicked on

2021-05-27 17:02:40 - [TEST_STEP][PASSED] - closeBrowser(): Browser is closed

2021-05-27 17:02:41 - [MESSAGE][PASSED] - Browser is closed]]></system-out>
         <system-err><![CDATA[]]></system-err>
      </testcase>
      <system-out><![CDATA[2021-05-27 16:38:35 - [TEST_SUITE][FAILED] - Run all test cases: Test Cases/UpdateTeamDescription FAILED.
Reason:
com.kms.katalon.core.exception.StepFailedException: Unable to click on object 'Object Repository/Page_Town Square - TOKEN_UPDATED Mattermost/span_'
	at com.kms.katalon.core.webui.keyword.internal.WebUIKeywordMain.stepFailed(WebUIKeywordMain.groovy:64)
	at com.kms.katalon.core.webui.keyword.internal.WebUIKeywordMain.runKeyword(WebUIKeywordMain.groovy:26)
	at com.kms.katalon.core.webui.keyword.builtin.ClickKeyword.click(ClickKeyword.groovy:75)
	at com.kms.katalon.core.webui.keyword.builtin.ClickKeyword.execute(ClickKeyword.groovy:42)
	at com.kms.katalon.core.keyword.internal.KeywordExecutor.executeKeywordForPlatform(KeywordExecutor.groovy:73)
	at com.kms.katalon.core.webui.keyword.WebUiBuiltInKeywords.click(WebUiBuiltInKeywords.groovy:619)
	at com.kms.katalon.core.webui.keyword.WebUiBuiltInKeywords$click$2.call(Unknown Source)
	at UpdateTeamDescription.run(UpdateTeamDescription:44)
	at com.kms.katalon.core.main.ScriptEngine.run(ScriptEngine.java:194)
	at com.kms.katalon.core.main.ScriptEngine.runScriptAsRawText(ScriptEngine.java:119)
	at com.kms.katalon.core.main.TestCaseExecutor.runScript(TestCaseExecutor.java:398)
	at com.kms.katalon.core.main.TestCaseExecutor.doExecute(TestCaseExecutor.java:389)
	at com.kms.katalon.core.main.TestCaseExecutor.processExecutionPhase(TestCaseExecutor.java:368)
	at com.kms.katalon.core.main.TestCaseExecutor.accessMainPhase(TestCaseExecutor.java:360)
	at com.kms.katalon.core.main.TestCaseExecutor.execute(TestCaseExecutor.java:255)
	at com.kms.katalon.core.main.TestSuiteExecutor.accessTestCaseMainPhase(TestSuiteExecutor.java:203)
	at com.kms.katalon.core.main.TestSuiteExecutor.accessTestSuiteMainPhase(TestSuiteExecutor.java:152)
	at com.kms.katalon.core.main.TestSuiteExecutor.execute(TestSuiteExecutor.java:95)
	at com.kms.katalon.core.main.TestCaseMain.startTestSuite(TestCaseMain.java:157)
	at com.kms.katalon.core.main.TestCaseMain$startTestSuite$0.call(Unknown Source)
	at TempTestSuite1622108298394.run(TempTestSuite1622108298394.groovy:39)
Caused by: org.openqa.selenium.ElementClickInterceptedException: element click intercepted: Element <span>...</span> is not clickable at point (258, 625). Other element would receive the click: <div role="dialog" aria-labelledby="teamSettingsModalLabel" id="teamSettingsModal" tabindex="-1" class="fade in modal" style="display: block;">...</div>
  (Session info: chrome=90.0.4430.212)
Build info: version: '3.141.59', revision: 'e82be7d358', time: '2018-11-14T08:25:53'
System info: host: 'DESKTOP-55NS62S', ip: '172.24.112.1', os.name: 'Windows 10', os.arch: 'amd64', os.version: '10.0', java.version: '1.8.0_282'
Driver info: com.kms.katalon.selenium.driver.CChromeDriver
Capabilities {acceptInsecureCerts: false, browserName: chrome, browserVersion: 90.0.4430.212, chrome: {chromedriverVersion: 90.0.4430.24 (4c6d850f087da..., userDataDir: C:\Users\NgocTin\AppData\Lo...}, goog:chromeOptions: {debuggerAddress: localhost:53799}, javascriptEnabled: true, networkConnectionEnabled: false, pageLoadStrategy: normal, platform: WINDOWS, platformName: WINDOWS, proxy: Proxy(), setWindowRect: true, strictFileInteractability: false, timeouts: {implicit: 0, pageLoad: 300000, script: 30000}, unhandledPromptBehavior: dismiss and notify, webauthn:extension:largeBlob: true, webauthn:virtualAuthenticators: true}
Session ID: 76d7e4f8b93d591ab5481817dfc42587
	at org.openqa.selenium.remote.http.W3CHttpResponseCodec.createException(W3CHttpResponseCodec.java:187)
	at org.openqa.selenium.remote.http.W3CHttpResponseCodec.decode(W3CHttpResponseCodec.java:122)
	at org.openqa.selenium.remote.http.W3CHttpResponseCodec.decode(W3CHttpResponseCodec.java:49)
	at org.openqa.selenium.remote.HttpCommandExecutor.execute(HttpCommandExecutor.java:158)
	at org.openqa.selenium.remote.service.DriverCommandExecutor.execute(DriverCommandExecutor.java:83)
	at org.openqa.selenium.remote.RemoteWebDriver.execute(RemoteWebDriver.java:552)
	at com.kms.katalon.selenium.driver.CChromeDriver.execute(CChromeDriver.java:19)
	at org.openqa.selenium.remote.RemoteWebElement.execute(RemoteWebElement.java:285)
	at org.openqa.selenium.remote.RemoteWebElement.click(RemoteWebElement.java:84)
	at org.openqa.selenium.support.events.EventFiringWebDriver$EventFiringWebElement.lambda$new$0(EventFiringWebDriver.java:404)
	at com.sun.proxy.$Proxy11.click(Unknown Source)
	at org.openqa.selenium.support.events.EventFiringWebDriver$EventFiringWebElement.click(EventFiringWebDriver.java:417)
	at com.kms.katalon.core.webui.keyword.builtin.ClickKeyword$_click_closure1.doCall(ClickKeyword.groovy:68)
	at com.kms.katalon.core.webui.keyword.builtin.ClickKeyword$_click_closure1.call(ClickKeyword.groovy)
	at com.kms.katalon.core.webui.keyword.internal.WebUIKeywordMain.runKeyword(WebUIKeywordMain.groovy:20)
	... 19 more]]></system-out>
      <system-err><![CDATA[2021-05-27 16:38:35 - [TEST_SUITE][FAILED] - Run all test cases: Test Cases/UpdateTeamDescription FAILED.
Reason:
com.kms.katalon.core.exception.StepFailedException: Unable to click on object 'Object Repository/Page_Town Square - TOKEN_UPDATED Mattermost/span_'
	at com.kms.katalon.core.webui.keyword.internal.WebUIKeywordMain.stepFailed(WebUIKeywordMain.groovy:64)
	at com.kms.katalon.core.webui.keyword.internal.WebUIKeywordMain.runKeyword(WebUIKeywordMain.groovy:26)
	at com.kms.katalon.core.webui.keyword.builtin.ClickKeyword.click(ClickKeyword.groovy:75)
	at com.kms.katalon.core.webui.keyword.builtin.ClickKeyword.execute(ClickKeyword.groovy:42)
	at com.kms.katalon.core.keyword.internal.KeywordExecutor.executeKeywordForPlatform(KeywordExecutor.groovy:73)
	at com.kms.katalon.core.webui.keyword.WebUiBuiltInKeywords.click(WebUiBuiltInKeywords.groovy:619)
	at com.kms.katalon.core.webui.keyword.WebUiBuiltInKeywords$click$2.call(Unknown Source)
	at UpdateTeamDescription.run(UpdateTeamDescription:44)
	at com.kms.katalon.core.main.ScriptEngine.run(ScriptEngine.java:194)
	at com.kms.katalon.core.main.ScriptEngine.runScriptAsRawText(ScriptEngine.java:119)
	at com.kms.katalon.core.main.TestCaseExecutor.runScript(TestCaseExecutor.java:398)
	at com.kms.katalon.core.main.TestCaseExecutor.doExecute(TestCaseExecutor.java:389)
	at com.kms.katalon.core.main.TestCaseExecutor.processExecutionPhase(TestCaseExecutor.java:368)
	at com.kms.katalon.core.main.TestCaseExecutor.accessMainPhase(TestCaseExecutor.java:360)
	at com.kms.katalon.core.main.TestCaseExecutor.execute(TestCaseExecutor.java:255)
	at com.kms.katalon.core.main.TestSuiteExecutor.accessTestCaseMainPhase(TestSuiteExecutor.java:203)
	at com.kms.katalon.core.main.TestSuiteExecutor.accessTestSuiteMainPhase(TestSuiteExecutor.java:152)
	at com.kms.katalon.core.main.TestSuiteExecutor.execute(TestSuiteExecutor.java:95)
	at com.kms.katalon.core.main.TestCaseMain.startTestSuite(TestCaseMain.java:157)
	at com.kms.katalon.core.main.TestCaseMain$startTestSuite$0.call(Unknown Source)
	at TempTestSuite1622108298394.run(TempTestSuite1622108298394.groovy:39)
Caused by: org.openqa.selenium.ElementClickInterceptedException: element click intercepted: Element <span>...</span> is not clickable at point (258, 625). Other element would receive the click: <div role="dialog" aria-labelledby="teamSettingsModalLabel" id="teamSettingsModal" tabindex="-1" class="fade in modal" style="display: block;">...</div>
  (Session info: chrome=90.0.4430.212)
Build info: version: '3.141.59', revision: 'e82be7d358', time: '2018-11-14T08:25:53'
System info: host: 'DESKTOP-55NS62S', ip: '172.24.112.1', os.name: 'Windows 10', os.arch: 'amd64', os.version: '10.0', java.version: '1.8.0_282'
Driver info: com.kms.katalon.selenium.driver.CChromeDriver
Capabilities {acceptInsecureCerts: false, browserName: chrome, browserVersion: 90.0.4430.212, chrome: {chromedriverVersion: 90.0.4430.24 (4c6d850f087da..., userDataDir: C:\Users\NgocTin\AppData\Lo...}, goog:chromeOptions: {debuggerAddress: localhost:53799}, javascriptEnabled: true, networkConnectionEnabled: false, pageLoadStrategy: normal, platform: WINDOWS, platformName: WINDOWS, proxy: Proxy(), setWindowRect: true, strictFileInteractability: false, timeouts: {implicit: 0, pageLoad: 300000, script: 30000}, unhandledPromptBehavior: dismiss and notify, webauthn:extension:largeBlob: true, webauthn:virtualAuthenticators: true}
Session ID: 76d7e4f8b93d591ab5481817dfc42587
	at org.openqa.selenium.remote.http.W3CHttpResponseCodec.createException(W3CHttpResponseCodec.java:187)
	at org.openqa.selenium.remote.http.W3CHttpResponseCodec.decode(W3CHttpResponseCodec.java:122)
	at org.openqa.selenium.remote.http.W3CHttpResponseCodec.decode(W3CHttpResponseCodec.java:49)
	at org.openqa.selenium.remote.HttpCommandExecutor.execute(HttpCommandExecutor.java:158)
	at org.openqa.selenium.remote.service.DriverCommandExecutor.execute(DriverCommandExecutor.java:83)
	at org.openqa.selenium.remote.RemoteWebDriver.execute(RemoteWebDriver.java:552)
	at com.kms.katalon.selenium.driver.CChromeDriver.execute(CChromeDriver.java:19)
	at org.openqa.selenium.remote.RemoteWebElement.execute(RemoteWebElement.java:285)
	at org.openqa.selenium.remote.RemoteWebElement.click(RemoteWebElement.java:84)
	at org.openqa.selenium.support.events.EventFiringWebDriver$EventFiringWebElement.lambda$new$0(EventFiringWebDriver.java:404)
	at com.sun.proxy.$Proxy11.click(Unknown Source)
	at org.openqa.selenium.support.events.EventFiringWebDriver$EventFiringWebElement.click(EventFiringWebDriver.java:417)
	at com.kms.katalon.core.webui.keyword.builtin.ClickKeyword$_click_closure1.doCall(ClickKeyword.groovy:68)
	at com.kms.katalon.core.webui.keyword.builtin.ClickKeyword$_click_closure1.call(ClickKeyword.groovy)
	at com.kms.katalon.core.webui.keyword.internal.WebUIKeywordMain.runKeyword(WebUIKeywordMain.groovy:20)
	... 19 more]]></system-err>
   </testsuite>
</testsuites>
